25
 energy: -44.686807479491 gnorm: 6.247838898663 xtb: 6.6.1 (8d0f1dd)
C            3.21786164340000        1.13591514650000        0.01837059260000
N            2.27034809790000        0.05199982890000        0.00038279530000
C            2.54167221030000       -1.23971668410000       -0.00834188300000
N            1.39367826450000       -1.95088267900000       -0.00850347120000
C            0.35269634020000       -1.06748964300000        0.00059917290000
C            0.90759959010000        0.20069750900000        0.00663590170000
C            0.07590235260000        1.39864294500000       -0.00284827040000
O            0.48715076820000        2.53168346660000       -0.01725767220000
N           -1.27221500230000        1.06666939660000        0.00165480230000
C           -2.23229981500000        2.16656245330000       -0.00245172030000
C           -1.84872931540000       -0.19179276200000        0.00496135950000
O           -3.03273030250000       -0.36103538130000        0.00858583760000
N           -0.96599111670000       -1.30060631840000        0.00174701630000
C           -1.52030655580000       -2.64076660390000       -0.00239033190000
H            3.71480285180000        1.18589984860000        0.98803183970000
H            3.97079415090000        0.99383197990000       -0.75543416370000
H            2.68321036910000        2.07051068580000       -0.15067179540000
H            3.52469367910000       -1.66989040330000       -0.01523639120000
H           -1.67672429040000        3.10039111610000        0.00486339690000
H           -2.85755792270000        2.10547813320000       -0.89185337000000
H           -2.87119733260000        2.09858159720000        0.87661144540000
H           -1.20589108080000       -3.18768007210000        0.88663215920000
H           -1.21982032550000       -3.17678505510000       -0.90288069810000
H           -2.60531402170000       -2.54255916880000        0.00649952960000
H            1.32879827740000       -2.95942079410000       -0.01653446370000
25
 energy: -54.509260516952 gnorm: 13.245555861836 xtb: 6.6.1 (8d0f1dd)
C            3.21781884621177        1.13596156479872        0.01837589949444
N            2.27051088765184        0.05250839587839        0.00037867776468
C            2.54277798980524       -1.24000819778477       -0.00834802641339
N            1.39860280140707       -1.94990715210410       -0.00849875999785
C            0.51931031051164       -1.39260441360087       -0.00237150879169
C            0.90774131324532        0.19266701148119        0.00658657506048
C            0.07579706812428        1.39766900855098       -0.00284961657815
O            0.48716128035451        2.53168077544662       -0.01725524735181
N           -1.27229835298126        1.06668424437319        0.00165347067537
C           -2.23225516854977        2.16654230840285       -0.00245094451905
C           -1.84756117657607       -0.19180475640133        0.00496019087815
O           -3.03266324426081       -0.36098700022560        0.00858694119877
N           -0.96162513677477       -1.30553123249681        0.00170628508699
C           -1.52097744201745       -2.64072551419295       -0.00238843683596
H            3.71481051295611        1.18589109481483        0.98803426506443
H            3.97079588732225        0.99382212214244       -0.75543585750001
H            2.68322011028826        2.07050178737087       -0.15067290253171
H            3.52474645410665       -1.66988246648044       -0.01523662308718
H           -1.67670811029994        3.10040476426210        0.00486298956998
H           -2.85756216526327        2.10548651850443       -0.89185780621086
H           -2.87120190641084        2.09859022539737        0.87661535593932
H           -1.20592827064663       -3.18768954571619        0.88662414078437
H           -1.21985728307204       -3.17679461826099       -0.90287235614587
H           -2.60536036462949       -2.54251388046331        0.00650019820529
H            1.15113667359740       -2.62172250209663       -0.01347528585875
25
 energy: -70.663906821727 gnorm: 18.952137279509 xtb: 6.6.1 (8d0f1dd)
C            3.21777134089208        1.13597783760951        0.01836744664918
N            2.26972003938703        0.05317913129989        0.00038753782416
C            2.54495054481262       -1.24025683470867       -0.00835584320497
N            1.42461871919008       -1.93978490659673       -0.00846244739382
C            0.67709042645214       -1.72136048168196       -0.00535195366874
C            0.90820769545637        0.18598494686008        0.00654522975938
C            0.07575019135506        1.39656595859624       -0.00285292871986
O            0.48722066328406        2.53160154374113       -0.01725167101354
N           -1.27241394768189        1.06667674104556        0.00165239634137
C           -2.23224309982939        2.16650091160846       -0.00245057028161
C           -1.84646220560729       -0.19179986363929        0.00495726267314
O           -3.03233506450705       -0.36109506489612        0.00858684250620
N           -0.95721317702994       -1.30971679729114        0.00167145231350
C           -1.52172585123721       -2.64085756902541       -0.00238714455172
H            3.71480203214047        1.18590000676827        0.98803477491207
H            3.97079042469509        0.99383320984731       -0.75543312065857
H            2.68319882294483        2.07051939259382       -0.15067015192229
H            3.52479477997862       -1.66986362385746       -0.01523599151895
H           -1.67672456401204        3.10039799638509        0.00486257381756
H           -2.85758560166525        2.10546915912211       -0.89186318064108
H           -2.87122568189858        2.09857279048459        0.87661963460664
H           -1.20596404834880       -3.18774118139825        0.88664005305113
H           -1.21989259227785       -3.17684638555479       -0.90288839928820
H           -2.60540126963038       -2.54259102180261        0.00650014486580
H            0.96070293723721       -2.29102735390966       -0.01045032855680
25
 energy: -59.789719035946 gnorm: 325.983696211230 xtb: 6.6.1 (8d0f1dd)
C            3.21787840822841        1.13568366403265        0.01835705949802
N            2.26812814836532        0.05412649640537        0.00039663326138
C            2.54834331761159       -1.24059720733523       -0.00836578846131
N            1.54704792489503       -1.93472217619656       -0.00863990397898
C            0.76639158303325       -2.04060060852022       -0.00810172464981
C            0.90876190022836        0.18247789654454        0.00652099879469
C            0.07614867242287        1.39569871121609       -0.00285027347259
O            0.48747020741711        2.53170264540972       -0.01725669758301
N           -1.27246775774488        1.06667454223333        0.00165155300797
C           -2.23203775419111        2.16667075153866       -0.00244968854508
C           -1.84557320483421       -0.19135378529115        0.00495559282410
O           -3.03208427732764       -0.36100059498815        0.00859036728265
N           -0.95492159445582       -1.31235938539058        0.00165211552979
C           -1.52258405939151       -2.64083206446804       -0.00238185808221
H            3.71491284819944        1.18556856068104        0.98803412064698
H            3.97088618710908        0.99347866763396       -0.75544095718746
H            2.68337731075642        2.07029577657556       -0.15067249522181
H            3.52478524306106       -1.67011489586764       -0.01523720354904
H           -1.67644214917124        3.10055773017242        0.00486135358117
H           -2.85740333866041        2.10573440302034       -0.89186903660772
H           -2.87104250529684        2.09884105671305        0.87662694688394
H           -1.20630924281766       -3.18767854268934        0.88666879393548
H           -1.22023778189818       -3.17678379779311       -0.90290878172896
H           -2.60567364126355       -2.54240734705494        0.00650512459726
H            0.74307706982513       -1.97082195498177       -0.00747463287546
25
 energy: -66.569226917576 gnorm: 19.366241662790 xtb: 6.6.1 (8d0f1dd)
C            3.21856515645769        1.13394255955255        0.01833093027759
N            2.26810064066098        0.05297495517171        0.00038109296019
C            2.54809292958517       -1.24186612167210       -0.00838254356823
N            1.55228150372158       -1.93470980166553       -0.00865172446584
C            0.87985379060842       -2.39619518308154       -0.01128687478545
C            0.90895840475807        0.18184800961907        0.00651330532545
C            0.07697915325434        1.39565389367211       -0.00285225992339
O            0.48895688722370        2.53150200701882       -0.01726396330842
N           -1.27181491011028        1.06748049626324        0.00166000828509
C           -2.23075828531683        2.16799659933776       -0.00243566571475
C           -1.84554313529687       -0.19029919252537        0.00497041143194
O           -3.03225740009844       -0.35921209044962        0.00861485487461
N           -0.95556231878182       -1.31180483704319        0.00166164955341
C           -1.52407244672971       -2.63988438316775       -0.00236455135411
H            3.71563846108709        1.18354334959870        0.98800525779274
H            3.97149026059388        0.99130556158571       -0.75547209839118
H            2.68459463734329        2.06885393018041       -0.15069541822187
H            3.52392210081144       -1.67201996700534       -0.01526015904680
H           -1.67464344531135        3.10157681288558        0.00486946025235
H           -2.85617455762290        2.10741648077384       -0.89185106123046
H           -2.86980427664358        2.10053386395970        0.87664655962172
H           -1.20805530941166       -3.18692704109489        0.88668253006101
H           -1.22199110424800       -3.17602747805497       -0.90289163519339
H           -2.60706452906731       -2.54086758265737        0.00653000646782
H            0.62073930663308       -1.61657629960153       -0.00428649380003
25
 energy: -66.551500323777 gnorm: 19.441304217300 xtb: 6.6.1 (8d0f1dd)
C            3.22066260225172        1.12869894392777        0.01821619276033
N            2.26434044109485        0.05081404321431        0.00037394552269
C            2.55652887249376       -1.23963033769599       -0.00840132444764
N            1.69929306647043       -1.85115664637812       -0.00824051450304
C            0.64664181144008       -2.49798502789409       -0.01171955417348
C            0.90956546563947        0.20796802019616        0.00665444080732
C            0.08018758791817        1.39614484637408       -0.00284662947386
O            0.49373052573162        2.53153504243311       -0.01730836861589
N           -1.26994923248435        1.07065231586753        0.00168231342450
C           -2.22663300412842        2.17172659206152       -0.00239839090982
C           -1.84665617991708       -0.18994894826443        0.00500319346722
O           -3.03419972557894       -0.35371562611477        0.00868738306396
N           -0.97335537026064       -1.29210294968109        0.00182705269680
C           -1.52738349926475       -2.63616722955159       -0.00229202730450
H            3.71779412998325        1.17746118771156        0.98794194769246
H            3.97329408977182        0.98475917082844       -0.75557892822940
H            2.68826849520174        2.06461125989612       -0.15076024700712
H            3.52201614081873       -1.67748538247143       -0.01532156155826
H           -1.66929962280317        3.10467364484591        0.00488203683812
H           -2.85260865353296        2.11239899280100       -0.89184031406819
H           -2.86621312108499        2.10555261475633        0.87672715347856
H           -1.21321417668467       -3.18470888726555        0.88665399201996
H           -1.22716283329096       -3.17380042385156       -0.90275618188716
H           -2.61140920794753       -2.53646845186623        0.00660584528255
H            0.70619291226285       -1.65558822227902       -0.00461983697612
25
 energy: -70.911613566807 gnorm: 20.318161430515 xtb: 6.6.1 (8d0f1dd)
C            3.21857494031912        1.13382000366341        0.01825204041763
N            2.26013359235010        0.05993913857047        0.00047428604666
C            2.58954662040175       -1.22146003137752       -0.00837495352108
N            1.87991346187071       -1.76085342722241       -0.00773776106505
C            0.68360215709392       -2.41569696724105       -0.01098052017603
C            0.91178359774334        0.17805402322311        0.00647922344723
C            0.07695160592228        1.39003790159297       -0.00283817583780
O            0.49035740480437        2.53205779114279       -0.01728461848027
N           -1.27158509076508        1.06973801163287        0.00164699185909
C           -2.22942902976967        2.16788143173774       -0.00243005468834
C           -1.83882336496855       -0.19673008777268        0.00494263044190
O           -3.03466514694190       -0.35782413498241        0.00863423035272
N           -0.95483763389402       -1.31163612834206        0.00162867345188
C           -1.52841173459022       -2.63701965378164       -0.00229520443587
H            3.71588896093861        1.18268669686341        0.98805934710953
H            3.97170153811677        0.99033658362178       -0.75552134745342
H            2.68516568738515        2.06852137121720       -0.15069488339651
H            3.52655059659069       -1.67195961371980       -0.01526604898316
H           -1.67402215564270        3.10210976717361        0.00485657953132
H           -2.85597200952451        2.10795817789165       -0.89194181697955
H           -2.86960360620998        2.10108358307220        0.87672158802291
H           -1.20895540754231       -3.18683201764174        0.88643391132964
H           -1.22287399562060       -3.17593445845550       -0.90261523289170
H           -2.60854081201825       -2.54042092846812        0.00654631221828
H            0.44798133805098       -1.78961849079828       -0.00552357842001
25
 energy: -76.046865312446 gnorm: 18.165912981916 xtb: 6.6.1 (8d0f1dd)
C            3.21707066314076        1.13826787831604        0.01831758406505
N            2.25721378043416        0.07458349776892        0.00056341571318
C            2.68858091498413       -1.14878422385182       -0.00840480275019
N            1.81183951902797       -1.83779643894375       -0.00776356760127
C            0.74090922762253       -2.28134839295075       -0.01015592011370
C            0.91290194938384        0.19690278077229        0.00658492562101
C            0.07550632577987        1.38918813502171       -0.00280314131028
O            0.48779641324593        2.53274020062859       -0.01726117497856
N           -1.27293833666217        1.06911393548129        0.00164038996876
C           -2.23151185267271        2.16480688347696       -0.00242976206692
C           -1.83773308923231       -0.20246514088805        0.00489370158008
O           -3.03526114067086       -0.36128673360548        0.00858930585053
N           -0.96522521286838       -1.30141871108522        0.00168165156793
C           -1.52679824382596       -2.63755407853856       -0.00231794997750
H            3.71441981575851        1.18677122328388        0.98819428870608
H            3.97042024801363        0.99467148195814       -0.75551358071372
H            2.68289285529584        2.07176312656437       -0.15063203533353
H            3.53423479888698       -1.66699667335924       -0.01525861255905
H           -1.67772850912896        3.10013235535763        0.00486810192739
H           -2.85863751839434        2.10447414482361       -0.89199910525533
H           -2.87228855633176        2.09756064133675        0.87674322884257
H           -1.20561316603481       -3.18847369521674        0.88621303343486
H           -1.21950597936837       -3.17756824296279       -0.90250391530138
H           -2.60635357020989       -2.54378904816765        0.00647937060926
H            0.37624017792639       -1.95525636362011       -0.00655381202526
25
 energy: -78.620506620018 gnorm: 23.148694730912 xtb: 6.6.1 (8d0f1dd)
C            3.21700874569634        1.13932126816292        0.01829681962481
N            2.25364033260907        0.08294216604343        0.00062702953492
C            2.71141470873174       -1.13483787361510       -0.00836223297638
N            1.81863451178129       -1.85716566742538       -0.00783922338505
C            0.64492689319839       -2.13155383243122       -0.00822095418861
C            0.91494848093476        0.20387900864259        0.00662413351667
C            0.07518693435593        1.38737446494966       -0.00280740377830
O            0.48839696234708        2.53308788879185       -0.01729563263439
N           -1.27296851417989        1.07029946442812        0.00162103542046
C           -2.23088512532572        2.16450883770337       -0.00245452706142
C           -1.83534649805417       -0.20586094154553        0.00486884150024
O           -3.03664401071463       -0.36080632326390        0.00858661390211
N           -0.97094054264813       -1.29615012582735        0.00171744457368
C           -1.52918569485477       -2.63579397279372       -0.00226224519067
H            3.71446090420554        1.18662660887709        0.98825057142095
H            3.97041388718153        0.99444082245052       -0.75554558550483
H            2.68318994299906        2.07201965923921       -0.15064171837241
H            3.54009723499821       -1.66726127220868       -0.01525706485374
H           -1.67765104493222        3.10029784864496        0.00482790308292
H           -2.85872040016455        2.10450571232057       -0.89207145552117
H           -2.87238034058004        2.09760819071513        0.87674595332612
H           -1.20597623956355       -3.18847100903605        0.88607321677512
H           -1.21984877816279       -3.17758016945395       -0.90230792747266
H           -2.60717898930625       -2.54389764604913        0.00649602389847
H            0.44583815354777       -2.11929456571943       -0.00849799773683
25
 energy: -78.550611160765 gnorm: 12.901420158710 xtb: 6.6.1 (8d0f1dd)
C            3.21572980712503        1.14364840105811        0.01831970653709
N            2.25119416173467        0.09149970649576        0.00072784392206
C            2.72070514628948       -1.12620987746287       -0.00823737975791
N            1.84131641020495       -1.85359992647863       -0.00770184462064
C            0.71074279064902       -2.08063088823249       -0.00568998718269
C            0.91637928137360        0.20496021607414        0.00662957789896
C            0.07355796372979        1.38603504321935       -0.00286423019855
O            0.48629080227012        2.53288665429865       -0.01737627812349
N           -1.27394988061366        1.06952840609464        0.00153762514658
C           -2.23258565209392        2.16214847484840       -0.00259921056188
C           -1.83364500379908       -0.20979541565826        0.00480973362638
O           -3.03658685256312       -0.36330139459257        0.00851037589962
N           -0.97297304477583       -1.29492944339367        0.00174256056542
C           -1.52800207146155       -2.63634821826187       -0.00219663642335
H            3.71327434405626        1.18986941104428        0.98833357258001
H            3.96938954877744        0.99779369955534       -0.75548545465508
H            2.68147772035363        2.07476028738524       -0.15065157508802
H            3.54884126716070       -1.66494969159715       -0.01514257521280
H           -1.68054583984466        3.09874385138187        0.00465991023452
H           -2.86076710677077        2.10173533210017       -0.89224385966013
H           -2.87447129838652        2.09488848150327        0.87658962902176
H           -1.20334376608776       -3.18961846022626        0.88597160966375
H           -1.21716876013560       -3.17880434862565       -0.90205270140568
H           -2.60539752958853       -2.54651576045052        0.00651095919020
H            0.35096907649630       -2.18555599847930       -0.01092975349615
25
 energy: -79.457944818921 gnorm: 5.590857227448 xtb: 6.6.1 (8d0f1dd)
C            3.21634730402749        1.14300903701704        0.01829413516182
N            2.25096470895056        0.09322645782799        0.00065909043667
C            2.72265810297407       -1.12292956054187       -0.00843106947039
N            1.80863569630192       -1.87648003034014       -0.00801689893233
C            0.69518660670457       -2.14680081674178       -0.01134744919054
C            0.91726063146720        0.20868238201041        0.00664500107388
C            0.07420098971010        1.38636698297604       -0.00272590002217
O            0.48776009546289        2.53226431784589       -0.01714244373201
N           -1.27330758175770        1.07033021436131        0.00170906520093
C           -2.23127955888494        2.16335553713710       -0.00228210301093
C           -1.83411030752282       -0.20906598889819        0.00488968652625
O           -3.03652906473220       -0.36148239504257        0.00862289324022
N           -0.97651863843466       -1.29139025424102        0.00170540753087
C           -1.52946315537225       -2.63523461832679       -0.00235948337836
H            3.71399531097413        1.18784660451148        0.98830141796554
H            3.96987607974030        0.99575926010696       -0.75554700340792
H            2.68279336279835        2.07375596984871       -0.15057122618838
H            3.55205241694121       -1.66720380175524       -0.01546564801930
H           -1.67884026123785        3.09974135480940        0.00503910437513
H           -2.85965652450564        2.10339926986836       -0.89189429599947
H           -2.87328613711477        2.09639243628300        0.87691711071894
H           -1.20509474666559       -3.18893587609992        0.88565562949851
H           -1.21898953391842       -3.17794594110766       -0.90219615908644
H           -2.60697661665768       -2.54514789774018        0.00640275655676
H            0.39275233485171       -2.11327410216832       -0.00568999994728
25
 energy: -79.592096970235 gnorm: 1.520230021554 xtb: 6.6.1 (8d0f1dd)
C            3.21650492950920        1.14518372361170        0.01825976399007
N            2.24763101663710        0.10199655620448        0.00085168037781
C            2.73502326235597       -1.11332259193065       -0.00799567016190
N            1.82186308049050       -1.88737650486501       -0.00761722469997
C            0.65961039529590       -2.14851063219963       -0.00097376771403
C            0.92007940958757        0.20958418584254        0.00664598201222
C            0.07374321868707        1.38461294013445       -0.00302430082249
O            0.48873022953268        2.53142413735006       -0.01761985961355
N           -1.27300563441924        1.07138851443285        0.00137789374904
C           -2.23030075703159        2.16346277035024       -0.00289149243552
C           -1.83194199294135       -0.21167760408929        0.00474614550917
O           -3.03701439919869       -0.36020734409154        0.00844695515130
N           -0.98065027620701       -1.28841805928623        0.00186164154849
C           -1.53206037476045       -2.63328107706748       -0.00195187788866
H            3.71416457824358        1.18730443291984        0.98836610081113
H            3.97000254615398        0.99471814230469       -0.75546430144696
H            2.68364375104042        2.07419422059363       -0.15082542453838
H            3.56288174896486       -1.66870368469240       -0.01495604714328
H           -1.67823444773713        3.10022279288337        0.00428149236398
H           -2.85930038899424        2.10373608901752       -0.89254007827113
H           -2.87306422780347        2.09707352689372        0.87626235137604
H           -1.20613003937954       -3.18839139555633        0.88584339769505
H           -1.21987511489803       -3.17774508763617       -0.90136687212778
H           -2.60841354965047       -2.54487813215659        0.00668336507609
H            0.39654455062240       -2.12415137736775       -0.01522823489672
25
 energy: -79.606162153479 gnorm: 0.227746392566 xtb: 6.6.1 (8d0f1dd)
C            3.21653510195463        1.14731231168658        0.01824778564219
N            2.24620629155249        0.10694293807827        0.00094317534616
C            2.73676777620009       -1.11013354491274       -0.00777201908084
N            1.81133624463112       -1.90166240999593       -0.00740056422248
C            0.66719000223845       -2.15000999661217        0.00346231302092
C            0.92143658903423        0.21446408293786        0.00667475356451
C            0.07330377614518        1.38426383995857       -0.00315196011250
O            0.48889723889266        2.53078284373889       -0.01782725449950
N           -1.27298521109188        1.07165472667951        0.00123102675081
C           -2.23009315544119        2.16320020405477       -0.00316155278499
C           -1.83169272890251       -0.21305403965609        0.00469486173859
O           -3.03703515763201       -0.35991286946398        0.00835849572599
N           -0.98508699379515       -1.28461702368698        0.00198295763067
C           -1.53291557246274       -2.63248760559596       -0.00177740440080
H            3.71409110500891        1.18750934516057        0.98841138355237
H            3.96988110468800        0.99470569078314       -0.75540705369684
H            2.68386891398692        2.07508478471067       -0.15095162722009
H            3.57013004155916       -1.66894477367230       -0.01475211612643
H           -1.67834702394153        3.10024206526979        0.00394704506826
H           -2.85941291628459        2.10351318834069       -0.89280894528405
H           -2.87323760886355        2.09699866558985        0.87595238752952
H           -1.20632447730424       -3.18823027050943        0.88583371060595
H           -1.21999868139333       -3.17773609824855       -0.90091504455910
H           -2.60900733604117       -2.54516853841367        0.00680195441271
H            0.39692419136203       -2.12647897462137       -0.01944469070103
25
 energy: -79.615095402640 gnorm: 0.369746449055 xtb: 6.6.1 (8d0f1dd)
C            3.21676021427505        1.15125543490106        0.01822474278454
N            2.24327568004010        0.11579740038405        0.00101391659461
C            2.74234345395564       -1.10407936963119       -0.00764599952417
N            1.80972650371153       -1.92035702028132       -0.00724938040520
C            0.66407794042199       -2.15318627322784        0.00424505111518
C            0.92420912384851        0.21997536389651        0.00670735417322
C            0.07234659539269        1.38311211348220       -0.00317563531486
O            0.48945218321604        2.52961275865835       -0.01786905548288
N           -1.27286765984532        1.07233343964540        0.00119539374503
C           -2.22950965381661        2.16285862398044       -0.00321733321834
C           -1.83064920501687       -0.21561289396096        0.00470328747624
O           -3.03730223496988       -0.35902288059679        0.00833048762706
N           -0.99148758377669       -1.27968421204046        0.00209857117211
C           -1.53513387409174       -2.63065781384123       -0.00171465868735
H            3.71409632929854        1.18752524550694        0.98847256809330
H            3.96966823612980        0.99453455766823       -0.75535320640778
H            2.68444032219654        2.07676050020221       -0.15103961778681
H            3.58352649708899       -1.66918220980362       -0.01479002942555
H           -1.67834691835511        3.10040097357044        0.00387009152905
H           -2.85953411981241        2.10341302011653       -0.89283014158298
H           -2.87337376161195        2.09692765128744        0.87584153736504
H           -1.20689459201946       -3.18791735127372        0.88540868476233
H           -1.22053451828971       -3.17745581784213       -0.90038157799125
H           -2.61043759086248       -2.54554141337270        0.00683336381194
H            0.39258014699282       -2.13357128582783       -0.02050679652248
25
 energy: -79.635940487321 gnorm: 0.482590228303 xtb: 6.6.1 (8d0f1dd)
C            3.21815650817543        1.16781499516064        0.01813773307954
N            2.23222244015909        0.14887540754691        0.00120832707802
C            2.76414926790356       -1.08309812898293       -0.00732350605379
N            1.82229630160907       -1.98615447881425       -0.00676515764024
C            0.64050086938756       -2.16626032514997        0.00212494545576
C            0.93515869947205        0.23858012991852        0.00682668159912
C            0.06795621919735        1.37838142842059       -0.00312226147758
O            0.49187887586491        2.52475544939260       -0.01779891563091
N           -1.27237218352520        1.07499769737212        0.00121954659217
C           -2.22710754586006        2.16155729124293       -0.00313157654638
C           -1.82682613023173       -0.22489371255486        0.00481691313545
O           -3.03867811369965       -0.35500118909238        0.00831070117612
N           -1.01460998059614       -1.26334596785444        0.00249353314467
C           -1.54488122293622       -2.62291505257514       -0.00164096097181
H            3.71423183742939        1.18753702649751        0.98874532025775
H            3.96873419792915        0.99390853286439       -0.75513916630328
H            2.68683566121997        2.08450391859511       -0.15136368083614
H            3.63714497149834       -1.66807612195124       -0.01522672660731
H           -1.67827474345858        3.10110208999047        0.00393965956016
H           -2.85999940052381        2.10312664342742       -0.89253029779868
H           -2.87383007316776        2.09658536817307        0.87566799127120
H           -1.20948259009483       -3.18644004059846        0.88323852917348
H           -1.22304752374761       -3.17593543430549       -0.89826596570061
H           -2.61692125594869       -2.54708387592928        0.00683116884518
H            0.36719642804440       -2.16428310919384       -0.02008121690188
25
 energy: -79.640355312817 gnorm: 0.255272686767 xtb: 6.6.1 (8d0f1dd)
C            3.21943980147011        1.17625643878847        0.01811292446520
N            2.22913928701857        0.16068631303164        0.00123433460584
C            2.77126300382780       -1.07839130913476       -0.00723650551172
N            1.82996173551217       -2.01362931499465       -0.00655236533218
C            0.63015157929595       -2.17209991091819       -0.00118700811303
C            0.93927901430383        0.24667589945708        0.00689142619275
C            0.06531844378684        1.37680159405851       -0.00303443840349
O            0.49311936263040        2.52230760220962       -0.01766695371433
N           -1.27217626469723        1.07597052604473        0.00130675765629
C           -2.22607580258659        2.16104740432297       -0.00295941605524
C           -1.82688748458863       -0.22694308698209        0.00491071440234
O           -3.03961904706283       -0.35271855478933        0.00834072344633
N           -1.02353091040242       -1.25877416439477        0.00265852194360
C           -1.54996177800962       -2.61917787360033       -0.00167940774373
H            3.71439312776928        1.18772516019706        0.98893642432629
H            3.96819961575133        0.99381291386191       -0.75500863072651
H            2.68797990106630        2.08963501764330       -0.15159110986856
H            3.66170166653242       -1.66481644490493       -0.01554119521888
H           -1.67825711099640        3.10143242126634        0.00413502543550
H           -2.86020868476750        2.10297131586458       -0.89216661251038
H           -2.87400423676050        2.09632816444233        0.87564717545569
H           -1.21103974953898       -3.18539755294844        0.88184709119587
H           -1.22459281101820       -3.17479728149913       -0.89710212268949
H           -2.62084147923776       -2.54795165917980        0.00677927304833
H            0.35768033480169       -2.17871507624211       -0.01790300838648
25
 energy: -79.643700317180 gnorm: 0.128214315591 xtb: 6.6.1 (8d0f1dd)
C            3.22128465090524        1.18454994613645        0.01811278914979
N            2.22905458360982        0.16689912517177        0.00120946045986
C            2.77415590059908       -1.08020819678431       -0.00714326621529
N            1.83749248916611       -2.03473376059699       -0.00632714361277
C            0.62337155149334       -2.17678907019989       -0.00451302493222
C            0.94182773730293        0.25339846102303        0.00696099890878
C            0.06224425366455        1.37617602206225       -0.00294805596281
O            0.49435523994988        2.51999338111639       -0.01754255236286
N           -1.27216065823121        1.07648544184000        0.00140065489859
C           -2.22532866829977        2.16071443048745       -0.00279014402261
C           -1.82919469067498       -0.22595268870177        0.00500783944105
O           -3.04098166370103       -0.35016918263941        0.00837269093465
N           -1.02927681839645       -1.25828989752626        0.00280929521437
C           -1.55515748561175       -2.61577112559847       -0.00171352843557
H            3.71464460733576        1.18825263108676        0.98920776995397
H            3.96762048772288        0.99402430015204       -0.75484457775255
H            2.68902513282207        2.09619852742800       -0.15194366697743
H            3.68325282849823       -1.65841702170653       -0.01581865748374
H           -1.67829962586931        3.10171696233279        0.00433036223884
H           -2.86038854896227        2.10272879794636       -0.89171296711509
H           -2.87414691006822        2.09598233618946        0.87553790921137
H           -1.21289442235916       -3.18398354545440        0.88025053340865
H           -1.22643185244454       -3.17328638994553       -0.89572149039649
H           -2.62549936249447       -2.54895246825938        0.00673319976487
H            0.35186275814327       -2.19232847395982       -0.01574281041537
25
 energy: -79.649650011678 gnorm: 0.116859306684 xtb: 6.6.1 (8d0f1dd)
C            3.22536397319467        1.19989833638757        0.01813989488391
N            2.23273277663164        0.17121527745096        0.00108671300644
C            2.77422698963856       -1.09230187921391       -0.00697399769248
N            1.85022292850622       -2.06686139362875       -0.00595685662090
C            0.61633432940119       -2.18395428026895       -0.01129231678415
C            0.94508770685116        0.26443885401115        0.00709732197363
C            0.05592349119866        1.37621213741325       -0.00277160913190
O            0.49671302485338        2.51592904051009       -0.01729733928273
N           -1.27256299140750        1.07686321887687        0.00160415219672
C           -2.22436472969802        2.16037772887946       -0.00244448951161
C           -1.83606763080629       -0.22056883469309        0.00519762804306
O           -3.04440969514345       -0.34489737382161        0.00844626854779
N           -1.03644776474537       -1.26203428903946        0.00306614258856
C           -1.56527777619541       -2.60986170196624       -0.00178570859995
H            3.71528325414223        1.18982296892564        0.98985929828163
H            3.96649531853210        0.99496074030564       -0.75451433976072
H            2.69092498248610        2.11074112752930       -0.15276644259467
H            3.72033033732738       -1.64163346355189       -0.01631593707926
H           -1.67848925917602        3.10218953448771        0.00473651643415
H           -2.86070584680622        2.10213748612085       -0.89069014483293
H           -2.87438434732320        2.09517712987631        0.87523045277112
H           -1.21692069401761       -3.18077569329153        0.87690471862335
H           -1.23042856722247       -3.16987495983030       -0.89281501092709
H           -2.63552223442503       -2.55107350978468        0.00664080364868
H            0.34637393830332       -2.21788766008436       -0.01121410028066
25
 energy: -79.656895638236 gnorm: 0.386591030286 xtb: 6.6.1 (8d0f1dd)
C            3.23176955593376        1.22102085738404        0.01820843986852
N            2.24313236869890        0.16664641895500        0.00078991034537
C            2.76706485808724       -1.12199958551190       -0.00677488789482
N            1.86437908044187       -2.10252454788048       -0.00566122656730
C            0.61479280860494       -2.19256048166964       -0.02242697181370
C            0.94839384418099        0.27784493899346        0.00729498309179
C            0.04641107523963        1.37791674162694       -0.00247843634323
O            0.50014889771488        2.51077130269801       -0.01689995746126
N           -1.27406992601542        1.07659941236056        0.00196141346189
C           -2.22370338414799        2.16044756754458       -0.00186520023260
C           -1.84867688449506       -0.20874862452208        0.00547558246116
O           -3.05097546906194       -0.33649521003440        0.00858938267374
N           -1.04215651980173       -1.27280341470393        0.00336900433916
C           -1.58050457386055       -2.60237150376259       -0.00192204287228
H            3.71652304041218        1.19304700327074        0.99104503747770
H            3.96492785279139        0.99723330200334       -0.75407140910750
H            2.69367415712008        2.13483648199024       -0.15413758753805
H            3.76829973063346       -1.61016848552659       -0.01701740099902
H           -1.67891105380054        3.10280014549166        0.00542892451242
H           -2.86111986372696        2.10112523392085       -0.88893029568090
H           -2.87466043135441        2.09380461929947        0.87468727701962
H           -1.22368354249816       -3.17535287444806        0.87156663678413
H           -1.23715519101378       -3.16410070454359       -0.88822314208947
H           -2.65197273834902       -2.55444467076725        0.00648144746015
H            0.34850382236623       -2.25428538056838       -0.00331786299550
25
 energy: -79.662371515589 gnorm: 0.171726891904 xtb: 6.6.1 (8d0f1dd)
C            3.23574493126341        1.23081517636379        0.01827728532647
N            2.25475800439108        0.15038937207097        0.00053754061019
C            2.75459179222028       -1.15332391158927       -0.00656544003534
N            1.86651499648560       -2.10828719438145       -0.00569846781822
C            0.62366115868055       -2.19729385759410       -0.02577674316328
C            0.94889983504954        0.28155999981225        0.00739628650159
C            0.04105218906992        1.38079259981755       -0.00239533844244
O            0.50207389330138        2.50901005669603       -0.01683420136332
N           -1.27615940899426        1.07551523229766        0.00209778281263
C           -2.22428244285921        2.16129676938894       -0.00170857904692
C           -1.85855353757113       -0.19769457748098        0.00556611721949
O           -3.05669418111170       -0.33082207945406        0.00863889352123
N           -1.03948343777026       -1.28486301867777        0.00349158964959
C           -1.58970280957414       -2.59976525637582       -0.00187819554464
H            3.71761621253507        1.19610846117878        0.99201538477160
H            3.96425017963161        0.99958741772232       -0.75386968181401
H            2.69530330478979        2.15166190413114       -0.15517833934467
H            3.78675476583046       -1.58378440088792       -0.01712415624592
H           -1.67926836988449        3.10308628466165        0.00562067203589
H           -2.86122389600739        2.10036991876156       -0.88790208654989
H           -2.87471784925560        2.09293381300783        0.87400252401721
H           -1.22873958545435       -3.17131975448238        0.86826641521777
H           -1.24214030908633       -3.15994727018949       -0.88504613668611
H           -2.66351760962127       -2.55659577721979        0.00647590675673
H            0.36369368804141       -2.27119136597743       -0.00123741448564
25
 energy: -79.664198469138 gnorm: 0.293460830990 xtb: 6.6.1 (8d0f1dd)
C            3.23774554289622        1.23740887718890        0.01828849410977
N            2.26126785507564        0.13937521377924        0.00034087351160
C            2.74929356321070       -1.17424812363843       -0.00648195221728
N            1.86804903953063       -2.11547627045722       -0.00606939299343
C            0.63056219459809       -2.20072817930372       -0.02998357032862
C            0.95242226709310        0.28394127504788        0.00745415745757
C            0.03788659688696        1.38213154573886       -0.00228070076033
O            0.50352906024566        2.50826669153911       -0.01671273670942
N           -1.27853528668694        1.07506027452511        0.00226557691437
C           -2.22495671978524        2.16218303297901       -0.00147907555680
C           -1.86341802830350       -0.19270387261088        0.00562824660603
O           -3.06210627552444       -0.32602693645234        0.00871820824371
N           -1.03986669814532       -1.28991764219993        0.00353563506414
C           -1.59768239940116       -2.59822013276880       -0.00189497461554
H            3.71862757461941        1.19899619078451        0.99286253680411
H            3.96396079819122        1.00196720790985       -0.75388428408113
H            2.69700115083966        2.16473439037960       -0.15583077214252
H            3.80186656190258       -1.56196359397392       -0.01726715424814
H           -1.67962921333638        3.10334941719381        0.00590051214457
H           -2.86140266084812        2.09977836630530       -0.88701700511268
H           -2.87483864335429        2.09219261063828        0.87360569345090
H           -1.23320392012181       -3.16821347637890        0.86564606816538
H           -1.24656506256236       -3.15667414001433       -0.88268323341647
H           -2.67316132116640       -2.55833683871257        0.00642569627300
H            0.37358553824610       -2.28863734589843        0.00208477133721
25
 energy: -76.847101488862 gnorm: 17.170598059433 xtb: 6.6.1 (8d0f1dd)
C            3.23655438729067        1.23528848722955        0.01821196712990
N            2.26025530785415        0.13755281777678        0.00039593171920
C            2.74528690182909       -1.17586717975028       -0.00684148026310
N            1.82221945486463       -2.12372015417144       -0.00446153427404
C            0.31838097823625       -2.30937747522917        0.01268684625661
C            0.95478514268271        0.28153061889521        0.00742359071572
C            0.03922395627156        1.38152261718798       -0.00229056632661
O            0.50342066286593        2.50911511229513       -0.01674557375446
N           -1.27918197933203        1.07520383224156        0.00229234265291
C           -2.22539238765550        2.16262154174270       -0.00144978881572
C           -1.86191338420557       -0.19477797174864        0.00559463044577
O           -3.06315341777341       -0.32535739792375        0.00878529265569
N           -1.04423132020331       -1.28743746187248        0.00363585173118
C           -1.59990194263988       -2.59917734110517       -0.00177889029980
H            3.71888563062244        1.19987793413482        0.99288961731344
H            3.96430695742839        1.00283791800037       -0.75412946586935
H            2.69763219030953        2.16492504431641       -0.15572345062598
H            3.79898812107401       -1.55880126355462       -0.01732058595566
H           -1.67969212435954        3.10345307466920        0.00591972162138
H           -2.86148737013842        2.09979440142188       -0.88701058773034
H           -2.87489901204830        2.09221312216964        0.87367266437867
H           -1.23414770317569       -3.16797500369755        0.86567776974074
H           -1.24750679026008       -3.15640685414131       -0.88260478233324
H           -2.67456661724944       -2.55840585214268        0.00647732541265
H            0.74656587181181       -2.17039402514413       -0.04213522762556
25
 energy: 718.853997115430 gnorm: 200341.777751870570 xtb: 6.6.1 (8d0f1dd)
C            3.23645189779866        1.23508092208827        0.01821630698967
N            2.26022107549126        0.13738686921716        0.00038218474007
C            2.74596184659570       -1.17567370301693       -0.00678065580294
N            1.83193810006441       -2.12171716027356       -0.00467074483127
C            0.52626630776342       -2.23943598860498       -0.01397750683369
C            0.95503860691574        0.28140086510860        0.00741992321601
C            0.03942071725789        1.38147356196937       -0.00228737807611
O            0.50340362263677        2.50921939526994       -0.01674665936626
N           -1.27927171513723        1.07519232587857        0.00229141444633
C           -2.22545128278157        2.16268456291770       -0.00145208094243
C           -1.86172546159529       -0.19493174397109        0.00560128741003
O           -3.06310662564299       -0.32536898747451        0.00877614196855
N           -1.04284400501255       -1.28786202760860        0.00362087170704
C           -1.60024326536993       -2.59953153701783       -0.00180562638072
H            3.71891296049051        1.19996969701446        0.99290719529850
H            3.96434843951957        1.00293014290386       -0.75414454971499
H            2.69770720954710        2.16494634182309       -0.15570179308535
H            3.79865241309076       -1.55848763343757       -0.01729811700854
H           -1.67969364795406        3.10346455738781        0.00591918675976
H           -2.86148717807442        2.09980266906604       -0.88701631322834
H           -2.87490179450499        2.09222044008323        0.87367142475173
H           -1.23441057887013       -3.16800560214861        0.86573443613077
H           -1.24776330148806       -3.15643020444382       -0.88266674452784
H           -2.67483507307385       -2.55841018251673        0.00647306614046
H            0.52784224643327       -2.24167903861387       -0.01529365186043
