25
 energy: -40.236972423099 gnorm: 11.293843361300 xtb: 6.6.1 (8d0f1dd)
C            2.83194150414322        1.30947799948851        0.02929260282018
N            2.17144462818869        0.03238904905751       -0.01173442554237
C            2.74890708954464       -1.16471463753229       -0.09242419178092
N            1.79742846582755       -2.12975017529439       -0.09933468522906
C            0.57673786341067       -1.52054984886248       -0.01858872356982
C            0.80867469369366       -0.15139124842305        0.03615505476674
C           -0.29895327011077        0.79617558534805        0.12766913703254
O           -0.20388558746428        2.00646312064106        0.15894669457435
N           -1.50244029855844        0.11627071405973        0.17290747772768
C           -2.91415834149358        3.53229101208217       -0.21330593650225
C           -1.66907881954028       -1.13566074946046        0.11862621460315
O           -2.94888477350246        2.53822749115854        0.63466389204200
N           -0.66810086257013       -2.05223062871745        0.01412192010999
C           -0.91555644054398       -3.47426305388261       -0.05383851508238
H            3.49152674797519        1.36820276628336        0.89548015302773
H            3.42272987009168        1.46117015452434       -0.87442831150190
H            2.07202816607323        2.08710655593547        0.09972572127735
H            3.80319981915607       -1.34478367871137       -0.14611751971562
H           -2.64313971503898        2.28939600847168        0.73379661594280
H           -3.81015768974916        4.10813346575027       -0.38992953804613
H           -1.98937844177468        3.77289798979031       -0.72458670998565
H           -0.42182969145385       -3.99164287105209        0.77069029953630
H           -0.56491127211886       -3.88186797584437       -1.00387923754379
H           -1.98884155384720       -3.63169820782267        0.02275577571954
H            1.97512942376684       -3.12141029547087       -0.15549214664520
25
 energy: -42.071511143574 gnorm: 0.284079740029 xtb: 6.6.1 (8d0f1dd)
C            2.83194481680533        1.30947868560166        0.02928900833323
N            2.17143598793279        0.03238675382725       -0.01172870602051
C            2.74890763415956       -1.16470983829427       -0.09242861653909
N            1.79742507629282       -2.12974256919506       -0.09933451730148
C            0.57674829746865       -1.52056300208412       -0.01859163265824
C            0.80867760428070       -0.15138842477465        0.03615413412401
C           -0.29895560131971        0.79616826465459        0.12766797867435
O           -0.20390482326160        2.00647071617778        0.15894926167463
N           -1.50245157421221        0.11629151991088        0.17290365064822
C           -2.91891420485612        3.54211256167385       -0.21989424565839
C           -1.66907595127786       -1.13566681701145        0.11863285566354
O           -3.18132793984176        2.72908423840289        0.55793034396590
N           -0.66810785492523       -2.05221854917527        0.01412152560685
C           -0.91555387905616       -3.47426407619023       -0.05383676712834
H            3.49152643909831        1.36820251987320        0.89547974875521
H            3.42272997375689        1.46116870218083       -0.87442789125404
H            2.07202842440991        2.08710651790762        0.09972458723001
H            3.80320025316847       -1.34478682783550       -0.14611436158947
H           -2.40653995004772        2.08834672949347        0.81762021063193
H           -3.80997012461011        4.10921947894162       -0.39090995785628
H           -1.98893989217965        3.77216584863138       -0.72411094916982
H           -0.42183121017271       -3.99164333486950        0.77069360819839
H           -0.56490786204718       -3.88186879313744       -1.00387946173047
H           -1.98884445564211       -3.63169836916663        0.02275306840402
H            1.97513233018147       -3.12141339402602       -0.15549125696889
25
 energy: -42.095129461176 gnorm: 0.056173104832 xtb: 6.6.1 (8d0f1dd)
C            2.83097114491501        1.31325861309193        0.02440293067877
N            2.17063244910144        0.03670153954438       -0.01605845673972
C            2.75040648846907       -1.16130308832917       -0.09820240949934
N            1.79814581478848       -2.12705823572005       -0.10370072246574
C            0.57698790889998       -1.51785721292781       -0.02105717208886
C            0.80680173370742       -0.14775772255150        0.03323022767820
C           -0.30448716932402        0.79375486955046        0.13019937578681
O           -0.22206364041792        2.01081937678470        0.17276391073217
N           -1.50914678381462        0.11990532860195        0.18660765013199
C           -2.89738606492331        3.56856688758897       -0.24853256868853
C           -1.67652026948302       -1.13868286168638        0.12674464823356
O           -3.22115562244413        2.66573173048114        0.61465994574777
N           -0.66769178646384       -2.04973047845712        0.01456889026718
C           -0.91167549314828       -3.47270217433576       -0.05317820337754
H            3.49189155299387        1.37170676776536        0.88966364451969
H            3.41996922643154        1.46522896030607       -0.88043153640533
H            2.07050273176071        2.08977061231447        0.09627839207432
H            3.80431186511318       -1.34089196845718       -0.15321982282516
H           -2.45693386097668        2.01653302366491        0.87726327513361
H           -3.76394487909729        4.19477937200031       -0.47066861764050
H           -1.94306395611004        3.74885454192373       -0.72204524356406
H           -0.41576528555245       -3.99032617325686        0.77018157104993
H           -0.56218440207145       -3.88049129998485       -1.00373341044305
H           -1.98465544069158       -3.63219788759659        0.02537278178152
H            1.97648525244165       -3.11837397879874       -0.15993746204313
25
 energy: -42.097703801611 gnorm: 0.041852603257 xtb: 6.6.1 (8d0f1dd)
C            2.82866846399369        1.31637672622474        0.02370580692452
N            2.16590599449008        0.04094330221432       -0.01750010620910
C            2.74417310782743       -1.15682681120358       -0.10223747312646
N            1.79185495543482       -2.12174639700570       -0.10791532624454
C            0.57149064319684       -1.51218245032616       -0.02111772549617
C            0.80228151465985       -0.14252323750740        0.03713832898088
C           -0.30966440222714        0.79527593506134        0.15201687115834
O           -0.23134267168788        2.01118014001803        0.20566466453786
N           -1.51409573665199        0.12270943984050        0.21854035531167
C           -2.90615825975780        3.56663704955298       -0.24993379017005
C           -1.68165649715246       -1.13515670746714        0.14779780288047
O           -3.17356828551756        2.61779969393353        0.57229553623793
N           -0.67295490836584       -2.04337350842739        0.01874822249538
C           -0.91526428964319       -3.46658489753446       -0.05368663118820
H            3.49101779485866        1.37252189585508        0.88806105914656
H            3.41735668758227        1.46817933653196       -0.88139889446645
H            2.07010402083697        2.09464219834613        0.09743961216816
H            3.79816066414156       -1.33740313708167       -0.15733500010752
H           -2.40223825210191        1.97173496631988        0.80886796046357
H           -3.76012578418395        4.20879458586589       -0.45245495118474
H           -1.95313431415172        3.74545321270711       -0.71823799498166
H           -0.41643537265289       -3.98554836165333        0.76709587378168
H           -0.56629004712626       -3.87081393396423       -1.00598915690345
H           -1.98770386351098       -3.62854327752686        0.02633173936972
H            1.97005035181194       -3.11330722125770       -0.16472516534451
25
 energy: -42.099628508158 gnorm: 0.027279774564 xtb: 6.6.1 (8d0f1dd)
C            2.82276923710909        1.32500360841221        0.02131313677133
N            2.15640128077140        0.05128309544827       -0.02058761134071
C            2.73215680031416       -1.14618131804463       -0.11458856550491
N            1.77973001314811       -2.11018031212772       -0.11842234577471
C            0.56073531530900       -1.50019907905029       -0.01966098989713
C            0.79328528413862       -0.13094729095712        0.04556042453329
C           -0.31880829872485        0.80013753165666        0.19755839193569
O           -0.24971980905310        2.01600637165325        0.26400228687992
N           -1.52334010808131        0.12983198533261        0.28059259798175
C           -2.89784789653485        3.54981481646223       -0.25538259923280
C           -1.69200063030031       -1.12814246926904        0.19227865494044
O           -3.12121378666999        2.53289683234870        0.49421795498233
N           -0.68328089121983       -2.03072529263348        0.03009452735907
C           -0.92180917671064       -3.45434092950469       -0.05321617670371
H            3.48929888981922        1.37678509146830        0.88278487883531
H            3.40846896972717        1.47711929010597       -0.88579316456063
H            2.06744089310678        2.10584271103236        0.10097112365009
H            3.78596483377635       -1.32794413111128       -0.17472472155377
H           -2.34736148605590        1.88395725786370        0.69331500603751
H           -3.72389684402567        4.22672329452792       -0.43049065928463
H           -1.92918006383306        3.72145703573403       -0.70094853372569
H           -0.41770633775021       -3.97766534620651        0.76168543541481
H           -0.57406033729686       -3.84943284075300       -1.00987784670468
H           -1.99318098411436       -3.62104514156273        0.02935881463834
H            1.95758664725076       -3.10181622931104       -0.17886840164429
25
 energy: -42.100444394559 gnorm: 0.022854347638 xtb: 6.6.1 (8d0f1dd)
C            2.81944681217786        1.33188566109794        0.01997401566686
N            2.15169823479024        0.05880839537952       -0.02139719294605
C            2.72463027081049       -1.13886470792051       -0.12669149873768
N            1.77099486453983       -2.10163249212324       -0.12790291418341
C            0.55367273581092       -1.49056996272315       -0.01544052984277
C            0.78938747288476       -0.12214940137445        0.05427453002184
C           -0.31904776951034        0.80663951560100        0.22664489319719
O           -0.25203468272575        2.02265788218994        0.29403521957693
N           -1.52483801944571        0.13962368536699        0.32218237671533
C           -2.87710630313036        3.51972028143074       -0.26311378105758
C           -1.69752073296237       -1.11859496524234        0.22723915054760
O           -3.11602904891465        2.47766785614077        0.44212117887227
N           -0.69080145868830       -2.01910836342681        0.04272693234461
C           -0.92918054391681       -3.44229307210559       -0.05136605551713
H            3.49068591394535        1.38083342384621        0.87795577623106
H            3.40014235931541        1.48567934086271       -0.89010721540565
H            2.06556187899529        2.11352539181204        0.10635584568604
H            3.77773895786152       -1.32168906885476       -0.19618482339881
H           -2.34675125596962        1.82437625512503        0.63051380125087
H           -3.68503466537757        4.21443005229704       -0.43731374280947
H           -1.88694441986298        3.70192402368544       -0.66677799762663
H           -0.42211129862943       -3.97180090058390        0.75776725863601
H           -0.58332446876681       -3.82870934684665       -1.01234167635471
H           -2.00004683247322       -3.61095558286043        0.03273423939980
H            1.94724351333968       -3.09316535925994       -0.19471617223567
25
 energy: -42.101890557298 gnorm: 0.019068632594 xtb: 6.6.1 (8d0f1dd)
C            2.81846171763645        1.34280731213204        0.01829300826590
N            2.14909495780494        0.07054944525635       -0.02085069105384
C            2.71426250891535       -1.12872151424814       -0.14828833215935
N            1.75596312708538       -2.08733559752616       -0.14317795926355
C            0.54314871794121       -1.47173873644611       -0.00443508478761
C            0.78852602199087       -0.10572057165377        0.07146834123474
C           -0.30763856896664        0.82443902084392        0.26602161674574
O           -0.23715447943401        2.04106203246816        0.31838212786324
N           -1.51860332751996        0.16757020449165        0.38149728751068
C           -2.83440150799108        3.45062202495502       -0.27009664851476
C           -1.70386149633742       -1.09177548518254        0.28564571057798
O           -3.14157664813680        2.37712073277555        0.35420956353880
N           -0.70394900068040       -1.99249015268210        0.06886655582340
C           -0.94688596402396       -3.41399462346271       -0.04521388694363
H            3.49849898002733        1.38782360159346        0.86949545770606
H            3.38847231465624        1.50035480736798       -0.89788720616011
H            2.06593263801698        2.12467004617851        0.11744965923373
H            3.76531206037976       -1.31515748816459       -0.23832479348162
H           -2.38765049736247        1.71088686144607        0.53153442248413
H           -3.60992447521638        4.17593834076283       -0.45721436818246
H           -1.80270598988761        3.65576871129047       -0.58254920538632
H           -0.43808357364824       -3.95721389208576        0.75387644882724
H           -0.60401425145467       -3.78527918012894       -1.01338321149801
H           -2.01749232553675       -3.58308123068567        0.03921928042611
H            1.92670057583548       -3.07886612778368       -0.22336647477793
25
 energy: -42.103241728239 gnorm: 0.016896115598 xtb: 6.6.1 (8d0f1dd)
C            2.82538645469244        1.35014411957799        0.02099288494524
N            2.15447625853050        0.07882550401774       -0.01674183500861
C            2.70866295717177       -1.12339054760200       -0.16582688706970
N            1.74291866090875       -2.07531685873737       -0.15487154391792
C            0.53640795647608       -1.45209741736378        0.00822405158654
C            0.79543830304585       -0.08942992039918        0.09011156965999
C           -0.28429735345098        0.84982238367089        0.28980638803802
O           -0.20169796223764        2.06698533130338        0.31822531501968
N           -1.50327675601835        0.20673152970389        0.41833663798172
C           -2.79893748185346        3.37326828937876       -0.26744935498862
C           -1.70546643008746       -1.05433685840852        0.32978628928624
O           -3.18235227634170        2.28987198269422        0.29013910264933
N           -0.71536637121296       -1.96015670564536        0.09376450538134
C           -0.96893009034898       -3.37882363399091       -0.03900010340553
H            3.51324993544149        1.39156493887067        0.86594367747675
H            3.38485023492693        1.51237892308170       -0.90069041082964
H            2.07321883137189        2.13130703111156        0.13219815334923
H            3.75673115834959       -1.31585194541124       -0.27683674598912
H           -2.45056089198670        1.59923521844147        0.44834558571037
H           -3.53986984538692        4.14158509163435       -0.45074540953129
H           -1.75364816047185        3.56153333165464       -0.53503707254947
H           -0.46342340227987       -3.93732801324616        0.75178783840337
H           -0.62804533274050       -3.73749403636937       -1.01263462673953
H           -2.04028147557768       -3.54369064112355        0.04264762464267
H            1.90524459317026       -3.06709855533321       -0.24930401607391
25
 energy: -42.104330627265 gnorm: 0.018948018846 xtb: 6.6.1 (8d0f1dd)
C            2.84374122969414        1.34992949725121        0.02701620413103
N            2.17001947903687        0.08020085883114       -0.01047106950029
C            2.71076540457670       -1.12610153775939       -0.17374708625056
N            1.73543334584618       -2.06897361378684       -0.15861535477910
C            0.53659662489731       -1.43557194458981        0.01921044138704
C            0.81143925114761       -0.07697796885783        0.10628244797320
C           -0.25237872835403        0.87959605831750        0.28842925696829
O           -0.14838892484264        2.09591059272086        0.29374042704341
N           -1.48119059426718        0.25199666481889        0.41171151305359
C           -2.78954785667692        3.30027507251092       -0.25616471085426
C           -1.70102538295031       -1.01072648073237        0.33771522713090
O           -3.23009524443885        2.23670717211529        0.26992123064703
N           -0.72160491401133       -1.92696335051516        0.10939604395742
C           -0.99269935055120       -3.34142699326370       -0.03287529699561
H            3.53671394830948        1.38841105584898        0.86759558844562
H            3.39585460906948        1.51592210388006       -0.89789850174045
H            2.09194974376503        2.13064819261663        0.14603567691079
H            3.75507292652093       -1.32710483293757       -0.30030383068558
H           -2.52059758356462        1.51793975790957        0.40547691543758
H           -3.50511486222616        4.10088176906650       -0.42063862903681
H           -1.75575142855611        3.44762520215789       -0.52729499738980
H           -0.49716614101346       -3.91193883006827        0.75524866350942
H           -0.65235087336089       -3.69605167857855       -1.00753111915951
H           -2.06630698105868       -3.49470368409178        0.04304058575583
H            1.88706381709776       -3.06126454135387       -0.26410800793210
25
 energy: -42.104688067785 gnorm: 0.040190414398 xtb: 6.6.1 (8d0f1dd)
C            2.86923119346852        1.34656429395191        0.02676497168448
N            2.18936745566075        0.07991873398100       -0.00849425344263
C            2.71603172073696       -1.13101297130170       -0.17678258161101
N            1.73079460869876       -2.06373309210630       -0.15591107723996
C            0.53994894636200       -1.41889726609499        0.02911321848639
C            0.82998762428281       -0.06430903064094        0.11734467225865
C           -0.22298400341357        0.91157894625504        0.27240831236642
O           -0.09529794552588        2.12511863331020        0.26318968190732
N           -1.46178889337638        0.29964705265388        0.38476903440251
C           -2.79170711615477        3.24979447057761       -0.22283140169267
C           -1.69590875682383       -0.96416380593890        0.32697834982502
O           -3.29699406571765        2.14816687112201        0.21955630709572
N           -0.72511877540413       -1.89266295489097        0.12138745119314
C           -1.01595828492552       -3.30289904368880       -0.01888589650090
H            3.56648472928229        1.38270539223939        0.86369096886367
H            3.41662813387245        1.51224141442039       -0.90045791152613
H            2.11984931024602        2.12914909179243        0.14950329062073
H            3.75664550585419       -1.34231787401775       -0.31332830416610
H           -2.61013983794429        1.39588194802485        0.32341172816930
H           -3.47841945847790        4.08547420217413       -0.36630319317953
H           -1.75018340806976        3.37141105375293       -0.47077521962984
H           -0.53195923758208       -3.87924413057082        0.77144585212933
H           -0.67702329047012       -3.66288780210475       -0.99125042871940
H           -2.09236782489903       -3.44033650254565        0.05299014431142
H            1.87131318440921       -3.05694908884405       -0.26636209757876
25
 energy: -42.105859482508 gnorm: 0.017199420915 xtb: 6.6.1 (8d0f1dd)
C            2.88860592957982        1.33748471370072        0.02762533602743
N            2.20200985550030        0.07413029449136       -0.00852650131552
C            2.72429934120212       -1.13895710348727       -0.16688508579848
N            1.73585151789060       -2.06737934552836       -0.14678114745214
C            0.54741185401374       -1.41765662218185        0.02799003283313
C            0.84045507910449       -0.06404801159167        0.11408777377118
C           -0.21643040413953        0.92125877736606        0.24106635238443
O           -0.07619967371062        2.13136151481703        0.23936779171007
N           -1.45821259698983        0.31253077263194        0.33158213797066
C           -2.82868437423375        3.24160698781808       -0.21429416601053
C           -1.69156825456259       -0.95040904042330        0.28111713617078
O           -3.31025379564436        2.16128102430101        0.25365779721572
N           -0.72019666425114       -1.88576593156686        0.11094247164647
C           -1.02156741285183       -3.29413714109480       -0.01529314409765
H            3.58421306778241        1.37131346348102        0.86600064988991
H            3.44019197406755        1.49914717820217       -0.89756852301639
H            2.14308174713412        2.12410625315647        0.14593514804250
H            3.76403238164489       -1.35550127482654       -0.29724998887774
H           -2.62159440360705        1.40829223714098        0.35471366758027
H           -3.52275924495894        4.06145957976887       -0.35083315961782
H           -1.78517757398618        3.36157568024602       -0.46857674839245
H           -0.54614161980892       -3.86546970985999        0.78317371663611
H           -0.68337944738391       -3.66799917702205       -0.98256520956911
H           -2.10004029547997       -3.41870645957454        0.05517844400535
H            1.87248452777963       -3.06128011845343       -0.25269316370763
25
 energy: -42.106374357524 gnorm: 0.016168290189 xtb: 6.6.1 (8d0f1dd)
C            2.91477615465508        1.32845960403877        0.02709847454938
N            2.21551658320047        0.07158121043113       -0.00926318445151
C            2.73169466662870       -1.14533138740086       -0.15545811124527
N            1.73868730115095       -2.06782934082396       -0.13505280385961
C            0.55331954519509       -1.40999166320845        0.02876735394357
C            0.85151504499876       -0.05740638192001        0.10984212834784
C           -0.20844725216289        0.93689324276510        0.20857021903821
O           -0.05449211831325        2.14341840014879        0.20972675984515
N           -1.45524393827220        0.33423159550222        0.27363698913345
C           -2.86857750684458        3.22402425468469       -0.19621447119608
C           -1.69024556751222       -0.92815822782547        0.23131950096483
O           -3.32539261675060        2.13767042315034        0.26212141003039
N           -0.71764851697717       -1.87096067234836        0.10068247768151
C           -1.03115756487090       -3.27792998977449       -0.00775782500736
H            3.60848759959305        1.35635197802537        0.86747917870068
H            3.47242065738705        1.48169539197319       -0.89623147869578
H            2.17762762113785        2.12357947454057        0.14027284822217
H            3.77093781757184       -1.36983992971734       -0.27795647090088
H           -2.63885141330067        1.37212680480852        0.34002540931756
H           -3.55726318623603        4.05917106932706       -0.29189050748240
H           -1.82582714362256        3.34049125110578       -0.45809312924185
H           -0.56514352651604       -3.84238393995964        0.80114640113832
H           -0.69474754180647       -3.67066676920140       -0.96890225897956
H           -2.11141540905284       -3.38776755996885        0.06160474668182
H            1.86990182481298       -3.06319029684066       -0.23430203850457
25
 energy: -42.106593890539 gnorm: 0.017955915663 xtb: 6.6.1 (8d0f1dd)
C            2.93493529192818        1.31976150028468        0.02350469385784
N            2.22302345923239        0.06963527481417       -0.01263954740845
C            2.73700280560208       -1.15024196478973       -0.14367632625983
N            1.74203670473338       -2.06974863015055       -0.12375072509489
C            0.55740520183970       -1.40646548596620        0.02595830734965
C            0.85734115616307       -0.05360227881932        0.09871784314337
C           -0.20622027955399        0.94309200843206        0.17929574507086
O           -0.04739046721292        2.14775968026698        0.18470777341705
N           -1.45456840573105        0.34136290709208        0.22627884738884
C           -2.90042186460513        3.23339897052105       -0.17301009753009
C           -1.69029221880059       -0.92062764549804        0.18772238372200
O           -3.33464680842602        2.12646382144226        0.26632458257672
N           -0.71461198652149       -1.86576022850587        0.08690817736943
C           -1.03442605129513       -3.27260104679971       -0.00162862730367
H            3.62473673883586        1.34179511662283        0.86751800379080
H            3.50084514636292        1.46255052763455       -0.89714700216338
H            2.20704968480859        2.12425419749468        0.12923623483597
H            3.77696060647035       -1.37986987577929       -0.25377242037357
H           -2.64444951977921        1.35734984327112        0.33181270930756
H           -3.60071064638590        4.04462496244528       -0.26061664399465
H           -1.85559536236830        3.37506220109807       -0.42741815996781
H           -0.57264725217237       -3.82640977539034        0.81721335155571
H           -0.70051534250108       -3.68386307476527       -0.95670135611449
H           -2.11524090039374       -3.37315511411047        0.06887659713099
H            1.87083182386630       -3.06652734933213       -0.21254272627476
25
 energy: -42.106765078839 gnorm: 0.016646035606 xtb: 6.6.1 (8d0f1dd)
C            2.94366547611498        1.31593385334533        0.02059201451488
N            2.22330826498039        0.07070454309723       -0.01597258089976
C            2.73769841823166       -1.15064225345352       -0.13676376162017
N            1.74255886802980       -2.06966655645170       -0.11831421475703
C            0.55718604684581       -1.40410644075338        0.02131407611202
C            0.85725116213066       -0.05046653427483        0.08710954389282
C           -0.20681404948241        0.94338223717324        0.16778889508407
O           -0.05148421659721        2.14830362795518        0.17664314928926
N           -1.45401879943498        0.33972607928467        0.21415536499445
C           -2.91508942745513        3.23755856929044       -0.16558440854160
C           -1.69150537574239       -0.92210314314708        0.17305362626888
O           -3.33524600391085        2.12170770997559        0.26309180546171
N           -0.71416385941661       -1.86508120440181        0.07660810095289
C           -1.03375849087289       -3.27275298176741       -0.00013948492727
H            3.62911670442889        1.33369987389506        0.86838358375819
H            3.51638037419921        1.45101005630041       -0.89752001037194
H            2.22256844025049        2.12708919230468        0.12034647997394
H            3.77882493626372       -1.38186223766910       -0.23611158518881
H           -2.64342688053538        1.34683656232604        0.31601904186825
H           -3.61744069284652        4.05757983180808       -0.22908614590252
H           -1.87031520738343        3.39307518521237       -0.41996261424408
H           -0.57009681269968       -3.81869762519726        0.82307714271405
H           -0.70209911219355       -3.69326487794928       -0.95205046405733
H           -2.11395078409385       -3.37233210049593        0.07273784922038
H            1.87128253528636       -3.06739282489374       -0.19824378556356
25
 energy: -42.106958762042 gnorm: 0.017235782683 xtb: 6.6.1 (8d0f1dd)
C            2.95090230526978        1.31274585326434        0.01661974957556
N            2.22053492119235        0.07369351349526       -0.02015665946367
C            2.73537967053757       -1.14949431546974       -0.12762814042201
N            1.73931099456307       -2.06767323041866       -0.11182980084834
C            0.55290661120852       -1.39911009028622        0.01310844701688
C            0.85397228193887       -0.04468834828771        0.06938396032799
C           -0.20802722568747        0.94598482650560        0.15565425053061
O           -0.05894965515893        2.15260645882242        0.16481890543506
N           -1.45462926697936        0.34085952595244        0.20713964271634
C           -2.92025119750154        3.23590486362361       -0.15264186951804
C           -1.69618963466000       -0.92173028572037        0.16325885317653
O           -3.32429093043409        2.11003723580693        0.25709687757362
N           -0.71770151896103       -1.86152386852429        0.06301900623988
C           -1.03372416193017       -3.27102434448173        0.00023426461792
H            3.62938617946327        1.32644972727186        0.87013299670349
H            3.53268617297241        1.43795772668329       -0.89749767210209
H            2.23785571725908        2.13161623371597        0.10748690891115
H            3.77794186477131       -1.38198088848188       -0.21250538549385
H           -2.62940206602829        1.32822222165776        0.29281370054477
H           -3.63336345710483        4.05140214285943       -0.19564033075830
H           -1.87999857840702        3.41552980852854       -0.40812171238619
H           -0.56501099737945       -3.80745305856491        0.82708842988791
H           -0.70389684578272       -3.70012486036099       -0.94797210045914
H           -2.11290476903798       -3.37339663509438        0.07666152363616
H            1.86789509997516       -3.06657167098291       -0.17935222740999
25
 energy: -42.107153780712 gnorm: 0.014710492285 xtb: 6.6.1 (8d0f1dd)
C            2.95506658943787        1.30837278574449        0.01010933855425
N            2.21707634883917        0.07435777450927       -0.02489953325441
C            2.73457723206344       -1.15009390615886       -0.11079915446585
N            1.73857313861373       -2.06847136082067       -0.09984613767652
C            0.54990732228905       -1.39869078898312       -0.00004411098485
C            0.84947933693332       -0.04306482388452        0.04291787690309
C           -0.21231619046543        0.94399688221048        0.13061896824922
O           -0.07257730913406        2.15261616053720        0.13990581096577
N           -1.45726359704223        0.33462126948248        0.18693120938874
C           -2.92396247891076        3.25226332116289       -0.12780067452963
C           -1.70097214226404       -0.92901660373499        0.14403835399628
O           -3.31656732619326        2.11904347923100        0.26318386117347
N           -0.71926824920477       -1.86432196395986        0.04271287608179
C           -1.02790369443204       -3.27645432060174       -0.00011429908630
H            3.62300131570927        1.32269042364176        0.87183073297559
H            3.54904211772198        1.42155266324941       -0.89790223653020
H            2.24864412947853        2.13398965441436        0.08597778772289
H            3.77892810343157       -1.38179205073399       -0.17512031950274
H           -2.61776607591674        1.32633028223944        0.27924343308204
H           -3.65474379071686        4.05698990585291       -0.15453892011732
H           -1.89114198947085        3.45019173344945       -0.39618475860069
H           -0.55306987384324       -3.79880643690808        0.83261965756866
H           -0.69849334023522       -3.71606789808428       -0.94316173529812
H           -2.10635653414824       -3.38365088931809        0.08101527888625
H            1.86853847156082       -3.06834675102249       -0.14952168746810
25
 energy: -42.107337553103 gnorm: 0.015668605887 xtb: 6.6.1 (8d0f1dd)
C            2.95454049121788        1.30734112283363        0.00396011895767
N            2.21407277497414        0.07511698795088       -0.02680971587938
C            2.73222683919305       -1.15056442518074       -0.09278095325823
N            1.73512098799558       -2.06792856137570       -0.08651723288197
C            0.54555795241678       -1.39656359900067       -0.01047114829327
C            0.84499860473193       -0.04070711290892        0.02081636369800
C           -0.21631563392142        0.94676029161075        0.10211450136262
O           -0.08002597715363        2.15612502207605        0.10650613927777
N           -1.46267424249264        0.33755194146502        0.16271717709597
C           -2.91815626560025        3.25378291749222       -0.09965736603095
C           -1.70783926034168       -0.92760921375779        0.12735160393108
O           -3.29961364109214        2.11252665572106        0.26636036387819
N           -0.72377317591496       -1.86165265112985        0.02800294041474
C           -1.02562571526105       -3.27593904408325        0.00009851415264
H            3.61360243028197        1.32778234267456        0.87230744697123
H            3.55772804312667        1.41069478629676       -0.89890208437996
H            2.25025789187945        2.13576609980326        0.06513145971584
H            3.77730222968052       -1.38191191577292       -0.14110937125510
H           -2.59642036645014        1.30894015295309        0.26003119797948
H           -3.66438339020385        4.04492764133133       -0.11449552385511
H           -1.89030583417628        3.47096917654563       -0.37439943819698
H           -0.54746999209368       -3.78754437562823        0.83774650534663
H           -0.69383110034844       -3.72283602167186       -0.93843239707096
H           -2.10375524558860       -3.38843868008201        0.08352610803015
H            1.86521310924429       -3.06835099664707       -0.12192359167577
25
 energy: -42.107597921684 gnorm: 0.015790370027 xtb: 6.6.1 (8d0f1dd)
C            2.94698259618102        1.30809886455014       -0.00543918727317
N            2.21129874575441        0.07316621549717       -0.02737151520218
C            2.73116243665393       -1.15308168662192       -0.06475821602584
N            1.73405868118231       -2.07046712928460       -0.06446800149892
C            0.54320251817092       -1.39947159354837       -0.02196854376816
C            0.84060522681828       -0.04343101212667       -0.00561947277951
C           -0.22241811442431        0.94506969168605        0.05779982723597
O           -0.08781443199964        2.15427628204044        0.05285427345574
N           -1.47033798028784        0.33571270712193        0.12090437448949
C           -2.91141340372592        3.26836179847758       -0.05804844556241
C           -1.71460280364816       -0.93135508568525        0.10084451369954
O           -3.27810595693393        2.11657291432759        0.27597677689047
N           -0.72647894690919       -1.86403596214074        0.01171229084969
C           -1.02003503699108       -3.28022178639709       -0.00004133017268
H            3.59497679558026        1.34464568896345        0.87086610216100
H            3.56059294788250        1.40053948909246       -0.90194924836706
H            2.23910465473593        2.13480804716008        0.03441424814980
H            3.77685086647730       -1.38264331609524       -0.09285228126242
H           -2.56779633266679        1.29643313691588        0.23678646069924
H           -3.67230367761384        4.04758058476341       -0.05324463334663
H           -1.89091921717229        3.50169513570186       -0.34774376386425
H           -0.54110429280418       -3.77891111425099        0.84486249689706
H           -0.68226988911363       -3.73494330935285       -0.93264474010108
H           -2.09808632425326       -3.39921443278067        0.08295383864812
H            1.86528245321458       -3.07094558649725       -0.08265420591595
25
 energy: -42.108080728819 gnorm: 0.019612347362 xtb: 6.6.1 (8d0f1dd)
C            2.92959791813317        1.31399139475543       -0.02127000692872
N            2.20834224305239        0.07017483376112       -0.02654676138247
C            2.72911521966579       -1.15629136704512       -0.02253096263340
N            1.73220146625161       -2.07400822468135       -0.02818321547901
C            0.54065736319885       -1.40427403632955       -0.03336888215298
C            0.83650338007258       -0.04877023892405       -0.03828468758012
C           -0.22745359270677        0.94277546261914       -0.00821209723729
O           -0.08970928306976        2.15076953164042       -0.03390810112884
N           -1.47874702867849        0.33619436409663        0.05918722542695
C           -2.89732365742840        3.27893427080345        0.00450271061178
C           -1.72346614681429       -0.93404928135358        0.06596091217905
O           -3.24560619237523        2.11398460354648        0.28325931397303
N           -0.73081245507984       -1.86556595804984       -0.00427753964878
C           -1.01594393149904       -3.28301793535143       -0.00047618924126
H            3.56292804822385        1.38172755083187        0.86490859075304
H            3.55579245392056        1.39315227577012       -0.90949935622326
H            2.20954436562375        2.13212939618268       -0.01315172271231
H            3.77505801871956       -1.38383263199201       -0.02339433954031
H           -2.52382289773248        1.26437277928863        0.18605704960248
H           -3.66680044890141        4.05077557580893        0.04602744438699
H           -1.88254182229840        3.53651643196696       -0.29636485726313
H           -0.54129098276128       -3.76786489818276        0.85444887566603
H           -0.66599608914788       -3.74548631233703       -0.92482602516999
H           -2.09423992676160       -3.40992972528183        0.07568072293268
H            1.86444549250590       -3.07416932002523       -0.02456648317206
25
 energy: -42.109567999364 gnorm: 0.036236195668 xtb: 6.6.1 (8d0f1dd)
C            2.89268083841024        1.32925408281574       -0.04891292416081
N            2.20138959961114        0.06682720036088       -0.02466923929867
C            2.72377242978871       -1.15813458119127        0.04695719845740
N            1.72900086127001       -2.07826278896743        0.03540863556405
C            0.53667376470678       -1.41345747089452       -0.04721708143049
C            0.82924533753987       -0.05917802922027       -0.08703693731237
C           -0.23644124671483        0.93512931682545       -0.11441410500882
O           -0.09149506359094        2.14035662640195       -0.17822383687238
N           -1.49272785740427        0.33356757190114       -0.04065327300808
C           -2.86749201672109        3.29287663733296        0.10922248939606
C           -1.73867843857469       -0.94234088213563        0.01164806383643
O           -3.18193387788521        2.11018896391697        0.29158096621857
N           -0.73799069731475       -1.86959089159716       -0.02418876376150
C           -1.01121242821450       -3.28826741211534       -0.00201748504316
H            3.50292567153962        1.45333985443439        0.85125410223317
H            3.53802113660553        1.38996450065025       -0.92384653244259
H            2.14697965033257        2.12735064420925       -0.09245394823863
H            3.76988088581772       -1.38179253828526        0.09055289534431
H           -2.43729555743985        1.20357374588479        0.08213733608889
H           -3.63870372295027        4.06246794396860        0.22535655120142
H           -1.86383878546040        3.58388469919256       -0.21452554229565
H           -0.54909629445326       -3.75452803874569        0.86965748137548
H           -0.63718873687497       -3.76050045060950       -0.91270459255967
H           -2.09003251977843       -3.42719601362889        0.05607885225845
H            1.86398858187790       -3.07729414898314        0.07218130750029
25
 energy: -42.112281193299 gnorm: 0.053926945473 xtb: 6.6.1 (8d0f1dd)
C            2.86703180842052        1.34127299763243       -0.07421447608991
N            2.19646501746828        0.06646110916695       -0.02470243572361
C            2.71701825057931       -1.15761161279370        0.11218981678651
N            1.72210770380253       -2.07777919680723        0.09538627386869
C            0.53102852989888       -1.41552362980713       -0.06246864892829
C            0.82419379218726       -0.06331042934198       -0.13780165742255
C           -0.23995206545725        0.93518789309214       -0.22039884078020
O           -0.08704761601540        2.13701898623332       -0.32003293910834
N           -1.50304329960956        0.34061839438695       -0.14502468843449
C           -2.84092935652950        3.28661184926608        0.21420263834410
C           -1.75571097326070       -0.94120258206978       -0.04774511809361
O           -3.12960389612934        2.09748552329069        0.30146602544132
N           -0.74777417066521       -1.86433361827810       -0.04738923507474
C           -1.01158554421104       -3.28455371473889       -0.00048926361467
H            3.45441207457592        1.51069069112399        0.83824226995067
H            3.53182345047787        1.38332967579662       -0.93556297685423
H            2.10409751913888        2.12425091051855       -0.16393482195800
H            3.76244702077156       -1.37945074247935        0.20079529063265
H           -2.36580304403505        1.12437661090192       -0.02842908070447
H           -3.61175384203261        4.05452380665072        0.40499958786901
H           -1.84642735419827        3.61041033202665       -0.12957536972471
H           -0.56152586349205       -3.72991171856110        0.88914377243962
H           -0.61579318154132       -3.77109684017715       -0.89584044329642
H           -2.09083177425174       -3.43323828790508        0.04182842753216
H            1.85758832823978       -3.07598786560393        0.16652751098886
25
 energy: -42.115711630531 gnorm: 0.048405545267 xtb: 6.6.1 (8d0f1dd)
C            2.87730439655800        1.33774062117068       -0.07647679980749
N            2.19692193890646        0.07031140104953       -0.03082289273087
C            2.71683992511957       -1.15002540816962        0.10371028274138
N            1.72440172327917       -2.07289827344903        0.09294268012939
C            0.53454912323671       -1.41420440743513       -0.05523349487439
C            0.82978180284176       -0.06280551828878       -0.13474851960055
C           -0.22943070880971        0.92729226687138       -0.21242438004459
O           -0.08448899099209        2.12972117362218       -0.30560577180643
N           -1.48435471430353        0.32367631183987       -0.13134951416203
C           -2.89367124678495        3.30209929677675        0.11990121704518
C           -1.74716941143179       -0.95665399499715       -0.05258766279080
O           -3.18330040604648        2.12342208539084        0.27785073726021
N           -0.74145884788580       -1.87032304649722       -0.04884181412223
C           -1.01518465412269       -3.28857378541013       -0.00070266377964
H            3.46041980939085        1.49642620992004        0.83310569995052
H            3.54408059906026        1.38195936979819       -0.93681235878899
H            2.12360609104564        2.12249775020152       -0.16274612594878
H            3.76076650820890       -1.37180213363413        0.19614815167692
H           -2.34448819856314        1.10444843836763        0.00798042071239
H           -3.60185890096924        4.08365121313902        0.44820647712054
H           -1.85794088792239        3.61474047436907       -0.09890074640128
H           -0.57040078285980       -3.73452467937583        0.89072958094523
H           -0.62170955840881       -3.77918056435224       -0.89285565447642
H           -2.09359059368640       -3.42817588969283        0.03600575685351
H            1.86080749927130       -3.07058036969105        0.16469901294456
25
 energy: -42.120660806259 gnorm: 0.059110834034 xtb: 6.6.1 (8d0f1dd)
C            2.89423699305077        1.33205248042659       -0.07982080284826
N            2.19503457094744        0.07910638948941       -0.04258588097026
C            2.71401224543251       -1.13405345465585        0.08741049469521
N            1.72561895339050       -2.06184836798471        0.08880402499070
C            0.53860700683750       -1.40885594710920       -0.03889566485320
C            0.83897870575887       -0.05918976675060       -0.12807691131212
C           -0.20827708993592        0.91550785055231       -0.19860807510975
O           -0.08004116237089        2.11897217532700       -0.28529257473065
N           -1.44656877803619        0.29311299496945       -0.11146369313101
C           -2.91101641273488        3.32626229895781        0.20436324685631
C           -1.73481104845120       -0.98477278643617       -0.06739256400249
O           -3.29505797619447        2.17290269401466        0.22199069343559
N           -0.73228399552398       -1.87848565150109       -0.05237914781560
C           -1.02360798374075       -3.29352055763916       -0.00106502037720
H            3.46842066366193        1.47136910985559        0.82400192531069
H            3.56441898920726        1.37995753524219       -0.93870509137445
H            2.15740450914628        2.11925454932971       -0.16134068012321
H            3.75475525699544       -1.35774649660056        0.18902244642924
H           -2.29002714086981        1.06317613088583        0.03628358854786
H           -3.59905690376202        4.12399562238077        0.40204681749698
H           -1.91282533582057        3.60821917738286       -0.11211867445653
H           -0.58693318298445       -3.73986795715861        0.89320251932567
H           -0.63367827745363       -3.79184727822856       -0.88683763498198
H           -2.09983486171345       -3.41668406322703        0.02589100664419
H            1.86296376929558       -3.05877813999908        0.16273727039965
25
 energy: -42.124521757872 gnorm: 0.040041717422 xtb: 6.6.1 (8d0f1dd)
C            2.90450141045510        1.32933248821000       -0.08163435909362
N            2.20029385965616        0.07763816285840       -0.04725892789224
C            2.72109892055900       -1.13854828724875        0.07619998900829
N            1.72984949263877       -2.06397366513013        0.08329638611637
C            0.54054324187202       -1.40765510835709       -0.03424592201062
C            0.83979560074684       -0.05539732985108       -0.11799755481964
C           -0.21144945568602        0.92633405262025       -0.17047574122634
O           -0.08602673633031        2.13068825526383       -0.26075070349843
N           -1.45214618781971        0.30263682537497       -0.08097040792139
C           -2.93520606218599        3.32251783068654        0.17452282084257
C           -1.74163640878680       -0.98082954198825       -0.04883318814927
O           -3.31726467598111        2.17361707172434        0.19740983333747
N           -0.73232914579885       -1.87489351380745       -0.04645185835315
C           -1.02335064258098       -3.29150385071978       -0.00197648061638
H            3.48708451366588        1.45950705763617        0.82436300467400
H            3.57275704026710        1.37203182956786       -0.94251283221165
H            2.17191292069787        2.12735701985418       -0.16038916072604
H            3.76263075445295       -1.36438811888467        0.17334615290348
H           -2.27885464704625        1.04152485948048        0.01014872031950
H           -3.61258743849474        4.13720608041285        0.40325032776529
H           -1.91697072534053        3.59985693055773       -0.10301546066258
H           -0.59106739443921       -3.74366751625616        0.89184624424060
H           -0.63503548854918       -3.79174643513533       -0.88918223478975
H           -2.10202550254518       -3.40822773507290        0.02509743064400
H            1.86591427070507       -3.06117882027245        0.15738554016493
25
 energy: -42.127053332366 gnorm: 0.028087068281 xtb: 6.6.1 (8d0f1dd)
C            2.92445706040486        1.32299025887899       -0.08279552622487
N            2.20873047977353        0.07543546997830       -0.05128860848807
C            2.73235039766499       -1.14584092135541        0.05545315621166
N            1.73660038120753       -2.06704514950454        0.07141588437647
C            0.54458064152230       -1.40518235655865       -0.02363209694066
C            0.84247998019021       -0.04989179889173       -0.09979981197284
C           -0.21270648707845        0.94133595878010       -0.13518319144772
O           -0.09133059302290        2.14549450244354       -0.21858999538225
N           -1.45850374237463        0.31405612843773       -0.04258082955706
C           -2.98409768719809        3.32869245598780        0.13868963825746
C           -1.75340953660581       -0.97969619292797       -0.02526717527225
O           -3.37387093212233        2.19461628055446        0.15702753369400
N           -0.73053307664139       -1.86827070257153       -0.03664787547349
C           -1.02329590995399       -3.28648995135314       -0.00197789807578
H            3.51859430347342        1.44082971990781        0.82509309845616
H            3.58992712411871        1.35669872446827       -0.94645296087143
H            2.20148913573828        2.13771307139706       -0.15608755073304
H            3.77514018091316       -1.37560292463607        0.14023898492312
H           -2.23820026813135        0.96338653260081       -0.00524384620779
H           -3.64023042627791        4.17669841128215        0.38973049715029
H           -1.93686582593229        3.59134103047454       -0.08959213490201
H           -0.60174118681026       -3.74748425470867        0.89280561212407
H           -0.63332898719872       -3.78760587827311       -0.88981288256942
H           -2.10575511811554       -3.39307655982510        0.02009943455870
H            1.86995160658864       -3.06486331306205        0.14557016241221
25
 energy: -42.127870434513 gnorm: 0.007221277897 xtb: 6.6.1 (8d0f1dd)
C            2.92768015170416        1.31960346499815       -0.08229604819579
N            2.21285568496280        0.07167862701031       -0.04661379882615
C            2.73470421231964       -1.15037897818736        0.05396479794897
N            1.73893957475332       -2.07089598085906        0.06886526280707
C            0.54771168189309       -1.40832783514480       -0.02176481759704
C            0.84617372331226       -0.05367666219170       -0.09303299103444
C           -0.20832176572147        0.93712021708258       -0.12760608253922
O           -0.08467197395920        2.14038756978536       -0.21050024672426
N           -1.45499038671519        0.31013206192858       -0.04346867679803
C           -2.99302075047253        3.34344161353210        0.14404397813997
C           -1.74681727054167       -0.98215956317412       -0.02005911287028
O           -3.38573769494442        2.20575047422341        0.14780299682985
N           -0.72676189820644       -1.87113901254781       -0.02961964525912
C           -1.01992591145668       -3.28849587218459        0.00017747859695
H            3.52392595488755        1.44069912232234        0.82247809560759
H            3.58988472181796        1.35401882086162       -0.94807344449993
H            2.20376292916620        2.13190032497533       -0.15237317920964
H            3.77806787369046       -1.38045030868309        0.12799216156183
H           -2.26295847223473        0.97770454572551       -0.01464361974533
H           -3.65595963564526        4.18620783192972        0.37796682096089
H           -1.94751054630409        3.60699473298076       -0.08352499125902
H           -0.59832039329658       -3.75147721059891        0.89361745276609
H           -0.62850320749225       -3.78363962398979       -0.88973633506170
H           -2.10185953683214       -3.39761022199079        0.02039423848429
H            1.87208444944721       -3.06914959628017        0.13718132396191
25
 energy: -42.128234697481 gnorm: 0.005221728437 xtb: 6.6.1 (8d0f1dd)
C            2.93565914920128        1.31386949967163       -0.08077335164885
N            2.21788234474835        0.06751557958858       -0.04161384093837
C            2.73837432943255       -1.15639905595650        0.04665824041569
N            1.74174377658822       -2.07534338311461        0.06210601281115
C            0.55094183676728       -1.41048125214440       -0.01659421681101
C            0.84989400488444       -0.05592583456901       -0.08081962422094
C           -0.20399493367285        0.93651745741063       -0.11414492522988
O           -0.07861124261759        2.13931917072711       -0.18966387946049
N           -1.45252919682046        0.30885218912402       -0.04058984225248
C           -3.01605193279065        3.36198062711784        0.13826007159517
C           -1.74372598478792       -0.98425915440423       -0.01306954301863
O           -3.40208792008147        2.22441607955421        0.14078886372513
N           -0.72346930330893       -1.87217889313452       -0.02012636263788
C           -1.01657189826509       -3.28944233971548        0.00293578032532
H            3.53675143658586        1.43435740001128        0.82097664237198
H            3.59390899045207        1.34639085230591       -0.94947276769586
H            2.21364042115432        2.12768726132694       -0.14626906556130
H            3.78265858596855       -1.38777965877823        0.10540500344942
H           -2.26473134544587        0.96890019541034       -0.01894481387059
H           -3.68520275813605        4.20241548340195        0.35677240681845
H           -1.96986737215002        3.62746190405274       -0.07983105963784
H           -0.59840367524126       -3.75639637467291        0.89580694694246
H           -0.62138867910969       -3.77927109713099       -0.88811888938604
H           -2.09848554398307       -3.39967608080704        0.01831863121853
H            1.87409842476011       -3.07429203375167        0.12317520074238
