25
 energy: -42.028701753370 gnorm: 0.003940685555 xtb: 6.6.1 (8d0f1dd)
C            4.01766241747406       -0.09944978330323       -0.71385531244441
N            2.73365858414132       -0.71107867138556       -0.50108041534085
C            1.91788690591663       -0.42957222627792        0.51941247230259
N            0.80767403998288       -1.15557933779318        0.39999445443901
C            0.94492593114675       -1.91647426633065       -0.74794184302103
C            2.18003342748113       -1.63943700788634       -1.32852663801065
C            1.67472123482421        2.70592494471993        0.19569459531637
O            1.20596904336559        3.73122862049387        0.19523408573444
N           -2.84167180828451        1.75000492263799        1.00928026200915
C           -3.88818103386017        2.68870187168035        0.93742519703259
C           -2.41004068057622        0.65952840775069        1.09285729680737
O           -1.77094578395393       -0.31887712578660        1.17455169997339
N            0.01190471861576       -2.79979133843814       -1.20719650033538
C           -1.14809319436484       -3.10776810761827       -0.68573190234737
H            4.72751523354884       -0.42032331636845        0.04909352862818
H            4.38491696769108       -0.40264390475480       -1.69147917925226
H            3.92254649831628        0.98582407591358       -0.67565732841114
H            2.12450882756025        0.27036869467064        1.30391053382907
H           -3.44233311927990        3.66750810775869        0.75901397299641
H           -4.56554257766229        2.44674873240604        0.11601477079635
H           -4.44597635250324        2.71364903340495        1.87504737050177
H           -1.49679148944865       -2.63513894500328        0.21534506997220
H            0.30550267433412       -3.26365928071119       -2.06507581310523
H           -1.76676829067267       -3.83797995729419       -1.17274378828075
H           -0.02265065958985       -1.06347560067460        0.97758502812979
