25
 energy: -83.741361053327 gnorm: 25.765857691926 xtb: 6.6.1 (8d0f1dd)
C            3.21786164340000        1.13591514650000        0.01837059260000
N            2.27034809790000        0.05199982890000        0.00038279530000
C            2.54167221030000       -1.23971668410000       -0.00834188300000
N            1.39367826450000       -1.95088267900000       -0.00850347120000
C            0.35269634020000       -1.06748964300000        0.00059917290000
C            0.90759959010000        0.20069750900000        0.00663590170000
C            0.07590235260000        1.39864294500000       -0.00284827040000
O            0.48715076820000        2.53168346660000       -0.01725767220000
N           -1.27221500230000        1.06666939660000        0.00165480230000
C           -2.23229981500000        2.16656245330000       -0.00245172030000
C           -1.84872931540000       -0.19179276200000        0.00496135950000
O           -3.03273030250000       -0.36103538130000        0.00858583760000
N           -0.96599111670000       -1.30060631840000        0.00174701630000
C           -1.52030655580000       -2.64076660390000       -0.00239033190000
H            3.71480285180000        1.18589984860000        0.98803183970000
H            3.97079415090000        0.99383197990000       -0.75543416370000
H            2.68321036910000        2.07051068580000       -0.15067179540000
H            3.52469367910000       -1.66989040330000       -0.01523639120000
H           -1.67672429040000        3.10039111610000        0.00486339690000
H           -2.85755792270000        2.10547813320000       -0.89185337000000
H           -2.87119733260000        2.09858159720000        0.87661144540000
H           -1.20589108080000       -3.18768007210000        0.88663215920000
H           -1.21982032550000       -3.17678505510000       -0.90288069810000
H           -2.60531402170000       -2.54255916880000        0.00649952960000
H            1.32879827740000       -2.95942079410000       -0.01653446370000
25
 energy: -113.445419831446 gnorm: 33.647577286351 xtb: 6.6.1 (8d0f1dd)
C            3.21785696021644        1.13592180073295        0.01837208388917
N            2.27036209955255        0.05209628323126        0.00038123811257
C            2.54173400141586       -1.23977300510642       -0.00834202365726
N            1.39363943931146       -1.95091009715767       -0.00850342060620
C            0.35278701196211       -1.06747843741316        0.00059907044200
C            0.90755368530631        0.20073713017164        0.00663564612172
C            0.07590032479720        1.39858401371487       -0.00284759564063
O            0.48714720835524        2.53172662276968       -0.01725792527020
N           -1.27278821772058        1.06674685443926        0.00165654881983
C           -2.23232611214912        2.16654919477198       -0.00245132689816
C           -1.84807832297907       -0.19348937311034        0.00496007452137
O           -2.96093055150026       -0.72775999220487        0.00823339889422
N           -0.96534713282966       -1.30049468582818        0.00174342510652
C           -1.52102779048452       -2.64017897636880       -0.00238474349531
H            3.71480147738105        1.18590909525798        0.98803298755012
H            3.97079157774532        0.99384169232179       -0.75543512232171
H            2.68320742576508        2.07051536964855       -0.15067193890267
H            3.52469300737140       -1.66988026502532       -0.01523645333163
H           -1.67673000228239        3.10038856366510        0.00486345552343
H           -2.85756925215156        2.10546652897348       -0.89185356027692
H           -2.87120882467827        2.09856970118457        0.87661168704141
H           -1.20601000543831       -3.18768026594734        0.88665867997377
H           -1.21993663425237       -3.17678481986765       -0.90290468411103
H           -2.67689609916889       -2.17497133706715        0.00684658152857
H            1.32880624055499       -2.95941305418620       -0.01653446511298
25
 energy: -150.962609989112 gnorm: 40.818774344529 xtb: 6.6.1 (8d0f1dd)
C            3.21785456335154        1.13592937873088        0.01837362692314
N            2.27038592384539        0.05218654980041        0.00037962897892
C            2.54177829307796       -1.23982799237707       -0.00834207161268
N            1.39363395011617       -1.95092291061033       -0.00850339629311
C            0.35286803406603       -1.06749513449524        0.00059879211728
C            0.90750225183602        0.20081369311285        0.00663538896123
C            0.07604596416409        1.39848366577665       -0.00284735489993
O            0.48708051681265        2.53173218836667       -0.01725745448084
N           -1.27373877095348        1.06653828693827        0.00166004221534
C           -2.23239132204427        2.16654190177300       -0.00245117588156
C           -1.84757040440843       -0.19552149853541        0.00495865360900
O           -2.88912461539306       -1.09430058537382        0.00788104839477
N           -0.96408860968241       -1.30042441509769        0.00173702468083
C           -1.52196385862810       -2.63945761348725       -0.00237684875343
H            3.71480084956577        1.18591725256368        0.98803396285481
H            3.97078947090487        0.99385055914367       -0.75543584032194
H            2.68320806169618        2.07051790598924       -0.15067231885797
H            3.52469381799226       -1.66987038134436       -0.01523647229781
H           -1.67674030431298        3.10039407805574        0.00486358883205
H           -2.85757795243723        2.10546824601164       -0.89185965114338
H           -2.87121791863654        2.09857110715742        0.87661770042049
H           -1.20618851343026       -3.18764520513932        0.88666478970320
H           -1.22011154315998       -3.17674985977321       -0.90290706478272
H           -2.74830209479026       -1.80708012618922        0.00719148702589
H            1.32880572454811       -2.95941054939721       -0.01653446749158
25
 energy: -40.962976083848 gnorm: 5365.009974594914 xtb: 6.6.1 (8d0f1dd)
C            3.21785045608142        1.13594148616813        0.01837666130923
N            2.27038023845389        0.05236623960597        0.00037686950225
C            2.54190552910096       -1.23993887809248       -0.00834235557311
N            1.39358549415332       -1.95097317925812       -0.00850353278046
C            0.35305661994199       -1.06755417300280        0.00059854295252
C            0.90743990464026        0.20091460434726        0.00663517572924
C            0.07627644132056        1.39830927954437       -0.00284654587914
O            0.48699117497223        2.53179017398057       -0.01725755535056
N           -1.27482730203096        1.06630562555488        0.00166360064676
C           -2.23245348063954        2.16653658825402       -0.00245077693629
C           -1.84669194834491       -0.19763709327745        0.00495624347565
O           -2.81797383324340       -1.46037445230774        0.00752944015596
N           -0.96287674656542       -1.30028072339859        0.00173130334745
C           -1.52171867237253       -2.63951740661330       -0.00237757569824
H            3.71479958034638        1.18592900705686        0.98803555123004
H            3.97078539362285        0.99386309661937       -0.75543721035888
H            2.68320712608350        2.07052038021063       -0.15067246897385
H            3.52468926543106       -1.66985466082577       -0.01523653962314
H           -1.67675221997080        3.10039911492244        0.00486386966875
H           -2.85758750039678        2.10547350711414       -0.89186725235076
H           -2.87122785888286        2.09857615367604        0.87662554710081
H           -1.20631479079171       -3.18761387846130        0.88668001419412
H           -1.22023833217738       -3.17671762718216       -0.90291973172017
H           -2.82068139067899       -1.43882417776614        0.00754497082345
H            1.32880836604686       -2.95940046526884       -0.01653462699161
