25
 energy: -43.074611064961 gnorm: 2.572840985658 xtb: 6.6.1 (8d0f1dd)
C            3.21786164340000        1.13591514650000        0.01837059260000
N            2.27034809790000        0.05199982890000        0.00038279530000
C            2.54167221030000       -1.23971668410000       -0.00834188300000
N            1.39367826450000       -1.95088267900000       -0.00850347120000
C            0.35269634020000       -1.06748964300000        0.00059917290000
C            0.90759959010000        0.20069750900000        0.00663590170000
C            0.07590235260000        1.39864294500000       -0.00284827040000
O            0.48715076820000        2.53168346660000       -0.01725767220000
N           -1.27221500230000        1.06666939660000        0.00165480230000
C           -2.23229981500000        2.16656245330000       -0.00245172030000
C           -1.84872931540000       -0.19179276200000        0.00496135950000
O           -3.03273030250000       -0.36103538130000        0.00858583760000
N           -0.96599111670000       -1.30060631840000        0.00174701630000
C           -1.52030655580000       -2.64076660390000       -0.00239033190000
H            3.71480285180000        1.18589984860000        0.98803183970000
H            3.97079415090000        0.99383197990000       -0.75543416370000
H            2.68321036910000        2.07051068580000       -0.15067179540000
H            3.52469367910000       -1.66989040330000       -0.01523639120000
H           -1.67672429040000        3.10039111610000        0.00486339690000
H           -2.85755792270000        2.10547813320000       -0.89185337000000
H           -2.87119733260000        2.09858159720000        0.87661144540000
H           -1.20589108080000       -3.18768007210000        0.88663215920000
H           -1.21982032550000       -3.17678505510000       -0.90288069810000
H           -2.60531402170000       -2.54255916880000        0.00649952960000
H            1.32879827740000       -2.95942079410000       -0.01653446370000
25
 energy: -47.372226777641 gnorm: 6.114990635294 xtb: 6.6.1 (8d0f1dd)
C            3.20486014927550        1.13546071014343        0.02877058411286
N            2.27207619005068        0.05472513756912        0.00184514022117
C            2.54583084403921       -1.24084617502735       -0.00840767770826
N            1.40855342844288       -1.94743336261379       -0.00959765510109
C            0.63967003660747       -0.90046690537065       -0.07029181053140
C            0.92251488758235        0.21812405116565        0.00584189346834
C            0.07594791568913        1.39889567982652       -0.00281179199806
O            0.48686956794452        2.53191531596926       -0.01716177314075
N           -1.27253699204635        1.06658388272061        0.00155749438323
C           -2.23224964909383        2.16654525129714       -0.00246089381523
C           -1.84716800967776       -0.19216027070364        0.00495751632718
O           -3.03271490625028       -0.36148436737562        0.00868925567866
N           -0.93854433654445       -1.29079634532051        0.00033327070590
C           -1.51815890499810       -2.63934341083477       -0.00228723536365
H            3.71576810614215        1.18573059600644        0.98777580816464
H            3.63120742002897        0.79324394920528       -0.69283519444118
H            2.68336919323703        2.07073773826263       -0.15110833234486
H            3.52489319087563       -1.67005408981442       -0.01515020784249
H           -1.67668828096536        3.10041737528124        0.00485359283189
H           -2.85755614811701        2.10549904669802       -0.89187112736295
H           -2.87120181789246        2.09860394409915        0.87660407291491
H           -1.20585359368489       -3.18768421772495        0.88659033309435
H           -1.21987228918075       -3.17677461116047       -0.90287048341182
H           -2.60518366358519       -2.54240185028156        0.00654075464680
H            1.32659917622092       -2.95879853041675       -0.01633391558820
25
 energy: -55.304675493858 gnorm: 9.929907586587 xtb: 6.6.1 (8d0f1dd)
C            3.19185850620984        1.13810311485153        0.04289766446447
N            2.27468044189964        0.05741001489002        0.00423264156710
C            2.55040218119367       -1.24169064868614       -0.00820235991602
N            1.42143130699997       -1.94567767920695       -0.01057400078669
C            0.93274755198598       -0.74048105146640       -0.14291663232555
C            0.93733999562917        0.24435098493596        0.00618076846466
C            0.07492124191907        1.39998467770037       -0.00277810263758
O            0.48678846587011        2.53221731986491       -0.01708473835580
N           -1.27216847459878        1.06703617286718        0.00147117524728
C           -2.23212448851519        2.16658942868092       -0.00248836495998
C           -1.84533493887678       -0.19375405501747        0.00487398723697
O           -3.03262942578934       -0.36162370373910        0.00875356254551
N           -0.91783785555520       -1.28250847544762       -0.00091882025274
C           -1.51616569677483       -2.63808092357080       -0.00230900663592
H            3.71672475988192        1.18566182614009        0.98772205243806
H            3.29244404832972        0.58968317180956       -0.63480331882718
H            2.68335936575445        2.07111636268740       -0.15128787414179
H            3.52534338920888       -1.67007352400694       -0.01500766769643
H           -1.67665058159196        3.10047873043497        0.00483157426876
H           -2.85751475068456        2.10553606812123       -0.89191156788107
H           -2.87118377890180        2.09864017114556        0.87656537308019
H           -1.20585595947742       -3.18764998450918        0.88655567122849
H           -1.21993040863610       -3.17675789029509       -0.90289477578944
H           -2.60497633459092       -2.54209370359255        0.00653139771088
H            1.32476295321044       -2.95817786299146       -0.01626702014619
25
 energy: -67.230035117535 gnorm: 14.028414580810 xtb: 6.6.1 (8d0f1dd)
C            3.18511034540059        1.14323661952708        0.05456447120999
N            2.27820540598524        0.06001209181620        0.00749407261482
C            2.55598742243515       -1.24319069101674       -0.00766613127450
N            1.43025113209954       -1.94506595101478       -0.01137074642229
C            1.23599332755770       -0.60003093483231       -0.21979520910554
C            0.94423486308080        0.28877161636793        0.01128210532979
C            0.07326765572644        1.40154315683738       -0.00274166803785
O            0.48706878274537        2.53282865465911       -0.01716354076604
N           -1.27147286227957        1.06773677875916        0.00135430531841
C           -2.23179693841839        2.16681095704543       -0.00261147811883
C           -1.84349304549188       -0.19586831170533        0.00482260699836
O           -3.03291125265554       -0.36129295620578        0.00881814017046
N           -0.90427658692046       -1.27681822355747       -0.00188400332488
C           -1.51521962746318       -2.63672712526044       -0.00221533421444
H            3.71773967519671        1.18539969349448        0.98765325332181
H            2.95530839573284        0.38812745219890       -0.57649210760136
H            2.68353424139781        2.07134237451782       -0.15151586173772
H            3.52583800402910       -1.67033736013095       -0.01480126568087
H           -1.67638996786455        3.10067643860699        0.00467362135098
H           -2.85731218077589        2.10574011923551       -0.89203727084228
H           -2.87099592156936        2.09892428782934        0.87644002680475
H           -1.20605145406199       -3.18742499731796        0.88665088378669
H           -1.22016595989620       -3.17663273744898       -0.90275246972315
H           -2.60506392640297       -2.54174098120013        0.00664299644369
H            1.32304198651269       -2.95778142960445       -0.01617777860000
25
 energy: -82.748154243884 gnorm: 16.879867749463 xtb: 6.6.1 (8d0f1dd)
C            3.18218832255429        1.14566537702884        0.05968639105580
N            2.28337911649097        0.06339010806995        0.01268471118867
C            2.56307959490244       -1.24670678033053       -0.00650322040877
N            1.43521437565742       -1.94454772856885       -0.01217887772618
C            1.54937573681190       -0.45556262868021       -0.29922129316591
C            0.93591729251800        0.32784232448866        0.01960345015825
C            0.07165254101032        1.40283995567044       -0.00266123479370
O            0.48750008763242        2.53367919202346       -0.01736146843339
N           -1.27105339749155        1.06829049977098        0.00123392746445
C           -2.23141328484216        2.16708800744632       -0.00276054432458
C           -1.84195719075217       -0.19764909751618        0.00487719743683
O           -3.03329635825292       -0.36084297015150        0.00893399021882
N           -0.89508993042140       -1.27297466108444       -0.00236712857551
C           -1.51478808226801       -2.63535848668341       -0.00194734372096
H            3.71854617099289        1.18501682731943        0.98748271628225
H            2.62540928651196        0.19362032092745       -0.51563267784809
H            2.68382246885014        2.07135839556102       -0.15189289546294
H            3.52637178807399       -1.67069750090387       -0.01465117861547
H           -1.67604820780745        3.10091388796165        0.00445625295502
H           -2.85708174590996        2.10598753807207       -0.89216093962833
H           -2.87073087899562        2.09930747797204        0.87631981154825
H           -1.20629151913324       -3.18712102778664        0.88687177736182
H           -1.22047412923109       -3.17647136063789       -0.90245831623929
H           -2.60530160925955       -2.54143206646632        0.00690046038972
H            1.32150106645838       -2.95739706190249       -0.01608194921673
25
 energy: -100.322002618425 gnorm: 18.265604576432 xtb: 6.6.1 (8d0f1dd)
C            3.17954025876616        1.14694482662932        0.06408175154495
N            2.29584630550354        0.07870594859922        0.05540717151107
C            2.57084092974499       -1.25299107347425       -0.00427809420690
N            1.43944413556047       -1.94459317872092       -0.01276320771991
C            1.85344342812073       -0.29001281684854       -0.38819872875485
C            0.92605488377211        0.34713547137187        0.02531858167068
C            0.07014260058937        1.40386109383447       -0.00242011669514
O            0.48733268076486        2.53452860335863       -0.01686439604881
N           -1.27117318936876        1.06845143707457        0.00118654408455
C           -2.23148744636425        2.16690492976949       -0.00275602695914
C           -1.84063980025062       -0.19925305872578        0.00463565121928
O           -3.03350845791231       -0.36106872426677        0.00855810571636
N           -0.88705022614079       -1.26974328374309       -0.00326142537228
C           -1.51382738399771       -2.63437062773114       -0.00246212985643
H            3.71896763746019        1.18516631230193        0.98806361601478
H            2.30026471552332       -0.00627302392404       -0.47883793370320
H            2.68368549565858        2.07178272069554       -0.15148936870779
H            3.52735044842475       -1.67043597330972       -0.01456041624281
H           -1.67630968079627        3.10079853625907        0.00469685934240
H           -2.85715870777020        2.10587016865389       -0.89221321993708
H           -2.87100900750029        2.09892558614265        0.87627305350478
H           -1.20605600245933       -3.18728115002136        0.88621648891872
H           -1.22005771316903       -3.17637444172164       -0.90302868849137
H           -2.60505924873452       -2.54162045329459        0.00623549569667
H            1.32085485867502       -2.95681928730881       -0.01636794862853
25
 energy: -103.176640716654 gnorm: 32.064756382996 xtb: 6.6.1 (8d0f1dd)
C            3.18147505413046        1.14868219054263        0.06522453593710
N            2.32576072283211        0.11120855251684        0.13108857582211
C            2.57870013813821       -1.26127718071336       -0.00179035672365
N            1.43789521043403       -1.94648766395831       -0.01286852584640
C            2.15266872788629       -0.12994233332332       -0.49402255861894
C            0.90773488630613        0.36176140530260        0.03188578178377
C            0.06863719643204        1.40464858039648       -0.00222386370069
O            0.48715014108882        2.53560254551562       -0.01638752849513
N           -1.27124451437261        1.06866750701994        0.00126848426756
C           -2.23163594728414        2.16660409898081       -0.00263240713780
C           -1.83951334502823       -0.20111901651188        0.00447896246465
O           -3.03371637512450       -0.36128577473571        0.00829595753124
N           -0.88950773042217       -1.27005718651099       -0.00362315222716
C           -1.51333524536057       -2.63359653348362       -0.00295130940768
H            3.71909988017583        1.18555460833711        0.98862968346903
H            1.98257269663897       -0.20563724386100       -0.45776007098104
H            2.68333807611815        2.07228866869128       -0.15106461270782
H            3.52844418841762       -1.66989882644614       -0.01469181220318
H           -1.67671877011460        3.10060344467654        0.00504634564967
H           -2.85739337251145        2.10561579172370       -0.89211292059896
H           -2.87135239587568        2.09839311828519        0.87638414157690
H           -1.20562371092459       -3.18749753144303        0.88561778353047
H           -1.21949846402579       -3.17632888384201       -0.90355463763410
H           -2.60471047958421       -2.54196001447253        0.00566745632658
H            1.32120494612990       -2.95630378108685       -0.01673233417652
25
 energy: -92.137221032918 gnorm: 19.574698272179 xtb: 6.6.1 (8d0f1dd)
C            3.18406988039770        1.14844331953388        0.06221771298786
N            2.34038810872737        0.13490590698576        0.20366786732901
C            2.58031656863462       -1.26840084926745       -0.00136832337404
N            1.43633349767226       -1.94809144377835       -0.01221131328379
C            2.46812323231860       -0.00613802531680       -0.63958617556354
C            0.90223605602622        0.36461996714034        0.03283566228691
C            0.06920343768844        1.40505284424186       -0.00388494043348
O            0.48917184826904        2.53597151042407       -0.01972214128636
N           -1.27045977784086        1.06996138482711        0.00144740177332
C           -2.22984579814569        2.16839063657728       -0.00261906639304
C           -1.83887094002153       -0.20045353777216        0.00674534367822
O           -3.03400615196467       -0.35878635769439        0.01202652040648
N           -0.89162755897431       -1.26942220441049       -0.00126541751865
C           -1.51514413479445       -2.63178208163135        0.00172572836529
H            3.72152638035347        1.18416054278009        0.98345708618156
H            1.65333161959368       -0.35979823357704       -0.39711876673645
H            2.68478187912466        2.07024288270858       -0.15634756810401
H            3.52779397377609       -1.67250092327686       -0.01656600578393
H           -1.67427987604183        3.10200430381696        0.00340229069100
H           -2.85669201981324        2.10688192122114       -0.89136008686172
H           -2.86875326522874        2.10166576522128        0.87716834386427
H           -1.20697571246756       -3.18543267649802        0.89051456032577
H           -1.22278809016716       -3.17626306870929       -0.89857967017320
H           -2.60654290053696       -2.53984688796980        0.01139519966085
H            1.31914125751485       -2.95714615397632       -0.01480262413834
25
 energy: -98.509031432214 gnorm: 19.614289816845 xtb: 6.6.1 (8d0f1dd)
C            3.19365465681550        1.15037666335188        0.05217481279805
N            2.27290251687140        0.11063731262439        0.25881805337013
C            2.57733057380289       -1.27553961817994       -0.00100828013422
N            1.43021816003748       -1.94820780561752       -0.01167011663843
C            2.40774186554736       -0.10117386900950       -0.70226075662588
C            0.89443044401945        0.35946160172082        0.03397827117753
C            0.06818937802586        1.40739917248435       -0.00608793442496
O            0.49125126390033        2.53770757858125       -0.02461759397979
N           -1.26993620846913        1.07152316836159        0.00196748598557
C           -2.22801223583461        2.17003935531291       -0.00208464500515
C           -1.83770655112017       -0.20027970030558        0.01026263887349
O           -3.03412714858524       -0.35635047580510        0.01772765545949
N           -0.90417862604005       -1.27153288809366        0.00316270232026
C           -1.51675674673924       -2.62915889542825        0.00844436391856
H            3.72522233930887        1.18331280917661        0.97556844318106
H            1.79401004076577       -0.24481626699065       -0.40347661320796
H            2.68607568856144        2.06851086131790       -0.16425488455701
H            3.52862717762592       -1.67539220253308       -0.01934949025521
H           -1.67190668596663        3.10341161197620        0.00146329009838
H           -2.85660083295085        2.10767336793426       -0.88975050287769
H           -2.86570545897785        2.10525080233572        0.87883412727088
H           -1.20764288489949       -3.18291932227581        0.89755089574678
H           -1.22644066497772       -3.17654065601933       -0.89136481630331
H           -2.60821383259884       -2.53774074723991        0.01984779581452
H            1.31800528597756       -2.95741331607956       -0.01270328410508
25
 energy: -91.320075056345 gnorm: 244.016685376756 xtb: 6.6.1 (8d0f1dd)
C            3.19418585960880        1.15926212296467        0.06068853745737
N            2.21943179498635        0.08989776058200        0.28673489361460
C            2.58318511262589       -1.27732281831334        0.00293740874654
N            1.43510924543213       -1.94408074224884       -0.01359690617481
C            2.10556051324380       -0.19466119631799       -0.59266473073532
C            0.89018587749514        0.37156251390676        0.04011279856237
C            0.06403663602281        1.40912855266489       -0.00350625244301
O            0.48741891681757        2.54002089640196       -0.01919687493217
N           -1.27201722096077        1.06989739004828        0.00198137438588
C           -2.23114325668774        2.16637055641847       -0.00133891400007
C           -1.83583503917579       -0.20525401621590        0.00710524153371
O           -3.03386268572497       -0.36102855861576        0.01246309388393
N           -0.90113197157189       -1.27103971098347       -0.00058891268347
C           -1.51191593273542       -2.62976633979242        0.00116736940979
H            3.72349223457794        1.18685743316447        0.98313114623342
H            2.14025318809725       -0.13873106883506       -0.53906286242893
H            2.68299464162732        2.07311422105089       -0.15678166144299
H            3.53288194459390       -1.67082776100376       -0.01675930443753
H           -1.67672491740129        3.10075518425586        0.00474893126162
H           -2.85861057616985        2.10482370849295       -0.89012093779878
H           -2.87036119492331        2.09906920059253        0.87846553447798
H           -1.20412179962347       -3.18648589386926        0.88968922670788
H           -1.22025623848162       -3.17677512641067       -0.89912130527099
H           -2.60443473579469       -2.54181276303275        0.01115074861048
H            1.32211111822191       -2.95473500330450       -0.01646602463749
25
 energy: -95.812988486279 gnorm: 20.775610285552 xtb: 6.6.1 (8d0f1dd)
C            3.19675047797763        1.15138793575565        0.03082081192385
N            2.22023772937634        0.08471082578428        0.26847819523956
C            2.57997247009609       -1.28364786988667       -0.00653374203255
N            1.43067256186832       -1.94716105427366       -0.01038959661477
C            1.94147319877085       -0.43775780507734       -0.81602722434550
C            0.89204988468391        0.36885309497549        0.03240636136196
C            0.06750696564075        1.40941369414533       -0.01291142099226
O            0.49376312980393        2.53911687500643       -0.03897000857001
N           -1.26922015649873        1.07341989966677        0.00439670580365
C           -2.22557911599975        2.17216658146258        0.00074637948758
C           -1.83600468128130       -0.20039689280527        0.02192701045126
O           -3.03444582631798       -0.35316453010130        0.03686259143904
N           -0.90390222801334       -1.26817349124806        0.01517009961087
C           -1.51817069000476       -2.62560475104740        0.02971517271208
H            3.73378055245817        1.18443731243445        0.94910861947489
H            2.29779600601223        0.08993589792282       -0.34380202400075
H            2.68724764360411        2.06580374166347       -0.18929698654200
H            3.52899973691168       -1.67940445878474       -0.03061684912144
H           -1.66880921387139        3.10524426039332       -0.00327868247853
H           -2.85957089278350        2.10634798886855       -0.88316403049524
H           -2.85869088221149        2.11223930347638        0.88555904314177
H           -1.20545680256441       -3.17736391781522        0.91956162465257
H           -1.23436803045816       -3.17936947125993       -0.86919689314501
H           -2.61045766883731       -2.53500583065870        0.04681445961556
H            1.31485734573811       -2.95778879699722       -0.00620799867658
25
 energy: -97.483558024141 gnorm: 20.132221337442 xtb: 6.6.1 (8d0f1dd)
C            3.21449014364347        1.15050474881366        0.02244856287253
N            2.15414809061812        0.04535888702302        0.37110396554408
C            2.58393371186262       -1.30053716874878        0.00624463186170
N            1.41072661433294       -1.95545423063512       -0.00701524477286
C            2.01961516437096       -0.41005009812751       -0.82410311102187
C            0.85167108664984        0.36129526429396        0.04439039223474
C            0.06132224715977        1.41366593572045       -0.01234798523425
O            0.49449417345077        2.54274957078707       -0.03589082194419
N           -1.26966116480342        1.07501006381337        0.00376022497633
C           -2.22520191947285        2.17210601612154        0.00011172699489
C           -1.83393760371535       -0.20433143730073        0.01957507553762
O           -3.03510710614540       -0.35221079755135        0.03283354386333
N           -0.94016124028803       -1.27842050741995        0.01515440999776
C           -1.51942690828548       -2.62356439078977        0.02537126837529
H            3.73402026663761        1.18434265248380        0.95491572232217
H            2.35857983321814        0.13505141788082       -0.44446273266242
H            2.68715771701971        2.06604567936803       -0.18447875185024
H            3.53334436150845       -1.67920263135341       -0.02767820164396
H           -1.66878006900312        3.10541715204001       -0.00241991369765
H           -2.85863478930523        2.10717023172122       -0.88455035166360
H           -2.85974613277458        2.11143059237272        0.88417455425413
H           -1.20619068984803       -3.17773700530196        0.91503645413677
H           -1.23291678581759       -3.17810360058799       -0.87332215265541
H           -2.61049920299558       -2.53502081227683        0.04139549669881
H            1.31719171608225       -2.95727699074626       -0.00907514462370
25
 energy: -105.293162719251 gnorm: 14.941356581059 xtb: 6.6.1 (8d0f1dd)
C            3.20315457028146        1.15096512114690        0.04139513991380
N            2.07760825049235        0.00135049209968        0.49788516724370
C            2.58350622422934       -1.31035009003298        0.01961617193374
N            1.42037935162959       -1.95454510622849       -0.00469513338614
C            2.21864106914101       -0.24926984203655       -0.87361864620109
C            0.87872014154015        0.34383821183788        0.04056945583347
C            0.05329748996250        1.42074910411265       -0.01160903184741
O            0.49319664858058        2.54775873269805       -0.03130276458252
N           -1.27184714393303        1.07658988712982        0.00300352998116
C           -2.22572958631309        2.17064066578498        0.00004801963002
C           -1.82925299438475       -0.20944555298478        0.01684012409978
O           -3.03405454695011       -0.35375431997768        0.02850008284793
N           -0.92892674884716       -1.27124574373707        0.01099442844893
C           -1.51418981011782       -2.61835031854227        0.01999026321620
H            3.73627232288329        1.18572642229141        0.96234423729750
H            2.19031843922236        0.02326311183846       -0.53400258167167
H            2.68636293413170        2.06871567931083       -0.18006546048322
H            3.54045171325513       -1.67846007583482       -0.02390347979508
H           -1.67009490983657        3.10485449184397       -0.00061261685875
H           -2.85859013207628        2.10707124234502       -0.88556744823328
H           -2.86199970481468        2.10901429149536        0.88319575041979
H           -1.20550792840178       -3.17906683470867        0.90894106195350
H           -1.23003225974137       -3.17703440075935       -0.87879256658891
H           -2.60884787822651       -2.53573373791369        0.03471258437077
H            1.31759600239371       -2.95504288957867       -0.01269466964219
25
 energy: -107.179374099029 gnorm: 1.544614981275 xtb: 6.6.1 (8d0f1dd)
C            3.19590777341595        1.17339925354495        0.07485885874745
N            2.06457508323392        0.02294379036351        0.52907579987485
C            2.59143563182617       -1.30216725798513        0.02522302153752
N            1.43710571030640       -1.94506054930187       -0.01098803123046
C            2.13987755216469       -0.00147702498194       -0.66338776162657
C            0.88313501156589        0.36038609202921        0.04993755537079
C            0.04294021390832        1.42297404195970       -0.00154001630633
O            0.48010057342737        2.55126242958720       -0.01164626966151
N           -1.27880297832396        1.07022423919469        0.00269740539677
C           -2.23679363536459        2.15842452646688        0.00179991472537
C           -1.82736044081029       -0.22213011340858        0.00475549490782
O           -3.03315131601865       -0.36937473095179        0.00842259939669
N           -0.91432605010713       -1.27157490040120       -0.00380714819377
C           -1.50026974325010       -2.62512556912200       -0.00683061336515
H            3.72602472434406        1.19686952599509        0.99119319399505
H            2.26069020911660       -0.23550724822086       -0.74638524398168
H            2.67650756537319        2.08302062883650       -0.15129416738332
H            3.55094466845411       -1.66242903226942       -0.01429735525762
H           -1.68631005084046        3.09578294771312        0.01065460714247
H           -2.86464191815159        2.09797879108385       -0.88791535524145
H           -2.87823327835016        2.08783346155909        0.88077365253739
H           -1.19468511680870       -3.19176178356583        0.88011926374090
H           -1.20893974810765       -3.17763912897806       -0.90753294346595
H           -2.59658971331361       -2.54970608012930        0.00226428216516
H            1.33129078641021       -2.94890776741782       -0.02497912592445
25
 energy: -104.207443531955 gnorm: 17.008303611439 xtb: 6.6.1 (8d0f1dd)
C            3.19165759713993        1.18493972503512        0.07442631182320
N            1.97746587539739       -0.01238968811205        0.57923167193552
C            2.59279777971271       -1.31106932873201        0.03159612179813
N            1.44610057851536       -1.93762263099413       -0.01697862607944
C            2.11714344852024        0.08832619920565       -0.73111244124100
C            0.86440809976568        0.39105207423938        0.05705161654155
C            0.02849595432180        1.43319228201645       -0.00014253665030
O            0.47304855477415        2.55797729962687       -0.01245532504772
N           -1.28325152315293        1.06894229728888        0.00476045314109
C           -2.24240815188733        2.15219299001610        0.00576449678167
C           -1.82388549272804       -0.23251428267348        0.00806532222990
O           -3.03266861355022       -0.37682705443158        0.01380679280332
N           -0.91088626024889       -1.26648329146895       -0.00486100411211
C           -1.49113863098448       -2.62383900642643       -0.00408445977554
H            3.72890475185003        1.20485007354091        0.98506053789191
H            2.37905857635828       -0.32709520527657       -0.75644623799342
H            2.67122885635406        2.09225687300421       -0.15641759345098
H            3.56218764733027       -1.65495291812262       -0.01893140023122
H           -1.69450789956623        3.09144030068980        0.01384439823983
H           -2.87191972255618        2.09040683758416       -0.88290108457110
H           -2.88257192357428        2.08006958081245        0.88585767069951
H           -1.18451497951536       -3.19450008189038        0.88170136756395
H           -1.20191532697758       -3.18030583287251       -0.90516073439721
H           -2.58991009673306       -2.55655459315957        0.00669495084064
H            1.33751241553468       -2.94325407729969       -0.02719865084019
25
 energy: -107.190803783857 gnorm: 3.672087010943 xtb: 6.6.1 (8d0f1dd)
C            3.19257682088264        1.17349563870476        0.07207384492951
N            2.00827353718278       -0.00516458471876        0.58122533841645
C            2.58412529442080       -1.31720105352435        0.03560701251630
N            1.43815117486611       -1.94655531645213       -0.01350763411452
C            2.17611185071453        0.02363439691884       -0.70941549606078
C            0.86277437493477        0.36945438509715        0.05421684434608
C            0.03121571436070        1.43291774374832       -0.00068654870608
O            0.47800055688982        2.55749257563325       -0.01260398547454
N           -1.28109442696159        1.07218424855978        0.00322310605715
C           -2.23827235864875        2.15688424165336        0.00307286573094
C           -1.82392082891191       -0.22862826924792        0.00614293109648
O           -3.03261759806429       -0.37064370743439        0.01075170375922
N           -0.92230228116431       -1.26901298999404       -0.00455092611347
C           -1.49642546673716       -2.62053836160430       -0.00527963869082
H            3.73059759538870        1.19792385648045        0.98828519134878
H            2.31220092467226       -0.24413666343206       -0.77032859557822
H            2.67510381107715        2.08709366502552       -0.15374325222811
H            3.55973799307989       -1.66112507543285       -0.01505774082362
H           -1.68829844887069        3.09496028651792        0.01151973105707
H           -2.86682602349461        2.09607199958828       -0.88614490573246
H           -2.87916633180189        2.08609308281667        0.88256767052578
H           -1.19138054636346       -3.19153843279412        0.88087385445268
H           -1.20697922378134       -3.17765717603831       -0.90571416010678
H           -2.59451352054414       -2.55107360929825        0.00450351405662
H            1.33335892097402       -2.94669233917281       -0.02585910676366
25
 energy: -107.151449983585 gnorm: 6.464942306914 xtb: 6.6.1 (8d0f1dd)
C            3.19197932215217        1.16645053377337        0.06232886330526
N            2.00307241632681       -0.01275951391546        0.60365856651478
C            2.57246225444006       -1.32909726310885        0.04300967080844
N            1.42996404625234       -1.95549888739437       -0.01268644023805
C            2.21526454619500        0.01982389480746       -0.73497383429905
C            0.84773722744988        0.35485726848525        0.05303411781476
C            0.02562389901854        1.43784918219731       -0.00094759766055
O            0.47844566031967        2.56101825258121       -0.01425671968385
N           -1.28207159909480        1.07479815585925        0.00321685071278
C           -2.23802463619331        2.15788279505884        0.00313337063979
C           -1.82268768079619       -0.23089606268218        0.00700793206372
O           -3.03222905465703       -0.36875843162984        0.01217896441823
N           -0.94153817887333       -1.27227383535366       -0.00287055406567
C           -1.49707897224390       -2.61714321256513       -0.00355475821112
H            3.73399171396828        1.19552587691436        0.98522891805454
H            2.32888813132630       -0.20423898975786       -0.77089414959361
H            2.67536256647538        2.08735244161135       -0.15512004941525
H            3.56365902232675       -1.66215875197301       -0.01432226227903
H           -1.68725844648372        3.09578211885977        0.01099070428411
H           -2.86667888261293        2.09679348550383       -0.88575040341508
H           -2.87822799176832        2.08752543756215        0.88296940462945
H           -1.19150766278568       -3.18975687489862        0.88221969753826
H           -1.20783895805772       -3.17664966097329       -0.90331615328169
H           -2.59489743150167       -2.54985919801434        0.00668985138158
H            1.33402020291740       -2.94833021934755       -0.02580237212273
25
 energy: -107.291864072422 gnorm: 0.482803947536 xtb: 6.6.1 (8d0f1dd)
C            3.19350978540427        1.16395899883320        0.05558994274466
N            2.00617067490175       -0.01405330598588        0.61965367879477
C            2.56547551586446       -1.33539408197336        0.04809762086494
N            1.42272317692990       -1.96144768727833       -0.01207476421032
C            2.23445537139356        0.05231808341198       -0.73464162678340
C            0.83447073041511        0.34323197716090        0.05268311624967
C            0.02168188906441        1.44007666311416       -0.00016869014806
O            0.47723001099864        2.56291806028389       -0.01360870989244
N           -1.28327189288557        1.07549816729589        0.00335879725650
C           -2.23928732681202        2.15713732279218        0.00353260713367
C           -1.82241140608351       -0.23328680915251        0.00666713190508
O           -3.03209283447580       -0.36933120003120        0.01154708328052
N           -0.95841549521349       -1.27721507879140       -0.00233109793012
C           -1.49673375433319       -2.61676642592455       -0.00472396808826
H            3.73434057173526        1.19554735914464        0.98537336382456
H            2.35075256234250       -0.20431314663408       -0.78537097621489
H            2.67423321436515        2.08893010441427       -0.15331801147733
H            3.56643417406241       -1.66053163902979       -0.01349813821943
H           -1.68854778388160        3.09519558744696        0.01181212665695
H           -2.86754172057933        2.09595865929280       -0.88544650624808
H           -2.87934778068071        2.08606778252395        0.88330670498550
H           -1.19012026653590       -3.18997167512851        0.88066854986926
H           -1.20611375189298       -3.17629492545604       -0.90424883662752
H           -2.59376751326214       -2.55083214566114        0.00542660871077
H            1.33660536325881       -2.94916210306802       -0.02711438853702
25
 energy: -107.313025747066 gnorm: 0.496461783968 xtb: 6.6.1 (8d0f1dd)
C            3.19138486576661        1.15757877809200        0.04623036092167
N            2.00833009231167       -0.01682370754225        0.64185714898923
C            2.55134439104395       -1.34645572814123        0.05717341812755
N            1.41473850459028       -1.97057528186681       -0.01121290736810
C            2.26796678400196        0.07680396675437       -0.74196986851462
C            0.82207227973064        0.32290812346963        0.05083880412572
C            0.01612542503291        1.44435733466856        0.00070435495088
O            0.47631842346501        2.56620488713515       -0.01377236928760
N           -1.28531440333680        1.07760633775556        0.00337302385575
C           -2.24043382904701        2.15718336443079        0.00379036189801
C           -1.82197313559811       -0.23611273782494        0.00657343877199
O           -3.03220167202925       -0.36842643409325        0.01132048166642
N           -0.97976498127751       -1.28197877277606       -0.00127135585615
C           -1.49688698763049       -2.61462147768388       -0.00522204296799
H            3.73671904386010        1.19355126754071        0.98325505510702
H            2.37398490528672       -0.18307213646717       -0.79977577140864
H            2.67359484794161        2.09050833645944       -0.15164493423754
H            3.57001344354575       -1.65952699986429       -0.01158303235365
H           -1.68904755221171        3.09521291001537        0.01227672059646
H           -2.86813000525707        2.09586272523826       -0.88518678628295
H           -2.87994767357201        2.08566258883893        0.88359430991118
H           -1.18913827199293       -3.18907278596624        0.87954528990500
H           -1.20498781798971       -3.17515765107625       -0.90413829105721
H           -2.59327687865028       -2.55107925402638        0.00493791143651
H            1.33894171611565       -2.95229911147003       -0.02852170302896
25
 energy: -107.347190185378 gnorm: 0.602197965305 xtb: 6.6.1 (8d0f1dd)
C            3.17079153444037        1.13940885446622        0.02956451524293
N            2.00994999664593       -0.02411131017162        0.69325269034412
C            2.50772251776228       -1.37445066043952        0.08473514486053
N            1.40617626698840       -1.99185552951981       -0.00989769076419
C            2.34234729131944        0.13519977208239       -0.75811208420920
C            0.81405641699662        0.26611137684492        0.04125523056901
C            0.00297729321166        1.45530777357276        0.00398837466543
O            0.47327271263791        2.57493781605586       -0.01452626399368
N           -1.29204624030826        1.08402955075709        0.00318334398353
C           -2.24424696483082        2.15787315342033        0.00444540046964
C           -1.82162419704274       -0.24264361775646        0.00629483817633
O           -3.03353444480768       -0.36494732778565        0.01072664334871
N           -1.01841067349230       -1.28738215554352        0.00058767101136
C           -1.49634626775351       -2.60770717563063       -0.00646909418529
H            3.74560178585184        1.18580311412570        0.97352304985924
H            2.42264512964438       -0.12915672017269       -0.83741692124806
H            2.67237492816542        2.09574313086848       -0.14620488402076
H            3.57743916968028       -1.65654615021318       -0.00420367440436
H           -1.69026623721651        3.09556441781672        0.01346699596022
H           -2.86990044030487        2.09604601562656       -0.88465901608310
H           -2.88177373628962        2.08501364219772        0.88436657648626
H           -1.18640276677845       -3.18575039145100        0.87618368043656
H           -1.20187788896883       -3.17120440947181       -0.90352794411752
H           -2.59250282554986       -2.55178929075837        0.00362602969786
H            1.34400915409893       -2.96525533732052       -0.03301099418556
25
 energy: -107.358339053485 gnorm: 0.216085204228 xtb: 6.6.1 (8d0f1dd)
C            3.14965952639577        1.13140793230627        0.02947990546460
N            2.00769705540775       -0.02810847328575        0.71168320112780
C            2.48438745994569       -1.38721342962795        0.10269775380325
N            1.40968597468540       -2.00185266815112       -0.00999797661927
C            2.36791721483399        0.15758642882464       -0.76654819103641
C            0.82673973603089        0.23835654942249        0.03249935671477
C           -0.00166284722657        1.45906735394688        0.00642759754070
O            0.47104051186221        2.57853974846131       -0.01528195623803
N           -1.29594004254342        1.08776497159640        0.00296368415639
C           -2.24696694276253        2.15887745089774        0.00482572628448
C           -1.82273592786096       -0.24452107762056        0.00630834241036
O           -3.03537966599512       -0.36206478893994        0.01071395494098
N           -1.02362228446706       -1.28446911619310        0.00091188476345
C           -1.49552825097515       -2.60373005712089       -0.00675673388781
H            3.75252109134705        1.17967649353501        0.96407829345138
H            2.43927760939596       -0.10366321878842       -0.85543200979676
H            2.67195378422390        2.09957745330922       -0.14252845337855
H            3.57832368120465       -1.65461355479755        0.00177471323577
H           -1.69095693595761        3.09600355146154        0.01400853352783
H           -2.87120080681099        2.09645921778908       -0.88444252300821
H           -2.88297205544417        2.08509640242272        0.88494669765950
H           -1.18472404695937       -3.18310463573668        0.87445147398314
H           -1.20016969360861       -3.16833499712958       -0.90267345493444
H           -2.59255847140515       -2.55232328852622        0.00331037637770
H            1.34564584078346       -2.97617570645555       -0.03624857864265
25
 energy: 9.788304084847 gnorm: 5254.271843764365 xtb: 6.6.1 (8d0f1dd)
C            3.10962693880373        1.12369264454662        0.02854524257804
N            2.02822284616327       -0.02456972332271        0.69685143534338
C            2.47684125687872       -1.40425006116164        0.14809540331719
N            1.41745749725854       -2.05760041131730        0.00092571968828
C            2.38187207662334        0.07916375725917       -0.80733005952992
C            0.86008646687007        0.21592237467970       -0.00198673092431
C            0.01242339322148        1.42927592186305        0.00593097119565
O            0.47846581706677        2.54939544492707       -0.01669862594779
N           -1.29550343777596        1.08884352402581        0.00210224424358
C           -2.25370345547920        2.16302479390793        0.00508448254318
C           -1.83476137323605       -0.23060501477150        0.00557363967504
O           -3.05057825085662       -0.34435921430102        0.01025135497922
N           -1.01201313601898       -1.26143699492049        0.00067865376174
C           -1.48842231660559       -2.58754496766028       -0.00700627820164
H            3.79145617691344        1.14074351187009        0.89378758100974
H            2.37938105981678        0.09425121976440       -0.81823431721849
H            2.65285093284615        2.10961837427009       -0.11005644205108
H            3.55311808608681       -1.64450102696095        0.06845029399522
H           -1.70211888232724        3.10189940286290        0.01455134515744
H           -2.88177714709243        2.10024816101578       -0.88381321799187
H           -2.89332544554746        2.08806003929906        0.88470932822559
H           -1.16809584546505       -3.16160610593304        0.87115602777946
H           -1.18316079588786       -3.14628346556896       -0.90051432857444
H           -2.58905846868475       -2.55723525876326        0.00243394150268
H            1.37114752052813       -3.04590838401047       -0.06231604665587
