25
 energy: -47.443475113207 gnorm: 9.114670628211 xtb: 6.6.1 (8d0f1dd)
C            3.21786164340000        1.13591514650000        0.01837059260000
N            2.27034809790000        0.05199982890000        0.00038279530000
C            2.54167221030000       -1.23971668410000       -0.00834188300000
N            1.39367826450000       -1.95088267900000       -0.00850347120000
C            0.35269634020000       -1.06748964300000        0.00059917290000
C            0.90759959010000        0.20069750900000        0.00663590170000
C            0.07590235260000        1.39864294500000       -0.00284827040000
O            0.48715076820000        2.53168346660000       -0.01725767220000
N           -1.27221500230000        1.06666939660000        0.00165480230000
C           -2.23229981500000        2.16656245330000       -0.00245172030000
C           -1.84872931540000       -0.19179276200000        0.00496135950000
O           -3.03273030250000       -0.36103538130000        0.00858583760000
N           -0.96599111670000       -1.30060631840000        0.00174701630000
C           -1.52030655580000       -2.64076660390000       -0.00239033190000
H            3.71480285180000        1.18589984860000        0.98803183970000
H            3.97079415090000        0.99383197990000       -0.75543416370000
H            2.68321036910000        2.07051068580000       -0.15067179540000
H            3.52469367910000       -1.66989040330000       -0.01523639120000
H           -1.67672429040000        3.10039111610000        0.00486339690000
H           -2.85755792270000        2.10547813320000       -0.89185337000000
H           -2.87119733260000        2.09858159720000        0.87661144540000
H           -1.20589108080000       -3.18768007210000        0.88663215920000
H           -1.21982032550000       -3.17678505510000       -0.90288069810000
H           -2.60531402170000       -2.54255916880000        0.00649952960000
H            1.32879827740000       -2.95942079410000       -0.01653446370000
25
 energy: -60.345403719403 gnorm: 16.753969239459 xtb: 6.6.1 (8d0f1dd)
C            3.21280764050711        1.13066184918074        0.01865493241343
N            2.00872324089472       -0.19108213070672        0.07004627860481
C            2.53904264593406       -1.24534252830990       -0.00807962191724
N            1.39340742689607       -1.95220490002585       -0.00851383414496
C            0.35179893772517       -1.06783401520803        0.00055712030390
C            0.90175061953019        0.19840441392552        0.00698075907900
C            0.07607723796319        1.39865628603208       -0.00291278449568
O            0.48721765575819        2.53177805975271       -0.01721593919635
N           -1.27231412340681        1.06672244844053        0.00164337049445
C           -2.23227943843532        2.16653874190788       -0.00244595111067
C           -1.84864599464614       -0.19181101830852        0.00497182386043
O           -3.03279672829193       -0.36104076053269        0.00857708089499
N           -0.96632494440445       -1.30041460412971        0.00128079338603
C           -1.51985041099494       -2.63905769214931       -0.00402487408131
H            3.71471790803269        1.18587825508398        0.98791278976939
H            3.97053664879264        0.99367650654579       -0.75533779156914
H            2.68320703473950        2.07032953893613       -0.15062986971097
H            3.52488485570185       -1.66937310611737       -0.01526219762477
H           -1.67672821025273        3.10039293851784        0.00487504065008
H           -2.85757038750666        2.10547437055215       -0.89185405242150
H           -2.87121529812860        2.09856823739909        0.87661761784004
H           -0.92972867614031       -2.93155718528310        0.81789989415146
H           -1.21976897522075       -3.17681696939529       -0.90289776289762
H           -2.60531659958075       -2.54280792219919        0.00690621154228
H            1.32879944863399       -2.95950027230877       -0.01657741592008
25
 energy: -80.979308096374 gnorm: 24.637113443235 xtb: 6.6.1 (8d0f1dd)
C            3.20882313941381        1.12655253700062        0.01905037472564
N            1.74878727970430       -0.43351333327640        0.14053472063976
C            2.53819897564385       -1.25290744478290       -0.00799506180869
N            1.39216715075023       -1.95492028162356       -0.00862927754939
C            0.34989559478013       -1.06907299976548        0.00040557231650
C            0.89255811145371        0.19753990770415        0.00709612814717
C            0.07606462951528        1.39891184000357       -0.00292657344272
O            0.48726206668860        2.53177126165971       -0.01719394662453
N           -1.27228604379846        1.06679712472672        0.00164474699710
C           -2.23227409420859        2.16653556164677       -0.00244010860794
C           -1.84858053704162       -0.19182189669764        0.00492256125127
O           -3.03280573064039       -0.36106943612759        0.00857543457496
N           -0.96676780829110       -1.29980637285223        0.00054318359955
C           -1.51932515076975       -2.63758604327849       -0.00545366117319
H            3.71448940105080        1.18571892531801        0.98776124067135
H            3.97010696469571        0.99336413028798       -0.75525073927097
H            2.68310303462180        2.07002514079075       -0.15060553904708
H            3.52498574688230       -1.66885726298014       -0.01525239510589
H           -1.67674167745817        3.10039050600123        0.00488320629959
H           -2.85757981169918        2.10546434558062       -0.89184988551028
H           -2.87122596456626        2.09855244931582        0.87662251254927
H           -0.65209434663376       -2.67421396798814        0.74888135431078
H           -1.21975931903273       -3.17684623984973       -0.90296629317270
H           -2.60521470311097       -2.54311981209778        0.00745032946961
H            1.32864460615046       -2.95965009711588       -0.01663626633917
25
 energy: -109.688853459991 gnorm: 32.699182451771 xtb: 6.6.1 (8d0f1dd)
C            3.20645955273011        1.12414452130363        0.01933910401771
N            1.48956370119355       -0.68027982373095        0.21205986125211
C            2.53949857253975       -1.25870943037936       -0.00820624646123
N            1.39066241645706       -1.95923242183656       -0.00900421380100
C            0.34704738088759       -1.07064721613136       -0.00002644110014
C            0.88200426730360        0.20126832860927        0.00630753166360
C            0.07594518831530        1.39932586746710       -0.00294105884821
O            0.48726470719958        2.53175986011242       -0.01717461884855
N           -1.27233648661678        1.06682101261620        0.00166371719121
C           -2.23230487681936        2.16651209480657       -0.00241809926350
C           -1.84859217131687       -0.19171373773972        0.00483990769381
O           -3.03278839335482       -0.36118167034436        0.00860096019907
N           -0.96751105426109       -1.29892452273642       -0.00027922609183
C           -1.51813755618116       -2.63667166091474       -0.00593459457674
H            3.71430128697750        1.18564305652881        0.98760433503543
H            3.96975508073053        0.99319517975234       -0.75519600487484
H            2.68301756521267        2.06977157056209       -0.15060830892971
H            3.52513189716529       -1.66837962864551       -0.01523080790138
H           -1.67679919019777        3.10036225906535        0.00489980751224
H           -2.85762227813441        2.10541357994274       -0.89182524175392
H           -2.87125695024265        2.09849860292771        0.87664633225316
H           -0.37652189803737       -2.41826473471987        0.67980515471456
H           -1.21973616227637       -3.17688375723602       -0.90303074196313
H           -2.60506472885127       -2.54343717323839        0.00802440572037
H            1.32845164367738       -2.96015161444096       -0.01674389493908
25
 energy: -146.100249323477 gnorm: 40.106598415145 xtb: 6.6.1 (8d0f1dd)
C            3.20505491377626        1.12274565989487        0.01943070912437
N            1.22811551631411       -0.92957272371607        0.28391219101237
C            2.54058669217727       -1.26129890235331       -0.00829002885121
N            1.38985071656998       -1.96445384631309       -0.01007659248924
C            0.34213974447120       -1.07283795130517       -0.00104040852190
C            0.87621058377704        0.20720069558539        0.00509112678364
C            0.07605364394909        1.39927058721426       -0.00292526829559
O            0.48731031413108        2.53187944825964       -0.01713249210501
N           -1.27260974667588        1.06677924725555        0.00168024494138
C           -2.23234620382813        2.16648538795994       -0.00239421565954
C           -1.84860595733331       -0.19143326956560        0.00470188466647
O           -3.03280940310341       -0.36134342580455        0.00861638808303
N           -0.96838319827607       -1.29783309211261       -0.00097601555983
C           -1.51688574787369       -2.63602520372152       -0.00621747595331
H            3.71411510802015        1.18554836144100        0.98750889143011
H            3.96948961238775        0.99310108428617       -0.75513293592807
H            2.68291669648302        2.06956990778047       -0.15059023983672
H            3.52520188142003       -1.66797619196335       -0.01514581177729
H           -1.67685007686038        3.10032768090010        0.00492706956440
H           -2.85766145263573        2.10537097546208       -0.89180289059799
H           -2.87129284514390        2.09844088278577        0.87667050754337
H           -0.10284881138511       -2.16465155980062        0.61177742912871
H           -1.21970900506328       -3.17690659746568       -0.90311535465524
H           -2.60491428053641       -2.54368666315179        0.00847752753698
H            1.32830281933833       -2.96046194995190       -0.01678262168388
25
 energy: -189.837053579446 gnorm: 47.735182720260 xtb: 6.6.1 (8d0f1dd)
C            3.20376282324529        1.12143585568812        0.01931671034376
N            0.97128576199256       -1.17498604581855        0.36080122601658
C            2.54101227846343       -1.26272425090017       -0.00842570125029
N            1.39168306528060       -1.97359539008576       -0.01296780968118
C            0.32388432023775       -1.07549111525550       -0.00615507072823
C            0.87403208728467        0.21053428334312        0.00424504286896
C            0.07623789949249        1.39913848394750       -0.00293004790611
O            0.48730078880965        2.53191316680668       -0.01724687995917
N           -1.27291755583470        1.06673782029819        0.00170620670314
C           -2.23240201839380        2.16645901246314       -0.00239553242776
C           -1.84872695164780       -0.19102877105040        0.00458999889058
O           -3.03283125652103       -0.36149229858204        0.00879294755369
N           -0.96908502224277       -1.29711796503612       -0.00144768261191
C           -1.51635701799587       -2.63567256940207       -0.00645552988891
H            3.71397574694943        1.18549618417975        0.98722858344396
H            3.96921927408964        0.99297807936696       -0.75527870343978
H            2.68280051225113        2.06938633105331       -0.15078051554711
H            3.52526518598883       -1.66772800180534       -0.01497110639138
H           -1.67689251468168        3.10029435556512        0.00486633202974
H           -2.85773535589745        2.10529168312725       -0.89177442144585
H           -2.87129431498225        2.09843128136771        0.87670436128944
H            0.17455249092318       -1.90843570229127        0.54440089291961
H           -1.21969345521943       -3.17697619765024       -0.90296067766638
H           -2.60480184576053       -2.54388258218974        0.00899105801601
H            1.32815658826865       -2.96072710553966       -0.01668206323141
25
 energy: -239.343928241788 gnorm: 41.417981255925 xtb: 6.6.1 (8d0f1dd)
C            3.20255895904095        1.12062781778034        0.01864899151735
N            0.72984206568216       -1.42625936924340        0.45186062698436
C            2.54194400764406       -1.26404513549420       -0.00901703773344
N            1.40084594230132       -1.98470364536824       -0.01691972169647
C            0.28132770194154       -1.06626062341264       -0.02834830477700
C            0.87277179679552        0.21151512831808        0.00377271389664
C            0.07615428521892        1.39913102447001       -0.00302865002144
O            0.48697871616871        2.53189747537922       -0.01771523144755
N           -1.27329156367808        1.06651399743475        0.00179122647652
C           -2.23271675692693        2.16617364565475       -0.00230636636167
C           -1.84898624431512       -0.19088889071592        0.00482449160862
O           -3.03282217647495       -0.36190881031246        0.00944176219318
N           -0.97015207636027       -1.29708913878373       -0.00161609293620
C           -1.51585682739171       -2.63551702915854       -0.00621575384791
H            3.71385003810532        1.18596154827913        0.98632294233037
H            3.96874525533102        0.99320513497670       -0.75608635082805
H            2.68241345288011        2.06948868348656       -0.15155858846465
H            3.52567659604693       -1.66722393635042       -0.01540034391998
H           -1.67728842255863        3.10006296196694        0.00471642253390
H           -2.85817578001196        2.10478660470123       -0.89156332599631
H           -2.87141528134955        2.09818575739939        0.87692239376306
H            0.45355103794014       -1.65281318433259        0.48142582117877
H           -1.21942931486302       -3.17730222864006       -0.90224911249933
H           -2.60443551897176       -2.54434011310798        0.01005145950123
H            1.32834162190527       -2.96095913332690       -0.01658235355400
25
 energy: -241.917861538114 gnorm: 37.525244260500 xtb: 6.6.1 (8d0f1dd)
C            3.20372049020005        1.11990697683363        0.02362101162873
N            0.47414380152376       -1.67418090718365        0.51140748613912
C            2.54143875218429       -1.26512096182252       -0.00762630016276
N            1.41712377867399       -1.99119115863362       -0.02446107568527
C            0.24859502565816       -1.00911263865134       -0.08317970629769
C            0.87326719274783        0.21253379409694        0.00363968116428
C            0.07682739578184        1.39920548090950       -0.00132956182896
O            0.48819144300057        2.53184134733882       -0.01418622804524
N           -1.27300876511748        1.06712265265823        0.00156150004760
C           -2.23169517649105        2.16723745363437       -0.00236960045797
C           -1.84945149917810       -0.18992366412040        0.00232291895421
O           -3.03316860428833       -0.36034152259852        0.00553535545456
N           -0.97489316733075       -1.29610254185530       -0.00504279396461
C           -1.51714262674151       -2.63443473182774       -0.01126539867325
H            3.71311359802007        1.18298911967491        0.99190288342993
H            3.96991165220885        0.99219317863037       -0.75039372975121
H            2.68344087311726        2.06833449537884       -0.14609835518968
H            3.52514919581837       -1.66887001312957       -0.01365990718634
H           -1.67584105989277        3.10087927128704        0.00638815899495
H           -2.85616310975137        2.10719181010510       -0.89241594454197
H           -2.87143645208797        2.09851786254937        0.87605454385023
H            0.72600403907622       -1.45902494165198        0.48268223591292
H           -1.21968693683557       -3.17568772035475       -0.90730701250350
H           -2.60548805075068       -2.54315304423708        0.00412383426284
H            1.32747972455432       -2.96257105543065       -0.01873237765094
25
 energy: -228.932547339974 gnorm: 370.229973649716 xtb: 6.6.1 (8d0f1dd)
C            3.21000234609654        1.12852689944560        0.01847098333389
N            0.61247603006997       -1.62128059464691        0.56028467047511
C            2.54664976124737       -1.25731682109218       -0.00973656176691
N            1.44228835431838       -2.00565238126405       -0.03347127923806
C            0.18887886709275       -0.95449262823764       -0.14247000630158
C            0.88072804029911        0.21861739419901        0.00039856547881
C            0.07634750804119        1.39896726439666       -0.00287772410062
O            0.48673246291169        2.53207999321299       -0.01742163023145
N           -1.27413160753102        1.06616746668438        0.00192891241599
C           -2.23286034113156        2.16608113588075       -0.00221070846440
C           -1.85023163740035       -0.19020690679780        0.00432992532641
O           -3.03342252527626       -0.36179373294940        0.00946106238255
N           -0.98154107826770       -1.29552978181759       -0.00415595366020
C           -1.51662674073244       -2.63682359975647       -0.00508789323801
H            3.71329534946009        1.18548267728286        0.98658933116480
H            3.96842540588773        0.99315716872729       -0.75592332795805
H            2.68192328312860        2.06925555369303       -0.15135843089938
H            3.52595926052162       -1.66794555753837       -0.01603121468431
H           -1.67740055413853        3.09998867757706        0.00490609489612
H           -2.85825827131480        2.10474055067456       -0.89149182116611
H           -2.87155256881926        2.09799138079262        0.87701737685017
H            0.61632447335574       -1.56630318154841        0.51008212077327
H           -1.21902848457121       -3.17740494692785       -0.90224970084638
H           -2.60409587093377       -2.54434552920750        0.00962191428598
H            1.32955005178612       -2.96372195918264       -0.01743308692764
25
 energy: -241.886552419192 gnorm: 39.288708873548 xtb: 6.6.1 (8d0f1dd)
C            3.20796128184886        1.13563391984266        0.00347523360565
N            0.73350095793689       -1.64624743521073        0.66539257524711
C            2.54920419943143       -1.25183128760698       -0.01467303730386
N            1.45149761387972       -2.00525488331264       -0.03398744831258
C            0.18464614525530       -0.94046136274207       -0.15149866007917
C            0.88062838504347        0.22094871133881       -0.00376993747171
C            0.07331920175268        1.39885109244459       -0.00755604056634
O            0.48109018366619        2.53283651988387       -0.02709290039196
N           -1.27671439351603        1.06314085956788        0.00323175450819
C           -2.23765010528640        2.16107562165805       -0.00103858360300
C           -1.85023481271779       -0.19421594605666        0.01165423226762
O           -3.03296031968459       -0.36841876022414        0.02164209405979
N           -0.98143286034382       -1.29738622675657        0.00293959794072
C           -1.51135890882644       -2.64020380494420        0.00892682236171
H            3.71402007749660        1.19614671819644        0.96967772542791
H            3.96333854818683        0.99878953600050       -0.77311593578362
H            2.67673342183472        2.07408948918676       -0.16742587310821
H            3.52928469955982       -1.66085621983592       -0.02317720905236
H           -1.68413347060820        3.09618363749528        0.00109473538872
H           -2.86609341522749        2.09555213610351       -0.88789235989066
H           -2.87305949361310        2.09445657154579        0.88069347272373
H            0.50744730175314       -1.54946030869806        0.42648440285840
H           -1.21565646393582       -3.18319173047259       -0.88744832520990
H           -2.59883433557142       -2.55013205833982        0.02731680018984
H            1.33588807578546       -2.96180624746376       -0.01268151790602
25
 energy: -232.889762093973 gnorm: 49.371475916115 xtb: 6.6.1 (8d0f1dd)
C            3.21392781719509        1.12756190018164        0.02484565172506
N            0.40923764874223       -1.73654816422415        0.55818428781376
C            2.54737421655642       -1.25777100537675       -0.00800635165430
N            1.44907293648860       -2.01173469527040       -0.03927802238773
C            0.18495343351957       -0.95690461073417       -0.14165979621223
C            0.88356930948243        0.21971068459704        0.00133885703835
C            0.07830613099856        1.39915331318312       -0.00115371743689
O            0.48964583849795        2.53179403357398       -0.01342187557248
N           -1.27309758805525        1.06764374590069        0.00121235117169
C           -2.23029276405648        2.16877331926857       -0.00305207405395
C           -1.85090740098436       -0.18753250333700        0.00096101892930
O           -3.03400062017071       -0.35813666907796        0.00412678073845
N           -0.98653536052683       -1.29469016163213       -0.00819520564631
C           -1.51979833772846       -2.63506454311350       -0.01068900319394
H            3.71300012861217        1.17990433896904        0.99398158109371
H            3.97075975690370        0.98963260078998       -0.74844959165207
H            2.68443737348883        2.06640343732797       -0.14452714532825
H            3.52431322850723       -1.67196761633599       -0.01282670287637
H           -1.67376457512652        3.10204328796305        0.00614442596320
H           -2.85434595493973        2.10929120485428       -0.89341719852274
H           -2.87045980849947        2.10028070569383        0.87506906915595
H            0.80596263770846       -1.45116748216058        0.51602965939564
H           -1.22098778387813       -3.17476612503031       -0.90820370410374
H           -2.60680971237872       -2.54122143546516        0.00213216429274
H            1.32687096374343       -2.96644901894507       -0.01997384077684
25
 energy: -245.914989065924 gnorm: 18.671149358521 xtb: 6.6.1 (8d0f1dd)
C            3.21263816628287        1.13340451978051        0.01597095352347
N            0.56785161160589       -1.69887771720805        0.60887964200240
C            2.54952199001472       -1.25352853639764       -0.01144525033250
N            1.46416506508962       -2.01497335220662       -0.04437351179978
C            0.17869755358739       -0.93801268631184       -0.15535973389749
C            0.88341704587657        0.22217011397111       -0.00191814933269
C            0.07621170959380        1.39924879442927       -0.00386301340196
O            0.48517529812129        2.53252458417839       -0.01869609723660
N           -1.27536673453795        1.06517497166056        0.00226335077516
C           -2.23403613928355        2.16485727761755       -0.00188999671025
C           -1.85147819311685       -0.19030496971935        0.00530384177269
O           -3.03396977787678       -0.36323513079838        0.01152382355113
N           -0.99109701692606       -1.29615789063696       -0.00533241701725
C           -1.51591398594598       -2.63709142967389       -0.00314195835336
H            3.71275492224566        1.18727721209355        0.98395521756076
H            3.96705973978973        0.99443090626009       -0.75869159279424
H            2.68029298936967        2.07011851630357       -0.15386862964207
H            3.52711192255795       -1.66639253348260       -0.01769193532988
H           -1.67902407321360        3.09907198254008        0.00446620195852
H           -2.85992918092891        2.10278538919723       -0.89079988726921
H           -2.87219573161656        2.09684704314282        0.87775061001849
H            0.65637267274996       -1.50025341347696        0.49346805381877
H           -1.21764649818644       -3.17868055760847       -0.89964796568755
H           -2.60263412290327       -2.54584218636485        0.01258371442363
H            1.33245228175083       -2.96632236568913       -0.01827365270018
25
 energy: -246.061797016569 gnorm: 19.468481129770 xtb: 6.6.1 (8d0f1dd)
C            3.23618677692775        1.15282340342681        0.00736430945676
N            0.57562730949479       -1.68402657629209        0.72931401824784
C            2.56196016941333       -1.23508389103936       -0.01466319281318
N            1.52505959971209       -2.04733488849629       -0.06727138147489
C            0.08444043195488       -0.86206003794237       -0.23828348981760
C            0.90719828025357        0.23798078983246       -0.01014311992664
C            0.07905557899287        1.39950855700543       -0.00787955469584
O            0.48743683468980        2.53276340315079       -0.02539368497137
N           -1.27582197905939        1.06594819285120        0.00161870875332
C           -2.23158413027067        2.16746278680524       -0.00401584649635
C           -1.85521588085009       -0.18575659114669        0.00767110191657
O           -3.03629878455075       -0.35907886457454        0.01709127299020
N           -1.01725808096380       -1.29441056670166       -0.00568984528030
C           -1.52131292582297       -2.63856067806781        0.00953402765705
H            3.71456880916614        1.18437912079355        0.97607219288316
H            3.96682392602315        0.98776831344907       -0.76725410596081
H            2.68133488121306        2.06632148329816       -0.16303391350707
H            3.52586707538373       -1.67212644639223       -0.02004255999776
H           -1.67543589550978        3.10109767926843       -0.00079061999179
H           -2.85883812290175        2.10389813895281       -0.89191405108522
H           -2.86856211476595        2.10232982364895        0.87674036072561
H            0.64872966162316       -1.60753115306805        0.50513350415196
H           -1.22167244387179       -3.17974479395838       -0.88909372167416
H           -2.60481618752418       -2.54242999331277        0.02211994022525
H            1.33295872534281       -2.97589866989065       -0.01601873141475
25
 energy: -246.550614227700 gnorm: 12.643195822122 xtb: 6.6.1 (8d0f1dd)
C            3.23836701890283        1.16410990363620        0.01284424092711
N            0.68452179000481       -1.74209645541898        0.72342760305898
C            2.56641398898033       -1.22807214902160       -0.01660067364713
N            1.59024199472069       -2.06797660122611       -0.09399622805092
C            0.05287034707790       -0.79646876834498       -0.29414769730276
C            0.90888788277406        0.24688054654037       -0.01520357912075
C            0.07800249131537        1.40096129939078       -0.00567784323498
O            0.48138314677922        2.53478122054772       -0.01837106321182
N           -1.28022865118763        1.06231558461556        0.00318149539150
C           -2.23630687780735        2.16248775807115       -0.00089616467151
C           -1.86012391988974       -0.18707886511886        0.00506635282752
O           -3.03889998629194       -0.36470184175229        0.01396236624274
N           -1.04946999444198       -1.29666140238585       -0.01756437370655
C           -1.51742439102188       -2.63739123249578       -0.00080813366826
H            3.70943072880151        1.18783322084709        0.98244060363526
H            3.96386146117349        0.99615593111286       -0.76147814580828
H            2.67544321444076        2.07068665424697       -0.15577457975852
H            3.53087550836772       -1.66481901246194       -0.02253170600128
H           -1.68208390492571        3.09733921908841        0.00497555771498
H           -2.86270558163685        2.09970490792169       -0.88958005235759
H           -2.87404054052578        2.09398959163437        0.87914323388974
H            0.54935929167230       -1.59876917383019        0.60531280370438
H           -1.21316006791670       -3.18109632030313       -0.89600020309350
H           -2.59913599567401       -2.54884989729583        0.01534871568140
H            1.34435256040856       -2.98502557639763       -0.02590091153973
25
 energy: -246.717166950402 gnorm: 7.423495475281 xtb: 6.6.1 (8d0f1dd)
C            3.25296618407693        1.17560706779819        0.01297373861820
N            0.63577133209292       -1.75720729091193        0.74279898538302
C            2.57558393431577       -1.21623376333823       -0.01741159976815
N            1.59945012073614       -2.07639473148350       -0.09553147070057
C            0.01895418205529       -0.78335459077665       -0.31674074473277
C            0.92184113805796        0.25239822901951       -0.01791112984037
C            0.07953087258778        1.40195264701652       -0.00578751199283
O            0.48325511050803        2.53508974107354       -0.01853072159069
N           -1.27980671349103        1.06371396490794        0.00271041917342
C           -2.23436691848554        2.16452648197815       -0.00190733406115
C           -1.86295651534550       -0.18368282014579        0.00462919476233
O           -3.04111592435638       -0.36133591675008        0.01318008153541
N           -1.05763053802877       -1.29793030374266       -0.01830780933025
C           -1.52132478535480       -2.63828402001853        0.00165784743511
H            3.71007502574819        1.18427902867164        0.98401984763398
H            3.96548379527771        0.99250877209803       -0.76106809124110
H            2.67677177441240        2.06860105395935       -0.15544323745528
H            3.53035838496280       -1.66861772186356       -0.02180812952818
H           -1.67925983466315        3.09894394255557        0.00397087224645
H           -2.86056046275083        2.10220761583445       -0.89082030005393
H           -2.87243559424781        2.09676285948524        0.87794148661516
H            0.59370605741560       -1.61852407057872        0.61595503993815
H           -1.21518559090984       -3.18024046184043       -0.89534014958804
H           -2.60136386300249       -2.54635116703465        0.01450875766482
H            1.34269034248863       -2.99019600431340       -0.02656642322274
25
 energy: -246.772147494765 gnorm: 4.111532913827 xtb: 6.6.1 (8d0f1dd)
C            3.24053758988618        1.16377581536052        0.01355282813557
N            0.63903135334796       -1.73956821032359        0.73148677805163
C            2.56828764528563       -1.23018852428861       -0.01767089677796
N            1.59902010341418       -2.06788886462663       -0.09119161659389
C            0.07852902236519       -0.79694624465424       -0.28595421892510
C            0.90299522993704        0.24297630188975       -0.02005310775588
C            0.08039970826899        1.40464795466317       -0.00660005511945
O            0.48247279454660        2.53651286668803       -0.01810572018798
N           -1.28064507437078        1.06403564603454        0.00284593955626
C           -2.23475742012873        2.16411138967325       -0.00171284122398
C           -1.86732963997187       -0.18209796373698        0.00548695012370
O           -3.04450015599700       -0.36071303171939        0.01357540082833
N           -1.07030541671239       -1.30105289647599       -0.02140682365655
C           -1.52086032189450       -2.63024000601825       -0.00525924295566
H            3.70931559893095        1.18407210351120        0.98409329248260
H            3.96459767547944        0.99194316556843       -0.76198891377717
H            2.67538845650608        2.06852681176779       -0.15575343021862
H            3.53314180739619       -1.66573793229009       -0.02317906460960
H           -1.67983547835715        3.09865183146045        0.00404121971121
H           -2.86109431465341        2.10165481277315       -0.89067457347056
H           -2.87286205934821        2.09624977294087        0.87815601091769
H            0.58795825381055       -1.59778701809173        0.60378395623343
H           -1.21374295441704       -3.18104481132824       -0.89389909855015
H           -2.60119493949796       -2.54822725694734        0.01694737777730
H            1.34588405027406       -2.99742717023006       -0.02934853209516
25
 energy: -246.814198614300 gnorm: 2.322617502427 xtb: 6.6.1 (8d0f1dd)
C            3.24484664970634        1.16941830139682        0.01398104272902
N            0.64624211837449       -1.74563355850960        0.74890984972701
C            2.57610760986910       -1.22848785799466       -0.02081986881402
N            1.63430058395444       -2.07828210136004       -0.09601729881614
C            0.09365172024825       -0.78975259285638       -0.28460095468294
C            0.89827347693211        0.24543902869140       -0.02911245474613
C            0.08207845410277        1.41051578017503       -0.00828184022168
O            0.48078341692017        2.54026176732288       -0.01661291697046
N           -1.28309223061646        1.06477919191472        0.00326203876218
C           -2.23527194376458        2.16374819736645       -0.00141805905910
C           -1.87851919674929       -0.17707249314248        0.00636140918136
O           -3.05464254713135       -0.35783587293930        0.01405153560840
N           -1.09889108284323       -1.30348329357076       -0.03248369881000
C           -1.52394189872972       -2.62038470782553       -0.01375460266806
H            3.70710640242349        1.18179661511054        0.98584778331312
H            3.96331203569564        0.99016279941512       -0.76329327511068
H            2.67202223496255        2.06781219328689       -0.15569354036637
H            3.53914981563874       -1.66277505879812       -0.02663929911657
H           -1.68046455364573        3.09837820037183        0.00432551897641
H           -2.86169324641894        2.10119933591506       -0.89063970546475
H           -2.87361798514754        2.09560346288244        0.87837281292716
H            0.56984668270312       -1.59734051532950        0.62424593668414
H           -1.21047209553017       -3.18270766902574       -0.89086496595391
H           -2.60122425874715       -2.55106380076580        0.01982692221694
H            1.35454135189298       -3.01605681013129       -0.03778075142492
25
 energy: -246.826803607164 gnorm: 1.269772893980 xtb: 6.6.1 (8d0f1dd)
C            3.24972234546607        1.17430078462164        0.01406110868395
N            0.64330488465333       -1.75236545592058        0.75993562951574
C            2.58161805737808       -1.22474243829041       -0.02201311571498
N            1.64713988417840       -2.08492448293628       -0.09664321549030
C            0.08530768738896       -0.78322438188792       -0.29173015448337
C            0.90029635973331        0.24865243700099       -0.03295725099896
C            0.08257433278968        1.41248069017244       -0.00905010982497
O            0.48055187063998        2.54201121129552       -0.01608115715097
N           -1.28382313778275        1.06534497463262        0.00338965701813
C           -2.23519294385057        2.16406614709328       -0.00145701671035
C           -1.88281787028316       -0.17479251070386        0.00660096866491
O           -3.05922664507061       -0.35591567404969        0.01419144991363
N           -1.10685234603162       -1.30279527087458       -0.03729694488355
C           -1.52611455687688       -2.61753392967087       -0.01636530991811
H            3.70645833593648        1.18033584550816        0.98679393808414
H            3.96319827299927        0.98889527169834       -0.76381591787184
H            2.67097930833167        2.06724278296671       -0.15566276503248
H            3.54160847049321       -1.66235172285549       -0.02795789023716
H           -1.68022813108452        3.09856528502499        0.00428174157378
H           -2.86156747783813        2.10147405898977       -0.89079649428876
H           -2.87362728343107        2.09586648223324        0.87828574641911
H            0.57089911548869       -1.60475164984609        0.63522375227931
H           -1.20956372837579       -3.18325239761066       -0.88957674164300
H           -2.60187494311251       -2.55177767885383        0.02077963098842
H            1.35766165236050       -3.02256983613744       -0.04096792099232
25
 energy: -246.859896922752 gnorm: 0.323115012904 xtb: 6.6.1 (8d0f1dd)
C            3.26508655987429        1.19043939326315        0.01480040487890
N            0.63623596444056       -1.77466063088949        0.80519027650573
C            2.60454762863324       -1.21584311426050       -0.02809983674216
N            1.70871300179417       -2.11312214316247       -0.09447400175970
C            0.08151800019412       -0.76344291751029       -0.30357472856071
C            0.89703967742870        0.25871287989050       -0.05396627630873
C            0.08509869566560        1.42422341392053       -0.01376321478200
O            0.47859761412483        2.55238188502396       -0.01292594011560
N           -1.28821733800548        1.06850874305569        0.00428913793240
C           -2.23539484623361        2.16534799866890       -0.00135508090670
C           -1.90746566551407       -0.16256914401556        0.00838568633313
O           -3.08549541762074       -0.34549948034109        0.01537284672073
N           -1.14954887833021       -1.29867752117473       -0.06543905010046
C           -1.53683064401783       -2.59753203089644       -0.03505868597441
H            3.70252470884530        1.17300057972897        0.99170793636754
H            3.96181415442197        0.98238426717845       -0.76718454558589
H            2.66442706939173        2.06455277864591       -0.15571373175855
H            3.55697243717205       -1.65765639104131       -0.03604812804005
H           -1.67975657188126        3.09917588848675        0.00428419964993
H           -2.86155364175729        2.10227161737586       -0.89131686145907
H           -2.87419036488919        2.09655275813892        0.87816320819874
H            0.56847127770103       -1.62728419710404        0.68187139906621
H           -1.20348417155590       -3.18684631269456       -0.88204534499611
H           -2.60531095635095       -2.55720252615264        0.02748697035866
H            1.37663322056895       -3.05897725253448       -0.05941502102182
25
 energy: -246.881163875154 gnorm: 0.695553334580 xtb: 6.6.1 (8d0f1dd)
C            3.27559962481393        1.20204967555276        0.01574732000552
N            0.63171050158047       -1.79160695025007        0.84405676427801
C            2.62589899134728       -1.21293662345580       -0.03416583841453
N            1.76521009796526       -2.13980118063044       -0.08495840792952
C            0.09661232302981       -0.75598450588045       -0.29895399991793
C            0.88612288956027        0.26630919325860       -0.07699921297924
C            0.08698229079995        1.43742058085354       -0.01970041072266
O            0.47614166596758        2.56488739567088       -0.00922148768582
N           -1.29335962661240        1.07244156686665        0.00552241409490
C           -2.23608901253617        2.16693049880039       -0.00105260494818
C           -1.93507296767444       -0.14939160215843        0.01048794422189
O           -3.11577983197988       -0.33307599024590        0.01713805118673
N           -1.18799931504411       -1.29092754341369       -0.09833313461593
C           -1.54863356562692       -2.57366794844049       -0.05871640439831
H            3.69808552052413        1.16509539764029        0.99716969790590
H            3.96002551438513        0.97524830069082       -0.77133571301234
H            2.65670512606716        2.06183547474157       -0.15592892658652
H            3.57624454141005       -1.65098345202896       -0.04591080037978
H           -1.67963476964079        3.09976778765215        0.00441459608315
H           -2.86187805430566        2.10292632438755       -0.89169910807697
H           -2.87508777075248        2.09709861814449        0.87821441305346
H            0.56525583233977       -1.64267801503393        0.72307321695205
H           -1.19601988739038       -3.19131814789847       -0.87330708342788
H           -2.60992684542386       -2.56429209289963        0.03597120162511
H            1.39931824129632       -3.09710822032342       -0.08034086841109
25
 energy: -246.901220121510 gnorm: 0.464264372633 xtb: 6.6.1 (8d0f1dd)
C            3.28594613779624        1.21390224062815        0.01694839163306
N            0.62809437536273       -1.81068517360592        0.88545254648043
C            2.65093650355053       -1.21324447596113       -0.04115040088397
N            1.82648477539514       -2.17226987838538       -0.06607359233446
C            0.12002294005516       -0.75952824919714       -0.28245188453601
C            0.87026728752728        0.27587799816064       -0.10603906783725
C            0.08793402989409        1.45405671865094       -0.02824603505563
O            0.47268868718189        2.58190738483451       -0.00417743342731
N           -1.30039717611751        1.07797030215526        0.00740401616487
C           -2.23754399121466        2.16955785209136       -0.00048278651024
C           -1.97026524267787       -0.13301815890962        0.01283683563799
O           -3.15524933808709       -0.31572719326022        0.01993206345214
N           -1.22485356692944       -1.27621892809143       -0.14183430354879
C           -1.56421762812247       -2.54365319026032       -0.09091518664946
H            3.69238077311732        1.15501950457995        1.00440933525275
H            3.95764181366855        0.96618960402259       -0.77685145439827
H            2.64648913231019        2.05858972580642       -0.15622137836986
H            3.60369587321648       -1.64133443185577       -0.05965397069082
H           -1.67979307953688        3.10062550427599        0.00472375409731
H           -2.86255486727989        2.10374510518703       -0.89205205063445
H           -2.87653436478876        2.09778209465438        0.87843472319134
H            0.56175023893226       -1.65766648053522        0.76889227525641
H           -1.18574924882110       -3.19747005219297       -0.86185870906797
H           -2.61723405629613       -2.57433286780522        0.04752611998772
H            1.43049150596396       -3.14183641338689       -0.10738018930953
25
 energy: -202.972647274493 gnorm: 50.731117318230 xtb: 6.6.1 (8d0f1dd)
C            3.28608724428141        1.21411776868353        0.01680275431133
N            0.75118701468939       -2.08185158464144        1.07905296930569
C            2.65053818423277       -1.21599789626436       -0.04012654415906
N            1.82562764468153       -2.17943560832509       -0.05640189637888
C            0.12019961339365       -0.77431303322664       -0.26968789820023
C            0.86993337892371        0.27571731833304       -0.10701934772239
C            0.08646138022832        1.45472697506866       -0.02993212496201
O            0.47195387429149        2.58378063583047       -0.00352313450731
N           -1.30153959146514        1.07888233497763        0.00797615623276
C           -2.23831064448713        2.17069886686648       -0.00010490564375
C           -1.97213097154517       -0.13212498123755        0.01232943356388
O           -3.15795688830763       -0.31275818309474        0.02085388741458
N           -1.21649468190441       -1.27209520259330       -0.14441200501229
C           -1.56614306010603       -2.54274092538718       -0.09450141928853
H            3.69200081662842        1.15408937053554        1.00505277054873
H            3.95744461085516        0.96552317299975       -0.77757368164896
H            2.64551202589606        2.05845938807734       -0.15632518432371
H            3.60846971718768       -1.63959753132602       -0.06249854217315
H           -1.68000337851552        3.10102091534460        0.00502224759998
H           -2.86285793258494        2.10402333768057       -0.89179100999787
H           -2.87689934114759        2.09806198510026        0.87878419788896
H            0.43490194365197       -1.37342021318941        0.56137346240847
H           -1.18438440563695       -3.19830574130518       -0.86066217851795
H           -2.61919208081665       -2.57577547175695        0.04895470547944
H            1.43602704167561       -3.14244715554997       -0.11047109431772
25
 energy: -234.252213379418 gnorm: 49.056672082337 xtb: 6.6.1 (8d0f1dd)
C            3.28609249647947        1.21411389733815        0.01679363448744
N            0.67517726982644       -1.91013402125183        0.95213585777295
C            2.65061657588839       -1.21618911178436       -0.04016926660916
N            1.82514761670027       -2.17930330698014       -0.05593631734477
C            0.11952009116483       -0.77403775327542       -0.27037843937216
C            0.86989660371156        0.27582975132264       -0.10721723368134
C            0.08633308452201        1.45481046652665       -0.03003296000468
O            0.47189888921473        2.58391311411733       -0.00347665582366
N           -1.30163680023247        1.07896459638856        0.00801294823332
C           -2.23836940808288        2.17079473301567       -0.00007195010531
C           -1.97232816879342       -0.13204172686516        0.01229376697395
O           -3.15816504193304       -0.31251758351979        0.02092844894485
N           -1.21582703782742       -1.27162604025130       -0.14477662171365
C           -1.56630084139841       -2.54267713514628       -0.09479019648108
H            3.69197249644740        1.15401404425943        1.00510923416951
H            3.95743224415233        0.96546850894339       -0.77762888167684
H            2.64543552234649        2.05844835497339       -0.15633092714846
H            3.60885398807063       -1.63946632583158       -0.06268156698764
H           -1.68001927509332        3.10105266844254        0.00504521678596
H           -2.86287950518367        2.10404661131315       -0.89177195490102
H           -2.87692778332072        2.09808657615603        0.87880969425958
H            0.51183200111616       -1.54674001997576        0.68940964729316
H           -1.18427754648801       -3.19837079905861       -0.86056519477575
H           -2.61935529539291       -2.57589587497352        0.04906948691881
H            1.43630933820560       -3.14230508228314       -0.11060815131399
25
 energy: -246.260486231555 gnorm: 20.258549074874 xtb: 6.6.1 (8d0f1dd)
C            3.28610603712593        1.21415087715263        0.01677960946376
N            0.54975697815971       -1.63247348378339        0.75281242790412
C            2.65071141339786       -1.21642004426228       -0.04020672832482
N            1.82466863193262       -2.17926091144855       -0.05536168557075
C            0.11945912126446       -0.77494997650487       -0.26954594738610
C            0.86980756673813        0.27578338388996       -0.10733664824204
C            0.08622974058050        1.45483240922758       -0.03016474503515
O            0.47183340388939        2.58404545107264       -0.00338268180944
N           -1.30173755601090        1.07901493374715        0.00808815916270
C           -2.23843191703835        2.17087566945474        0.00001252929796
C           -1.97250144455147       -0.13199075048364        0.01225980142241
O           -3.15836347695561       -0.31230152948619        0.02102742965689
N           -1.21509559515289       -1.27116621586882       -0.14505201706292
C           -1.56647316846458       -2.54261812217743       -0.09508730964211
H            3.69194729904224        1.15393788996225        1.00514888059265
H            3.95740724592389        0.96544122441598       -0.77769649046453
H            2.64535243026527        2.05844893622897       -0.15632376779649
H            3.60922270758907       -1.63934458728837       -0.06294224887087
H           -1.68004311880738        3.10107702547560        0.00513384967895
H           -2.86291554012336        2.10407260849712       -0.89169307235812
H           -2.87695444695589        2.09808439819955        0.87889538158799
H            0.63741259519689       -1.82432864625415        0.88798164291513
H           -1.18417144806832       -3.19842224910486       -0.86051308705352
H           -2.61949595151356       -2.57601071232438        0.04915237246146
H            1.43670000663637       -3.14223903673721       -0.11081403662716
25
 energy: -219.597645682202 gnorm: 618.665121161623 xtb: 6.6.1 (8d0f1dd)
C            3.28621677574870        1.21433554791240        0.01672733360268
N            0.59364678189092       -1.71414773855851        0.79650726123639
C            2.65092425271946       -1.21858516434271       -0.04009579070285
N            1.82367221237368       -2.17971172896268       -0.05193302688534
C            0.11688943760338       -0.77978988981714       -0.26606342853040
C            0.86991977422365        0.27808737307285       -0.10909227738708
C            0.08543979095444        1.45517948663268       -0.03131630359037
O            0.47146498386059        2.58528952271103       -0.00308312705401
N           -1.30246195810847        1.07951128706809        0.00828400590947
C           -2.23884836519082        2.17161518710965       -0.00001151916269
C           -1.97388595499054       -0.13139060280617        0.01181180935211
O           -3.16009091933744       -0.31040298027784        0.02154662139925
N           -1.21184174814950       -1.26778627241784       -0.14814522468211
C           -1.56791855201682       -2.54188621428752       -0.09729147603170
H            3.69169131138910        1.15337217195842        1.00558946256227
H            3.95732341127585        0.96491832418985       -0.77805186362530
H            2.64481648467628        2.05832258546095       -0.15642654303389
H            3.61210137657685       -1.63848171061992       -0.06419147807008
H           -1.68011715570654        3.10135033363322        0.00504258682647
H           -2.86303140315814        2.10423994951126       -0.89178915155418
H           -2.87717277543959        2.09835733514609        0.87885076060775
H            0.59652113046531       -1.74676891319204        0.84563299947076
H           -1.18338111172788       -3.19892592218936       -0.85966865255182
H           -2.62070208105674       -2.57685915208371        0.05009215934563
H            1.43925581522429       -3.14160427325096       -0.11175351955095
