72
 energy: -99.317054133306 gnorm: 0.002145201660 xtb: 6.6.1 (8d0f1dd)
N           -1.68172289476831        3.19117745906768        2.69047137521611
C           -1.99688438193997        2.01055671976702        2.29847264174880
C           -3.15855912791081        1.72484395538421        1.54417615142326
C           -3.42930509810604        0.38057254125239        1.13265475930116
C           -4.21134822727525        0.11082878405407       -0.01683508807418
C           -4.49956224671143       -1.17694381782275       -0.42380008220227
O           -5.22381061265700       -1.50400160934071       -1.51735383170774
C           -5.88491062459352       -0.48587961006125       -2.23219974457054
C           -4.00346026750528       -2.28223073163248        0.32288892290004
O           -4.33729932517319       -3.49947741711465       -0.14608263159680
C           -4.00372756051616       -4.64322934317904        0.60618708025081
C           -3.23454642245053       -2.02591577946841        1.45335039744644
C           -2.94684796395267       -0.73227703266520        1.84462303760438
C           -2.26023136778720        1.76513876245494       -3.02057325357219
C           -1.73811815777831        0.62658796464565       -2.25227020563961
C           -0.44302316419012        0.85852541645133       -1.59357792580338
N            0.19733583591636       -0.06263816697212       -0.89087502320039
C            1.53679499877746        0.17501847888801       -0.40722086258745
C            2.58920671497177       -0.37279487514953       -1.39177686368140
C            3.98039841734275       -0.10965807154709       -0.88763443278534
C            4.58071350359517        1.12324575786630       -1.08963597610302
C            5.86391797548091        1.37254939155446       -0.62929915246322
C            6.57448466386370        0.39072458736152        0.04699108325030
O            7.82583918564300        0.51322370486779        0.52434938787974
C            8.52870564612987        1.71680870591091        0.31642478756269
C            5.96282972887431       -0.87472410385426        0.26866174114014
O            6.72298279941664       -1.76780185978346        0.93157126937013
C            6.22686119685820       -3.06532556245661        1.15841328781610
C            4.67710553346389       -1.09918055209985       -0.19853092562637
C           -0.33828051061759       -1.39315256892723       -0.75578526374577
C           -4.09071032367419        2.84485334931518        1.16879962127345
C           -4.54990893208321        3.61118143369068        2.41319572344376
C           -3.42590641910642        3.80143666872992        0.17334474137110
H           -4.59937937131599        0.93887417867712       -0.58612199970314
H           -6.56026978793314        0.08294237265554       -1.58704286213472
H           -6.46399564753301       -0.99668146822000       -2.99859332104254
H           -5.17548620731870        0.19667924063550       -2.71041005130521
H           -4.42925160639820       -4.59823650201688        1.61242150856581
H           -4.43856527937260       -5.48250872379220        0.06809796700714
H           -2.91985976374604       -4.77873344077511        0.67346357353466
H           -2.87026222893195       -2.84459407862129        2.05316999199092
H           -2.39077415306058       -0.58953519453787        2.75675927107415
H           -3.18093878000801        1.66342496749766       -3.55920582271837
H           -1.72452365502039        2.68896901798486       -3.09040808487616
H           -2.48168034432085        0.32345339619678       -1.48520980089833
H           -1.67261755755691       -0.26340570634962       -2.90105829490946
H           -1.33366217717358        1.15797851363141        2.49750607250410
H            0.01750123810837        1.83066874768682       -1.66593746323896
H            1.65782564868159       -0.30872594148520        0.56492268689243
H            1.68870157597727        1.24794556144146       -0.27812213406214
H            2.44683014314760        0.11609334061530       -2.35750963461694
H            2.43896607843877       -1.44517996183990       -1.52342283390497
H            4.05447216305924        1.89862882920865       -1.62519893328999
H            6.30788142469378        2.33758303506582       -0.81016181708754
H            8.03248212274591        2.56062014311573        0.80514267844506
H            8.64925617990056        1.93039951288021       -0.74985160644255
H            9.50762385141184        1.56409840547873        0.76684807275889
H            7.02393042296311       -3.59606833037049        1.67538047030448
H            5.33421991517192       -3.04911687795098        1.79188734424648
H            6.00090185260127       -3.57846159477715        0.21852656494545
H            4.20962665199627       -2.05923127197777       -0.04461012027672
H           -0.42209512949248       -1.88687307147989       -1.72746834498467
H           -1.33196352472672       -1.35899590336595       -0.30306420111466
H            0.31359927263321       -1.98529513593636       -0.11882154808326
H           -4.98700854013169        2.42159419186528        0.70653713120996
H           -3.69402034163197        4.07169671830687        2.89700711010153
H           -5.03528890384618        2.93816477075047        3.11620785486413
H           -5.25706771223960        4.38602196389483        2.12712106829957
H           -2.55191181845127        4.25391595389036        0.63464845418936
H           -3.11732699952045        3.27420149837820       -0.73052725288145
H           -4.12455847504796        4.58787907582973       -0.10124786557421
H           -0.82380750865570        3.29190671064005        3.21848626693863
