25
 energy: -42.064645659963 gnorm: 0.110089642159 xtb: 6.6.1 (8d0f1dd)
C            3.21361413486513        1.13844262028032        0.01843839048383
N            2.26083717641038        0.05941811115680        0.00030924040297
C            2.53309005359405       -1.23252939265493       -0.00821348374994
N            1.38642529561267       -1.94547594334851       -0.00842584406581
C            0.34417688774455       -1.06392022192021        0.00042607882767
C            0.89599748225124        0.20614956199122        0.00635658096242
C            0.05904381892795        1.40001516835928       -0.00311562680080
O            0.46614895261987        2.53477266039643       -0.01733114410290
N           -1.30185084346380        1.07109271020668        0.00149615220617
C           -2.26461164889143        2.13602037183790       -0.00120967713811
C           -1.86685760046133       -0.20144290335658        0.00485859733844
O           -3.04663872536267       -0.38476626930848        0.00915733448191
N           -0.97295807269479       -1.30135310516523        0.00154447154869
C           -1.52172104753060       -2.64230800565965       -0.00239709959143
H            3.71246056702693        1.18512940041102        0.98739193330080
H            3.96667950275366        0.99228405299357       -0.75475987751731
H            2.68444070083082        2.07556858071390       -0.15080161532468
H            3.51605386826269       -1.66144783325788       -0.01508642217083
H           -1.76894755365031        3.09533131405806        0.00418967117369
H           -2.70331597241590        2.11640805996394       -1.62704305704829
H           -2.72703948218291        2.10192645834616        1.61142387114355
H           -1.20506971639482       -3.18621060624035        0.88694035940379
H           -1.21880970644091       -3.17558661000260       -0.90295966008202
H           -2.60681635594678       -2.54516675417178        0.00636657998864
H            1.32609979863630       -2.95411288402909       -0.01638413577045
25
 energy: -42.157559072724 gnorm: 0.120207675404 xtb: 6.6.1 (8d0f1dd)
C            3.21318513026917        1.13877296969366        0.01843087918059
N            2.26108628481026        0.05905367723494        0.00027803625433
C            2.53346544504423       -1.23288402774173       -0.00822086880089
N            1.38672350958091       -1.94589516019310       -0.00844217670372
C            0.34462972885510       -1.06421318721141        0.00039693284554
C            0.89674673529236        0.20568840543774        0.00633897897020
C            0.06306064004278        1.39937783714169       -0.00305745114313
O            0.46843377964028        2.53471462492523       -0.01739180063950
N           -1.29438238759138        1.06951941614032        0.00173461017173
C           -2.24103452931315        2.14187562646895       -0.00147727668506
C           -1.86496952813571       -0.20069336038965        0.00495581750705
O           -3.04542235232155       -0.38233243293623        0.00923316515247
N           -0.97271243052793       -1.30140454085189        0.00153251411673
C           -1.52165868711758       -2.64305607811338       -0.00241966513625
H            3.71173065561596        1.18551369154481        0.98755498672371
H            3.96595452976311        0.99261139565827       -0.75503743976781
H            2.68386624190396        2.07599986658784       -0.15069917096639
H            3.51677049026040       -1.66168018275408       -0.01505841820815
H           -1.75038561968974        3.10266503758084        0.00445708173597
H           -2.73489498085322        2.11111809588667       -1.32519441364580
H           -2.75445845427740        2.09930228850254        1.30933614948781
H           -1.20521696163031       -3.18753911743097        0.88699060326452
H           -1.21892816875460       -3.17697275881868       -0.90301322157429
H           -2.60687076264251       -2.54675546764605        0.00631867337872
H            1.32571320587659       -2.95454807711633       -0.01637490761834
25
 energy: -42.234110703446 gnorm: 0.054748423420 xtb: 6.6.1 (8d0f1dd)
C            3.21277744931716        1.13893824399098        0.01841193925727
N            2.26126747239996        0.05860231872602        0.00028705607797
C            2.53386060483074       -1.23312948337857       -0.00822538148796
N            1.38716601042680       -1.94611407377125       -0.00845262305345
C            0.34517310021627       -1.06432628965252        0.00039755910816
C            0.89723794741970        0.20531376511478        0.00636581408930
C            0.06327164981469        1.39909198781322       -0.00299368165843
O            0.46873784107932        2.53439873971161       -0.01747178777432
N           -1.29244485556672        1.06936463913646        0.00169814138252
C           -2.24958097617440        2.14806208536903       -0.00289094572928
C           -1.86318656095539       -0.19916749509746        0.00504340184641
O           -3.04416048239204       -0.37990860894335        0.00920561476723
N           -0.97221196147866       -1.30103581519609        0.00155486395853
C           -1.52142554562542       -2.64318232003850       -0.00243094818162
H            3.71110826711797        1.18586070131922        0.98762566442661
H            3.96539287795146        0.99299929111087       -0.75521610414031
H            2.68311905076719        2.07611139351616       -0.15059625956841
H            3.51732683188239       -1.66183639331737       -0.01504285241067
H           -1.73445044171717        3.10120445394144        0.00468296780643
H           -2.74387693622574        2.10717397418261       -1.02282605350099
H           -2.75940019134476        2.09810588790047        1.00815832674698
H           -1.20521466139807       -3.18818717404836        0.88691665524673
H           -1.21888309733861       -3.17765243609339       -0.90293455217434
H           -2.60672611476191       -2.54766831311236        0.00627534675795
H            1.32555423585532       -2.95478053758362       -0.01637054389224
25
 energy: -42.241230093280 gnorm: 0.036154915307 xtb: 6.6.1 (8d0f1dd)
C            3.21721574397366        1.13662346810413        0.01835385811654
N            2.27119875637179        0.05181137289845        0.00030858636837
C            2.54136337459575       -1.23972394403484       -0.00827052735125
N            1.39316808446140       -1.95131474436530       -0.00850075109843
C            0.35285561145366       -1.06843712265077        0.00040779632752
C            0.91065114305849        0.19842678431512        0.00642016533608
C            0.08762100459635        1.39448217104655       -0.00314305105354
O            0.49113570526861        2.53018229185164       -0.01750830828230
N           -1.25697306703573        1.06538445452180        0.00170351222232
C           -2.19326132106532        2.17993750703072       -0.00284745747103
C           -1.84629862379624       -0.19172575751634        0.00505969515437
O           -3.03059927802921       -0.35943218419659        0.00922387784512
N           -0.96563428398438       -1.30139023630832        0.00157360298479
C           -1.52024576579980       -2.64204877944392       -0.00242534361216
H            3.71380908445928        1.18603437747072        0.98809529403450
H            3.96907602996999        0.99391862774885       -0.75608129293209
H            2.68307383960772        2.07194675409406       -0.15035787346446
H            3.52403996952063       -1.66857575058541       -0.01514033123279
H           -1.63487628104562        3.11593033213147        0.00568793240806
H           -2.91499942498703        2.09724054459443       -0.82462480633756
H           -2.93057827321901        2.09092543329597        0.80942365734903
H           -1.20536513237598       -3.18844313859284        0.88669411251129
H           -1.21891938514439       -3.17791946220217       -0.90265851857250
H           -2.60553989438537       -2.54608769286084        0.00622275637168
H            1.32851389763095       -2.95950676474648       -0.01644496772143
25
 energy: -42.235127189598 gnorm: 0.122883584511 xtb: 6.6.1 (8d0f1dd)
C            3.21273919172898        1.13874375795132        0.01884023644241
N            2.26517846537158        0.05499119310018        0.00063022241936
C            2.53828421091156       -1.23642730565123       -0.00795587006007
N            1.39142943146484       -1.94931353857274       -0.00836078118186
C            0.34936848917983       -1.06779251671084        0.00043813665454
C            0.90232273882248        0.20131212414712        0.00652306455727
C            0.06864805024151        1.39592284877751       -0.00311211255148
O            0.47256823461358        2.53201820339426       -0.01737020823844
N           -1.27844208480102        1.06039768572658        0.00168751010682
C           -2.25020240915785        2.15371628055167       -0.00204654218166
C           -1.85383285874735       -0.19831306962548        0.00499008380074
O           -3.03745970064064       -0.37003804670777        0.00888244790674
N           -0.96849368765884       -1.30389581679764        0.00143343068261
C           -1.52001534223211       -2.64523803445829       -0.00277338960157
H            3.71001078284335        1.18760642072645        0.98838769607838
H            3.96533371295402        0.99578000116772       -0.75514818336893
H            2.67936050762932        2.07413372725291       -0.14984082010360
H            3.52194553155522       -1.66473544036376       -0.01462520580989
H           -1.69294316223353        3.09101705495187        0.00477041037324
H           -2.80695834934289        2.12601852569625       -0.84471799735582
H           -2.80865308593125        2.12086123033776        0.82777058621375
H           -1.20484389661180       -3.19091847939475        0.88665884872699
H           -1.21795422724398       -3.18033370753640       -0.90320341314968
H           -2.60525205882595       -2.54942128658951        0.00560238141789
H            1.32829303021113       -2.95785326977314       -0.01628891387764
25
 energy: -42.241354818275 gnorm: 0.034894986237 xtb: 6.6.1 (8d0f1dd)
C            3.21712801570600        1.13577354137676        0.01863440372183
N            2.26982633498422        0.05166993571754        0.00053196913199
C            2.54235046792297       -1.24043996032830       -0.00809049395840
N            1.39429187350989       -1.95147636592911       -0.00841859622716
C            0.35255729327667       -1.06818838475436        0.00045964654539
C            0.90574748002193        0.20078545875492        0.00653153397605
C            0.07094828713007        1.39843566289077       -0.00312165687725
O            0.48433244082022        2.53174525391351       -0.01764596093644
N           -1.28401735786878        1.06707466927616        0.00105512899457
C           -2.25697939676776        2.14862130743097       -0.00343186505981
C           -1.85203518977806       -0.19439149296681        0.00489495928645
O           -3.03493405888313       -0.36540117658028        0.00862145847236
N           -0.96622806213287       -1.30129267227119        0.00151248800740
C           -1.51888193421081       -2.64225158555939       -0.00267945465661
H            3.71427963390340        1.18619818559304        0.98820961863222
H            3.97007971993161        0.99502713380235       -0.75552847507345
H            2.68138262961262        2.06977220928029       -0.14986278466344
H            3.52589589263514       -1.67041599309195       -0.01486188992379
H           -1.70719752300618        3.08424163638431        0.00303681373098
H           -2.82055135310246        2.13057463884518       -0.96826359054433
H           -2.83146630346759        2.12460142258362        0.95662730234105
H           -1.20470747957505       -3.18885889280785        0.88659533093923
H           -1.21775069745736       -3.17828501792569       -0.90292155679134
H           -2.60389579372671       -2.54504613937948        0.00566280821003
H            1.33025659462217       -2.96023483265498       -0.01637551937745
25
 energy: -42.243556893313 gnorm: 0.031788119432 xtb: 6.6.1 (8d0f1dd)
C            3.21381566542783        1.13834996906878        0.01861599021496
N            2.26718743979345        0.05378492044045        0.00045407193959
C            2.53827021830581       -1.23789804770415       -0.00810358866175
N            1.39001312206309       -1.94911300489572       -0.00844663929753
C            0.34893350712623       -1.06576036849024        0.00031253017997
C            0.90498525237942        0.20177816896909        0.00633244140778
C            0.07733568948069        1.39947500427648       -0.00356689814558
O            0.48745508044568        2.53276695196934       -0.01772370342892
N           -1.27106375362350        1.07243637623111        0.00080822059796
C           -2.20717627903296        2.19070199461374       -0.00285040319220
C           -1.85225380464302       -0.18670907787344        0.00452380402008
O           -3.03631919314099       -0.35560120274374        0.00871542766534
N           -0.97002887798126       -1.29767361696085        0.00135782188463
C           -1.52186177733762       -2.63958736573014       -0.00266056503554
H            3.71084394062751        1.18812163724917        0.98819250544402
H            3.96633695195744        0.99674035791285       -0.75555776661964
H            2.67888672410257        2.07300611888202       -0.14992790640797
H            3.52142270983265       -1.66728637338084       -0.01482401900546
H           -1.63772456046296        3.11757038807694        0.00286144854091
H           -2.86443344273822        2.06161716450185       -0.88415709838114
H           -2.87719250542552        2.05654320145487        0.87369973524158
H           -1.20630463082174       -3.18621254503202        0.88628694632992
H           -1.21927052292162       -3.17583510366515       -0.90245077095080
H           -2.60710883737016       -2.54535457649630        0.00561859133848
H            1.32568339805738       -2.95762242907407       -0.01633855777855
25
 energy: -42.242970799796 gnorm: 0.027155466139 xtb: 6.6.1 (8d0f1dd)
C            3.21686619039062        1.13611764754696        0.01876286261441
N            2.27272894352482        0.04939181212750        0.00048842215667
C            2.54545638310810       -1.24186599432604       -0.00809400001578
N            1.39855070126237       -1.95519798802844       -0.00849548842562
C            0.35664445156843       -1.07413254127462        0.00032772103395
C            0.91091256054377        0.19457956177548        0.00640799860126
C            0.08129163925825        1.38992342227928       -0.00336199626676
O            0.48577521638304        2.52527274862148       -0.01758065885855
N           -1.26253030708255        1.05339191804200        0.00120723722265
C           -2.22058896725496        2.15283666584702       -0.00221439378687
C           -1.84355893138733       -0.20274928530899        0.00474669467820
O           -3.02808196216259       -0.37128096924264        0.00883054576512
N           -0.96137962524790       -1.30985994897544        0.00135413149078
C           -1.51687025210739       -2.64909572980591       -0.00284648422524
H            3.71361839505665        1.18680588916688        0.98840317879583
H            3.96951318740855        0.99608265171240       -0.75550016766326
H            2.68004810306387        2.06979122435085       -0.14967326021449
H            3.52885834457229       -1.66986805728798       -0.01479218286781
H           -1.67397868143223        3.09212684126021        0.00170012867052
H           -2.89836251596824        2.17066561791261       -0.85615524505356
H           -2.90812057490916        2.16809116418729        0.84528870314672
H           -1.20332413052477       -3.19505172472848        0.88692709618848
H           -1.21603034066968       -3.18452875526663       -0.90342114634518
H           -2.60193663593325       -2.54963919465358        0.00529171009315
H            1.33493032263954       -2.96356843433108       -0.01642978883449
25
 energy: -42.244966658908 gnorm: 0.014048510955 xtb: 6.6.1 (8d0f1dd)
C            3.21656211411916        1.13641058320647        0.01886785420704
N            2.26951455472329        0.05212542946502        0.00054762513174
C            2.54148475721784       -1.23973016739720       -0.00803307817264
N            1.39353019172512       -1.95101252184008       -0.00847627559719
C            0.35216967371065       -1.06782183066693        0.00029949195391
C            0.90623826649009        0.20068807055423        0.00646079679388
C            0.07320442108601        1.39810633800684       -0.00310359974630
O            0.48492708981543        2.53135578145031       -0.01746169818565
N           -1.27705159610417        1.06626438482077        0.00139943587161
C           -2.24300710083945        2.16145954118343       -0.00175750176119
C           -1.85058233220374       -0.19288445492571        0.00473650186276
O           -3.03423617444330       -0.36308410273858        0.00855529891356
N           -0.96650523126587       -1.30092267330768        0.00124190860429
C           -1.51972897734262       -2.64149853689389       -0.00302014405069
H            3.71377430945315        1.18638752376270        0.98840476960104
H            3.96944093440522        0.99562231956351       -0.75527263905556
H            2.68089315083373        2.07049814087216       -0.14947298328223
H            3.52477694152058       -1.66966344274137       -0.01467129336919
H           -1.68221441055296        3.09332870008703        0.00185386468873
H           -2.84373053684030        2.11167341317477       -0.90108338489448
H           -2.84990399458196        2.11015625971421        0.88930186670666
H           -1.20556334608839       -3.18792314034970        0.88638955583831
H           -1.21799377892935       -3.17749476037281       -0.90309747745794
H           -2.60476557064400       -2.54415053538626        0.00496303598958
H            1.32919815883602       -2.95965177764118       -0.01640031268997
25
 energy: -42.245230511129 gnorm: 0.006865470414 xtb: 6.6.1 (8d0f1dd)
C            3.21610909686658        1.13673118691393        0.01826093917441
N            2.26943372393694        0.05213111266650        0.00025960567664
C            2.54119358595379       -1.23960430563273       -0.00831577706295
N            1.39326958501147       -1.95111049228262       -0.00847355163261
C            0.35194907692385       -1.06803315776043        0.00048216750543
C            0.90659226522037        0.20022887593745        0.00649265185926
C            0.07539565484552        1.39778092020749       -0.00296769675777
O            0.48652262356394        2.53094866184114       -0.01761389196449
N           -1.27348944610615        1.06713721049879        0.00143745571174
C           -2.22897069036495        2.17112072210016       -0.00324088728332
C           -1.84996170260829       -0.19180590523720        0.00501567546378
O           -3.03383675493464       -0.36153113102433        0.00872305182869
N           -0.96678684370649       -1.30093388676141        0.00162193521959
C           -1.51994518107871       -2.64175212704491       -0.00251790233214
H            3.71354314651440        1.18664133935788        0.98765833084012
H            3.96865347317410        0.99575990539857       -0.75610030316193
H            2.68053850340724        2.07096357333787       -0.14999367929857
H            3.52443065753665       -1.66925515603773       -0.01518446962719
H           -1.66769365763568        3.10205778916534        0.00064918448913
H           -2.85373537497508        2.10455993661251       -0.88850377680061
H           -2.87305693048231        2.09710869774785        0.88001093721852
H           -1.20561805733591       -3.18826192663138        0.88683017767251
H           -1.21809079119633       -3.17797606838338       -0.90246517045486
H           -2.60502862399026       -2.54497605709020        0.00547877036328
H            1.32901417556014       -2.95969117629909       -0.01637215874655
