72
 energy: -99.306320074308 gnorm: 0.001955837653 xtb: 6.6.1 (8d0f1dd)
N           -2.32140975850817        3.27168985685882        2.20366097537028
C           -2.01617911365851        2.48486028206236        1.28276706437522
C           -2.93509136847590        2.10111385735384        0.15376780194167
C           -3.34419908640289        0.64545738146817        0.30371063045916
C           -4.07597910695058        0.02814601081606       -0.71258105052509
C           -4.48660083556180       -1.29102850094738       -0.61052530519595
O           -5.20834014914717       -1.95579917387436       -1.53454456408300
C           -5.71167528412251       -1.25953182868992       -2.65096328763347
C           -4.13914145454040       -2.04478750805835        0.54547987130397
O           -4.55786562398534       -3.32418476264886        0.54829396126732
C           -4.28687310292707       -4.13441080390314        1.66835096269264
C           -3.42195075094016       -1.42119196789660        1.55514973695429
C           -3.03503527995043       -0.09349217420756        1.43626123037885
C           -2.12081556662185        2.30257929103173       -1.15414096870502
C           -1.13422161264888        1.17187687830809       -1.51316835569397
C            0.00652444967889        1.04280632547138       -0.56967959636464
N            0.31582246378287       -0.04067848554916        0.13260796435292
C            1.49871088653664        0.03743215605473        1.01229076841110
C            2.61203990293569       -0.81507522338052        0.50788843284368
C            3.92053424982712       -0.43337560847972        0.27029886601234
C            4.41122156500995        0.89485410154699        0.38765989856464
C            5.73041216019063        1.19237769814297        0.14768106279848
C            6.64637882332451        0.19846117480350       -0.20881226780435
O            7.94792736894724        0.37962198225934       -0.45006157242195
C            8.50774141369182        1.67142738341936       -0.37137862954856
C            6.18443727787126       -1.15228805245439       -0.33033594497906
O            7.13770092258242       -2.04248069104086       -0.66531517483068
C            6.80525576669971       -3.40914482085876       -0.74304169870733
C            4.86157340561355       -1.43829728735024       -0.10568057909753
C           -0.32506563870071       -1.20013357269892        0.13237921018360
C           -4.22968648954472        2.96822586383809        0.10775912933983
C           -5.11507664865569        2.72227244929644        1.32710310239943
C           -3.94690750313733        4.46114539660942       -0.03239754174637
H           -4.33631882607005        0.59263587019505       -1.59298661829963
H           -6.33803351869814       -0.41553645243252       -2.34635754249075
H           -6.31852598777705       -1.98056132191626       -3.19521627268074
H           -4.90626078419451       -0.90345030993998       -3.30152614863580
H           -4.74257367904806       -3.72912882530364        2.57676799328791
H           -4.73081559544184       -5.10206794364393        1.44278977974473
H           -3.20988714315169       -4.25674126379246        1.82260253560791
H           -3.16568610648184       -1.96061698723203        2.45250760918016
H           -2.50362210664632        0.36367455287750        2.25626018350475
H           -2.81750134216057        2.40350414765382       -1.98653084927603
H           -1.56715668074455        3.23957545225136       -1.07551045027846
H           -1.67869776167738        0.23503288088266       -1.60529245985780
H           -0.72852444291061        1.41978382612352       -2.50076705165693
H           -1.02198775829256        2.01715662416935        1.18213847186195
H            0.69115075542687        1.87372160316118       -0.50985819300304
H            1.18584082636035       -0.32160630272215        2.00210349060072
H            1.80367886812850        1.07893984234224        1.10749765407290
H            1.43163031092029       -1.82044137397104       -2.80115549321771
H            2.35980832132393       -1.85312348742938        0.35087981650533
H            3.74528697985680        1.69644780675333        0.66317407260648
H            6.06251322624958        2.21426474941523        0.24231070622523
H            8.40368192257351        2.09316339617735        0.63225921590025
H            8.05443777130199        2.34686004384677       -1.10233546574304
H            9.56393824590572        1.54515986552199       -0.60145545574501
H            7.72787739225107       -3.91909479782026       -1.01480476340702
H            6.45050982340306       -3.78693026285961        0.22165026900871
H            6.04764344164984       -3.59596863632680       -1.50984810867935
H            4.50288283445667       -2.45091618883126       -0.19662884866591
H            1.03313392391563       -1.78328593401682       -2.13345546222578
H           -1.17347826817113       -1.36984882144564       -0.49758863711397
H           -0.00571944258169       -1.97217885315233        0.80205069699462
H           -4.78631887156598        2.64765987085063       -0.78037658285310
H           -4.60303493229529        3.04197803989559        2.22941744447632
H           -5.37242919543747        1.66984589205339        1.42162069355310
H           -6.03510389061932        3.29307744887748        1.23057394661868
H           -3.39226927387296        4.82297001686372        0.82828231564802
H           -3.38878487932020        4.68506515160716       -0.93779410833500
H           -4.88997791590981        5.00001551207823       -0.07889801073683
H           -1.61895692580641        3.48665706455815        2.90428033771490
