72
 energy: -99.374610514401 gnorm: 0.004683838456 xtb: 6.6.1 (8d0f1dd)
N           -1.71822754622683        1.34829795780335        2.07377478437220
C           -1.62752901370868        1.25998981774574        0.84020482390438
C           -2.81470291360058        1.28227798151365       -0.10740792317899
C           -3.68154611075804        0.04218221850299        0.07133355270169
C           -4.68377871170932       -0.20471421801759       -0.86904416819513
C           -5.50953591097882       -1.31402208305395       -0.77761502788651
O           -6.49628685532591       -1.62322131475728       -1.63730105813912
C           -6.75991363124239       -0.77352544406644       -2.72917412200442
C           -5.33596205278129       -2.22942584982614        0.30007356787733
O           -6.16636131486829       -3.28483606963177        0.30263252695890
C           -6.07820773874597       -4.22904496248670        1.34585881133594
C           -4.35531831256886       -1.96159426603474        1.24390883347502
C           -3.54544353832466       -0.84170541948909        1.13204312856649
C           -2.16304181939150        1.26152475601493       -1.51122106608146
C           -0.83456699372962        0.54059867837761       -1.30797368243975
C           -0.32736207846897        1.10687793109024        0.02810528698195
N            0.67219916900057        0.38341550502037        0.74792498175635
C            2.04635250486612        0.79486036901563        0.60421801025574
C            2.65123675778072        0.52819556028509       -0.79559448773297
C            4.14731822274368        0.56501793315661       -0.72022771566482
C            4.85765157639640        1.72495077426710       -0.99789474542730
C            6.23803539660435        1.75689631831908       -0.88500784313155
C            6.94241258747677        0.62801648042894       -0.48423995059406
O            8.27346170779570        0.54382273581996       -0.33343783672820
C            9.07400875799513        1.67712368328822       -0.58098224481502
C            6.22257370889561       -0.56906760570980       -0.19894545788236
O            6.97850909923765       -1.61668830243508        0.17397772530911
C            6.36093478666285       -2.84967337143113        0.45928789971911
C            4.84157378912591       -0.57423589899235       -0.31925467368391
C            0.45576468189205       -1.03258268177979        0.92349452899074
C           -3.68274506310521        2.55110658941239        0.13983885257240
C           -4.49461715916646        2.41944971706241        1.42474751056815
C           -2.84738076842169        3.82858902084652        0.20433887505853
H           -4.83706004436403        0.49498114061478       -1.67449102164762
H           -7.05643046785784        0.22600126926242       -2.39674033850051
H           -7.58745988060454       -1.23450595725357       -3.26471970825099
H           -5.89561340752532       -0.69770219845250       -3.39622418213103
H           -6.28420856539298       -3.77083470856187        2.31738978183054
H           -6.83954357813853       -4.97583510521351        1.12934832828741
H           -5.09504599954870       -4.70869485522258        1.36835682119995
H           -4.21453909902411       -2.62121592330308        2.08451723726333
H           -2.82327933936832       -0.65439369052103        1.90988088558532
H           -2.78043320621733        0.75110326879357       -2.24521521774742
H           -1.98539375685437        2.27721113240564       -1.86295261325351
H           -1.00733506640229       -0.53241056123408       -1.22016878504713
H           -0.13400039300637        0.71804532296092       -2.12256274554188
H            0.41169971345952        1.09477294031330        2.91528694145504
H            0.04480502791061        2.12678526071347       -0.13242150435988
H            2.63177572413405        0.25332256804935        1.35071983584936
H            2.12105549524576        1.86156558016384        0.82857790917060
H            2.29034209760470        1.27762746287441       -1.50046147536628
H            2.32787148590555       -0.45601698574917       -1.13817464024181
H            4.33444271069825        2.61476811440039       -1.31237221070570
H            6.76254186513798        2.67019658886375       -1.11356400141756
H            8.80246005003460        2.50958380395383        0.07480273360218
H            9.00354168270626        1.99546773573181       -1.62530246924601
H           10.09452463925048        1.36565363469873       -0.36614429745833
H            7.16983479066974       -3.52762251396189        0.72416189826313
H            5.66874144688158       -2.76572200614372        1.30286285209958
H            5.83001986670217       -3.24264159318107       -0.41321139044717
H            4.28679385705519       -1.47513585699025       -0.10823532228892
H            0.71823575988613       -1.61785992715394        0.03382299726939
H           -0.59099689699983       -1.21484581889255        1.15978598204977
H            1.06522608729784       -1.38331357047582        1.75535377570564
H           -4.37042460627817        2.62958173555680       -0.70916255790818
H           -3.82498963282982        2.22965481260403        2.26107389569603
H           -5.21003219970218        1.60391407171222        1.36157468813436
H           -5.03822155951441        3.34095621487836        1.61574944419976
H           -2.21122665752826        3.82363996959273        1.08599266922731
H           -2.22468101526477        3.96297205519576       -0.67669249442843
H           -3.50964466591235        4.68770871075129        0.27326183083814
H           -0.77634187853929        1.28852086047423        2.63711961402525
