25
 energy: -51.386632224646 gnorm: 12.091625818978 xtb: 6.6.1 (8d0f1dd)
C            3.21786164340000        1.13591514650000        0.01837059260000
N            2.27034809790000        0.05199982890000        0.00038279530000
C            2.54167221030000       -1.23971668410000       -0.00834188300000
N            1.39367826450000       -1.95088267900000       -0.00850347120000
C            0.35269634020000       -1.06748964300000        0.00059917290000
C            0.90759959010000        0.20069750900000        0.00663590170000
C            0.07590235260000        1.39864294500000       -0.00284827040000
O            0.48715076820000        2.53168346660000       -0.01725767220000
N           -1.27221500230000        1.06666939660000        0.00165480230000
C           -2.23229981500000        2.16656245330000       -0.00245172030000
C           -1.84872931540000       -0.19179276200000        0.00496135950000
O           -3.03273030250000       -0.36103538130000        0.00858583760000
N           -0.96599111670000       -1.30060631840000        0.00174701630000
C           -1.52030655580000       -2.64076660390000       -0.00239033190000
H            3.71480285180000        1.18589984860000        0.98803183970000
H            3.97079415090000        0.99383197990000       -0.75543416370000
H            2.68321036910000        2.07051068580000       -0.15067179540000
H            3.52469367910000       -1.66989040330000       -0.01523639120000
H           -1.67672429040000        3.10039111610000        0.00486339690000
H           -2.85755792270000        2.10547813320000       -0.89185337000000
H           -2.87119733260000        2.09858159720000        0.87661144540000
H           -1.20589108080000       -3.18768007210000        0.88663215920000
H           -1.21982032550000       -3.17678505510000       -0.90288069810000
H           -2.60531402170000       -2.54255916880000        0.00649952960000
H            1.32879827740000       -2.95942079410000       -0.01653446370000
25
 energy: -67.337103347578 gnorm: 19.825301498384 xtb: 6.6.1 (8d0f1dd)
C            3.21784633881550        1.13594129179193        0.01836129204168
N            2.27040173871039        0.05221771675948        0.00039876389452
C            2.54178623182098       -1.23980858843050       -0.00835933919841
N            1.39360931038008       -1.95092784134832       -0.00851670061002
C            0.35280875408421       -1.06748826772720        0.00056714994976
C            0.90792162852549        0.20103556660921        0.00658748614290
C            0.07203320757718        1.39516794244192       -0.00261418951483
O            0.12862345568543        2.48877793022430        0.07916164731746
N           -1.27239755852718        1.06559733553231        0.00151077604969
C           -2.22929711116548        2.16685937732814       -0.00543291808491
C           -1.84867765265459       -0.19190775415146        0.00496106097542
O           -3.03278924516194       -0.36105499564053        0.00860248491273
N           -0.96605157414195       -1.30061170218206        0.00174967728034
C           -1.52029211721479       -2.64076404525460       -0.00238970321400
H            3.71480195623747        1.18592288435615        0.98801863139463
H            3.97078216482805        0.99386203873568       -0.75545277047485
H            2.68321781089733        2.07052406233414       -0.15067974864364
H            3.52469626203772       -1.66986354252565       -0.01525983221914
H           -1.67660020111242        3.10037403228950        0.00472007348966
H           -2.85782754047191        2.10543966543590       -0.89169563433357
H           -2.51202341150342        2.14541529755908        0.78323255305439
H           -1.20586227808924       -3.18769292326282        0.88662844216806
H           -1.21980091675289       -3.17679221313289       -0.90288310692501
H           -2.60529791072361       -2.54258113340242        0.00650574021064
H            1.32882017201959       -2.95940359273930       -0.01655021776352
25
 energy: -91.088030350372 gnorm: 27.775925587989 xtb: 6.6.1 (8d0f1dd)
C            3.21780823448734        1.13595950697454        0.01839343308135
N            2.27049734188605        0.05234033601051        0.00043112492553
C            2.54188837256712       -1.23989518502894       -0.00834227310437
N            1.39355429749788       -1.95094935563287       -0.00850479366418
C            0.35278166873810       -1.06746703057843        0.00053250573986
C            0.90824486611083        0.20146511685615        0.00651527574091
C            0.06828540050869        1.38859612659201       -0.00256970178797
O           -0.23127453927540        2.44950537407960        0.17673143024324
N           -1.27313324636021        1.06319608624881        0.00101540643795
C           -2.22446496018007        2.16731646206077       -0.01431052305060
C           -1.84875802323330       -0.19181311202337        0.00489114557715
O           -3.03293308857603       -0.36116049519595        0.00858436081400
N           -0.96601372224209       -1.30064795211039        0.00174481137164
C           -1.52028385768687       -2.64076043127429       -0.00240296696012
H            3.71479876973391        1.18593004588328        0.98805148888172
H            3.97078677591290        0.99387609392767       -0.75542400759018
H            2.68325257938491        2.07052278895677       -0.15065899582235
H            3.52469217816162       -1.66985614914594       -0.01523648461286
H           -1.67640109832889        3.10054110241953        0.00424310220942
H           -2.85809450209799        2.10538614465162       -0.89148711984708
H           -2.15267470369953        2.19261408555471        0.69532844675433
H           -1.20586429533547       -3.18769852978357        0.88661231121463
H           -1.21978807536961       -3.17679257190777       -0.90290000344888
H           -2.60529574961948       -2.54257912776133        0.00647993417936
H            1.32882089111558       -2.95939078817312       -0.01654628938250
25
 energy: -122.924117428567 gnorm: 35.881633204417 xtb: 6.6.1 (8d0f1dd)
C            3.21776648531569        1.13599550243512        0.01853691280205
N            2.27065312319105        0.05256903750804        0.00052801179680
C            2.54205532989035       -1.24002041221489       -0.00826270809822
N            1.39346196047848       -1.95096319505974       -0.00846844003296
C            0.35272468943449       -1.06750963766446        0.00048272208204
C            0.90839463984284        0.20219875729878        0.00646069989758
C            0.06592668896450        1.38358293876106       -0.00264437209168
O           -0.58940589359433        2.40886399581131        0.27559501502985
N           -1.27427369071552        1.05937842611328       -0.00004854667610
C           -2.22427431104276        2.16688593592592       -0.03008906839609
C           -1.84892756684497       -0.19185363834991        0.00469349492281
O           -3.03315766529310       -0.36131846683846        0.00848252738320
N           -0.96596012665222       -1.30071479811148        0.00170560568430
C           -1.52025120390043       -2.64077905740105       -0.00248962080583
H            3.71475663792518        1.18595943789918        0.98821004385176
H            3.97080573848283        0.99393218588982       -0.75526588843468
H            2.68327189169514        2.07054323856914       -0.15053836759629
H            3.52469735454511       -1.66981553930545       -0.01512451534831
H           -1.67645834175837        3.10106213242228        0.00342206822713
H           -2.85843724153323        2.10526007606649       -0.89129032211816
H           -1.79092225172819        2.24145651794823        0.61393367077479
H           -1.20586699822909       -3.18772479869405        0.88652218637413
H           -1.21972013503477       -3.17679345585095       -0.90298973757731
H           -2.60527130158801       -2.54259721496179        0.00634436133269
H            1.32884370224933       -2.95935942659640       -0.01653411508350
25
 energy: -161.997246636364 gnorm: 38.978861632269 xtb: 6.6.1 (8d0f1dd)
C            3.21770282294105        1.13610587658850        0.01830580604709
N            2.27072603738064        0.05301522809844        0.00036009618084
C            2.54230733347701       -1.24024956764958       -0.00848212829884
N            1.39341521219566       -1.95093930495307       -0.00860034891695
C            0.35289420730597       -1.06760574473456        0.00040093323585
C            0.90834270321573        0.20313558093865        0.00641075656489
C            0.06467860141243        1.38043121148945       -0.00274462772284
O           -0.94406852048886        2.36464560437512        0.37757191380386
N           -1.27540765610103        1.05593561832619       -0.00117143886199
C           -2.22773762975510        2.16603673074252       -0.03712656480180
C           -1.84898518151148       -0.19237167234144        0.00477782791498
O           -3.03339139362212       -0.36144561798429        0.00877274719669
N           -0.96611908731628       -1.30078728247097        0.00183891815229
C           -1.52015615835102       -2.64083903826742       -0.00237636287860
H            3.71480354049477        1.18609222676138        0.98792299475513
H            3.97070024454363        0.99408840600006       -0.75558418482986
H            2.68320964979259        2.07062549710918       -0.15074437503556
H            3.52473385338474       -1.66967905008502       -0.01542337229058
H           -1.67712807746485        3.10189514777234        0.00270790528418
H           -2.85899237133586        2.10504634839754       -0.89097414836635
H           -1.42951568510256        2.29170249321246        0.52173216054545
H           -1.20567253632753       -3.18778236226115        0.88660718547256
H           -1.21967780816077       -3.17683721830386       -0.90290359196193
H           -2.60517479283400       -2.54269582203343        0.00655348612960
H            1.32894420632724       -2.95928474712703       -0.01665996941811
25
 energy: -171.982049545246 gnorm: 1.454956369220 xtb: 6.6.1 (8d0f1dd)
C            3.21759707035598        1.13634763976769        0.01754841104283
N            2.27066436992045        0.05358342302224       -0.00016256529767
C            2.54261200890809       -1.24038915883811       -0.00911477470678
N            1.39345500272635       -1.95087814199419       -0.00895434923403
C            0.35324955895611       -1.06763366191224        0.00031342850965
C            0.90829357108901        0.20377177360131        0.00637369935000
C            0.06381160326509        1.37843388772813       -0.00276527117911
O           -1.29682019188445        2.31726484891879        0.48426532352364
N           -1.27703729480813        1.05181921699710       -0.00228508873878
C           -2.23064569773395        2.16501667352117       -0.03905397993910
C           -1.84891985333633       -0.19302268374374        0.00516285687062
O           -3.03363338014484       -0.36168394879035        0.00960536906737
N           -0.96629297766697       -1.30097176246255        0.00217466829454
C           -1.51995485591312       -2.64096750042807       -0.00198148982084
H            3.71496310352246        1.18637605770374        0.98702563092633
H            3.97042079674863        0.99440314585195       -0.75655499151993
H            2.68301778799618        2.07080779046471       -0.15138834604420
H            3.52483434115690       -1.66939943032015       -0.01629829971031
H           -1.67833337957127        3.10318012429505        0.00250616126259
H           -2.85952396249099        2.10480082299975       -0.89061734645023
H           -1.07067249462012        2.34429066884063        0.42078916401506
H           -1.20519498614592       -3.18789673664839        0.88692612428083
H           -1.21965614826689       -3.17694228177561       -0.90258473545306
H           -2.60497009679683       -2.54291137721748        0.00722928402719
H            1.32916761883453       -2.95916084798137       -0.01698726517660
25
 energy: -172.178653096972 gnorm: 4.849045557084 xtb: 6.6.1 (8d0f1dd)
C            3.21780624985939        1.13553984057453        0.01308794973884
N            2.27029722058309        0.05652697542921       -0.00320629582013
C            2.54436784591143       -1.24406476624287       -0.01197377419735
N            1.39190030937844       -1.95190971846078       -0.01008101674079
C            0.35520739619576       -1.06940472176935        0.00060859596709
C            0.90268040360638        0.20653664267615        0.00571097911090
C            0.09816848142616        1.38671139240782       -0.00869787035007
O           -1.24338349546922        2.34261074430607        0.55542559814259
N           -1.28288693923775        1.02083121225203       -0.01597393565085
C           -2.32005299089109        2.13674077380969       -0.05615752601934
C           -1.84673932657221       -0.19807356010011        0.00687359327781
O           -3.03731092085498       -0.36105612659112        0.01419772553905
N           -0.96863471149846       -1.30186925303541        0.00528083381004
C           -1.52058718018971       -2.64057197444987        0.00114237117061
H            3.71669264406830        1.18592926049232        0.98181334178409
H            3.96965777413993        0.99326280552512       -0.76214228621971
H            2.68325899261452        2.06991069463994       -0.15566986871592
H            3.52424823923866       -1.67012671141355       -0.02028819474405
H           -1.68111466995485        3.12318770954185        0.00055951374955
H           -2.85844303795945        2.10794869922295       -0.89312392289383
H           -1.05160517995225        2.35530392348695        0.39943828807694
H           -1.20465507211307       -3.18730973113684        0.88985177183657
H           -1.22150930874412       -3.17696769276692       -0.89967989610179
H           -2.60546229677078       -2.54224451671905        0.01177204667318
H            1.32853108728589       -2.95920336007875       -0.01759640352343
25
 energy: -171.629700913535 gnorm: 27.364388608794 xtb: 6.6.1 (8d0f1dd)
C            3.21835304331244        1.13361858725469        0.01317191994712
N            2.27003095355262        0.06182813988451       -0.00301312518975
C            2.54734817392010       -1.25115823919283       -0.01134617862232
N            1.38869059374258       -1.95413682322082       -0.00942042656620
C            0.35867598973503       -1.07347516644829        0.00135464230514
C            0.89510900209335        0.21431515971063        0.00584452928944
C            0.13214241963182        1.37086291520555       -0.01968646761178
O           -1.14588172090650        2.43909232727184        0.59834311960043
N           -1.29288708559995        0.94833657978567       -0.05133809355019
C           -2.46067837461139        2.08021083043879       -0.11735492021777
C           -1.84296346716545       -0.20906830290843        0.00423061306903
O           -3.04469821371785       -0.35962623027760        0.01449764361353
N           -0.97252386853799       -1.30409798396041        0.00826513317030
C           -1.52218177538442       -2.63962003657639        0.00200054184555
H            3.71758495644464        1.18419620807044        0.98179708424309
H            3.97037837695744        0.99069840644399       -0.76225845879457
H            2.68463370345414        2.06776760950052       -0.15640366924804
H            3.52302057711721       -1.67212500371211       -0.01935389544491
H           -1.68303790462280        3.16252915505035       -0.00736734517099
H           -2.85738979887812        2.11565096122117       -0.90673637418434
H           -1.01374787168950        2.37524556211226        0.47766102603929
H           -1.20648327448468       -3.18626842615140        0.89094300020447
H           -1.22313046486047       -3.17651074181540       -0.89865185199945
H           -2.60682992304083       -2.54050543791483        0.01243413809139
H            1.32689746763858       -2.95952150817189       -0.01644096691849
25
 energy: -169.635803056390 gnorm: 28.838287877686 xtb: 6.6.1 (8d0f1dd)
C            3.22062664665502        1.12772054552302        0.01145014215644
N            2.27029986230420        0.06164204323474       -0.00329901103132
C            2.54720094779787       -1.25907873670460       -0.01023957158163
N            1.38379369083951       -1.95753605235634       -0.00737955244831
C            0.35887964085227       -1.07709644519327        0.00276698766207
C            0.89216727646447        0.21942872848807        0.00518238566937
C            0.14286174096783        1.34530538334886       -0.02919912914127
O           -1.08807151867899        2.62232449940161        0.63654935185581
N           -1.29721920877335        0.89526185499876       -0.08063258559196
C           -2.52598380803916        2.04457030155935       -0.16116958622787
C           -1.84141052780491       -0.21476601839579        0.00229500702714
O           -3.04999134215539       -0.35411552801619        0.01558153312084
N           -0.97602357158092       -1.30473064455545        0.01188016035830
C           -1.52714814070782       -2.63655093521068        0.00545771747601
H            3.72033417191871        1.17850670283522        0.97986327756615
H            3.97236998059241        0.98234438500492       -0.76412566645465
H            2.68891716335060        2.06222759994090       -0.15951501829373
H            3.51992050525877       -1.67878280541583       -0.01781661605175
H           -1.67812249493663        3.19091988348375       -0.01495095144635
H           -2.85715792543345        2.12526076837668       -0.92161099524905
H           -0.98423147541379        2.29988844040190        0.52703344733240
H           -1.21230443409855       -3.18268726520097        0.89497293537948
H           -1.22911800666023       -3.17502427684871       -0.89466615505690
H           -2.61153228243284       -2.53511351940025        0.01581194470073
H            1.32137462381438       -2.96168036769968       -0.01306843382994
25
 energy: -172.177830459654 gnorm: 11.137557710070 xtb: 6.6.1 (8d0f1dd)
C            3.21837786368439        1.13392510486679        0.00912470434422
N            2.27008985080901        0.06326922693146       -0.00562192651278
C            2.54796430351197       -1.25216525796365       -0.01404267215535
N            1.38816301818864       -1.95450856035699       -0.01055989160332
C            0.35854285688340       -1.07613311027835        0.00163387524707
C            0.89342611469814        0.21790599098638        0.00493364024641
C            0.14104514036876        1.35619298118709       -0.02700572338101
O           -1.13972051034814        2.47233547081278        0.66979470992553
N           -1.29702733752966        0.91344239534465       -0.07284099866193
C           -2.47893643160968        2.05353043129424       -0.11230204584342
C           -1.84403702218943       -0.21765517286476        0.00441475660640
O           -3.04722799241694       -0.36054777168999        0.01875433865274
N           -0.97167409701968       -1.30738325814081        0.01137662843334
C           -1.52208326666582       -2.63990941288244        0.00491238675181
H            3.71890506775032        1.18461357243780        0.97704644659060
H            3.96939101522872        0.99062589735788       -0.76736974394699
H            2.68447588939053        2.06752655364481       -0.16028710952986
H            3.52333482182989       -1.67223579251293       -0.02314753773464
H           -1.68456287698562        3.17611271482268       -0.00687254018421
H           -2.86681246641173        2.11966065211653       -0.92376800316094
H           -0.99201473482087        2.41263658677305        0.45625538205830
H           -1.20526509043614       -3.18618054707270        0.89348870761839
H           -1.22408753966126       -3.17681455958942       -0.89611966791615
H           -2.60676671902617       -2.54046882269540        0.01652604507577
H            1.32693165687737       -2.95953677092868       -0.01715214302000
25
 energy: -172.299598708925 gnorm: 8.697495732287 xtb: 6.6.1 (8d0f1dd)
C            3.21835610187422        1.13412294070431        0.01824271472267
N            2.27040478559885        0.06428903256374        0.00061489881338
C            2.54824257675849       -1.25254952904663       -0.00780907520840
N            1.38798689643494       -1.95491239422685       -0.00782502908381
C            0.35870075907546       -1.07775763425436        0.00191593673760
C            0.89534568602501        0.22023246537771        0.00662641336670
C            0.11947913406204        1.32664859288516       -0.02947802848784
O           -1.16612693122738        2.51081847149443        0.59963809611145
N           -1.29589077154378        0.89387555795578       -0.08738727096930
C           -2.50521358368737        2.03128137381875       -0.15272463959034
C           -1.84570469749335       -0.22618181004912       -0.00185402106514
O           -3.04955168167286       -0.36125863988475        0.01002004925778
N           -0.97093789991125       -1.30986067703972        0.00870006932168
C           -1.52201795177239       -2.64021163996366       -0.00055744786190
H            3.71624349773543        1.18428737533958        0.98754366742728
H            3.97146733859290        0.99099818424727       -0.75630500455814
H            2.68503996291260        2.06746767658544       -0.15240300226007
H            3.52362889160725       -1.67233772529312       -0.01438486476002
H           -1.68219009756994        3.18810805734273       -0.01145794822036
H           -2.87025705904559        2.12421476084844       -0.94601938273720
H           -0.91765227344937        2.44014433894259        0.58562681231027
H           -1.20766943114677       -3.18667649556504        0.88856778070950
H           -1.22149603518996       -3.17649406357263       -0.90110251553866
H           -2.60676991818697       -2.54042023386184        0.00798122840948
H            1.32701421531981       -2.95958944374821       -0.01499781894660
25
 energy: -171.050620111503 gnorm: 40.585910821773 xtb: 6.6.1 (8d0f1dd)
C            3.21849940034065        1.13410066596384        0.01395842654351
N            2.27022612491059        0.06766668488652       -0.00222049681448
C            2.54995020670584       -1.25560562486026       -0.01062580099921
N            1.38666107816860       -1.95595354029865       -0.00898535005248
C            0.35984515324183       -1.08141048980132        0.00239966727121
C            0.89110968646205        0.22383171789400        0.00604133947263
C            0.14626584031867        1.31734518279175       -0.04024454922039
O           -1.06297726278369        2.56567000070904        0.67370223938579
N           -1.30275739756247        0.84570669668576       -0.11599432400296
C           -2.59384565991190        1.98344715974630       -0.16528638627931
C           -1.84693586088214       -0.24115633158351       -0.00171239071791
O           -3.05478976909644       -0.36222637175546        0.01470240945138
N           -0.97135923533771       -1.31452018293988        0.01265043656597
C           -1.52215654421787       -2.64056454228637        0.00269226341443
H            3.71785357706502        1.18446984298892        0.98247517799748
H            3.97053047591888        0.99052772216935       -0.76180966386296
H            2.68506493377704        2.06684883886158       -0.15670018818016
H            3.52373769762860       -1.67276598852119       -0.01832900540106
H           -1.68546148208549        3.21614876283183       -0.01305368503214
H           -2.87878791877767        2.13148681462162       -0.97128968509967
H           -0.93072567915223        2.47818960378178        0.59875002704289
H           -1.20664427255111       -3.18649824928803        0.89146289461449
H           -1.22277772671578       -3.17678930297465       -0.89825031669803
H           -2.60689892918018       -2.54008181908871        0.01245427037308
H            1.32680507781691       -2.95962870893425       -0.01561569187209
25
 energy: -172.430342699812 gnorm: 6.587797479481 xtb: 6.6.1 (8d0f1dd)
C            3.21890662086015        1.13362929754185        0.01232853326223
N            2.27044820076732        0.06442943924374       -0.00316623775421
C            2.54805104647066       -1.25363587462156       -0.01137987987123
N            1.38710837794051       -1.95568488071101       -0.00907699860634
C            0.35749664368156       -1.08078930239067        0.00254908121433
C            0.89428665204631        0.21965192457569        0.00581933093007
C            0.13934722137436        1.32408883021007       -0.03942664210856
O           -1.09877141067230        2.56253486825724        0.67358445259520
N           -1.29821924220923        0.87175913084753       -0.10835185901844
C           -2.53662704420248        1.99816873511521       -0.12627183078678
C           -1.85025353078825       -0.24046521983799       -0.00041635544410
O           -3.05269049412862       -0.36185775340330        0.01595004910280
N           -0.96957415307600       -1.31486830306028        0.01275297220322
C           -1.52263162180743       -2.64049124988363        0.00400527060876
H            3.71849071313290        1.18397793744030        0.98065546077602
H            3.97042115137017        0.98959958306569       -0.76365100410167
H            2.68541074197069        2.06647960217720       -0.15823330910189
H            3.52375337992983       -1.67360234410356       -0.01943207687967
H           -1.68356336546415        3.20415012110511       -0.01002125179495
H           -2.88235794410515        2.13194766547138       -0.97736915420240
H           -0.94657146694628        2.45174396431739        0.55592986387767
H           -1.20693854341422       -3.18609572605400        0.89270977440431
H           -1.22381603388636       -3.17675287327141       -0.89700001707869
H           -2.60743947598907       -2.53953304980049        0.01416150714434
H            1.32616509124507       -2.96014598063049       -0.01547806147001
25
 energy: -172.499464890268 gnorm: 2.891778052655 xtb: 6.6.1 (8d0f1dd)
C            3.21922977644651        1.13385770999852        0.01018827362767
N            2.27082976140144        0.06131883981660       -0.00443012557585
C            2.54615516347497       -1.25097003645091       -0.01260701014141
N            1.38787805977287       -1.95539213416178       -0.00946122194681
C            0.35467549415257       -1.08139973657569        0.00286031259210
C            0.89847048123741        0.21459277822692        0.00567101848983
C            0.13102098503283        1.32486650623246       -0.04252156703303
O           -1.10763499184606        2.56770130766982        0.68492732729602
N           -1.29367910795159        0.89287706208419       -0.10870715299773
C           -2.49078388097497        1.99944893731030       -0.08825640401944
C           -1.85561452757452       -0.24682343030634        0.00034749484481
O           -3.05228447489736       -0.36308423206970        0.01792115992644
N           -0.96651991143246       -1.31820816629618        0.01356115934894
C           -1.52262815089535       -2.64134414499120        0.00574695123935
H            3.71918378241408        1.18412344505496        0.97821173806345
H            3.96997695547106        0.98935338565062       -0.76621643134566
H            2.68542196123070        2.06647306591794       -0.16029114102107
H            3.52430819127339       -1.67404152608607       -0.02121335415741
H           -1.68240653734240        3.19758834906984       -0.00561337071550
H           -2.88838214610664        2.13459482704540       -0.99117431247368
H           -0.97414284408191        2.44589557391796        0.52278083688155
H           -1.20656136628047       -3.18614134043135        0.89421794979289
H           -1.22447964005041       -3.17703306528778       -0.89553829323790
H           -2.60759165177987       -2.53936053113991        0.01637681728780
H            1.32599013340618       -2.96065490259861       -0.01560903682536
25
 energy: -172.525199913873 gnorm: 0.735722677000 xtb: 6.6.1 (8d0f1dd)
C            3.21925546768901        1.13417881384499        0.01118463901099
N            2.27111024220136        0.06103258006540       -0.00369250486693
C            2.54596076871366       -1.25039462971074       -0.01191090603263
N            1.38805472523463       -1.95549483088716       -0.00914237183894
C            0.35417855924277       -1.08250123899189        0.00310458045932
C            0.89978185324671        0.21334390436332        0.00598680239738
C            0.12592529182166        1.31750242066804       -0.04600271325387
O           -1.11043703101314        2.57980334527508        0.68132812898086
N           -1.29299599015263        0.89055112840448       -0.11558198138803
C           -2.49059359461070        1.98884525750618       -0.08812043781429
C           -1.85726474971550       -0.25228926544990       -0.00113070612358
O           -3.05372420767423       -0.36436015097332        0.01707436745310
N           -0.96545159290401       -1.32077730823925        0.01359500195902
C           -1.52243446257330       -2.64217625434314        0.00533867973952
H            3.71889124551553        1.18434796315302        0.97934546464485
H            3.97013497628129        0.98961697050380       -0.76505722944428
H            2.68539603025522        2.06658135836269       -0.15954043470799
H            3.52463603975240       -1.67400216645246       -0.02025509265526
H           -1.68197485813737        3.20113099951393       -0.00474664529766
H           -2.89015172208798        2.13711531177344       -0.99966201026567
H           -0.96585571187244        2.46009693785036        0.54106325429024
H           -1.20667393852465       -3.18647363903545        0.89380340611267
H           -1.22401879353560       -3.17720699671576       -0.89602034060559
H           -2.60747281658371       -2.53944146460498        0.01553105412426
H            1.32615578353103       -2.96079050428067       -0.01532038697745
25
 energy: -172.545799573935 gnorm: 0.879774252022 xtb: 6.6.1 (8d0f1dd)
C            3.21942453721945        1.13466180572158        0.01138587048209
N            2.27174817339096        0.05953412849529       -0.00337583683103
C            2.54513803147485       -1.24875811287358       -0.01164037659323
N            1.38854196667765       -1.95567637710001       -0.00892507269182
C            0.35270481787985       -1.08442240517864        0.00361687854523
C            0.90295071374043        0.20932482553984        0.00626214577027
C            0.11538312244436        1.30728956477074       -0.05281634090023
O           -1.11596849015929        2.60081288209940        0.68438146776543
N           -1.29088481992153        0.89457520428299       -0.12569765359994
C           -2.47119947338509        1.97401200794691       -0.07459770512674
C           -1.86087649982891       -0.26169730845380       -0.00305421578146
O           -3.05590041452852       -0.36695315497049        0.01703499089230
N           -0.96306449066087       -1.32581914257409        0.01411386089873
C           -1.52218431342710       -2.64394774363610        0.00571079517141
H            3.71887688549319        1.18473215080599        0.97956574421136
H            3.97010179063326        0.98985863731418       -0.76487269754535
H            2.68535218112995        2.06671173065655       -0.15964025858854
H            3.52522274074548       -1.67411205961650       -0.01993043538456
H           -1.68087917238412        3.20381305463990       -0.00137044395726
H           -2.89357174849546        2.14155805221259       -1.01353296503754
H           -0.96908884376090        2.47810777067478        0.54982479205443
H           -1.20662037520892       -3.18703407677319        0.89407937326972
H           -1.22374360425923       -3.17765212153188       -0.89591908424601
H           -2.60736133873329       -2.53947004276681        0.01558559129680
H            1.32633013802380       -2.96121072808565       -0.01501680617406
25
 energy: -172.609292899043 gnorm: 0.386937048476 xtb: 6.6.1 (8d0f1dd)
C            3.22012101694398        1.13673399177614        0.01245929093405
N            2.27512884990312        0.05375591088674       -0.00175952857448
C            2.54260961000530       -1.24269336812811       -0.01023472515581
N            1.39062818581692       -1.95745259940805       -0.00776841166917
C            0.34793155255727       -1.09438424098837        0.00629435195862
C            0.91582854686998        0.18943286278909        0.00736134155940
C            0.06418910218732        1.25624264810929       -0.08857970728492
O           -1.14239381638165        2.71016070234312        0.70230012878699
N           -1.28339234781957        0.90660265932465       -0.17625524663803
C           -2.38237900894373        1.89820769476154       -0.02204927650777
C           -1.87465265050231       -0.30422843336456       -0.01386208170741
O           -3.06760914825178       -0.38084583987941        0.01688897670589
N           -0.95381630536747       -1.35001984833166        0.01668511975062
C           -1.52109569172437       -2.65383698634161        0.00755672122899
H            3.71885549713693        1.18660604908253        0.98074546832795
H            3.96999217024030        0.99101438168431       -0.76392024098074
H            2.68512535303497        2.06727388889745       -0.16014223352251
H            3.52754283860857       -1.67450205199909       -0.01824648637984
H           -1.67543600143121        3.22063339837332        0.01523246680331
H           -2.90399878144145        2.16276348782020       -1.06919868528518
H           -0.98446166209983        2.57019316365742        0.59515759113901
H           -1.20644644140463       -3.19027569642304        0.89565215940036
H           -1.22242508779965       -3.18020191954991       -0.89553189844437
H           -2.60674411408871       -2.53962328596125        0.01586047695180
H            1.32732984805168       -2.96331802753072       -0.01347395349673
25
 energy: -172.621773809283 gnorm: 1.567420584257 xtb: 6.6.1 (8d0f1dd)
C            3.22037467651412        1.13769197596997        0.01333830796951
N            2.27716068879980        0.05239729273977       -0.00067563606419
C            2.54290579189853       -1.24172983984311       -0.00925432093830
N            1.39182335037913       -1.95952439375865       -0.00697836745521
C            0.34828165465128       -1.10068419874606        0.00796830329012
C            0.91970276973827        0.17812206488081        0.00771359349468
C            0.03675906583745        1.22724948292242       -0.11124322749041
O           -1.15596943383000        2.77665645351737        0.71466763295763
N           -1.28125513215819        0.90523509292258       -0.20614007405970
C           -2.33998339227042        1.85252713269568       -0.00188460654956
C           -1.87942643726750       -0.32644052595361       -0.02171380750856
O           -3.07499866766921       -0.39039050486992        0.01671570383840
N           -0.95163935656045       -1.36300090862242        0.01805734878801
C           -1.52066257722434       -2.66107062131837        0.00850566169932
H            3.71882032020899        1.18774847038250        0.98172839288054
H            3.96999131711897        0.99176902985419       -0.76310107022859
H            2.68492166202460        2.06758606501898       -0.16025549062473
H            3.52835583528605       -1.67449869618279       -0.01706784298341
H           -1.67359751657435        3.23589790200252        0.02332326269800
H           -2.90524374480837        2.17430306727151       -1.09383294100139
H           -0.98986946358527        2.62808133528913        0.62695779785144
H           -1.20639172840565       -3.19291038667115        0.89671975902192
H           -1.22159286677220       -3.18221628096940       -0.89562665142322
H           -2.60622138149881       -2.53988071180682        0.01581823242166
H            1.32818608026755       -2.96467975512510       -0.01256834268394
25
 energy: -172.629491863933 gnorm: 1.146140362764 xtb: 6.6.1 (8d0f1dd)
C            3.22027319326625        1.13778614443372        0.01366534405344
N            2.27766977423644        0.05373168848486       -0.00035600341342
C            2.54461688123976       -1.24379177368631       -0.00894580915675
N            1.39238321908513       -1.96116967921194       -0.00670145759014
C            0.35108128853060       -1.10303056216654        0.00853843292955
C            0.91730709448909        0.17519511710127        0.00748299602643
C            0.03232444251429        1.22091659303223       -0.11934068222873
O           -1.15758053923999        2.79595161124835        0.72153435722946
N           -1.28238646835699        0.89760885702173       -0.21476340025545
C           -2.33628426527652        1.83937497022533       -0.00367627513403
C           -1.87836831671238       -0.33074825546566       -0.02537296919318
O           -3.07721128046995       -0.39470084238758        0.01674317104488
N           -0.95386647085509       -1.36555971043535        0.01831997549000
C           -1.52074667032111       -2.66466709516307        0.00874911351526
H            3.71883078032972        1.18817318202942        0.98210070438290
H            3.97000395181121        0.99212368896936       -0.76283133723227
H            2.68475605359074        2.06770257471384       -0.16025568461469
H            3.52816582983639       -1.67427354675526       -0.01673809630703
H           -1.67505165885662        3.24569502409135        0.02354600781400
H           -2.90132575469590        2.17667888829885       -1.09393329013724
H           -0.98938300469873        2.64861802260006        0.63865357548967
H           -1.20633600265624       -3.19450245481688        0.89729089563751
H           -1.22129895711088       -3.18339222746552       -0.89593324540632
H           -2.60589006293167       -2.54021113150060        0.01577179367276
H            1.32874845735244       -2.96527054159566       -0.01237649871660
25
 energy: -172.648956934407 gnorm: 0.344997244333 xtb: 6.6.1 (8d0f1dd)
C            3.21982756458067        1.13798654392111        0.01492847680207
N            2.27850928097500        0.05881819953199        0.00076170548079
C            2.55150834097309       -1.25271689307790       -0.00774152059525
N            1.39560489601994       -1.96835585848921       -0.00558912028653
C            0.36193252423667       -1.11263476419942        0.01068865589432
C            0.90563116407916        0.16544661690392        0.00615188862250
C            0.02146301223426        1.20350380807164       -0.14988173137761
O           -1.16046139422788        2.86399618592080        0.74853437087261
N           -1.28766191239619        0.86486745719600       -0.24386829809306
C           -2.33466044328631        1.79537351696499       -0.01940411604962
C           -1.87408727321004       -0.34405034906294       -0.03985867790866
O           -3.08309172054591       -0.41189512957192        0.01673890707081
N           -0.96342576248851       -1.37308394574615        0.01892826773555
C           -1.52159972455348       -2.67909203105054        0.00959098421432
H            3.71894826745590        1.18968453182228        0.98355312477728
H            3.97012134526851        0.99339521024931       -0.76178526586221
H            2.68412378843304        2.06805975739395       -0.16019348668728
H            3.52756412132413       -1.67365868152370       -0.01552919022359
H           -1.68278425988746        3.28760137426489        0.02143389967637
H           -2.88143444373835        2.18323165125491       -1.08438592634646
H           -0.98551626070413        2.72186770262930        0.68195053076840
H           -1.20620064742563       -3.20148076765060        0.89981938326288
H           -1.22030055977818       -3.18858226619042       -0.89748463155867
H           -2.60462789384642       -2.54185288644532        0.01556576439592
H            1.33104950460809       -2.96819044151696       -0.01175237668485
25
 energy: -172.657446438226 gnorm: 0.496738833143 xtb: 6.6.1 (8d0f1dd)
C            3.21956650419818        1.13848569722956        0.01636867176661
N            2.27846828608579        0.06082592216916        0.00200180417724
C            2.55608342535707       -1.25865956524224       -0.00632573426855
N            1.39980532123661       -1.97502912585980       -0.00435805365654
C            0.36855644321726       -1.12285367935655        0.01286056935797
C            0.89764126170526        0.15547037513877        0.00491983266110
C            0.00742104375880        1.18588919974324       -0.18031758613225
O           -1.16646618768164        2.93372062441247        0.77126106634596
N           -1.29073101074579        0.84014802663361       -0.27284124102780
C           -2.32771945894018        1.75215155851041       -0.03080225931612
C           -1.87384471212627       -0.36052565930264       -0.05357185232770
O           -3.08740986399560       -0.42859140011280        0.01626782693367
N           -0.96908181692327       -1.38220700168918        0.01944458604630
C           -1.52253370402177       -2.69266743609666        0.01038396385909
H            3.71902950177711        1.19111218994227        0.98519836466296
H            3.97029593808763        0.99453537904704       -0.76048090857888
H            2.68361450955551        2.06837071900739       -0.15997441354600
H            3.52807780156768       -1.67367780989609       -0.01408862655174
H           -1.68903212268100        3.32730090246819        0.02112830852528
H           -2.86332236629489        2.18992872474678       -1.07871186035512
H           -0.98207027218053        2.79230458254047        0.72540843124766
H           -1.20620012316019       -3.20850302426859        0.90232444352968
H           -1.21931649981589       -3.19387212384105       -0.89913443239710
H           -2.60360607985901       -2.54363737356247        0.01522611667854
H            1.33320569597914       -2.97178116076127       -0.01101539973426
25
 energy: -163.052506052204 gnorm: 38.848656299472 xtb: 6.6.1 (8d0f1dd)
C            3.21945529104784        1.13848315670532        0.01616765585684
N            2.27724230557646        0.05913937114302        0.00174387563639
C            2.55525158836012       -1.25794842362894       -0.00656080019084
N            1.40117272940022       -1.97577812910622       -0.00449284867516
C            0.36678451029405       -1.12415656401741        0.01285974710678
C            0.89775250854303        0.15559001446317        0.00433912591943
C            0.00839386400267        1.18801535384939       -0.18255076527342
O           -0.89357858324949        2.72348484294700        0.69569455983957
N           -1.29040678732023        0.84113448690175       -0.27241713101670
C           -2.32816183577506        1.75384664207697       -0.03360579310248
C           -1.87531945929682       -0.36135435284248       -0.05399747103019
O           -3.08560108314267       -0.43007440700554        0.01632146429171
N           -0.96787233804873       -1.38290442549844        0.01918835726846
C           -1.52284569357883       -2.69356948698657        0.01041524829843
H            3.71917953211192        1.19105107291739        0.98493582166992
H            3.97021385916188        0.99459624054225       -0.76076133530421
H            2.68359403362333        2.06835500335761       -0.16007005482603
H            3.52897533207784       -1.67417082461215       -0.01457990480350
H           -1.66837677267235        3.31485591279564        0.02516705433498
H           -2.85987744585752        2.18877253505789       -1.07283902920210
H           -1.27972835081705        3.02295655404126        0.79913867347858
H           -1.20618672299740       -3.20986645989664        0.90268173803801
H           -1.21947367608128       -3.19486158105930       -0.89958569928208
H           -2.60371434832479       -2.54429552257396        0.01538238551732
H            1.33355905706284       -2.97306246797100       -0.01140325664970
25
 energy: -117.925461655220 gnorm: 1343.708060272618 xtb: 6.6.1 (8d0f1dd)
C            3.21944318610291        1.13849186262825        0.01619160122366
N            2.27716090357607        0.05904209967208        0.00175963724049
C            2.55521318753147       -1.25789895433629       -0.00651896969015
N            1.40126671736522       -1.97582474823388       -0.00446006349791
C            0.36666295323579       -1.12424000355030        0.01289302503369
C            0.89775695826070        0.15563181012663        0.00435250211074
C            0.00841724845712        1.18808563078407       -0.18279424458288
O           -1.06943940272583        2.85987097475565        0.74195571205129
N           -1.29041039577028        0.84113775878882       -0.27241432596481
C           -2.32845589521056        1.75408940836889       -0.03389894953977
C           -1.87534766832419       -0.36137381120559       -0.05406965063358
O           -3.08550751755958       -0.43016538752701        0.01627273678132
N           -0.96778951100797       -1.38296779344973        0.01917804947679
C           -1.52285902845017       -2.69363411613777        0.01042435612485
H            3.71916884469092        1.19107126371275        0.98496215066373
H            3.97021818425454        0.99459871639019       -0.76072943220363
H            2.68358675750347        2.06835776236719       -0.16006243911689
H            3.52903767187418       -1.67419541093197       -0.01453082859211
H           -1.67028054690951        3.31636392697158        0.02430695200092
H           -2.85962264861889        2.18864847201060       -1.07257182743810
H           -1.10200826379621        2.88553815276032        0.75377818907225
H           -1.20619305342216       -3.20995034192648        0.90272828059436
H           -1.21946033217993       -3.19494662004600       -0.89959501799202
H           -2.60371481582186       -2.54434775971214        0.01538113731113
H            1.33358798104473       -2.97314435067984       -0.01136696253334
