72
 energy: -99.257684537387 gnorm: 0.778550518762 xtb: 6.6.1 (8d0f1dd)
N           -2.20846964544868        3.01911798669676        2.46170588133492
C           -2.07975195302214        2.23003255831641        1.49788583115275
C           -3.14833588404547        1.99452296634156        0.46292000697003
C           -3.58788648331285        0.53753561152448        0.49923596847150
C           -4.45147453169100        0.05227544520300       -0.48614093058544
C           -4.87357670023825       -1.26527707085083       -0.49511775227675
O           -5.72095663656587       -1.80489020525084       -1.40372905871633
C           -6.39541373727249       -0.95179872017307       -2.29778503808763
C           -4.40082424313467       -2.15696070765239        0.50118058393107
O           -4.83673745640079       -3.43310062526932        0.39647830272923
C           -4.49501295069233       -4.35304201755122        1.40597572577682
C           -3.55594477861749       -1.66806909423798        1.48269801043226
C           -3.16281080768599       -0.33499477066049        1.48559287069948
C           -2.45778689087010        2.28286859151349       -0.91396147083887
C           -1.58371055963095        1.15386600068873       -1.32918506070709
C           -0.25223484522251        1.17882637279541       -1.21660982633575
N            0.62333828900790        0.03549083053614       -1.57378977905824
C            1.99323932404181        0.22468791082781       -0.99054206632692
C            3.04672437794835       -0.62556915863523       -1.69829637890094
C            4.40818227523562       -0.32981409449794       -1.11113673019368
C            5.02211330815062        0.88843482909114       -1.33825441390433
C            6.26386694348228        1.16781576610229       -0.78602611340179
C            6.91884800274898        0.22721099503904       -0.00657438180904
O            8.12499843745589        0.38797113545167        0.57203399318376
C            8.82577232139794        1.59382396577487        0.37013116377151
C            6.30112080048561       -1.03135608016288        0.21917090093593
O            7.01599854031811       -1.89617875761056        0.97069470897689
C            6.51698726821566       -3.19436815644012        1.18437475703350
C            5.05306807556355       -1.28301105882719       -0.32599941480425
C            0.03392440255441       -1.24476515185046       -1.10303546776426
C           -4.39525563346615        2.90431158449497        0.63177476077266
C           -5.11701231805070        2.60966026999151        1.94510671816610
C           -4.07261277789786        4.39275922844907        0.53456070376551
H           -4.81059258085916        0.72204453501263       -1.25038643386681
H           -6.94532084106007       -0.16874425790522       -1.76695475222650
H           -7.09926241601234       -1.58666225108838       -2.83243196537868
H           -5.70895045473281       -0.49279388482463       -3.01760981656076
H           -4.84959833980516       -4.02321883271516        2.38691316376821
H           -4.99411177565093       -5.28147258160918        1.13564919094204
H           -3.41372828474960       -4.52269076135739        1.44723612796489
H           -3.20610132521674       -2.31473645191377        2.27114276809950
H           -2.53556089717992        0.01417934602169        2.29074886650239
H           -3.23508186607712        2.42828082674482       -1.66428807293505
H           -1.88051169439009        3.20307810283005       -0.82786303863186
H           -2.09933847325306        0.27300111429924       -1.67790661238482
H            0.69458465942530        0.00529877352489       -2.33394079708509
H           -1.15906448321114        1.65782245054441        1.29456936565400
H            0.27709256763430        2.05535532007110       -0.88454634841422
H            1.95857988208537       -0.00545103464404        0.07444440279502
H            2.26900877785094        1.27364908291846       -1.10696115344495
H            3.05341503680124       -0.38554693769730       -2.76447745121378
H            2.83876218232517       -1.68927499259071       -1.58592855485233
H            4.54961524234847        1.63246667280582       -1.96232993645794
H            6.71711770178961        2.12598341596698       -0.97855472227513
H            8.28231930139219        2.44796280656729        0.78673832360662
H            9.02553951999366        1.76868599711880       -0.69168163119705
H            9.76962985897313        1.47484895236494        0.89932300762558
H            7.27478303411529       -3.70459779875646        1.77547779942991
H            5.57559538042788       -3.17845249473158        1.74318054792121
H            6.37454202275592       -3.72975263750415        0.24029382737735
H            4.57555609637979       -2.23565321449563       -0.15737085783379
H           -0.81797983039211       -1.51481660233596       -1.72305392010493
H           -0.29953997366755       -1.14550961955352       -0.07194009558068
H            0.77385666445411       -2.03931182721314       -1.16915681142166
H           -5.07892861237214        2.65444882369357       -0.18787645925034
H           -4.49272487117152        2.89577300810961        2.78467137819809
H           -5.35874374890685        1.55269572072206        2.02837302906064
H           -6.04221756402891        3.17801320955741        1.98841864507412
H           -3.37217113172050        4.67713941870351        1.31295326082097
H           -3.65782872934919        4.65434809555288       -0.43564676470564
H           -4.98633905474576        4.96476124324226        0.67119842055999
H           -1.41215891654594        3.11497240789841        3.08550190863531
72
 energy: -99.352699353694 gnorm: 0.020493148326 xtb: 6.6.1 (8d0f1dd)
N           -2.20842212636890        3.01898252282413        2.46191514669326
C           -2.07991001235218        2.23013280992502        1.49784778775512
C           -3.14866156677114        1.99462184196432        0.46295590585839
C           -3.58794005217311        0.53753461168650        0.49928596472860
C           -4.45147854412060        0.05229207616581       -0.48613978682764
C           -4.87352183525081       -1.26521911455184       -0.49511645473101
O           -5.72076914139096       -1.80493059875716       -1.40378020871241
C           -6.39529434605674       -0.95184795751508       -2.29782040263112
C           -4.40085301938320       -2.15693114510766        0.50117827786383
O           -4.83678165844498       -3.43311830696568        0.39646710302034
C           -4.49506112666143       -4.35299977976780        1.40599582869056
C           -3.55599860976840       -1.66809919644918        1.48271323516487
C           -3.16284738843286       -0.33501587836805        1.48561321472667
C           -2.45905577555521        2.28367608095195       -0.91424112843052
C           -1.58541399583162        1.15555123551286       -1.32848357189694
C           -0.25626211417179        1.18258226662321       -1.19812204198110
N            0.61596516153242        0.03766546578507       -1.49112726113494
C            1.99746058411799        0.22552726745718       -0.97633553736222
C            3.04551439554949       -0.62502048634555       -1.69702763735636
C            4.40803666081196       -0.33001793084222       -1.11152047140151
C            5.02200510421622        0.88834007245550       -1.33835985935606
C            6.26385008390240        1.16774907651983       -0.78607364810543
C            6.91876722474033        0.22720020084766       -0.00659191032902
O            8.12518626654619        0.38796024312371        0.57191144361918
C            8.82576556103325        1.59384287110918        0.37008100852523
C            6.30111925236396       -1.03135211397486        0.21909334080987
O            7.01576752472033       -1.89601185764208        0.97082576738882
C            6.51693759370755       -3.19431257642343        1.18442890764663
C            5.05309159534739       -1.28308710052149       -0.32618259725959
C            0.03047157499053       -1.25034994948258       -1.08806341919457
C           -4.39527107778516        2.90423070371285        0.63176918422198
C           -5.11706013445635        2.60962367793114        1.94507734326558
C           -4.07259831747955        4.39273266636302        0.53465828789317
H           -4.81056593559012        0.72205515533146       -1.25037482914952
H           -6.94521006704620       -0.16881201280020       -1.76704172160170
H           -7.09915829524438       -1.58668448160699       -2.83250081330894
H           -5.70883408742842       -0.49286447634937       -3.01768573046357
H           -4.84965820018378       -4.02318389875294        2.38692882671252
H           -4.99413531899613       -5.28148763811369        1.13572459359085
H           -3.41379497993285       -4.52265296546929        1.44726931436285
H           -3.20621059916876       -2.31469655337255        2.27116323021900
H           -2.53554017217400        0.01427916361283        2.29071346680893
H           -3.23547481828699        2.42864770961468       -1.66471871080871
H           -1.88071992872210        3.20311698521515       -0.82774561395858
H           -2.09865545180048        0.27285856683065       -1.67722637553607
H            0.70941452441007       -0.00116718126816       -2.49376803663054
H           -1.15899275835713        1.65791803887397        1.29435273411742
H            0.27578044821035        2.05996746728929       -0.88168455234442
H            1.96481394373285       -0.00533092940169        0.08374063320185
H            2.26924057327118        1.27437784036760       -1.10434483239270
H            3.05206803949460       -0.38493991756299       -2.76383216782757
H            2.83872479750339       -1.68942353183728       -1.58572374685498
H            4.54952873918761        1.63242737654519       -1.96230778283061
H            6.71716631331673        2.12590894467444       -0.97875013745245
H            8.28231566351831        2.44786827168856        0.78653398900734
H            9.02561143061014        1.76868966899685       -0.69151702664108
H            9.76937860775390        1.47489472989762        0.89931027236569
H            7.27480797545219       -3.70456701462019        1.77550240710157
H            5.57554351756271       -3.17838794917475        1.74333259200682
H            6.37442735968323       -3.72973340566816        0.24031233451147
H            4.57565264262699       -2.23567753718638       -0.15743270459369
H           -0.81641416557638       -1.51198924206408       -1.72093033601359
H           -0.30430641147765       -1.15182272269351       -0.06320571060169
H            0.77402439582885       -2.03976091226917       -1.16753408551409
H           -5.07886207195258        2.65450147211820       -0.18792942227989
H           -4.49262193353666        2.89573808969402        2.78462570874303
H           -5.35883236471640        1.55268345911116        2.02835024727874
H           -6.04223548983805        3.17809821024332        1.98841873273400
H           -3.37219744709716        4.67706919788554        1.31309326690450
H           -3.65785038384851        4.65448197418941       -0.43559035061689
H           -4.98639211590693        4.96477712930788        0.67136197401671
H           -1.41205811941222        3.11503074298175        3.08554339518278
72
 energy: -99.353704007572 gnorm: 0.012676730340 xtb: 6.6.1 (8d0f1dd)
N           -2.20838551574919        3.01814799199011        2.46295381894931
C           -2.08011190206163        2.23086607536879        1.49749992560862
C           -3.14908095030286        1.99543889647412        0.46286346412022
C           -3.58820674793623        0.53820707148532        0.49952970055445
C           -4.45124934835085        0.05265059715882       -0.48613930084919
C           -4.87270998490365       -1.26498414672752       -0.49537498695417
O           -5.71876967836536       -1.80534195244773       -1.40478638300107
C           -6.39296633882442       -0.95270386550684       -2.29943911289222
C           -4.40089013691135       -2.15642438786800        0.50143502637854
O           -4.83701397163475       -3.43261613315769        0.39668341529864
C           -4.49588779980909       -4.35218851096704        1.40666733497195
C           -3.55660348384230       -1.66740075481401        1.48332528984189
C           -3.16327964537512       -0.33430848271835        1.48592649341403
C           -2.46004305600677        2.28402350223633       -0.91500198611710
C           -1.58494849881784        1.15328462076265       -1.32296193246709
C           -0.25422010726756        1.17982850681218       -1.19834141125640
N            0.61947931092307        0.03861400950450       -1.51478360492508
C            1.99513566973419        0.22473446505940       -0.97356872688238
C            3.04300505570569       -0.62345117809741       -1.69367862189543
C            4.40710989075272       -0.33014693468067       -1.11144838573137
C            5.02121013560194        0.88800212682037       -1.33917321274423
C            6.26375393710538        1.16700289067482       -0.78805110778078
C            6.91861040721656        0.22688288031035       -0.00803548346794
O            8.12518140263371        0.38811911592223        0.57049872425517
C            8.82550841438257        1.59414579250106        0.36920881568478
C            6.30078167535275       -1.03151193206526        0.21844441748018
O            7.01478357091108       -1.89556411950024        0.97139767245681
C            6.51569356380870       -3.19360318549189        1.18593291241414
C            5.05290660853638       -1.28368980930956       -0.32709989547291
C            0.03344269620514       -1.24802678822318       -1.08891605618334
C           -4.39571104581425        2.90462957527149        0.63175876724537
C           -5.11758910668494        2.60946041553884        1.94486796958681
C           -4.07296886382417        4.39322417574524        0.53642811370640
H           -4.81004403688893        0.72219963549786       -1.25061671735353
H           -6.94314894297218       -0.16960085671663       -1.76911243439070
H           -7.09659305689447       -1.58772334091993       -2.83423466631852
H           -5.70618367311885       -0.49390073999388       -3.01911929007295
H           -4.85083853589289       -4.02222672413388        2.38739365637873
H           -4.99477909103270       -5.28082559075056        1.13669455833761
H           -3.41472331655285       -4.52201154030499        1.44853991447498
H           -3.20739196973783       -2.31374049170034        2.27222513644163
H           -2.53585127521872        0.01529177897161        2.29079642264174
H           -3.23750286204062        2.42872503638219       -1.66486947006233
H           -1.88197692469546        3.20365812807788       -0.82918177538089
H           -2.09735463788656        0.27078782466781       -1.67258150299686
H            0.71549530788311        0.00071818925423       -2.52387266998070
H           -1.15835080205996        1.66053054462026        1.29186872251029
H            0.27511175413133        2.05685093197316       -0.86957365038831
H            1.97805422937175       -0.00830308207162        0.09186022035515
H            2.27015876493570        1.27366059067906       -1.09410433029100
H            3.04319100771823       -0.37723739849898       -2.75906009775796
H            2.83576503764647       -1.68839374176260       -1.58653723943326
H            4.54826002884800        1.63231329129646       -1.96267381787841
H            6.71758256075535        2.12472163260675       -0.98172899971380
H            8.28053414331489        2.44777706154408        0.78445176999760
H            9.02659687613608        1.76829716804842       -0.69222532029101
H            9.76820092650281        1.47537306021159        0.90020626668131
H            7.27421232580812       -3.70352676944534        1.77660022064779
H            5.57464997461796       -3.17694016758334        1.74563977307729
H            6.37243842248220       -3.72924301453331        0.24193883123136
H            4.57561176823413       -2.23645951672918       -0.15831416851733
H           -0.81567596117730       -1.51030987765440       -1.71472880074200
H           -0.30590829949482       -1.16577924819305       -0.05839130508476
H            0.77357904692363       -2.04031429496105       -1.16803730492356
H           -5.07893016020086        2.65562394837779       -0.18844352740519
H           -4.49242276594704        2.89470818507210        2.78423967004626
H           -5.36011545583463        1.55263101398339        2.02756163608348
H           -6.04228718078745        3.17875427067298        1.98871911158375
H           -3.37263058529951        4.67633174907341        1.31537060301830
H           -3.65823922367494        4.65634762884983       -0.43349497002143
H           -4.98680610690707        4.96506890963356        0.67405920834984
H           -1.41113787038740        3.11500481089982        3.08537952640729
72
 energy: -99.353918020852 gnorm: 0.008196160883 xtb: 6.6.1 (8d0f1dd)
N           -2.20864417346717        3.01733355835273        2.46496263759753
C           -2.08060332850221        2.23184032655665        1.49801664289801
C           -3.15013764188204        1.99611290318656        0.46411381731520
C           -3.58905317512974        0.53882795313528        0.50050604979768
C           -4.45111665254579        0.05299622668267       -0.48592296640927
C           -4.87173485836379       -1.26487009338849       -0.49561225544885
O           -5.71601171582789       -1.80603199913962       -1.40624798262864
C           -6.38947689921270       -0.95395446215484       -2.30195511742955
C           -4.40098951342445       -2.15593814386932        0.50202194999182
O           -4.83719145673128       -3.43217970394755        0.39731558936767
C           -4.49707523202238       -4.35129509670024        1.40798849694233
C           -3.55754729016979       -1.66664051182314        1.48448298374350
C           -3.16427786048662       -0.33352399975147        1.48703759560998
C           -2.45958178550713        2.28318317978189       -0.91327706553034
C           -1.58404758035412        1.15300171803785       -1.32255485059557
C           -0.25280784731119        1.17664031527370       -1.19810953573601
N            0.62127682437492        0.03701459650051       -1.52832679859261
C            1.99317482551706        0.22309353738946       -0.97364436963489
C            3.04338648289494       -0.62191974541815       -1.69364690187649
C            4.40749698691044       -0.33014408538350       -1.11221597702893
C            5.02175586847124        0.88763610032648       -1.34051538571853
C            6.26470660137242        1.16629098681425       -0.79031941249701
C            6.91898700455856        0.22643911379783       -0.00961219957228
O            8.12557127993764        0.38769613432666        0.56900515336716
C            8.82510272672156        1.59424026192718        0.36805484266759
C            6.30062477318760       -1.03135574758414        0.21807077222845
O            7.01373990925096       -1.89471360133033        0.97252541619811
C            6.51414300507023       -3.19239819434629        1.18824132190686
C            5.05295731301712       -1.28362433190901       -0.32768675104229
C            0.03518317012358       -1.24882220620001       -1.09125635404001
C           -4.39655526082602        2.90533651282054        0.63274632120064
C           -5.11910945050282        2.60935284345609        1.94523485831240
C           -4.07343905124767        4.39399671670378        0.53914635140272
H           -4.80941824343463        0.72240312557997       -1.25078377287372
H           -6.94025299294406       -0.17066790169259       -1.77254604911635
H           -7.09254807601090       -1.58930042959574       -2.83708831572568
H           -5.70206089597549       -0.49547675458042       -3.02125722852173
H           -4.85280603561772       -4.02067638036238        2.38824013473652
H           -4.99590949968969       -5.28004803325204        1.13811220415483
H           -3.41592803696863       -4.52114778586743        1.45072075882393
H           -3.20903646945313       -2.31271651203030        2.27387491633696
H           -2.53684679669851        0.01643634655840        2.29180290622704
H           -3.23645405922156        2.42788077828977       -1.66367251324032
H           -1.88199661646137        3.20303252634092       -0.82774993273615
H           -2.09625652453891        0.27179770079420       -1.67538826645153
H            0.72024910817379       -0.00046003887563       -2.54425223797303
H           -1.15834143348425        1.66290321079561        1.29049017149045
H            0.27443302613775        2.05296785039067       -0.86102140264898
H            1.97378426321345       -0.01463029240603        0.09223696379902
H            2.26941162994887        1.27330334661627       -1.08398272484507
H            3.04160972212478       -0.37158629790402       -2.75824835213998
H            2.83598197936494       -1.68726265519440       -1.59021983365041
H            4.54821133337534        1.63193221086119       -1.96344217865774
H            6.71918181562570        2.12342014668762       -0.98543643528972
H            8.27888972690701        2.44790834783424        0.78129685133195
H            9.02858621524099        1.76801121168307       -0.69284862021634
H            9.76659120481725        1.47689444235859        0.90108186248178
H            7.27287103800023       -3.70251953425765        1.77841564521222
H            5.57370262493489       -3.17495981002080        1.74888032700868
H            6.36951161409275       -3.72863288948573        0.24483140912791
H            4.57571183632216       -2.23634849679221       -0.15902536922081
H           -0.81973756954853       -1.51104596787756       -1.70862850741162
H           -0.29881861795218       -1.16487314397486       -0.05751839627035
H            0.77362542846242       -2.04298677753494       -1.16957091649345
H           -5.07920974291539        2.65726946643164       -0.18820778465103
H           -4.49341433338517        2.89297346455163        2.78476596872499
H           -5.36273233073005        1.55270779991963        2.02674276182666
H           -6.04314101823643        3.17965989779207        1.98974680634061
H           -3.37318673464640        4.67584079504597        1.31862045827621
H           -3.65851852963450        4.65843757438923       -0.43035860304552
H           -4.98716823491668        4.96588769367016        0.67751063753478
H           -1.41076017517722        3.11419022549222        3.08657462358516
