72
 energy: -99.398785899755 gnorm: 0.004342304400 xtb: 6.6.1 (8d0f1dd)
N           -1.05937692996916        3.13744861519571        1.04488744431949
C           -1.43547059391150        1.79509882779927        0.70347481447894
C           -2.83703629781235        1.65389810091484        0.01986672588096
C           -3.44090751201279        0.26329563345250        0.15443728031838
C           -4.34654694315076       -0.19147998890184       -0.80708512901288
C           -4.96580086932095       -1.42749618930927       -0.71251759798950
O           -5.82994629256279       -1.93628746612533       -1.61318953850000
C           -6.13778596197940       -1.20267954761195       -2.77463472560053
C           -4.70671924406916       -2.25752868627844        0.41096869334059
O           -5.36122143944886       -3.43234720210690        0.42997202657084
C           -5.20488404235177       -4.28965644336560        1.53710016469836
C           -3.83053293776358       -1.79427436200138        1.37994300909957
C           -3.21073424672003       -0.55911682428420        1.25234627314164
C           -2.44417408821081        1.94100177465408       -1.44055384898337
C           -1.22252847114733        1.05003428323846       -1.64061336434520
C           -0.40677185181185        1.25988801218968       -0.35062411695670
N            0.35149349968895        0.14699755553862        0.14622618957553
C            1.77188686917565        0.29869956156805        0.27517113055224
C            2.55574949985353        0.11698771527595       -1.04884417583902
C            4.02583025502330        0.22135698764987       -0.78552535940436
C            4.71004594201757        1.41252069329145       -0.98255558301456
C            6.06239093389389        1.51226423660793       -0.69792847981813
C            6.76215048298201        0.42215409961374       -0.19732989677823
O            8.06889374632296        0.40401138502799        0.11822034690029
C            8.83902115667869        1.57049635016457       -0.05936440829485
C            6.06866337355470       -0.80384315962952        0.01464213584105
O            6.81931550771666       -1.80888688987512        0.50396978513979
C            6.22250737809208       -3.06020863388610        0.74929689081122
C            4.71732881708444       -0.87923126956840       -0.28340956288527
C           -0.13450942304461       -1.19556136445661       -0.01275757621033
C           -3.87498633156026        2.66432113714620        0.61231738111580
C           -4.32378035122866        2.27889355924663        2.02401867231207
C           -3.43197922275620        4.06529218684848        0.58298929432567
H           -4.59497736961871        0.43388655639948       -1.64731831674935
H           -6.62924316036696       -0.25461947042455       -2.53486045495516
H           -6.82518938056649       -1.82847021979698       -3.34037788379087
H           -5.24401305822134       -1.01181215280257       -3.37736683755348
H           -5.53823874511131       -3.81129697781582        2.46300175658055
H           -5.83548012897212       -5.15190359755883        1.32919598669775
H           -4.16666342100094       -4.61738522204151        1.64774560812049
H           -3.62219429665419       -2.38970878924593        2.25385404123023
H           -2.55774423112519       -0.25189958277253        2.05227934801958
H           -3.22537891558684        1.74018283011230       -2.16694985897534
H           -2.15754258497859        2.98684685736722       -1.55009936733631
H           -1.54174870821327        0.01371671000876       -1.73467822656559
H           -0.64973023086574        1.31570463930248       -2.52781689896187
H           -1.36929201671783        1.21253554823976        1.62222503763110
H            0.30762859484524        2.07034843128240       -0.51875250082265
H            2.13070300233358       -0.44240754195130        0.99427848424436
H            1.98460278931225        1.29052037569034        0.68086823784263
H            2.24155524235926        0.88143331117422       -1.76050518431514
H            2.31871811341819       -0.86361824530971       -1.46387246899450
H            4.18970352368977        2.27451464849354       -1.37110313643258
H            6.56751649729268        2.44866931153083       -0.86987309938434
H            8.46608246656761        2.39370624311788        0.55739604368938
H            8.86061956318702        1.87999597958375       -1.10850418628160
H            9.84548038494600        1.30703530098954        0.26017486808226
H            7.01842199413443       -3.69216721101346        1.13861389938333
H            5.42388658281061       -2.98398764958173        1.49399890371023
H            5.82574448489922       -3.50234826098104       -0.16978440224706
H            4.18400344133959       -1.80512825687561       -0.13540884579436
H            0.06287668928137       -1.60785216266336       -1.01086862979235
H           -1.20687249995031       -1.22489933758308        0.16994694276381
H            0.35816023488832       -1.83507212042139        0.71967129223280
H           -4.74751262024603        2.57299450393377       -0.05780879606619
H           -3.47811327280251        2.26511124962270        2.70740961082683
H           -4.79388871863722        1.30013287787753        2.03785068841621
H           -5.04672590674861        3.00361788287561        2.38988239103094
H           -0.83291023671521        3.70547451916427        0.23956477992587
H           -3.15017840230520        4.53654394529371       -0.33954127477806
H           -3.71650979005928        4.71803193465582        1.39281486672676
H           -1.71862472407018        3.61164997658666        1.65306753045842
