25
 energy: -40.215273608530 gnorm: 11.294529360265 xtb: 6.6.1 (8d0f1dd)
C            3.30454819252544        1.21658131132211        0.01432216276196
N            2.36944910064180        0.12378952727871        0.00854610642013
C            2.65589174897743       -1.18030823287310        0.01355775914300
N            1.50881119474810       -1.90160194092089       -0.00561704195407
C            0.46300370168321       -1.02098067505492       -0.01702160615434
C            1.00114435265945        0.25685217890240       -0.00813356083806
C            0.15675650444066        1.42559709297600        0.01739598974775
O            0.51326154912221        2.58615427913789        0.02668527127693
N           -1.19893745933135        1.05097722485216        0.03885162752031
C           -2.12697652963736        2.16646476169591        0.09010720475850
C           -1.72718142162539       -0.17928023559653        0.01864860737879
O           -2.88483520949819       -2.49885009261828       -0.09987846367895
N           -0.86919799976887       -1.23824516329157       -0.03377421111870
C           -1.37133640224516       -2.58750329385570        0.04319314932334
H            3.96999731067753        1.14215218362757        0.87441553576819
H            3.90388344929198        1.20910147323396       -0.89689738930583
H            2.74316838087092        2.14927923134239        0.06688278096768
H            3.64164779631333       -1.59702802628446        0.02928757621678
H           -1.87265569954521        2.88385790366246       -0.69005194760063
H           -3.13797908598393        1.79493979080948       -0.04890170262098
H           -2.04265715060993        2.67251701691399        1.05260709616703
H           -3.03030617506622       -2.37750427689672       -0.45955150495245
H           -1.04502739437139       -3.15416286389735       -0.83419448669883
H           -3.20314475219135       -2.21793700551004        0.79703074682761
H            1.43910351202078       -2.90662362735582        0.03366191854185
25
 energy: -42.051521652486 gnorm: 0.251570382648 xtb: 6.6.1 (8d0f1dd)
C            3.30455007970229        1.21658446612468        0.01432204945246
N            2.36944780717169        0.12378838544121        0.00854384841354
C            2.65589164456525       -1.18029979228944        0.01356059777953
N            1.50881037655758       -1.90159661877898       -0.00562565786406
C            0.46300405286357       -1.02096533757532       -0.01709110092160
C            1.00114474849722        0.25685399057617       -0.00813391068608
C            0.15674178014776        1.42559743777802        0.01739757305532
O            0.51326502205143        2.58615101872241        0.02668556029305
N           -1.19893144329788        1.05098705749425        0.03885300004215
C           -2.12698334159719        2.16646950182543        0.09010994127319
C           -1.72719147882495       -0.17931560268203        0.01871815271739
O           -2.77494494998013       -2.58806886996168        0.17250008885665
N           -0.86921589534226       -1.23813939638040       -0.03391179418727
C           -1.36655507287985       -2.58811430797223        0.04737830838148
H            3.96999632429583        1.14215259290608        0.87441314834034
H            3.90388232587161        1.20910077663565       -0.89689721402492
H            2.74316937667430        2.14927686182203        0.06688147945875
H            3.64164902483745       -1.59703117616616        0.02928337864157
H           -1.87266256536582        2.88385062474676       -0.69004570302130
H           -3.13796786593870        1.79494387332903       -0.04889265706898
H           -2.04265301997886        2.67251618534648        1.05259652907162
H           -3.14606524799689       -2.28792282763248       -0.74818720203350
H           -1.04539901909233       -3.15422675041166       -0.83419860660651
H           -3.20165453913045       -2.21772784768330        0.80924572767626
H            1.43910339028782       -2.90662570361492        0.03366608085794
25
 energy: -42.069679022615 gnorm: 0.066534693386 xtb: 6.6.1 (8d0f1dd)
C            3.30546753648210        1.21714436374630        0.01208824418831
N            2.37001872392366        0.12586998852568        0.00415744675457
C            2.65723457073122       -1.17951072520946        0.00577153166884
N            1.50902799311446       -1.89988918581732       -0.01288643787880
C            0.46547142357455       -1.01613596782980       -0.02088233699548
C            1.00215747677806        0.26046721916648       -0.01107412305068
C            0.15582467968538        1.42501240871433        0.02083256859529
O            0.51141579479508        2.58569192088179        0.03399946536429
N           -1.19911953088702        1.04885453272679        0.04128561766277
C           -2.12630263956648        2.16514243729236        0.09979082571735
C           -1.72904078362114       -0.18238861630796        0.01621594870754
O           -2.77062386670123       -2.64486574764767        0.12692108138164
N           -0.86566948196436       -1.23717275287352       -0.03249407479635
C           -1.34223370304922       -2.58892351528857        0.09698846782641
H            3.97237500050746        1.14007913689110        0.87132154425843
H            3.90348126162045        1.21187059843482       -0.90037426841437
H            2.74381434815724        2.14950504612638        0.06815555656300
H            3.64404679842303       -1.59758877387065        0.01879075327866
H           -1.87413313351983        2.88617554929422       -0.67863648674928
H           -3.13913305450906        1.79570511679854       -0.03740124437278
H           -2.03992384559575        2.66941619071203        1.06394523776301
H           -3.12035276965574       -2.37742729270833       -0.81256931461674
H           -1.04665950661772       -3.16214030785384       -0.79146807453148
H           -3.26606869832957       -2.07026610786909        0.82345612556899
H            1.43935692032290       -2.90638697443496        0.02523756400385
25
 energy: -42.073225203994 gnorm: 0.050275506811 xtb: 6.6.1 (8d0f1dd)
C            3.30414382119030        1.21603265974868        0.00600564514078
N            2.36854499879609        0.12486657095758        0.00475915573467
C            2.65542932317098       -1.18033385320163        0.00842536516047
N            1.50746638156960       -1.90120649881975       -0.00562920279512
C            0.46338636382945       -1.01868371123589       -0.00949091434068
C            1.00012881786763        0.25862435128854       -0.00710925279880
C            0.15193896427631        1.42317130471028        0.02129143538578
O            0.50729813852462        2.58457777022735        0.03176349500386
N           -1.20339691388221        1.04596252259936        0.04394726326533
C           -2.12862382181850        2.16370579167077        0.10335511028425
C           -1.73372479749261       -0.18712726060468        0.02537530418368
O           -2.78740986174315       -2.64114449405343        0.10157340258819
N           -0.86868866136958       -1.24115874639660       -0.01770696079286
C           -1.34251174594792       -2.59311359311642        0.09663391346213
H            3.97338205333171        1.14184630654342        0.86332089515299
H            3.89869567300109        1.20733860689733       -0.90853005340238
H            2.74278994141008        2.14840475716574        0.06133463568599
H            3.64190636601237       -1.59685255854453        0.01901943289264
H           -1.87699278197039        2.88474018038833       -0.67438640831531
H           -3.14081254427910        1.79506574960685       -0.03198414715031
H           -2.03820124754957        2.66617184431581        1.06733801139660
H           -3.13562555260902       -2.35615966145021       -0.82963687694111
H           -1.02787507098400       -3.17377786179240       -0.77593286336531
H           -3.20966088414443       -2.04619637009366        0.80218199226682
H            1.43884455490876       -2.90651526521115        0.03525324019471
25
 energy: -42.076378330920 gnorm: 0.034620871079 xtb: 6.6.1 (8d0f1dd)
C            3.29990735424185        1.21522743556257       -0.00361709819415
N            2.36499034238198        0.12250612221023        0.00214922775801
C            2.65368903146614       -1.18201176594534        0.00770554752472
N            1.50746517150677       -1.90543234274386        0.00395742984994
C            0.46108334041709       -1.02659781593472        0.00621929693766
C            0.99565768316244        0.25232497318879       -0.00169320003063
C            0.14363631895753        1.41553081349595        0.02322103181697
O            0.49673257226293        2.57791966769192        0.02484870716127
N           -1.21125907744255        1.03558503155064        0.05247918044270
C           -2.13430316270922        2.15576921603841        0.10987831372353
C           -1.74075578191932       -0.20050825098207        0.04684955360803
O           -2.80866294382206       -2.61057497908959        0.05320166755991
N           -0.87220414572453       -1.25283958109256        0.00837063790561
C           -1.34313409892635       -2.60285261515380        0.11228960091538
H            3.97254054277219        1.14416576073138        0.85121760269952
H            3.89162792001403        1.20468603088246       -0.91973858991551
H            2.73898291195828        2.14779675745374        0.05162739618956
H            3.64045973497433       -1.59555146240090        0.01307684935473
H           -1.88229547029508        2.87478097612998       -0.66905399857951
H           -3.14742978491851        1.79065188449905       -0.02161426855348
H           -2.03871069111281        2.66021476597602        1.07181099041641
H           -3.14876361718953       -2.29118364402127       -0.86242252486266
H           -0.99648697460983       -3.19764896953092       -0.73465000270867
H           -3.12360947247609       -2.00394048603157        0.75436790315043
H            1.44127381112886       -2.90977898088489        0.05069036372732
25
 energy: -42.077191148523 gnorm: 0.027589493260 xtb: 6.6.1 (8d0f1dd)
C            3.29529959378682        1.21621177618488       -0.01085792470257
N            2.36331214333540        0.12077605856914       -0.00059905667658
C            2.65608045719841       -1.18267291656217        0.00726286256053
N            1.51239632126025       -1.90969847669884        0.01048756608859
C            0.46329691144847       -1.03418008598372        0.01076433881128
C            0.99379860628733        0.24623594513514        0.00155941660024
C            0.13855495060611        1.40753695704462        0.02739364984824
O            0.48809209203777        2.57067382953055        0.02764960578354
N           -1.21489102262690        1.02479191102222        0.05928095381559
C           -2.14061489619079        2.14263977941638        0.11785071007727
C           -1.74057079486604       -0.21207850107373        0.05487390554819
O           -2.82215535956740       -2.58300723519061        0.02336033871487
N           -0.86968567622797       -1.26257638778073        0.01333592977738
C           -1.35059589694025       -2.60758513680635        0.12476189388269
H            3.97059621689267        1.14714568424871        0.84213110926081
H            3.88477800855117        1.20588509278647       -0.92842734081234
H            2.73267841936235        2.14787221188205        0.04453282579374
H            3.64401182192748       -1.59350152539551        0.00911290643789
H           -1.89090584871684        2.86038044076250       -0.66308754204530
H           -3.15440534250789        1.77715266342954       -0.00973927121034
H           -2.04268859619809        2.64885813778706        1.07871224464360
H           -3.15346456129851       -2.25431524180278       -0.88762128888334
H           -0.97802463749167       -3.22698002260625       -0.69553571502780
H           -3.07327089700726       -1.91709814033701        0.71183132242069
H            1.44880950104393       -2.91422827596192        0.06213817719026
25
 energy: -42.077643524669 gnorm: 0.023624303255 xtb: 6.6.1 (8d0f1dd)
C            3.29152067647011        1.21850997655768       -0.01841111429328
N            2.36360874476296        0.11959728864748       -0.00342926681437
C            2.66159092262699       -1.18256891117397        0.00784689198012
N            1.52107875814720       -1.91416639272203        0.01517724010904
C            0.46857847137591       -1.04238549794332        0.01442075063403
C            0.99404727323308        0.24010349658300        0.00357066080861
C            0.13609455818679        1.39974460228311        0.03054005063243
O            0.48195568898115        2.56376043587098        0.02809790937158
N           -1.21588013404418        1.01418254630572        0.06963878859342
C           -2.14617958402923        2.12814383466066        0.12598594980875
C           -1.73624765662985       -0.22324368029514        0.07009656426324
O           -2.83111874367021       -2.54947594595253       -0.00147969935592
N           -0.86348062993889       -1.27225826367388        0.01924836669579
C           -1.36265169392503       -2.60930357795049        0.13715934558859
H            3.96894572559715        1.15339034343688        0.83321102103888
H            3.87895929453133        1.20793561922459       -0.93730276299458
H            2.72567750515187        2.14831670537602        0.03559431407047
H            3.65093698004649       -1.59041769392928        0.00792523648154
H           -1.90144709076906        2.84244809531964       -0.65992168464522
H           -3.15968885647846        1.75903236040950        0.00353651035225
H           -2.04752048285013        2.63983659126256        1.08393941692014
H           -3.15233404841485       -2.21694708485169       -0.91022034977778
H           -0.97263462986435       -3.24954072823403       -0.65947050468427
H           -3.05426392337736       -1.84745005874579        0.66382875634859
H            1.46088438897916       -2.91900551886600        0.07158922676512
25
 energy: -42.078176651451 gnorm: 0.019362744881 xtb: 6.6.1 (8d0f1dd)
C            3.28767503942300        1.22237693793674       -0.02556105208069
N            2.36537111397412        0.11890261058961       -0.00550664500374
C            2.67007780563150       -1.18158130108044        0.01022381683857
N            1.53337553838232       -1.91899840948311        0.01868565313038
C            0.47624788897122       -1.05190495728208        0.01549253352015
C            0.99579711629249        0.23340753009165        0.00435671969122
C            0.13589379036550        1.39161211481554        0.03340650858662
O            0.47794355912593        2.55664329238376        0.02684435259554
N           -1.21464150688924        1.00355921708300        0.08378899028229
C           -2.15146878424393        2.11170490747082        0.13622306702986
C           -1.72818613081480       -0.23401540285999        0.09131230152557
O           -2.84230052712892       -2.51971059621269       -0.02208408709367
N           -0.85435669574737       -1.28248775990225        0.02168486774965
C           -1.38299719280870       -2.60771497777541        0.14371441851982
H            3.96692210073350        1.16333737802894        0.82492597510546
H            3.87314809762428        1.21090418089355       -0.94569088030225
H            2.71696945136226        2.14938922866720        0.02558206467288
H            3.66113806406646       -1.58595524546748        0.01052331309812
H           -1.91601197944266        2.81937343802207       -0.65886022668322
H           -3.16375029498312        1.73501641996137        0.02268771692706
H           -2.05193015849995        2.63345457584590        1.08866554875404
H           -3.15359491737220       -2.19352568844831       -0.92995653562944
H           -0.98089855251605       -3.27346184885855       -0.62395192419000
H           -3.03782832904581       -1.75801000639918        0.60395579356350
H            1.47783701763880       -2.92407709642101        0.08070932728945
25
 energy: -42.078862406856 gnorm: 0.016816083555 xtb: 6.6.1 (8d0f1dd)
C            3.28326544050239        1.22645761899805       -0.03261458653012
N            2.36685649923982        0.11791769462722       -0.00601309684017
C            2.67923205685720       -1.18046518405044        0.01412312574321
N            1.54666972476867       -1.92469243023858        0.02239448863020
C            0.48352821510879       -1.06367880018850        0.01723836578431
C            0.99663213065564        0.22535800583181        0.00431546097902
C            0.13512061562266        1.38213822709064        0.03553664127614
O            0.47352001714356        2.54857419692099        0.01928899701552
N           -1.21483354902594        0.99171774657075        0.10254665722530
C           -2.15722352505147        2.09461346831361        0.14856748536409
C           -1.72079746042992       -0.24688955872911        0.12292646441029
O           -2.84879993030331       -2.48636784556699       -0.03950998315764
N           -0.84550432905675       -1.29540899880366        0.02726905687199
C           -1.40562447491834       -2.60717263931095        0.14211229843700
H            3.96413565020553        1.17641756389351        0.81692393037357
H            3.86709037087720        1.21273290848954       -0.95368861751876
H            2.70748988745449        2.15055574302665        0.01372801708559
H            3.67196467985446       -1.58011548184119        0.01617184612337
H           -1.93289959199126        2.79023343985124       -0.66063077177926
H           -3.16792310387935        1.70904380800325        0.04864833485114
H           -2.05398750046466        2.63280877664902        1.09138758735115
H           -3.15025122407845       -2.17457570372621       -0.94628949154121
H           -0.99894451201073       -3.29682986190425       -0.59546779274225
H           -3.01605141398842       -1.65446774238530        0.53103658805825
H            1.49776684100684       -2.92966640992145        0.09117061242647
25
 energy: -42.080800577939 gnorm: 0.023132968360 xtb: 6.6.1 (8d0f1dd)
C            3.27674024574737        1.23085814766557       -0.03937033808678
N            2.36683140069822        0.11671748948006       -0.00484353414933
C            2.68890232493114       -1.17910220949514        0.02079795667788
N            1.56149181600684       -1.93228045715725        0.02734544273027
C            0.49037767201629       -1.07955289731571        0.01870995993583
C            0.99547195114740        0.21455994372751        0.00293604661997
C            0.13198683832993        1.36846511504973        0.03642635051444
O            0.46476841957510        2.53689173383898        0.00240619824609
N           -1.21774994072804        0.97484750637513        0.12875294703805
C           -2.16497786229095        2.07308508321167        0.16543684255800
C           -1.71383195573549       -0.26562454177661        0.16886792954022
O           -2.85471359061438       -2.44791440098107       -0.05404172331148
N           -0.83635756003791       -1.31364158629657        0.03424509291469
C           -1.43435673059962       -2.60736761047964        0.12712492252285
H            3.95832888967959        1.19241854432294        0.81001917109886
H            3.86006383662835        1.21279250571670       -0.96060995361116
H            2.69534096681985        2.15158280117806       -0.00067356202141
H            3.68419041719219       -1.57259254590826        0.02559200120577
H           -1.95609573943025        2.75074100335947       -0.66414182841597
H           -3.17489628414122        1.67936362128026        0.08706216243703
H           -2.05324974189694        2.63583678874607        1.09314703419747
H           -3.14721177961042       -2.16506612659397       -0.95750294842833
H           -1.02590904955295       -3.32642151774557       -0.57112722572177
H           -2.95746598895938       -1.49342414061687        0.42915236297430
H            1.52275295892397       -2.93693370798585        0.10546031043174
25
 energy: -42.088170461207 gnorm: 0.046910213494 xtb: 6.6.1 (8d0f1dd)
C            3.26899085246159        1.23475583324218       -0.04662155876109
N            2.36585246484324        0.11484102196487       -0.00347606441615
C            2.69809246273419       -1.17822445920149        0.02784751234391
N            1.57608310404972       -1.94064319078054        0.03266534673303
C            0.49659620827343       -1.09657615967417        0.02034358024136
C            0.99323939121006        0.20260878360715        0.00198653005966
C            0.12672321669014        1.35287823869139        0.03790482574119
O            0.45316627643077        2.52328547654198       -0.01472711629852
N           -1.22293818009994        0.95590426909455        0.15672306785022
C           -2.17428212229348        2.05017868970119        0.18376407926035
C           -1.70828882992526       -0.28690490022182        0.21712057508799
O           -2.86169111905645       -2.41000914635552       -0.06987002326871
N           -0.82829874377120       -1.33350202604878        0.04142958515910
C           -1.46395019029390       -2.60864875163526        0.11026579978791
H            3.95110190195646        1.20852348695691        0.80280005217744
H            3.85225190178257        1.21198963228318       -0.96775583420564
H            2.68190942652150        2.15222107834377       -0.01632253065312
H            3.69603874398578       -1.56490579110834        0.03617402770588
H           -1.97986539585038        2.70926633803095       -0.66605242550524
H           -3.18378632321553        1.65003321549070        0.12723607301116
H           -2.05276203278074        2.63739723100612        1.09590157354528
H           -3.14597892324265       -2.16021503289605       -0.96993419624349
H           -1.05045287682757       -3.36025401866129       -0.54516029304685
H           -2.87557821816745       -1.30058289100789        0.31855098928759
H            1.54825851868378       -2.94517838576415        0.12037804230399
25
 energy: -42.108161567950 gnorm: 0.084986768048 xtb: 6.6.1 (8d0f1dd)
C            3.26083860555036        1.23836201757494       -0.05280496158811
N            2.36399313063344        0.11267482980049       -0.00183956050491
C            2.70633873148544       -1.17773649774520        0.03479948241748
N            1.58985203741308       -1.94958984970286        0.03736434113400
C            0.50178222386487       -1.11467356070904        0.02236632215445
C            0.98984941050993        0.18973655724469        0.00181111473873
C            0.11859551630648        1.33586655577548        0.03975237417067
O            0.43874639417570        2.50839216262871       -0.03083848205084
N           -1.23099738552382        0.93482046947590        0.18486605369090
C           -2.18485343158911        2.02691408611590        0.20238471174257
C           -1.70449232324318       -0.31166799277039        0.26351758923862
O           -2.86864034591120       -2.37925685282481       -0.08441937326270
N           -0.82175733894356       -1.35502062783341        0.04712412545675
C           -1.49363373969507       -2.61119004521946        0.09044502488703
H            3.94345744277835        1.22374085368978        0.79635878987557
H            3.84396806253763        1.21106208291150       -0.97368059180013
H            2.66855536643730        2.15261795219866       -0.03044500889366
H            3.70708383730988       -1.55745456550676        0.04621229770118
H           -2.00327510494631        2.66764549451172       -0.66689373198553
H           -3.19392361573438        1.62172834300138        0.16721693240166
H           -2.05287960073413        2.63868388644026        1.09889689882294
H           -3.14461371124854       -2.16378194458670       -0.98188091219422
H           -1.07531229090445       -3.39542984085254       -0.52080087191880
H           -2.77154159295752       -1.07432312106338        0.20750350436727
H            1.57329123652752       -2.95388185095524        0.13415554929633
25
 energy: -42.130574040948 gnorm: 0.092877815623 xtb: 6.6.1 (8d0f1dd)
C            3.25279079500709        1.24177384882595       -0.05767563284290
N            2.36157430809286        0.11040837119862       -0.00009167812867
C            2.71342387833483       -1.17769919890831        0.04112565462085
N            1.60231173264388       -1.95880126266424        0.04152749144011
C            0.50579424206172       -1.13359977964313        0.02621423739856
C            0.98576682629390        0.17629091307627        0.00281578413593
C            0.10814835684514        1.31850605858852        0.04240995983933
O            0.42280812227006        2.49284002058435       -0.04456298489780
N           -1.24159197324651        0.91336879809680        0.21078164447772
C           -2.19646363384430        2.00476664258426        0.22067705389198
C           -1.70125080137376       -0.33944969896960        0.30006535674207
O           -2.87608229331802       -2.35964228605682       -0.09535325710224
N           -0.81799647103077       -1.37831796163870        0.05271892128599
C           -1.52456075409656       -2.61388367097975        0.06620300120235
H            3.93571134724763        1.23775117243200        0.79099030798263
H            3.83572637826972        1.21044451570976       -0.97806593401903
H            2.65575471382691        2.15269440436870       -0.04246679230616
H            3.71717636433808       -1.55055175160256        0.05514392648141
H           -2.02570600772166        2.62803410564869       -0.66602534710296
H           -3.20442798055932        1.59527087663560        0.20576916158818
H           -2.05373341474287        2.63926527175462        1.10237352808173
H           -3.14275909100707       -2.17677268879010       -0.99083375227736
H           -1.09937611000725       -3.42939194281112       -0.49914357017420
H           -2.64960195777720       -0.82248109953619        0.10059190936355
H            1.59699493759214       -2.96258511630402        0.14598262821619
25
 energy: -42.141885862280 gnorm: 0.108013363186 xtb: 6.6.1 (8d0f1dd)
C            3.24594421646005        1.24609552724180       -0.06319701408443
N            2.35862217307706        0.11291350689172       -0.00108980715291
C            2.72032630886416       -1.17327443231480        0.03959552374437
N            1.61553741622203       -1.96564085834262        0.04284123835858
C            0.51289455270017       -1.15146340942863        0.04113563059111
C            0.98377713363573        0.16695354895787        0.00329833451537
C            0.10148724939533        1.31245069983313        0.05157428172118
O            0.40935450958317        2.48410109689185       -0.04166724063791
N           -1.23973808860721        0.91611566738222        0.21666740420682
C           -2.20873044140316        1.99481011510544        0.23743905797332
C           -1.65342856270496       -0.34843415401174        0.27941501336680
O           -2.89725135254053       -2.39291752649261       -0.09153572799518
N           -0.81988231766108       -1.40304472186962        0.06889187067967
C           -1.55594667630551       -2.60821771780933        0.04155263601975
H            3.92562344686685        1.23846087199771        0.78501464383135
H            3.83082630539559        1.20594314104618       -0.98082702584409
H            2.65311937702020        2.15855009334559       -0.05123698170101
H            3.72931306072760       -1.53294444519500        0.06145400906407
H           -2.04399562286725        2.60640343119819       -0.65251707709814
H           -3.21654119861902        1.58751285223619        0.24147895933447
H           -2.05236729581051        2.63268632614856        1.11072678091523
H           -3.15508957835028       -2.25834410765775       -1.00415082677839
H           -1.11478345442042       -3.46628965229169       -0.47300330157117
H           -2.59274229623459       -0.57498403614745        0.02003008105283
H            1.62410264967523       -2.96920327511557        0.14928115538552
25
 energy: -42.145222170239 gnorm: 0.082325092726 xtb: 6.6.1 (8d0f1dd)
C            3.23948514712458        1.24966396187509       -0.07141829544982
N            2.35489922299231        0.11613078875029       -0.00306397096561
C            2.72430865652545       -1.16976962511719        0.03327254810911
N            1.62485575454363       -1.97032603850033        0.04620696301248
C            0.52234219640527       -1.16330604660512        0.05687536303752
C            0.98350769180326        0.16395656669083        0.00674973088431
C            0.10951384318337        1.32061544074520        0.05869615287600
O            0.41384720135270        2.48817165117929       -0.04697391153641
N           -1.21710541973098        0.93681374460868        0.22689158068718
C           -2.21514011222202        1.98906929523340        0.25108936456399
C           -1.57612881285980       -0.34063005808381        0.27758912151389
O           -2.91666755430842       -2.42936791309256       -0.08701462443067
N           -0.81731110112112       -1.42621864333740        0.09205311952906
C           -1.57278934562698       -2.60325113123246        0.03715134448822
H            3.91905111170143        1.24154229827620        0.77769241665575
H            3.82539423382639        1.20431841418480       -0.98918084898897
H            2.64794854256168        2.16307801181559       -0.06126991985816
H            3.73804256240292       -1.51863059213387        0.05861272685349
H           -2.06294530218991        2.59538866044504       -0.63949374839477
H           -3.22004877359753        1.57439414466210        0.26842990564369
H           -2.05633490475321        2.62706311681165        1.11870998402677
H           -3.16244984081203       -2.35381895710690       -1.02856480748352
H           -1.11614846113128       -3.48246238025209       -0.44404946624100
H           -2.65336292681286       -0.42021666975424       -0.05743436003910
H            1.64366790484180       -2.97396949846252        0.14961524940378
25
 energy: -42.154921950816 gnorm: 0.051764858459 xtb: 6.6.1 (8d0f1dd)
C            3.23716962786796        1.24268730189948       -0.07174754828926
N            2.34630216105965        0.11172699144312       -0.00019704563782
C            2.70991042808147       -1.17517906385603        0.03272661300407
N            1.60499284837246       -1.96736812716808        0.06009575766508
C            0.50267737140976       -1.15487773166588        0.06666726580332
C            0.97684675657089        0.16519094800602        0.01999317449056
C            0.12680528131068        1.33929652839360        0.06682296666539
O            0.45232204059316        2.50166111517839       -0.03178907057345
N           -1.20047511986424        0.97164089520563        0.20278411692760
C           -2.20461846004164        2.01001037662035        0.24952306319718
C           -1.58991973998033       -0.30154819797492        0.19018670081010
O           -2.90450038692430       -2.50332697852827       -0.06926006629975
N           -0.85214042180313       -1.41961392261350        0.07906973818207
C           -1.54819847204166       -2.60669268928535        0.03027392467977
H            3.91988972653268        1.23877454845184        0.77861185321847
H            3.82290033370438        1.20605100739557       -0.99147170173440
H            2.64499187298747        2.15615926299872       -0.05860654221402
H            3.72421655068174       -1.52278496020213        0.05219744753443
H           -2.07285849279497        2.62814228398039       -0.63345457303721
H           -3.20649103323779        1.58409234891727        0.27672136824708
H           -2.04532091927822        2.62668198730824        1.12664592971247
H           -3.15906009207266       -2.44367134203370       -1.02398480480333
H           -1.09341102743113       -3.45854557223284       -0.45370482192341
H           -2.65933204587757       -0.43721632974120       -0.01721210776451
H            1.62773272627392       -2.97305213889704        0.15027998003675
25
 energy: -42.159827495976 gnorm: 0.046420818402 xtb: 6.6.1 (8d0f1dd)
C            3.23342654725269        1.23545686614123       -0.07374990579804
N            2.34109859362905        0.10453379374381        0.00366623468650
C            2.69577771121572       -1.18521330747710        0.03214580032192
N            1.58351678797031       -1.96414350030100        0.07113878574217
C            0.48371515124083       -1.14115547638348        0.07310353336737
C            0.97174997355420        0.16781099388480        0.03734252855399
C            0.14348898406054        1.35549955268940        0.07171684359715
O            0.49710873469962        2.51617586688048       -0.00080260969695
N           -1.19600101529388        0.99393943589275        0.18256455380296
C           -2.19183278464118        2.03638280879773        0.25122049726014
C           -1.63678546337870       -0.27216747947384        0.10809692588837
O           -2.89063098577013       -2.55673201037720       -0.06363626242403
N           -0.87848606020755       -1.40315668719022        0.05107931717156
C           -1.52632188531808       -2.60661605911150        0.03265915315036
H            3.92088169350623        1.23737115041974        0.77404036371166
H            3.81434594410307        1.20535213940018       -0.99722790002513
H            2.63962843581956        2.14970897360392       -0.05862243044215
H            3.70610526761872       -1.53853672432819        0.03560754579030
H           -2.09308680713583        2.67477585060102       -0.62750134473668
H           -3.18886408266048        1.60080794277901        0.28762135563406
H           -2.03035941445341        2.64262658940119        1.13960125339189
H           -3.15427301145241       -2.52017354453001       -1.02756346095166
H           -1.00981761704583       -3.47995550065480       -0.40704923108639
H           -2.67668154693616       -0.46383568939779       -0.00375684424106
H            1.60272836372163       -2.97051744341042        0.13947691522887
25
 energy: -42.161828655688 gnorm: 0.048352933520 xtb: 6.6.1 (8d0f1dd)
C            3.23005713074021        1.22895128732269       -0.06835149957700
N            2.33777718583222        0.10092754681691        0.00767597116796
C            2.67938910830080       -1.19431418995573        0.03269651004042
N            1.56098076770134       -1.96109631864833        0.07150440147542
C            0.47504793266148       -1.12629949167568        0.07226318834909
C            0.96893353699766        0.17717178939493        0.04057487865588
C            0.14184900558072        1.36520830508870        0.06437415408672
O            0.50691403922579        2.52407291775584        0.03042976726762
N           -1.20373026991074        1.00177975264157        0.15193271959282
C           -2.18432981000410        2.06400127800782        0.24267103889825
C           -1.64875134979896       -0.26963540633874        0.05074803429283
O           -2.86167055529825       -2.61338262778247       -0.03489919405331
N           -0.88020446379493       -1.39009305509920        0.03416867062716
C           -1.49087533541717       -2.61134656033912        0.02994412510379
H            3.91704652857946        1.22914505464140        0.77718687833857
H            3.80734420764787        1.19605083895804       -0.99289318188821
H            2.63530988419720        2.14310174019491       -0.05280087728256
H            3.68454549083474       -1.56032600932729        0.02766423312965
H           -2.09587354031076        2.72617888218714       -0.61877877978613
H           -3.18239902235094        1.64316890005335        0.28102470084292
H           -2.00758716469127        2.65865205512011        1.14056529010888
H           -3.13547876969798       -2.59966970542389       -1.00793383131217
H           -0.95846391465609       -3.44284303082631       -0.41302671280888
H           -2.70144523929495       -0.50470886892523        0.03701689942886
H            1.56604613102514       -2.96645654224168        0.12741423319855
25
 energy: -42.163054157215 gnorm: 0.050718088863 xtb: 6.6.1 (8d0f1dd)
C            3.22403254111986        1.22157256939655       -0.06982951754963
N            2.33196941485956        0.09553812157017        0.00738264283210
C            2.66565572854855       -1.20192508590674        0.03053169107200
N            1.54286649109001       -1.96128472359457        0.06871393712455
C            0.46384866370107       -1.11710755091898        0.06891729455755
C            0.96298064608088        0.18161408320731        0.04278503216723
C            0.13612670374959        1.36847572813476        0.06664711988687
O            0.50918757535620        2.52585416935461        0.05817676424971
N           -1.21475359044341        1.00675632839664        0.13299384719085
C           -2.18140245532014        2.08075153856827        0.24175080231073
C           -1.67136587324863       -0.26258766943496        0.02327014926825
O           -2.82348090653811       -2.63555715566495       -0.03490308518450
N           -0.88532658856463       -1.38018270664747        0.02566795333894
C           -1.46658343806649       -2.61685272822559        0.04248748110759
H            3.91312000120643        1.22645682202303        0.77373514330539
H            3.79907068509477        1.18858519267868       -0.99544302276848
H            2.62652347495966        2.13379714462813       -0.05411432334611
H            3.66702368114929       -1.57807959830326        0.02032379299712
H           -2.10612495873863        2.75154010432962       -0.61626278747365
H           -3.18313964601258        1.66482249751576        0.29929123348861
H           -1.97678135588946        2.66591698182984        1.14277417701446
H           -3.09702596864126       -2.64777460868226       -1.01319268097328
H           -0.90557211404402       -3.43643800482269       -0.36468022538439
H           -2.70833515894662       -0.48730144450779        0.01382727499841
H            1.53791796163655       -2.96835146332433        0.12032092366681
25
 energy: -42.164122509896 gnorm: 0.051099864755 xtb: 6.6.1 (8d0f1dd)
C            3.22431367267755        1.21414230608840       -0.06434516597597
N            2.32752405118995        0.09520678247555        0.00483237688683
C            2.65061983194802       -1.20446118406934        0.02320388518798
N            1.52253088261301       -1.95613991600510        0.05046310560425
C            0.45480362612597       -1.10176258095247        0.05045141531901
C            0.95846315266263        0.19400039037179        0.03321897153623
C            0.11946102720682        1.37206314969348        0.06770824261216
O            0.48855051281492        2.52875091530799        0.08589306341639
N           -1.23234405526563        1.01043458524184        0.10606891867468
C           -2.18167630714962        2.10027594195894        0.23724637588422
C           -1.67892197898045       -0.25875290357563        0.00831490481623
O           -2.79439455032536       -2.66717908892329       -0.02502147643390
N           -0.88338975996922       -1.36271819808258        0.00797456693319
C           -1.44581828690829       -2.61204182272621        0.05067045801499
H            3.91283749205672        1.21053197269729        0.77809067320588
H            3.79949944831516        1.17913652042441       -0.98921098700619
H            2.63130236490235        2.12754495312270       -0.04275920388685
H            3.64749226185621       -1.59499300480807        0.01484583024290
H           -2.09502265011868        2.77979484778220       -0.60784412752683
H           -3.19108509855872        1.70605474038672        0.30178023645819
H           -1.94469339628291        2.66660454668503        1.14202890727264
H           -3.07287271713168       -2.70454740134354       -1.00345275589172
H           -0.83663968674489       -3.45271535004684       -0.30523541313998
H           -2.72115008955342       -0.48713258724029        0.00559971984069
H            1.50104176671792       -2.96385907286319        0.10064909585213
25
 energy: -42.165149330131 gnorm: 0.045760467481 xtb: 6.6.1 (8d0f1dd)
C            3.22613379130325        1.21199390305363       -0.06197633603733
N            2.32634841937915        0.09548841673971        0.00264557028369
C            2.64604308936364       -1.20467533073255        0.01775935137002
N            1.51487204676824       -1.95448704546098        0.03720988873295
C            0.45094239656416       -1.09570887173540        0.04045579227133
C            0.95711082612057        0.19918094999373        0.02475184365456
C            0.10840587963815        1.37085734193019        0.07015707110689
O            0.46976612007013        2.52991947536300        0.10082111820067
N           -1.24327708005694        1.00922187571591        0.09533225116210
C           -2.18096622562521        2.10687124902638        0.23616399196273
C           -1.68541296710584       -0.25859012144566        0.01819567513732
O           -2.78068924224097       -2.69033879226480       -0.02834387694196
N           -0.88323731154072       -1.35693068710227        0.00969413428809
C           -1.43540518952527       -2.61280736285243        0.05554673898500
H            3.91414860401144        1.20156419050987        0.78137239104078
H            3.80195295101595        1.17724851683434       -0.98670920017108
H            2.63534299718002        2.12625314302321       -0.03567521420600
H            3.64017796548937       -1.60338633417806        0.01149231085652
H           -2.08974112879571        2.78131461493520       -0.61378400396435
H           -3.19628242638236        1.72801652128234        0.31373455757838
H           -1.91970281737616        2.67176250869066        1.13403420843917
H           -3.06101757359992       -2.74208593716956       -0.99935770625562
H           -0.81036704131506       -3.44025242319399       -0.26752568478078
H           -2.72752677216625       -0.47042569324133       -0.01610612701280
H            1.48281220292467       -2.96176556612134        0.09128287219680
25
 energy: -42.167662409425 gnorm: 0.022353838786 xtb: 6.6.1 (8d0f1dd)
C            3.23217332822201        1.21249156173175       -0.05607276812186
N            2.32631653256553        0.09812077210709        0.00291798539835
C            2.64549508532378       -1.20238514914830        0.01520651297861
N            1.51337501670969       -1.95125203371860        0.02929655310418
C            0.44733637877544       -1.09278816327018        0.03166272525888
C            0.95712763046763        0.20142420961799        0.02175041329395
C            0.11353026014108        1.37584693205954        0.07011928721366
O            0.47587374999197        2.53558896752146        0.10287396855481
N           -1.23855430330011        1.01617679558463        0.10104368273173
C           -2.17570569801416        2.11303400868089        0.23535162531515
C           -1.69331933610396       -0.24991710358124        0.02208097838788
O           -2.77745234727487       -2.71612517684550       -0.04398087420073
N           -0.89351231666893       -1.35447126705521       -0.00308794036488
C           -1.43405582369846       -2.61327293543498        0.03058695535292
H            3.91915995828295        1.19413339107990        0.78933875549691
H            3.81077124721241        1.18021986229326       -0.97985379668456
H            2.64729332491844        2.13133622102720       -0.02766252557400
H            3.63943068297459       -1.60006713638459        0.01104941459479
H           -2.08311535417287        2.78224996586577       -0.61982054417391
H           -3.19043094149731        1.73520644176804        0.30994536935531
H           -1.92203128914725        2.68342823730158        1.13023994428293
H           -3.09056900025195       -2.81710313394101       -0.97588815416455
H           -0.80169245354098       -3.44091614630263       -0.25726987669601
H           -2.74917650300202       -0.44488909663463        0.00933819731566
H            1.48216368518569       -2.95783148272243        0.08200572924190
25
 energy: -42.169089481979 gnorm: 0.008121822977 xtb: 6.6.1 (8d0f1dd)
C            3.23835612350739        1.21140937357357       -0.04589003283851
N            2.32411181063260        0.10153316789819        0.00302987120465
C            2.64238241071271       -1.19997532891036        0.00940665328640
N            1.50906468435681       -1.94711782058309        0.01518797574661
C            0.44165647287091       -1.08795783175608        0.01983830465812
C            0.95515591138731        0.20504604555039        0.01770127794361
C            0.11774594825081        1.38222958907955        0.07178760744691
O            0.48062976279046        2.54255931720089        0.10237904460067
N           -1.23396140172341        1.02437070854290        0.11061811228442
C           -2.16990612488634        2.12254882898652        0.23165274975713
C           -1.70173163242360       -0.24059261788400        0.03328503536924
O           -2.77094450235839       -2.74031697034553       -0.05823523123844
N           -0.90560762241417       -1.35025523776979       -0.01633967143681
C           -1.42991104993394       -2.60917339416671       -0.00652814863298
H            3.92324521328143        1.17974093390177        0.80175363536199
H            3.81944789929338        1.18204974861255       -0.96858162096363
H            2.66141562623036        2.13556500769996       -0.01240563013202
H            3.63618369641788       -1.59688261540179        0.00747164051887
H           -2.07328553495519        2.78354917450999       -0.63084785687624
H           -3.18583657707902        1.74893692560266        0.30336604744088
H           -1.92354099980083        2.70339074142825        1.12098034411042
H           -3.12028578027472       -2.92360112425511       -0.94648386415471
H           -0.78639933140521       -3.43992630404632       -0.24571717856276
H           -2.76667569447003       -0.41553937138264        0.04935507075862
H            1.47912220609114       -2.95335240448597        0.06438748224467
25
 energy: -42.169933292086 gnorm: 0.017056243126 xtb: 6.6.1 (8d0f1dd)
C            3.24366255518715        1.20979395059108       -0.03189722431985
N            2.32202075733265        0.10483066162127        0.00363841908416
C            2.63857051551484       -1.19806943928894        0.00074125533837
N            1.50369829866772       -1.94290440492844       -0.00325577208274
C            0.43685946029196       -1.08149156465079        0.00554263768631
C            0.95334672782277        0.21007088699932        0.01376289219024
C            0.12059277648831        1.38943250814314        0.07397426495756
O            0.48479156484860        2.54982878928341        0.10244095374903
N           -1.23063445115826        1.03350336790177        0.11832019600250
C           -2.16460658828946        2.13424560798247        0.22709490113296
C           -1.70700553694519       -0.23103807626621        0.04392988572255
O           -2.76692755402784       -2.74486801260582       -0.06042254375391
N           -0.91427816891931       -1.34317060867553       -0.03005137662188
C           -1.42731207220404       -2.59842423754101       -0.04647790103187
H            3.92581898105759        1.16338746858564        0.81762201391148
H            3.82683942998768        1.18531297923450       -0.95346658264229
H            2.67346549307383        2.13789235484590        0.00909787191295
H            3.63198369462817       -1.59530630674651       -0.00032811740651
H           -2.06260526981633        2.78707198645858       -0.64174068772751
H           -3.18233388459514        1.76542754489081        0.29687291471926
H           -1.92214525276172        2.72442405726530        1.11122879332949
H           -3.14707351251135       -3.06312574913167       -0.91149317281367
H           -0.77646937375676       -3.43691032938855       -0.23394708616972
H           -2.77414040018268       -0.39244158017496        0.08047941125956
H            1.47431332436515       -2.94923331280498        0.03950567147061
25
 energy: -42.170591588473 gnorm: 0.024239680321 xtb: 6.6.1 (8d0f1dd)
C            3.24571967681085        1.20735433819010       -0.01892144536464
N            2.31858889426623        0.10680258186817        0.00492020713504
C            2.63404197602490       -1.19739473957259       -0.00916781303322
N            1.49788250231055       -1.94060211463538       -0.01961564250147
C            0.43190922158840       -1.07707784571615       -0.00041859216400
C            0.95010466358535        0.21338779967882        0.01467127947736
C            0.12041883785583        1.39404512926686        0.07819342707631
O            0.48635138826261        2.55453743412101        0.09793803166748
N           -1.22994126433208        1.03953232139920        0.12869777042632
C           -2.16092278794401        2.14506247825053        0.21915624359947
C           -1.71146491592627       -0.22601567623694        0.06617175440539
O           -2.76359751620265       -2.74201300555170       -0.06717951180319
N           -0.92146951226132       -1.33914024767173       -0.02859830280845
C           -1.42575644771020       -2.59003566317206       -0.08706549405944
H            3.92668692767326        1.14724477908779        0.83049204011259
H            3.82902532575573        1.18884561946700       -0.94041446768088
H            2.68082720763657        2.13801166721906        0.03137441451944
H            3.62720545364451       -1.59477344139398       -0.01378018644739
H           -2.05222411773367        2.78523827026216       -0.65880278050571
H           -3.18091372080894        1.78234443784512        0.28950089241437
H           -1.91964647123435        2.74852792491010        1.09513814412619
H           -3.14760147824149       -3.16916626662631       -0.87541281231396
H           -0.76904528477731       -3.43032618993654       -0.23337236864230
H           -2.77577081987245       -0.37892620110782        0.11370366034062
H            1.47002377572830       -2.94722484834497        0.01396316992114
25
 energy: -42.171539503700 gnorm: 0.011776285191 xtb: 6.6.1 (8d0f1dd)
C            3.24439282431043        1.20397430709234       -0.00634768508724
N            2.31397155712957        0.10732193709284        0.00724968415736
C            2.62898519087934       -1.19793232762336       -0.01983640427415
N            1.49176073774801       -1.94015513052576       -0.03283374602936
C            0.42710006693437       -1.07470940905322        0.00134839648523
C            0.94559818454427        0.21483097782653        0.02139258781720
C            0.11661870420010        1.39554540590046        0.08349841184839
O            0.48462925101708        2.55610480961234        0.08717020450206
N           -1.23229300907790        1.04169520532433        0.14175229580964
C           -2.15935472601706        2.15401890480668        0.20661348579847
C           -1.71495957895355       -0.22653080766906        0.10282306583305
O           -2.76066256747247       -2.73629779679338       -0.07820933890489
N           -0.92649127181416       -1.33856615274365       -0.01259956576723
C           -1.42359329264587       -2.58426493742216       -0.13742523800834
H            3.92557664010395        1.13131257549400        0.84098417178940
H            3.82602241887073        1.19276509509779       -0.92870590347567
H            2.68310421991789        2.13557568033327        0.05483166361192
H            3.62204054330171       -1.59528312086669       -0.03252855613940
H           -2.04252936985734        2.77496590688879       -0.68443309018577
H           -3.18196874157839        1.79870727532644        0.28069447346023
H           -1.91610951873869        2.77621890217599        1.07007257104520
H           -3.12575621954247       -3.22620094522737       -0.83204505020777
H           -0.76050991279124       -3.42120093269959       -0.24633102650034
H           -2.77184215801400       -0.37642123964998        0.15535848709383
H            1.46670154164401       -2.94723564109782       -0.01132227677478
25
 energy: -42.171795104248 gnorm: 0.032815755133 xtb: 6.6.1 (8d0f1dd)
C            3.24553720660812        1.20194723241256        0.01128026976214
N            2.31327195201122        0.10788070893760        0.00990060563051
C            2.62596733559136       -1.19811233455523       -0.03192696560364
N            1.48639123374164       -1.93795033514022       -0.04911072447724
C            0.42464819875307       -1.06935563907942       -0.00763106009841
C            0.94529839020285        0.21828040118732        0.02698699644960
C            0.11615138861425        1.39956858053782        0.08534877907341
O            0.48791813374077        2.55912390179844        0.08169197771200
N           -1.23211535768707        1.04861629158250        0.14708522099605
C           -2.15635006309406        2.16389144425212        0.19641956148123
C           -1.71565565403548       -0.22036587786051        0.12776148440551
O           -2.76822647653528       -2.71290594674898       -0.08930289316410
N           -0.92856746921837       -1.33098427611108       -0.01444104048090
C           -1.42818463212734       -2.56576559980944       -0.20186111583640
H            3.92589872204112        1.11622933328082        0.85773681686919
H            3.82723738803960        1.20235328064643       -0.91116527734352
H            2.68569962032587        2.13340578853055        0.08436349935769
H            3.61815163031834       -1.59708751431058       -0.05299435365673
H           -2.03537015742314        2.76780350378758       -0.70495090139184
H           -3.17979030508573        1.81253142846508        0.27510101168484
H           -1.90977275567223        2.79926635693116        1.04881272780990
H           -3.11627796674253       -3.34915188361312       -0.77034954714087
H           -0.76300229067075       -3.41499917471765       -0.23927408813859
H           -2.77079388106253       -0.37071324457869        0.19433413455962
H            1.46236732346459       -2.94526788422531       -0.04264350056239
25
 energy: -42.172364877678 gnorm: 0.008985883665 xtb: 6.6.1 (8d0f1dd)
C            3.24521168663142        1.20348278970859        0.01069510486295
N            2.31664352692479        0.10646966260354        0.01005033085075
C            2.62884478471282       -1.19850331720088       -0.02915446419696
N            1.48930796000709       -1.93851250033063       -0.04475762402949
C            0.42816514833464       -1.07056400780148       -0.00949616228392
C            0.94869126060470        0.21705759872454        0.02764316106663
C            0.11659294419513        1.39743483041322        0.08177607672492
O            0.48812825160831        2.55646433587906        0.08282642916357
N           -1.23232070010154        1.04641209233608        0.13957364312863
C           -2.15808601132759        2.15865221115316        0.19691521871774
C           -1.71179674322355       -0.22176385913370        0.11910559833197
O           -2.77240916534239       -2.71244600531015       -0.08252607496668
N           -0.92282299698344       -1.33076524824359       -0.01993495583622
C           -1.42979862878457       -2.56442885868599       -0.19946941788586
H            3.92547307814704        1.12268969201834        0.85773599487398
H            3.82812045594672        1.20505368386539       -0.91108395660588
H            2.68157803200602        2.13287407334093        0.08135210327370
H            3.62070068195170       -1.59834850545787       -0.04992292662364
H           -2.04207227040034        2.76499177341267       -0.70198449786293
H           -3.17981632931450        1.80375551361332        0.27767592445194
H           -1.90957096688485        2.78967435735675        1.05048945736591
H           -3.12135327924445       -3.30980902368688       -0.76265877095945
H           -0.77072945660849       -3.41609374250590       -0.24136807271098
H           -2.77016443982734       -0.37992289079846        0.18604520099082
H            1.46391469107101       -2.94561611367034       -0.03835570194447
25
 energy: -42.172645239650 gnorm: 0.008428788913 xtb: 6.6.1 (8d0f1dd)
C            3.24595818657714        1.20450823612575        0.01912919528316
N            2.31940595211272        0.10572358705560        0.01102958890109
C            2.63048538427168       -1.19875680173879       -0.03244429236385
N            1.49025199880042       -1.93828616091204       -0.05138083854429
C            0.43001526640037       -1.06990618674919       -0.01567666417068
C            0.95153454809195        0.21731321853558        0.02951454457146
C            0.11799946398214        1.39765350538045        0.08116270809323
O            0.49077127069989        2.55638922711148        0.08225802626554
N           -1.23148823968652        1.04787981171387        0.13645810387080
C           -2.15764278819927        2.15950431301133        0.19233919969478
C           -1.70903489255844       -0.21979747203773        0.12343418112666
O           -2.77818106431185       -2.70112083910648       -0.08275582694685
N           -0.91978947121335       -1.32775109259543       -0.02486064686707
C           -1.43405228124678       -2.55576961083401       -0.22541592231105
H            3.92513475354140        1.12187515453001        0.86711511976328
H            3.83115617384233        1.21224213011618       -0.90130528170472
H            2.67996605069101        2.13243094657797        0.09238598287723
H            3.62175260613293       -1.59991133806740       -0.05531246264045
H           -2.04637377811763        2.76074651137159       -0.71026851376330
H           -3.17824895569624        1.80282429376267        0.27824982523768
H           -1.90720478166935        2.79467892000777        1.04184993867612
H           -3.12404902394598       -3.34134789054862       -0.72214511752261
H           -0.78362816821586       -3.41354488935038       -0.24044460581497
H           -2.76841822239545       -0.38396260261099        0.19207447462053
H            1.46411152621105       -2.94537642914950       -0.05381909843468
