25
 energy: -40.438009369304 gnorm: 8.787447082376 xtb: 6.6.1 (8d0f1dd)
C            3.29999846950007        1.07542083353340       -0.20944630176484
N            2.42487103745972        0.10420827289410       -0.13096104998057
C            2.55201881252529       -1.12046252529226        0.42258942240341
N            1.36823129499813       -1.79557388229608        0.35058030123758
C            0.44081006820457       -1.06644283629112       -0.28450347829986
C            1.06015889390289        0.23872193038276       -0.73770811459650
C            0.21243149711684        1.32158050858989        0.13206499170492
O            0.76253014644308        2.20727752752151        0.71435256709312
N           -1.11776128101186        1.09557967936077        0.01251547996787
C           -2.02991636798349        2.16018420545658        0.43062579591029
C           -1.73645355481127       -0.11399302754894       -0.34108820393361
O           -2.91284091629150       -0.20311558049384       -0.54056364120389
N           -0.89536506613503       -1.23954326204232       -0.33830365545192
C           -1.50357818537813       -2.55772571193858       -0.27665946621078
H            3.02538012519936        2.00091350183839       -0.67615979083363
H            4.27192421356733        0.95193671356686        0.22638865798242
H            1.04581569098240        0.35402046399996       -1.14593043427043
H            3.43677537157181       -1.49633405121405        0.88912783099169
H           -1.48564866738156        3.10071344507786        0.43693840037270
H           -2.85843823779138        2.20257121007281       -0.27333614308991
H           -2.42006858119304        1.95689893848478        1.42744714349876
H           -1.43037522807603       -2.97239910081158        0.73007815789510
H           -1.02427214567426       -3.22353066896486       -0.99245718296027
H           -2.55565760297834       -2.44633930743281       -0.53536942956122
H            1.22986172733467       -2.71632873485295        0.74094976100009
25
 energy: -42.151415029486 gnorm: 0.123649300949 xtb: 6.6.1 (8d0f1dd)
C            3.29983281878616        1.07557095373596       -0.20980755766798
N            2.42825785730530        0.10165325951938       -0.12436399336798
C            2.55294249613084       -1.12096501074476        0.42320602480035
N            1.36817188606918       -1.79661804026589        0.35114714519043
C            0.43989235070069       -1.07147014378432       -0.27856778305509
C            1.06966343829594        0.16026835488647       -0.45625675372626
C            0.21169881405342        1.32200149078888        0.13614565548166
O            0.76237142347083        2.20775008354470        0.71438440569587
N           -1.11778827164985        1.09561425320037        0.01245148502385
C           -2.02992337276669        2.16021596595784        0.43057030089357
C           -1.73643164254166       -0.11402096481018       -0.34092780987446
O           -2.91282890968941       -0.20310171462961       -0.54058039109837
N           -0.89550706070387       -1.23954657010347       -0.33853923827732
C           -1.50361248630689       -2.55773517049238       -0.27674439089363
H            3.02528427095925        2.00092134706696       -0.67609626404729
H            4.27200984559995        0.95194451460166        0.22625788700040
H            1.03409078977681        0.44075847515503       -1.44434288437066
H            3.43685999320774       -1.49641521298397        0.88906548892335
H           -1.48564809405645        3.10071203534628        0.43694080023332
H           -2.85844392482411        2.20256938854940       -0.27334547334584
H           -2.42007094825171        1.95689746737686        1.42744437590605
H           -1.43038477558117       -2.97239459019850        0.73006647508271
H           -1.02426849119385       -3.22352569348370       -0.99244743169537
H           -2.55564678369238       -2.44634000101175       -0.53537706539432
H            1.22991029100219       -2.71650593562097        0.74088861048352
25
 energy: -42.168606427193 gnorm: 0.061762932462 xtb: 6.6.1 (8d0f1dd)
C            3.29573943277347        1.06933925573913       -0.19416342705818
N            2.42288002221894        0.09531262702485       -0.10461625393241
C            2.55972487205249       -1.14148109129599        0.43238393255601
N            1.37892467160028       -1.82831280501751        0.35705976127157
C            0.44566007574254       -1.08921366176617       -0.26919307128984
C            1.05598809334213        0.21519622533303       -0.50510668172098
C            0.20999384723844        1.33526111726145        0.17004590731370
O            0.74237839799175        2.25728860278872        0.71809243509596
N           -1.11632793910645        1.09894564777566        0.02203344854682
C           -2.03437075801535        2.16436229783958        0.42212883308249
C           -1.72853482156386       -0.11669025536466       -0.33229801162834
O           -2.90371309683944       -0.20465455808601       -0.54054082158510
N           -0.89170356341084       -1.24796658164073       -0.32823031845620
C           -1.50463713515645       -2.56268271891508       -0.27225356106345
H            3.02141397868132        1.99288233863641       -0.66610268447918
H            4.27858995222227        0.93758838481392        0.21410709234928
H            1.02014652833058        0.49841675454902       -1.49672488890878
H            3.44840839254161       -1.52008020150007        0.88695552468957
H           -1.48856158700591        3.10410533265020        0.42938172017580
H           -2.86043691468484        2.20362273252049       -0.28441780701457
H           -2.42544695529300        1.96258391371640        1.41898524269141
H           -1.43268078779375       -2.97565523350947        0.73493498695730
H           -1.02474186259119       -3.22884318437413       -0.98681780647897
H           -2.55567655783019       -2.44813407894694       -0.53264934911235
H            1.24741522865574       -2.75295231863183        0.73817741589891
25
 energy: -42.172581068646 gnorm: 0.056518921028 xtb: 6.6.1 (8d0f1dd)
C            3.29563524715410        1.06490852014780       -0.17870693103088
N            2.41780566904161        0.09521530275062       -0.08224427789046
C            2.56151452985292       -1.14549835130700        0.44345116686153
N            1.38187636831519       -1.83344333966770        0.36365713898654
C            0.44672204830771       -1.08915652324196       -0.25390827728895
C            1.05225075498506        0.23354094881563       -0.55312633291938
C            0.21319849861673        1.33497141271063        0.17831345979077
O            0.73212977696274        2.27711794767803        0.70712900203312
N           -1.11574679805862        1.09893082365336        0.02941367370576
C           -2.03744293247557        2.16520907813956        0.42130770427350
C           -1.72596781251824       -0.11712011748636       -0.32148551848765
O           -2.90051527354211       -0.20543328453534       -0.53380421633891
N           -0.89036844824832       -1.24834168606594       -0.31468982655786
C           -1.50504951476617       -2.56302207768928       -0.26803437817177
H            3.01741177774537        1.99088667751811       -0.64298619553283
H            4.28613212648176        0.92747847902988        0.21139500474186
H            1.01819126927766        0.51400304288595       -1.55240644689640
H            3.45771538640683       -1.53312414157145        0.87777091004811
H           -1.49187692207211        3.10512000399690        0.42526912717595
H           -2.86088171471733        2.20135711851543       -0.28834511135896
H           -2.43400068772742        1.97076088256906        1.41777979805714
H           -1.43823452387272       -2.98224265208258        0.73697658071879
H           -1.02274246049166       -3.22699242233565       -0.98322669092822
H           -2.55487340924270       -2.44843718874182       -0.53337289423226
H            1.25754855868556       -2.76844991208560        0.72504514914197
25
 energy: -42.173304351161 gnorm: 0.053832055490 xtb: 6.6.1 (8d0f1dd)
C            3.30186093669344        1.06132487073706       -0.17173527511059
N            2.41976387410086        0.09560157733554       -0.07735122288284
C            2.56033666796607       -1.14422035373968        0.44455720608834
N            1.38007320723757       -1.82969986957946        0.36167177298558
C            0.44546970347620       -1.08418895066453       -0.24901106741835
C            1.05603282668162        0.23636015128115       -0.57356355418573
C            0.21417542329274        1.33590187735412        0.16669372472451
O            0.72893311299011        2.27686089709737        0.69670512285011
N           -1.11795511571306        1.09790577258490        0.03335301402885
C           -2.04016080267572        2.16474769717815        0.42246954424847
C           -1.72770695048607       -0.11735399280442       -0.31412601885041
O           -2.90295909413039       -0.20842751314892       -0.52269193381380
N           -0.89068899719025       -1.24670961330639       -0.30811055084751
C           -1.50457914447584       -2.56235976237007       -0.26278718608587
H            3.02044141641887        1.99440979823926       -0.61912795748107
H            4.28973219076234        0.92180470483339        0.22274775169549
H            1.02373781391183        0.51460177486922       -1.57961392779756
H            3.45923487172933       -1.53817927808262        0.86821113266749
H           -1.49608185764571        3.10561736003696        0.42101294875018
H           -2.86167585287620        2.19566832157124       -0.28999599234084
H           -2.44007471874966        1.97643154619554        1.41862659819625
H           -1.44146222661960       -2.98492914716846        0.74123918120631
H           -1.02063046585791       -3.22517294309419       -0.97814249745800
H           -2.55374721191384       -2.44739267000865       -0.53078292427454
H            1.25836190717356       -2.77036371374624        0.71092372900604
25
 energy: -42.173900008932 gnorm: 0.046176680691 xtb: 6.6.1 (8d0f1dd)
C            3.30736327919451        1.05956949270321       -0.16161811512860
N            2.42198592108809        0.09613583132457       -0.07686077427001
C            2.55856451309545       -1.14322620157459        0.43997346151009
N            1.37786040502230       -1.82606606793422        0.35404682297772
C            0.44375578932234       -1.07892331818981       -0.24743824289783
C            1.05951712533466        0.23566541364468       -0.58747348514578
C            0.21565216353257        1.33692273462949        0.15318883185346
O            0.72706629989597        2.27711695401970        0.68558491995293
N           -1.12001282025444        1.09539559579305        0.03969599365491
C           -2.04197457940927        2.16499658910411        0.42127122586780
C           -1.73037177227359       -0.11818997272797       -0.30390996310892
O           -2.90680815534967       -0.21250654925520       -0.50669143741826
N           -0.89116595652834       -1.24545179530270       -0.30198156467289
C           -1.50347343266128       -2.56217962270310       -0.25610648574861
H            3.02453244688490        2.00116937738885       -0.58970672196491
H            4.29190958363321        0.91590942457181        0.23992668998771
H            1.02888564715303        0.51242441657159       -1.60375635555348
H            3.45936884270318       -1.54282875512525        0.85399278229543
H           -1.49919860287034        3.10659172679449        0.41477416206960
H           -2.86066613969987        2.19001097303617       -0.29535685913723
H           -2.44666062187946        1.98348740622609        1.41639557227837
H           -1.44397444783541       -2.98573379027780        0.74773331101301
H           -1.01748447385676       -3.22451349563207       -0.97062116499740
H           -2.55205722462625       -2.44656050970707       -0.52654579537522
H            1.25781772448477       -2.77097731577775        0.69265480985861
25
 energy: -42.174508614501 gnorm: 0.033018332486 xtb: 6.6.1 (8d0f1dd)
C            3.30964767754394        1.06065591874712       -0.14705900395821
N            2.42338316178226        0.09646098340378       -0.07958969714523
C            2.55803741172764       -1.14490998897136        0.42864688899861
N            1.37703396199910       -1.82546379770371        0.34015894628845
C            0.44232325542069       -1.07457414626357       -0.24974251718667
C            1.06119646523017        0.23405459368322       -0.59296389853621
C            0.21719873421894        1.33719540184117        0.14278351739522
O            0.72569954294086        2.27920391543121        0.67563634132064
N           -1.12164136574561        1.09189721645030        0.04809198096396
C           -2.04267735667328        2.16665167555595        0.41659593366841
C           -1.73350008909164       -0.11918904035490       -0.29254497270724
O           -2.91159827556192       -0.21700719052671       -0.48693616660087
N           -0.89165463293682       -1.24483168977938       -0.29737948906339
C           -1.50181232859157       -2.56258156737049       -0.24771254028019
H            3.02801144949939        2.01057219822315       -0.55724491652055
H            4.29096392251452        0.91041618984259        0.26122571695501
H            1.03198073939714        0.51098609113457       -1.62395908273410
H            3.46030811901135       -1.54886158241015        0.83446790907763
H           -1.49928668455097        3.10767655609264        0.40654585857416
H           -2.85688567966861        2.18683045781843       -0.30598987825965
H           -2.45487714492291        1.99286083208251        1.40972745566898
H           -1.44541057127383       -2.98350454736483        0.75736942984042
H           -1.01320157437877       -3.22584988244046       -0.95947734816198
H           -2.55000300035529       -2.44775700147476       -0.52046935836144
H            1.25719577656553       -2.77269305404603        0.67099050866471
25
 energy: -42.175033439666 gnorm: 0.017542679042 xtb: 6.6.1 (8d0f1dd)
C            3.30654573309380        1.06479036640729       -0.12809023196013
N            2.42281325619454        0.09625921324375       -0.08294205146862
C            2.56047335884346       -1.15156744333828        0.41034215775901
N            1.37952119253924       -1.83113864567712        0.32003234309559
C            0.44179515130421       -1.07284819998409       -0.25576125363033
C            1.05989318751290        0.23373703454037       -0.58739868075926
C            0.21756514734811        1.33711038399172        0.14056653704057
O            0.72377657858105        2.28397290292131        0.66967943596225
N           -1.12264765254571        1.08941019745001        0.05571636690346
C           -2.04255636248390        2.17085390365229        0.40726732629148
C           -1.73612416757849       -0.12002080745430       -0.28168065581235
O           -2.91573567541031       -0.22070073177019       -0.46665331315562
N           -0.89206803970323       -1.24515368270199       -0.29489441025379
C           -1.49968366622326       -2.56371424086857       -0.23751278916790
H            3.02763375694193        2.02100550343489       -0.52489162033474
H            4.28583603804358        0.90662807623127        0.28296387740313
H            1.03145501233201        0.51351908613485       -1.63565950886887
H            3.46445691736399       -1.55846287098464        0.80853010260251
H           -1.49543007143360        3.10939625813663        0.39633661739654
H           -2.85029972574419        2.18942617214001       -0.32293363720276
H           -2.46531845494861        2.00509463985511        1.39742703861145
H           -1.44448857394086       -2.97729503777436        0.77080210181734
H           -1.00802726446385       -3.23020180400255       -0.94403940631165
H           -2.54791384371425       -2.45252929555395       -0.51215461863810
H            1.25895968219177       -2.77933243642917        0.64611989058125
25
 energy: -42.175306814056 gnorm: 0.007983249567 xtb: 6.6.1 (8d0f1dd)
C            3.30027459809077        1.06897453926954       -0.11290540331126
N            2.42065393464388        0.09574615782371       -0.08275533940009
C            2.56493396396645       -1.16017381284372        0.39417200031329
N            1.38399618426417       -1.84062561020665        0.30384568938930
C            0.44236393079592       -1.07509197044071       -0.26123982313238
C            1.05676348517359        0.23588609873397       -0.57470356157201
C            0.21593157700581        1.33918060193035        0.14442789764886
O            0.72157551385138        2.29110853231763        0.66642692797488
N           -1.12312507782035        1.09053906848230        0.05652310458437
C           -2.04246942916738        2.17531673064696        0.39820353679264
C           -1.73680251807221       -0.12019589756160       -0.27612035998876
O           -2.91695857746081       -0.22241232627756       -0.45432254673868
N           -0.89195888142904       -1.24613514227333       -0.29460741632106
C           -1.49808147774027       -2.56460590970616       -0.22979840321760
H            3.02308668838852        2.02729155460834       -0.50441374664500
H            4.28030647092980        0.90523376463083        0.29429681473856
H            1.02918046421834        0.51868345247490       -1.63543305818235
H            3.47068464299528       -1.56810525501277        0.78727587074238
H           -1.49112976317286        3.11139221741959        0.39064861061016
H           -2.84492002157735        2.19610551564014       -0.33729763956981
H           -2.47298455433341        2.01217847323925        1.38550339693500
H           -1.44273367337824       -2.96957216424412        0.78212765347628
H           -1.00471243070903       -3.23590075006818       -0.93041232768780
H           -2.54620042869806       -2.45725283374133       -0.50630449095558
H            1.26275689333545       -2.78932649324108        0.62803423141706
