25
 energy: -41.993150856205 gnorm: 0.033244728553 xtb: 6.6.1 (8d0f1dd)
C            3.59476006167198        1.13173541544395        0.39094537166322
N            2.26045823962460        0.56878286838083        0.25092721842640
C            2.13503664457422       -0.59209077113927       -0.37625376510163
N            1.14081673223445       -1.44329425542368       -0.86704791972468
C           -0.10540656015577       -1.96174866734303       -0.77440631546536
C            1.32051028119455        1.33614961058908        0.97648038542987
C            0.03094282281913        1.37123817846692        0.41978211146476
O            0.67907362975832        2.47160898279335        0.18543168693009
N           -1.09601917773147        0.86272205739137        0.07665645856915
C           -2.12829052050427        1.66548537248618       -0.57347067022894
C           -1.58121475394643       -0.41748511872619        0.61216684997691
O           -2.48505940731566       -0.39258835892342        1.39309103236122
N           -1.11509912707492       -1.58063158889704        0.02821565593192
C           -2.04178743544092       -2.69784001584137        0.28613813702442
H            3.94542831217096        1.00170241105118        1.41546810068771
H            4.30001293758662        0.67846112201016       -0.30015148630202
H            3.52828201234417        2.20179048487221        0.19230014364777
H            3.10502584228782       -0.99564510327747       -0.64453562161631
H           -1.73689345472210        2.66099765458272       -0.77016595637870
H           -2.41711815052432        1.18624137346993       -1.50875342127153
H           -2.99655284995594        1.73217778966199        0.08291235276993
H           -2.01876547019567       -2.95209403282501        1.34514395054097
H           -1.72472922380503       -3.55082742077444       -0.30649268639916
H           -3.05927202715460       -2.41190293417614        0.02228016545099
H            1.62629215635998       -2.05470651225153       -1.52549016048772
25
 energy: -41.997904481277 gnorm: 0.023862298823 xtb: 6.6.1 (8d0f1dd)
C            3.59608864088183        1.13113519828545        0.39764432048512
N            2.27278055076436        0.54818500331199        0.23792461778479
C            2.16635983199982       -0.59863730264964       -0.39989630833427
N            1.15973385812091       -1.43176746745022       -0.86616120825082
C           -0.09067882056848       -1.91601841962610       -0.74414586119731
C            1.29786110621563        1.26227362455191        0.96159830496395
C            0.01663158376569        1.34081681983294        0.40232688688315
O            0.68552479721947        2.43311379214412        0.19276630507048
N           -1.12126242281100        0.86210059416885        0.06696683542014
C           -2.14344828225981        1.67618926271172       -0.58054015403552
C           -1.60560601884331       -0.40565177693372        0.61936757384768
O           -2.50921395739593       -0.38322235907939        1.40010475945906
N           -1.11131770884088       -1.55977831697553        0.05215991652986
C           -2.02920164652772       -2.68980080866518        0.29440763678658
H            3.94042601722449        0.99620204199514        1.42362828431478
H            4.31185635323738        0.69161712860782       -0.29197140103228
H            3.51841758038643        2.20189753917828        0.20624021425771
H            3.13523087543902       -1.00178602066690       -0.66949693843377
H           -1.74009847085489        2.66678910389004       -0.77810466104883
H           -2.43618567069225        1.19694794675048       -1.51446473121388
H           -3.00873040582473        1.75009407145313        0.07854112450625
H           -2.01273614904532       -2.94969362721950        1.35199387312632
H           -1.70338874485862       -3.53862112110802       -0.29989014446444
H           -3.04795587589114       -2.41254995329281        0.02531691746579
H            1.61934449325878       -2.05159641161359       -1.53514454499126
25
 energy: -42.001960540843 gnorm: 0.017998296309 xtb: 6.6.1 (8d0f1dd)
C            3.59251988616618        1.13242353754149        0.41422219186527
N            2.29188149883909        0.50812640280516        0.22853158308020
C            2.21675200404963       -0.62524631460744       -0.42809134612502
N            1.18711821756801       -1.42545960255227       -0.87049985119515
C           -0.06747975044846       -1.85867552101359       -0.69865913296914
C            1.26499215222538        1.14901221531947        0.93292720843928
C            0.00631225742900        1.29592804153543        0.35484599192867
O            0.69838388167444        2.38843059485435        0.21064817104320
N           -1.15886995321809        0.86616671754443        0.04222260942042
C           -2.17183446895201        1.70232377579263       -0.58558905853519
C           -1.63854144039202       -0.38572089980307        0.62254885282239
O           -2.54954167395726       -0.36302040508996        1.39469587612541
N           -1.10145930382609       -1.53296859128902        0.08573331658611
C           -2.00384373736300       -2.68142084879874        0.31135797343697
H            3.92901860640851        0.99491019721531        1.44217328619932
H            4.32412496730090        0.71368796166075       -0.27264368031319
H            3.49156198888268        2.20274728374856        0.22937488064467
H            3.18199186493231       -1.01795619942103       -0.72344339046259
H           -1.75216934973174        2.68606183796563       -0.78282408514479
H           -2.47621927482826        1.22937812933007       -1.51922155255256
H           -3.03119935568713        1.78491690649343        0.07945845474629
H           -1.99507870229494       -2.94619563699132        1.36762933777999
H           -1.66300054653235       -3.52282546300239       -0.28519777100451
H           -3.02335394817390       -2.41498206042382        0.03306313421150
H            1.60836569402884       -2.06140351721279       -1.55209138212827
25
 energy: -42.003570866302 gnorm: 0.014214177344 xtb: 6.6.1 (8d0f1dd)
C            3.58320962638623        1.13056429697212        0.43312338540656
N            2.30154301876614        0.47674288531017        0.22148794316583
C            2.25016201772268       -0.64986591905420       -0.45433001424147
N            1.20565267791255       -1.43551076228906       -0.88298107173659
C           -0.04919692560482       -1.83805582122377       -0.67103746291483
C            1.24223021372269        1.07192655569122        0.90329955876465
C            0.00435193414873        1.26766105922549        0.30716526998138
O            0.70868612978117        2.36202582467591        0.21756576804249
N           -1.18443303098786        0.87559346226893        0.01737211995730
C           -2.19416507928050        1.73533427871934       -0.58251295005096
C           -1.65976257153909       -0.37066332931671        0.60840044736166
O           -2.58452514172254       -0.34805846993043        1.36424703336737
N           -1.08867825703027       -1.52038400581628        0.10279885461211
C           -1.97657200587735       -2.67982137124701        0.33229467530367
H            3.90964046148195        0.99291602769130        1.46437542844166
H            4.33222179931748        0.73163475704917       -0.24769240772652
H            3.46050504510980        2.19980774947967        0.25407335884704
H            3.21367833696357       -1.03461548520386       -0.76327861471215
H           -1.76476856299927        2.71601724031171       -0.77261239822339
H           -2.51761954236241        1.27916474306487       -1.51929734118634
H           -3.04517742646255        1.82068307184357        0.09258017256583
H           -1.96893913133905       -2.93918294762164        1.38952228758931
H           -1.62223270516461       -3.51852503288424       -0.25975712732444
H           -2.99741569988868       -2.42556022891349        0.04715313975961
H            1.60203633304576       -2.08159003720156       -1.57078843715049
25
 energy: -42.004742118795 gnorm: 0.010498262086 xtb: 6.6.1 (8d0f1dd)
C            3.56872486641928        1.12331224519454        0.45437675352046
N            2.30438171105745        0.44958779219638        0.21316502907412
C            2.27328985369228       -0.67151983949386       -0.48078179818492
N            1.22096135302744       -1.45247759577731       -0.90169074750943
C           -0.02929900320482       -1.83647592705246       -0.65257541875523
C            1.22205403830682        1.01535654464985        0.86515822217429
C            0.00370461487738        1.24890811478388        0.25602568074633
O            0.71325203295047        2.34300761082894        0.20996987530389
N           -1.20422167065513        0.88748786552094       -0.00986327456205
C           -2.21266134796820        1.77570138967075       -0.57158275838102
C           -1.67593384049908       -0.35821132745093        0.57860934609837
O           -2.62452039559067       -0.34000599031510        1.30605835380909
N           -1.07170424233513       -1.51416150211566        0.10924050889321
C           -1.94420922157383       -2.68169923356455        0.35836437090155
H            3.87981637270132        0.98468576735240        1.49064433765851
H            4.33679408371010        0.74267566847916       -0.21582883578119
H            3.42807748172624        2.19116031792165        0.28106404119054
H            3.23631823689655       -1.04914607507846       -0.79537329402244
H           -1.77469843800812        2.75563645455689       -0.74537037702636
H           -2.56069864168874        1.34775781480644       -1.51470344228323
H           -3.05162843167421        1.85737217205966        0.11923001930424
H           -1.93326440824063       -2.92550111597571        1.41907092683754
H           -1.57768106073211       -3.52373440373821       -0.22106208471221
H           -2.96796569683503       -2.44485211860006        0.06834705286113
H            1.60154326774016       -2.10662608725798       -1.58932086925586
25
 energy: -42.005827145745 gnorm: 0.011540540812 xtb: 6.6.1 (8d0f1dd)
C            3.55127318888779        1.11116177474265        0.47652794276469
N            2.30191987578255        0.42713012172715        0.20224863108317
C            2.28754491328837       -0.68819321995470       -0.50847071613050
N            1.23431528378931       -1.47399676142319       -0.92414165073008
C           -0.00866069792245       -1.84876137237482       -0.64289189546626
C            1.20284852925050        0.97653041721804        0.82037653815235
C            0.00101481885005        1.23848168658865        0.20467180250585
O            0.71095313612162        2.33108596628708        0.19217885011625
N           -1.22022306892376        0.89953816850183       -0.03971427084655
C           -2.22687011670776        1.82144040169271       -0.55345095109134
C           -1.69154743611439       -0.34873357259115        0.53148393683555
O           -2.67357411145495       -0.34187454783738        1.21772644226964
N           -1.05358207472314       -1.51178409128354        0.10471302320489
C           -1.90781879326975       -2.68599592026823        0.39036081557125
H            3.84185513758517        0.96801828865026        1.51880241684251
H            4.33882143954160        0.74647426674815       -0.17904943060860
H            3.39951534854700        2.17803066317933        0.30986797832200
H            3.25205524349137       -1.05963598300627       -0.82110737374615
H           -1.77903904935268        2.80191335311236       -0.70061864506733
H           -2.60104617301608        1.43281674663821       -1.50526255189182
H           -3.05130820601665        1.89144438158579        0.15666899330547
H           -1.88896997761354       -2.90124380291821        1.45772837595128
H           -1.52955362557785       -3.53827037958749       -0.16675163395387
H           -2.93621305613769       -2.47325040178809        0.09743100163245
H            1.60672098579515       -2.13408764203797       -1.60815601112548
25
 energy: -42.006768194841 gnorm: 0.014631481575 xtb: 6.6.1 (8d0f1dd)
C            3.53584567672245        1.09607974234785        0.49650046595535
N            2.29626840150216        0.41220113719941        0.18950911780307
C            2.29211771564251       -0.69600743556413       -0.53589819972705
N            1.24281552906225       -1.49153384435790       -0.94809267441963
C            0.00733099197631       -1.86743026529469       -0.64354058759169
C            1.18603655102570        0.95580731617097        0.77943766967812
C           -0.00538978180996        1.23574215660162        0.16250132654309
O            0.70368128855740        2.32781739852788        0.17441597561432
N           -1.23299786257783        0.90877431911312       -0.06885461414777
C           -2.23552849611180        1.86368553049896       -0.53311874344951
C           -1.70858873370269       -0.34361318509332        0.47253171663873
O           -2.72346294998971       -0.35418381964795        1.11366549981751
N           -1.04011994699983       -1.51147934335583        0.09065593055233
C           -1.87294344920339       -2.69107970557310        0.42521021512265
H            3.80395892911575        0.94296675539391        1.54401892430281
H            4.33978134718187        0.74272992120286       -0.14378580505359
H            3.38294514292947        2.16361444318802        0.33825694905705
H            3.25992841191456       -1.06414274778336       -0.84021469782671
H           -1.77613491985917        2.84403707057425       -0.64832185635045
H           -2.63023777170073        1.51778095043582       -1.49295780675594
H           -3.04686296750929        1.91596494750455        0.19374566484403
H           -1.84250295681989       -2.86646412977731        1.50112541301720
H           -1.48318806080584       -3.55837852184401       -0.10194736124318
H           -2.90710195521430       -2.50753270431525        0.13194724985800
H            1.61478138077386       -2.15711744455127       -1.62561815433930
25
 energy: -42.007567083077 gnorm: 0.014067005021 xtb: 6.6.1 (8d0f1dd)
C            3.52486410117440        1.07947500733794        0.51381683657972
N            2.28979063348945        0.40374637376225        0.17573235105231
C            2.29030761064585       -0.69583304646002       -0.56253240698209
N            1.24669466612912       -1.50088166104257       -0.97036910844235
C            0.01703284023958       -1.88487736250939       -0.64993677594026
C            1.17167239923417        0.94648234346175        0.74694009069730
C           -0.01481745904051        1.23600874040952        0.13098704877413
O            0.69469072253006        2.32912317824955        0.16151147141566
N           -1.24473324060589        0.91349788271599       -0.09616861009670
C           -2.24036445661935        1.89772811609069       -0.51417961962591
C           -1.72824775056251       -0.34269160527224        0.40978974834847
O           -2.77116663978899       -0.37197225685451        1.00551727491333
N           -1.03245169116044       -1.51173053047570        0.07440136276655
C           -1.84123307117105       -2.69494066617808        0.46061108407948
H            3.77067313269165        0.91164438645502        1.56485989994174
H            4.34103929760130        0.73236530167428       -0.11269047598305
H            3.37927125395465        2.14964144030577        0.36594524410501
H            3.26217814549667       -1.06222082856512       -0.85801223095017
H           -1.76752580614997        2.87543616310936       -0.59680758310826
H           -2.65012251434240        1.59423941135201       -1.48011629559771
H           -3.04168111965982        1.93125788696791        0.22416805936759
H           -1.79917995670193       -2.82457863515630        1.54403258987196
H           -1.43748793118601       -3.57696483882298       -0.03263571640691
H           -2.88093330355924       -2.54417668468378        0.16794118162923
H            1.62216165146110       -2.17153957427032       -1.64163380250966
25
 energy: -42.008239440339 gnorm: 0.012549630675 xtb: 6.6.1 (8d0f1dd)
C            3.51871721977803        1.06225540118752        0.52892955410716
N            2.28436595697354        0.39959316384714        0.16202592679457
C            2.28662550459926       -0.69039916969165       -0.58814675527747
N            1.24745015200948       -1.50031705507395       -0.98900911134837
C            0.02254581821904       -1.89567136513804       -0.65434797560742
C            1.15947623025776        0.94070803314010        0.72349160617702
C           -0.02526800330573        1.23356895269258        0.10814783199648
O            0.68590617861350        2.32896549373730        0.15436182385914
N           -1.25646038698793        0.91274643446925       -0.12181124260722
C           -2.24315897929673        1.92205083446728       -0.49861287257547
C           -1.75044195380040       -0.34513066607109        0.35132502789607
O           -2.82097442674078       -0.38836618421805        0.89742865084706
N           -1.02771842513623       -1.51186474001759        0.06564422767832
C           -1.81190745523064       -2.69617062568097        0.49561640866054
H            3.74374585614319        0.87718212302730        1.58155615888106
H            4.34310298586098        0.71645622036628       -0.08647353818832
H            3.38577427227711        2.13620950952323        0.39266923774931
H            3.26155640206770       -1.05400739463976       -0.88108315464363
H           -1.75599975347794        2.89433749750355       -0.55112367437905
H           -2.66581081349788        1.65962561198309       -1.46906247554337
H           -3.03739531025545        1.93982444872557        0.24686300681678
H           -1.76390158742050       -2.78152606646577        1.58284057165298
H           -1.38972221815257       -3.58787347945975        0.03612743323980
H           -2.85516465285409       -2.57934350520197        0.20130996462736
H            1.62508890345721       -2.17461493141062       -1.65749501291387
25
 energy: -42.008845516506 gnorm: 0.010188893725 xtb: 6.6.1 (8d0f1dd)
C            3.51578764345521        1.04422414544994        0.54330173404733
N            2.27966413258480        0.39806807215425        0.15080090843496
C            2.28171411339236       -0.68163437634082       -0.61225882647293
N            1.24436581919167       -1.48971545293588       -1.00593553291330
C            0.02455928288768       -1.89784397366155       -0.65682828366823
C            1.14916632731027        0.93544915052403        0.70969886723610
C           -0.03525459290253        1.22573936227027        0.09249715156820
O            0.67733386508696        2.32428876668659        0.15342451162884
N           -1.26779962462802        0.90774854100060       -0.14681179344939
C           -2.24369320466275        1.93884075094093       -0.48744854806337
C           -1.77466335348187       -0.35069543894163        0.29587565480637
O           -2.86894400974227       -0.40214781433281        0.78979757231306
N           -1.02471589750505       -1.51164428558378        0.06502091018566
C           -1.78331032719210       -2.69535873511305        0.53188836765188
H            3.72240994122550        0.84161061362360        1.59570773006673
H            4.34477007988587        0.69539399311423       -0.06408065797845
H            3.39846134450893        2.12203542937497        0.41900573772096
H            3.25763650700802       -1.03969615240327       -0.91214105349862
H           -1.74263914343171        2.90393681029875       -0.51242490819058
H           -2.67698175219956        1.71538638307627       -1.46118471946476
H           -3.03393364767292        1.94325810320164        0.26170723249956
H           -1.73790283300186       -2.73711356703423        1.62029508084635
H           -1.33778262294044       -3.59272017956022        0.10774112522826
H           -2.82775862017433       -2.61467805638611        0.23053028506717
H            1.61994208709810       -2.16449354782178       -1.67700692770234
25
 energy: -42.009305549095 gnorm: 0.017638365697 xtb: 6.6.1 (8d0f1dd)
C            3.51258904294795        1.02579967557533        0.55831553272523
N            2.27606077261175        0.39432238896823        0.14178475830694
C            2.27930467757595       -0.67313327774534       -0.64010166871692
N            1.24003060460154       -1.47459811732845       -1.02631327510562
C            0.02810763220635       -1.89345303501478       -0.65429474682158
C            1.13871535679673        0.91981192029906        0.70197612086506
C           -0.04406751531024        1.20974519724500        0.08102121352758
O            0.66808936014499        2.31278800063682        0.16459153898578
N           -1.27907201282092        0.90176221495195       -0.17256210220256
C           -2.24186187639616        1.95556190284178       -0.47968484654242
C           -1.80187019615824       -0.35753768774074        0.24005561349466
O           -2.92989447114823       -0.41514338109181        0.66614564600651
N           -1.02014012713718       -1.50965663737077        0.07128912848833
C           -1.75126703613990       -2.69299090130543        0.57447884104550
H            3.70303835074858        0.80643129095399        1.60971623056357
H            4.34532974984365        0.67455836779803       -0.04371596391252
H            3.40832885352477        2.10651631814629        0.44675197004635
H            3.25393704796797       -1.02200931657372       -0.95534659115422
H           -1.72730890384836        2.91370578402356       -0.47533378544508
H           -2.68440529972928        1.77186454853080       -1.45785092324790
H           -3.03031013405707        1.94715151255028        0.27165927725569
H           -1.71702680130396       -2.68675775089676        1.66444850594773
H           -1.27666321945600       -3.59558328147779        0.19224205369469
H           -2.79491922774107       -2.65400539596512        0.25818276563265
H            1.60570688637638       -2.14691179840952       -1.70628367553793
25
 energy: -42.009571360897 gnorm: 0.019262729597 xtb: 6.6.1 (8d0f1dd)
C            3.51478100505385        1.00808009948649        0.56968741797131
N            2.27127822825666        0.39937509752163        0.14121970384637
C            2.26695522049182       -0.65572394399070       -0.65889071884821
N            1.22301138749386       -1.44156632190143       -1.04614750635371
C            0.01963012101971       -1.87574715693764       -0.66078069900162
C            1.13621704751269        0.91900062832006        0.71876808873585
C           -0.05076499246583        1.19032021189065        0.09293004180582
O            0.65671881020699        2.29792678831733        0.18583404204663
N           -1.28386383244559        0.88990473947306       -0.18814855809342
C           -2.23200496907965        1.95084906364969       -0.48393802456123
C           -1.82176576341119       -0.37282703458353        0.19571379271706
O           -2.95284418928565       -0.43162828564243        0.57318037380203
N           -1.02229385497014       -1.50722652789694        0.08255426127424
C           -1.72904425867907       -2.68465033461814        0.61302954847344
H            3.69633089850906        0.77479249780039        1.61753365328903
H            4.34307560463681        0.64596691011847       -0.03352412230436
H            3.42879482066529        2.09111599771860        0.46896073156400
H            3.23692655160510       -0.99490498326601       -0.99768016227853
H           -1.70899080310437        2.90036647181608       -0.46101596879820
H           -2.66918217828024        1.79077462672253       -1.46233127088061
H           -3.02830480491468        1.93498057808342        0.25827448294563
H           -1.71848034992098       -2.63703323058434        1.69909284190794
H           -1.22508533271494       -3.58446193756794        0.27163306886007
H           -2.76639826986838       -2.68520895269440        0.27781826374724
H            1.57573541778890       -2.10423645963408       -1.74260166396726
25
 energy: -42.009938859836 gnorm: 0.014024984980 xtb: 6.6.1 (8d0f1dd)
C            3.50888693607587        0.99715952871253        0.57984406938804
N            2.26892147926496        0.39107089647844        0.13698386473526
C            2.26731830150555       -0.65367219374744       -0.68057255191974
N            1.22031267171536       -1.43675826261757       -1.06583203131286
C            0.02740478543395       -1.87696712869447       -0.65393669987668
C            1.12804442836827        0.89633709536570        0.71384523493329
C           -0.05518662952165        1.17660423975706        0.08604043249033
O            0.64932360140430        2.28668716513470        0.20237553844471
N           -1.29017828242594        0.89027859515564       -0.20419044293281
C           -2.23054790163216        1.96870477582975       -0.48082136893496
C           -1.83829133592551       -0.37530069972775        0.15716388858794
O           -2.99432771299575       -0.44160143102165        0.48581460938987
N           -1.01528515890907       -1.50536679030933        0.08674990349682
C           -1.70555878466021       -2.68385296435615        0.64510988969167
H            3.68246974146023        0.75536102659161        1.62838462959156
H            4.34204681220741        0.64034839099060       -0.02078163607287
H            3.42395811233142        2.08080416907723        0.48743589176250
H            3.23555117796355       -0.98615072844962       -1.02842773725115
H           -1.70010151926181        2.91698010515377       -0.43445751220198
H           -2.67078259803544        1.83442891664344       -1.46709316502121
H           -3.02731151702451        1.94376559284775        0.26226448845743
H           -1.70594767340613       -2.60324460620304        1.73343741883517
H           -1.18229475174391       -3.58830963861145        0.33542111366473
H           -2.74067812381085       -2.71295012521071        0.29651509729743
H            1.56268545572211       -2.09611738718825       -1.77010130734297
25
 energy: -42.010145932718 gnorm: 0.014102227689 xtb: 6.6.1 (8d0f1dd)
C            3.50644267161936        0.99964508588377        0.57677687534675
N            2.26898633199004        0.38712398538432        0.14028529566264
C            2.26747524307727       -0.65492052406277       -0.68114073305304
N            1.21906404317240       -1.44052526593532       -1.06876072056249
C            0.03199687335262       -1.87987539148182       -0.64624704150644
C            1.12974625166573        0.88674775167572        0.72108857430276
C           -0.05298350172130        1.17501026986503        0.09673679031314
O            0.64776402027086        2.28397902276132        0.21731032353347
N           -1.28592550516635        0.89345415666479       -0.19531791746663
C           -2.22811384665612        1.96625655422466       -0.48657229936083
C           -1.83061303180574       -0.37417432897138        0.16728422907688
O           -2.99048049713684       -0.44395343319868        0.49017049138037
N           -1.01119044121565       -1.50358700500860        0.09057920763846
C           -1.70886037448171       -2.67972602453796        0.64447719963284
H            3.68641943375193        0.76108214110404        1.62575059876854
H            4.33961714805715        0.64901705578029       -0.02689921017547
H            3.41367255957339        2.08196245978406        0.48400908447193
H            3.23433663825563       -0.98546550470958       -1.03121896816414
H           -1.70272827217466        2.91742141120439       -0.44293640648655
H           -2.65766860176543        1.82150916570282       -1.47577429059088
H           -3.03058034316150        1.94448615418092        0.25059907842963
H           -1.71297182374137       -2.60820150374772        1.72983498837211
H           -1.18948024148048       -3.57948244997917        0.33205724438233
H           -2.74033631922148       -2.70425036980172        0.29703267136319
H            1.55684309904226       -2.09529487118063       -1.77795344740904
25
 energy: -42.010404206016 gnorm: 0.011812976864 xtb: 6.6.1 (8d0f1dd)
C            3.49969077816008        0.99348259424463        0.57912365157142
N            2.26531278640575        0.37641701257662        0.14437979574239
C            2.26202024992560       -0.65183013223535       -0.69641115180019
N            1.21038770844359       -1.43721380229439       -1.08807617707280
C            0.03973717192349       -1.88433638266350       -0.63436750259159
C            1.12740790625251        0.86028384209260        0.73697958369726
C           -0.05259596423344        1.16594152458953        0.11368472414538
O            0.64326775396737        2.27285471503070        0.25462985445606
N           -1.28377219106253        0.89983396903154       -0.19158678790274
C           -2.22342972103087        1.97392280816639       -0.49568754669676
C           -1.83288752355325       -0.37336391329839        0.15181981061970
O           -2.99162036685352       -0.45202102692168        0.45509117243488
N           -1.00556648131526       -1.49978197665495        0.09441955024402
C           -1.69975295534753       -2.67531088182441        0.66275311533347
H            3.68735385228861        0.75108436691146        1.62744493282672
H            4.33353434058406        0.65525411319422       -0.03010635397139
H            3.39815122141255        2.07563937816226        0.49417747066257
H            3.22568998103320       -0.97480037350991       -1.05911536413131
H           -1.70089840965595        2.92779906823716       -0.44190868113042
H           -2.63438913703927        1.82592880641689       -1.49440796831877
H           -3.03751308199379        1.95118415506017        0.22973264492720
H           -1.72230550729647       -2.57801919641676        1.75043472736959
H           -1.15883176817815       -3.57880058902873        0.38281446403215
H           -2.72573322199065       -2.72335387341117        0.29417497936154
H            1.53717409325389       -2.08255566385418       -1.80882132590886
25
 energy: -42.010650656487 gnorm: 0.016669829966 xtb: 6.6.1 (8d0f1dd)
C            3.49676163642185        0.98113116466199        0.58240253744171
N            2.25942636879144        0.37390124095694        0.14581401251104
C            2.24907474468792       -0.63533672164904       -0.71895731173792
N            1.19629092583973       -1.41764367234634       -1.10771812167258
C            0.04345438804579       -1.88400549501334       -0.62124421284615
C            1.12698976054856        0.84624187911802        0.76073828003982
C           -0.05486466572722        1.15654737804294        0.14167268094603
O            0.63656007267941        2.26040611374466        0.29435215304088
N           -1.28151639781562        0.89719528472265       -0.18775183400998
C           -2.21104045856420        1.97143769172706       -0.50386097316090
C           -1.84308802401201       -0.38020847927098        0.12561260594945
O           -3.01763391080544       -0.46677985911410        0.37649217725571
N           -1.00059494540787       -1.49848898963915        0.10781582375022
C           -1.68650749626072       -2.66748616068903        0.69268629922017
H            3.68947207384689        0.72508306360105        1.62640782990870
H            4.32616602175085        0.64770060345914       -0.03397376391902
H            3.39804185509510        2.06547349451921        0.51134522980625
H            3.20924632967943       -0.94634125889761       -1.10558080471632
H           -1.68682690369412        2.92210950915001       -0.43716408995304
H           -2.60112740200591        1.82652071953546       -1.50817257223959
H           -3.04032971619926        1.94657807791122        0.20357047446585
H           -1.73503494975140       -2.53890187402342        1.77687476884725
H           -1.12136470758848       -3.56832066829450        0.44993802912337
H           -2.70321800221330       -2.74498267114972        0.30195200582497
H            1.51209491675859       -2.05359182946243       -1.84207960597642
25
 energy: -42.011050411808 gnorm: 0.012627854703 xtb: 6.6.1 (8d0f1dd)
C            3.49484103070340        0.97067175792544        0.58173327841821
N            2.25196675370431        0.37178401583971        0.14799161440797
C            2.23190964080344       -0.61222609913941       -0.74387377168601
N            1.18182476563427       -1.39555311523498       -1.12189073775891
C            0.05026175344923       -1.88781752864861       -0.60077579940458
C            1.12631915851487        0.82966546304246        0.79709409898135
C           -0.05542866392949        1.14952718847895        0.17788965735215
O            0.63375304749040        2.24831545978830        0.34630453316872
N           -1.27500957050709        0.89068536254814       -0.18199307527336
C           -2.19760327357143        1.96413767266591       -0.51839602799036
C           -1.84630193133693       -0.38719344029015        0.10487517488954
O           -3.02607678133133       -0.47731866870714        0.31228924993571
N           -0.99413094383250       -1.50204272765337        0.12390383982201
C           -1.67998503489204       -2.66114914490529        0.72009564189252
H            3.69915684188274        0.69833969648196        1.61919443059196
H            4.31808599936640        0.64593604464716       -0.04717019153771
H            3.39648564832480        2.05765355513037        0.52845724372898
H            3.18860673615951       -0.90751801205623       -1.15790622446380
H           -1.67482764297764        2.91426688793704       -0.43720050884041
H           -2.56257369078675        1.81951794760289       -1.53494831974081
H           -3.04639429705985        1.93889919870058        0.16612668353884
H           -1.75846180866930       -2.51082358663602        1.79563505843209
H           -1.10240639870873       -3.55410118407858        0.50856421190907
H           -2.68330286071487       -2.75970926885027        0.30962844244916
H            1.48972303638460       -2.02570893298818       -1.86445688492284
25
 energy: -42.011545635032 gnorm: 0.013112617044 xtb: 6.6.1 (8d0f1dd)
C            3.49161015296801        0.95558287361637        0.57942283106006
N            2.24123162274567        0.36683817040858        0.15106514700110
C            2.20679627321880       -0.57927509425374       -0.77840654985541
N            1.16369038914060       -1.37015598548028       -1.13605632742610
C            0.06057933412465       -1.89445322456878       -0.57627935039185
C            1.12457313589390        0.80485905336638        0.84558287952502
C           -0.05520401534491        1.14391059552824        0.22403817025423
O            0.63228024014613        2.23530610821313        0.42030950104311
N           -1.26549900219235        0.88304372543190       -0.17329650867360
C           -2.18059545449581        1.95864791916779       -0.53404324536465
C           -1.84337299863516       -0.39532856031528        0.07425436506916
O           -3.03246038192141       -0.49532637671986        0.21869369117827
N           -0.98887168673172       -1.50558400465692        0.13179988736041
C           -1.67321013157054       -2.65289981064012        0.75383258665986
H            3.71094040329111        0.65904805553202        1.60743421353226
H            4.30657863309023        0.64546651295124       -0.06835031814707
H            3.39295365143488        2.04450376940600        0.55250863275288
H            3.15796555713961       -0.84782544916398       -1.22914757568097
H           -1.66309493289882        2.90834264422026       -0.43570514789260
H           -2.51106279093977        1.81128222393050       -1.56403044011194
H           -3.05384096255792        1.93223150624345        0.12032060509579
H           -1.79423665400945       -2.45699433031621        1.82111119609800
H           -1.06962649119947       -3.54617094104359        0.60340192742311
H           -2.66005129392757       -2.79108647333245        0.30863728693320
H            1.46235891733131       -1.99572436592401       -1.88592583954277
25
 energy: -42.011976062074 gnorm: 0.011662269185 xtb: 6.6.1 (8d0f1dd)
C            3.48879090615732        0.94763895070107        0.57481839665535
N            2.23362322600138        0.35954722252504        0.15611195498977
C            2.18690965147813       -0.54954145120387       -0.80440417678974
N            1.15394086228822       -1.35566702453171       -1.13739977242765
C            0.07928399682410       -1.91140067154194       -0.54036240512459
C            1.12131317952067        0.78040594428096        0.88022772549568
C           -0.05291555501477        1.14652807834045        0.25346073519646
O            0.63759101715530        2.22526878612876        0.47291483221118
N           -1.25732134068696        0.87874490883622       -0.16275251598245
C           -2.16952824141062        1.95826628582448       -0.54550568137885
C           -1.83369066521746       -0.39724949975462        0.05383006124245
O           -3.02170836466339       -0.50516818184570        0.15795949807488
N           -0.98198323592292       -1.51576179405769        0.13611746106576
C           -1.67664271168682       -2.65107797627386        0.77129185406262
H            3.72306242944973        0.62964976945810        1.59328004540183
H            4.29572092419105        0.65515015007349       -0.09241461331172
H            3.38543680663574        2.03519399323866        0.57193753343698
H            3.13149904984104       -0.78747274018271       -1.28351937370298
H           -1.65933378017531        2.91035914781198       -0.43663340984663
H           -2.47270738282513        1.79984677052046       -1.58258745065312
H           -3.05780001072561        1.93187444520530        0.08677344581506
H           -1.82911567359418       -2.42916808001215        1.82629269131877
H           -1.06398729298534       -3.54202133928849        0.66355047895577
H           -2.64773122656034       -2.81022381671568        0.30380508699989
H            1.44772494602618       -1.98548333593594       -1.88562078380523
25
 energy: -42.011932550248 gnorm: 0.029957183765 xtb: 6.6.1 (8d0f1dd)
C            3.48137304563394        0.93157620807296        0.58001651675662
N            2.22544683478979        0.34525299969460        0.16142106326199
C            2.16731849917627       -0.51755937779071       -0.84563105852117
N            1.14056595260372       -1.33505496966558       -1.15521849173170
C            0.10653445649792       -1.92844332246591       -0.49297483021248
C            1.11245493752381        0.73678498251725        0.91048182076887
C           -0.05373072817453        1.13293580685241        0.27774836448709
O            0.63318443656469        2.20367902076294        0.54158693359156
N           -1.25375641017946        0.87248299126261       -0.16396824766798
C           -2.15405328748458        1.96541276671272       -0.55527389817521
C           -1.83893287042225       -0.40505066983869       -0.00274339583398
O           -3.04267913562941       -0.52860699955498        0.01359207238350
N           -0.96880621099440       -1.52609751318976        0.14795105157376
C           -1.66254823804438       -2.64409460079366        0.81819926271855
H            3.72484451494457        0.58664707045405        1.58786250782875
H            4.28209042503792        0.65855181408393       -0.10429665699157
H            3.37493139124628        2.01765340635739        0.60786924359968
H            3.10091881213238       -0.71159703916226       -1.37279323490892
H           -1.64194739150202        2.91684176655860       -0.41557093243049
H           -2.43330563365317        1.82289482409415       -1.60528940732390
H           -3.05726610400417        1.93141214882599        0.05575407806370
H           -1.85984650298541       -2.36677957537555        1.85984982876488
H           -1.02569393358921       -3.53157684197538        0.78046674946898
H           -2.61269032939620       -2.84699591267091        0.31764398879539
H            1.41602498400791       -1.96203044216565       -1.91551171036640
25
 energy: -42.012541892169 gnorm: 0.017202119803 xtb: 6.6.1 (8d0f1dd)
C            3.48382147322411        0.94126398991069        0.57830038461055
N            2.23166618165710        0.34448747386689        0.16711625262522
C            2.17370920687931       -0.52622825911798       -0.82386844183111
N            1.14853309743425       -1.34603446064492       -1.13733044198005
C            0.11070488215166       -1.92601655716298       -0.49108119028364
C            1.11507413964039        0.74443481080772        0.89004344838485
C           -0.04881849287754        1.13662757104354        0.25783947784146
O            0.63631049275753        2.20742678687780        0.51208450298515
N           -1.25340021101645        0.87292767455006       -0.15853532088485
C           -2.15685757539441        1.96009350073526       -0.54713499206407
C           -1.83092417601901       -0.40338747179249        0.01057454591402
O           -3.02817891152105       -0.52724091258322        0.04326126788906
N           -0.97363279375090       -1.52965124403961        0.13547147167686
C           -1.67561761170866       -2.64608717487068        0.79802188471364
H            3.72740340975068        0.60487297620036        1.58506023756682
H            4.28236985878727        0.66441027232881       -0.10359128568943
H            3.37483840371440        2.02361011497561        0.59929908746783
H            3.10218362183024       -0.71214125281246       -1.35238513383584
H           -1.64269262743039        2.91076958402860       -0.41940693914388
H           -2.45333263276618        1.81848146459633       -1.58862854496964
H           -3.04652692456485        1.92969640090888        0.07716264902367
H           -1.85943582754971       -2.37849786362607        1.83890447152274
H           -1.05193080892813       -3.53359121656993        0.74682396778439
H           -2.62910493429706       -2.83558661033939        0.30917512087431
H            1.42427027409742       -1.97640105567022       -1.89600486229854
25
 energy: -42.012835245992 gnorm: 0.007606726097 xtb: 6.6.1 (8d0f1dd)
C            3.48531062209528        0.94565839291930        0.57627470857945
N            2.23379688394594        0.34853850080706        0.16301235709932
C            2.17607211471511       -0.52889363048105       -0.82656748875132
N            1.15008931053436       -1.34961015620517       -1.13633206730863
C            0.11374494875729       -1.92686543300883       -0.48373586215391
C            1.11746941224297        0.74316949325965        0.88971938855235
C           -0.04939395301255        1.13185229041742        0.26194803618133
O            0.63309973240897        2.20590848469146        0.51672638254888
N           -1.25310753407181        0.86964128096066       -0.15954601624216
C           -2.15505913725197        1.95681813607178       -0.54023520159142
C           -1.83171624877615       -0.40752601840959        0.00186702760693
O           -3.02493519893092       -0.53174199498926        0.01726728157722
N           -0.97616033917317       -1.53252244461560        0.13293414318903
C           -1.68034761227324       -2.64255544100191        0.79945866312370
H            3.73122055447089        0.60858797861969        1.58397674053634
H            4.28455042864417        0.67013746045802       -0.10604633999273
H            3.37383366861579        2.02980777994548        0.59720512829755
H            3.10034789270226       -0.71346872350772       -1.35846223725178
H           -1.63809850797838        2.90440212706357       -0.41002203159548
H           -2.45041993678454        1.82472186814570       -1.58099153421338
H           -3.04639121807578        1.92392483866496        0.08440808982706
H           -1.87006811318153       -2.36733543758750        1.83594472538796
H           -1.05454411104071       -3.52892321035040        0.75724273027927
H           -2.63263908342336       -2.83423088884722        0.30749069277660
H            1.42377693894109       -1.98125671141990       -1.89236569856267
