25
 energy: -42.104588245454 gnorm: 0.002827779137 xtb: 6.6.1 (8d0f1dd)
C            3.29466634004981        1.08714564564309       -0.00529798773562
N            2.33828778163411        0.01276578940706       -0.01012609815568
C            2.60197308253467       -1.29030373562963       -0.04702894024287
N            1.44581295445452       -1.99361515298686       -0.02264002382221
C            0.41278469059889       -1.10650087254204        0.03278029397449
C            0.96941909454441        0.16659367123065        0.04310878915366
C            0.17204201814520        1.35490372698195        0.08906349050722
O            0.55224854360075        2.50424587560249        0.08098512758221
N           -1.22954115245679        1.03898129001334        0.15193975961115
C           -2.08580882735024        2.06816234679289        0.24144988899657
C           -1.79947971247830       -0.26473604308328        0.12173243565982
O           -2.98865807180076       -0.42425376156767        0.14666346520642
N           -0.91516152749293       -1.33920818241058        0.06375493961452
C           -1.45345300978724       -2.68788223748569        0.03710328070337
H            3.79453736430985        1.14540436762047        0.96300471096385
H            4.04366309524835        0.92814479257892       -0.77923414432642
H            2.76997761850076        2.02489878883156       -0.18361902056381
H            3.58028270964536       -1.72510375767020       -0.09275969100598
H           -1.67249934859004        3.05834053063611        0.26614455597699
H           -4.09707231257241        3.45555596706085       -1.40203829021719
H           -3.13748458377863        1.86111587959992        0.28720008114484
H           -1.13231004858809       -3.24308664802814        0.91849429051085
H           -1.13986220148801       -3.20291193616613       -0.87041221891947
H           -2.53985297284270       -2.60957062122764        0.04423098011793
H            1.37591999005950       -3.00084718160133       -0.04332805683459
