25
 energy: -42.110423176631 gnorm: 0.000989412415 xtb: 6.6.1 (8d0f1dd)
C            3.84055998515253        3.11728233877258        0.06153333317350
N            2.21859169949951       -0.81993907129808       -0.02720107796449
C            2.21597549779885       -2.12091112999088       -0.03367142100194
N            0.94838811107823       -2.64008280902630       -0.02652090376832
C            0.10485157195767       -1.57684398889671       -0.01540121749752
C            0.92283052275662       -0.43488034096472       -0.01570697159695
C            0.33914218665476        0.88918794456011       -0.00530687710557
O            0.95000083948998        1.93513751698730        0.00143778324172
N           -1.05333903635231        0.84616536328832       -0.00407760117123
C           -1.77154550170388        2.11413886718364       -0.00126204163764
C           -1.86818953895208       -0.26976407010348       -0.00382211990559
O           -3.06578482677171       -0.19275942295455       -0.00173004459416
N           -1.23372497446578       -1.53317714926704       -0.00588817428732
C           -2.05225532438837       -2.72498961258766       -0.00150587222051
H            4.26159031094178        3.45109961584378        0.99315466812423
H            4.42337023105865        3.19948775652063       -0.83832200583993
H            2.84289164215277        2.70262697049811        0.03081246118623
H            3.09929099774250       -2.72752540656515       -0.04394305864371
H           -1.04068727570375        2.91835159413566       -0.01439823025161
H           -2.41766053160648        2.17386457783883       -0.87676593032266
H           -2.39550056692724        2.18380828195680        0.88949426961624
H           -1.84797312524660       -3.32333903865793        0.88754818941574
H           -1.86476774723260       -3.31931222875584       -0.89691680172095
H           -3.09579598750635       -2.41134317153249        0.00870061731436
H            0.70017235467000       -3.61804484538258       -0.02906935464197
