25
 energy: -43.368649544128 gnorm: 4.236780413163 xtb: 6.6.1 (8d0f1dd)
C            3.21786164340000        1.13591514650000        0.01837059260000
N            2.27034809790000        0.05199982890000        0.00038279530000
C            2.54167221030000       -1.23971668410000       -0.00834188300000
N            1.39367826450000       -1.95088267900000       -0.00850347120000
C            0.35269634020000       -1.06748964300000        0.00059917290000
C            0.90759959010000        0.20069750900000        0.00663590170000
C            0.07590235260000        1.39864294500000       -0.00284827040000
O            0.48715076820000        2.53168346660000       -0.01725767220000
N           -1.27221500230000        1.06666939660000        0.00165480230000
C           -2.23229981500000        2.16656245330000       -0.00245172030000
C           -1.84872931540000       -0.19179276200000        0.00496135950000
O           -3.03273030250000       -0.36103538130000        0.00858583760000
N           -0.96599111670000       -1.30060631840000        0.00174701630000
C           -1.52030655580000       -2.64076660390000       -0.00239033190000
H            3.71480285180000        1.18589984860000        0.98803183970000
H            3.97079415090000        0.99383197990000       -0.75543416370000
H            2.68321036910000        2.07051068580000       -0.15067179540000
H            3.52469367910000       -1.66989040330000       -0.01523639120000
H           -1.67672429040000        3.10039111610000        0.00486339690000
H           -2.85755792270000        2.10547813320000       -0.89185337000000
H           -2.87119733260000        2.09858159720000        0.87661144540000
H           -1.20589108080000       -3.18768007210000        0.88663215920000
H           -1.21982032550000       -3.17678505510000       -0.90288069810000
H           -2.60531402170000       -2.54255916880000        0.00649952960000
H            1.32879827740000       -2.95942079410000       -0.01653446370000
25
 energy: -51.375652119828 gnorm: 11.814908518332 xtb: 6.6.1 (8d0f1dd)
C            3.21754507818344        1.13563061864678        0.01832286606498
N            2.25837373983732        0.05601683885548        0.00100045324780
C            2.54041994063410       -1.23897691069593       -0.00832420581150
N            1.39360199193637       -1.94968788769062       -0.00847824516857
C            0.34814213642488       -1.06485486269462        0.00105839148472
C            0.59200906204845        0.35801713032817        0.08411398279738
C            0.06866096353899        1.40454461866825       -0.00244961075702
O            0.48759979806146        2.53222594186245       -0.01733425035861
N           -1.27278618633613        1.06734065038999        0.00098992796947
C           -2.22714736492994        2.16608327985915       -0.00762065404710
C           -1.84855792395429       -0.19190035924324        0.00501229114680
O           -3.03282985890950       -0.36104602755253        0.00857687570064
N           -0.96638785803730       -1.30162486366281        0.00167993645084
C           -1.52030604208716       -2.64081980867174       -0.00241634132120
H            3.71480645544905        1.18587045330942        0.98802097946774
H            3.97075042584825        0.99380824738862       -0.75545282083209
H            2.68325748982730        2.07052580789139       -0.15064755791785
H            3.52461605461411       -1.66976091828326       -0.01526724232128
H           -1.67671755739454        3.10049559548856        0.00497675722743
H           -2.85800552047420        2.10542014467695       -0.89162261707834
H           -2.53447239751484        1.92728561737974        0.80335834615919
H           -1.20588420164691       -3.18768422143692        0.88663081056375
H           -1.21981102300905       -3.17679065939464       -0.90288302130558
H           -2.60531379870132       -2.54256816552840        0.00649666382396
H            1.32886811069144       -2.95931171829025       -0.01657009728556
25
 energy: -66.975836336537 gnorm: 19.488953627978 xtb: 6.6.1 (8d0f1dd)
C            3.21720457014809        1.13536996200060        0.01833092718477
N            2.25092862912400        0.05868491519034        0.00158601506645
C            2.53904056275205       -1.23739542329608       -0.00828199517780
N            1.39330661164608       -1.94852141117435       -0.00845104062318
C            0.34454325579032       -1.06224966468954        0.00155762544983
C            0.27301251226111        0.50969190319460        0.16273728410366
C            0.06053173546227        1.41631987441218       -0.00282203320492
O            0.48789345853768        2.53357473190534       -0.01747588570824
N           -1.27423125033346        1.06746015958016       -0.00015682288623
C           -2.22183373119852        2.16710316674707       -0.01597337293305
C           -1.84847106583842       -0.19175324126079        0.00496138875952
O           -3.03292923878878       -0.36109822948989        0.00854833358320
N           -0.96665473315681       -1.30275578695687        0.00163339582213
C           -1.52037339617002       -2.64085817702518       -0.00245954954242
H            3.71478361221536        1.18589721586461        0.98805600728864
H            3.97071931794566        0.99381577249022       -0.75544420715256
H            2.68327126506871        2.07055457173823       -0.15061566652116
H            3.52459662237843       -1.66962059994640       -0.01527377251964
H           -1.67663427180058        3.10064547253683        0.00492300246497
H           -2.85842503105251        2.10538487050985       -0.89140141793703
H           -2.19773319820508        1.75428392110674        0.73357547429188
H           -1.20585910782734       -3.18768734882937        0.88661789497997
H           -1.21977363638841       -3.17680413565463       -0.90288819956605
H           -2.60531515855061       -2.54261543541294        0.00647380331025
H            1.32883318008079       -2.95918854194071       -0.01658557063302
25
 energy: -90.483426766976 gnorm: 27.695924015848 xtb: 6.6.1 (8d0f1dd)
C            3.21687285927927        1.13521672719691        0.01831197421811
N            2.24715379648063        0.05990979792534        0.00196481495857
C            2.53848214725885       -1.23541770626565       -0.00834239659437
N            1.39284527244893       -1.94742849564419       -0.00849910661670
C            0.34189151790270       -1.05999784909864        0.00200888963593
C           -0.04909244003558        0.64325113502924        0.24631286063932
C            0.05281768344767        1.44853823224295       -0.00781813777842
O            0.48786751161782        2.53531588416125       -0.01760768402289
N           -1.27608756034803        1.06615261529393       -0.00151682462000
C           -2.21987029768457        2.16978840600467       -0.02324631737709
C           -1.84854974945593       -0.19204277468450        0.00486676841089
O           -3.03313485558412       -0.36129904399853        0.00856674881432
N           -0.96693147368333       -1.30372523086194        0.00154876792491
C           -1.52032001681360       -2.64099402159862       -0.00259313127290
H            3.71470761035180        1.18607677766064        0.98807421253982
H            3.97065365132812        0.99409167489909       -0.75545640505887
H            2.68313512998859        2.07070282118567       -0.15053983536861
H            3.52467585079735       -1.66939994855766       -0.01540826614559
H           -1.67673696625016        3.10076338410951        0.00500362221708
H           -2.85893123588363        2.10520169587266       -0.89107241699624
H           -1.85955681398006        1.58001239446555        0.66346316681373
H           -1.20563957952360       -3.18779765328544        0.88649146318777
H           -1.21958151530620       -3.17685254801475       -0.90299922102032
H           -2.60518125832646       -2.54281941538648        0.00639512494591
H            1.32894224607354       -2.95900831705101       -0.01673705353435
25
 energy: -122.031678840797 gnorm: 35.202809029440 xtb: 6.6.1 (8d0f1dd)
C            3.21653914501926        1.13521741081192        0.01820343851569
N            2.24458409151407        0.06057555316132        0.00202076946257
C            2.53830266466861       -1.23372742487030       -0.00860461829673
N            1.39255027784404       -1.94649337938233       -0.00870662827272
C            0.34006975399689       -1.05836547136303        0.00231253766003
C           -0.37796580499054        0.77042475401263        0.33532688946885
C            0.05869140772394        1.48958702466455       -0.01942428767305
O            0.48792703428073        2.53708154847964       -0.01774921006842
N           -1.27926305577739        1.06417613128532       -0.00308793040528
C           -2.21946661791180        2.17105567867366       -0.02564064243216
C           -1.84893550381432       -0.19307412492775        0.00471961346584
O           -3.03352875355728       -0.36160595523161        0.00873382941457
N           -0.96727783705196       -1.30442056861321        0.00143033099211
C           -1.52016980374416       -2.64120035938938       -0.00279065493065
H            3.71463926052660        1.18632251683511        0.98796411792809
H            3.97050934893422        0.99455156655059       -0.75561789562166
H            2.68292251294709        2.07094087100684       -0.15048378671681
H            3.52481992399908       -1.66909307469233       -0.01580708299820
H           -1.67698940690675        3.10077239496139        0.00540037617550
H           -2.85947624814336        2.10492327392084       -0.89051822928071
H           -1.52768089608983        1.40742987449039        0.59122724704657
H           -1.20525766838102       -3.18800465398697        0.88625955634673
H           -1.21932926943527       -3.17689911215902       -0.90321447837561
H           -2.60495325829182       -2.54312255939307        0.00632523478932
H            1.32917021674098       -2.95881337324521       -0.01710687829389
25
 energy: -159.859535561844 gnorm: 39.562154514200 xtb: 6.6.1 (8d0f1dd)
C            3.21651489453448        1.13460305395632        0.01811715831193
N            2.24235605086008        0.06068577640644        0.00216841921323
C            2.53785083660135       -1.23289978072548       -0.00849131812516
N            1.39183521711109       -1.94610137163881       -0.00852483111966
C            0.33867595114716       -1.05766723029852        0.00271148498338
C           -0.70073558111701        0.92653351699180        0.42243459804055
C            0.07090368875549        1.50901691413653       -0.02776976868536
O            0.48919755474173        2.53928879479272       -0.01845654330150
N           -1.29060799432719        1.06234258642573       -0.01526651338926
C           -2.21831327448201        2.17179957207578       -0.02737965786945
C           -1.84996530450080       -0.19420627781068        0.00415561009494
O           -3.03414042979604       -0.36126141597602        0.00874679535522
N           -0.96765812811534       -1.30459204351010        0.00142495100787
C           -1.52060781056827       -2.64105308028669       -0.00265859908749
H            3.71478678182299        1.18592842809917        0.98789240130765
H            3.97065788101779        0.99400532728116       -0.75568176847612
H            2.68322820647947        2.07057617633610       -0.15061910493691
H            3.52460555493717       -1.66954112902867       -0.01567940396817
H           -1.67657101750164        3.10110698727587        0.00520543429088
H           -2.85941508235545        2.10516662204996       -0.89058448420438
H           -1.20033786408329        1.23080611585947        0.52635969920271
H           -1.20564067228410       -3.18775463747024        0.88647065189970
H           -1.21970783417115       -3.17679802193357       -0.90299141393519
H           -2.60528135448846       -2.54280802378108        0.00648394564366
H            1.32880124388191       -2.95893831762720       -0.01689612435306
25
 energy: -174.655594703899 gnorm: 51.990561801622 xtb: 6.6.1 (8d0f1dd)
C            3.21696966410932        1.13288460232657        0.01764560047492
N            2.24045546754826        0.06007757628733        0.00218399039405
C            2.53693443783018       -1.23306493052752       -0.00827110337058
N            1.39038248541934       -1.94634750373954       -0.00807777945140
C            0.33732194626654       -1.05742232437018        0.00320338907920
C           -0.98390394460805        1.10589921792785        0.52878427386005
C            0.07854367493906        1.51342475805272       -0.03101725873183
O            0.49181932326878        2.54204872395900       -0.01958755014392
N           -1.34311061484350        1.06499170260206       -0.07536742984727
C           -2.21637386164182        2.17276748424165       -0.02936101717812
C           -1.85109988074824       -0.19531792019954        0.00332623107426
O           -3.03505792561590       -0.35976264618766        0.00912097438352
N           -0.96816806512781       -1.30422328669432        0.00174119302130
C           -1.52201824132895       -2.64032937871422       -0.00191669901972
H            3.71544791322985        1.18442803884193        0.98739567268233
H            3.97116179202902        0.99191404545983       -0.75614203815665
H            2.68431271089499        2.06925655923951       -0.15130833362139
H            3.52380943690826       -1.67121784099818       -0.01539861295918
H           -1.67499681436865        3.10200859455620        0.00450529588721
H           -2.85859118830080        2.10638955432634       -0.89097706595248
H           -0.86596927353766        1.04408834191054        0.48434708410642
H           -1.20710854082149       -3.18684519787363        0.88735959176201
H           -1.22124957361940       -3.17637669502696       -0.90209128683908
H           -2.60650311793010       -2.54150730407620        0.00726058835877
H            1.32742370414876       -2.95952562972361       -0.01618609191241
25
 energy: -145.766018025001 gnorm: 39.979297850533 xtb: 6.6.1 (8d0f1dd)
C            3.21716001583474        1.13199603673432        0.01311917135799
N            2.23905308918165        0.05990858234331       -0.00163140806385
C            2.53638063411765       -1.23278717973125       -0.01418761834082
N            1.38948912560482       -1.94634401438359       -0.01261412643170
C            0.33651096152642       -1.05721446693557        0.00176607820574
C           -1.26649635755814        1.27089424619132        0.69186073715320
C            0.08125606698073        1.51341273760462       -0.03013116495971
O            0.49316353363393        2.54443641357703       -0.01748117128271
N           -1.37887729537194        1.06279501928572       -0.12621109694142
C           -2.21578943710113        2.17366173525432       -0.02363044693948
C           -1.85167737274644       -0.19672269505233        0.00623362136061
O           -3.03565584851180       -0.35906168510618        0.01496093655756
N           -0.96829802166935       -1.30401441774741        0.00245285562253
C           -1.52273929553317       -2.64002927012920       -0.00166456922802
H            3.71761538128439        1.18249010178624        0.98198462344538
H            3.96996382231150        0.99190195674833       -0.76226527150153
H            2.68453899612226        2.06882709192353       -0.15374240445367
H            3.52340153492833       -1.67197291398531       -0.02369010506582
H           -1.67423118942173        3.10242987903617        0.01159069859065
H           -2.86001608507607        2.10811645713057       -0.88273723974530
H           -0.54425505805725        0.87879180662281        0.38588519540664
H           -1.20610864562423       -3.18753671796512        0.88638266053370
H           -1.22366445537961       -3.17503598101225       -0.90301924463085
H           -2.60706234524392       -2.54092917805493        0.00969244186115
H            1.32676975986838       -2.95977500253514       -0.02175153461029
25
 energy: -161.662008359563 gnorm: 41.007702430715 xtb: 6.6.1 (8d0f1dd)
C            3.21727547989657        1.13134372630875        0.01108912903634
N            2.24670780125882        0.05687340761412       -0.00362428291384
C            2.53683416667276       -1.23169412044257       -0.01666479202972
N            1.38784317525752       -1.94692959748889       -0.01445285829981
C            0.33917655698614       -1.05908772692515        0.00101339766103
C           -1.11162774525794        1.21860673455112        0.74042261618285
C            0.09206200196057        1.50678496122244       -0.03204272449227
O            0.49516786395003        2.55062518162287       -0.01701663851025
N           -1.42871258120507        1.05061567401598       -0.23052878320339
C           -2.22013640698535        2.17590459397729       -0.01896766925627
C           -1.85299532972006       -0.20090818302437        0.00611926122632
O           -3.03694079993152       -0.35869190139919        0.01768301904224
N           -0.96779331975922       -1.30295911657129        0.00295929605062
C           -1.52346171211009       -2.63993990964934       -0.00130893388224
H            3.71859086596568        1.18159979783692        0.97954983058946
H            3.96953183468879        0.99170601509676       -0.76501239892415
H            2.68475257585767        2.06845569480211       -0.15498833129321
H            3.52317593284678       -1.67256245068918       -0.02714394318143
H           -1.67361902013222        3.10279350927580        0.01412030364395
H           -2.86077501841740        2.10896852017011       -0.87922415381514
H           -0.66296909878816        0.94952003394779        0.44913678884309
H           -1.20577872738546       -3.18768942706245        0.88619577204188
H           -1.22481177706469       -3.17444433118917       -0.90316256301752
H           -2.60743786069081       -2.54064060080570        0.01094446233645
H            1.32637265620667       -2.96001194359476       -0.02392418593500
25
 energy: -177.781688872662 gnorm: 28.960740691943 xtb: 6.6.1 (8d0f1dd)
C            3.21668526790246        1.13175771622441        0.01593415970436
N            2.24303797458580        0.05826730671972        0.00094501324496
C            2.53650280298404       -1.22961001293919       -0.01006333091355
N            1.38750823059488       -1.94597109890678       -0.00932439392564
C            0.33783294494258       -1.05832506089225        0.00298561824340
C           -0.80666073828719        1.05577019549209        0.61984155222575
C            0.09153363665070        1.50675251660821       -0.03518662006900
O            0.49588187996831        2.55455386770432       -0.01999099347570
N           -1.43788157488341        1.04333697127961       -0.27327085970136
C           -2.21973578107396        2.17619416650387       -0.02915518504016
C           -1.85366899842508       -0.20366731451556        0.00135825727142
O           -3.03753176394784       -0.35954007047333        0.01153062938127
N           -0.96723573622354       -1.30339295002336        0.00229209567250
C           -1.52305653212789       -2.64046366003698       -0.00137463602942
H            3.71620936448038        1.18373220525878        0.98538972829812
H            3.97086151953212        0.99160517393695       -0.75839993203992
H            2.68461525265982        2.06882142828393       -0.15247339972460
H            3.52354199751106       -1.67177827285246       -0.01794094296729
H           -1.67424636159244        3.10256158785133        0.00595332557800
H           -2.86003024583981        2.10709301165358       -0.88803870264449
H           -0.95490206368682        1.11436113809380        0.60372338815129
H           -1.20689269886220       -3.18681964477684        0.88749451837668
H           -1.22217165934969       -3.17594023715676       -0.90189662454554
H           -2.60689761052837       -2.54132423256490        0.00846298169434
H            1.32713240711610       -2.95973618887219       -0.01762402886542
25
 energy: -150.197996868334 gnorm: 41.138196923868 xtb: 6.6.1 (8d0f1dd)
C            3.21691005853730        1.12978144197308        0.01028101091233
N            2.23875999223555        0.05829206767234       -0.00361039010247
C            2.53511142116712       -1.22846278787983       -0.01732088918446
N            1.38532428358465       -1.94558376359725       -0.01488130446165
C            0.33522779077991       -1.05791221161624        0.00132509842807
C           -0.49246155064038        0.92433028525809        0.64232455039134
C            0.09523268392859        1.51005229422813       -0.03498683495618
O            0.49984899784297        2.55886107098554       -0.01907653604619
N           -1.45756760545115        1.05164843420663       -0.27898036333634
C           -2.21674659058805        2.17641898275464       -0.02469445721220
C           -1.85539372955248       -0.20498415218312        0.00460167872070
O           -3.03874033460050       -0.35873319262058        0.01923207841990
N           -0.96697248715607       -1.30340481770841        0.00306206232789
C           -1.52450106642757       -2.63981918215780       -0.00098686015143
H            3.71911415224278        1.18067917968636        0.97866348715780
H            3.96959168937412        0.99083080671478       -0.76603293234311
H            2.68534285593704        2.06778651261997       -0.15555084721543
H            3.52269790370144       -1.67335074817503       -0.02815152603683
H           -1.67262311975723        3.10335685633761        0.01486348011377
H           -2.86242164620108        2.11025033218921       -0.87771270035492
H           -1.24103792075275        1.23001928411865        0.60820799222062
H           -1.20623622271444       -3.18738490700158        0.88638822174631
H           -1.22573888693603       -3.17406557475258       -0.90293965759189
H           -2.60809093891022       -2.54009889043772        0.01155622626837
H            1.32580178445647       -2.96026877901492       -0.02440896981400
25
 energy: -167.512599356294 gnorm: 39.672559486714 xtb: 6.6.1 (8d0f1dd)
C            3.21633539846931        1.13035463433641        0.01276887065600
N            2.23959783600117        0.05829858746260       -0.00150369752268
C            2.53531282516160       -1.22631749020878       -0.01423955712653
N            1.38478976898976       -1.94491548595793       -0.01261110301670
C            0.33554015302292       -1.05842319144303        0.00218336825180
C           -0.63884462134830        0.97884356188927        0.65395631370086
C            0.10203597686064        1.51405768912442       -0.04041574595776
O            0.50111147294141        2.56242872462442       -0.02159142142175
N           -1.46561336709812        1.05043604757873       -0.29654190301447
C           -2.21818291405366        2.17594263310850       -0.02962313296878
C           -1.85657373471955       -0.20741121048361        0.00155930811502
O           -3.03954289573532       -0.36008676545513        0.01654394423987
N           -0.96613801161644       -1.30380259253881        0.00247115438942
C           -1.52398101575925       -2.64036214863605       -0.00131894660238
H            3.71774028045066        1.18217660650007        0.98163589936847
H            3.97008090516344        0.99148058746437       -0.76271847617926
H            2.68496376175005        2.06836093766530       -0.15409812064940
H            3.52310817765429       -1.67246057608782       -0.02385998980965
H           -1.67341952908114        3.10286738554055        0.01149040778941
H           -2.86282356220960        2.10930550284013       -0.88181205084866
H           -1.09399663379430        1.17048279148460        0.61646399403480
H           -1.20626866140245       -3.18725966490059        0.88667015054496
H           -1.22396353887302       -3.17491495295009       -0.90265970443756
H           -2.60746279056543       -2.54088620135928        0.01008584746259
H            1.32662623389133       -2.95995686799824       -0.02166379109763
25
 energy: -178.423225299064 gnorm: 8.330411959432 xtb: 6.6.1 (8d0f1dd)
C            3.21591493914053        1.13081995854398        0.01953320483544
N            2.24099499659941        0.05815562013316        0.00449006317896
C            2.53552169626552       -1.22491714111618       -0.00497513004037
N            1.38443195578866       -1.94458611109439       -0.00540200365591
C            0.33612336641459       -1.05911651806443        0.00463299225503
C           -0.96348268939519        1.13157446933250        0.63215957357310
C            0.10407546039474        1.51172170259662       -0.04190613409352
O            0.50231885210156        2.56451417453502       -0.02663579581082
N           -1.46974298808514        1.05121912436325       -0.30905635123557
C           -2.21945471804024        2.17518823019468       -0.04188766169991
C           -1.85741847853807       -0.20877219341028       -0.00488085823186
O           -3.04014103667948       -0.36113809530547        0.00819415687896
N           -0.96531290608341       -1.30404221254852        0.00145147386272
C           -1.52359162264124       -2.64074990396422       -0.00132751924030
H            3.71457535623572        1.18474506658368        0.98976254640574
H            3.97209905031432        0.99081555662685       -0.75348812631240
H            2.68502955797450        2.06855201958763       -0.15067148444845
H            3.52342348324642       -1.67183177737899       -0.01090263164997
H           -1.67403386059294        3.10242275550925        0.00039888269024
H           -2.86126714950668        2.10738393059626       -0.89466539481442
H           -0.77094304875061        1.02021452683024        0.63453152388280
H           -1.20824050583598       -3.18584259943395        0.88860440394953
H           -1.22069036516604       -3.17688828655279       -0.90077714939025
H           -2.60702737445200       -2.54144445891571        0.00670680991478
H            1.32726954339104       -2.95975929604817       -0.01271777290356
25
 energy: -174.572053751016 gnorm: 98.219488291901 xtb: 6.6.1 (8d0f1dd)
C            3.21393873773803        1.13090122625965        0.01821579737076
N            2.23264207615077        0.06083583148363        0.00400350340636
C            2.53395646019302       -1.21571504652182       -0.00731685284633
N            1.38069042000042       -1.94123782235116       -0.00751315910202
C            0.33235242197184       -1.05826559244478        0.00444076319881
C           -0.88121924706272        1.07474802238134        0.73642464584634
C            0.11482493686069        1.51225212801919       -0.04719343476549
O            0.50885977306089        2.58411919037725       -0.02911187987345
N           -1.54436769850120        1.03629675599842       -0.47024804255172
C           -2.22032767589223        2.17650797188196       -0.04928733819649
C           -1.86249576966453       -0.22123820627164       -0.00901691987146
O           -3.04438410799512       -0.36475911097488        0.01180073514009
N           -0.96233672210691       -1.30520391573741        0.00117522386773
C           -1.52319526131028       -2.64232106749557       -0.00189457336031
H            3.71440447246175        1.18606905130952        0.98819874834961
H            3.97098888923505        0.99350746647114       -0.75542554767175
H            2.68398656393405        2.06989441014178       -0.15093513804190
H            3.52400950960916       -1.66988092438214       -0.01429289555976
H           -1.67522905665188        3.10178508098039        0.00372380461248
H           -2.86727642025384        2.10760244108618       -0.89011743110295
H           -0.76744647076520        1.06869502180621        0.71866502084666
H           -1.20579558932285       -3.18711552657232        0.88738141380119
H           -1.21945162445561       -3.17699605045836       -0.90190248467126
H           -2.60581087927448       -2.54325689495273        0.00690087391432
H            1.32911377614117       -2.95898589843383       -0.01550321483944
25
 energy: -178.014549095020 gnorm: 18.574949438038 xtb: 6.6.1 (8d0f1dd)
C            3.21145667152488        1.13594154973011        0.01834024846854
N            2.23360189211630        0.06401778802235        0.00333985468537
C            2.53571634058443       -1.20925651320503       -0.00974150321447
N            1.38245156332469       -1.93852523171991       -0.01030278361442
C            0.33413060127967       -1.05848237786120        0.00315155956443
C           -0.91923133383437        0.99448850298443        0.77878375425370
C            0.11628933645920        1.50911505166315       -0.04592218285825
O            0.50659583200337        2.59036013692242       -0.02749114385035
N           -1.56235554809792        1.03343407904334       -0.49846187993365
C           -2.22549456751503        2.17288555162789       -0.04743884217570
C           -1.86398665617344       -0.22779469653369       -0.00993221689012
O           -3.04532972069127       -0.37116872438004        0.01353008077920
N           -0.95921354594858       -1.30704511592937        0.00012682408780
C           -1.51896622684013       -2.64542074797015       -0.00421572735592
H            3.71251985662494        1.19127260309113        0.98816779484662
H            3.96874447984926        1.00127199977216       -0.75581489159200
H            2.68015303888323        2.07455720644031       -0.14946462760582
H            3.52671791835425       -1.66382595682851       -0.01766813375881
H           -1.68069037354470        3.09862609292320        0.00832542135793
H           -2.87307054352936        2.10397923053840       -0.88590792877097
H           -0.71820803266223        1.14365190281724        0.71486725722071
H           -1.19986115872918       -3.19052951329300        0.88423502106578
H           -1.21431291645521       -3.17829393522229       -0.90500745352671
H           -2.60150241828302       -2.54820257385722        0.00514421445162
H            1.33427702540024       -2.95681776717574       -0.01947109773452
25
 energy: -168.835537325884 gnorm: 39.070137129903 xtb: 6.6.1 (8d0f1dd)
C            3.21723514729019        1.12074402239002        0.01928994809678
N            2.22732819023384        0.05583726113456        0.00697076398557
C            2.52918948866361       -1.22112990096723       -0.00113962675243
N            1.37376448515296       -1.94406003601285       -0.00108271762747
C            0.32643704625213       -1.05804975270219        0.00744214951858
C           -0.92508724855232        1.28015010049272        0.71993457772050
C            0.11630696738060        1.51460296552177       -0.05248554599829
O            0.51817018413824        2.58563384933652       -0.03566033770630
N           -1.54697563592396        1.03742441160060       -0.50349732218144
C           -2.21076205968139        2.18371497051862       -0.06257648052032
C           -1.86329867415178       -0.21609225546890       -0.01173719741270
O           -3.04672496146200       -0.35585908566241        0.00891887298318
N           -0.96534049373676       -1.30288798389651        0.00246632856044
C           -1.53131127217287       -2.63738245706142        0.00224256069324
H            3.71700042494818        1.17728710408503        0.98982974954065
H            3.97534148251628        0.97956303780774       -0.75297535739787
H            2.69104329333306        2.06147258052556       -0.15290101628531
H            3.51886949918550       -1.68042722790863       -0.00575537433572
H           -1.66502683157444        3.10757409872557       -0.00666187222364
H           -2.86114840680657        2.11537983645059       -0.89919559714490
H           -0.69667373132689        0.86792386196125        0.75963955077852
H           -1.21666668132774       -3.18071403421046        0.89336173515485
H           -1.22788419523368       -3.17507347849652       -0.89595151007195
H           -2.61357171078356       -2.53472400229329        0.00938226166948
H            1.32021720773940       -2.96266934427013       -0.00668692514350
25
 energy: -178.759299645564 gnorm: 4.322215404726 xtb: 6.6.1 (8d0f1dd)
C            3.21349486094568        1.12923123769456        0.01882131022909
N            2.22959574661251        0.06105185819545        0.00506618195916
C            2.53237934341221       -1.21279968465493       -0.00608574938263
N            1.37792375375725       -1.94021945089954       -0.00642549914134
C            0.32982655791468       -1.05833405207716        0.00499876958866
C           -0.91355441162027        1.10809768302011        0.75520618023187
C            0.11518642511101        1.51313754591995       -0.04978831114416
O            0.51256952417242        2.58969414268903       -0.03174179952515
N           -1.55112617428901        1.03474656722563       -0.50285119416986
C           -2.21820304044945        2.17690607768561       -0.05602936613645
C           -1.86415787204901       -0.22280692423661       -0.01106690500272
O           -3.04707629305222       -0.36581811689996        0.01225546950859
N           -0.96107737743880       -1.30603184458697        0.00082537190737
C           -1.52419489792742       -2.64218743702705       -0.00162374705343
H            3.71432746946300        1.18537867446681        0.98895482210500
H            3.97148323758405        0.99217594844803       -0.75453952593001
H            2.68478689705942        2.06906065591887       -0.15082300185713
H            3.52323524061152       -1.67066363206475       -0.01263922306278
H           -1.67394020168794        3.10248564799975        0.00207436003659
H           -2.86978680049886        2.10949152881077       -0.89120929448886
H           -0.71618828614044        1.03075258942370        0.73841323796876
H           -1.20690058290052       -3.18642833877413        0.88797440640035
H           -1.21996890191593       -3.17695716808543       -0.90128572275412
H           -2.60661990630467       -2.54257023485188        0.00682750975647
H            1.32841720373081       -2.95915473173988       -0.01413666214329
25
 energy: -178.809888960848 gnorm: 0.304521975505 xtb: 6.6.1 (8d0f1dd)
C            3.21159546176729        1.12754751965259        0.01862755806189
N            2.22362273418495        0.06252283681417        0.00575061529143
C            2.52977862711242       -1.20369197143730       -0.00641225687360
N            1.37237721273137       -1.93707302719770       -0.00674839170449
C            0.32560519542305       -1.05861736469946        0.00522151922936
C           -0.88002666191066        1.09501479901505        0.82689897191130
C            0.12006815962993        1.51418966890107       -0.05395283846272
O            0.52119576249655        2.60704201336898       -0.03682177609880
N           -1.59248137943000        1.02557086339337       -0.61908498823998
C           -2.21616582831413        2.17705214885572       -0.06708271746509
C           -1.86962681806426       -0.23078156647715       -0.01639793284156
O           -3.05270162638009       -0.37003067590153        0.01571058364034
N           -0.95770787005572       -1.30749097106139        0.00030500938105
C           -1.52493709321024       -2.64311321220539       -0.00178114345093
H            3.71409766753914        1.18547351829665        0.98872051354598
H            3.97121747193144        0.99256490008554       -0.75486585658608
H            2.68495740515206        2.06908222117044       -0.15083716926755
H            3.52261053177370       -1.67007353709580       -0.01321835867858
H           -1.67325423547608        3.10283970136518        0.00254567995824
H           -2.87753869057033        2.11212293436402       -0.88904806892264
H           -0.68829562376207        1.03338914880378        0.80527435059104
H           -1.20644545568324       -3.18659004044450        0.88767305064349
H           -1.21970214676924       -3.17698929113115       -0.90148020743083
H           -2.60667876041333       -2.54304591130452        0.00682226506021
H            1.32886747439748       -2.95867616353066       -0.01464679339148
25
 energy: -178.819794048778 gnorm: 0.537232707991 xtb: 6.6.1 (8d0f1dd)
C            3.21042201194403        1.12643634182472        0.01912726762999
N            2.23185766304109        0.06051675596136        0.00605756259909
C            2.52892850875499       -1.19916395374820       -0.00603504902643
N            1.36853959830564       -1.93603771315048       -0.00659122248710
C            0.32710222498474       -1.06181670254721        0.00487154573861
C           -0.88763289452791        1.09109774090886        0.82453446148620
C            0.12413922271847        1.51492916392935       -0.05527262522604
O            0.52634094189853        2.61196411510283       -0.04172140400161
N           -1.57716101334140        1.03119549667558       -0.60649341800161
C           -2.21643231181342        2.17440096144492       -0.07133590611454
C           -1.87290461755128       -0.23058899238865       -0.02028818456998
O           -3.05665283652043       -0.37423129694938        0.01871172808775
N           -0.95545559863788       -1.30832107082294       -0.00044217966785
C           -1.52531851747188       -2.64358985726940       -0.00211330595681
H            3.71374063318535        1.18531768694652        0.98919544771655
H            3.97118209461663        0.99247033060251       -0.75431057753918
H            2.68528318394350        2.06891321135248       -0.15049516321481
H            3.52163995422809       -1.66967819592101       -0.01278955492332
H           -1.67243282640436        3.10301502055615        0.00227134131430
H           -2.88454702338882        2.11542480357254       -0.88837551496938
H           -0.69591288436417        1.03087788365652        0.80506650161194
H           -1.20656283065526       -3.18658239745703        0.88739018450538
H           -1.21958617860805       -3.17704973457158       -0.90169390104613
H           -2.60699893263897       -2.54310250047694        0.00642422716258
H            1.32885394240278       -2.95815855563150       -0.01452064320761
25
 energy: -178.868328979589 gnorm: 0.278464636765 xtb: 6.6.1 (8d0f1dd)
C            3.20206610516407        1.11727919346278        0.02283902414748
N            2.28874077244930        0.04928257294632        0.00900120415907
C            2.52193085530567       -1.16499265235579       -0.00302890112165
N            1.33875550285704       -1.92669345878070       -0.00520362188487
C            0.33452259443499       -1.08480195209435        0.00232632745740
C           -0.92942511462812        1.06390037636070        0.83978647674474
C            0.15495756810699        1.52552044969829       -0.06483500819802
O            0.56756385931338        2.65157958700466       -0.08211586042191
N           -1.47946014481014        1.06710550015751       -0.56856970873759
C           -2.21485423255885        2.15560693713413       -0.11051803353215
C           -1.90125251870617       -0.23263782680394       -0.05281830092258
O           -3.08626460699468       -0.40674152275605        0.04253420735442
N           -0.93893219810076       -1.31512113218659       -0.00679125895182
C           -1.52862272021933       -2.64750949820795       -0.00455841931278
H            3.71091995188573        1.18390362003674        0.99265982534069
H            3.97091458556394        0.99151472863494       -0.75000363503163
H            2.68799447581477        2.06712846711507       -0.14801128837868
H            3.51300492129736       -1.66658309758517       -0.00941828834306
H           -1.66621576517997        3.10380957706342       -0.00025349918933
H           -2.94269525470508        2.14202380618539       -0.88202712286048
H           -0.73543659723916        1.00589624146246        0.83775251772103
H           -1.20767997831151       -3.18640592836537        0.88541736893959
H           -1.21893213569394       -3.17762658558706       -0.90315667821746
H           -2.60978562773103       -2.54342101203664        0.00353323442697
H            1.32861721678549       -2.95377784890281       -0.01336894328740
25
 energy: -178.882053643510 gnorm: 0.374726572480 xtb: 6.6.1 (8d0f1dd)
C            3.19911420177147        1.11272347364682        0.02483202579150
N            2.31451579472758        0.04989846305845        0.01116102003431
C            2.51871892806254       -1.15105461858119       -0.00134938590701
N            1.32428657062399       -1.92117624093196       -0.00429443251563
C            0.33418668901019       -1.09495038911827        0.00082545897765
C           -0.93973482178339        1.04810513243375        0.87355894806593
C            0.17075575243262        1.53672152716122       -0.06882629588399
O            0.59138173524615        2.67278101125001       -0.10740114745309
N           -1.43880795328728        1.08062021008526       -0.59067019226245
C           -2.20992231912042        2.14677222302079       -0.13784969149127
C           -1.91905744411298       -0.23624553232434       -0.07337072300682
O           -3.10085803595398       -0.42482202279922        0.05632810190118
N           -0.93219809189463       -1.31917298882524       -0.01122059152323
C           -1.53051350043394       -2.65007244307622       -0.00594739431285
H            3.70920426598935        1.18312588826682        0.99442607288627
H            3.97075895648857        0.99110696235003       -0.74750053383761
H            2.68951520452274        2.06573982362760       -0.14671198357791
H            3.50681341730823       -1.66462613609904       -0.00751270308307
H           -1.66347710971626        3.10314653147297       -0.00206824491532
H           -2.97961966290359        2.15787132845833       -0.87682806470085
H           -0.74459037373725        0.99064089136344        0.88171141020104
H           -1.20835422165564       -3.18635502014433        0.88442753915094
H           -1.21865304422733       -3.17823215432977       -0.90393677411466
H           -2.61150324921508       -2.54367005018399        0.00201801035053
H            1.32846982595835       -2.95063732818193       -0.01262881087361
25
 energy: -166.400120936732 gnorm: 40.246843910606 xtb: 6.6.1 (8d0f1dd)
C            3.20174450642848        1.11431704619786        0.02455001636127
N            2.31387634877826        0.05506730757462        0.01115798254822
C            2.52012131349375       -1.15753813451586       -0.00167282855365
N            1.32745457659191       -1.92173345228237       -0.00441694646310
C            0.33142983552941       -1.09296239871378        0.00015329753249
C           -0.60535545174423        0.95051918286668        0.88013845600347
C            0.18110762962860        1.54065465372964       -0.07236256614519
O            0.59138303861404        2.66964624493627       -0.11044301467343
N           -1.42770468154506        1.07743779394657       -0.58622244218372
C           -2.20219904457168        2.14451811338477       -0.13706931812422
C           -1.91675555836548       -0.23650978113152       -0.07423047914370
O           -3.09742724592895       -0.42374441400264        0.05769414616766
N           -0.93557128583680       -1.31946403129661       -0.01281604485840
C           -1.53053209426259       -2.65053761058975       -0.00606049611336
H            3.70928640650526        1.18322271843422        0.99410690307721
H            3.97091730189104        0.99146850419368       -0.74779779322181
H            2.68946277084699        2.06545128265156       -0.14694083931690
H            3.50542422625283       -1.66469029951992       -0.00796519955124
H           -1.66455545991735        3.10183799489258       -0.00229231223187
H           -2.98421096656674        2.15885543821585       -0.87337367447042
H           -1.10722615204256        1.09129734043742        0.87724009923785
H           -1.20828188833653       -3.18654845127187        0.88447067972563
H           -1.21883972705158       -3.17865083526174       -0.90405888611590
H           -2.61162816471416       -2.54382830051892        0.00222522351719
H            1.32851128042311       -2.94984737075675       -0.01284234510410
25
 energy: -161.874622344106 gnorm: 372.780697566567 xtb: 6.6.1 (8d0f1dd)
C            3.20196970359055        1.11444369724245        0.02458682917876
N            2.31377635080774        0.05542460905262        0.01119640227228
C            2.52022678765260       -1.15804517980260       -0.00162919629000
N            1.32770997562558       -1.92177036352040       -0.00438153379383
C            0.33122722204157       -1.09283038561866        0.00014673859957
C           -0.82259539188457        1.01219087428740        0.87706720891401
C            0.18003305402900        1.54111808354333       -0.07132197918302
O            0.59152876522142        2.66922126126174       -0.11084971942305
N           -1.42824508648987        1.07747185076879       -0.58668566836496
C           -2.20250659998622        2.14491012481528       -0.13795721013996
C           -1.91714341671969       -0.23663492744894       -0.07456517261538
O           -3.09717416030926       -0.42375261634094        0.05761601396163
N           -0.93591131708312       -1.31946710431075       -0.01291241819821
C           -1.53052925097779       -2.65055760352677       -0.00608785842518
H            3.70927112033399        1.18322492598720        0.99414956494369
H            3.97094797948767        0.99147293263539       -0.74773727261015
H            2.68947303286918        2.06541444189840       -0.14691673437491
H            3.50530912653889       -1.66469645001398       -0.00790356220022
H           -1.66462957471914        3.10168128632166       -0.00230960988554
H           -2.98448075506351        2.15897095967145       -0.87332800413484
H           -0.88752636979259        1.02930822868638        0.88119048816857
H           -1.20830793134807       -3.18654906980836        0.88447225853309
H           -1.21884491075791       -3.17868795169456       -0.90406843928851
H           -2.61164637682892       -2.54383348116919        0.00220096385449
H            1.32849953786245       -2.94978960131696       -0.01280047159837
25
 energy: -172.780298650645 gnorm: 35.697412005815 xtb: 6.6.1 (8d0f1dd)
C            3.20205598983018        1.11451561403320        0.02449826323988
N            2.31373405802494        0.05558684241710        0.01112648021457
C            2.52027664192685       -1.15824155967444       -0.00172625408946
N            1.32783061950813       -1.92177935582868       -0.00444697368360
C            0.33115173807774       -1.09277388821669        0.00011625758837
C           -0.66351609553780        0.97124012917866        0.86275308447806
C            0.18003240453056        1.54131867273910       -0.07112747274939
O            0.59154723250642        2.66908152257877       -0.11097302158753
N           -1.42820300375011        1.07741644856105       -0.58658275338682
C           -2.20247787515981        2.14494139182701       -0.13802869563759
C           -1.91718093576667       -0.23668204641804       -0.07459010275660
O           -3.09705748859379       -0.42375420548367        0.05773558355137
N           -0.93604144828363       -1.31948385089225       -0.01294015715488
C           -1.53051171241549       -2.65057608204439       -0.00607484071686
H            3.70929609343688        1.18323241178772        0.99404354347881
H            3.97092227965946        0.99151270393205       -0.74784894879375
H            2.68945677177664        2.06541855192649       -0.14697381094023
H            3.50527167480265       -1.66467513813968       -0.00804165731061
H           -1.66468433282164        3.10161392940261       -0.00219814066791
H           -2.98464159250600        2.15900825475918       -0.87313914236498
H           -1.04657909445458        1.07019836408143        0.89580766273304
H           -1.20826242847767       -3.18657328631794        0.88447424211153
H           -1.21886299969253       -3.17869632537979       -0.90407065269669
H           -2.61163755368315       -2.54385332531547        0.00225981928103
H            1.32851257116242       -2.94975723191334       -0.01288069423980
25
 energy: -173.731896920524 gnorm: 34.342163825217 xtb: 6.6.1 (8d0f1dd)
C            3.20225942752110        1.11464901534467        0.02452214473727
N            2.31354235946153        0.05447432439393        0.01103627233844
C            2.52008467822349       -1.15724103234808       -0.00163397237519
N            1.32752402800248       -1.92148347223555       -0.00443380687220
C            0.33142669431987       -1.09338739980644        0.00026672313587
C           -0.67861797688130        0.96261808069339        0.90555709213672
C            0.18160955091565        1.54324185727129       -0.06791431712866
O            0.59340465881921        2.66951246378025       -0.11310658626161
N           -1.42882569732205        1.07696719267266       -0.58430085326694
C           -2.20398126772301        2.14522798766857       -0.14106252996082
C           -1.91709903300930       -0.23736997019450       -0.07596956321945
O           -3.09648434760594       -0.42343371540519        0.05794615729438
N           -0.93663292448622       -1.31996114314126       -0.01329573116674
C           -1.53059590886170       -2.65061121604847       -0.00615611603452
H            3.70935236271503        1.18324190762717        0.99414593324745
H            3.97108361795171        0.99150124701184       -0.74782120784539
H            2.68957049469063        2.06540071133618       -0.14692710532959
H            3.50526497624550       -1.66477359459146       -0.00795397394583
H           -1.66488466835827        3.10119800156781       -0.00168677045440
H           -2.98414181342405        2.15930299171078       -0.87380808132330
H           -1.03305754701846        1.07817901685869        0.85397728746837
H           -1.20830064769108       -3.18655622263269        0.88446830654194
H           -1.21889934283721       -3.17878150398858       -0.90408718825309
H           -2.61167842924522       -2.54391899485525        0.00222598726574
H            1.32850826969760       -2.94975799108974       -0.01281648282847
25
 energy: -164.988479496136 gnorm: 298.554548219469 xtb: 6.6.1 (8d0f1dd)
C            3.21014152651406        1.11948339098949        0.02417326727698
N            2.31010358784243        0.06706619799428        0.01110122529474
C            2.52377984120812       -1.17470361896544       -0.00193760103908
N            1.33682768805498       -1.92272292540818       -0.00447786038407
C            0.32457738954785       -1.08872267795100       -0.00071170992395
C           -0.88906277946943        1.03211770407093        0.88395835057587
C            0.18048163196562        1.55939188923880       -0.05149347645285
O            0.59682267471421        2.65716469751858       -0.12571414697804
N           -1.42412361495342        1.07274919622369       -0.58127503298513
C           -2.20081791002896        2.14926528197132       -0.15766774362094
C           -1.92054493553993       -0.24061172576942       -0.08397145657878
O           -3.08698543330195       -0.42214050452552        0.05947997991634
N           -0.94810509287025       -1.32085041078703       -0.01719729159567
C           -1.53029947447223       -2.65150882184848       -0.00666158852255
H            3.70929988598547        1.18346245340064        0.99369803118282
H            3.97154161070535        0.99229465108611       -0.74786616002375
H            2.68957496054157        2.06443693702682       -0.14716174211795
H            3.50138983826381       -1.66458701936745       -0.00838540083163
H           -1.66810283800998        3.09613752511771       -0.00096757604922
H           -2.99482633975605        2.16301279279673       -0.86875631779885
H           -0.82001841457422        1.00644555826797        0.89328078538227
H           -1.20829816003703       -3.18697529217358        0.88455186225555
H           -1.21929871080988       -3.17997576750272       -0.90439123313144
H           -2.61203655171294       -2.54439128237038        0.00247113259624
H            1.32841113429281       -2.94759968743383       -0.01290667854692
25
 energy: -152.250049290141 gnorm: 41.244910353104 xtb: 6.6.1 (8d0f1dd)
C            3.21112626440933        1.12017681583229        0.02402070500051
N            2.30964646182124        0.06868959085214        0.01102159814251
C            2.52426524451902       -1.17686031578632       -0.00209405769794
N            1.33807383868803       -1.92285360345596       -0.00456436502836
C            0.32374159782577       -1.08811046621473       -0.00085960613351
C           -1.21548653173844        1.15531715725279        0.84163664041739
C            0.18029709693696        1.56143686418712       -0.04942230079189
O            0.59718009278371        2.65562546302487       -0.12727056128320
N           -1.42359611557158        1.07218990878411       -0.58082332589067
C           -2.20047397920863        2.14972361637340       -0.15961174571009
C           -1.92098528769153       -0.24107590833050       -0.08490195972343
O           -3.08578026697375       -0.42205676941077        0.05980384414021
N           -0.94953733878986       -1.32098507723879       -0.01765971723283
C           -1.53019485329036       -2.65165483893508       -0.00669746599097
H            3.70930185248753        1.18355771317921        0.99351024547225
H            3.97153760791757        0.99249756573951       -0.74801194119218
H            2.68951672477387        2.06437591236649       -0.14726275176499
H            3.50093615821686       -1.66447438370897       -0.00860725051245
H           -1.66858234624445        3.09545701173000       -0.00075464710047
H           -2.99625499742565        2.16341644094680       -0.86793482844259
H           -0.49323684897980        0.88287383377286        0.93795265148530
H           -1.20818742107043       -3.18707478840877        0.88456674348074
H           -1.21931333307581       -3.18014201007989       -0.90442405894754
H           -2.61202364070309       -2.54451523997674        0.00257589965913
H            1.32846153448348       -2.94729595089503       -0.01301612645496
25
 energy: -156.911949735574 gnorm: 41.495499828388 xtb: 6.6.1 (8d0f1dd)
C            3.21207115215063        1.12066841433224        0.02404085876737
N            2.30979125211567        0.06820755581487        0.01113844580267
C            2.52405069460702       -1.17675426986297       -0.00205566682053
N            1.33859545771556       -1.92264409011414       -0.00448173033279
C            0.32287337704370       -1.08742032502197       -0.00109481861410
C           -1.17937742184748        1.13423039934976        0.84688789638453
C            0.17956520381393        1.56053121706517       -0.05007592389203
O            0.59748013906360        2.65608850086432       -0.12814091387859
N           -1.42075512087100        1.07118782047620       -0.58450007383098
C           -2.19800783291289        2.14958469744939       -0.15907525747339
C           -1.92040254253587       -0.24053663539861       -0.08511839392262
O           -3.08654161799266       -0.42235981153158        0.05968497573142
N           -0.95009869648065       -1.32066688384802       -0.01810903214409
C           -1.53038044303289       -2.65186939330379       -0.00677512236916
H            3.70942698808193        1.18362812307216        0.99365894574809
H            3.97181783370680        0.99260667318650       -0.74806626991127
H            2.68960320458847        2.06427855246495       -0.14728950757772
H            3.50063283749975       -1.66465451244150       -0.00859279543224
H           -1.66881978409144        3.09533360251188       -0.00150121759359
H           -2.99854361408002        2.16369574826090       -0.86642272696855
H           -0.53124194538140        0.90419552794400        0.93738478553201
H           -1.20823517589008       -3.18711216848873        0.88457654279013
H           -1.21937802640971       -3.18034223260903       -0.90448867472658
H           -2.61213287464352       -2.54461122904050        0.00257552376629
H            1.32843846988253       -2.94702673953147       -0.01298823113432
25
 energy: -161.541365552571 gnorm: 41.296132980955 xtb: 6.6.1 (8d0f1dd)
C            3.21297407178396        1.12123437953621        0.02410468773882
N            2.30992524534480        0.06798732483559        0.01129368450511
C            2.52390756377110       -1.17674629327240       -0.00196754017562
N            1.33915972517126       -1.92239081431444       -0.00436423455282
C            0.32205461661815       -1.08673525481816       -0.00133754326485
C           -1.13306063071909        1.14317676046797        0.86129239934989
C            0.17870807316163        1.55989937717110       -0.05063560382962
O            0.59773643247994        2.65632892729742       -0.12911513588011
N           -1.41817046088058        1.07025723893031       -0.58778546498660
C           -2.19566187824305        2.14923330777959       -0.15886117365596
C           -1.91995881743801       -0.24016470431970       -0.08544981439368
O           -3.08699891202015       -0.42265176617539        0.05954643103250
N           -0.95066389822440       -1.32046284554418       -0.01861208909322
C           -1.53047922611790       -2.65212920945152       -0.00686454295920
H            3.70949896248738        1.18381283194925        0.99385929405756
H            3.97208434535303        0.99282287365826       -0.74806635982044
H            2.68962831056868        2.06425364984266       -0.14729230675045
H            3.50035411891124       -1.66473280810861       -0.00850631179183
H           -1.66914131684776        3.09510668785471       -0.00222346283127
H           -3.00083090558348        2.16388491976312       -0.86492286472403
H           -0.57940864330648        0.89552623639543        0.92740106743010
H           -1.20820805710245       -3.18717938625937        0.88458983305905
H           -1.21934069610113       -3.18059619668848       -0.90454921452603
H           -2.61217373961633       -2.54478698552498        0.00254966151680
H            1.32849723064963       -2.94670970940435       -0.01291177755412
25
 energy: -175.289880928883 gnorm: 87.292705928242 xtb: 6.6.1 (8d0f1dd)
C            3.21377091320174        1.12155776549135        0.02422785014230
N            2.31005549907619        0.06720945345616        0.01147183117286
C            2.52358138297878       -1.17641345389380       -0.00182059599891
N            1.33948913382544       -1.92222176306365       -0.00422046690556
C            0.32137002327632       -1.08620550482414       -0.00150235060120
C           -0.79943174772378        1.00474164999136        0.90383747465265
C            0.17799082171464        1.55905630165013       -0.05136809718847
O            0.59824418744495        2.65698898601164       -0.12983789167509
N           -1.41580828406658        1.06945385589432       -0.59095852648033
C           -2.19348846126222        2.14910727271234       -0.15827921510331
C           -1.91943969887604       -0.23971107277996       -0.08575105480867
O           -3.08763956415910       -0.42277826956316        0.05938225544943
N           -0.95106180320156       -1.32020077817201       -0.01899642306759
C           -1.53071775900852       -2.65226385256819       -0.00694975024588
H            3.70959297650591        1.18377056372337        0.99410728834270
H            3.97236378471972        0.99277153332078       -0.74797201797297
H            2.68976510468735        2.06410300870832       -0.14724384608343
H            3.50010915007558       -1.66498954757990       -0.00832988745877
H           -1.66924801899702        3.09504701785085       -0.00292321506739
H           -3.00252790559635        2.16415838956606       -0.86397483513552
H           -0.91476064178705        1.03426718427539        0.88860387316057
H           -1.20837542329352       -3.18715025459454        0.88459162170865
H           -1.21944756598018       -3.18072338201923       -0.90460461171641
H           -2.61233214152646       -2.54477908641780        0.00247652508523
H            1.32837755207175       -2.94655747557564       -0.01279431630491
25
 energy: -147.865626136209 gnorm: 40.806119161005 xtb: 6.6.1 (8d0f1dd)
C            3.21414474711311        1.12177095053986        0.02435601909889
N            2.31009488832286        0.06689370044204        0.01161044121914
C            2.52345151423531       -1.17624051388664       -0.00166827990185
N            1.33967170440382       -1.92211281729191       -0.00409717421660
C            0.32107912834690       -1.08597626170329       -0.00156461497356
C           -0.44900324222476        0.89978402809642        0.95042745715875
C            0.17750187227479        1.55872986037190       -0.05128151958707
O            0.59854412747278        2.65723379538224       -0.13035382235019
N           -1.41486777371533        1.06909103659727       -0.59213578601039
C           -2.19264801049935        2.14904682015989       -0.15843403094061
C           -1.91923629707629       -0.23961313207340       -0.08608512289871
O           -3.08781384095977       -0.42284485862236        0.05925198100138
N           -0.95128527950626       -1.32013051099674       -0.01921993037815
C           -1.53078951510246       -2.65235492360963       -0.00700628837461
H            3.70959053203158        1.18382158278142        0.99431005227020
H            3.97250553482676        0.99279991976568       -0.74783448541117
H            2.68980255400539        2.06406969690560       -0.14717648896131
H            3.50001142801235       -1.66505931933627       -0.00813005623409
H           -1.66936260019095        3.09494868455599       -0.00329211112168
H           -3.00333401915243        2.16426407038002       -0.86367859429106
H           -1.26576808069926        1.13937220011437        0.84347704430892
H           -1.20843010007571       -3.18714655047201        0.88459517292719
H           -1.21942545772313       -3.18082254291521       -0.90462909285466
H           -2.61236907881586       -2.54482390889669        0.00239711685753
H            1.32836677879590       -2.94646246468850       -0.01266626843631
25
 energy: -159.780893362068 gnorm: 41.482563508672 xtb: 6.6.1 (8d0f1dd)
C            3.21455595796196        1.12202028852598        0.02428510081331
N            2.31003775796460        0.06689131366389        0.01151368684683
C            2.52350482982020       -1.17633982052152       -0.00171525517175
N            1.33979254230147       -1.92189038594214       -0.00413176710205
C            0.32084074749137       -1.08586672035568       -0.00154897028968
C           -0.54986401724439        0.93571423314984        0.93805008735879
C            0.17732790349976        1.56002157462000       -0.04941362689919
O            0.59919074007128        2.65684727288198       -0.13179825245106
N           -1.41478508604354        1.06873128598210       -0.59164270193520
C           -2.19271618245890        2.14911250680315       -0.16005481840609
C           -1.91922345099984       -0.23994595268024       -0.08695651611844
O           -3.08731737827085       -0.42270882621782        0.05946054075397
N           -0.95202273105102       -1.32029504895389       -0.01957842897253
C           -1.53082449774580       -2.65244485567263       -0.00705793856189
H            3.70966986507538        1.18386941170764        0.99428852754952
H            3.97262641189211        0.99288871046681       -0.74796118403059
H            2.68984248965174        2.06404559711083       -0.14722410314398
H            3.49986396577910       -1.66511743133925       -0.00823164964566
H           -1.66957155910601        3.09465043753941       -0.00311042911323
H           -3.00400601471146        2.16454222536437       -0.86332432793714
H           -1.16459849359409        1.10287104700210        0.85764900686041
H           -1.20839747221929       -3.18718071396329        0.88459495149119
H           -1.21946820129318       -3.18094074503832       -0.90465898036550
H           -2.61239782432977       -2.54492135165832        0.00244396599064
H            1.32837121165916       -2.94631551087497       -0.01270529962072
25
 energy: -171.486034029414 gnorm: 37.141017337114 xtb: 6.6.1 (8d0f1dd)
C            3.21498086174850        1.12226291500051        0.02420778391338
N            2.30997651197558        0.06684996539273        0.01143704296490
C            2.52350065653808       -1.17640944338390       -0.00177386127082
N            1.33991804744843       -1.92170781944961       -0.00417483876539
C            0.32061934369425       -1.08581656078787       -0.00164035928652
C           -0.65344637645779        0.96712334652949        0.92464740744462
C            0.17684374038451        1.56076062566010       -0.04725822732411
O            0.59992717800808        2.65649488575304       -0.13315035138086
N           -1.41454352194699        1.06848458180061       -0.59106924120583
C           -2.19269342936842        2.14917056466094       -0.16171420427026
C           -1.91917183123363       -0.24019719112006       -0.08772645697192
O           -3.08691628492230       -0.42258405052741        0.05967349811572
N           -0.95260468344325       -1.32043082938310       -0.01993516231984
C           -1.53088159695759       -2.65253950796178       -0.00709845115295
H            3.70975860595815        1.18390851630173        0.99426418978666
H            3.97275430152816        0.99296827679035       -0.74809958458762
H            2.68988906834238        2.06401654370442       -0.14727976217375
H            3.49971303984075       -1.66518787467698       -0.00834574641789
H           -1.66977637114267        3.09434435135565       -0.00293688264158
H           -3.00476601818503        2.16483317019153       -0.86291404215736
H           -1.06069165347898        1.07134747031392        0.87241116584131
H           -1.20837314097198       -3.18721304241992        0.88459559849925
H           -1.21952138229171       -3.18105495751285       -0.90468920134040
H           -2.61243858978592       -2.54500962130907        0.00249655590498
H            1.32837503881938       -2.94617577332241       -0.01275525130374
25
 energy: -178.845567229417 gnorm: 6.776641374266 xtb: 6.6.1 (8d0f1dd)
C            3.21531478038510        1.12241642254876        0.02407252360951
N            2.30995571432206        0.06662571028808        0.01134127704556
C            2.52339655123134       -1.17630224899860       -0.00190961555507
N            1.33997488535170       -1.92158989553190       -0.00427036423692
C            0.32047686556700       -1.08581275965750       -0.00181017555417
C           -0.94787625572597        1.04240794319612        0.88497825803777
C            0.17599943794922        1.56046875642878       -0.04528822356437
O            0.60051250879430        2.65633086355254       -0.13395752278399
N           -1.41423705352777        1.06845754422053       -0.59048623839510
C           -2.19261408981625        2.14922533486155       -0.16282853252400
C           -1.91910908665293       -0.24031999909481       -0.08815125272639
O           -3.08677219630027       -0.42249537675729        0.05992332997437
N           -0.95285873266962       -1.32049268586381       -0.02017470212776
C           -1.53096501541230       -2.65260174247835       -0.00710350386839
H            3.70987310252577        1.18389390059169        0.99416149513256
H            3.97284320760242        0.99300214339253       -0.74831368343613
H            2.68994005291554        2.06397794485006       -0.14737627505613
H            3.49960467098144       -1.66528040246357       -0.00855965415997
H           -1.66988606341824        3.09414201775721       -0.00274148664286
H           -3.00542756079828        2.16509988143208       -0.86238466012174
H           -0.76559984244565        0.99657679572093        0.91245587709016
H           -1.20835685063206       -3.18723769489650        0.88459552207160
H           -1.21961590747847       -3.18111421732271       -0.90471300517217
H           -2.61249568722758       -2.54504837639571        0.00258811124376
H            1.32835407857950       -2.94609131778007       -0.01287588038016
25
 energy: -176.036193102173 gnorm: 29.305773367598 xtb: 6.6.1 (8d0f1dd)
C            3.21686506286288        1.12315142610562        0.02411504680216
N            2.31020249445861        0.06692628660870        0.01154484011104
C            2.52327007334018       -1.17688370903702       -0.00184186289103
N            1.34062381272074       -1.92114071413928       -0.00415834735366
C            0.31921167110739       -1.08483754387019       -0.00239824400425
C           -1.01081140314898        1.05916624638055        0.87722630780434
C            0.17315051289685        1.55968239521922       -0.04269650122865
O            0.60160463949878        2.65569498560994       -0.13668498967352
N           -1.41193533988756        1.06773234766290       -0.59201942222054
C           -2.19007256741275        2.14894905458846       -0.16545072162436
C           -1.91903863832657       -0.24055594803367       -0.08989852610827
O           -3.08610374154375       -0.42231703558968        0.06011923154001
N           -0.95402528295934       -1.32059374716040       -0.02135042549558
C           -1.53124483289219       -2.65302367323960       -0.00730469410797
H            3.71012140661886        1.18407490044407        0.99446112310055
H            3.97341725314755        0.99325895008067       -0.74844442399703
H            2.69009547794070        2.06384307884203       -0.14742654339637
H            3.49896465214634       -1.66557162959029       -0.00854104862510
H           -1.67031340792420        3.09348468195920       -0.00339864922733
H           -3.00940771769708        2.16588800783414       -0.85972883456706
H           -0.70165251254000        0.98097982315683        0.92555194942057
H           -1.20840805595109       -3.18731109776867        0.88458929961650
H           -1.21973159841403       -3.18155712083411       -0.90484433285499
H           -2.61269855906534       -2.54529940962328        0.00257695710500
H            1.32834811512398       -2.94550201400610       -0.01282557022446
25
 energy: -178.846216796852 gnorm: 6.032395502468 xtb: 6.6.1 (8d0f1dd)
C            3.21720772878460        1.12332462042059        0.02413751323947
N            2.31024101305697        0.06702278657686        0.01158549181139
C            2.52326833147493       -1.17701937229442       -0.00180525883704
N            1.34074475214688       -1.92101462126370       -0.00412262516241
C            0.31894937093178       -1.08466911688439       -0.00250350689166
C           -0.96016148216980        1.04660732847157        0.88555596816689
C            0.17269488895523        1.55991047341714       -0.04186300368298
O            0.60193615761680        2.65541906020109       -0.13748655773580
N           -1.41140775772539        1.06749061980610       -0.59224311966495
C           -2.18962400571264        2.14889174540490       -0.16627983760180
C           -1.91899771624515       -0.24064376803689       -0.09038135953961
O           -3.08590140632332       -0.42226143437573        0.06014855655790
N           -0.95436693252169       -1.32064870326987       -0.02164594414102
C           -1.53130001999438       -2.65312160885731       -0.00735740060748
H            3.71017230226221        1.18413001039080        0.99454732884901
H            3.97355784524310        0.99332651713930       -0.74845679238151
H            2.69013285842290        2.06381815126820       -0.14742672253929
H            3.49882103757805       -1.66563296958521       -0.00851068869388
H           -1.67044059466540        3.09330557471309       -0.00351350131409
H           -3.01023717805328        2.16606521408755       -0.85924336177957
H           -0.75231014855327        0.99366961440312        0.91855061901014
H           -1.20841620515475       -3.18732796727351        0.88458836818782
H           -1.21974665980410       -3.18167040691084       -0.90487342088125
H           -2.61273960489088       -2.54537132329000        0.00256562447452
H            1.32835493944058       -2.94536188265838       -0.01279475094281
25
 energy: -178.847786704325 gnorm: 6.918731776178 xtb: 6.6.1 (8d0f1dd)
C            3.21911056343059        1.12421829150781        0.02419535987765
N            2.31056310676902        0.06758950539845        0.01180688466323
C            2.52319553379728       -1.17778321607386       -0.00169311097448
N            1.34137413448974       -1.92035751276917       -0.00398024625446
C            0.31748487510059       -1.08361773832001       -0.00322255152517
C           -0.94629269772407        1.04414385324566        0.89025889379387
C            0.16945496318265        1.56023233321762       -0.03755586431918
O            0.60354538197639        2.65388030641990       -0.14154733279175
N           -1.40862216949382        1.06644014798803       -0.59338771459594
C           -2.18698622585219        2.14863836101423       -0.17050601465331
C           -1.91889476118797       -0.24111917189780       -0.09294419722131
O           -3.08483315626520       -0.42192220188353        0.06039960080714
N           -0.95603507072027       -1.32089597574180       -0.02324750188099
C           -1.53165436750571       -2.65366736568121       -0.00763194921598
H            3.71051104376625        1.18439317851730        0.99495212275420
H            3.97434250671581        0.99367861793237       -0.74863031209662
H            2.69035150559701        2.06365944581912       -0.14748398459558
H            3.49800341088692       -1.66602137548091       -0.00846780075278
H           -1.67102744371266        3.09241034135049       -0.00422006420132
H           -3.01512204062028        2.16708472588546       -0.85608049434653
H           -0.76502439254679        0.99726971040684        0.92078172253077
H           -1.20847145786135       -3.18741786646914        0.88457710288435
H           -1.21989272068245       -3.18227900391839       -0.90503979155288
H           -2.61300689178981       -2.54574358807395        0.00254775022289
H            1.32835788435033       -2.94457526079348       -0.01270888865582
25
 energy: -178.907633940815 gnorm: 0.592405384714 xtb: 6.6.1 (8d0f1dd)
C            3.21997441074954        1.12460207471178        0.02422367063941
N            2.31076350666772        0.06786948260851        0.01191804496406
C            2.52315173786105       -1.17809785919493       -0.00163973517949
N            1.34160494565939       -1.92002827492254       -0.00391338887401
C            0.31682067172138       -1.08312928532273       -0.00358101260439
C           -0.95287073095176        1.04642873654774        0.89030724211618
C            0.16794038084144        1.56044714259136       -0.03578651611647
O            0.60423685318096        2.65305302496376       -0.14340610453849
N           -1.40719218722941        1.06592385390412       -0.59406482217465
C           -2.18568396953616        2.14844487565512       -0.17233693195881
C           -1.91881973614818       -0.24130647422643       -0.09408932961245
O           -3.08439683108333       -0.42175757039936        0.06048561737271
N           -0.95675178878195       -1.32099922604414       -0.02400507110209
C           -1.53182953443394       -2.65392315313286       -0.00776405897960
H            3.71068624584929        1.18452103860697        0.99515056099640
H            3.97473079187451        0.99384624800066       -0.74872096649695
H            2.69046169614025        2.06358589845019       -0.14751467168670
H            3.49762207066248       -1.66621773662339       -0.00845043465354
H           -1.67127083659379        3.09203941583867       -0.00460115088755
H           -3.01742145724974        2.16752773995455       -0.85447797175909
H           -0.75806462776832        0.99555744910983        0.92411970527627
H           -1.20850038102298       -3.18745715746558        0.88456961216181
H           -1.21996832655675       -3.18257400478313       -0.90512016216777
H           -2.61314337611797       -2.54592600535969        0.00253951471006
H            1.32835198636625       -2.94419169186841       -0.01267002154486
25
 energy: -178.910221067889 gnorm: 0.209745663509 xtb: 6.6.1 (8d0f1dd)
C            3.22172149321702        1.12537275943109        0.02428461889087
N            2.31120089579884        0.06832481020705        0.01214136911224
C            2.52302914710494       -1.17855878680969       -0.00152152350233
N            1.34195829124765       -1.91930678135764       -0.00377606517483
C            0.31554548607821       -1.08217026133852       -0.00432578271818
C           -0.95168783807539        1.04722166636032        0.89302936645945
C            0.16472780345829        1.56093838469075       -0.03178734892296
O            0.60577265677669        2.65129589902982       -0.14737685289513
N           -1.40433447431800        1.06488452981535       -0.59518194750017
C           -2.18319584977005        2.14807883037605       -0.17636244136033
C           -1.91864095698007       -0.24176325968495       -0.09656762786793
O           -3.08350833892503       -0.42138735591777        0.06066702353192
N           -0.95821240632156       -1.32125555894841       -0.02559226627170
C           -1.53220029747437       -2.65445581399840       -0.00804189313176
H            3.71106148384393        1.18479469089816        0.99557259466315
H            3.97555469540817        0.99419767523795       -0.74891351683430
H            2.69070170648337        2.06343988443712       -0.14757645245293
H            3.49685874106079       -1.66663692516356       -0.00840947214839
H           -1.67176948117858        3.09127301074004       -0.00537208533023
H           -3.02211425181755        2.16844015298651       -0.85120800911688
H           -0.75826306086237        0.99595725930959        0.92829050423694
H           -1.20855778854398       -3.18753296735809        0.88454829334300
H           -1.22012603681754       -3.18319335078174       -0.90528334004721
H           -2.61343186878069       -2.54632041594686        0.00252018729943
H            1.32834176348726       -2.94339953461410       -0.01258571436177
25
 energy: -178.922741154439 gnorm: 1.155498035470 xtb: 6.6.1 (8d0f1dd)
C            3.23389368291489        1.13059711792099        0.02473648497873
N            2.31464565176094        0.07125544412147        0.01375119835554
C            2.52199941598495       -1.18098985578913       -0.00064161357384
N            1.34373224453554       -1.91391376557171       -0.00280212210084
C            0.30688618592944       -1.07553647620893       -0.00976514246298
C           -0.94498840037128        1.05362212748473        0.91203899616047
C            0.14138224351368        1.56493981227669       -0.00315553066358
O            0.61690151607033        2.63810247432042       -0.17599703856290
N           -1.38379837418507        1.05746590540819       -0.60269132424916
C           -2.16595692897334        2.14522650930196       -0.20522732588882
C           -1.91720839887499       -0.24516423848550       -0.11440595662373
O           -3.07746330903282       -0.41856951354005        0.06179538994678
N           -0.96817959692491       -1.32316634162144       -0.03703038734044
C           -1.53492073556195       -2.65826701595129       -0.01005966813342
H            3.71387144848835        1.18680587751610        0.99866610233016
H            3.98161382200175        0.99673616901603       -0.75034242801328
H            2.69250373925306        2.06242436728591       -0.14803099633138
H            3.49150573195700       -1.66974037882662       -0.00810767656993
H           -1.67515822965977        3.08604682815986       -0.01106711631783
H           -3.05531945870637        2.17472423273800       -0.82745881557982
H           -0.75789831431040        0.99829489175863        0.95865493130589
H           -1.20897559260957       -3.18803578721251        0.88436169686281
H           -1.22129727040398       -3.18770364979927       -0.90644844111167
H           -2.61556947045438       -2.54924748663430        0.00237234279649
H            1.32822991175884       -2.93766870606806       -0.01197394131328
25
 energy: -178.947790054169 gnorm: 0.503458800027 xtb: 6.6.1 (8d0f1dd)
C            3.26119628071204        1.14192251878558        0.02582523538804
N            2.32351484259134        0.07735174975841        0.01752558402300
C            2.51929362986066       -1.18443039391105        0.00149820039874
N            1.34580958322959       -1.90086204379906       -0.00057086919083
C            0.28806585715555       -1.06075125469211       -0.02270662509105
C           -0.93040587544009        1.06999127003918        0.95451245201038
C            0.08689365552406        1.57653304674540        0.06278293018177
O            0.64273794312622        2.60503049712072       -0.24262936847167
N           -1.33624126061960        1.04030615900842       -0.61843416517318
C           -2.12801817330032        2.13810709663809       -0.27256240175950
C           -1.91353820074326       -0.25349663549983       -0.15600745933634
O           -3.06424211397484       -0.41150461770765        0.06387682710830
N           -0.98997110999096       -1.32780246574104       -0.06381020698255
C           -1.54140867063071       -2.66710173440091       -0.01480952433972
H            3.72074473489783        1.19161942241149        1.00601812955570
H            3.99612454678070        1.00268519388930       -0.75378955239831
H            2.69693352097478        2.06013954992845       -0.14913315606729
H            3.47937509552548       -1.67724711414076       -0.00738444384786
H           -1.68255246522015        3.07461054031263       -0.02476535580570
H           -3.13093100448689        2.18856550688190       -0.77138899832812
H           -0.75594061243183        1.00257329978304        1.03092070904614
H           -1.20996402220951       -3.18908204588200        0.88384561520983
H           -1.22414116356695       -3.19840483925143       -0.90913475833684
H           -2.62074929544656       -2.55633855724163        0.00201678575446
H            1.32784579178329       -2.92417560743483       -0.01052396564743
25
 energy: -178.925827293107 gnorm: 4.306663094392 xtb: 6.6.1 (8d0f1dd)
C            3.29223768816869        1.15383637935856        0.02722531600737
N            2.33657711929049        0.08319776200006        0.02223041936827
C            2.51533514545827       -1.18345668726347        0.00436302813811
N            1.34343607567647       -1.88379504976117        0.00208146556404
C            0.26813392891508       -1.04422353158514       -0.03934767696052
C           -0.91192538122596        1.09111996779423        1.00573467043073
C            0.02403618295864        1.59978557492077        0.13869777889034
O            0.67208978093628        2.55624056254706       -0.32227144277810
N           -1.27943939294858        1.01957913847748       -0.63276714125701
C           -2.08849394292648        2.12871990197687       -0.35660734852161
C           -1.90818288690593       -0.26473424196602       -0.20706432323630
O           -3.05015263862758       -0.40145232458196        0.06507504048992
N           -1.01325747625516       -1.33399749006380       -0.09723906559587
C           -1.54976411664581       -2.67789295892295       -0.02070187787518
H            3.73007160925158        1.19788891829815        1.01534448673933
H            4.01502578874250        1.01007088624049       -0.75839177226767
H            2.70304643502909        2.05743567569342       -0.15067921183969
H            3.46521789026156       -1.68727182272392       -0.00644013374830
H           -1.69059833565859        3.06202653408751       -0.04267158152528
H           -3.21847570825862        2.20356756686703       -0.70073172368340
H           -0.75456900944278        1.00669733412068        1.12149489632344
H           -1.21125194931111       -3.19000822862020        0.88306798620590
H           -1.22800363948213       -3.21213980535158       -0.91226572913032
H           -2.62768884775595       -2.56576462745030        0.00164096258242
H            1.32702719485581       -2.90719089249129       -0.00860540442065
25
 energy: -178.957282096749 gnorm: 0.322925887458 xtb: 6.6.1 (8d0f1dd)
C            3.27294862331112        1.14569112058514        0.02647533545344
N            2.33069325567657        0.07894229747967        0.01961014153057
C            2.51718520600050       -1.18059728773921        0.00290941218780
N            1.34141575345244       -1.89275862388052        0.00052534282905
C            0.28155978217756       -1.05475295191863       -0.03047288577993
C           -0.92307340332780        1.07803390494243        0.97929179357910
C            0.06315048994756        1.59276419825443        0.09174449011800
O            0.65365641801033        2.57847954961141       -0.27540743842366
N           -1.31284455726857        1.03158728437200       -0.62110041491324
C           -2.11577728757671        2.13371034519373       -0.30997243254533
C           -1.91069297416730       -0.25903668670978       -0.17809828021590
O           -3.05952118582593       -0.40614929396827        0.06340594516864
N           -0.99766191658327       -1.33088514247221       -0.07873028112737
C           -1.54529993484103       -2.67174144170199       -0.01741417676015
H            3.72542458096406        1.19459401870394        1.01024795405142
H            4.00509191581760        1.00594534725356       -0.75602920778412
H            2.70009406327977        2.05901338632408       -0.14994397139983
H            3.47368499030243       -1.68217298268019       -0.00692637012904
H           -1.68535400892607        3.07006402682627       -0.03335156050314
H           -3.16528490932200        2.19366238566248       -0.73969169632402
H           -0.75532670680045        1.00529126719021        1.06871681964790
H           -1.21058377061408       -3.18922135227168        0.88341493734172
H           -1.22609894070417       -3.20480655422250       -0.91035990259316
H           -2.62418629432794       -2.56093145103462        0.00190292041389
H            1.32723232544520       -2.91648682219934       -0.00957485592265
25
 energy: -166.765838902881 gnorm: 40.124589783789 xtb: 6.6.1 (8d0f1dd)
C            3.27172805317567        1.14460757092832        0.02627356426611
N            2.33228925060481        0.07858402412617        0.01950650198965
C            2.51689382647854       -1.17775751091888        0.00277016949701
N            1.33846588018939       -1.89187535476940        0.00024363409627
C            0.28329806348754       -1.05555387040550       -0.03130780182804
C           -0.63136240245288        0.95701417499117        1.12144649230546
C            0.07611089533122        1.59548198665255        0.08945427479382
O            0.65254229849371        2.57416368987368       -0.27459739847807
N           -1.30859232464916        1.03000509012779       -0.60672432946917
C           -2.11700185068989        2.13092425739680       -0.30737512570515
C           -1.90876568763212       -0.25959206795588       -0.17688048208908
O           -3.06014519726062       -0.40489048095848        0.06294275501888
N           -0.99566381512656       -1.33149827655487       -0.07971548615444
C           -1.54555629494992       -2.67192452034629       -0.01757788594143
H            3.72622007737219        1.19498023181443        1.01019477543780
H            4.00592002972928        1.00630522640956       -0.75657176013541
H            2.70061289517728        2.05913199450032       -0.15021791803067
H            3.47384686922471       -1.68269436903505       -0.00734296876195
H           -1.68508921682755        3.07071813578843       -0.03420999933718
H           -3.16255347247550        2.19216531174850       -0.73667561466103
H           -1.06836626353964        1.13196563296229        0.91240685963674
H           -1.21045830274136       -3.18908274977590        0.88321339883940
H           -1.22643041627336       -3.20541714049278       -0.91035509138327
H           -2.62458606959206       -2.56164075640450        0.00205033276093
H            1.32707468904612       -2.91588168810206       -0.00977927876723
25
 energy: -159.430017130954 gnorm: 436.194708510547 xtb: 6.6.1 (8d0f1dd)
C            3.27163114902720        1.14450419722693        0.02632498134993
N            2.33240803534185        0.07854104041638        0.01954008386742
C            2.51686953347355       -1.17757391029947        0.00282499835247
N            1.33823868613067       -1.89180372894037        0.00026632593471
C            0.28339352158899       -1.05565198485299       -0.03134689934936
C           -0.82107400640146        1.03453204787514        1.02834124077892
C            0.07521880399445        1.59609951273974        0.08963350069530
O            0.65255244651881        2.57364030932793       -0.27470410723493
N           -1.30919777925238        1.03024025620490       -0.60770079990232
C           -2.11756826366419        2.13109836726944       -0.30816849244362
C           -1.90884910060923       -0.25963837302244       -0.17706726046427
O           -3.06021272864270       -0.40481749283617        0.06280147656830
N           -0.99553630263255       -1.33151718268881       -0.07977923557705
C           -1.54558206777988       -2.67192193607142       -0.01760966066706
H            3.72625783690228        1.19498815076896        1.01026652932596
H            4.00600125679943        1.00629750316606       -0.75652927675962
H            2.70066825134202        2.05912195174368       -0.15018903396981
H            3.47385089161325       -1.68275551164926       -0.00728255912276
H           -1.68503596938360        3.07072843006110       -0.03426657876368
H           -3.16232059778392        2.19210011768662       -0.73660599057993
H           -0.87675797758896        1.05406103242586        1.00732597454311
H           -1.21049116633084       -3.18905858941332        0.88319031840712
H           -1.22645307559632       -3.20545549871475       -0.91036563033758
H           -2.62462791464026       -2.56166717921123        0.00201369321976
H            1.32704805167363       -2.91585298761215       -0.00974197997103
25
 energy: -172.932332100009 gnorm: 35.564089520731 xtb: 6.6.1 (8d0f1dd)
C            3.27157083616830        1.14450119157801        0.02622090927342
N            2.33245998670829        0.07855052813184        0.01945855441607
C            2.51687418729472       -1.17745563466401        0.00272779639743
N            1.33815807418849       -1.89175731620547        0.00019903212313
C            0.28345365323522       -1.05569084462095       -0.03138328717652
C           -0.67146239995829        0.98439504503666        1.08004826331971
C            0.07527881877696        1.59626486071291        0.08966587746251
O            0.65248249445541        2.57346453535615       -0.27469970017197
N           -1.30929001462357        1.03025788020755       -0.60756641470203
C           -2.11774223856038        2.13105020587158       -0.30819865744909
C           -1.90883078437367       -0.25966989140847       -0.17700925744664
O           -3.06022961571303       -0.40482167994409        0.06289159071763
N           -0.99546494299145       -1.33154280821329       -0.07977764338836
C           -1.54556045446442       -2.67194483011495       -0.01757947590032
H            3.72630263377938        1.19502961930559        1.01015279825876
H            4.00598849592565        1.00635736509319       -0.75667274701708
H            2.70065514098541        2.05915624142414       -0.15026638428371
H            3.47387548358101       -1.68273569580716       -0.00742632292391
H           -1.68505970515970        3.07071952996932       -0.03417991487429
H           -3.16228321976000        2.19203316919147       -0.73639296037579
H           -1.02632748819888        1.10417497443662        0.95582808357232
H           -1.21042256147954       -3.18907756036775        0.88320258538832
H           -1.22646012938548       -3.20547937929513       -0.91034743472203
H           -2.62461156197992       -2.56171710677233        0.00209121433340
H            1.32707682564931       -2.91582385730105       -0.00981488693099
25
 energy: -172.932332101429 gnorm: 35.564091428956 xtb: 6.6.1 (8d0f1dd)
C            3.27157083616830        1.14450119157801        0.02622090927342
N            2.33245998670829        0.07855052813184        0.01945855441607
C            2.51687418729472       -1.17745563466401        0.00272779639743
N            1.33815807418849       -1.89175731620547        0.00019903212313
C            0.28345365323522       -1.05569084462095       -0.03138328717652
C           -0.67146239995829        0.98439504503666        1.08004826331971
C            0.07527881877696        1.59626486071291        0.08966587746251
O            0.65248249445541        2.57346453535615       -0.27469970017197
N           -1.30929001462357        1.03025788020755       -0.60756641470203
C           -2.11774223856038        2.13105020587158       -0.30819865744909
C           -1.90883078437367       -0.25966989140847       -0.17700925744664
O           -3.06022961571303       -0.40482167994409        0.06289159071763
N           -0.99546494299145       -1.33154280821329       -0.07977764338836
C           -1.54556045446442       -2.67194483011495       -0.01757947590032
H            3.72630263377938        1.19502961930559        1.01015279825876
H            4.00598849592565        1.00635736509319       -0.75667274701708
H            2.70065514098541        2.05915624142414       -0.15026638428371
H            3.47387548358101       -1.68273569580716       -0.00742632292391
H           -1.68505970515970        3.07071952996932       -0.03417991487429
H           -3.16228321976000        2.19203316919147       -0.73639296037579
H           -1.02632748819888        1.10417497443662        0.95582808357232
H           -1.21042256147954       -3.18907756036775        0.88320258538832
H           -1.22646012938548       -3.20547937929513       -0.91034743472203
H           -2.62461156197992       -2.56171710677233        0.00209121433340
H            1.32707682564931       -2.91582385730105       -0.00981488693099
25
 energy: -174.797520143103 gnorm: 32.517996698329 xtb: 6.6.1 (8d0f1dd)
C            3.27142511590283        1.14437015927049        0.02625408661728
N            2.33262420671473        0.07850270271559        0.01947645242944
C            2.51684848491905       -1.17718677753115        0.00276970711122
N            1.33783891710913       -1.89164521941041        0.00020988692891
C            0.28359171907569       -1.05583591799980       -0.03144436363915
C           -1.00669292218105        1.09798800015989        0.96175463250179
C            0.07454577902871        1.59695919524880        0.08980465896933
O            0.65233991031709        2.57283956633710       -0.27479443224395
N           -1.30979764172814        1.03049173538213       -0.60799355088037
C           -2.11824586045755        2.13101414503744       -0.30890920678133
C           -1.90884936174228       -0.25972163715996       -0.17718271394410
O           -3.06030597982445       -0.40471041871530        0.06276350981021
N           -0.99528954259176       -1.33158499862324       -0.07987986427774
C           -1.54558592922555       -2.67195260609054       -0.01760851821479
H            3.72636458640054        1.19505594028140        1.01020833548077
H            4.00608894097108        1.00636824168603       -0.75666192062203
H            2.70072306127837        2.05915461595112       -0.15025410301363
H            3.47388777675923       -1.68280707732111       -0.00739164033241
H           -1.68501061481119        3.07073778731897       -0.03422894073048
H           -3.16195862551970        2.19192015596905       -0.73624381820413
H           -0.68957580663779        0.99042025129475        1.07541574062743
H           -1.21044170789791       -3.18905232722036        0.88317811290350
H           -1.22648989295833       -3.20553824001450       -0.91035278980893
H           -2.62465813178401       -2.56176898060771        0.00206938302875
H            1.32705503298309       -2.91577975435828       -0.00978702581561
25
 energy: -153.327675727048 gnorm: 606.303710593137 xtb: 6.6.1 (8d0f1dd)
C            3.27114226666774        1.14410568756126        0.02626863730127
N            2.33298176538888        0.07844034908834        0.01949363053466
C            2.51680031104612       -1.17660446927398        0.00279733776766
N            1.33716968383463       -1.89144682889055        0.00018923892941
C            0.28391769264286       -1.05603444622967       -0.03160430383633
C           -0.87160799747099        1.05341450516394        1.00935833457691
C            0.07481384374761        1.59794234733765        0.08964406888603
O            0.65234455868027        2.57185289503348       -0.27487826095583
N           -1.30999421313404        1.03048202657784       -0.60758584521235
C           -2.11908960509322        2.13090427614816       -0.30943056468652
C           -1.90876123717854       -0.25983958763614       -0.17725862242346
O           -3.06046886052564       -0.40448284260203        0.06253124556726
N           -0.99487004338363       -1.33166912840177       -0.08006754870107
C           -1.54565421695411       -2.67198138153648       -0.01766024564713
H            3.72652122155533        1.19511969763796        1.01026181961033
H            4.00628893629855        1.00641504204609       -0.75670267774969
H            2.70085727876748        2.05916269876807       -0.15027033000443
H            3.47390972830153       -1.68294831288047       -0.00740033493395
H           -1.68491368881769        3.07083292738410       -0.03441440923829
H           -3.16137410680590        2.19164652140834       -0.73572888515032
H           -0.82483160394917        1.03516079573206        1.02858445430186
H           -1.21045348959015       -3.18900943982417        0.88312963580766
H           -1.22656140381021       -3.20566376266668       -0.91036130595530
H           -2.62475205269091       -2.56189330467171        0.00205929312683
H            1.32701674657304       -2.91566772367327       -0.00978274401525
