72
 energy: -99.167784875937 gnorm: 1.334946859429 xtb: 6.6.1 (8d0f1dd)
N           -2.66161081041344        2.87416914983143        2.36846475415694
C           -2.04183847262352        2.28249784229692        1.33728865857542
C           -3.00506325611087        1.97469344252945        0.24070425797524
C           -3.51337244832102        0.54149013720203        0.34280521449374
C           -4.38474908574480        0.04057449822292       -0.58138826946740
C           -4.86387869112867       -1.27365260098662       -0.53841882870568
O           -5.72049880375276       -1.82426203271839       -1.42202223589285
C           -6.25067003716236       -1.03772127246810       -2.46009927422331
C           -4.41849594169728       -2.15118065905843        0.51188880888746
O           -4.91476678950749       -3.40704801962327        0.42277639274829
C           -4.58917192749506       -4.33683032316429        1.42753730715788
C           -3.57811821125162       -1.69320188598211        1.46895370714753
C           -3.07133311129727       -0.26866911890622        1.54456847938200
C           -2.40766437117279        2.23988253933172       -1.15897186248782
C           -1.45773577469196        1.14011353743696       -1.65955063910750
C           -0.17285016002139        1.08572937646416       -0.92873165054953
N            0.45115760848677       -0.03480779029172       -0.53464941524340
C            1.83841116519734        0.01977834142599       -0.13814315405101
C            2.78767402108822       -0.30754276023884       -1.30895577257217
C            4.21712276346801       -0.11104460364446       -0.89102570965079
C            4.85630648398179        1.09761808096482       -1.10115315850907
C            6.16978666296207        1.28601607829552       -0.69594607360560
C            6.86623644333505        0.26773345544152       -0.06478792410476
O            8.14316472541450        0.33967334995879        0.36985528410509
C            8.86734156938166        1.52879018669722        0.16003852960444
C            6.21755048429469       -0.97486291429521        0.15962162381893
O            6.97026137812154       -1.91323978373960        0.77801605826554
C            6.42094981775130       -3.18737999982518        1.00762833502542
C            4.90689085031892       -1.14143163185246       -0.25388363146390
C           -0.09218661279691       -1.34557160064313       -0.79549120354562
C           -4.18384603209304        2.94550539424214        0.60424149231020
C           -4.07345254965257        3.04059081374659        2.13538207265453
C           -4.05797548794628        4.33728641383791       -0.00914033195382
H           -4.70952821561088        0.67721600094367       -1.38994698716332
H           -6.81404356226044       -0.18365408520322       -2.07107801416987
H           -6.92527645970392       -1.69302115267294       -3.00765649165997
H           -5.46751309001624       -0.68108192388148       -3.13716712633879
H           -4.91377644559352       -3.99151644379584        2.41368398962608
H           -5.12639493643010       -5.24689093256429        1.16899392940654
H           -3.51445815441567       -4.54344330132151        1.44923980143729
H           -3.25063964589731       -2.33167657349726        2.27308549037796
H           -1.95517508361396       -0.33437670031251        1.48222228936063
H           -3.22424062766525        2.32245467846031       -1.87498415758064
H           -1.87566402967844        3.19056547398718       -1.14508522427465
H           -1.97002245051535        0.18030450142096       -1.63680676102818
H           -1.24132939220353        1.36965150307486       -2.71232535095353
H           -0.99039162343090        2.08169723912398        1.34255461276471
H            0.35966753434288        2.00908387659148       -0.76942526781298
H            2.00661100345549       -0.69074696227266        0.67571756567197
H            2.06691843432878        1.02195685823176        0.23022685800830
H            2.54957579514236        0.35483040701888       -2.14320279902783
H            2.62848574482159       -1.33832894435331       -1.62818259751139
H            4.33848072961518        1.90412223723244       -1.59821811525920
H            6.64399569184047        2.23524746287001       -0.88410126638195
H            8.40603542358470        2.37670135025531        0.67627901412343
H            8.96240082277769        1.75806897102194       -0.90586153660909
H            9.85527963330663        1.34680548812798        0.57882147087232
H            7.20871670057849       -3.76259824583871        1.49040141137848
H            5.55202782650152       -3.13758502263489        1.67242063656922
H            6.13747300901018       -3.67830517331245        0.07109071866599
H            4.40751829472712       -2.08502240980606       -0.09805318821387
H           -0.02837516719693       -1.60459215843248       -1.85604638785177
H           -1.13718584005722       -1.39769078046962       -0.49090448792826
H            0.46958120878371       -2.08152346630408       -0.22414372866747
H           -5.13782712818540        2.50938173176101        0.30822931284476
H           -3.26510521198650        0.03750398395837        2.15605646361213
H           -4.64427001076217        2.24515027744997        2.63069625612097
H           -4.41882715646808        4.00151630903377        2.51863156400136
H           -3.09991692903792        4.78751952567144        0.23824514364217
H           -4.16510567612743        4.30740837809047       -1.08853172746100
H           -4.84609110143247        4.97510142586518        0.38217050361017
H           -2.21866971644452        3.12021047849225        3.23680718522651
72
 energy: -99.381647107331 gnorm: 0.045922999528 xtb: 6.6.1 (8d0f1dd)
N           -2.66153518485273        2.87390797415657        2.36850952119791
C           -2.04181068956231        2.28222362588965        1.33717814557105
C           -3.00491983920686        1.97488055041295        0.24023217423110
C           -3.50992872595381        0.53969422643069        0.32482085517690
C           -4.38733670093383        0.04085163129601       -0.58571051060098
C           -4.86409778246002       -1.27428806432017       -0.53956061611248
O           -5.72095778934337       -1.82453679349173       -1.42230869963802
C           -6.25075304218205       -1.03769282017374       -2.46015733966785
C           -4.42083432638284       -2.15486603614114        0.50945116213321
O           -4.91672768287110       -3.40863585738146        0.42241164431465
C           -4.58924860171727       -4.33703336048846        1.42756070355718
C           -3.57482265044578       -1.70584031781034        1.45676607326553
C           -3.02953096868997       -0.32572275579192        1.43124870737870
C           -2.40763233342683        2.24023457814654       -1.15909741420390
C           -1.45775696567460        1.14015644552565       -1.65955593388048
C           -0.17280745504462        1.08572906425261       -0.92881888765709
N            0.45113862932351       -0.03484930087774       -0.53464476789328
C            1.83843213870105        0.01977599711160       -0.13815792609897
C            2.78764764964892       -0.30753930260634       -1.30894151487144
C            4.21712352174055       -0.11104742647891       -0.89101563758416
C            4.85629544741741        1.09762454824994       -1.10112699761922
C            6.16977307817613        1.28602006113060       -0.69591858819031
C            6.86623751398362        0.26773882049591       -0.06478088439807
O            8.14314570155639        0.33967775074133        0.36985132226220
C            8.86734140040317        1.52879149981253        0.16003726627265
C            6.21754718592163       -0.97486206507985        0.15962828068661
O            6.97024335922742       -1.91323309504699        0.77801535097081
C            6.42094041898751       -3.18738309174257        1.00762123914037
C            4.90688758637572       -1.14142389175539       -0.25388863100812
C           -0.09214718441377       -1.34557808181791       -0.79553699667836
C           -4.18377957496821        2.94549190864223        0.60424167953039
C           -4.07350517548825        3.04064767437587        2.13529533469359
C           -4.05801149889146        4.33707109867201       -0.00912517776153
H           -4.71103788826857        0.67778514567172       -1.39128745287503
H           -6.81402868759357       -0.18361425775606       -2.07104844647136
H           -6.92534270631205       -1.69299571606834       -3.00770018170710
H           -5.46747793151000       -0.68111295884029       -3.13719039068401
H           -4.91379699923208       -3.99149942333294        2.41371787084610
H           -5.12636517396934       -5.24707252088888        1.16908354970015
H           -3.51439402277132       -4.54339443031154        1.44922023395723
H           -3.25076845290292       -2.33147480536380        2.27286642807480
H           -1.93706180174231       -0.34335564945917        1.46501601519772
H           -3.22425099684040        2.32258130797642       -1.87501518979593
H           -1.87556353127869        3.19069662358517       -1.14502732329985
H           -1.97005524341717        0.18031045256329       -1.63680164235692
H           -1.24138642458920        1.36962699044186       -2.71237193654623
H           -0.99035371287281        2.08163444033568        1.34248315190555
H            0.35966914028485        2.00909190937409       -0.76947006243807
H            2.00660852329030       -0.69074426072407        0.67569908966917
H            2.06687756040734        1.02194233801242        0.23021529396485
H            2.54957614279485        0.35483046603328       -2.14319429035681
H            2.62849060777330       -1.33830066488352       -1.62818074145973
H            4.33847244793805        1.90413362017502       -1.59818225135771
H            6.64398270431315        2.23525718957524       -0.88406545366542
H            8.40604868927605        2.37669477372491        0.67628304501107
H            8.96238645840888        1.75807079074389       -0.90585673846675
H            9.85527322210350        1.34679507615048        0.57880675318019
H            7.20870699218636       -3.76259981322944        1.49038154974185
H            5.55202629852772       -3.13759130712372        1.67241549128455
H            6.13745911449335       -3.67829690125696        0.07108519286781
H            4.40751271756425       -2.08501670175099       -0.09805183409719
H           -0.02839035274772       -1.60459452306340       -1.85606454722351
H           -1.13713049952485       -1.39774370329568       -0.49098161454784
H            0.46958086919114       -2.08153508860158       -0.22417630409292
H           -5.13788992835147        2.50942991161087        0.30830881318160
H           -3.32256768490185        0.12334166422335        2.32792906130798
H           -4.64420677128396        2.24514450313436        2.63060664897639
H           -4.41887650115946        4.00159819822267        2.51866014862961
H           -3.09996920147262        4.78746236737159        0.23832928071191
H           -4.16487905203431        4.30744923808290       -1.08866054137956
H           -4.84635563826054        4.97514087476953        0.38213455084731
H           -2.21861614746586        3.12007917233160        3.23682667984917
72
 energy: -99.383615366418 gnorm: 0.034822810370 xtb: 6.6.1 (8d0f1dd)
N           -2.66106393088120        2.87242816707573        2.36710901701148
C           -2.04145604782678        2.27894771783133        1.33617159256603
C           -3.00355997824273        1.97157790521435        0.23893103327261
C           -3.50726535310985        0.53615566329704        0.32786537369215
C           -4.38805645942930        0.03877330613398       -0.58952110749631
C           -4.86023404535610       -1.27851895489063       -0.54765553871063
O           -5.72164199362566       -1.82690486305947       -1.42767286418745
C           -6.25329078114511       -1.03821994086826       -2.46312808784432
C           -4.41340906698200       -2.15983591953883        0.49933707683062
O           -4.92423998285798       -3.41014047819356        0.42111373160052
C           -4.59410330266091       -4.33726299097313        1.42710137708677
C           -3.56106969683863       -1.70595714806098        1.44819543877543
C           -3.02799533815685       -0.31370233734597        1.45684932982406
C           -2.40546039516617        2.24096567297605       -1.15998349636984
C           -1.45671124869213        1.14050989845141       -1.66159278821568
C           -0.17199781591791        1.08540557565770       -0.93058284475631
N            0.45121745550804       -0.03550839177784       -0.53562010200545
C            1.83822857181027        0.01936538832582       -0.13848454412927
C            2.78763848631128       -0.30741083705025       -1.30901912500689
C            4.21694180164804       -0.11082646809176       -0.89073650119237
C            4.85592496830102        1.09803118294404       -1.10021947623743
C            6.16940052990247        1.28641054381849       -0.69493148082382
C            6.86601700444754        0.26791255814518       -0.06431627902541
O            8.14305407394740        0.33965469813854        0.37000345556772
C            8.86727856996955        1.52871669937983        0.16003669526797
C            6.21736497186172       -0.97473557633471        0.15982502633315
O            6.97006646206350       -1.91328710006561        0.77798196410109
C            6.42064296960998       -3.18744951466092        1.00725173363445
C            4.90674470919037       -1.14126780647189       -0.25381105975244
C           -0.09165215509371       -1.34618719970089       -0.79748844951636
C           -4.18287043429484        2.94235720479398        0.60182460363063
C           -4.07297181654051        3.04090860835569        2.13279666995451
C           -4.05824272079267        4.33433264812513       -0.01100591820732
H           -4.73562493280177        0.68391293167471       -1.38185683576049
H           -6.81430904109938       -0.18384308057472       -2.07140283610887
H           -6.92971137745129       -1.69196351117244       -3.01047338113359
H           -5.47035115736855       -0.68162712605202       -3.14057477018199
H           -4.91531267879023       -3.99026365469350        2.41374526034812
H           -5.13081528805153       -5.24854575634013        1.17202649126138
H           -3.51872822359242       -4.54261422753546        1.44638341679660
H           -3.23564011015912       -2.33358533092722        2.26051703256247
H           -1.92898246916888       -0.32887709759384        1.48867140718261
H           -3.22251750000123        2.32444362665930       -1.87553324459625
H           -1.87287420424768        3.19151329470101       -1.14494482877203
H           -1.96965873418063        0.18096358954066       -1.63868149254815
H           -1.24119124483066        1.37002278609497       -2.71462214664218
H           -0.99030349381184        2.07668258124770        1.34256345640586
H            0.36051336764601        2.00872107919352       -0.77104153837457
H            2.00629523383485       -0.69116527979473        0.67529464419718
H            2.06610504479342        1.02152798577748        0.23009455880957
H            2.54969227661916        0.35511320293573       -2.14313886965191
H            2.62880098181972       -1.33805403029816       -1.62855743287864
H            4.33804852436207        1.90475268544058       -1.59686865940282
H            6.64355628245516        2.23579988150270       -0.88265333647920
H            8.40635119334477        2.37661481232753        0.67659376694761
H            8.96189358599154        1.75814188794195       -0.90585990784963
H            9.85533892018887        1.34649049935535        0.57834416720493
H            7.20843422779496       -3.76288342344083        1.48969644718088
H            5.55182463884413       -3.13780055789963        1.67219655318144
H            6.13695496365824       -3.67804781022261        0.07060444780622
H            4.40739041093218       -2.08490068802330       -0.09818539531406
H           -0.02718479897573       -1.60482887387211       -1.85806873300704
H           -1.13665129917789       -1.39883567187043       -0.49350142726147
H            0.46994919905897       -2.08216841570602       -0.22604939508368
H           -5.13781113912921        2.50663158705282        0.30774736065648
H           -3.32750872978598        0.13776569554473        2.36528474662777
H           -4.64478281843930        2.24617498179434        2.62834034765936
H           -4.41802387286945        4.00250506102658        2.51569714475784
H           -3.10171865657267        4.78612336475795        0.24023243783839
H           -4.16056643177917        4.30572146989369       -1.09119674524995
H           -4.84935192399157        4.97125329028687        0.37801645518477
H           -2.21824113902463        3.11802985218537        3.23580122061684
72
 energy: -99.384631582928 gnorm: 0.020543917068 xtb: 6.6.1 (8d0f1dd)
N           -2.65976634883752        2.87255082238634        2.36503996262669
C           -2.04075859620521        2.27907995023494        1.33415882349236
C           -3.00280196081396        1.97024786076127        0.23775578891368
C           -3.50488243585118        0.53408026351649        0.33312502608084
C           -4.38955947699305        0.03905496998718       -0.58676563974608
C           -4.85868807442400       -1.27929990849042       -0.54979125616298
O           -5.72142591493958       -1.82676892994810       -1.43012723383719
C           -6.25472867090411       -1.03763411926328       -2.46465245752771
C           -4.40794812228266       -2.16271239819233        0.49330400207922
O           -4.92844640343234       -3.41021817078766        0.42046345960418
C           -4.59609879284690       -4.33774909232333        1.42555855220525
C           -3.54799987871822       -1.70996691740857        1.43988059522511
C           -3.03388824459402       -0.30549697958036        1.48087759793229
C           -2.40389662361403        2.24038867443395       -1.16117692514512
C           -1.45583577964934        1.14011243643357       -1.66434138737684
C           -0.17101029423425        1.08453587988866       -0.93381300858802
N            0.45099343029989       -0.03631895215496       -0.53732761559772
C            1.83770056589854        0.01879258699316       -0.13914826826557
C            2.78767632783712       -0.30725085414395       -1.30918425891741
C            4.21667918876160       -0.11044124484593       -0.89020366632910
C            4.85538523477612        1.09870717489088       -1.09875595980670
C            6.16880294326008        1.28703267555002       -0.69335160857223
C            6.86565849641389        0.26815915823761       -0.06361963870025
O            8.14283851389556        0.33963395537756        0.37018779286438
C            8.86724126791565        1.52855661222147        0.15999098471512
C            6.21703393332204       -0.97459965006956        0.16007383759911
O            6.96967852624816       -1.91342173708774        0.77779126707581
C            6.42019648468173       -3.18765421457464        1.00658599769032
C            4.90649624590042       -1.14108345715204       -0.25374593802976
C           -0.09194782583362       -1.34683095261599       -0.79970103993563
C           -4.18211347335121        2.94145633027449        0.59969703800284
C           -4.07178287932591        3.04197269166439        2.13045873110886
C           -4.05871648072060        4.33261454859070       -0.01470971782924
H           -4.74269373772309        0.68633602602891       -1.37554552471207
H           -6.81616985487898       -0.18393839374588       -2.07201108117746
H           -6.93162530350475       -1.69084330126378       -3.01225004797602
H           -5.47220902474843       -0.68042076303870       -3.14235156349069
H           -4.91609986413309       -3.99013823630000        2.41243303374728
H           -5.13230519989826       -5.25000994706400        1.17232461711029
H           -3.52043857607038       -4.54152216892650        1.44331592238688
H           -3.21839472511260       -2.34460593309438        2.24470186536192
H           -1.93043387946518       -0.31816618839745        1.50722679626323
H           -3.22104198113076        2.32561579513235       -1.87654803627887
H           -1.87039299098685        3.19060221585582       -1.14418050582382
H           -1.96971486172221        0.18102639132873       -1.64085452006394
H           -1.24111588898227        1.36961778444591       -2.71760348438537
H           -0.99016060225899        2.07343093089805        1.34219623656290
H            0.36135651934276        2.00793686314031       -0.77388622807653
H            2.00546774028720       -0.69182589918616        0.67452270582260
H            2.06495519144648        1.02089244780714        0.22990286750224
H            2.54989912510267        0.35555322176576       -2.14308093785579
H            2.62924415886462       -1.33773561756325       -1.62924339717996
H            4.33739130538094        1.90571845212754       -1.59477148504794
H            6.64279807832389        2.23662651192221       -0.88037644582251
H            8.40693221584407        2.37643924247556        0.67711528947804
H            8.96107374471175        1.75821248861395       -0.90593148386739
H            9.85556252600855        1.34590797554758        0.57750063160794
H            7.20803481966564       -3.76345704886706        1.48851658368353
H            5.55156370355000       -3.13821989773578        1.67177482217097
H            6.13617022212013       -3.67771501657392        0.06977336797089
H            4.40722402802922       -2.08481188500816       -0.09854429279038
H           -0.02694629978880       -1.60504089919390       -1.86041171893401
H           -1.13702020495390       -1.39944400186870       -0.49575405781119
H            0.46970180667849       -2.08291155109824       -0.22838857957231
H           -5.13718247711944        2.50470799204472        0.30771447892164
H           -3.33974653733685        0.15030582177173        2.40966805522470
H           -4.64438859415308        2.24804128499770        2.62643291482929
H           -4.41633538290050        4.00406361579618        2.51269575377876
H           -3.10498323935822        4.78727445961810        0.24208294650406
H           -4.15420220527022        4.30393063566324       -1.09559127748737
H           -4.85427430342446        4.96724162586422        0.36962842721039
H           -2.21706873507082        3.11593547577434        3.23452835796927
72
 energy: -99.384879397523 gnorm: 0.011630639830 xtb: 6.6.1 (8d0f1dd)
N           -2.65866744186635        2.87401402986049        2.36394501811050
C           -2.03978782202044        2.28056645072523        1.33365350739293
C           -3.00198493843421        1.97060138776032        0.23802256690819
C           -3.50450074509503        0.53443295025503        0.33685005855867
C           -4.39077503087532        0.04066166340962       -0.58163582383365
C           -4.86060024314337       -1.27727919269435       -0.54663040766150
O           -5.72172167532123       -1.82507483850169       -1.42883467100780
C           -6.25464977036067       -1.03610589556846       -2.46379708561886
C           -4.40935511883091       -2.16117731561223        0.49555229943530
O           -4.92600522869440       -3.40975970626138        0.41944737542327
C           -4.59420168419780       -4.33851405400010        1.42350765605909
C           -3.54495567818970       -1.71182603052411        1.43874789199689
C           -3.03807790388259       -0.30542819720464        1.48617646819058
C           -2.40388488635750        2.23919005198351       -1.16149301704393
C           -1.45650633241475        1.13894338451794       -1.66560067746081
C           -0.17102884270164        1.08352734094807       -0.93638950844096
N            0.45044572514263       -0.03700590946171       -0.53886797692302
C            1.83696682520321        0.01818032867658       -0.13974709295976
C            2.78768862342206       -0.30705225262254       -1.30946902094085
C            4.21647989582847       -0.11003296170439       -0.88971690580054
C            4.85490786875857        1.09945409248719       -1.09725690375335
C            6.16827326139400        1.28767606420058       -0.69170247976606
C            6.86531455429705        0.26842346598468       -0.06276120104954
O            8.14260521270322        0.33966419025296        0.37059765318422
C            8.86720087919837        1.52844348998183        0.16017577759675
C            6.21678621478986       -0.97451338666874        0.16036614334278
O            6.96939627549872       -1.91357295480523        0.77766222425538
C            6.41982514191702       -3.18786727247534        1.00593336410087
C            4.90628688787766       -1.14091300860135       -0.25363512501842
C           -0.09262849109573       -1.34750210067135       -0.80099491828556
C           -4.18154515000874        2.94177577496925        0.59864661639461
C           -4.07064443321252        3.04389362775970        2.12908857251341
C           -4.05901596409159        4.33198186065240       -0.01749165294589
H           -4.73728595994611        0.68632739921389       -1.37392354718913
H           -6.81722749687385       -0.18295392999554       -2.07171702473615
H           -6.93087199592482       -1.68981287629576       -3.01152845945926
H           -5.47243853119115       -0.67834340166982       -3.14161955878694
H           -4.91531108615778       -3.99163544160820        2.41050973159845
H           -5.13057278486215       -5.25034009440580        1.16909349812684
H           -3.51884159509458       -4.54266426235152        1.44175102344024
H           -3.20889133409754       -2.35194008687112        2.23724796697880
H           -1.93528202581357       -0.31494519556772        1.51495298352728
H           -3.22065187679141        2.32549288180070       -1.87696789149941
H           -1.86969885421341        3.18885700503422       -1.14400451984358
H           -1.97033368073904        0.17987496549997       -1.64180826723709
H           -1.24237654796637        1.36858930553787       -2.71893204778329
H           -0.98972891537578        2.07212307663799        1.34292814917563
H            0.36141183610004        2.00691971205370       -0.77662234341033
H            2.00447547114395       -0.69278727738962        0.67377632678443
H            2.06377855726382        1.02024064297751        0.22983332445641
H            2.55014330417645        0.35609216650120       -2.14323356273196
H            2.62971184114558       -1.33748773143201       -1.63008762634802
H            4.33674470295760        1.90671688197435       -1.59270052497818
H            6.64207524194990        2.23748158346721       -0.87801066804009
H            8.40754224299511        2.37631842229163        0.67786759523491
H            8.96026548318320        1.75833947031530       -0.90575560475298
H            9.85579703861667        1.34541729637859        0.57686269349295
H            7.20770893083218       -3.76397891777481        1.48738821461730
H            5.55136055208110       -3.13865590148560        1.67135027022680
H            6.13554087417680       -3.67742705659261        0.06894238452367
H            4.40709207493372       -2.08478747573906       -0.09900237590893
H           -0.02803373900079       -1.60551241328505       -1.86177835264891
H           -1.13760996647923       -1.39995077763189       -0.49654433905593
H            0.46917874912215       -2.08377538314531       -0.23006629913520
H           -5.13619528268839        2.50366081944302        0.30739449713798
H           -3.34647537161613        0.15254784933778        2.42689112334820
H           -4.64363134002508        2.25078068088201        2.62563587223074
H           -4.41463145401787        4.00653575832777        2.51013716299105
H           -3.10778031902726        4.78964458317425        0.24311900857019
H           -4.14930993519883        4.30141810423411       -1.09868937475148
H           -4.85828349630573        4.96470055901670        0.36198779433717
H           -2.21648769950451        3.11525350459199        3.23423888514656
72
 energy: -99.384998641115 gnorm: 0.003246652835 xtb: 6.6.1 (8d0f1dd)
N           -2.65760006044401        2.87658018014559        2.36314583043424
C           -2.03871265397319        2.28249015559045        1.33369568330768
C           -3.00109513575488        1.97117457473620        0.23877884762004
C           -3.50461488635592        0.53528502290272        0.34004398153614
C           -4.39133396170782        0.04225278982937       -0.57651600784398
C           -4.86381117540467       -1.27442475530613       -0.54158715574580
O           -5.72308350434102       -1.82241162118644       -1.42558936664488
C           -6.25461349362463       -1.03350385612502       -2.46132543061532
C           -4.41102246490495       -2.15905520357561        0.49910235292954
O           -4.92039780135930       -3.40985078529175        0.41748079214027
C           -4.59034622401168       -4.34005712589006        1.42062152838581
C           -3.54384396722927       -1.71281372026709        1.43928692784365
C           -3.04096753678643       -0.30759640474290        1.48534707124090
C           -2.40426881799318        2.23744207115619       -1.16149278693433
C           -1.45798220940647        1.13684491549278       -1.66651019545962
C           -0.17151932459430        1.08187792005774       -0.93911852541950
N            0.44964943269176       -0.03822555055868       -0.54053577092595
C            1.83595336071250        0.01718157541286       -0.14051917510320
C            2.78767821696206       -0.30682027886497       -1.30984875822343
C            4.21616109972841       -0.10948247757553       -0.88902448405912
C            4.85421132629624        1.10046730957252       -1.09513510005396
C            6.16750490184844        1.28857154212704       -0.68931765052066
C            6.86479992177541        0.26880990164830       -0.06145151315971
O            8.14223926337048        0.33974428791931        0.37140220742891
C            8.86709718622248        1.52832670262014        0.16069042564410
C            6.21642993643540       -0.97438370984049        0.16080962910019
O            6.96904032800279       -1.91377994815675        0.77751368519243
C            6.41939962970693       -3.18819032627382        1.00501923680621
C            4.90600907319166       -1.14069101939763       -0.25351753865630
C           -0.09372867194602       -1.34872033444849       -0.80202540090286
C           -4.18064531279423        2.94267115968194        0.59795599134042
C           -4.06947428676896        3.04695542673749        2.12810217184453
C           -4.05935826475873        4.33166353874245       -0.02088136470584
H           -4.72973531574657        0.68621510190359       -1.37316809608879
H           -6.81794233427206       -0.18043019771434       -2.07024417401012
H           -6.92992883197555       -1.68767218567000       -3.00956429541501
H           -5.47208356427598       -0.67563547512007       -3.13873904776177
H           -4.91239781181037       -3.99399574648926        2.40777111972309
H           -5.12767428748468       -5.25076804594544        1.16429161747647
H           -3.51548758819187       -4.54581864614582        1.43960957254823
H           -3.20131295273075       -2.35718695794311        2.23227920123880
H           -1.93996922674450       -0.31251633692221        1.52179968772989
H           -3.22106680261598        2.32448231475052       -1.87666328221675
H           -1.86930641907364        3.18656037872394       -1.14440022426974
H           -1.97163088786529        0.17773990770066       -1.64203094002695
H           -1.24496179436413        1.36645737114997       -2.72006216131073
H           -0.98920390748928        2.07124951502224        1.34417274359262
H            0.36109549476808        2.00529785004520       -0.78014470186628
H            2.00316207161836       -0.69429782897077        0.67267418820590
H            2.06215585556031        1.01913183960508        0.22986460237018
H            2.55040986728153        0.35682460743486       -2.14334707174458
H            2.63035076693892       -1.33713929583662       -1.63131753590069
H            4.33581856570154        1.90807954478848       -1.58978370989154
H            6.64104634458821        2.23869186421188       -0.87460346007721
H            8.40834168200096        2.37619057198780        0.67918809654185
H            8.95910745286642        1.75857294236073       -0.90525517742704
H            9.85607458505296        1.34476189507181        0.57623966692072
H            7.20734152469779       -3.76471781042822        1.48586077885699
H            5.55111574552667       -3.13932706078778        1.67069487138859
H            6.13482005352036       -3.67705702933204        0.06775931581385
H            4.40696218691491       -2.08479556004079       -0.09977345550338
H           -0.03032201590021       -1.60656967220247       -1.86292016686390
H           -1.13843571490234       -1.40095060338319       -0.49638712311306
H            0.46853569713387       -2.08518741525763       -0.23183878346381
H           -5.13474983047843        2.50308940613444        0.30723938568618
H           -3.35203708600342        0.15174695149645        2.43603201700460
H           -4.64280864789941        2.25505864454269        2.62589547683956
H           -4.41253158806719        4.01054555439653        2.50732342549146
H           -3.11106631046355        4.79315656985335        0.24357962209050
H           -4.14395965851657        4.29812622035016       -1.10239798885867
H           -4.86284078448802        4.96237604428489        0.35263447634327
H           -2.21612285859289        3.11551833800091        3.23439623472839
