25
 energy: -56.819823287891 gnorm: 10.796982206211 xtb: 6.6.1 (8d0f1dd)
C            3.21786164340000        1.13591514650000        0.01837059260000
N            2.27034809790000        0.05199982890000        0.00038279530000
C            2.54167221030000       -1.23971668410000       -0.00834188300000
N            1.39367826450000       -1.95088267900000       -0.00850347120000
C            0.35269634020000       -1.06748964300000        0.00059917290000
C            0.90759959010000        0.20069750900000        0.00663590170000
C            0.07590235260000        1.39864294500000       -0.00284827040000
O            0.48715076820000        2.53168346660000       -0.01725767220000
N           -1.27221500230000        1.06666939660000        0.00165480230000
C           -2.23229981500000        2.16656245330000       -0.00245172030000
C           -1.84872931540000       -0.19179276200000        0.00496135950000
O           -3.03273030250000       -0.36103538130000        0.00858583760000
N           -0.96599111670000       -1.30060631840000        0.00174701630000
C           -1.52030655580000       -2.64076660390000       -0.00239033190000
H            3.71480285180000        1.18589984860000        0.98803183970000
H            3.97079415090000        0.99383197990000       -0.75543416370000
H            2.68321036910000        2.07051068580000       -0.15067179540000
H            3.52469367910000       -1.66989040330000       -0.01523639120000
H           -1.67672429040000        3.10039111610000        0.00486339690000
H           -2.85755792270000        2.10547813320000       -0.89185337000000
H           -2.87119733260000        2.09858159720000        0.87661144540000
H           -1.20589108080000       -3.18768007210000        0.88663215920000
H           -1.21982032550000       -3.17678505510000       -0.90288069810000
H           -2.60531402170000       -2.54255916880000        0.00649952960000
H            1.32879827740000       -2.95942079410000       -0.01653446370000
25
 energy: -69.564987820605 gnorm: 14.711941155366 xtb: 6.6.1 (8d0f1dd)
C            3.21787660582570        1.13589962523322        0.01836442699235
N            2.27037927123435        0.05216923044935        0.00037296870318
C            2.54178234871967       -1.23985495996916       -0.00834989754650
N            1.39358670755538       -1.95095300762371       -0.00850837587859
C            0.35265076090363       -1.06764302661019        0.00051831755630
C            0.90749354819470        0.20076977507087        0.00662853415633
C            0.07612525166797        1.39850329271501       -0.00287367321669
O            0.48713841062189        2.53173173265465       -0.01725343162174
N           -1.27001911885873        1.06680777649875        0.00119900626086
C           -2.23148822249996        2.16479547581478       -0.00427518683796
C           -1.84596491888858       -0.18599281214304        0.00533467675954
O           -3.01240162699930       -0.01094501838928        0.13357475353055
N           -0.96730249345536       -1.30110049101639        0.00172434720279
C           -1.52043493342828       -2.64083269922191       -0.00233502009617
H            3.71481449884925        1.18588125754879        0.98802125685122
H            3.97079463550875        0.99381259650165       -0.75544548155743
H            2.68322466446985        2.07049534689105       -0.15067983980215
H            3.52467639891857       -1.66990579435864       -0.01524738431398
H           -1.67706011332913        3.10062136451764        0.00558809889633
H           -2.85734216347648        2.10551378549056       -0.89203721405065
H           -2.89582019425770        1.74489990083365        0.75312021654959
H           -1.20590096536911       -3.18766701339981        0.88663001747077
H           -1.21984027363070       -3.17676981322331       -0.90287081869019
H           -2.60531919980352       -2.54258596198932        0.00651000666626
H            1.32878263562713       -2.95941202067519       -0.01653868608400
25
 energy: -86.207800744102 gnorm: 18.617206971145 xtb: 6.6.1 (8d0f1dd)
C            3.21788858618347        1.13588619044699        0.01836100386507
N            2.27039514351185        0.05231471209264        0.00036830529839
C            2.54187995965911       -1.23997410305629       -0.00835848068933
N            1.39344998557437       -1.95102160764651       -0.00852530319391
C            0.35267771859991       -1.06762988756824        0.00043727200831
C            0.90743967556128        0.20078222086606        0.00664458254408
C            0.07628387052169        1.39844327254435       -0.00295954391663
O            0.48722491482003        2.53185868218204       -0.01724945431379
N           -1.26666090301898        1.06742170779067        0.00031524220201
C           -2.23076404998491        2.16292443227938       -0.00583345129944
C           -1.84297063874448       -0.18045177176215        0.00592647211957
O           -2.99268260966632        0.33886534496156        0.25881675014386
N           -0.96911265116340       -1.30133984774220        0.00170192258939
C           -1.52061471743416       -2.64087226735888       -0.00229532704518
H            3.71482345969352        1.18586408121005        0.98801466837516
H            3.97079536557657        0.99379603941739       -0.75545399492331
H            2.68323243336383        2.07048298695071       -0.15068218238513
H            3.52466018584251       -1.66992305927645       -0.01525791462787
H           -1.67752727025705        3.10073092529291        0.00650481502587
H           -2.85707379185291        2.10562169574929       -0.89239517045578
H           -2.92057845963114        1.39094094489582        0.62935794018883
H           -1.20591682085300       -3.18767142156060        0.88662827597561
H           -1.21986185917656       -3.17677256384582       -0.90287173910585
H           -2.60532939007024       -2.54263278520550        0.00652236250416
H            1.32877337704502       -2.95940538005723       -0.01654543298407
25
 energy: -104.355867290829 gnorm: 7.675037881031 xtb: 6.6.1 (8d0f1dd)
C            3.21790157883779        1.13586935713422        0.01836011928385
N            2.27041339713722        0.05260444706662        0.00035651691882
C            2.54209960613192       -1.24019558453581       -0.00837860698043
N            1.39322290972257       -1.95119186499027       -0.00856348549696
C            0.35276308741277       -1.06756964675437        0.00039251591361
C            0.90733533029431        0.20088766823466        0.00667620572618
C            0.07676357893011        1.39833272915637       -0.00307166009482
O            0.48733764635260        2.53206457784747       -0.01722960887301
N           -1.26339172580832        1.06840848506994       -0.00075600376876
C           -2.22927262641638        2.16227659041235       -0.00729990694478
C           -1.84075285574262       -0.17506322203185        0.00652294372486
O           -2.97275948145147        0.68772405863327        0.38418870201700
N           -0.97111066687252       -1.30139696930163        0.00189785192773
C           -1.52080161877907       -2.64089662689437       -0.00226118518593
H            3.71483787205533        1.18583761168097        0.98800988682116
H            3.97079649302871        0.99377399964313       -0.75546496185930
H            2.68324576845374        2.07046118527820       -0.15068103730011
H            3.52463011302669       -1.66994417128689       -0.01527740976263
H           -1.67775560750071        3.10091349207105        0.00720676998389
H           -2.85693385381168        2.10578105445349       -0.89255657567637
H           -2.94574340824712        1.03610407289049        0.50539752752850
H           -1.20593241068562       -3.18768246087721        0.88661954351471
H           -1.21988403491286       -3.17676952186159       -0.90287832760231
H           -2.60534103869172       -2.54270115913225        0.00652601991835
H            1.32876346163633       -2.95938956030599       -0.01656421583327
25
 energy: 72.033952810174 gnorm: 8237.784120769100 xtb: 6.6.1 (8d0f1dd)
C            3.21787839125761        1.13590657906246        0.01842281267645
N            2.27029330608734        0.05373809481161        0.00038193962395
C            2.54314613919148       -1.24089618950737       -0.00844586374909
N            1.39239226158524       -1.95186321361390       -0.00862350926651
C            0.35267578058272       -1.06742427012149        0.00072847059659
C            0.90741270155789        0.20130011732639        0.00683340581581
C            0.07815404568298        1.39728908323472       -0.00362858332486
O            0.48776320017845        2.53369426822568       -0.01710760477439
N           -1.25414480171058        1.07328085255658       -0.00373703458454
C           -2.22291415171748        2.16503360328007       -0.01233490305967
C           -1.83966446016169       -0.16895416767739        0.00526644248733
O           -2.97021555639102        0.86018381047815        0.45283223470520
N           -0.97424582726223       -1.30145592847575        0.00334523433805
C           -1.52111769267993       -2.64070979945674       -0.00222468661266
H            3.71484407789455        1.18584448710996        0.98807529606918
H            3.97078451853061        0.99381431103369       -0.75543792101537
H            2.68323279694192        2.07045034938071       -0.15062005030599
H            3.52457786884574       -1.66991432273688       -0.01533192800644
H           -1.67738627174343        3.10191569470468        0.00845722424825
H           -2.85703770114458        2.10722048371460       -0.89273241651973
H           -2.96374311086957        0.84668039961169        0.44365657250049
H           -1.20591912324329       -3.18782598627801        0.88654852884964
H           -1.21983430852429       -3.17676937741713       -0.90292960557184
H           -2.60530676625213       -2.54300259690115        0.00642422085313
H            1.32880619746370       -2.95929774074517       -0.01664665807297
