72
 energy: -100.173852068577 gnorm: 0.176273687410 xtb: 6.6.1 (8d0f1dd)
N           -1.47310948490000        2.74401344020000        2.22063962890000
C           -1.55658908660000        2.16490325710000        1.13274294970000
C           -2.74549250730000        2.05621270340000        0.23826252860000
C           -3.31377614600000        0.64333423480000        0.32332518650000
C           -4.30230235840000        0.24487114700000       -0.58026172470000
C           -4.85238853070000       -1.02286509430000       -0.53363598620000
O           -5.81420080700000       -1.48606061760000       -1.36157907990000
C           -6.39655751930000       -0.60827011470000       -2.29568516900000
C           -4.39972583170000       -1.94646138300000        0.44396937360000
O           -4.98748403830000       -3.16146055820000        0.41085999630000
C           -4.66362214440000       -4.10093903850000        1.40909153890000
C           -3.42072576950000       -1.54561413490000        1.33436571020000
C           -2.88302853110000       -0.26315805280000        1.27400174410000
C           -2.19303838800000        2.30467043070000       -1.18742999140000
C           -1.26651561740000        1.17243391200000       -1.65249460350000
C            0.01082525140000        1.09745474840000       -0.89354820080000
N            0.61779404940000       -0.02034948430000       -0.57705533220000
C            2.00145247490000       -0.02376006830000       -0.15611402500000
C            2.92554988940000       -0.53865292670000       -1.27700112500000
C            4.35756923930000       -0.43050765220000       -0.83075559740000
C            5.07346229610000        0.73206422670000       -1.03980985120000
C            6.38628105150000        0.84224457050000       -0.60344833900000
C            7.00047394670000       -0.20824760200000        0.05722315480000
O            8.26703810540000       -0.21011317000000        0.52410953370000
C            9.06912396130000        0.92943618280000        0.31863063920000
C            6.27040080620000       -1.40439780020000        0.28033471210000
O            6.94830068840000       -2.38012969870000        0.92752016290000
C            6.31537434930000       -3.61583267180000        1.15217733090000
C            4.96302886720000       -1.49347499580000       -0.16064433340000
C           -0.05511212390000       -1.29906271910000       -0.62085697840000
C           -3.86758108790000        3.07992657580000        0.58498071070000
C           -4.49286243030000        2.77383544520000        1.94313325540000
C           -3.39165242810000        4.52917750630000        0.54797533640000
H           -4.66030112940000        0.94509084900000       -1.31640593250000
H           -6.85038055670000        0.25803166980000       -1.80468878800000
H           -7.17287575700000       -1.18600132850000       -2.79318209390000
H           -5.66836922630000       -0.26952971320000       -3.04040311660000
H           -4.88416811300000       -3.71589529470000        2.40913586890000
H           -5.29223668820000       -4.96637550910000        1.20969259350000
H           -3.61139880150000       -4.39919916960000        1.35529382990000
H           -3.07077853590000       -2.21868806880000        2.10002701660000
H           -2.14562794240000        0.02067851080000        2.01001381680000
H           -3.02188931450000        2.38238056520000       -1.88813580090000
H           -1.65198561550000        3.25146761010000       -1.20556306940000
H           -1.81103407850000        0.23006528910000       -1.62116331710000
H           -0.99335706960000        1.37490237710000       -2.69443306970000
H           -0.67628076910000        1.65183917700000        0.61785738610000
H            0.63525852980000        1.98466406620000       -0.92314038320000
H            2.11132591670000       -0.65949705080000        0.72532626690000
H            2.30680515860000        0.98978270070000        0.11078974850000
H            2.76694250160000        0.06750736400000       -2.17075292480000
H            2.67954631090000       -1.57455657020000       -1.51167771570000
H            4.62170084310000        1.56295641050000       -1.56123607970000
H            6.92357803100000        1.75715848550000       -0.79119611400000
H            8.65159273530000        1.81001856910000        0.81701570320000
H            9.20136341880000        1.14042878990000       -0.74699005810000
H           10.03429024200000        0.69003252980000        0.76064952080000
H            7.05567305890000       -4.23621250400000        1.65347596620000
H            5.43848101970000       -3.50813623270000        1.79970599180000
H            6.02060153620000       -4.09420573090000        0.21253286580000
H            4.40102840160000       -2.40127310930000       -0.00490198340000
H           -0.22071303810000       -1.61775613620000       -1.65116039620000
H           -1.01972276930000       -1.24102740460000       -0.10935208860000
H            0.55899964520000       -2.04486123870000       -0.12333732710000
H           -4.63991961830000        2.95501147630000       -0.18098091430000
H           -3.76095286260000        2.90314758830000        2.73380871780000
H           -4.87457704480000        1.75695674120000        1.97884639820000
H           -5.31925651250000        3.45579274450000        2.12325603650000
H           -2.60025638380000        4.69225133210000        1.27368941860000
H           -3.03987462820000        4.81897741740000       -0.43870983200000
H           -4.22191819010000        5.18069744220000        0.80616708920000
H           -0.59832444890000        2.77744746490000        2.72959035090000
72
 energy: -100.251087907063 gnorm: 0.097474741015 xtb: 6.6.1 (8d0f1dd)
N           -1.50449668364590        2.79247886208650        2.23640034791800
C           -1.56710743386291        2.16039686591340        1.15865712611818
C           -2.75024393693970        2.05246384311062        0.25040820034498
C           -3.31490354720033        0.64039196203234        0.34097816418975
C           -4.29563633918990        0.23409407085760       -0.56447017080615
C           -4.84423023038052       -1.03202616872491       -0.51588568317145
O           -5.78697611900901       -1.49311564716864       -1.37541649208108
C           -6.33180815991395       -0.59830760717712       -2.32185933401943
C           -4.40128867907477       -1.95135349459895        0.46756664493294
O           -4.99026238320128       -3.17363509085955        0.43755242173326
C           -4.66330843546239       -4.10682922280371        1.43904682229956
C           -3.42961761951840       -1.54472506939131        1.36270880451397
C           -2.89307294092651       -0.26190892426368        1.29926826412153
C           -2.20127881254940        2.29339415421072       -1.17939471949898
C           -1.27710004154069        1.17169393135733       -1.67491162353122
C            0.00143116348608        1.11274579324386       -0.91337269170374
N            0.62823332847897       -0.04381514357412       -0.58549690375042
C            2.00248246011291       -0.03238493496212       -0.17390650252795
C            2.93594956648631       -0.53819377806575       -1.29140480187007
C            4.36211463113042       -0.43226349401299       -0.84539010345240
C            5.07904055567371        0.73226185926025       -1.04533172807924
C            6.38905218993493        0.84128593763817       -0.60309393355426
C            6.99994152983737       -0.21175879271314        0.05592917436634
O            8.27293624043162       -0.21715393685968        0.52742317658468
C            9.07177079859829        0.92267042233618        0.32572044456610
C            6.26941631394575       -1.40563652138981        0.27462114783366
O            6.94886801529510       -2.38691514394660        0.92337938570641
C            6.31246356021374       -3.62034551335507        1.14375934802241
C            4.96523776468172       -1.49508030914910       -0.17149484462178
C           -0.04944757615920       -1.31189745318254       -0.63850255136753
C           -3.88326367511543        3.06604962965660        0.57981218869324
C           -4.51085665729423        2.77005613521656        1.93990220901606
C           -3.41683556233551        4.51891278742664        0.53424858674453
H           -4.64194619092647        0.92656295054444       -1.31432648896711
H           -6.78243777122733        0.25354164313040       -1.85541579388713
H           -7.10690804960301       -1.19354311634225       -2.82956239812762
H           -5.56969567823155       -0.00746357157513       -2.96005883488435
H           -4.88420516495313       -3.72008610682236        2.43904123901859
H           -5.28990116979014       -4.97498786603982        1.24243100429041
H           -3.61008259028002       -4.40305581906544        1.38765732882242
H           -3.08079317918422       -2.21533529485773        2.13236394503477
H           -2.15691189618085        0.02583344632800        2.03366995283640
H           -3.03440087221607        2.38192750648970       -1.87666417777253
H           -1.65413339523023        3.23750043180305       -1.19602101273670
H           -1.81576448388421        0.22558439995244       -1.62554726379526
H           -1.03937216987755        1.37350061485095       -2.72721743208936
H           -0.68708698671031        1.64579199961819        0.66857673855396
H            0.63257145865615        1.98861873894021       -0.96249914659999
H            2.11530616734441       -0.66203102920163        0.71248725319095
H            2.29451428808758        0.98672492062453        0.09196924194769
H            2.77289163267358        0.07118010446836       -2.18190636802656
H            2.68484209845107       -1.57253900597812       -1.52764577056253
H            4.62707588350252        1.56475665228854       -1.56365827823636
H            6.92807495600200        1.75673545645681       -0.78703339263744
H            8.65255120390138        1.80293256053885        0.82422032974955
H            9.20705825443846        1.13704148591023       -0.73939426721005
H           10.03579487048325        0.68220888675534        0.77025690928139
H            7.05146579009946       -4.24265038108715        1.64551511360663
H            5.43392192521137       -3.51303948691971        1.78927544895513
H            6.01770898965106       -4.09729434579877        0.20298387458500
H            4.40051145983256       -2.40178430783190       -0.01718729870763
H           -0.22228093324008       -1.62710167321098       -1.67184827682012
H           -1.01336679830980       -1.25242082911809       -0.12470570668057
H            0.56536875095930       -2.05844691362114       -0.14426878201517
H           -4.65444305641278        2.93405420834559       -0.18735627624947
H           -3.77699059661240        2.90717662385029        2.72773719041300
H           -4.88580256820935        1.75037604136875        1.98227965909576
H           -5.34194304443956        3.44946075147493        2.11414566250503
H           -2.62402633413389        4.68806125549849        1.25698351077191
H           -3.06498625293200        4.80091473287147       -0.45500445032968
H           -4.25118980461987        5.16902642977403        0.78741487860253
H           -0.62629362617659        2.81001060463897        2.74334849820510
72
 energy: -100.310201506384 gnorm: 0.058116246569 xtb: 6.6.1 (8d0f1dd)
N           -1.54492477069027        2.84872979819472        2.24322503816517
C           -1.57581333115795        2.16408028197111        1.18424803493875
C           -2.75517171605631        2.04596810553707        0.26467022289411
C           -3.31206363090845        0.63374480198756        0.36433445622989
C           -4.28267886118086        0.21974713257550       -0.54333754400646
C           -4.82805221652544       -1.04506653582643       -0.49765363593028
O           -5.74764983177394       -1.48627595397441       -1.40067699702509
C           -6.24073426782717       -0.56183232819555       -2.35061735026991
C           -4.40385552147056       -1.95853057414083        0.49737878879664
O           -4.99363915723025       -3.18796168499280        0.47356128459184
C           -4.66288961181583       -4.11380674508372        1.47908830017825
C           -3.44189636143339       -1.54487707169266        1.40064833749430
C           -2.90406656113246       -0.26320019053934        1.33337581692808
C           -2.21127376422121        2.28300914593391       -1.16933934786372
C           -1.29363656446523        1.16401850863991       -1.68832813964037
C           -0.00790480380669        1.11913033710982       -0.94158222579958
N            0.63239863745789       -0.06102403211592       -0.60477704475045
C            1.99892323224561       -0.03564447934020       -0.19799943380120
C            2.94554941670192       -0.53614686827032       -1.30978251511010
C            4.36657048939390       -0.43282394472782       -0.85952492839288
C            5.08615614256366        0.73186613568274       -1.05133101476024
C            6.39421157219158        0.83941010082971       -0.60289082498871
C            6.99993972253967       -0.21658190764814        0.05381626678105
O            8.27752871201819       -0.22603799138523        0.53045546524123
C            9.07450550643832        0.91349029995491        0.33539869506081
C            6.26900149129514       -1.40792437803329        0.26617470345287
O            6.94808391397774       -2.39510364902522        0.91632074195867
C            6.30810973397843       -3.62623100489577        1.13176774539215
C            4.96715875162550       -1.49667922759309       -0.18577371797257
C           -0.04541216361869       -1.32229322487181       -0.66531899104892
C           -3.90108005279976        3.04813675069482        0.57532461064227
C           -4.53453508514891        2.76335571004355        1.93593367682135
C           -3.45004769140701        4.50614388318234        0.51512370221637
H           -4.61455319669798        0.90577739241010       -1.30495821098858
H           -6.72915844814028        0.26301084521140       -1.89762386798289
H           -6.98566782520224       -1.18433202627212       -2.88732188707976
H           -5.44636316911876        0.26351814795389       -2.87428336676199
H           -4.88484936568289       -3.72576487909139        2.47900421840076
H           -5.28642248239790       -4.98580270173661        1.28655319163506
H           -3.60856667551141       -4.40814898869357        1.43092570462814
H           -3.09611351216771       -2.21103488325427        2.17646880153629
H           -2.17218657414596        0.03055343967823        2.06890421717245
H           -3.05103740082142        2.38440330915023       -1.85951007032786
H           -1.65686848789110        3.22336783182182       -1.18353161896368
H           -1.82461705162923        0.21377798456318       -1.62807277868185
H           -1.09461120795691        1.36946427639129       -2.75098456639956
H           -0.69996002892254        1.63426411941775        0.73582249664765
H            0.62987851512722        1.98396896936254       -1.00385782554881
H            2.12042538143660       -0.66221838780661        0.69272639304358
H            2.28103239487668        0.98673793782616        0.06845327166280
H            2.78183950340033        0.07641572648838       -2.19793878906016
H            2.69154093108358       -1.56931606695934       -1.55072452876151
H            4.63460072174883        1.56633720360685       -1.56690525075249
H            6.93440846910369        1.75586420216143       -0.78084571038256
H            8.65417459583575        1.79333772168442        0.83450448047509
H            9.21528079666325        1.13253370674786       -0.72859863562892
H           10.03700911144101        0.67163481102124        0.78335832185244
H            7.04519443056029       -4.25107350486848        1.63404221149602
H            5.42783100779466       -3.51990230298860        1.77522749830773
H            6.01425276452984       -4.10174986566116        0.18962128148548
H            4.39942782604385       -2.40229275275980       -0.03461526391051
H           -0.22512304846416       -1.63820891169344       -1.69968719300764
H           -1.00739167514664       -1.26892663996189       -0.14679377004118
H            0.57220297961986       -2.07135639015656       -0.17570673933181
H           -4.66926083889659        2.90258017559389       -0.19386466116643
H           -3.80129579760921        2.91325698325484        2.72182466371830
H           -4.90222422747819        1.74100238904421        1.98789556729528
H           -5.37100459918335        3.43925536922475        2.10039481250238
H           -2.65719678352169        4.68506870534144        1.23500148806032
H           -3.09975012323519        4.77840755624153       -0.47757916162484
H           -4.29016968778956        5.15197950427358        0.76172451826382
H           -0.66362017851259        2.85011350064839        2.75152531859731
72
 energy: -100.346582712364 gnorm: 0.042581701328 xtb: 6.6.1 (8d0f1dd)
N           -1.58217597903334        2.89270714344050        2.24886187344411
C           -1.58545072620114        2.17678460526378        1.20783690967601
C           -2.75956236332112        2.04006967554413        0.28030631381043
C           -3.30393029616710        0.62681806251234        0.39415580010831
C           -4.26375192586514        0.20836227660825       -0.51546966159716
C           -4.80690796320692       -1.05484702645797       -0.47818664774878
O           -5.70107214127514       -1.46142505186451       -1.42610138267963
C           -6.14194099058685       -0.50697694540798       -2.37815293727827
C           -4.40551144586457       -1.96603020276954        0.52772841931461
O           -4.99548592197210       -3.19936856660548        0.51152814585578
C           -4.66266131972240       -4.11994162811501        1.52137882296933
C           -3.45368837230535       -1.54569187890638        1.44107511867643
C           -2.91131636575347       -0.26599704042893        1.37286003549274
C           -2.22156694919811        2.27327830602884       -1.15776227169398
C           -1.31304084402306        1.15454772199448       -1.69730366279762
C           -0.01620716282619        1.11514168116687       -0.97519595028157
N            0.63030763832039       -0.07055275265927       -0.63093217282038
C            1.99456984970230       -0.03653472101585       -0.22290185564285
C            2.95233397294063       -0.53281114349890       -1.33033351589986
C            4.37079194184384       -0.43216675315705       -0.87241012716133
C            5.09332741458693        0.73228492410521       -1.05695136492824
C            6.39985904069151        0.83775561670149       -0.60278075259388
C            7.00122890115593       -0.22185204119799        0.05166710300489
O            8.27949148308765       -0.23519755483465        0.53282828312188
C            9.07740685020018        0.90374406787666        0.34620966149413
C            6.26887598260061       -1.41209063318505        0.25702283660508
O            6.94536881055144       -2.40324794472710        0.90722954702673
C            6.30303477699306       -3.63314619577391        1.11799478770492
C            4.96848858135824       -1.49877100664890       -0.20050775765890
C           -0.04214219506234       -1.33261018119812       -0.69482752221420
C           -3.92037096435077        3.03017980722245        0.57257841193785
C           -4.55986076169035        2.75550242930044        1.93252707029911
C           -3.48593352614144        4.49258247494453        0.49469274503079
H           -4.57983171413229        0.88896589990125       -1.28613866942795
H           -6.69690386794591        0.28002584383628       -1.93762835707081
H           -6.84667044156213       -1.15338649248101       -2.95288535206559
H           -5.32225040497085        0.46896884839608       -2.81753304047597
H           -4.88629797608757       -3.73111738063896        2.52098804620380
H           -5.28271783970271       -4.99591691628409        1.33311789842602
H           -3.60742605636882       -4.41276449514418        1.47688071300907
H           -3.11543927354762       -2.20666098571087        2.22486060262459
H           -2.18693910761463        0.03310489479766        2.11302762753082
H           -3.06668829659630        2.38661484860259       -1.84030672355056
H           -1.66006214920492        3.20908774500346       -1.17058802629370
H           -1.83761004360082        0.20175689249552       -1.62939223957261
H           -1.14683654166043        1.36387558341369       -2.76751147673252
H           -0.71172203673402        1.62578427458715        0.80319203639986
H            0.62323771808263        1.97686364337684       -1.04145772936875
H            2.12335798290903       -0.66138956840086        0.67013850874808
H            2.26923301983772        0.98767158928094        0.04329963715055
H            2.79265622816577        0.08255046031379       -2.21733397343402
H            2.69885588413375       -1.56522298867691       -1.57636919100753
H            4.64340825930836        1.56893801402809       -1.57056792352420
H            6.94092257971332        1.75490934649732       -0.77438805493763
H            8.65607443573274        1.78269998677535        0.84642705943664
H            9.22442530052801        1.12760497442824       -0.71625813260663
H           10.03793597834981        0.65988500397588        0.79798108192817
H            7.03803013629255       -4.26039277596149        1.62076584475157
H            5.42114957831347       -3.52764384668890        1.75949753337712
H            6.01067548942824       -4.10676132298728        0.17428063411664
H            4.39860363381492       -2.40380638590094       -0.05395867479134
H           -0.22682751641925       -1.64797842111114       -1.72930479479394
H           -1.00193271851304       -1.28746776394884       -0.17103045761429
H            0.57987001839394       -2.08377696072153       -0.21116672899128
H           -4.68334981099662        2.86645605912064       -0.19930279151375
H           -3.83025803807000        2.92008481468951        2.71860946157764
H           -4.92020371381665        1.73089879510764        1.99408524423674
H           -5.40212429104789        3.42708288255775        2.08504735226617
H           -2.69421507783201        4.68501242636472        1.21196512476730
H           -3.13861410866684        4.75488771941989       -0.50170328105604
H           -4.33263606450522        5.13240228520256        0.73378884297617
H           -0.70148778197497        2.89694665542788        2.76069480352764
72
 energy: -100.365312934167 gnorm: 0.028054927199 xtb: 6.6.1 (8d0f1dd)
N           -1.60985474402000        2.92705148528841        2.25202366395520
C           -1.59378911900713        2.19247074060598        1.22767375954677
C           -2.76166047754311        2.03538124112706        0.29556494130003
C           -3.29200843077923        0.62109535681698        0.42685150446678
C           -4.24301088284987        0.20006489640198       -0.48364226758914
C           -4.78633250934874       -1.06164328353275       -0.45969424708557
O           -5.65630294155542       -1.43218520924878       -1.44586095553409
C           -6.05853750155877       -0.46433296157463       -2.40390251392818
C           -4.40608495434962       -1.97235600177462        0.55396625726362
O           -4.99569109678162       -3.20725120603875        0.54606521869155
C           -4.66227841690007       -4.12414507980799        1.56004164964832
C           -3.46367495963381       -1.54587299770843        1.47756907091021
C           -2.91417479688209       -0.26912768456567        1.41296797229015
C           -2.22963976808612        2.26507158712301       -1.14612800344420
C           -1.33190177479907        1.14463025504632       -1.70244259274164
C           -0.02174546170562        1.10449189539852       -1.01005173549031
N            0.62556946520359       -0.07515766881967       -0.65702751373333
C            1.99063428755262       -0.03578641318582       -0.24570634863063
C            2.95654301296275       -0.52917585557645       -1.34942312092918
C            4.37396557047924       -0.43088375619069       -0.88326115153300
C            5.09921579141723        0.73307191964891       -1.06165660778066
C            6.40456914661558        0.83608532591277       -0.60288546094896
C            7.00281099140050       -0.22678162510553        0.04957650501097
O            8.27943322918676       -0.24362502851516        0.53427136888336
C            9.07992433367040        0.89470234226826        0.35620845286608
C            6.26838878708394       -1.41683849353465        0.24839272244491
O            6.94161764520401       -2.41036533835564        0.89766893445551
C            6.29798111625900       -3.63995628207370        1.10459000337458
C            4.96894002143997       -1.50069310526121       -0.21376021641543
C           -0.03957442881225       -1.34190037282884       -0.72241403595961
C           -3.93688301498307        3.01434429746452        0.57173824167141
C           -4.58274963350317        2.74840832147707        1.93006862192312
C           -3.51931406734125        4.48040146325218        0.47617872264026
H           -4.54557456648041        0.87619380586543       -1.26028072030582
H           -6.66451448365552        0.29378715933298       -1.99399710907690
H           -6.72187497871768       -1.12316953536164       -3.01625924599876
H           -5.22091442567129        0.63307650313493       -2.78056644173945
H           -4.88845205170043       -3.73450424719824        2.55890076835217
H           -5.27945179305350       -5.00313392821881        1.37485737885373
H           -3.60639576351800       -4.41560804921138        1.51887761988551
H           -3.13578087598309       -2.20267530361925        2.26926160588938
H           -2.19814254384001        0.03251446235731        2.15971024887681
H           -3.07878380184626        2.38914271091685       -1.82161562990982
H           -1.66169011258721        3.19653153433470       -1.15858812991367
H           -1.85232351720234        0.19052590718174       -1.62895414979731
H           -1.19154764415714        1.35783340737740       -2.77660151690864
H           -0.72021870579608        1.62383569597192        0.86282123535232
H            0.61347057732211        1.96959892784389       -1.07073192403631
H            2.12232529351330       -0.65967959197647        0.64783558150105
H            2.25953488293774        0.98960617521473        0.01983492128678
H            2.80321006481276        0.08859162980114       -2.23582391630751
H            2.70534538855395       -1.56101092905090       -1.60029224795051
H            4.65174249880845        1.57183643969723       -1.57403523827194
H            6.94660474213815        1.75354078112147       -0.76889115307828
H            8.65773172149010        1.77252583395943        0.85775550023085
H            9.23288216061182        1.12279370212805       -0.70460684881189
H           10.03820315918843        0.64825619327469        0.81167441580836
H            7.03116192752867       -4.26906623623549        1.60777935285677
H            5.41476498088709       -3.53509121680384        1.74443974330282
H            6.00727882685456       -4.11166539796855        0.15941102298447
H            4.39790464610347       -2.40572132403261       -0.07220123450914
H           -0.22790144712681       -1.65493219436285       -1.75681799284493
H           -0.99711200975641       -1.30514126990500       -0.19340354459336
H            0.58796166769171       -2.09323313082636       -0.24507015668032
H           -4.69404528749163        2.83187441579176       -0.20222508598042
H           -3.85897074286400        2.92679901399859        2.71821923322564
H           -4.93650030545352        1.72210744298642        1.99996679968660
H           -5.43072936403628        3.41530972915767        2.07049386357976
H           -2.72928988023846        4.68807565892494        1.19080881901053
H           -3.17542818268079        4.73363536701007       -0.52360446211331
H           -4.37254189583730        5.11381660694722        0.70791847309620
H           -0.73442417588575        2.94292319350942        2.77292606225232
72
 energy: -100.370868001436 gnorm: 0.017833199228 xtb: 6.6.1 (8d0f1dd)
N           -1.62432186043672        2.95471550899389        2.25177190341874
C           -1.59918855405407        2.20348312246905        1.24188502390370
C           -2.76143493554420        2.03264617118307        0.30720701831641
C           -3.28260039279364        0.61807691947895        0.45181828765742
C           -4.22897189092610        0.19498164981582       -0.45893069246614
C           -4.77419730323026       -1.06536818844337       -0.44671664547510
O           -5.62439358398296       -1.41234198839652       -1.45744653572654
C           -6.00542414354021       -0.44564276070379       -2.42057071774865
C           -4.40700823755797       -1.97595514796206        0.57080790373699
O           -4.99504201138226       -3.21136124301244        0.56924604937010
C           -4.66183314684755       -4.12586594211434        1.58641406385430
C           -3.47106753058226       -1.54495586270913        1.50162482677196
C           -2.91488235004322       -0.27102694158929        1.44262127512993
C           -2.23343753155755        2.25906340674663       -1.13689625848005
C           -1.34500785304752        1.13705275286987       -1.70552605806902
C           -0.02351860593385        1.09338045514980       -1.03827010772904
N            0.62134977614430       -0.07672680976399       -0.67429249772798
C            1.98804941244081       -0.03493492317596       -0.26141545800170
C            2.95842943587752       -0.52639163372444       -1.36243996218276
C            4.37551693354872       -0.42980742760521       -0.89080598060258
C            5.10254914102459        0.73371216258227       -1.06494462224367
C            6.40713830993237        0.83457131011324       -0.60327760123427
C            7.00376414780205       -0.23029404210814        0.04784141233624
O            8.27837602579065       -0.24973112202368        0.53468808144527
C            9.08144299415603        0.88816573286454        0.36283216798628
C            6.26744831763625       -1.42051980348038        0.24211374334870
O            6.93831539818012       -2.41522318491612        0.89018159052000
C            6.29413359924710       -3.64504301205369        1.09469215356434
C            4.96864189974969       -1.50192201065243       -0.22299175087772
C           -0.03767637725594       -1.34819323927457       -0.74139170776287
C           -3.94683165151909        3.00394887774877        0.57233718829420
C           -4.59757239610059        2.74395474417834        1.92914374152614
C           -3.54206491698193        4.47219386610464        0.46388934031452
H           -4.52349156654587        0.86655227813859       -1.24121578410906
H           -6.64529325350605        0.29831033832079       -2.04642059637098
H           -6.62906055631807       -1.11076744448117       -3.06395602370112
H           -5.15289487301506        0.75006882191643       -2.75668815060463
H           -4.89064778863397       -3.73526740435282        2.58428561980463
H           -5.27726950841224       -5.00640058687263        1.40248021668468
H           -3.60558023116204       -4.41607660386140        1.54778993145773
H           -3.15196658281730       -2.19999239805052        2.29844078753771
H           -2.20477339764998        0.02984155521404        2.19515392502446
H           -3.08486083529307        2.39109715932017       -1.80766292178146
H           -1.66079992746625        3.18744955790705       -1.14961835219278
H           -1.86430810027749        0.18291446826795       -1.62736499495688
H           -1.22208888485265        1.35297112085671       -2.78106851799732
H           -0.72471431593933        1.62401004000962        0.90463181338636
H            0.60350049806347        1.96548626237886       -1.08730182399121
H            2.11903221203117       -0.65815203264359        0.63188669693411
H            2.25325810329143        0.99131059242639        0.00330399501410
H            2.81025101574470        0.09299705306492       -2.24849810308694
H            2.70931720137145       -1.55780182694916       -1.61662951087562
H            4.65733195869403        1.57416200304325       -1.57651199900674
H            6.95021964060664        1.75198409583287       -0.76568769292208
H            8.65864898877363        1.76501582827947        0.86545164639573
H            9.23850455249610        1.11900723658778       -0.69669618916763
H           10.03780477614576        0.63923611059027        0.82097766277186
H            7.02624583788173       -4.27513622384194        1.59813670109169
H            5.41007548031182       -3.54053336684228        1.73344826544009
H            6.00467153894861       -4.11535764036228        0.14850010202163
H            4.39728697965992       -2.40726326701898       -0.08505163911399
H           -0.22850344528097       -1.65783557293028       -1.77598163739026
H           -0.99337579979506       -1.31750864704306       -0.20859010296439
H            0.59470569331830       -2.09837503530521       -0.26921868940638
H           -4.69950329863721        2.80777107668958       -0.20243442444585
H           -3.87926390987980        2.93197616357648        2.71982586596738
H           -4.94687525882672        1.71662608361815        2.00452154065369
H           -5.44986661346044        3.40710271315334        2.06036005625429
H           -2.75365894373885        4.69242151144962        1.17632651771399
H           -3.20089249387277        4.71918893364731       -0.53824313792254
H           -4.40044622656904        5.10039380376375        0.69017623157730
H           -0.75750038270325        2.97922455311453        2.78643027791256
72
 energy: -100.371534795166 gnorm: 0.014885340653 xtb: 6.6.1 (8d0f1dd)
N           -1.62624023214516        2.96456662389907        2.25013532480585
C           -1.60071445702229        2.20681035421298        1.24619695302015
C           -2.76064160166231        2.03216672953256        0.31094451678622
C           -3.27958656912928        0.61749365168628        0.45895204694639
C           -4.22592546170794        0.19351753289011       -0.45084878596200
C           -4.77322649005793       -1.06580131034798       -0.44174557932787
O           -5.61689385935953       -1.40670690930756       -1.45753246650704
C           -5.99228665609876       -0.44730210652176       -2.42337335762061
C           -4.40842125689715       -1.97661966889577        0.57594990911744
O           -4.99487361076226       -3.21214719386270        0.57594661247337
C           -4.66168816544996       -4.12623381706439        1.59387252783210
C           -3.47370866647100       -1.54423348065782        1.50800483044867
C           -2.91473951000188       -0.27152140223976        1.45114772977321
C           -2.23352736862226        2.25740920349730       -1.13371598451737
C           -1.34887037248923        1.13471199082406       -1.70659617044649
C           -0.02248683381403        1.08845939759812       -1.05027577619651
N            0.61955678686231       -0.07634632068492       -0.67706947405156
C            1.98751922263905       -0.03463236623814       -0.26555651250724
C            2.95842894179790       -0.52547137576596       -1.36595621209360
C            4.37557011939935       -0.42938598008545       -0.89317206929618
C            5.10306805274398        0.73398986449415       -1.06601695187805
C            6.40745842865290        0.83399934973977       -0.60359794166203
C            7.00392743436126       -0.23126015532680        0.04713186915668
O            8.27765474993308       -0.25158378998704        0.53453153460019
C            9.08175967374464        0.88622893084080        0.36452020558820
C            6.26684842180697       -1.42165268751932        0.24006767969001
O            6.93712071024362       -2.41655862088462        0.88755780096488
C            6.29289381414712       -3.64664550636950        1.09148683977778
C            4.96829532047295       -1.50214810461134       -0.22581453458714
C           -0.03699713879798       -1.34985718396784       -0.74644872018191
C           -3.94897669464607        3.00125025061259        0.57298200243064
C           -4.60104959229015        2.74287326670830        1.92934092943779
C           -3.54834270372838        4.46986401764549        0.46066721591353
H           -4.51958641504512        0.86208094239855       -1.23658937377135
H           -6.63487782251332        0.30105371319939       -2.07340899987318
H           -6.59833832666269       -1.11210338214527       -3.07596773495995
H           -5.13299446369561        0.78749290008673       -2.75152837825084
H           -4.89154822959615       -3.73523513935127        2.59126250629002
H           -5.27667044112552       -5.00697137549626        1.40973139479283
H           -3.60532771249665       -4.41568689868181        1.55592217968965
H           -3.15733061129954       -2.19952462660729        2.30568762629145
H           -2.20643903507637        0.02792962558044        2.20587115012447
H           -3.08559286866586        2.39185111134838       -1.80305404284678
H           -1.65947519615639        3.18494644815231       -1.14660010512497
H           -1.86854492182840        0.18089906818805       -1.62629727311566
H           -1.23210006420551        1.35142902223415       -2.78208270145301
H           -0.72632904771052        1.62199352381104        0.91884228234151
H            0.59842906996399        1.96563229527457       -1.08982381178321
H            2.11761542031575       -0.65765474410933        0.62744992190371
H            2.25183043257959        0.99192018763996       -0.00126484610776
H            2.81168468111774        0.09443876496350       -2.25183923169561
H            2.71011687335407       -1.55676643259949       -1.62117682253979
H            4.65876783496251        1.57509364295545       -1.57725304553042
H            6.95104518744327        1.75132519381572       -0.76502701801310
H            8.65873963403950        1.76268444765884        0.86750438233453
H            9.23992411127877        1.11775439960175       -0.69457621361586
H           10.03739315689199        0.63625577168056        0.82347452902205
H            7.02482288691817       -4.27685007964392        1.59497700581279
H            5.40863271807775       -3.54218954625770        1.72993408714458
H            6.00382925660804       -4.11649923245167        0.14499339546009
H            4.39705240618780       -2.40771566219111       -0.08886468196764
H           -0.22850146278966       -1.65722492053629       -1.78139729890666
H           -0.99208564947228       -1.32128162758886       -0.21266080217417
H            0.59718780478763       -2.09938024215329       -0.27649578341081
H           -4.70015088014780        2.80076877056884       -0.20159539134728
H           -3.88468610549796        2.93377798446815        2.72093819385555
H           -4.94911809552749        1.71527141255267        2.00632300665869
H           -5.45468241335706        3.40469517604057        2.05768821890442
H           -2.76064123476278        4.69430754794006        1.17226632131376
H           -3.20795278426650        4.71508620397842       -0.54210049013522
H           -4.40847475455528        5.09620586344159        0.68527480779135
H           -0.76462897282638        2.99224941559305        2.79223378176775
72
 energy: -100.372068501911 gnorm: 0.016518236949 xtb: 6.6.1 (8d0f1dd)
N           -1.62449659274941        2.96931876806364        2.24730271639016
C           -1.60097215093483        2.20719371568988        1.24796967664268
C           -2.75909838325823        2.03202167900339        0.31227523438431
C           -3.27824230705123        0.61755856415539        0.46147069306426
C           -4.22662951913502        0.19330670000176       -0.44585350001796
C           -4.77641223119068       -1.06528316246150       -0.43753931735401
O           -5.61539896373967       -1.40507631930511       -1.45510128799855
C           -5.99075765943248       -0.45689776196723       -2.42202892886775
C           -4.41029515608303       -1.97675067843499        0.57873848354150
O           -4.99494721411886       -3.21238314689775        0.57900677274738
C           -4.66160879835250       -4.12659367061798        1.59698573881821
C           -3.47508519032852       -1.54353092232498        1.51012760527468
C           -2.91434444658243       -0.27163552795246        1.45408951564676
C           -2.23234817330811        2.25678247796097       -1.13252704196180
C           -1.35014238868029        1.13353352638681       -1.70782406594639
C           -0.01954510687220        1.08445902862623       -1.06149078958979
N            0.61780891395538       -0.07517153084633       -0.67431932996665
C            1.98749559589959       -0.03444614855129       -0.26632140705347
C            2.95770311882978       -0.52517450629628       -1.36691625006791
C            4.37509371524149       -0.42925889696033       -0.89410650555945
C            5.10281192287893        0.73397682604452       -1.06663331247467
C            6.40719495842257        0.83351023996531       -0.60412536370406
C            7.00394077010182       -0.23167367493039        0.04651517175303
O            8.27708486215123       -0.25241617131491        0.53395438410578
C            9.08184378283957        0.88539567655971        0.36450425754689
C            6.26635106978401       -1.42222114720325        0.23909504613772
O            6.93651432326654       -2.41701651007951        0.88622542511382
C            6.29237374797326       -3.64735123966525        1.09024152640418
C            4.96790472825412       -1.50222988766966       -0.22689347771206
C           -0.03686249798651       -1.35026328370125       -0.74745816572600
C           -3.94882981343849        3.00027888916892        0.57324661524468
C           -4.60135609310376        2.74269305643483        1.92955247963089
C           -3.55090332220755        4.46906713236385        0.45950299448912
H           -4.52094064487649        0.85877993682011       -1.23494802425713
H           -6.63971495814424        0.29665220935000       -2.09337708205642
H           -6.57508240713848       -1.12367195614336       -3.08772474391963
H           -5.11864822568606        0.82709398416822       -2.74352255740959
H           -4.89193994219159       -3.73531353992152        2.59404175268210
H           -5.27651747297660       -5.00716245665422        1.41234689543507
H           -3.60522875128961       -4.41541562787573        1.55897676058528
H           -3.15943233003797       -2.19947782268994        2.30755993843271
H           -2.20656715639888        0.02639934653016        2.20971997318204
H           -3.08491503705086        2.39214794294482       -1.80100544867100
H           -1.65786251133335        3.18407490174693       -1.14555936297115
H           -1.87043163664314        0.18012206387387       -1.62571372252189
H           -1.23768587037445        1.35062016778669       -2.78291572919608
H           -0.72713572558455        1.61947026783270        0.92693311630519
H            0.59472705265554        1.96695418808178       -1.08841396228450
H            2.11714250936757       -0.65737044638462        0.62634386856066
H            2.25183381986076        0.99225409711553       -0.00256581946435
H            2.81148678825811        0.09489436439090       -2.25275546309087
H            2.70991966474233       -1.55648354673446       -1.62252020801389
H            4.65911270438822        1.57541076326087       -1.57777391297633
H            6.95112895712660        1.75072984019848       -0.76534240254249
H            8.65873602925657        1.76165588630540        0.86761080776849
H            9.24028039918644        1.11697368423189       -0.69441100119476
H           10.03709830136045        0.63483789881548        0.82374535891530
H            7.02436376497900       -4.27740838480831        1.59373783564102
H            5.40812823333983       -3.54278623140362        1.72863447672601
H            6.00343494024417       -4.11707365357292        0.14369752767991
H            4.39689845822370       -2.40800032882639       -0.09015114150745
H           -0.22825900326757       -1.65541129424249       -1.78292408103711
H           -0.99178421664596       -1.32305876884513       -0.21360787213520
H            0.59824070620149       -2.09942509411306       -0.27905670850279
H           -4.69927109771141        2.79774073997522       -0.20089576425687
H           -3.88596392158442        2.93481115807385        2.72157565686897
H           -4.94914999377333        1.71508578755222        2.00732174170783
H           -5.45545716144973        3.40395033930650        2.05670426524751
H           -2.76491916851549        4.69580851433133        1.17161811303552
H           -3.20997686619906        4.71384537985817       -0.54312598017381
H           -4.41200603783964        5.09437303183809        0.68294898301191
H           -0.76758929262521        2.99894327178398        2.79561506026575
72
 energy: -100.380978038878 gnorm: 0.054118162497 xtb: 6.6.1 (8d0f1dd)
N           -1.61434457569906        2.99071273517344        2.22969940450325
C           -1.60315650834749        2.20788184560880        1.25385619494647
C           -2.75314778259872        2.03061079205690        0.31688730191026
C           -3.27286436464776        0.61654674375462        0.47042726367549
C           -4.23307245412618        0.19064497701346       -0.42230692550201
C           -4.79502171055997       -1.06533630887771       -0.41769695306483
O           -5.61438099255291       -1.40325899523534       -1.43898162312228
C           -5.99737078333277       -0.52568691428742       -2.41004331460717
C           -4.41975807958321       -1.97925412118156        0.59197718980471
O           -4.99493964211794       -3.21518225945502        0.59312415296805
C           -4.66099319225362       -4.12977525559110        1.61148475493369
C           -3.48086847246396       -1.54128339523641        1.51866858386884
C           -2.91174948304143       -0.27333379500916        1.46507784493892
C           -2.22617144184535        2.25348231337351       -1.12762161962812
C           -1.35549705915945        1.12749416995060       -1.71477111148954
C           -0.00016793955256        1.06193938915128       -1.12793438661606
N            0.60672648541148       -0.06745357495487       -0.65184600152673
C            1.98747231113286       -0.03306169926390       -0.26803157698549
C            2.95309428336252       -0.52366567493489       -1.37034158195457
C            4.37205887081933       -0.42836642339003       -0.89758062109895
C            5.10096544052987        0.73393351795777       -1.06932573885684
C            6.40553281132707        0.83129198469263       -0.60679047614389
C            7.00405199675880       -0.23304211973372        0.04362930612025
O            8.27416450047071       -0.25559502153356        0.53101772024107
C            9.08218578784402        0.88234498916316        0.36372371275358
C            6.26389473839979       -1.42444243720056        0.23493714024674
O            6.93381908131419       -2.41836465728789        0.88039664320941
C            6.29029814378088       -3.65007340508463        1.08541925451401
C            4.96584335189342       -1.50216102381490       -0.23114572159715
C           -0.03694144217215       -1.35139905856841       -0.74997490127875
C           -3.94758662802538        2.99667456661521        0.57408036615627
C           -4.60157387834630        2.74219836091245        1.93046032243353
C           -3.55899974604764        4.46529490861721        0.45454663442908
H           -4.53329891147153        0.83922285144934       -1.22951522135121
H           -6.64415751566857        0.27250925063852       -2.20150197415828
H           -6.47670418710359       -1.18789805278114       -3.13281396533995
H           -5.04476673727893        1.07091359774240       -2.70622996790453
H           -4.89325509099737       -3.73632605186785        2.60659425417893
H           -5.27592532560084       -5.00913097091352        1.42438785070386
H           -3.60460377080934       -4.41543486999455        1.57262291365534
H           -3.16785559294771       -2.20012156081037        2.31503266405710
H           -2.20701540213793        0.01844233160916        2.22545189233121
H           -3.08124250794501        2.39141070712119       -1.79225281056653
H           -1.65083213311207        3.18042303274318       -1.14155497622436
H           -1.87889212645782        0.17617778835581       -1.62315967174875
H           -1.26600910362237        1.34650047883899       -2.78738957222794
H           -0.73294476296867        1.60343009430611        0.96733324900846
H            0.57572513038170        1.97456865618131       -1.07664003131211
H            2.11583929054688       -0.65579748920655        0.62246089978662
H            2.25293552996217        0.99420505495876       -0.00701387326147
H            2.80949628870997        0.09683517856406       -2.25625531255013
H            2.70832441088701       -1.55526416488132       -1.62760413371494
H            4.66033535189127        1.57684798829451       -1.58027539382464
H            6.95113553928284        1.74802419736728       -0.76733697603220
H            8.65867340654565        1.75768004376726        0.86730755568215
H            9.24159298069137        1.11375310522870       -0.69440864396796
H           10.03566774278914        0.62908079138727        0.82420032971031
H            7.02281266250697       -4.27908756652248        1.58896921042758
H            5.40629881519295       -3.54486073012015        1.72370895970966
H            6.00194246919042       -4.11940494798266        0.13879273450401
H            4.39623926546116       -2.40906977811187       -0.09503353193300
H           -0.22641729272480       -1.64417792904209       -1.78857075432732
H           -0.99150057785268       -1.33183259366458       -0.21682246003021
H            0.60255239229330       -2.09899412816383       -0.28960289385911
H           -4.69483540414584        2.78510775703975       -0.19751617154004
H           -3.89048140915816        2.93930454867248        2.72435439331859
H           -4.94890345828875        1.71480300866226        2.01156355611065
H           -5.45743222552820        3.40118180404592        2.05249701900240
H           -2.77826932789788        4.70168341333282        1.16703746954965
H           -3.21742805647171        4.70842502337151       -0.54798417192670
H           -4.42382106538374        5.08646972393561        0.67375199373199
H           -0.78258251643382        3.02937796025151        2.81088106095555
