72
 energy: -99.234275315716 gnorm: 0.500132085267 xtb: 6.6.1 (8d0f1dd)
N           -2.20595985275091        2.72007215545717        2.47428892018577
C           -2.09099072156019        2.12602628711210        1.37820804761060
C           -3.20751661256513        1.95018870523974        0.39495397472377
C           -4.05526790134082        0.66371655367758        0.81229270912210
C           -4.75078283749144        0.11348118576868       -0.36602543612816
C           -4.83066246945807       -1.20087661093330       -0.67551028608667
O           -5.47757021567655       -1.70461860694138       -1.75303514184290
C           -6.16912533582902       -0.76770392458577       -2.54747331236631
C           -4.20216131046840       -2.18270568247614        0.17451913770645
O           -4.42176419711075       -3.46126248688682       -0.13992860517616
C           -3.97580660988215       -4.48671754303375        0.72173067511800
C           -3.40617994110663       -1.72374996002616        1.24302768676337
C           -3.25924459827992       -0.40050771808055        1.51720538958093
C           -2.61579549276267        1.76070798153075       -1.01733187811540
C           -1.71612685326829        0.53477723205577       -1.20352002967829
C           -0.34046622901090        0.73089452242674       -0.69402061774811
N            0.44378600497292       -0.25592569189751       -0.27209458825857
C            1.84489276118990       -0.02464028733427       -0.01430245800687
C            2.71047928962849       -0.34087471567523       -1.24977550716283
C            4.15888919408793       -0.12610833181964       -0.91584685511132
C            4.76551302205725        1.09884606044239       -1.13624089345818
C            6.08788252356478        1.30920610014877       -0.77665480538317
C            6.82808343682975        0.29765823139050       -0.18176876199258
O            8.10953662075962        0.39461416812490        0.21883369208394
C            8.79009066252188        1.61677865793592        0.05035431719614
C            6.21558671548899       -0.96637764980560        0.04123514388422
O            7.00650626138276       -1.89635617727060        0.61396413631598
C            6.49106103652230       -3.18395371335760        0.85259257346911
C            4.89281600269351       -1.15260194515527       -0.32549553024929
C           -0.03204018045789       -1.61693824972124       -0.20935377689097
C           -4.19252970804114        3.15769943766224        0.35847908903344
C           -4.97009208767556        3.36221092659857        1.65927175061359
C           -3.48355528725496        4.46876282973691        0.01386513976067
H           -4.62157674988993        0.95320033649103        1.36809475467985
H           -6.96789005776392       -0.28675990118209       -1.97660555611302
H           -6.58897482746785       -1.32702508066105       -3.37995083413957
H           -5.48788293304639        0.00457832142953       -2.91838591826884
H           -4.36309220385501       -4.35157495272288        1.73498419517028
H           -4.36861350392882       -5.41115122434741        0.30353141502339
H           -2.88289586697568       -4.53971365763911        0.74968155526233
H           -2.89378780359574       -2.45002770255163        1.85810369615585
H           -2.64789470974140       -0.08331010646056        2.34838416161772
H           -3.45559514893925        1.67443582325612       -1.70760262658641
H           -2.04621257789193        2.65090118229370       -1.28449381655057
H           -2.18722697318971       -0.33857816608933       -0.75673877399139
H           -1.64759678319304        0.34322311238358       -2.28339704928008
H           -1.14941222923455        1.64931343681362        1.03581916038734
H            0.12741855280538        1.69484833666653       -0.82751994302565
H            2.16162518134083       -0.65259604192451        0.82181269477916
H            1.99574480167736        1.01937605121738        0.26808069922473
H            2.40958464769843        0.31396798794368       -2.06868644088081
H            2.54329046962363       -1.37488316691015       -1.55514356390591
H            4.21214968054930        1.90046814484190       -1.60122871315918
H            6.53537731574836        2.27066681901471       -0.96716392323968
H            8.29621150122308        2.42792764793479        0.59400513190384
H            8.87679804331104        1.88454956193782       -1.00697992360871
H            9.78360800081695        1.45718255448776        0.46469825799350
H            7.30744181347940       -3.74781009782654        1.29957255775185
H            5.64782286564463       -3.15600391684427        1.55065037007517
H            6.18149466446679       -3.67151878841995       -0.07718633881799
H            4.41901045682353       -2.10864197222464       -0.16596750146641
H           -0.37232242438278       -1.95964212019411       -1.18845036714840
H           -0.86490623745654       -1.69428722028870        0.49296149090742
H            0.77117748322251       -2.26558001493262        0.12965774013090
H           -4.91297618812081        2.93405482603539       -0.43688535239159
H           -4.28509301861863        3.44495745844044        2.49726381074412
H           -5.67891153765349        2.56109140416709        1.85245225952031
H           -5.54202853251676        4.28361162343402        1.58916886666507
H           -2.72244512891820        4.69409500926103        0.75618126217766
H           -3.02659053975369        4.44840185596660       -0.97133346645569
H           -4.20666016491850        5.27956209117100        0.01752878321339
H           -1.38313883008971        2.77910832823329        3.06590818875969
72
 energy: -99.295098345663 gnorm: 0.052694945812 xtb: 6.6.1 (8d0f1dd)
N           -2.20602498875009        2.71897215870918        2.47391483420333
C           -2.08832481814883        2.12723732666681        1.37691302068039
C           -3.19953809691658        1.95324979148496        0.38866985158471
C           -4.01180907201139        0.64555411509685        0.77178343488644
C           -4.74123427277133        0.10845040610728       -0.38053041996098
C           -4.83040716930062       -1.20509019519492       -0.67921588312275
O           -5.47986668605562       -1.70765695705713       -1.75484300846016
C           -6.16926013824833       -0.76820817654886       -2.54760731185429
C           -4.20156016791283       -2.18486722195439        0.17331104599387
O           -4.42277134482456       -3.46273979705010       -0.13989813280530
C           -3.97588475339869       -4.48725565110229        0.72159022232336
C           -3.40453774897403       -1.72827428684847        1.24225402228934
C           -3.24692288015332       -0.40659474312709        1.50917371165554
C           -2.61301354928618        1.76214712736608       -1.02128985151626
C           -1.71549996302330        0.53470737267270       -1.20428634202597
C           -0.34027084822697        0.73077945203824       -0.69401799213885
N            0.44383185352909       -0.25607262837989       -0.27218437982074
C            1.84483140229716       -0.02450307380916       -0.01434301095215
C            2.71055869383569       -0.34101634818658       -1.24970066425593
C            4.15898005401819       -0.12615320838343       -0.91569385022957
C            4.76553319439759        1.09883744512076       -1.13602742451438
C            6.08792148195987        1.30921800069480       -0.77652227092975
C            6.82822194583109        0.29770250783630       -0.18175278616014
O            8.10959485845880        0.39467105041708        0.21891686902131
C            8.79027406210679        1.61677005669932        0.05023941918567
C            6.21572349672197       -0.96636515219764        0.04128088173941
O            7.00663866417805       -1.89630497774335        0.61400205363544
C            6.49125274342002       -3.18395361788254        0.85259650719629
C            4.89298540885371       -1.15261339140261       -0.32546500020772
C           -0.03181440609892       -1.61700939174001       -0.20932366396136
C           -4.19146791263375        3.15658780846921        0.35794043196067
C           -4.96964037282926        3.36116743859015        1.65883636771184
C           -3.48363264015275        4.46868464857672        0.01397153678917
H           -4.71037862780777        1.00373732181462        1.45760403402208
H           -6.96756237197724       -0.28654767314458       -1.97638413056796
H           -6.59005160748116       -1.32655650753333       -3.38021167163330
H           -5.48774008277301        0.00395884590351       -2.91830335643695
H           -4.36293450110047       -4.35184465991986        1.73508339639677
H           -4.36881996419597       -5.41166671612562        0.30352954070216
H           -2.88292064460006       -4.53981476773265        0.74928116596302
H           -2.89432635297375       -2.45311253086077        1.85946954845580
H           -2.64700703487669       -0.08505379021496        2.34723416891654
H           -3.45518211398090        1.67463651907114       -1.70856703186480
H           -2.04467975024918        2.65237448370085       -1.28715346243686
H           -2.18716660322851       -0.33840968579971       -0.75706103893742
H           -1.64716720626682        0.34272594322406       -2.28399490236835
H           -1.14720376762536        1.65007415007376        1.03582051807277
H            0.12754093100610        1.69466347849920       -0.82779573613143
H            2.16168403093444       -0.65215816445333        0.82203304383546
H            1.99552051003734        1.01961464326892        0.26763162745281
H            2.40980398206374        0.31373922685297       -2.06886510055799
H            2.54341626693529       -1.37505714325594       -1.55489413405363
H            4.21222735247484        1.90050744830467       -1.60100049705943
H            6.53540214069609        2.27070539291961       -0.96702191112236
H            8.29655695191050        2.42796280829503        0.59399808637928
H            8.87679506810667        1.88452962526494       -1.00707622709045
H            9.78382288161227        1.45707820563248        0.46443799309304
H            7.30767246032510       -3.74777770870848        1.29947833211605
H            5.64807432004259       -3.15604691706484        1.55067805645592
H            6.18165312636564       -3.67146203660687       -0.07718674288710
H            4.41918259088749       -2.10865104529828       -0.16581629845127
H           -0.37181682981995       -1.96001462335279       -1.18859489177249
H           -0.86491347227194       -1.69447721094321        0.49269054347084
H            0.77139805025924       -2.26552544751988        0.12992867474009
H           -4.91240558712867        2.93372657078816       -0.43727062499395
H           -4.28512174864713        3.44449162497859        2.49709977374987
H           -5.67793611197526        2.55947883183432        1.85163136290649
H           -5.54174255535810        4.28282029446481        1.58891776743465
H           -2.72246838482779        4.69409080603087        0.75622714660996
H           -3.02662327735989        4.44852534659881       -0.97125160807865
H           -4.20680905300025        5.27946417005523        0.01775240353241
H           -1.38412344702454        2.77935252552995        3.06649480682387
72
 energy: -99.296562819145 gnorm: 0.029369692237 xtb: 6.6.1 (8d0f1dd)
N           -2.20783951119570        2.71983442040207        2.47174638816119
C           -2.08968735689584        2.12625528283250        1.37593228911341
C           -3.20379238194530        1.94806518248201        0.39038889388256
C           -4.01522758722356        0.64320823830802        0.77705530377513
C           -4.74445385466704        0.10918237124134       -0.37537137982132
C           -4.83143452937932       -1.20630060330133       -0.67847968157368
O           -5.48634532055859       -1.70937253849717       -1.75173623719624
C           -6.17288158431849       -0.76878790701875       -2.54523948976846
C           -4.20204866129038       -2.18707694277712        0.17187083069730
O           -4.42437958162358       -3.46516811300870       -0.14127383754243
C           -3.97599716709982       -4.49021967091391        0.71873929686331
C           -3.40624055400771       -1.73058266761127        1.24145966006473
C           -3.24905631634931       -0.40686417066560        1.50973947453635
C           -2.60991021023668        1.76708205252474       -1.02186593168710
C           -1.71373019297398        0.53839788820782       -1.20785496119831
C           -0.33872655971575        0.73164596168489       -0.69608554189951
N            0.44459996962745       -0.25576028460842       -0.27343071593205
C            1.84525438083382       -0.02339154178683       -0.01478407787905
C            2.71201038072443       -0.34196758617402       -1.24890705983146
C            4.16018019583763       -0.12634222377793       -0.91423669508970
C            4.76627503328244        1.09889076612105       -1.13426913651701
C            6.08869717558059        1.30956332980073       -0.77498333628327
C            6.82950015494755        0.29810409693300       -0.18083449284624
O            8.11117245605338        0.39497708609256        0.21901577526434
C            8.79221348622978        1.61672422325124        0.04917041351935
C            6.21732114328265       -0.96607351097549        0.04222853945015
O            7.00870713297607       -1.89602088737537        0.61436517498104
C            6.49369053961188       -3.18389958069130        0.85251181388885
C            4.89456282993930       -1.15258689893686       -0.32414127663775
C           -0.03033895641692       -1.61692186766761       -0.21012512040519
C           -4.19148480964409        3.15455921703242        0.35692212818945
C           -4.96960871607491        3.36464399662679        1.65692069125860
C           -3.48225822244285        4.46638907437538        0.01350255491385
H           -4.73017205018786        1.00417281380387        1.48059131048137
H           -6.96799945768306       -0.28250447933262       -1.97356166112060
H           -6.59765466573851       -1.32566571762305       -3.37702799331365
H           -5.48823403541794       -0.00015054067694       -2.91748810229859
H           -4.36120639701495       -4.35536869758071        1.73315427912191
H           -4.36954466892405       -5.41475237079993        0.30135322920894
H           -2.88298065826102       -4.54246743388454        0.74487296988569
H           -2.90363347039158       -2.45701913019434        1.86416006131164
H           -2.64374232878858       -0.08679060561326        2.34391972519559
H           -3.45104075586690        1.67936557534822       -1.71043673115221
H           -2.03970318777062        2.65582081849631       -1.29159224679788
H           -2.18636006952874       -0.33492228667170       -0.76222575671439
H           -1.64461595286718        0.34618674610362       -2.28767934215630
H           -1.14685836552732        1.65126578761355        1.03507656162664
H            0.13004890938132        1.69499733071380       -0.82960405490246
H            2.16187730238878       -0.64891529658120        0.82331388980375
H            1.99501989023719        1.02149088807319        0.26481420315274
H            2.41186034767582        0.31137264843262       -2.06949340746583
H            2.54522951628308       -1.37653817821725       -1.55250929548284
H            4.21269695562637        1.90064303716411       -1.59877421294564
H            6.53586670810543        2.27122832457211       -0.96534685146980
H            8.29985657298796        2.42825547232537        0.59366987160904
H            8.87720702124903        1.88434552362333       -1.00829040622407
H            9.78631470594918        1.45643996562223        0.46180320703912
H            7.31047864395673       -3.74775864729656        1.29863398766056
H            5.65086714368121       -3.15653936933917        1.55102273113013
H            6.18371045847574       -3.67094319197154       -0.07738547641650
H            4.42107662159879       -2.10878279974413       -0.16445171343498
H           -0.36771832403948       -1.96167699482301       -1.18980900354040
H           -0.86492607340360       -1.69466210708999        0.49013300474538
H            0.77273219463986       -2.26440561951581        0.13160282708401
H           -4.91217199171316        2.93190280896848       -0.43844915759152
H           -4.28582959969261        3.44518995023525        2.49621211691259
H           -5.68532320229339        2.56884201839456        1.85016847749147
H           -5.53838210039686        4.28782788448806        1.58446328801702
H           -2.72151648275015        4.69171495005117        0.75621875134575
H           -3.02495154636106        4.44643653461850       -0.97147548214191
H           -4.20494107371621        5.27773154923486        0.01703940040621
H           -1.38756374177130        2.77858616945307        3.06669158811525
72
 energy: -99.297286267523 gnorm: 0.005154704024 xtb: 6.6.1 (8d0f1dd)
N           -2.20981033803037        2.71799865427531        2.47435663753704
C           -2.09059203698428        2.12549609105297        1.37834446570410
C           -3.20704149308595        1.94683866526444        0.39360935803146
C           -4.01390842573234        0.64211678235796        0.77643687503721
C           -4.74836468695368        0.10971710919207       -0.37292112617392
C           -4.83619780642153       -1.20741915727634       -0.67668549746759
O           -5.49725361519598       -1.71072347002247       -1.74674520203558
C           -6.17911851934217       -0.76825100145366       -2.54148408717429
C           -4.20653556670339       -2.18888190531926        0.17180855296526
O           -4.42908068397771       -3.46716585624600       -0.14237207072493
C           -3.97677710385112       -4.49368141325807        0.71378763285180
C           -3.41014137341916       -1.73297613284133        1.24060015537199
C           -3.25000727316712       -0.40779085857181        1.50736950529936
C           -2.61192816856572        1.76481438127296       -1.02075476043478
C           -1.71301195172851        0.53816921162107       -1.21110042035866
C           -0.33813787642264        0.73138230562860       -0.69853156485414
N            0.44564032345391       -0.25542258890667       -0.27519815162419
C            1.84582831104064       -0.02084622847555       -0.01566698108870
C            2.71482448211167       -0.34367346922391       -1.24714343816488
C            4.16259668948188       -0.12677936892024       -0.91134796830213
C            4.76783574930750        1.09898003569799       -1.13076245525485
C            6.09033695486701        1.31023935831639       -0.77196864060051
C            6.83215174241699        0.29881026791486       -0.17910464159017
O            8.11433694794333        0.39559369853494        0.21915615571382
C            8.79603983423818        1.61664450072847        0.04690658997128
C            6.22059401264143       -0.96563382240461        0.04406090329752
O            7.01285989311768       -1.89550593479229        0.61514605338346
C            6.49871741757888       -3.18388445386342        0.85246765872794
C            4.89774895606949       -1.15269099616619       -0.32163078389464
C           -0.02751206164343       -1.61704933692998       -0.21128924348276
C           -4.19309648521306        3.15455409811054        0.35671060116008
C           -4.97294269444744        3.37119870585356        1.65434949446965
C           -3.48021829776579        4.46411295769692        0.01183249683103
H           -4.74911274578502        1.00439568808292        1.50289677833531
H           -6.96910552356149       -0.27431341909453       -1.96902295597486
H           -6.61075072359537       -1.32391949678341       -3.37070488003001
H           -5.48975520726490       -0.00574488896915       -2.91771268660359
H           -4.35871766812827       -4.36193809847988        1.72999021759386
H           -4.37084168429796       -5.41791859291533        0.29608030520861
H           -2.88359080860787       -4.54507230567897        0.73623223105061
H           -2.91008720354831       -2.46026909251013        1.86479017158073
H           -2.63882977363901       -0.09123756724357        2.33854051093862
H           -3.45161941209071        1.68110027635161       -1.71199674136176
H           -2.04043672100706        2.65375056840688       -1.28691566058341
H           -2.18513748384842       -0.33716236404831       -0.76878618080562
H           -1.64267832168524        0.34953955135453       -2.29172725916693
H           -1.14571585940055        1.65518436354429        1.03579780939157
H            0.13059796505058        1.69486622947999       -0.83184341198892
H            2.16215219256340       -0.64251737982038        0.82545904378569
H            1.99419997578184        1.02534981375149        0.25972651419655
H            2.41582582803211        0.30671641003805       -2.07055508943433
H            2.54877588659974       -1.37932802334069       -1.54744419969616
H            4.21371865371494        1.90078013742133       -1.59454808019028
H            6.53683937650950        2.27230859983227       -0.96193786422283
H            8.30631715351280        2.42881255790957        0.59284301518843
H            8.87793328541472        1.88396526190965       -1.01087061557131
H            9.79128641993946        1.45533950319947        0.45640319920199
H            7.31625949613448       -3.74779073336644        1.29712346241861
H            5.65659796229782       -3.15765884274751        1.55185302271549
H            6.18802040710235       -3.67006248492910       -0.07764509861102
H            4.42484927534449       -2.10917053111135       -0.16187744448958
H           -0.35978909302337       -1.96458175829605       -1.19188196931154
H           -0.86527436103425       -1.69506483678196        0.48525608058038
H            0.77527453173177       -2.26239799517138        0.13532756109201
H           -4.91272869713845        2.93131512932754       -0.43935218602733
H           -4.29040330790941        3.44650862303353        2.49494196393184
H           -5.69745543649716        2.58206288812165        1.84639852126133
H           -5.53504721624148        4.29825657636146        1.57926537604842
H           -2.72000428030856        4.68843240559588        0.75532824586341
H           -3.02215474974543        4.44339929084105       -0.97264448204091
H           -4.20172020484019        5.27648741594352        0.01449795169924
H           -1.38901118515139        2.78342581444394        3.06774356352777
72
 energy: -99.297344836869 gnorm: 0.001500073266 xtb: 6.6.1 (8d0f1dd)
N           -2.21323640197402        2.71840826805234        2.47472961699114
C           -2.09196985908857        2.12722966280300        1.37821200408311
C           -3.20829948178060        1.94560392981859        0.39367060322550
C           -4.01404145132530        0.64146276606985        0.77597560057588
C           -4.75232357034450        0.10946629669908       -0.37122664835973
C           -4.84256096171297       -1.20754984874855       -0.67341016706454
O           -5.50529329527390       -1.71016816676832       -1.74258973000723
C           -6.18415411936679       -0.76669081414246       -2.53860402274200
C           -4.21136396012800       -2.18927027858398        0.17338112706027
O           -4.43357264605466       -3.46733488755257       -0.14222908941986
C           -3.97773086163974       -4.49505990622652        0.71054020979080
C           -3.41284728279086       -1.73406838373722        1.24079836098337
C           -3.25081690347241       -0.40911892177033        1.50661910111917
C           -2.61191908582198        1.76464444526415       -1.02028440540199
C           -1.71364010713825        0.53768930940361       -1.21095948292141
C           -0.33844334017697        0.73137258331156       -0.69937671965242
N            0.44617616496607       -0.25474297030226       -0.27592335838473
C            1.84618112204515       -0.01893938199559       -0.01605434271678
C            2.71673349335517       -0.34479602954882       -1.24567166533055
C            4.16426809485924       -0.12710810044051       -0.90905785539193
C            4.76895583952422        1.09901272002514       -1.12811398846389
C            6.09153133883455        1.31069536435736       -0.76976217264131
C            6.83410493342075        0.29926011272978       -0.17786503863215
O            8.11668149758541        0.39603197638068        0.21915280018482
C            8.79878459518184        1.61660750321728        0.04509510170316
C            6.22300466920141       -0.96539076827983        0.04539871402965
O            7.01596332761528       -1.89515579187831        0.61571064330567
C            6.50263269955894       -3.18395621751248        0.85248723719996
C            4.90003187828592       -1.15282672515847       -0.31972229702296
C           -0.02560165508343       -1.61680319608963       -0.21177107457673
C           -4.19307659008636        3.15429563953708        0.35521369399406
C           -4.97344714375215        3.37197706364627        1.65225919650356
C           -3.47909852536411        4.46334159464325        0.01021811421564
H           -4.75362810952519        1.00279265656099        1.50874287979152
H           -6.97091298856904       -0.26758621044904       -1.96606413445221
H           -6.61979537210529       -1.32255878201830       -3.36558433539978
H           -5.49194501973710       -0.00838956484530       -2.91815936311825
H           -4.35705587279366       -4.36612053692502        1.72807297095165
H           -4.37188047773280       -5.41882513884284        0.29180276530208
H           -2.88440852936103       -4.54533939767532        0.72979663549678
H           -2.91121466899407       -2.46135261567742        1.86342635088757
H           -2.63674618687179       -0.09389142933792        2.33631491904340
H           -3.45166059681495        1.68111786400356       -1.71124280162944
H           -2.04070912215849        2.65425163973816       -1.28505553239434
H           -2.18503626907709       -0.33894144513228       -0.77024390019664
H           -1.64365451934135        0.35158430452590       -2.29204016312594
H           -1.14657447050138        1.65805849041053        1.03602132676794
H            0.12978717543918        1.69503666806566       -0.83321661650374
H            2.16204747486070       -0.63815146339533        0.82709382789419
H            1.99387517718462        1.02806158557151        0.25659049989423
H            2.41867169897677        0.30343873834220       -2.07113411375779
H            2.55117898863990       -1.38123205368259       -1.54353737490399
H            4.21440449330752        1.90077615211170       -1.59144519682633
H            6.53753916728259        2.27305958267258       -0.95943341161466
H            8.31091781806125        2.42921654014837        0.59203465893308
H            8.87839752381802        1.88368021021301       -1.01292428420055
H            9.79488857932192        1.45470077973747        0.45229291226425
H            7.32079046988221       -3.74780605310251        1.29609134824079
H            5.66104574472605       -3.15864746458365        1.55254570588494
H            6.19146049670104       -3.66958269321284       -0.07775550911244
H            4.42759715490450       -2.10953978779155       -0.16001686115340
H           -0.35423557247063       -1.96603314050483       -1.19302152887451
H           -0.86558751600185       -1.69490846713259        0.48206074219906
H            0.77680250919597       -2.26076445083466        0.13835748392706
H           -4.91233703741750        2.93081635849355       -0.44107911520636
H           -4.29203725287026        3.44458900124283        2.49398300037025
H           -5.70011711741847        2.58432728452320        1.84195891484948
H           -5.53245455599031        4.30107639052772        1.57739892571229
H           -2.71885088046674        4.68703156063227        0.75389079481974
H           -3.02061857668687        4.44164831286238       -0.97400329261058
H           -4.19947447051815        5.27673325326746        0.01213638955357
H           -1.39356610393933        2.78369399677962        3.06976925868803
