25
 energy: -44.987695498404 gnorm: 6.620812757252 xtb: 6.6.1 (8d0f1dd)
C            3.21786164340000        1.13591514650000        0.01837059260000
N            2.27034809790000        0.05199982890000        0.00038279530000
C            2.54167221030000       -1.23971668410000       -0.00834188300000
N            1.39367826450000       -1.95088267900000       -0.00850347120000
C            0.35269634020000       -1.06748964300000        0.00059917290000
C            0.90759959010000        0.20069750900000        0.00663590170000
C            0.07590235260000        1.39864294500000       -0.00284827040000
O            0.48715076820000        2.53168346660000       -0.01725767220000
N           -1.27221500230000        1.06666939660000        0.00165480230000
C           -2.23229981500000        2.16656245330000       -0.00245172030000
C           -1.84872931540000       -0.19179276200000        0.00496135950000
O           -3.03273030250000       -0.36103538130000        0.00858583760000
N           -0.96599111670000       -1.30060631840000        0.00174701630000
C           -1.52030655580000       -2.64076660390000       -0.00239033190000
H            3.71480285180000        1.18589984860000        0.98803183970000
H            3.97079415090000        0.99383197990000       -0.75543416370000
H            2.68321036910000        2.07051068580000       -0.15067179540000
H            3.52469367910000       -1.66989040330000       -0.01523639120000
H           -1.67672429040000        3.10039111610000        0.00486339690000
H           -2.85755792270000        2.10547813320000       -0.89185337000000
H           -2.87119733260000        2.09858159720000        0.87661144540000
H           -1.20589108080000       -3.18768007210000        0.88663215920000
H           -1.21982032550000       -3.17678505510000       -0.90288069810000
H           -2.60531402170000       -2.54255916880000        0.00649952960000
H            1.32879827740000       -2.95942079410000       -0.01653446370000
25
 energy: -55.317342179249 gnorm: 13.960464871189 xtb: 6.6.1 (8d0f1dd)
C            3.21704286670361        1.13600989912551        0.01841574572318
N            2.26506649045198        0.04912402271712       -0.00007923521519
C            2.54242195492038       -1.23998092933885       -0.00834552552966
N            1.39369725364167       -1.95170309134422       -0.00851363113306
C            0.34858378612126       -1.07645190341764        0.00021136658580
C            0.71822723221997       -0.09876038664177       -0.07784943272451
C            0.07473777476642        1.39413939579261       -0.00323425803780
O            0.48799765097880        2.53076362130550       -0.01719847741425
N           -1.27263367169513        1.06700562739313        0.00166372700961
C           -2.23226945650830        2.16657218600742       -0.00244478380644
C           -1.84862313952420       -0.19178426452949        0.00491168209103
O           -3.03281251844939       -0.36103334701390        0.00859012326374
N           -0.96680974500988       -1.30093341365797        0.00236350667434
C           -1.52044233752089       -2.63795482363948        0.00059463444542
H            3.71476425518079        1.18592313045840        0.98802302031771
H            3.97076805103914        0.99383531687933       -0.75540860290248
H            2.68318553608539        2.07052459690955       -0.15069924228067
H            3.52475083591403       -1.66981499325176       -0.01520237845338
H           -1.67672630647425        3.10039616846521        0.00485267503890
H           -2.85757535548582        2.10546675841528       -0.89186405928703
H           -2.87121500881220        2.09857600929093        0.87660897509664
H           -1.20578657747354       -3.18781301968260        0.88657646878113
H           -1.01947677743515       -2.86162303564796       -0.82042488899258
H           -2.60535052008971       -2.54277818983256        0.00611468219257
H            1.32890924055503       -2.95946679316182       -0.01649047354300
25
 energy: -72.476018059826 gnorm: 20.447483977655 xtb: 6.6.1 (8d0f1dd)
C            3.21622072020614        1.13604421216199        0.01844782476777
N            2.26061430474619        0.04611815255139       -0.00060703028377
C            2.54263735674804       -1.24001970125756       -0.00831022088056
N            1.39471045648976       -1.95378104676265       -0.00846659192796
C            0.33871872795046       -1.10090111476334        0.00125106885466
C            0.53030262833384       -0.38780743931078       -0.16557576138164
C            0.07345268884838        1.39041911312936       -0.00372835699299
O            0.48870949737727        2.52902601772014       -0.01707486671202
N           -1.27283896201962        1.06764134899705        0.00167959673645
C           -2.23229845127319        2.16661222348300       -0.00238917656685
C           -1.84842732844860       -0.19202525072311        0.00496382235734
O           -3.03282506546302       -0.36100804225902        0.00857478197569
N           -0.96880839436687       -1.30085199579962        0.00336424203891
C           -1.52118687847166       -2.63543158279316        0.00404708965706
H            3.71469355211328        1.18586431519117        0.98805369906644
H            3.97071706317503        0.99379737878876       -0.75537698195094
H            2.68320204814192        2.07051892528888       -0.15067963913056
H            3.52478994259906       -1.66986851888940       -0.01516695966122
H           -1.67672612619183        3.10040885483609        0.00488551506368
H           -2.85756903578699        2.10549164593424       -0.89184708115158
H           -2.87122290320659        2.09859041399628        0.87662592145789
H           -1.20576234869844       -3.18794737312514        0.88653872309822
H           -0.81440313753757       -2.54002563877641       -0.73717406956745
H           -2.60532768750952       -2.54303905603004        0.00560756154128
H            1.32905884634454       -2.95958729998814       -0.01647149250785
25
 energy: -96.379296450449 gnorm: 28.355450226477 xtb: 6.6.1 (8d0f1dd)
C            3.21570839573329        1.13577642435999        0.01891327446884
N            2.25794512979502        0.04344989190288       -0.00089162629346
C            2.54260585555315       -1.23969397323087       -0.00832175299639
N            1.39638223983444       -1.95731144275538       -0.00847923720160
C            0.31493171733219       -1.18775447051726        0.01985817124890
C            0.34738315541058       -0.62887019639039       -0.27446321947500
C            0.07216565220457        1.38781597583323       -0.00396468082344
O            0.48942086062615        2.52732200050281       -0.01640385543048
N           -1.27280638798040        1.06829799335325        0.00183501730247
C           -2.23222216763491        2.16683087439760       -0.00200511776599
C           -1.84823935084403       -0.19203524704005        0.00497478538671
O           -3.03287720507432       -0.36083720028345        0.00827706403407
N           -0.97262546696864       -1.30049942129609        0.00458225296870
C           -1.52149122412924       -2.63398057407990        0.00518661257055
H            3.71464067148667        1.18537221517631        0.98859469211126
H            3.97081046425618        0.99369870367094       -0.75485693925040
H            2.68336350485851        2.07035937419386       -0.15002823127655
H            3.52471367263469       -1.67016329618254       -0.01522887658326
H           -1.67653997756279        3.10053168927118        0.00546332247186
H           -2.85735817187539        2.10588646345070       -0.89157432398121
H           -2.87115352912792        2.09861240293737        0.87689632264381
H           -1.20601138371264       -3.18816310596093        0.88580954715539
H           -0.60201318157017       -2.20336256292115       -0.65038832464755
H           -2.60544474297040       -2.54312839180977        0.00435310455006
H            1.32914298382539       -2.95991558498234       -0.01696636328731
25
 energy: -128.479086704106 gnorm: 36.653355184360 xtb: 6.6.1 (8d0f1dd)
C            3.21556363954306        1.13511459420857        0.02005988342614
N            2.25657733938799        0.04151011919832       -0.00071258865467
C            2.54248757048433       -1.23907685560819       -0.00843100731306
N            1.39853637824803       -1.96154587178853       -0.00846133216438
C            0.30901098773086       -1.30830095396271        0.08109078256865
C            0.15487982926298       -0.83391848497439       -0.41794707819255
C            0.07145310409289        1.38641102345200       -0.00361622601275
O            0.49014649212256        2.52596022094892       -0.01495169885224
N           -1.27266810166534        1.06877472843543        0.00218801579601
C           -2.23196784948947        2.16726258166585       -0.00117430572534
C           -1.84831344132138       -0.19141518234098        0.00484841226111
O           -3.03298648266536       -0.36044768539220        0.00758232573796
N           -0.97780351648325       -1.29993589374086        0.00536207111568
C           -1.52135726723819       -2.63299070533214        0.00417289624555
H            3.71463771008551        1.18429562577148        0.98986302581451
H            3.97111041048654        0.99352301463444       -0.75362263148071
H            2.68370317013952        2.07000502143954       -0.14847364604678
H            3.52450609753051       -1.67075856483246       -0.01546378115110
H           -1.67608099948408        3.10080664385319        0.00681956281608
H           -2.85686920045799        2.10680378472000       -0.89093946303607
H           -2.87098291178130        2.09862991539831        0.87752890907143
H           -1.20661164906796       -3.18845375040421        0.88403968899243
H           -0.39983526769293       -1.87068933014200       -0.57254500250669
H           -2.60576932726109       -2.54290527385722        0.00216804147065
H            1.32906479959356       -2.96042017975018       -0.01821323627988
25
 energy: -167.797833098696 gnorm: 38.426325334545 xtb: 6.6.1 (8d0f1dd)
C            3.21503856020093        1.13555518237957        0.01891504688995
N            2.25552734010614        0.04086737111542       -0.00124626076024
C            2.54275864820287       -1.23770897563709       -0.00811316426910
N            1.40183962512840       -1.96463450347749       -0.00641666323883
C            0.32729222509594       -1.35837870361020        0.13268132126694
C           -0.04067386645474       -1.11132041025512       -0.52546076314099
C            0.07052421126637        1.38562927037345       -0.00461721217805
O            0.48982815169761        2.52505665597731       -0.01638833754183
N           -1.27283059311801        1.06850606955391        0.00179869010115
C           -2.23250887563271        2.16683636402205       -0.00197432118215
C           -1.84871631593056       -0.19138223206472        0.00553163263018
O           -3.03303510667541       -0.36112642705698        0.00821322661462
N           -0.98366773652353       -1.30023362844923        0.00794916281458
C           -1.52079234489266       -2.63280027012593        0.00644949494420
H            3.71451395538053        1.18555842855460        0.98860775135562
H            3.97077125595215        0.99392905464505       -0.75480176419610
H            2.68320771814533        2.07041994001164       -0.15003906419673
H            3.52487267593308       -1.67013127345247       -0.01519783104956
H           -1.67675740106578        3.10044014115066        0.00540829503366
H           -2.85746279434179        2.10570880579526       -0.89163536404253
H           -2.87130368366921        2.09848623958049        0.87684668288884
H           -1.20577734598238       -3.18828954088227        0.88589895664174
H           -0.21696369718560       -1.53866775678021       -0.51812273704813
H           -2.60523162951869       -2.54359336287744        0.00368951129361
H            1.32997853798173       -2.96048789689028       -0.01680467173087
25
 energy: -176.212414865156 gnorm: 23.412441842320 xtb: 6.6.1 (8d0f1dd)
C            3.21367130867293        1.13818592306354        0.01336020301921
N            2.25436708279564        0.04180458009412       -0.00331846527334
C            2.54401733754984       -1.23472552657888       -0.00695428793298
N            1.40695813735029       -1.96596527083358       -0.00116757353480
C            0.35177051769943       -1.37283183058842        0.17433482330288
C           -0.20421180220332       -1.43620444213728       -0.57289952954553
C            0.06869683906205        1.38496739741740       -0.00852653214534
O            0.48763564421207        2.52451973799048       -0.02335911249910
N           -1.27371502706256        1.06713158578517       -0.00008150271205
C           -2.23462266021295        2.16475642287505       -0.00593010555394
C           -1.84914925603407       -0.19271234413594        0.00771004978196
O           -3.03299817915150       -0.36395230619724        0.01138798150093
N           -0.99425396941743       -1.30225633107752        0.01773519292043
C           -1.51881660018486       -2.63345288154087        0.01518264717344
H            3.71410904913689        1.19133193270447        0.98254041192850
H            3.96920773852089        0.99547756118659       -0.76055808660459
H            2.68110738065872        2.07231410906230       -0.15757166927905
H            3.52635801846280       -1.66715629246309       -0.01384031747057
H           -1.67965339121926        3.09882347917609       -0.00136404056042
H           -2.86014336274871        2.10071885841246       -0.89494007489344
H           -2.87260285728967        2.09801868268283        0.87358064581304
H           -1.20218623198695       -3.18728017739879        0.89480191628476
H           -0.06487731632628       -1.19733966403102       -0.51063365586543
H           -2.60302769200599       -2.54621043933043        0.01197262035000
H            1.33279080582200       -2.95972422253742       -0.01028992030457
25
 energy: -177.813957594122 gnorm: 18.884200733144 xtb: 6.6.1 (8d0f1dd)
C            3.21305269884378        1.14082032645417        0.00644220061149
N            2.26200881021811        0.04766172673573       -0.00501369875408
C            2.54483078586572       -1.22928457053607       -0.00515935064015
N            1.42086280930781       -1.97045367680191        0.00747317175004
C            0.42480258432392       -1.37637084894181        0.28120336239943
C           -0.11562972693262       -1.36300102284937       -0.54356074683122
C            0.06816573094297        1.39206374505271       -0.01286150778222
O            0.48347860662872        2.52430085189750       -0.03217473317432
N           -1.27383084146317        1.06456648618685       -0.00256812040250
C           -2.23744298655763        2.16221285319877       -0.01106107833145
C           -1.85027235014427       -0.19324494612819        0.01129436679296
O           -3.03342428106262       -0.36758161525264        0.01521045081086
N           -1.03672254195717       -1.30210592676043        0.04935141528817
C           -1.51738050948435       -2.63881442203127        0.02205720233369
H            3.71358809073218        1.19856116852126        0.97509880403767
H            3.96732742582058        0.99746187116900       -0.76765018211918
H            2.67846352354682        2.07461909186072       -0.16687587846029
H            3.52823879953295       -1.66365389652206       -0.01213661665066
H           -1.68333439281040        3.09680201948325       -0.00994541530715
H           -2.86347643680946        2.09445180674390       -0.89924072699370
H           -2.87428529479274        2.09741936733311        0.86935746305578
H           -1.19772088544981       -3.18580455441306        0.90585078191306
H           -0.19722490358079       -1.27353285706160       -0.66435700446668
H           -2.60028393046445       -2.54951117229060        0.02267227684311
H            1.33664072984589       -2.95934326344797       -0.00223481802268
25
 energy: -149.249690198095 gnorm: 43.342045819258 xtb: 6.6.1 (8d0f1dd)
C            3.20925711542987        1.15134557515677       -0.01174640339832
N            2.26890134390854        0.05881695989225       -0.01060682629850
C            2.54872384882116       -1.21797005932455       -0.00046153290325
N            1.44194731638901       -1.97279137734834        0.02406800558317
C            0.48619741738991       -1.37122815259231        0.37642677311918
C            0.10943254965481       -1.34828229356638       -0.35662709584157
C            0.06359068311863        1.39875280771078       -0.02543203332015
O            0.47278663338871        2.52474908989922       -0.05610216659168
N           -1.27673067434160        1.05849546319458       -0.00947659401979
C           -2.24596935920129        2.15367790767552       -0.02535132003052
C           -1.85121734807759       -0.19873512473631        0.01833427946762
O           -3.03330136612843       -0.37909679181420        0.02509878038981
N           -1.07289948769823       -1.30511392054105        0.08828875759367
C           -1.50986377778933       -2.64806425120664        0.04598207959087
H            3.71126905690241        1.22039923905786        0.95537702552327
H            3.96162178674936        1.00497794638903       -0.78633784303194
H            2.67012996784492        2.08255518366797       -0.19190961609409
H            3.53414321312499       -1.65160634537491       -0.00656725432854
H           -1.69510599652777        3.09023549233050       -0.03369503357700
H           -2.87366287359753        2.07563603846896       -0.91146067262696
H           -2.88024566315663        2.09409664950877        0.85728360391358
H           -1.18407363904810       -3.18281227310287        0.93601193166649
H           -0.45098848859418       -1.30376607751527       -0.94088624708155
H           -2.59137863803217       -2.55983905578065        0.05093735977120
H            1.34786789357052       -2.95619408844874        0.02002366042503
25
 energy: -169.591441629706 gnorm: 38.898118244566 xtb: 6.6.1 (8d0f1dd)
C            3.21163874124128        1.14516724670895       -0.00294323818787
N            2.27074622783169        0.05539877837099       -0.00734948858077
C            2.54673597189698       -1.22167657747867       -0.00259716512263
N            1.44541444911511       -1.97877732723833        0.01788909298581
C            0.50305656255212       -1.36897385812849        0.41037855046166
C           -0.03278302803721       -1.36428219352364       -0.51096275093659
C            0.06630923720454        1.40045678378563       -0.01907195700185
O            0.47757784833431        2.52378765024936       -0.04449985300803
N           -1.27402530902295        1.06090392456737       -0.00620499173736
C           -2.24180780485876        2.15817228099913       -0.01847687795112
C           -1.85182580524646       -0.19465137448445        0.01593454230392
O           -3.03429102512867       -0.37311974018119        0.02026235398385
N           -1.08458289078889       -1.30325761265371        0.08736598746270
C           -1.51540199478844       -2.64545463606340        0.03288029309423
H            3.71251655308957        1.20945800758582        0.96497733632539
H            3.96455495621038        1.00102305918507       -0.77727975552793
H            2.67433302010510        2.07836464747833       -0.17972510983814
H            3.53126489365386       -1.65799133794575       -0.00950845074481
H           -1.68916759640684        3.09361110661096       -0.02216959756492
H           -2.86852149043027        2.08504159324891       -0.90556465352512
H           -2.87716556712291        2.09597218879638        0.86315414775422
H           -1.19082511566328       -3.18412545804242        0.92109893361596
H           -0.33006287328150       -1.28299323466318       -0.84276755741912
H           -2.59607764777553       -2.55495282865668        0.03726444529415
H            1.34282120141678       -2.95886254692699        0.00908738176438
25
 energy: -178.574152899550 gnorm: 5.651929340018 xtb: 6.6.1 (8d0f1dd)
C            3.21616354290834        1.13289128756974        0.01414509185147
N            2.27186665457009        0.04734851667835       -0.00134251181729
C            2.54282214125709       -1.23025951080234       -0.00694451351117
N            1.44319070566118       -1.98629458945441        0.00522108801122
C            0.48675735646605       -1.36680480922713        0.38280760742146
C           -0.26426792176002       -1.35208055689335       -0.73871744237674
C            0.07147108055288        1.40146015776364       -0.00679987395501
O            0.48772933934177        2.52194987624421       -0.02180490191129
N           -1.26904653386671        1.06605197551250        0.00029207193263
C           -2.23322494140266        2.16726933593975       -0.00491372117485
C           -1.85312780135417       -0.18642984886732        0.01129406256370
O           -3.03588312896799       -0.36090722205973        0.01087804901416
N           -1.09435262402925       -1.30031799343565        0.07951143736755
C           -1.52607754861045       -2.63893625598253        0.00830599374206
H            3.71519465247999        1.18752259361234        0.98358664544103
H            3.97039659206615        0.99268049207244       -0.75974438606414
H            2.68289393654306        2.06982860518868       -0.15603375985161
H            3.52538134852294       -1.67086308819282       -0.01533491103690
H           -1.67704991319228        3.10048596459937        0.00044825126371
H           -2.85817250771000        2.10389004881646       -0.89389078800399
H           -2.87076424911781        2.10009864212501        0.87476962694108
H           -1.20449420717093       -3.18652160864715        0.89198651677904
H           -0.09367992816276       -1.28484383507619       -0.62474554572635
H           -2.60565226641368       -2.54493517638593        0.01053275401173
H            1.33235773548916       -2.96404445949794       -0.01233522301149
25
 energy: -174.196185110370 gnorm: 104.538434333493 xtb: 6.6.1 (8d0f1dd)
C            3.21874428713612        1.13228532614057        0.01212895761643
N            2.30029656540083        0.06275798731954        0.00076832747447
C            2.54260126707639       -1.22238856421308       -0.00566246412065
N            1.47279841286761       -2.00148839321859        0.01117937464340
C            0.58725633911597       -1.34843481285077        0.54185543623109
C           -0.26324723942243       -1.33828165876678       -0.81931922826826
C            0.07433444244048        1.42617523688980       -0.00701708022218
O            0.48247476758192        2.52295247830148       -0.02526718193358
N           -1.26561422900755        1.06228055984612       -0.00124202172812
C           -2.23508272221718        2.16611088194853       -0.00763945906245
C           -1.85830132373322       -0.18203216781445        0.01633762717763
O           -3.03844820411275       -0.36216436221504        0.01119178995282
N           -1.15316979081293       -1.30451920407150        0.12135384003510
C           -1.52787843101416       -2.65267136768659       -0.00046913375087
H            3.71471493514748        1.19084927177303        0.98168235927778
H            3.96994023880827        0.99418622740671       -0.76172864399303
H            2.68156287636445        2.07079227648393       -0.15888866112643
H            3.52660083263685       -1.66962259410159       -0.01453381197270
H           -1.67917631086581        3.09948619571099       -0.00326841784848
H           -2.85960385317263        2.10101263390922       -0.89633181381979
H           -2.87198852456995        2.09936094342947        0.87248468825045
H           -1.20212514883237       -3.18591265455166        0.89516298762128
H           -0.18747148161616       -1.32795317327292       -0.73634043378799
H           -2.60477298508228       -2.54742208594570        0.01458722412955
H            1.33598679398309       -2.96712043885073       -0.00985264287549
25
 energy: -178.727201100290 gnorm: 0.983367073612 xtb: 6.6.1 (8d0f1dd)
C            3.21920428994401        1.13118192391199        0.01545385210221
N            2.30169632617482        0.06270601468044        0.00220707443932
C            2.54245431994595       -1.22246691203687       -0.00595065029152
N            1.47450331549942       -2.00338413393317        0.00934545768473
C            0.58816368892382       -1.34602350059252        0.54440635954649
C           -0.28434245307231       -1.34378568691623       -0.86439371579485
C            0.07468015957946        1.42739254426653       -0.00496145763410
O            0.48314825685045        2.52275609687747       -0.02151195597477
N           -1.26493431492869        1.06247534395050       -0.00044661921215
C           -2.23449549581996        2.16681881170670       -0.00585264313358
C           -1.85900055000931       -0.18070074387731        0.01573695140294
O           -3.03885791551975       -0.36116981146802        0.00906047061655
N           -1.15767561261581       -1.30466259910510        0.12302888873407
C           -1.52898898603552       -2.65270946888438       -0.00516559056532
H            3.71455967306885        1.18849747330276        0.98533666075512
H            3.97067743790524        0.99414615179516       -0.75822541074267
H            2.68224890997896        2.07023715325164       -0.15458650114175
H            3.52621517517472       -1.67061033316970       -0.01494019962882
H           -1.67830613161679        3.10000037126010        0.00010609688498
H           -2.85851029054272        2.10307127060685       -0.89494869042635
H           -2.87183805517033        2.09901286420652        0.87386455202485
H           -1.20338268607948       -3.18675776579440        0.89010541660836
H           -0.16664368083962       -1.32295713229246       -0.70289154408871
H           -2.60557958780005       -2.54686285109645        0.00968649808687
H            1.33543572110466       -2.96796653905008       -0.01329168235190
25
 energy: -178.731824229699 gnorm: 0.711384076292 xtb: 6.6.1 (8d0f1dd)
C            3.22399261914111        1.12140769049199        0.03192096136493
N            2.31739800195720        0.05729840575290        0.01710570409799
C            2.54144352464699       -1.21225505742751       -0.00564855524651
N            1.46805241950087       -2.00709087601941        0.01190105223289
C            0.59834027103972       -1.34480869540452        0.56163381207298
C           -0.29271626881875       -1.33562047724583       -0.86786877571743
C            0.06943106190353        1.44427249433422        0.00404752309529
O            0.49808925913133        2.51689372595524       -0.02317771574600
N           -1.27705969441702        1.07127370883125        0.00987014181716
C           -2.23340834030077        2.17478309841427       -0.01337636277267
C           -1.85812870747499       -0.18452390207361        0.03688785762444
O           -3.04766023501260       -0.37219169218355        0.00915535621734
N           -1.14967552530175       -1.31874126404376        0.13321544737418
C           -1.54207557044278       -2.64192436652877       -0.02722864818558
H            3.72089699621306        1.19913475203759        0.97548865456421
H            3.96818851025954        0.99483724889206       -0.77195091550168
H            2.67378210408457        2.07040721619638       -0.16553852204295
H            3.52677578328851       -1.67760121279181       -0.01444935053508
H           -1.67800006054761        3.10124691023163       -0.00740163609570
H           -2.85887854920023        2.09445274224453       -0.90804315285578
H           -2.86789371564047        2.09257489539533        0.87584723818526
H           -1.20272408929882       -3.19275539650935        0.85738939278128
H           -0.16245947122502       -1.32350160254808       -0.71452550367843
H           -2.60553671431828       -2.54257130139605        0.03268070109686
H            1.33025790493265       -2.96675850300515       -0.00676308624701
25
 energy: -178.748541836209 gnorm: 1.919518428466 xtb: 6.6.1 (8d0f1dd)
C            3.23011622095492        1.11100027972253        0.04736185646701
N            2.33729813623536        0.05102945090242        0.03419705724038
C            2.54455521750420       -1.19895037945649       -0.00569842004227
N            1.47397601325630       -2.02111324413778        0.01307451825448
C            0.60840331684109       -1.32758003356809        0.60590495028014
C           -0.31105889490308       -1.32352457292192       -0.88182826995419
C            0.05773353710518        1.46096223694635        0.01415186994288
O            0.51848793192484        2.51422917508469       -0.02610453565950
N           -1.28658670760444        1.08063063595980        0.02136727574945
C           -2.23324924307448        2.18376688662175       -0.02251426332719
C           -1.86348551925848       -0.18479164963291        0.06470148911223
O           -3.05899611654743       -0.38239535816604        0.00919714377603
N           -1.14829287966032       -1.33587001228035        0.15632929982199
C           -1.55885922600817       -2.63075603754546       -0.04996320158263
H            3.72957379752042        1.21151523177076        0.96510390538086
H            3.96523261835181        0.99503237861690       -0.78774379765929
H            2.66503030455312        2.06863070225716       -0.17868132233185
H            3.52726539184698       -1.68619102140528       -0.01405301590414
H           -1.67738447460865        3.10352304500941       -0.01713015934155
H           -2.85885655543438        2.08479141230143       -0.92335243803466
H           -2.86288953550001        2.08624251205020        0.87707363900121
H           -1.20149148277391       -3.19993078402716        0.81905158143927
H           -0.15350210368987       -1.33161388204343       -0.74777107154920
H           -2.60833288035537       -2.53920752921120        0.05839012154818
H            1.32574464742437       -2.97119090124731        0.00010740527234
25
 energy: -178.789938352406 gnorm: 0.461509621933 xtb: 6.6.1 (8d0f1dd)
C            3.22422878153676        1.12616184748573        0.02187398267094
N            2.31318752852747        0.04899002904984        0.01707243365822
C            2.56623218855512       -1.19988765644270       -0.00752249703844
N            1.53615312283752       -2.05806523246239        0.00107478179222
C            0.53738838182479       -1.26341986359946        0.62489465666240
C           -0.27234215262256       -1.33602267216021       -0.91838491365868
C            0.03745702875387        1.42385615275461        0.00297550041394
O            0.51348236528232        2.53058835407462       -0.02467328772947
N           -1.25679016582428        1.06828254141825        0.00772003295132
C           -2.23885313140082        2.17290444320113       -0.01536245483571
C           -1.88903298386303       -0.16330906119345        0.05320988559878
O           -3.05844415353363       -0.36110040733048        0.00528800336272
N           -1.17304580487554       -1.32787381914322        0.18471966110522
C           -1.55095227080735       -2.63977576646857       -0.01017971531712
H            3.72506672855748        1.20105675386872        0.98330121919829
H            3.96857693340303        0.99530085293232       -0.76830976242227
H            2.67675254917910        2.06383042232035       -0.16397152823049
H            3.52836029645162       -1.67774391133408       -0.01430387552215
H           -1.67918524044912        3.10369009379205       -0.01060703293307
H           -2.85770335351183        2.09461961239175       -0.90959643618467
H           -2.86808013541853        2.09460936270877        0.87107793361990
H           -1.19839364141159       -3.19635607959208        0.84999988867673
H           -0.14684527565937       -1.33133320874900       -0.75800999117990
H           -2.61734900342033       -2.55438639945364        0.02173005199378
H            1.34056292198890       -2.99637784646884       -0.01284491875247
25
 energy: -178.801323716098 gnorm: 0.220924543816 xtb: 6.6.1 (8d0f1dd)
C            3.22513969402108        1.12424652325174        0.02422131856495
N            2.31244714325482        0.04314828732021        0.02095921095207
C            2.57255889956662       -1.19599601934506       -0.00829370676400
N            1.54306604534374       -2.06352189246547        0.00441088653585
C            0.51247460203751       -1.24566010552010        0.62071586694835
C           -0.26611714893476       -1.33375908351519       -0.91630098732842
C            0.02847451211904        1.42588699815344        0.00507420155966
O            0.52139959142278        2.52534433943874       -0.02558835078770
N           -1.25666996544135        1.07090165795754        0.01060763759880
C           -2.23950806727757        2.17511642835171       -0.01808240704135
C           -1.89575494693706       -0.16022367429372        0.06519959058285
O           -3.06678554563942       -0.36001345222215        0.00426023621545
N           -1.16370511438964       -1.33314683103714        0.19809959628643
C           -1.55821938698280       -2.63310232374495       -0.00877425913444
H            3.72836949541303        1.20489815955173        0.98172383598227
H            3.96795894398251        0.99541776100861       -0.77219818507425
H            2.67499160252214        2.06178529303842       -0.16739742101511
H            3.53035521280696       -1.67999161547773       -0.01473533178383
H           -1.67950842159390        3.10488805371541       -0.01384744392397
H           -2.85746433735568        2.09203379058390       -0.91389658408422
H           -2.86674516156808        2.09341644291706        0.87061376648940
H           -1.19653191677274       -3.20032732284174        0.83757854178369
H           -0.12995052781844       -1.32846278580904       -0.76582924796989
H           -2.62186819651433       -2.55738486104484        0.02504288337704
H            1.34202450883552       -3.00725522637137       -0.01239203006961
25
 energy: -178.800901696153 gnorm: 5.015289521970 xtb: 6.6.1 (8d0f1dd)
C            3.22781443203609        1.11616859692692        0.03205736113195
N            2.30766037537276        0.02242864313159        0.03608904555061
C            2.59657415610672       -1.18742795473303       -0.01150609843454
N            1.56115811132802       -2.07672398950637        0.02662902017952
C            0.40419941974452       -1.17622683887479        0.58344866360079
C           -0.23987375296917       -1.32356177014613       -0.89929681440815
C           -0.00441178196230        1.43936032251263        0.01320737739141
O            0.55182421105002        2.49510068457620       -0.02919564232036
N           -1.25980264905674        1.08092642764256        0.02271382830264
C           -2.24210842644737        2.18411500188707       -0.02883584192488
C           -1.92272115433890       -0.15054761475558        0.11545187733353
O           -3.10096219818914       -0.35285840118253        0.00010567326516
N           -1.11439618273837       -1.34995399651724        0.25282219148720
C           -1.58847777559648       -2.60551357329431        0.00149004941795
H            3.74211018208283        1.22032995511199        0.97523017062085
H            3.96511280442751        0.99560958994150       -0.78782628163099
H            2.66834065140465        2.05232076663107       -0.18136366956143
H            3.54100338632802       -1.68915410334766       -0.01755488925648
H           -1.68114557861625        3.11025183234495       -0.02710023245879
H           -2.85626454967014        2.08181319720067       -0.93078577223482
H           -2.86125888581933        2.08929082793734        0.86852900959696
H           -1.18808045247187       -3.21896371281596        0.78678445243073
H           -0.05233063951938       -1.31349488099175       -0.79594117070063
H           -2.64329784826944       -2.57116314293757        0.03658994546194
H            1.34976565988373       -3.05388732514155       -0.01057063494017
25
 energy: -178.831443098516 gnorm: 0.199228684463 xtb: 6.6.1 (8d0f1dd)
C            3.22431253254170        1.12265836207044        0.02403762158773
N            2.29903924913713        0.02836105262713        0.02703805550811
C            2.59438322425418       -1.19430104303233       -0.01103585425817
N            1.56316185164896       -2.07321082619458        0.02384801116935
C            0.40510936998637       -1.18337369425560        0.57290954459599
C           -0.22156283046249       -1.33194662618177       -0.91039913052359
C            0.00246617391803        1.42986495757180        0.00791943546772
O            0.53959249662397        2.49902235117305       -0.02667183928071
N           -1.25455363566317        1.07463807005079        0.01601610798153
C           -2.24281870870293        2.17841798898909       -0.02349536913284
C           -1.92017690850709       -0.15039315810417        0.09865256567404
O           -3.09283326941419       -0.34795397889711       -0.00065366995973
N           -1.12229373455079       -1.34061299152409        0.24177390230816
C           -1.57801344496268       -2.61388931303903        0.01228783541920
H            3.73644429652237        1.21340870378384        0.98249579887358
H            3.96665207342434        0.99645203411516       -0.77718633238673
H            2.67311342053132        2.05374818151055       -0.17239637739940
H            3.54073136859655       -1.68360649302477       -0.01734355875814
H           -1.68208891017177        3.10859796266371       -0.02098266205869
H           -2.85646452030103        2.08714093787611       -0.92198157837044
H           -2.86480289226214        2.09216715839140        0.86762125253636
H           -1.18854287760126       -3.21517263609308        0.80797886665042
H           -0.07250195808162       -1.30894431935380       -0.77478261429795
H           -2.64104808776958       -2.57320295150003        0.02062494046720
H            1.35312723536582       -3.04963118802270       -0.01510333391300
25
 energy: -178.839804019191 gnorm: 0.303175770791 xtb: 6.6.1 (8d0f1dd)
C            3.22319029102349        1.12207464407957        0.02277165477694
N            2.29389777080305        0.02585047363932        0.02747163287044
C            2.59939025238494       -1.19733504779549       -0.01183230490313
N            1.56379370543560       -2.07244789127646        0.03511190669059
C            0.36880146974201       -1.16557021772070        0.54691495336863
C           -0.20574197255762       -1.33142406076465       -0.90568565533006
C           -0.00265820499672        1.43304606404428        0.00804679924525
O            0.54333555445331        2.48633460775045       -0.02677622267426
N           -1.25624440900871        1.07464873666082        0.01718534749709
C           -2.24362414231010        2.17905006877829       -0.02452401609779
C           -1.92684194510328       -0.14877098219880        0.10823862364183
O           -3.10073176697721       -0.34196210340639       -0.00216570363573
N           -1.10472454912369       -1.33994413252656        0.25469242827129
C           -1.58373082248927       -2.60814327930508        0.02299866304455
H            3.73828073612442        1.21515497625914        0.98296564172407
H            3.96634193715180        0.99665274015155       -0.77770110339781
H            2.67320058426070        2.05095807659983       -0.17317065336504
H            3.54586642791498       -1.68429706106673       -0.01884916487739
H           -1.68329649471180        3.10980352205308       -0.02265310397720
H           -2.85610458914191        2.08633701497032       -0.92330258867235
H           -2.86463033936771        2.09253274623616        0.86657013767098
H           -1.18544429290756       -3.22118328392108        0.80115354742802
H           -0.05203348970994       -1.30066328026967       -0.77616749710981
H           -2.64837717821245       -2.57942041637639        0.01632318024318
H            1.35851698142366       -3.06304337299479       -0.01644488453228
25
 energy: -178.851513109725 gnorm: 1.170830686113 xtb: 6.6.1 (8d0f1dd)
C            3.22127517150271        1.11910495742755        0.01981793330772
N            2.29242027328664        0.02814606043303        0.02750103002978
C            2.60229750596981       -1.20729087381384       -0.01274953945657
N            1.55286783412372       -2.06499848092806        0.06745371783559
C            0.32923431796850       -1.13804442134802        0.51111972836319
C           -0.18994938896995       -1.32743312840375       -0.90736697179450
C           -0.00592684781552        1.44720345902031        0.00831464052868
O            0.54827952574401        2.45809009051420       -0.02726091778982
N           -1.26514659321653        1.07304831096672        0.01955916721716
C           -2.24441281357817        2.18054207134730       -0.02605380732934
C           -1.93626088930087       -0.14935746718536        0.12585590217489
O           -3.11387623978997       -0.32869562457607       -0.00409043878888
N           -1.07538244033714       -1.33460726874111        0.28004201367796
C           -1.59426674333509       -2.60047923885292        0.04421608641774
H            3.74092016217878        1.21753619448676        0.98223858194249
H            3.96566910212193        0.99649225008137       -0.77873262506747
H            2.67366117418893        2.04553488152086       -0.17483436221903
H            3.55846436030825       -1.68581607928133       -0.02304361722714
H           -1.68605961737022        3.11223628028397       -0.02562118785529
H           -2.85543395408049        2.08537012057373       -0.92481819880556
H           -2.86457705625499        2.09423292792893        0.86475228022674
H           -1.17894234734567       -3.23515333995997        0.79080724560932
H           -0.02211348877194       -1.29125665992703       -0.79469301235460
H           -2.66340276171121       -2.59150495475907        0.00716200648459
H            1.37109326858449       -3.08466152520819       -0.01840403722763
25
 energy: -165.520048036406 gnorm: 40.601691984769 xtb: 6.6.1 (8d0f1dd)
C            3.22142384821048        1.11862286931562        0.01991372410466
N            2.29423193928825        0.02871151265888        0.02751866252775
C            2.59993309083982       -1.20832014218602       -0.01185284387952
N            1.55100395876175       -2.06557813556916        0.07446857019436
C            0.33877341905500       -1.13599597610093        0.52244260449351
C            0.09997565261915       -1.26200941049850       -0.70889284044915
C           -0.00790947889213        1.44400906139656        0.00876631153007
O            0.55093414548611        2.45982400604794       -0.02722957232926
N           -1.26688807431783        1.07261172966885        0.01998290294998
C           -2.24462214515173        2.18068732392071       -0.02615159140697
C           -1.93525069451311       -0.15078816256003        0.12582911594334
O           -3.11227563501218       -0.32788160167873       -0.00438940414254
N           -1.07019222885606       -1.33218957495796        0.28413009704806
C           -1.59241610977538       -2.59922194266201        0.04550480218002
H            3.74057574762106        1.21736231857122        0.98220864092158
H            3.96565973915325        0.99647585814668       -0.77806773019977
H            2.67373484622832        2.04521677982637       -0.17441684423563
H            3.55973985506907       -1.68581879974364       -0.02358835090944
H           -1.68659010379478        3.11248490527287       -0.02574463036012
H           -2.85537522023975        2.08553518815515       -0.92481259849267
H           -2.86499140811989        2.09465161959312        0.86440220126455
H           -1.17848489156931       -3.23766587055157        0.79048597818503
H           -0.32947984881940       -1.35799801774839       -1.01649534775425
H           -2.66409946578060       -2.59206363559091        0.00535496197435
H            1.37302057660991       -3.08242336112607       -0.01819520125796
25
 energy: -167.765365698681 gnorm: 236.426340307328 xtb: 6.6.1 (8d0f1dd)
C            3.22145180079497        1.11857690594838        0.01984096345791
N            2.29439865728195        0.02871025953843        0.02747359186290
C            2.59979142976968       -1.20828175974965       -0.01183965149257
N            1.55053750420416       -2.06570810153027        0.07474318158041
C            0.33892745283073       -1.13588203704309        0.52228490109582
C           -0.08221531680395       -1.30225889507199       -0.83826389933364
C           -0.00805208755278        1.44373477784655        0.00880303422379
O            0.55116890165668        2.46000087952483       -0.02725545053247
N           -1.26706849175254        1.07256092415497        0.02002023436358
C           -2.24464199690735        2.18070422165189       -0.02611518003674
C           -1.93520733901724       -0.15090860842862        0.12591028215852
O           -3.11215712431430       -0.32779370904960       -0.00427352466412
N           -1.07102610316528       -1.33231070650205        0.28398785587314
C           -1.59270388936560       -2.59928583919164        0.04590140216525
H            3.74056786394189        1.21734616510299        0.98211255054447
H            3.96564499782028        0.99646623736876       -0.77809428727597
H            2.67373746381220        2.04517924508690       -0.17444631942784
H            3.55985522970226       -1.68583414688264       -0.02369628723236
H           -1.68663475523886        3.11250812277308       -0.02573389086250
H           -2.85538882667365        2.08554891957731       -0.92475679872994
H           -2.86500808438370        2.09469941304740        0.86442427369308
H           -1.17840464619286       -3.23788291476076        0.79050561846723
H           -0.14617756614654       -1.31728850965241       -0.88753325546313
H           -2.66417241918020       -2.59212042589025        0.00534790087537
H            1.37320885898004       -3.08224187626852       -0.01817562741020
25
 energy: -172.601848374643 gnorm: 35.934665548651 xtb: 6.6.1 (8d0f1dd)
C            3.22145943330490        1.11856087648388        0.01989904748856
N            2.29449014977967        0.02872008874354        0.02751427117984
C            2.59971207462054       -1.20825806179352       -0.01176484029841
N            1.55037221686158       -2.06579535441435        0.07498493038870
C            0.33929395879184       -1.13574196700532        0.52279006472196
C            0.03936327672951       -1.27266677287993       -0.74068737469804
C           -0.00813342575859        1.44358351736111        0.00882721513540
O            0.55128804976860        2.46010164562450       -0.02724447122326
N           -1.26717544748541        1.07252947676372        0.02001073559847
C           -2.24465791908763        2.18070496410376       -0.02615432590825
C           -1.93516366988394       -0.15098906659245        0.12587464220400
O           -3.11208938247525       -0.32775842658438       -0.00432295754261
N           -1.07117473367993       -1.33230831137962        0.28404938915313
C           -1.59277328023590       -2.59929889408417        0.04600776760486
H            3.74053058208674        1.21734504507200        0.98217341988372
H            3.96565579071484        0.99647800609671       -0.77799065218966
H            2.67373669927675        2.04516915711677       -0.17437706696258
H            3.55992581037122       -1.68583013025499       -0.02366146632894
H           -1.68666848146166        3.11251438788434       -0.02576524292969
H           -2.85537624888921        2.08555065246711       -0.92480346106602
H           -2.86504932006109        2.09471020292621        0.86435952615009
H           -1.17838458122548       -3.23800707294010        0.79046667450044
H           -0.26786665941163       -1.34678256126567       -0.98610688258246
H           -2.66420252070577       -2.59215663243124        0.00524044858039
H            1.37331914215531       -3.08213622741789       -0.01814777295967
25
 energy: -174.367700255891 gnorm: 33.241808347115 xtb: 6.6.1 (8d0f1dd)
C            3.22166477055808        1.11841310573359        0.01974930794392
N            2.29505928093297        0.02843180946074        0.02751499739690
C            2.59953100712140       -1.20776256474562       -0.01160910391684
N            1.55003581078929       -2.06710061138356        0.07689425701980
C            0.34377206302086       -1.13365974952992        0.53047417717649
C            0.03861060896937       -1.27895329849349       -0.78199058608342
C           -0.00827307534202        1.44311012515073        0.00902787381250
O            0.55193346834181        2.46028439035051       -0.02729331873450
N           -1.26793758878620        1.07228738660228        0.02017301329884
C           -2.24480579404085        2.18077416219992       -0.02606150101222
C           -1.93444055036780       -0.15155475212412        0.12587771066702
O           -3.11167025861102       -0.32751545563576       -0.00411343626507
N           -1.07148341500811       -1.33246668311930        0.28552248821462
C           -1.59373529130611       -2.59943979055368        0.04757754170952
H            3.74045069275969        1.21725800841861        0.98194321430619
H            3.96566649836862        0.99645505223412       -0.77788849674523
H            2.67374005205004        2.04497530637251       -0.17433109910835
H            3.56030336581895       -1.68589652091381       -0.02400757268268
H           -1.68687974706363        3.11261196146232       -0.02576579973785
H           -2.85540960597091        2.08562605787319       -0.92468032520010
H           -2.86520061711951        2.09492606938161        0.86433362547209
H           -1.17825072791716       -3.23905055419661        0.79055727529790
H           -0.27189808879872       -1.33960736748456       -0.95780832740432
H           -2.66447145437976       -2.59235223387733        0.00511085076687
H            1.37412011008071       -3.08155531158233       -0.01803514829207
25
 energy: -177.845668838260 gnorm: 20.814029970962 xtb: 6.6.1 (8d0f1dd)
C            3.22196969266192        1.11735039319529        0.01976852759498
N            2.29902084974175        0.02901437980266        0.02750994061400
C            2.59524301055867       -1.20796155722155       -0.01015941523670
N            1.54279336192063       -2.07012370758143        0.08710747412798
C            0.35769794406229       -1.12966972769571        0.53909985138519
C           -0.25158071157471       -1.31920036413778       -0.88778643698263
C           -0.01177388553822        1.43660370273403        0.00996805021043
O            0.55730736585503        2.46442961202020       -0.02740598922805
N           -1.27229007521135        1.07112775194221        0.02070043825195
C           -2.24523198644322        2.18105863650790       -0.02618688815491
C           -1.93302151176432       -0.15476749776734        0.12622161509915
O           -3.10871857991599       -0.32554444793921       -0.00369489361318
N           -1.07848319499955       -1.33213565227608        0.28762811154684
C           -1.59681890471120       -2.59982707297689        0.05370541878248
H            3.73975091488795        1.21696868683554        0.98165238976406
H            3.96560756546216        0.99647486424696       -0.77657185263990
H            2.67380288763886        2.04431550694339       -0.17358796160823
H            3.56316026946152       -1.68600765153674       -0.02503578668819
H           -1.68801087703722        3.11305662761443       -0.02606131328372
H           -2.85535052546751        2.08589482178399       -0.92462091629147
H           -2.86605161242038        2.09576747377306        0.86363097894568
H           -1.17697921410909       -3.24409749911860        0.79011555711439
H            0.01599422334753       -1.29374745067513       -0.88017437586434
H           -2.66611517677506       -2.59369671920679        0.00283678514011
H            1.37850968446951       -3.07704456766638       -0.01748769108593
25
 energy: -144.630899311375 gnorm: 883.684628577786 xtb: 6.6.1 (8d0f1dd)
C            3.22196284743233        1.11748380250185        0.01954299870572
N            2.29847006643066        0.02888772595220        0.02735210134834
C            2.59593105536550       -1.20833149410247       -0.01040803480849
N            1.54371564306441       -2.06905820600522        0.08610044875847
C            0.35509170883953       -1.13025457978465        0.53631164796985
C           -0.14009051720623       -1.30761084892380       -0.88670797761592
C           -0.01070347378506        1.43856503731075        0.00983987626721
O            0.55599921876725        2.46255204358065       -0.02740120568983
N           -1.27157189554120        1.07136902095668        0.02075894660527
C           -2.24521403632402        2.18102469868913       -0.02602359227061
C           -1.93310709721281       -0.15422523440495        0.12639907042319
O           -3.10918760693807       -0.32583497414768       -0.00354629294509
N           -1.07609093469844       -1.33209810891613        0.28810332633989
C           -1.59619337217793       -2.59954690105899        0.05321769234921
H            3.73991933747935        1.21697610012658        0.98143140445640
H            3.96561987316650        0.99642443644478       -0.77704366968370
H            2.67379335593676        2.04433775504452       -0.17387481431106
H            3.56259383104171       -1.68594589798451       -0.02518271580125
H           -1.68786714074482        3.11302473055324       -0.02594076363901
H           -2.85543031636502        2.08588907911232       -0.92445422896319
H           -2.86592010477031        2.09573979254964        0.86390341415471
H           -1.17708659383552       -3.24361699919115        0.79027487250934
H           -0.09618469818749       -1.30612589361102       -0.87714415084712
H           -2.66595017694780       -2.59353557696057        0.00323594110159
H            1.37793254131072       -3.07785096613120       -0.01757267651395
