72
 energy: -99.228679526368 gnorm: 0.500168852566 xtb: 6.6.1 (8d0f1dd)
N           -2.04517078910763        2.94492889225452        2.31452901313139
C           -1.92673792066494        2.21957099020199        1.30506361790993
C           -3.01540881974928        1.97107410753072        0.29789410328987
C           -3.47606963513948        0.52422076186235        0.38791248517097
C           -4.32084530669061        0.00461960885067       -0.59516757714396
C           -4.77902999881252       -1.30093114004720       -0.54001369556667
O           -5.60005195003336       -1.87726614057305       -1.44224818650603
C           -6.14174969580048       -1.09476859043114       -2.48052632055227
C           -4.37608459322993       -2.13918257305834        0.53468571844965
O           -4.86120142702484       -3.39652027722639        0.50216412999751
C           -4.57842329341701       -4.26822933063023        1.57173274753588
C           -3.54247413013414       -1.61564638957333        1.50995000798878
C           -3.10059451116772       -0.30024872656519        1.43719470812317
C           -2.37503814939259        2.23950805025057       -1.08881626721969
C           -1.40659044715649        1.14281914104992       -1.56554458685819
C           -0.09540851494731        1.15030236967082       -0.87801565454101
N            0.54973625233565        0.07664601232816       -0.43009692325809
C            1.96775868187328        0.13205970430190       -0.17135078640895
C            2.76745044438081       -0.43829050791541       -1.36685831303861
C            4.23433749456252       -0.24882198268842       -1.16252908008688
C            4.85068582635828        0.97170433501260       -1.56346113082717
C            6.12859383058470        1.19672295234536       -1.25943679523825
C            7.04704836159034        0.29181096169352       -0.53531618169710
O            7.25859345379939        0.80015634292220        0.80522499575176
C            8.24382366376156        1.80139587326556        0.86436166621993
C            6.35818472271709       -1.06296023955298       -0.32768233204771
O            7.22975044252672       -1.97708782175529        0.09146058440561
C            6.79689535512242       -3.29435412659379        0.36467943623741
C            5.01937027662537       -1.24014475235639       -0.56541631044448
C           -0.07503022897879       -1.22292287600813       -0.36665315132741
C           -4.25919009982541        2.88892276441624        0.49209845138436
C           -4.97270199645734        2.59577182880731        1.80955189611575
C           -3.92744639030679        4.37592229183524        0.40547847333369
H           -4.63526257388049        0.63610261068101       -1.40933953340874
H           -6.70972769469678       -0.24597908866497       -2.08804777188299
H           -6.81318887292165       -1.75640785843996       -3.02421886004271
H           -5.36385198147807       -0.73323479422460       -3.16109561715862
H           -4.94479688551325       -3.86865412992177        2.52188694272455
H           -5.10500320632904       -5.19238207328534        1.34186013309009
H           -3.50583787630770       -4.47293179193621        1.65041956475380
H           -3.23694934832310       -2.22180535619224        2.34722884443368
H           -2.47722420239174        0.08073112261890        2.23128835136467
H           -3.16898120577180        2.33464888145074       -1.82862146736560
H           -1.84402146993795        3.19146807310726       -1.05238051975649
H           -1.89108225861113        0.17027600908470       -1.50025775533054
H           -1.20689309662538        1.34416350207663       -2.62671829420704
H           -0.98358111671232        1.71454951126884        1.01703101633692
H            0.46314610951856        2.07503788506216       -0.88596830334261
H            2.19917058399017       -0.44151107459529        0.72958156488661
H            2.26835837798802        1.16845944954744       -0.00595021053811
H            2.44815474407119        0.08604745395451       -2.27051252909737
H            2.53869650371404       -1.49937208866353       -1.47956408503762
H            4.26053035560235        1.70386173317908       -2.09446271658117
H            7.79123562588180        0.18470479901208       -0.92231066601247
H            7.92345176279849        2.69995960162539        0.32461549565944
H            9.19682772293317        1.45504948235433        0.44864284586649
H            8.37227478296588        2.03450267444182        1.91969572844693
H            7.69105459961629       -3.84576742338217        0.64769768720172
H            6.08240789920928       -3.30852261019163        1.19180623759424
H            6.34734124896412       -3.75289807795325       -0.52043240238862
H            4.55433313841406       -2.18486897974000       -0.32319048827104
H           -0.15958280756583       -1.67692094749368       -1.35726634322409
H           -1.07217064603549       -1.14274140273569        0.06995174623589
H            0.52570641841847       -1.87521181974468        0.26379274152560
H           -4.94985644259941        2.64830784809367       -0.32434444584205
H           -4.32950921247516        2.85038584034973        2.64562233217932
H           -5.24907478491304        1.54675143704465        1.88268047806001
H           -5.87828552713890        3.19326198231179        1.87342207093747
H           -3.21534452689605        4.64970820733513        1.17784539102866
H           -3.52503264679031        4.64707082696079       -0.56699770210319
H           -4.83527524602194        4.95265663149776        0.56181492565651
H           -1.23262155535843        3.06486196298207        2.91121171393232
72
 energy: -99.289787337140 gnorm: 0.056728828270 xtb: 6.6.1 (8d0f1dd)
N           -2.04495680241347        2.94480150085425        2.31443906226534
C           -1.92664003553815        2.21952890001367        1.30505131326695
C           -3.01540076738266        1.97108928449401        0.29787246374655
C           -3.47605090026779        0.52424670236116        0.38790584665612
C           -4.32084143197226        0.00461403517665       -0.59516062807952
C           -4.77902779823188       -1.30093704504552       -0.53999775730677
O           -5.60012612690337       -1.87723780331966       -1.44218392790929
C           -6.14167928435100       -1.09482564091632       -2.48047931801836
C           -4.37608888086238       -2.13916731322097        0.53471981208687
O           -4.86124572165492       -3.39649272673626        0.50223362689474
C           -4.57842856279040       -4.26819785492136        1.57180258654059
C           -3.54247046683299       -1.61562083698539        1.50996201289196
C           -3.10056880070189       -0.30021816956974        1.43718979829610
C           -2.37508577266376        2.23953444426570       -1.08888141143289
C           -1.40668250570404        1.14285235972896       -1.56563483155055
C           -0.09560319059310        1.15032358697569       -0.87792826898661
N            0.54951658395265        0.07662084315345       -0.43034819222464
C            1.96732944137462        0.13205237118896       -0.17123728317000
C            2.76537186164769       -0.43886131856514       -1.36738924560709
C            4.23060741461616       -0.24967732813087       -1.16286241182992
C            4.84299220900555        0.97293398509166       -1.56457479406177
C            6.11393592688207        1.20392670045588       -1.25087417538881
C            6.99913320943340        0.30037838948477       -0.50452368661133
O            7.24738907153955        0.80658941468318        0.82191222762361
C            8.24132707089828        1.80131020708428        0.86583700925890
C            6.34695872247252       -1.06399608550322       -0.32001954147953
O            7.22575099021436       -1.97508153340416        0.09342473097133
C            6.79702162728398       -3.29418732710872        0.36451156916240
C            5.01301487952827       -1.24310388740486       -0.56502198087852
C           -0.07517776150081       -1.22287446368666       -0.36671602954372
C           -4.25916378339704        2.88895146987636        0.49213607658269
C           -4.97262938012214        2.59573485308559        1.80961190806624
C           -3.92743112844357        4.37595267335975        0.40552898766022
H           -4.63527805932878        0.63610709875362       -1.40931182865287
H           -6.70968554018572       -0.24601330696648       -2.08812850344817
H           -6.81309637640487       -1.75645428668054       -3.02420193743071
H           -5.36377400724616       -0.73329786683096       -3.16101832770219
H           -4.94479044410465       -3.86861952065383        2.52195405687445
H           -5.10500476572377       -5.19235539101747        1.34195048223320
H           -3.50584374053963       -4.47288811327563        1.65046750405728
H           -3.23692634146484       -2.22175554005797        2.34724778593269
H           -2.47716640990633        0.08075056915379        2.23126555371167
H           -3.16905409509847        2.33460748223666       -1.82866020479031
H           -1.84409587653377        3.19150134734955       -1.05247130662983
H           -1.89118404103308        0.17030856264932       -1.50034771674648
H           -1.20687750641184        1.34419180885449       -2.62676865158653
H           -0.98350933923066        1.71443816106111        1.01670900766640
H            0.46313184681883        2.07495711812411       -0.88605856726320
H            2.19891182273616       -0.44162919343914        0.72954121919785
H            2.26825128941679        1.16837365838557       -0.00597851744096
H            2.44738905491743        0.08592279659670       -2.27105847999079
H            2.53783881987495       -1.49995632673505       -1.47981183890751
H            4.25578980799185        1.70497932563132       -2.09653469867325
H            7.91570002250325        0.16795318406967       -0.98351878049767
H            7.92301583421507        2.69946607951756        0.32432423266963
H            9.19360780737068        1.45260915238186        0.44924524375293
H            8.37318895528762        2.03691364559322        1.91977456409544
H            7.69151503274193       -3.84512260303547        0.64753067226076
H            6.08244153875338       -3.30944398062383        1.19165032081180
H            6.34760778130215       -3.75278276510987       -0.52062232679531
H            4.55073779981025       -2.18814021371976       -0.32439422841805
H           -0.16001137432467       -1.67681810489661       -1.35723799536980
H           -1.07222972632238       -1.14266212762998        0.07009261820198
H            0.52563646698207       -1.87517597532561        0.26351159618739
H           -4.94988105257088        2.64832799959409       -0.32428486210623
H           -4.32936373953950        2.85023507152004        2.64568203275345
H           -5.24911712705616        1.54674137281899        1.88267148059554
H           -5.87815139941933        3.19334012956439        1.87359634972726
H           -3.21534362031087        4.64971874312767        1.17791526824869
H           -3.52498731492236        4.64708909433903       -0.56692740200488
H           -4.83526149524311        4.95267179210085        0.56185885416204
H           -1.23266479732961        3.06508825825932        2.91130662603005
72
 energy: -99.291398966345 gnorm: 0.031586775263 xtb: 6.6.1 (8d0f1dd)
N           -2.04392955941462        2.94464325166877        2.31374905903666
C           -1.92602006169841        2.21953769899552        1.30423710050468
C           -3.01539526204154        1.97124055529822        0.29761172391314
C           -3.47597065928389        0.52440590813326        0.38787464844318
C           -4.32098340346270        0.00466809143381       -0.59494051524401
C           -4.77921926230696       -1.30085379991473       -0.53949852087380
O           -5.60034759659070       -1.87729284847998       -1.44153745705414
C           -6.14124899259250       -1.09524409152357       -2.48035053948287
C           -4.37620457417781       -2.13893107144051        0.53530455332046
O           -4.86149379321543       -3.39620404798815        0.50308981027731
C           -4.57848172440500       -4.26782485362836        1.57267976071484
C           -3.54232312214280       -1.61530140838323        1.51027040242203
C           -3.10027393255048       -0.29995813310902        1.43716828844700
C           -2.37595713735581        2.23990265631825       -1.08951119084906
C           -1.40778956398751        1.14323732186440       -1.56655369589541
C           -0.09700055089203        1.15035974455240       -0.87839480674909
N            0.54771002251767        0.07624227912919       -0.43144562774749
C            1.96548450954467        0.13083771852893       -0.17247919091820
C            2.76368022019958       -0.44015379391754       -1.36864527955849
C            4.22972923115250       -0.25045725376147       -1.16315516133197
C            4.84293145047032        0.97346753823728       -1.56080122501074
C            6.11665383643560        1.20510401421698       -1.24329935184229
C            7.00243553092917        0.30146556810174       -0.49847532231788
O            7.25454508868036        0.80186116868944        0.82230744881153
C            8.23903469988640        1.80380639878649        0.86901978959014
C            6.34910836371433       -1.06128969990573       -0.31627445565664
O            7.22580032443698       -1.97319703524674        0.09837325718745
C            6.79610546511265       -3.29312743194545        0.36442873457972
C            5.01324392101189       -1.24336252245333       -0.56608708056299
C           -0.07756173059198       -1.22284450792149       -0.36739389682211
C           -4.25899859098894        2.88912843256757        0.49269344155640
C           -4.97185468144341        2.59554117805969        1.81042332569466
C           -3.92719137479638        4.37612870975271        0.40630403313427
H           -4.63555515116875        0.63608797011573       -1.40909104679209
H           -6.70936523322178       -0.24619710472347       -2.08868669918166
H           -6.81243764201515       -1.75700294137011       -3.02418345728699
H           -5.36294247626196       -0.73405160475244       -3.16059864294004
H           -4.94468029907450       -3.86816848314592        2.52285675005441
H           -5.10508389875138       -5.19200923911916        1.34300138767730
H           -3.50588121643202       -4.47248460226313        1.65114984864459
H           -3.23664559712913       -2.22130938897271        2.34759241588790
H           -2.47663359199479        0.08105152861520        2.23104031788710
H           -3.17024745425213        2.33483801411365       -1.82895156486764
H           -1.84499068628767        3.19188519779907       -1.05334045922706
H           -1.89244879618959        0.17075703709939       -1.50147566382204
H           -1.20761419018585        1.34470410490442       -2.62757855753285
H           -0.98304770796195        1.71447455140331        1.01493785098836
H            0.46236151080366        2.07461002391821       -0.88682717996044
H            2.19675118363306       -0.44305775086779        0.72824178890690
H            2.26695016035006        1.16697402750150       -0.00708830234445
H            2.44456114837064        0.08477946953930       -2.27195092136155
H            2.53463772837981       -1.50103675044668       -1.48097914617224
H            4.25608882978709        1.70200665627975       -2.10022171917294
H            7.93948430946120        0.16656286608945       -0.99169994324970
H            7.91999106850365        2.69662055883733        0.31939103211716
H            9.19048371543240        1.45152300810327        0.45478302474198
H            8.36789960141346        2.04600769783806        1.92216199729793
H            7.69060328773160       -3.84357533320345        0.64839781544818
H            6.07935545696034       -3.31248173652065        1.18973357417883
H            6.35045591732942       -3.75060959153061       -0.52323484819896
H            4.55092117206805       -2.19196401697516       -0.33452558104690
H           -0.16423577678559       -1.67631636016314       -1.35791265586343
H           -1.07385968130861       -1.14219986056519        0.07104865964184
H            0.52395912810453       -1.87565731518025        0.26154498728590
H           -4.95010638238683        2.64875982195533       -0.32348262602679
H           -4.32787764540134        2.84895882279653        2.64628959997028
H           -5.24911698593537        1.54671016378439        1.88290693322329
H           -5.87686640089264        3.19382002007865        1.87540903330536
H           -3.21509768472490        4.64976290097689        1.17873097168481
H           -3.52472484540917        4.64738106004100       -0.56610556056482
H           -4.83499959250759        4.95285764026073        0.56270361242489
H           -1.23174677521106        3.06559272553317        2.91058575713653
72
 energy: -99.292229067142 gnorm: 0.006182651811 xtb: 6.6.1 (8d0f1dd)
N           -2.04167167343453        2.94452953429754        2.31227635652103
C           -1.92474835974633        2.21982802740809        1.30249179149416
C           -3.01537847719402        1.97160251973147        0.29713819793362
C           -3.47587309695975        0.52479026329172        0.38787784874078
C           -4.32127335155682        0.00480784344011       -0.59447703308583
C           -4.77953305660627       -1.30068188258923       -0.53851927207923
O           -5.60077279760865       -1.87741643124299       -1.44024953858722
C           -6.14041595944581       -1.09611522924929       -2.48017693272780
C           -4.37638108081259       -2.13842309398171        0.53648661801258
O           -4.86194320503956       -3.39560020065303        0.50484614109188
C           -4.57855909050563       -4.26700896698871        1.57451453694397
C           -3.54204072259952       -1.61459834152774        1.51094123618206
C           -3.09977051713555       -0.29934626109557        1.43720782171992
C           -2.37733762905613        2.24034003944004       -1.09060583373727
C           -1.40925478375807        1.14390594382943       -1.56827361274949
C           -0.09827426390682        1.15015753479159       -0.88025837176218
N            0.54619720951856        0.07523565019264       -0.43479512143301
C            1.96402010721579        0.12889849886963       -0.17525760853517
C            2.76376389883029       -0.44173861572812       -1.37102164350033
C            4.23064843071948       -0.25196555322701       -1.16489553136483
C            4.84479474763325        0.97282474275758       -1.55807786704903
C            6.11769167952547        1.20720806009631       -1.23296484816672
C            7.00308368680195        0.30309698045865       -0.48756349573359
O            7.26321062265596        0.79358232752642        0.82600469875599
C            8.23522768077431        1.80720402589471        0.87162918150749
C            6.35080488216047       -1.05994858266943       -0.31275333292209
O            7.22390371553192       -1.97254747780299        0.10657968548158
C            6.79471073804257       -3.29409376164276        0.36451562686124
C            5.01509348229682       -1.24533985783475       -0.57010512165158
C           -0.08094188964505       -1.22289051197168       -0.36939237013791
C           -4.25872206875662        2.88948310534505        0.49385441910995
C           -4.97037722230355        2.59520529822619        1.81208169729918
C           -3.92682630780059        4.37649106699577        0.40792480476980
H           -4.63615213039339        0.63607798569096       -1.40862063492843
H           -6.70879613785067       -0.24661786679044       -2.08986070221753
H           -6.81115194575559       -1.75815069996080       -3.02422848543388
H           -5.36130684853005       -0.73558420091929       -3.15987302629846
H           -4.94442540921226       -3.86716359488658        2.52473718569208
H           -5.10524051403871       -5.19124077654621        1.34520838659795
H           -3.50593100808701       -4.47164417091828        1.65263194417661
H           -3.23609279968799       -2.22036291927127        2.34833998340614
H           -2.47564614197359        0.08176293160801        2.23065811223486
H           -3.17238059248806        2.33504855689776       -1.82927230860597
H           -1.84661744299532        3.19246752650811       -1.05500435201705
H           -1.89421925924558        0.17153873086887       -1.50365385817431
H           -1.20909223549956        1.34587891610672       -2.62919223912432
H           -0.98211323341763        1.71483762107335        1.01142919562733
H            0.46182236216796        2.07395213604317       -0.88893030754441
H            2.19412886273622       -0.44544549347218        0.72551065100959
H            2.26567244193721        1.16486068518452       -0.00906502695735
H            2.44431842214230        0.08295642263301       -2.27446597855995
H            2.53398366464093       -1.50251264613278       -1.48367673677520
H            4.25653291147126        1.70226406016780       -2.09554881067188
H            7.96426508773902        0.16545069873228       -1.00109341961302
H            7.91187176638301        2.69154208279323        0.31092329352790
H            9.19079371566953        1.45670974552294        0.46459602464169
H            8.35705578889227        2.06206985311061        1.92249510101881
H            7.68897867011675       -3.84345854883028        0.65183819881368
H            6.07260614711445       -3.31876661873901        1.18502263462419
H            6.35606240597280       -3.74866936532502       -0.52810959832792
H            4.55288264637119       -2.19627254884048       -0.34592050374356
H           -0.17185455406437       -1.67569699809410       -1.35981143520310
H           -1.07575878263323       -1.14090972281825        0.07237709445133
H            0.52149424910979       -1.87703945525057        0.25720216214797
H           -4.95060352584082        2.64960301745922       -0.32181864736104
H           -4.32495880572689        2.84645184713139        2.64750178210580
H           -5.24917495954177        1.54670169349559        1.88342315493109
H           -5.87436359209339        3.19481667625312        1.87907844745468
H           -3.21468842126432        4.64983330513716        1.18041440106168
H           -3.52433778797095        4.64800116433249       -0.56439734169066
H           -4.83458737980996        4.95324401819012        0.56449427396451
H           -1.22951536518609        3.06612877996708        2.90894310116580
72
 energy: -99.292300848768 gnorm: 0.001973601078 xtb: 6.6.1 (8d0f1dd)
N           -2.03980017185003        2.94430638738406        2.31138556082415
C           -1.92369258581720        2.21986291979435        1.30136608767323
C           -3.01513264659618        1.97182375685949        0.29684883592736
C           -3.47567338882613        0.52505430888817        0.38790271115997
C           -4.32139574767510        0.00493201178037       -0.59410696494519
C           -4.77969427084196       -1.30052726288661       -0.53776070640932
O           -5.60101492413248       -1.87750657840159       -1.43927316712278
C           -6.13980412248035       -1.09677970935416       -2.48006204261011
C           -4.37645625134958       -2.13800798938750        0.53741740143115
O           -4.86222171165928       -3.39512231431345        0.50623296188298
C           -4.57859260158898       -4.26632567518900        1.57600471180282
C           -3.54180225184777       -1.61404218142262        1.51151951689055
C           -3.09934010285635       -0.29887710564199        1.43730024667962
C           -2.37795028213383        2.24056844157380       -1.09129867484849
C           -1.40998837358649        1.14426600352829       -1.56962816748379
C           -0.09853606801656        1.14989280318797       -0.88229937884046
N            0.54600187478915        0.07440164298652       -0.43801487203794
C            1.96380406218129        0.12759890351423       -0.17773332919677
C            2.76480275506951       -0.44249753497325       -1.37303979673447
C            4.23149732367547       -0.25260979605293       -1.16531091303065
C            4.84539606434384        0.97382651386523       -1.55379406638876
C            6.11684122618684        1.20892428865618       -1.22561262551043
C            7.00201816976314        0.30309235764545       -0.48143220171669
O            7.26788504661635        0.78948044463964        0.83012395823077
C            8.23323378814844        1.81012085237991        0.87237582766268
C            6.35051968317096       -1.06080638450179       -0.31056360121520
O            7.22232635901615       -1.97336967898243        0.11149597821992
C            6.79384963261556       -3.29608291522946        0.36417899397162
C            5.01600982787690       -1.24697951941575       -0.57205059447078
C           -0.08251183346097       -1.22304296106491       -0.37154846531161
C           -4.25832754481120        2.88970750924088        0.49466977533989
C           -4.96911926164125        2.59493247255226        1.81326823990406
C           -3.92649402631325        4.37675429412961        0.40914925266991
H           -4.63650701014813        0.63608329849329       -1.40825417342743
H           -6.70839598079260       -0.24697457808192       -2.09071130566894
H           -6.81020555249163       -1.75906290266450       -3.02422773785881
H           -5.36013192773842       -0.73674671873252       -3.15938808519902
H           -4.94419967694778       -3.86628211864454        2.52624487329840
H           -5.10536519556027       -5.19058517170793        1.34701749757666
H           -3.50595151269652       -4.47098092755988        1.65388705557783
H           -3.23570025673044       -2.21962449306539        2.34899442753558
H           -2.47492582628232        0.08235786843954        2.23046437743523
H           -3.17347000679041        2.33505277103118       -1.82949414612471
H           -1.84745426204261        3.19284269519890       -1.05613380827053
H           -1.89507627303022        0.17194300493299       -1.50520896413114
H           -1.21025604611492        1.34667963248587       -2.63054921842871
H           -0.98122864921298        1.71512600819265        1.00909537067690
H            0.46192629641375        2.07346127516206       -0.89120805403399
H            2.19307379055496       -0.44725137973687        0.72294003059929
H            2.26534501205452        1.16346522553993       -0.01069491674194
H            2.44629599687887        0.08254419437076       -2.27661827128827
H            2.53555621436331       -1.50332121365262       -1.48641528566541
H            4.25821428474959        1.70327736065016       -2.09234930652157
H            7.96763345050600        0.16487088643473       -1.00333106856975
H            7.90464642242263        2.68867634441026        0.30558002902182
H            9.19240869003944        1.46413685734088        0.46944896864159
H            8.35073598141488        2.07211082408190        1.92192093765311
H            7.68754550228971       -3.84481601411146        0.65440502403416
H            6.06789493390153       -3.32380914089657        1.18120939768883
H            6.35994621910363       -3.74895358811080       -0.53164887645649
H            4.55447563743038       -2.19868398817830       -0.35075041541517
H           -0.17645592613562       -1.67541043184614       -1.36188734289243
H           -1.07623085563189       -1.13991634939709        0.07263311462776
H            0.52050964557475       -1.87821733773204        0.25339600546972
H           -4.95077286194412        2.65017850013801       -0.32063368536712
H           -4.32269741737232        2.84469045532942        2.64836155606900
H           -5.24901244824568        1.54666933063252        1.88386946628915
H           -5.87238911649685        3.19546200649517        1.88167555178579
H           -3.21432113902111        4.64989095932304        1.18167746355850
H           -3.52406012948359        4.64854256202179       -0.56311555606820
H           -4.83425693986154        4.95345281962930        0.56592464635270
H           -1.22726511590215        3.06629269049521        2.90742877444830
