25
 energy: -40.145612507703 gnorm: 11.445104039418 xtb: 6.6.1 (8d0f1dd)
C            2.21994529202042        1.50929681936530       -0.09122248867636
N            2.15200838377233        0.05207060453322       -0.07624784987825
C            3.25808499252887       -0.74337355216540       -0.31365653513231
N            4.39745730293254       -0.27448243884188       -0.49071413956244
C            0.12805541547652       -1.47829448170920        0.10222016793295
C            0.81809463382864       -0.30101805632069        0.01838072040125
C            0.08786169029253        0.90815653958965        0.01139692033842
O            0.87067129421882        1.96770219326133       -0.06608832891380
N           -1.23170002825404        0.93443445508317        0.06589958674324
C           -1.99632725076375        2.16650506048936        0.03972365724795
C           -1.97734208806322       -0.27498633844513        0.15612820952418
O           -3.17141482309419       -0.24254107372371        0.21392735954645
N           -1.22920987396855       -1.43919926651886        0.17085163294457
C           -1.95910086605496       -2.69162084300127        0.26953606175545
H            2.71769532945249        1.87841919335554       -0.99785598775761
H            4.78327427404405       -0.18080639552784       -0.56147036994874
H            2.74525934217032        1.89742552509627        0.79323650580852
H            2.98941644710207       -1.80536800264345       -0.31287630509920
H           -1.31482089467359        3.01184011031652        0.05208035526419
H           -2.61445194139705        2.18944538899474       -0.85840088079549
H           -2.66104349306575        2.19507945787333        0.90321094884943
H           -1.71208134838499       -3.19773465232763        1.20256138018346
H           -1.70815926350432       -3.33844441545428       -0.57030611547960
H           -3.02547388874785       -2.47429784286296        0.25220046196610
H            0.59373287623465       -2.44996944682361        0.11865665063253
25
 energy: -41.965919609298 gnorm: 1.455026773864 xtb: 6.6.1 (8d0f1dd)
C            2.21998235999796        1.50926717048882       -0.09122338264014
N            2.15049806472088        0.05195894510742       -0.07598805004547
C            3.23798289841431       -0.75036057406829       -0.31036264758251
N            4.10833072845231       -0.34407670686084       -0.43761518630190
C            0.12806815551408       -1.47828503079861        0.10221789073753
C            0.81798166486728       -0.30095867815184        0.01838943720752
C            0.08786241106943        0.90817330477556        0.01138304073924
O            0.87066012757845        1.96769704958246       -0.06609298841206
N           -1.23169127290823        0.93445329379191        0.06591864153996
C           -1.99632568150456        2.16650240515157        0.03972416001046
C           -1.97735087271531       -0.27503033871437        0.15612825957158
O           -3.17141040836872       -0.24252871460763        0.21392386868087
N           -1.22922127036675       -1.43918439434045        0.17085298231843
C           -1.95910365046244       -2.69162772350651        0.26953163224483
H            2.71768890797469        1.87842948223074       -0.99786451694311
H            5.09433602464140       -0.10363919128171       -0.61813855117908
H            2.74526550583043        1.89742494569989        0.79322723049383
H            2.98918495372464       -1.80589735993202       -0.31285064959247
H           -1.31482020063363        3.01184144389091        0.05208200889782
H           -2.61445294292396        2.18944734866020       -0.85839805583134
H           -2.66104247428964        2.19507661511926        0.90321327092126
H           -1.71208033891843       -3.19773504187157        1.20256031028365
H           -1.70816204928468       -3.33844175891863       -0.57030258877727
H           -3.02547026127286       -2.47429763484435        0.25220135129604
H            0.59372113496535       -2.44997031500941        0.11865415025721
25
 energy: -42.144078718774 gnorm: 0.164163639406 xtb: 6.6.1 (8d0f1dd)
C            2.21676329863802        1.50594184352842       -0.09091053522656
N            2.09119509888808        0.04847726669843       -0.06322048854407
C            3.08383235766027       -0.83628596755021       -0.28872670247225
N            4.26053025406024       -0.27427184937440       -0.46024104816692
C            0.12347163281250       -1.47875034434448        0.10283260306209
C            0.79590370953702       -0.29745478669175        0.02193922980250
C            0.08162494345562        0.91161132617039        0.01152527497763
O            0.86953588944626        1.96899729833938       -0.06639710598528
N           -1.23376785670428        0.93606931541149        0.06606300326161
C           -1.99663622768616        2.16745485113706        0.03967323358611
C           -1.97776917910498       -0.27505533593493        0.15625797119125
O           -3.17239043370911       -0.24174495729366        0.21408093566331
N           -1.23187007641847       -1.43922991876774        0.17098428017624
C           -1.96006852498839       -2.69153607618568        0.26979862612493
H            2.71723253001451        1.87598121962929       -0.99800393670351
H            5.25198116372238       -0.03964979186046       -0.64153996046036
H            2.74515740613047        1.89584909929968        0.79266671049349
H            2.93913232714604       -1.85757909467206       -0.30654952387888
H           -1.31425699677933        3.01211751301940        0.05194387814324
H           -2.61423012273808        2.18997622249041       -0.85850118768755
H           -2.66073797590658        2.19570068463988        0.90328439903392
H           -1.71256819141534       -3.19729783040978        1.20286214941765
H           -1.70879011888106       -3.33812325625829       -0.56998135795016
H           -3.02605514823418       -2.47373905199120        0.25252744556118
H            0.59321175515657       -2.44921983743667        0.11880372447527
25
 energy: -42.156549443063 gnorm: 0.099383580425 xtb: 6.6.1 (8d0f1dd)
C            2.20925605369577        1.49293125987978       -0.09177016298978
N            2.11376791802391        0.03999599053148       -0.06427228959889
C            3.16115232614376       -0.80414367995807       -0.29678829042558
N            4.30208980331089       -0.25253261325958       -0.49022060114941
C            0.10709728352619       -1.48157040991263        0.10664380649440
C            0.78869650402233       -0.30160102268829        0.02622555732946
C            0.06861803077222        0.90921097792935        0.01512770566215
O            0.86284057628354        1.96294023573279       -0.06575405470639
N           -1.25035807575787        0.93820570642365        0.06917333201407
C           -2.00733503413100        2.17302278047940        0.04055083102363
C           -1.99505283598173       -0.27294883448156        0.15821196178041
O           -3.18962279686202       -0.23802402136744        0.21468157705861
N           -1.25092432808338       -1.43827726218431        0.17330969721029
C           -1.97545280636823       -2.69226314252164        0.27129621108281
H            2.71160367586286        1.85195102588279       -1.00016573060653
H            5.30345765324856       -0.02976781950207       -0.61742289720477
H            2.74413561209671        1.87798727453068        0.78817319324745
H            2.97841807874436       -1.86934264395430       -0.31502771615570
H           -1.31867052176600        3.01282458272435        0.05252324980436
H           -2.62263398942964        2.19777530176441       -0.85892727830551
H           -2.67023282886658        2.20470523967230        0.90464448094159
H           -1.72373507017957       -3.19681625524474        1.20384211643787
H           -1.72002365115087       -3.33710075303096       -0.56855961567227
H           -3.04124040486811       -2.47697958638780        0.25418730715786
H            0.57458034181596       -2.45194378946504        0.12148922746472
25
 energy: -42.162481551489 gnorm: 0.049956956278 xtb: 6.6.1 (8d0f1dd)
C            2.20469697908185        1.47985168246482       -0.09262642705919
N            2.12985907474996        0.02784826228070       -0.06786907064570
C            3.24109318921506       -0.76666436031549       -0.30050950376639
N            4.34136484124092       -0.24033615486690       -0.46860032265969
C            0.09339624493198       -1.48774191502259        0.10394502877016
C            0.78498363248970       -0.31162741887559        0.02142576073985
C            0.06364801159541        0.90197856741671        0.01368605172469
O            0.86062406865345        1.95439631713547       -0.06721802794486
N           -1.25804496122199        0.93633059038628        0.07057263263640
C           -2.01101654892145        2.17488421171857        0.04282819490878
C           -2.00666476013456       -0.27256907996537        0.15879183142746
O           -3.20110237110348       -0.23404401287291        0.21620703153050
N           -1.26601199526309       -1.43950196820118        0.17316367655041
C           -1.99164524541373       -2.69307464555785        0.27255697806989
H            2.70700462904945        1.83437458921261       -1.00227196093606
H            5.32666218860565       -0.01745955223426       -0.64633789323645
H            2.74048200324404        1.86713707121240        0.78507635446233
H            2.99656154251948       -1.84961113287523       -0.30170349193050
H           -1.31922982437662        3.01221477691350        0.05454682418571
H           -2.62727952655657        2.20417961056443       -0.85601754834935
H           -2.67391431761897        2.21077929034698        0.90697379966352
H           -1.73754173821347       -3.19777429359794        1.20450384950797
H           -1.73678496506305       -3.33746348642931       -0.56782737872672
H           -3.05764697057105       -2.47887634702878        0.25719909480972
H            0.55693833318313       -2.45899206021652        0.12067613416238
25
 energy: -42.162986043836 gnorm: 0.061845181093 xtb: 6.6.1 (8d0f1dd)
C            2.20359534384776        1.47654282437636       -0.09869774118520
N            2.12903569233724        0.02240491959322       -0.07435685482928
C            3.25580409497901       -0.75541173719434       -0.31780465454931
N            4.33324685584599       -0.21475232337672       -0.51417681288853
C            0.09130356287061       -1.49358916426257        0.10475917621932
C            0.78818995996629       -0.32038752446845        0.02052132491406
C            0.06733457214570        0.89436577088134        0.01298849484338
O            0.86017190265602        1.94828865893208       -0.06817714693606
N           -1.25355772839969        0.93147509812764        0.07191689543477
C           -2.00525590806438        2.17163133478043        0.04463956082195
C           -2.00662220646789       -0.27411614431915        0.16070660302091
O           -3.20113294627650       -0.23209618494164        0.21783710482979
N           -1.26827345382612       -1.44206613199847        0.17483016050688
C           -2.00188136656996       -2.69178366564544        0.27431847308429
H            2.70032647983261        1.83486553341624       -1.01043879945958
H            5.34202423319120       -0.01275754110571       -0.56852141905879
H            2.74075029268342        1.86612747410767        0.77771677168465
H            3.01326689973491       -1.83578072222749       -0.30748526181970
H           -1.31347631395096        3.00891230222404        0.05597587160768
H           -2.62313164988520        2.20276944732488       -0.85333540941156
H           -2.66877598514185        2.20962478650961        0.90854232245735
H           -1.75191161634740       -3.19845372245319        1.20629411724719
H           -1.75315657640428       -3.33796598140424       -0.56650959372829
H           -3.06735078464635       -2.47211688389777        0.25988403534399
H            0.54990815999200       -2.46749188138572        0.11974439974485
25
 energy: -42.163962015819 gnorm: 0.056699313898 xtb: 6.6.1 (8d0f1dd)
C            2.20392547654495        1.47068796229190       -0.10072852208654
N            2.12847669136299        0.01411998424948       -0.06753900494345
C            3.27223126861435       -0.75022619140763       -0.29254060601782
N            4.33189721993398       -0.18634370743319       -0.50188739382991
C            0.08910963218189       -1.50143764457497        0.10270912109977
C            0.79305184358803       -0.33216885542991        0.01754564495151
C            0.07265209754892        0.88409531804666        0.00820850096520
O            0.86070288580426        1.93918668129626       -0.07275771672319
N           -1.24686779064350        0.92537282375148        0.06979381014076
C           -1.99593552771295        2.16781161961995        0.04621214775121
C           -2.00585329043767       -0.27573848670246        0.15944684825593
O           -3.20031000771546       -0.22873014046247        0.21731101405457
N           -1.27058002021282       -1.44527837115223        0.17315807166904
C           -2.01476496329376       -2.68954941441713        0.27352155555259
H            2.70006615093991        1.82772383116541       -1.01391466238579
H            5.32428643501352        0.02337676655204       -0.60543315550208
H            2.73840026905726        1.86601246301826        0.77508892382999
H            3.04158898643260       -1.82666005535542       -0.29274879487500
H           -1.30340797181816        3.00440744192638        0.05836251643250
H           -2.61618438498261        2.20244705129985       -0.85026961374478
H           -2.65901571475895        2.20625514885028        0.91077302789454
H           -1.77031553860847       -3.19862194476847        1.20564919554247
H           -1.77454699207551       -3.33836819057371       -0.56777300210656
H           -3.07909862706953       -2.46111869552404        0.26036130933152
H            0.54092338640889       -2.47901685267373        0.11862240263829
25
 energy: -42.165208175174 gnorm: 0.041437990401 xtb: 6.6.1 (8d0f1dd)
C            2.20363384448200        1.45821973816540       -0.10875160050618
N            2.12497781460875       -0.00123513589407       -0.06865422314735
C            3.28906785016407       -0.74471286977659       -0.27823281426175
N            4.31956940684491       -0.12320066839913       -0.50528741221386
C            0.08372383783173       -1.51428011389207        0.09687860994466
C            0.79942024662127       -0.35193529970809        0.00982856922104
C            0.07915135334152        0.86695217628920        0.00256625949379
O            0.86065844344344        1.92300448073229       -0.07704094603628
N           -1.23777413133100        0.91616554055478        0.06888369652328
C           -1.97958869687829        2.16315766997398        0.05136768303164
C           -2.00620678895273       -0.27775544559985        0.15813037562183
O           -3.20024803330878       -0.22201323900208        0.21809565703629
N           -1.27583093251840       -1.45012702426249        0.16964645836399
C           -2.03555532867460       -2.68584063870702        0.27069424879804
H            2.69663827735659        1.81088916121404       -1.02547469740905
H            5.29624594974430        0.09006876751428       -0.62955157581035
H            2.74248294247188        1.85568451986247        0.76354396957473
H            3.10791118465277       -1.81947500234927       -0.22761738664478
H           -1.28351643160565        2.99675447987585        0.06522865150825
H           -2.60221646210138        2.20340499933867       -0.84339807443815
H           -2.64077495181231        2.20077295893153        0.91758529742362
H           -1.79874085961348       -3.19942619797238        1.20230333948646
H           -1.80928138123413       -3.33774079127823       -0.57215350362274
H           -3.09715684489319       -2.44100884256948        0.26032163089702
H            0.52384120546293       -2.49808468144914        0.11225940506057
25
 energy: -42.166350861590 gnorm: 0.035755464933 xtb: 6.6.1 (8d0f1dd)
C            2.20247223024628        1.43938461280229       -0.12340739555685
N            2.12362183984075       -0.02189938561288       -0.06793917730617
C            3.31775447871709       -0.73413884958069       -0.25046442203505
N            4.29947833777149       -0.03532027423774       -0.53153142601960
C            0.07343851753542       -1.52945998331229        0.09064516490686
C            0.80354849233842       -0.37558732490585        0.00217226955280
C            0.08302248772170        0.84673530089232       -0.00289336585186
O            0.86031344413669        1.90225233611427       -0.08344264104165
N           -1.23136381255030        0.90658178798503        0.06922890567371
C           -1.96109683170680        2.16052455749259        0.05905505623346
C           -2.01019145730832       -0.27948509289068        0.15779600158430
O           -3.20347830581475       -0.21318783730731        0.22023974392252
N           -1.28590197356430       -1.45552781540992        0.16572079042760
C           -2.05986700700704       -2.68283962336490        0.26622509691398
H            2.69106606720745        1.78070156145912       -1.04641666535027
H            5.26690323865984        0.16572510066545       -0.62816423756559
H            2.75203867497586        1.83862280780972        0.74077043790151
H            3.19454703401824       -1.81080847801325       -0.15616578505557
H           -1.25779788980702        2.98798698948137        0.07542062633800
H           -2.58524332138533        2.20902540147756       -0.83408034931293
H           -2.61899587798055        2.19751392233308        0.92765820357606
H           -1.82888533627614       -3.20177788022550        1.19614984715395
H           -1.84734649674546       -3.33606800609777       -0.57901634997914
H           -3.11785269175739       -2.42087839040513        0.25967809042896
H            0.50024767283652       -2.51983689555623        0.10393319835559
25
 energy: -42.167561602176 gnorm: 0.037021733058 xtb: 6.6.1 (8d0f1dd)
C            2.20024275497115        1.42819031184212       -0.14253472416031
N            2.12485184365628       -0.03269532810024       -0.07983580943087
C            3.33594928384072       -0.72164496309332       -0.24680992948788
N            4.28688698369318        0.01538342226398       -0.54277406366804
C            0.06486432660373       -1.53658474713033        0.08107564220979
C            0.80209755252937       -0.38677464202591       -0.00906853340710
C            0.08101001372706        0.83728033862917       -0.00666902911448
O            0.85887077682058        1.89135526755010       -0.08779620404960
N           -1.23227446845786        0.90284616848124        0.07189015926405
C           -1.95252849900118        2.16169443120423        0.06913874387097
C           -2.01525236845453       -0.28015850741488        0.15925219509208
O           -3.20770857469795       -0.20874553303714        0.22624526080794
N           -1.29403706895667       -1.45811970802442        0.16142204888920
C           -2.07139102173271       -2.68284250902403        0.26140155924468
H            2.68033675376981        1.76067543361270       -1.07233622513007
H            5.25310880552054        0.18998169703066       -0.59517518524554
H            2.76481704906451        1.82554579822238        0.71202210259062
H            3.25268857167038       -1.80206674383726       -0.08642834759831
H           -1.24236060605600        2.98319818858652        0.08760942785847
H           -2.57737363819723        2.21785631800906       -0.82265230722943
H           -2.60659623871667        2.19750804015161        0.94028175356252
H           -1.83861966202978       -3.20550511309779        1.18847982338560
H           -1.86561538290687       -3.33399569701947       -0.58665035698890
H           -3.12723747382436       -2.41471616784600        0.26003752236033
H            0.48570180126711       -2.52942721434028        0.09104609426872
25
 energy: -42.170530480852 gnorm: 0.033044421017 xtb: 6.6.1 (8d0f1dd)
C            2.19605792967190        1.41714586601708       -0.17729861721996
N            2.13073543440976       -0.04115335067471       -0.10121794132475
C            3.35410790115480       -0.69945829140901       -0.23331132178166
N            4.25895119358226        0.07479825550760       -0.58386737310639
C            0.05408627287576       -1.54094357661866        0.06726430956253
C            0.79517129440660       -0.39310256258856       -0.02434931605441
C            0.07271932449275        0.83178983360339       -0.00907520247647
O            0.85638997640140        1.88245217342623       -0.09156472943332
N           -1.24003440609886        0.90172724528738        0.07808263858647
C           -1.94688251069589        2.16669923172171        0.08527593549714
C           -2.02325977669072       -0.28097325832865        0.16399990727347
O           -3.21436404730097       -0.20668853661667        0.23806869401656
N           -1.30391346105327       -1.46019946932216        0.15583223945493
C           -2.07721310320267       -2.68590938034797        0.25365274161095
H            2.65649535685105        1.73607545914900       -1.11972081608124
H            5.24376615740036        0.15981461298743       -0.47923266928731
H            2.78960048217183        1.81153767905182        0.65748249089689
H            3.31931713948671       -1.77488005762122       -0.01805381397897
H           -1.22581351247470        2.97838052115243        0.10656412489215
H           -2.57140112097210        2.23495326355833       -0.80483769421030
H           -2.59490696177352        2.20104406880135        0.96002507005478
H           -1.83522166889405       -3.21287929768348        1.17541431882455
H           -1.87548446642967       -3.33093139756424       -0.59892290501622
H           -3.13080603155572       -2.41726914014319        0.26101602471691
H            0.47233411834005       -2.53379134975238        0.06994552247778
25
 energy: -42.172570344129 gnorm: 0.059762807167 xtb: 6.6.1 (8d0f1dd)
C            2.18967743812412        1.41378917345754       -0.21905798843782
N            2.13365300150052       -0.04227965492308       -0.13169115044346
C            3.35982049060862       -0.67407117870446       -0.21771640612552
N            4.24269787998680        0.10565421013110       -0.58958153717118
C            0.04794965912532       -1.54245219181927        0.05053961039760
C            0.78550530080782       -0.39227444230452       -0.04107111795288
C            0.06494619259750        0.83283277322631       -0.01162490357394
O            0.85388804332349        1.88120703205251       -0.09524717809490
N           -1.24773055614292        0.90312518850781        0.08513168852528
C           -1.94538751649379        2.17303724930335        0.10584563251801
C           -2.02813856312461       -0.28200853298072        0.16898011279355
O           -3.21846435736477       -0.20905609929579        0.25098736395391
N           -1.30915465590242       -1.46206025081783        0.14862754402540
C           -2.07662844090976       -2.69111975429268        0.24350689296600
H            2.62040135305727        1.72704945517551       -1.17666082816524
H            5.23728624592322        0.08056603895185       -0.37800610334477
H            2.81267160236314        1.80988531031974        0.59335301589497
H            3.37244285856474       -1.74010875514312        0.06495340336604
H           -1.21562497090342        2.97652971605943        0.13295027395946
H           -2.56947388243691        2.25722575677224       -0.78272001851280
H           -2.59003144784795        2.20637878438142        0.98243126335275
H           -1.82225443028211       -3.22367163269437        1.15877376477903
H           -1.87621135678972       -3.32788501643023       -0.61517844837937
H           -3.13059010083374       -2.42882519951903        0.26169561774056
H            0.46918172715321       -2.53322943782075        0.04195111382309
25
 energy: -42.175327280252 gnorm: 0.068932667368 xtb: 6.6.1 (8d0f1dd)
C            2.18457411014165        1.41317214704470       -0.25080342390506
N            2.13390013149391       -0.04079960818218       -0.14628750869241
C            3.35931440290029       -0.65675088334106       -0.17846750782970
N            4.24888077227257        0.10917664516296       -0.53868246672751
C            0.04458405064445       -1.54175314613799        0.03730578522088
C            0.77555245951908       -0.38724343044224       -0.04997559571120
C            0.05850648117400        0.83793598481071       -0.01062477933154
O            0.85275342318867        1.88271332638331       -0.09684644619950
N           -1.25540120181081        0.90660322841709        0.09041880050490
C           -1.94621426727521        2.17921631224850        0.12293635701676
C           -2.03130923038663       -0.28310625898286        0.16920198568887
O           -3.22179426814278       -0.21445110398118        0.25445502024017
N           -1.31133330322986       -1.46402689490765        0.13928002950922
C           -2.07165774161792       -2.69700711277344        0.23233216019715
H            2.58682802860325        1.71682734926703       -1.22484537130874
H            5.22631415386773        0.00661322911311       -0.37009264557255
H            2.83217586911418        1.82013085470584        0.53828369642269
H            3.39519140010563       -1.70617726229194        0.12764237910837
H           -1.21108205163363        2.97691620527570        0.15535212494291
H           -2.57173142656876        2.27666987518357       -0.76409314283848
H           -2.58784382816679        2.21259072479211        1.00228853202261
H           -1.80115710533600       -3.23093275927980        1.14239849071796
H           -1.87296858939075       -3.32711625715536       -0.63175694818410
H           -3.12737305444571       -2.44180277289340        0.26259831865278
H            0.47172229908350       -2.52915985044249        0.01915377394900
25
 energy: -42.178722516585 gnorm: 0.039093890890 xtb: 6.6.1 (8d0f1dd)
C            2.17694529206855        1.41414655751123       -0.28825039968250
N            2.12342975361522       -0.03907659690827       -0.15759105360387
C            3.35155642948281       -0.64340383563660       -0.11445148417822
N            4.25565809843992        0.12261153368292       -0.51110547594738
C            0.04464718329143       -1.54217316792577        0.02875521077014
C            0.76955575710378       -0.38454540279932       -0.05372750950818
C            0.05752241907477        0.84119707977881       -0.01255544025246
O            0.85085406471029        1.88371590587075       -0.10372911748987
N           -1.25631296771664        0.90792627107398        0.09602029286777
C           -1.94401822229608        2.18288401404969        0.14298674962277
C           -2.02953924866234       -0.28394684272391        0.17073898312736
O           -3.22023263213846       -0.21956208302992        0.25866490982124
N           -1.30962461963201       -1.46620609466537        0.13009244626234
C           -2.06891975210401       -2.70059920034619        0.21665765746089
H            2.54555332179752        1.71557163471867       -1.27825070629128
H            5.22190158749967       -0.08210637247120       -0.36512198350970
H            2.84357091903407        1.83961479766252        0.47588984551662
H            3.42432650483816       -1.67175041404630        0.20843193708491
H           -1.20483686324119        2.97809437514345        0.18086000776624
H           -2.57409796412742        2.29597164889812       -0.74139157978508
H           -2.58435536908368        2.21559994648716        1.02524256708656
H           -1.78850368304103       -3.24391472009200        1.11999831122747
H           -1.87498346413946       -3.32343862088078       -0.65594857558079
H           -3.12758652546615       -2.45196711431568        0.25799757057673
H            0.47792149479681       -2.52640475744283        0.00095845453149
25
 energy: -42.181751525986 gnorm: 0.025274714236 xtb: 6.6.1 (8d0f1dd)
C            2.16565675895878        1.42935557891650       -0.32788519306353
N            2.10351023314134       -0.02219890498710       -0.18177300298493
C            3.32677644581023       -0.62451628014187       -0.09002681894283
N            4.28863290123167        0.09601383896453       -0.44650615720972
C            0.05400254959862       -1.53555597554846        0.01909540698001
C            0.76871024285281       -0.37190605304554       -0.05505388224259
C            0.06091468625992        0.85286618244035       -0.01721511558622
O            0.84491474367539        1.89824438707536       -0.12002260009707
N           -1.25200305516442        0.91088731788834        0.10412227594063
C           -1.94906818418913        2.18129362725601        0.16614807705699
C           -2.02237799199399       -0.28368537450350        0.17459996637580
O           -3.21382927071310       -0.22809710417620        0.26911245225472
N           -1.29975721170056       -1.46537360960152        0.12126722610906
C           -2.05972373505139       -2.70166226725223        0.20013681268421
H            2.50516322950605        1.73140660146370       -1.32951185857006
H            5.24335138819977       -0.21862514052479       -0.36256182821008
H            2.84407467584632        1.86863247295137        0.41597192379208
H            3.41127060012730       -1.63875895849083        0.29830252177305
H           -1.21493276639235        2.98159799210459        0.20905994967651
H           -2.58433272177517        2.30279792894454       -0.71428954605609
H           -2.58999254273462        2.20749271896430        1.04953928535269
H           -1.77477722209537       -3.25743197240933        1.09562283733414
H           -1.87038270289225       -3.31586351934499       -0.68198620930572
H           -3.12224165017145       -2.46199410052707        0.25076127380571
H            0.49687211377060       -2.51668084482294       -0.01573617897390
25
 energy: -42.182689121060 gnorm: 0.034268376960 xtb: 6.6.1 (8d0f1dd)
C            2.15984002000419        1.44906886953236       -0.35001359886489
N            2.10165674524195       -0.00132410707392       -0.18378038125207
C            3.31039073080943       -0.62386750375362       -0.06353728156102
N            4.30947419909440        0.05536957963375       -0.41100157121527
C            0.06668441501754       -1.52292410259140        0.02227607490980
C            0.77477227271264       -0.35394755633197       -0.04524006401566
C            0.06087321199741        0.86728330065805       -0.01891660299388
O            0.83769910761819        1.91664043790711       -0.13907882479466
N           -1.25190267665316        0.91517927681637        0.11011599094070
C           -1.96120266491964        2.17792758346243        0.17818951088557
C           -2.01634606336465       -0.28274037910850        0.18009229609990
O           -3.20762281697506       -0.23513402884390        0.27521373117244
N           -1.28805437055661       -1.46050703034068        0.12179052491550
C           -2.04378805856995       -2.70084574171024        0.18741536842537
H            2.49127336714432        1.73806984936411       -1.35778805761028
H            5.26111337521250       -0.32882313145452       -0.35294712482300
H            2.84359881698800        1.89751587954857        0.38176966378254
H            3.34935760279392       -1.62317996598674        0.30790750540512
H           -1.23580499357312        2.98567582426687        0.22020051085173
H           -2.60056437332545        2.29273683472076       -0.69761335589573
H           -2.59782062373056        2.19247145722968        1.06422490680019
H           -1.75909430236207       -3.26840701000094        1.07476267064544
H           -1.85552758757760       -3.30336028947003       -0.70253714734814
H           -3.10594134190748       -2.46361627483965        0.24149514707919
H            0.51736752298616       -2.50102323004061       -0.01182827364624
25
 energy: -42.183929968800 gnorm: 0.025733493093 xtb: 6.6.1 (8d0f1dd)
C            2.15716209866619        1.46631331387137       -0.36949434832924
N            2.10448294850638        0.01498380808834       -0.18199202391477
C            3.30712451481393       -0.63506342775754       -0.05336254703962
N            4.32349834878253        0.02520472730680       -0.39000617574666
C            0.07960780904507       -1.51166623108767        0.02952023269604
C            0.78786384119933       -0.34180591436763       -0.03318300429531
C            0.06326672255921        0.87638845843416       -0.02186694752203
O            0.83014470029189        1.93193674081351       -0.16693063064819
N           -1.24812384524176        0.91740758673890        0.11697563264265
C           -1.97172526777338        2.17218275200165        0.18965380513282
C           -2.01050444574657       -0.28135605999324        0.18759164724824
O           -3.20135272576843       -0.23689144777329        0.28295926274529
N           -1.27724181542813       -1.45466775963728        0.12656586179632
C           -2.03255317228115       -2.69680575498054        0.17232024067281
H            2.49209657828321        1.73669098168054       -1.38084881675729
H            5.26978690586601       -0.37619227794778       -0.36409583049160
H            2.84036901710853        1.92331233893015        0.35687936191321
H            3.28697458098799       -1.64228348291866        0.35451458054199
H           -1.25904363860275        2.99076442018872        0.23333829477235
H           -2.61480421856159        2.27862986698608       -0.68219464038198
H           -2.60520389405152        2.17039374121284        1.07676674401761
H           -1.75495068255148       -3.27831808472020        1.05114204171714
H           -1.84524075162922       -3.28512994846425       -0.72615848590439
H           -3.09261052485801       -2.45513936872777        0.22582263527701
H            0.53140843048921       -2.49065043628388       -0.00274527224986
25
 energy: -42.184838386844 gnorm: 0.022744097085 xtb: 6.6.1 (8d0f1dd)
C            2.16078490847905        1.47808381159531       -0.37511352455515
N            2.11510261405675        0.02812201792271       -0.16866631878397
C            3.30901954378495       -0.65129801663228       -0.05660412454461
N            4.32782922957235       -0.00119171765716       -0.37589652049057
C            0.08999987900077       -1.50096634867080        0.04328118762967
C            0.79909445405936       -0.33210106686178       -0.01822755242930
C            0.06405749545950        0.88236628065505       -0.02170687231071
O            0.82679055815893        1.94011286818507       -0.18984923569285
N           -1.24516336443858        0.91963450607822        0.12226568937598
C           -1.98186543873089        2.16748068806198        0.19197126124776
C           -2.00541229117824       -0.28066480564691        0.19491599543896
O           -3.19628477370031       -0.23605022965936        0.29055843522160
N           -1.26775397774962       -1.44914954345944        0.13664704589903
C           -2.02098219158211       -2.69313882958965        0.16350209995033
H            2.50080765942172        1.72857039116089       -1.39134148690897
H            5.27278969548242       -0.39336071154821       -0.35270160202370
H            2.83840415868055        1.94930193890931        0.34820072111936
H            3.21160850536844       -1.66845996338960        0.32896774727468
H           -1.27951351829967        2.99511004333285        0.23647996837286
H           -2.62718520338569        2.26540727521182       -0.67932502544763
H           -2.61438566609183        2.15255117891391        1.07882494497008
H           -1.74793289409326       -3.28492883763925        1.03539047353782
H           -1.83058008795100       -3.26843446872415       -0.74125122852920
H           -3.07979313432361       -2.44840866522912        0.21519488316358
H            0.54099535410560       -2.48034925372603        0.01565465640741
25
 energy: -42.185288520555 gnorm: 0.025625368287 xtb: 6.6.1 (8d0f1dd)
C            2.16490187962952        1.48096109919681       -0.37471084668168
N            2.11891255465368        0.03548520291070       -0.16524816443232
C            3.30266139682617       -0.65958204229445       -0.06689001794279
N            4.32564987273285       -0.01022518759388       -0.36422484768439
C            0.09479313575257       -1.49480096641856        0.05356085639162
C            0.80104165757552       -0.32550213185726       -0.01282075863160
C            0.06413456483314        0.88742190677343       -0.02173185502257
O            0.82869906998597        1.94262614628619       -0.19726179639765
N           -1.24399290562643        0.92356101239070        0.12559205714347
C           -1.98818519638765        2.16722672205278        0.18973438526348
C           -2.00170534404319       -0.27943359431419        0.20141837306466
O           -3.19266037623028       -0.23448250819973        0.29870995167320
N           -1.26249293501647       -1.44590815568895        0.14548616729129
C           -2.01211512366416       -2.69186176642652        0.16072569147917
H            2.50652825953649        1.72545796026172       -1.39017561894489
H            5.26891271708393       -0.41091151150320       -0.33424947805538
H            2.83733866419868        1.95874525030346        0.34713098571062
H            3.17461374200899       -1.68500711806147        0.28682223121020
H           -1.29146762172596        2.99957434291305        0.23434277667968
H           -2.63243182249380        2.25889227613505       -0.68381925028031
H           -2.62355192111875        2.14814719764252        1.07450987968305
H           -1.73812359047855       -3.29000465021083        1.02804701497636
H           -1.81583832201720       -3.25787212757836       -0.74855501680929
H           -3.07202190854815       -2.45119590651249        0.21169568785279
H            0.54683106663867       -2.47307290861317        0.03308321035575
25
 energy: -42.185829012934 gnorm: 0.021742687120 xtb: 6.6.1 (8d0f1dd)
C            2.17050021520414        1.47951246346771       -0.36689610152441
N            2.11971731497175        0.04028713660479       -0.16053681604928
C            3.29456725119086       -0.67134296049532       -0.08738425409853
N            4.32385352976637       -0.01275589247029       -0.34181579556445
C            0.09750449094060       -1.48940011615210        0.06983328908254
C            0.79911066209276       -0.31943617268380       -0.01012525119553
C            0.06381229526252        0.89360613919658       -0.02314674454815
O            0.83312005148755        1.94331537812594       -0.20004815024357
N           -1.24364219612454        0.93013228577448        0.12792912681744
C           -1.99459688908894        2.16986924950635        0.18189681363614
C           -1.99858060436374       -0.27705418118191        0.21052685179578
O           -3.18957812072776       -0.23113199364172        0.30926512446174
N           -1.25901952752670       -1.44237942276170        0.15931248242485
C           -2.00242207862321       -2.69130603211853        0.16141513531917
H            2.51734070223880        1.72163243758339       -1.37871220725801
H            5.26095163359546       -0.41607264239102       -0.31259494211849
H            2.83451280101952        1.96255276401657        0.35689624405782
H            3.14352946032283       -1.71261065046260        0.19980347528850
H           -1.30313116747910        3.00651770388875        0.22270597754879
H           -2.63735583954645        2.25157210113630       -0.69511319032958
H           -2.63394450674905        2.15257905928821        1.06442079261609
H           -1.72449051241314       -3.29689116245924        1.02301566247633
H           -1.79717674589416       -3.24604213023265       -0.75359844315983
H           -3.06499443109443       -2.46030605236865        0.21206947234386
H            0.55084372564355       -2.46660876757620        0.06205306611332
25
 energy: -42.186346060005 gnorm: 0.022828593853 xtb: 6.6.1 (8d0f1dd)
C            2.17436048519687        1.47875757911251       -0.36388227269714
N            2.11846993463743        0.04437420603195       -0.16085379367291
C            3.28707830418306       -0.67681932945269       -0.10998777350400
N            4.32395185551474       -0.00257495841664       -0.30596805202363
C            0.09929531001689       -1.48534309246892        0.08575111627421
C            0.79452145703848       -0.31373649011423       -0.01146279558343
C            0.06272973400860        0.90067069097701       -0.02409644131189
O            0.83676878423135        1.94540355411412       -0.19897578464879
N           -1.24425762608296        0.93677710285409        0.13206511190952
C           -2.00060658400705        2.17332066581734        0.17485484099910
C           -1.99643738779196       -0.27524624781533        0.22251163096963
O           -3.18723422086557       -0.22926183240587        0.32508947032509
N           -1.25685617110145       -1.43957774919399        0.17414551134247
C           -1.99409721716155       -2.69166936683476        0.16181616417394
H            2.52087467251517        1.71962694770282       -1.37645883772659
H            5.24921187756168       -0.44235810648116       -0.27467485268870
H            2.83766105967006        1.96644130908701        0.35870509004398
H            3.13096591240624       -1.73749119083691        0.10440305520671
H           -1.31333073343586        3.01327010271259        0.21145994436463
H           -2.64049565285414        2.24497537175349       -0.70619564669039
H           -2.64463279560963        2.16109084984167        1.05458028808048
H           -1.71043731283672       -3.30719769542993        1.01510013383343
H           -1.78285212279633       -3.23295630599555       -0.76090408946230
H           -3.05903964577899       -2.47073952715866        0.21515833103537
H            0.55481959744714       -2.46149794580662        0.08899126934375
25
 energy: -42.187162500242 gnorm: 0.009616345260 xtb: 6.6.1 (8d0f1dd)
C            2.17204687102730        1.49190913685354       -0.35585816639771
N            2.11755711548458        0.05201529952766       -0.16627988606551
C            3.28626957908495       -0.67123714935974       -0.11581248552090
N            4.33889422699110       -0.01493216526712       -0.29752321881313
C            0.10262523472198       -1.48300535086647        0.07454088889492
C            0.79559867812881       -0.30924964837337       -0.02214062681454
C            0.06188528397187        0.90433473390687       -0.02823016943510
O            0.83284046264602        1.95450786530017       -0.19242623334803
N           -1.24589908178460        0.93552999249603        0.12574082561301
C           -2.00357908908478        2.17100718086068        0.16988504069008
C           -1.99611145243887       -0.27714173415334        0.21731915486933
O           -3.18637058407198       -0.23474186963088        0.32443465672881
N           -1.25418256811526       -1.44000259590452        0.16868673729332
C           -1.99102640057335       -2.69298941553523        0.17162400315163
H            2.52681404992170        1.74602622220760       -1.36461825370679
H            5.23625185457313       -0.48772485514967       -0.26981251259505
H            2.83181610431692        1.96953879099876        0.37842343199385
H            3.12802440869534       -1.73499176146608        0.07971316093521
H           -1.31687879591535        3.01154929791649        0.20733393508618
H           -2.64239789523954        2.24247065553895       -0.71109712071687
H           -2.64765941619368        2.15847536620216        1.04931795290378
H           -1.70303535237339       -3.30155662661893        1.02795183570836
H           -1.78890274838652       -3.24263862686071       -0.74773481557227
H           -3.05479695298460       -2.47047898103174        0.23100027525551
H            0.56064798170371       -2.45843521999777        0.07673320775446
25
 energy: -42.187797395490 gnorm: 0.005211147563 xtb: 6.6.1 (8d0f1dd)
C            2.16934661247056        1.51358728577457       -0.33788222552813
N            2.11609225479641        0.06464058093736       -0.18182275426457
C            3.27993255709756       -0.66468426706565       -0.13962979992068
N            4.35836420743763       -0.03690277676126       -0.28564317367906
C            0.10807854000232       -1.47782798472809        0.05403310659061
C            0.79698009005350       -0.30105672518882       -0.04268821481943
C            0.06020591102382        0.91050501624743       -0.03499184428750
O            0.82744105922914        1.96844597807046       -0.17865673214260
N           -1.24891045842944        0.93432230081141        0.11359297600545
C           -2.00954727912536        2.16794745954670        0.15939979602115
C           -1.99506278647358       -0.27931391395192        0.20922275095886
O           -3.18475864520308       -0.24252907476896        0.32222201980900
N           -1.24882138404729       -1.43994770980603        0.15914516755121
C           -1.98311214209054       -2.69498962525015        0.19149466517317
H            2.53767061910728        1.79336047529641       -1.33702710792214
H            5.21728736293787       -0.56631422568648       -0.24825685038796
H            2.82142762604254        1.97151461195085        0.41797439162403
H            3.11781397744005       -1.73309427796120        0.02982465695341
H           -1.32468942706973        3.01012542737319        0.19843247409929
H           -2.64724191533948        2.23865537252573       -0.72180908116801
H           -2.65402273756555        2.15409327367811        1.03835801129082
H           -1.68284088210636       -3.28875164534364        1.05395564054442
H           -1.79544606558702       -3.25999546121923       -0.72149726555570
H           -3.04593710011542       -2.47194360687132        0.26294085926939
H            0.57018151961965       -2.45160794601613        0.05048015167756
25
 energy: -42.187964673023 gnorm: 0.004776137140 xtb: 6.6.1 (8d0f1dd)
C            2.16930826702979        1.52512146411513       -0.32283070399126
N            2.11621247390901        0.07268819914089       -0.18933719973398
C            3.27367371682729       -0.66237541819172       -0.14959711133373
N            4.36477977251347       -0.05127500275982       -0.27627543298365
C            0.11120685552147       -1.47342765915993        0.04128592371026
C            0.79739790850477       -0.29500845063598       -0.05514366029281
C            0.05894071535606        0.91480068391489       -0.03895744773769
O            0.82546595353467        1.97535038780952       -0.17029111194171
N           -1.25096542791945        0.93511225852789        0.10468735102730
C           -2.01440701736381        2.16714604376141        0.15123077775475
C           -1.99396109259215       -0.27952346442288        0.20307679833230
O           -3.18345074853541       -0.24590972631445        0.31884095572985
N           -1.24484077419488       -1.43895366170447        0.15300753185521
C           -1.97514289073538       -2.69583076897188        0.20540090215687
H            2.54775012011677        1.82062761715992       -1.31330520867218
H            5.20463681656002       -0.61483461715849       -0.24501499947609
H            2.81295796525035        1.97128791740362        0.44744484180940
H            3.10482019383808       -1.73555237835608       -0.00987024328995
H           -1.33164078605591        3.01095102230143        0.19143953156069
H           -2.65149806725561        2.23662845252574       -0.73062501103637
H           -2.65980909865509        2.15136503900026        1.02953966661250
H           -1.66421525317153       -3.27867885417388        1.07183383094969
H           -1.79462777223893       -3.27061148735769       -0.70281943716348
H           -3.03797195507803       -2.47490930709850        0.28475067918202
H            0.57581163893996       -2.44594974776157        0.03270039486466
