25
 energy: -42.074384812318 gnorm: 0.012982573860 xtb: 6.6.1 (8d0f1dd)
C            2.61685790403232        0.82789497175192       -1.03361733703341
N            1.98999036433743       -0.14805685351238       -0.16348698924681
C            2.78128257931761       -1.04987899427533        0.49615235181654
N            2.52405851147086       -1.94782969362408        1.33852198664783
C           -0.18797168270062       -1.14648582287394       -0.16425797307543
C            0.57187926199374       -0.03882502596221       -0.03214516357914
C            0.06657799397180        1.26494386314570        0.23041639901369
O            0.65330710086819        2.25870723724402        0.52663210936008
N           -1.48764818920296        1.46219055435706        0.10892907943458
C           -1.95420727864455        2.62301279676318        0.88186682551906
C           -2.21470682021351        0.91345775880292       -0.74683395575047
O           -2.74981764273434        0.26160196284273       -1.53415137852030
N           -0.79159892318490       -2.11526317579355       -0.46063940482098
C           -1.42910808363156       -3.32644889223793       -0.21402310960310
H            2.73814726326647        1.78784955205539       -0.52517220684215
H            3.59625745856895        0.46949320092411       -1.34069885770765
H            2.00428614807309        0.97942050461204       -1.92280072482080
H            3.82720300685578       -0.95737907439384        0.21935916305881
H           -1.36509037549254        2.68270101648555        1.79554543985548
H           -1.80242436899566        3.54019620529600        0.31064050866555
H           -3.00813600069964        2.50772526992592        1.12165443940038
H           -1.48710403915621       -3.55895733412594        0.85156223968578
H           -0.87438184869312       -4.11074742819833       -0.73295247380310
H           -2.43080633804536       -3.28035439545260       -0.64511614282370
H            1.57358551274705       -2.08072966215221        1.66578679306852
25
 energy: -42.075879065342 gnorm: 0.010898490507 xtb: 6.6.1 (8d0f1dd)
C            2.62269795873962        0.83481196722100       -1.04393754523669
N            1.98748308910654       -0.14074478045821       -0.18110778080453
C            2.75844361585557       -1.04783989126295        0.48721698093704
N            2.46448993222629       -1.93513207875631        1.32694730455586
C           -0.18925470143572       -1.13744982401146       -0.17064155917624
C            0.57350915911758       -0.03046341696464       -0.04366308465405
C            0.07872450033108        1.27054380697320        0.24092823261878
O            0.66599898311928        2.26565591382544        0.53255528190959
N           -1.47299605658046        1.44684004851899        0.13513911655772
C           -1.95273431408215        2.61721237171131        0.88607390510181
C           -2.19063027567965        0.86545914246209       -0.70540310374999
O           -2.68542932864277        0.22360916055279       -1.52847697202330
N           -0.79077295324731       -2.10930700417491       -0.46180765639975
C           -1.42623729683659       -3.32123555136126       -0.21171834297806
H            2.74408049687487        1.79271223560153       -0.53151570100154
H            3.60206753393940        0.47283394635024       -1.34649269296992
H            2.01388138916424        0.98941384684646       -1.93503657040954
H            3.81081990897325       -0.97199036412850        0.22779630925382
H           -1.36963434735056        2.68988141147050        1.80187129626278
H           -1.80274236272202        3.52823829641631        0.30543761571389
H           -3.00730772897824        2.49909255059563        1.12137287388871
H           -1.48355934468921       -3.55229921337921        0.85437929954757
H           -0.87086889356022       -4.10601268053125       -0.72970466112367
H           -2.42832968903875       -3.27793318193843       -0.64247363550916
H            1.50873223950425       -2.04765816997414        1.64343270758815
25
 energy: -42.077378330445 gnorm: 0.016300119777 xtb: 6.6.1 (8d0f1dd)
C            2.63856896159364        0.85095015191411       -1.06769118501797
N            1.98528656875530       -0.12393838494417       -0.22204774322867
C            2.70846350027627       -1.04376423836929        0.46754547087929
N            2.32375006923465       -1.90661076938724        1.29967556285180
C           -0.19004642039905       -1.11436390626369       -0.18443621222985
C            0.58049572489066       -0.00946878351301       -0.06915527533740
C            0.11104136699154        1.28571845279002        0.26994793120479
O            0.69782534056368        2.27804731569866        0.57142303402256
N           -1.42717104658928        1.42968605096931        0.16741514725887
C           -1.95091791747339        2.60076405843214        0.89076558650825
C           -2.08746434759169        0.80721785316253       -0.69076286293881
O           -2.61537505751940        0.07736271937431       -1.41695402372438
N           -0.78924544822081       -2.09170275774750       -0.46387743379433
C           -1.41799155420278       -3.30677612287738       -0.20863515118396
H            2.75965069877369        1.80412101149291       -0.54615273299584
H            3.61801200628490        0.48033487416090       -1.35874208113734
H            2.03897763292899        1.01299152215823       -1.96358145915498
H            3.77536606262944       -1.01145499622934        0.24746376905977
H           -1.39584400064233        2.68658953006809        1.82233507932213
H           -1.79305383348029        3.50686743365331        0.30687348362343
H           -3.01116290355372        2.47467621517280        1.09634816136022
H           -1.47290531274590       -3.53602923584805        0.85833200680546
H           -0.85971285372939       -4.09130831067259       -0.72482288268941
H           -2.42119274187208       -3.27093356731378       -0.63836434908263
H            1.35507701920580       -1.97073757427711        1.58826977751831
25
 energy: -42.078051557808 gnorm: 0.011938155546 xtb: 6.6.1 (8d0f1dd)
C            2.65048804445602        0.85099945656752       -1.07323452553540
N            1.99070210271753       -0.12138663705763       -0.22991388439614
C            2.70137065009194       -1.04818794569851        0.46817992443697
N            2.29385505073838       -1.90651942451889        1.29577508210236
C           -0.18233378273990       -1.10878745579661       -0.18389636635476
C            0.58462327986767       -0.00079207132177       -0.07827635486700
C            0.10751696897217        1.29238670526086        0.26010967633666
O            0.69028071797797        2.28545060289355        0.56565232535081
N           -1.43212154002944        1.42406030046021        0.18264086787778
C           -1.95437620656401        2.59837673353470        0.89640143377734
C           -2.10202095198257        0.76955476852619       -0.64716966129788
O           -2.58938042161354        0.06861446917493       -1.42143279638955
N           -0.78993950901880       -2.08130855939007       -0.46062694884014
C           -1.41311433702654       -3.29873158114812       -0.20819779084542
H            2.77194556758829        1.80436569013716       -0.55230175892521
H            3.63073326185537        0.47723602868255       -1.35793130364293
H            2.05834252925455        1.01723212900610       -1.97374210506282
H            3.76804971219018       -1.03616852663671        0.25341390139866
H           -1.39692054055188        2.69478409766378        1.82624018847027
H           -1.79971784333787        3.49766498338668        0.30010308908346
H           -3.01342941596936        2.46751804349209        1.10249234206117
H           -1.46465868628452       -3.52813610746595        0.85869307647253
H           -0.85115635741500       -4.08031463819404       -0.72438544241479
H           -2.41698342781872       -3.26571447093654       -0.63652662799051
H            1.31867664875054       -1.95395804901731        1.56910527709387
25
 energy: -42.078295989459 gnorm: 0.005667848236 xtb: 6.6.1 (8d0f1dd)
C            2.66253679691710        0.84889668107455       -1.07293615730342
N            1.99475336278903       -0.12153783204131       -0.23401196780854
C            2.69671620644000       -1.05609080667398        0.46591057015187
N            2.27956171404674       -1.91047481651911        1.28941911142241
C           -0.17787971888272       -1.10263045118335       -0.18651928202908
C            0.58728189825432        0.00671766078954       -0.08587964688329
C            0.10321297389762        1.29791104841639        0.25244653228649
O            0.68473085057375        2.29102616509935        0.56096697578825
N           -1.43722409492098        1.42630713164731        0.18317268482196
C           -1.95850972214358        2.59772142288208        0.89737765541349
C           -2.11199645901198        0.75871164275252       -0.63132959014846
O           -2.60559776250673        0.05440648126959       -1.40146211484533
N           -0.78427599057773       -2.07668566375378       -0.46088771251965
C           -1.40720500685020       -3.29328384767879       -0.20791391386593
H            2.78361862136048        1.80240548432892       -0.55204364669781
H            3.64387906390956        0.47240675200285       -1.35116380916348
H            2.07811629850297        1.01781894307031       -1.97820393181471
H            3.76207694200018       -1.05249738894680        0.25839647894511
H           -1.40164541707086        2.69547783328354        1.82732819959078
H           -1.80363551527450        3.49662257424728        0.30037076123101
H           -3.01715760514506        2.46451154670623        1.10232297914842
H           -1.45721541887569       -3.52156565163602        0.85925142299002
H           -0.84466302783250       -4.07450425250926       -0.72357291952055
H           -2.41118786492404       -3.26034020292035       -0.63546651110833
H            1.30214038943328       -1.94309191210358        1.55559944981811
