25
 energy: -46.817245382592 gnorm: 6.045550259450 xtb: 6.6.1 (8d0f1dd)
C            3.21786164340000        1.13591514650000        0.01837059260000
N            2.27034809790000        0.05199982890000        0.00038279530000
C            2.54167221030000       -1.23971668410000       -0.00834188300000
N            1.39367826450000       -1.95088267900000       -0.00850347120000
C            0.35269634020000       -1.06748964300000        0.00059917290000
C            0.90759959010000        0.20069750900000        0.00663590170000
C            0.07590235260000        1.39864294500000       -0.00284827040000
O            0.48715076820000        2.53168346660000       -0.01725767220000
N           -1.27221500230000        1.06666939660000        0.00165480230000
C           -2.23229981500000        2.16656245330000       -0.00245172030000
C           -1.84872931540000       -0.19179276200000        0.00496135950000
O           -3.03273030250000       -0.36103538130000        0.00858583760000
N           -0.96599111670000       -1.30060631840000        0.00174701630000
C           -1.52030655580000       -2.64076660390000       -0.00239033190000
H            3.71480285180000        1.18589984860000        0.98803183970000
H            3.97079415090000        0.99383197990000       -0.75543416370000
H            2.68321036910000        2.07051068580000       -0.15067179540000
H            3.52469367910000       -1.66989040330000       -0.01523639120000
H           -1.67672429040000        3.10039111610000        0.00486339690000
H           -2.85755792270000        2.10547813320000       -0.89185337000000
H           -2.87119733260000        2.09858159720000        0.87661144540000
H           -1.20589108080000       -3.18768007210000        0.88663215920000
H           -1.21982032550000       -3.17678505510000       -0.90288069810000
H           -2.60531402170000       -2.54255916880000        0.00649952960000
H            1.32879827740000       -2.95942079410000       -0.01653446370000
25
 energy: -54.722715698056 gnorm: 9.795737605783 xtb: 6.6.1 (8d0f1dd)
C            3.21780828999713        1.13596354604868        0.01835887254626
N            2.27054282870028        0.05242125281912        0.00044073853021
C            2.54183899178700       -1.23983873723798       -0.00837257882836
N            1.39355892491791       -1.95095284059341       -0.00852870091415
C            0.35298001399436       -1.06746429139435        0.00051668425408
C            0.90853830931599        0.20141511151022        0.00650967275576
C            0.06549257789572        1.38998660452607       -0.00223139270635
O            0.12915369763537        2.49431821474564        0.08046340030978
N           -1.27281882908788        1.06359967119285        0.00126214709569
C           -2.22397605930080        2.16739628961215       -0.01067186460466
C           -1.84868970216871       -0.19202157080234        0.00494952334280
O           -3.03277905922854       -0.36105454454941        0.00861326733431
N           -0.96608493237025       -1.30058819856949        0.00174898872986
C           -1.52028295605275       -2.64078706528818       -0.00239464934528
H            3.71479826159484        1.18594782131917        0.98801510114937
H            3.97077262914190        0.99389487639623       -0.75546336066209
H            2.68323817121789        2.07053996198030       -0.15068116068071
H            3.52470942530038       -1.66983820511994       -0.01527713219023
H           -1.67642023283809        3.10032322521618        0.00447998037286
H           -2.85828232190699        2.10538168415463       -0.89143470598041
H           -2.51161838980706        2.14609153951528        0.78720137205629
H           -1.20583424889463       -3.18770534444518        0.88661810165332
H           -1.21977845608737       -3.17679758408306       -0.90288937731199
H           -2.60527846056620       -2.54260351749521        0.00650424191485
H            1.32884304091050       -2.95938935785796       -0.01656555092121
25
 energy: -66.444545084355 gnorm: 13.741390935475 xtb: 6.6.1 (8d0f1dd)
C            3.21772006115275        1.13601979654055        0.01838534725093
N            2.27079391782442        0.05269360847978        0.00049913113157
C            2.54200719607084       -1.23995413912483       -0.00837256713310
N            1.39346855989568       -1.95098076017840       -0.00852762011052
C            0.35303105237603       -1.06741498359879        0.00042818140303
C            0.90939546837631        0.20223985399819        0.00634050593890
C            0.05614148286578        1.37761506969366       -0.00190247801916
O           -0.23076561381091        2.46134285959818        0.18025894187101
N           -1.27425511741449        1.05855167723666        0.00020977411356
C           -2.21357146047704        2.16833470342776       -0.02735554897460
C           -1.84889705050588       -0.19202297268250        0.00483759644410
O           -3.03302084670592       -0.36125181471926        0.00861255357779
N           -0.96602260203007       -1.30064842455166        0.00175177124970
C           -1.52025174499210       -2.64080266719151       -0.00240771349905
H            3.71479300783422        1.18598786891616        0.98803846975008
H            3.97076345720301        0.99395420985765       -0.75545108582772
H            2.68329230356713        2.07056047571765       -0.15066599091565
H            3.52472007989277       -1.66979860890143       -0.01527783893831
H           -1.67594212187731        3.10063716343608        0.00346577806032
H           -2.85905814494827        2.10523833740270       -0.89108651409683
H           -2.15198257101810        2.19445078484260        0.70581014099124
H           -1.20580255037994       -3.18772842752068        0.88659402681627
H           -1.21974000184534       -3.17680552379274       -0.90291345800505
H           -2.60525290499093       -2.54262245962129        0.00648077429362
H            1.32886765803737       -2.95935708566456       -0.01658055947216
25
 energy: -82.198337313478 gnorm: 17.781767823621 xtb: 6.6.1 (8d0f1dd)
C            3.21762758811312        1.13611226029197        0.01855455635372
N            2.27113248377029        0.05315404116564        0.00063320928427
C            2.54229068249236       -1.24013716414472       -0.00829987906835
N            1.39330831976990       -1.95098855391910       -0.00850053262770
C            0.35302448117230       -1.06746443149057        0.00031258252495
C            0.90989581113199        0.20356822225666        0.00619295009448
C            0.04940005607979        1.36828293152397       -0.00168237570385
O           -0.58735152407984        2.42554649845662        0.28231513796995
N           -1.27638075634485        1.05137412454260       -0.00188925661281
C           -2.21074283516818        2.16780041761707       -0.05352937965339
C           -1.84926376087707       -0.19229343161206        0.00452651893569
O           -3.03342074419399       -0.36155878560243        0.00851503906779
N           -0.96593169955464       -1.30078164828241        0.00171814802003
C           -1.52017428146382       -2.64085796634060       -0.00251712889347
H            3.71473604561510        1.18607141739392        0.98822221533509
H            3.97076744580347        0.99408857846204       -0.75527750294036
H            2.68331459263388        2.07061976829675       -0.15052136539636
H            3.52474854773068       -1.66969944373510       -0.01517556477038
H           -1.67603271878332        3.10152456736239        0.00179036271895
H           -2.86015357026561        2.10493064196192       -0.89093565349695
H           -1.78873432633329        2.24552177964467        0.63357024425828
H           -1.20575560175393       -3.18778730828026        0.88646789806043
H           -1.21961756700265       -3.17681685579383       -0.90303734409423
H           -2.60518723671444       -2.54267811799323        0.00631406526167
H            1.32893208232273       -2.95929300018192       -0.01659532672746
25
 energy: -101.213375767216 gnorm: 17.162366372341 xtb: 6.6.1 (8d0f1dd)
C            3.21749856855719        1.13632669923750        0.01818154528681
N            2.27131621072239        0.05397985884467        0.00037845959586
C            2.54272437721156       -1.24049857082308       -0.00866989280405
N            1.39321260503912       -1.95093024195953       -0.00872898734082
C            0.35337462614998       -1.06760712064337        0.00014448543070
C            0.91003108132309        0.20521172608635        0.00606934107370
C            0.04486479841306        1.36181763881907       -0.00149326303042
O           -0.93889650729474        2.38405728875961        0.38881913204874
N           -1.27873164798356        1.04456861775793       -0.00413393255177
C           -2.21354226302952        2.16658556145174       -0.06590804956309
C           -1.84944059578059       -0.19329327161803        0.00460913654465
O           -3.03387223807401       -0.36183844392516        0.00899552958811
N           -0.96617423839349       -1.30095666252641        0.00194059962478
C           -1.51999065501982       -2.64098676640358       -0.00234274824016
H            3.71480539599586        1.18632191761818        0.98775786692939
H            3.97058382977098        0.99439120665412       -0.75579918076140
H            2.68320746099229        2.07078108202898       -0.15085030392933
H            3.52483042711494       -1.66944389626063       -0.01567995698375
H           -1.67730923357670        3.10300433155855        0.00031624989615
H           -2.86152514877003        2.10446635356224       -0.89059799928286
H           -1.42573486517925        2.29909891393382        0.54466605761232
H           -1.20540385008321       -3.18790143444870        0.88658799750449
H           -1.21951711639593       -3.17689574911773       -0.90291346978159
H           -2.60500383421322       -2.54286447020786        0.00664465954982
H            1.32912432660362       -2.95915602677867       -0.01682165851627
25
 energy: -102.339832065527 gnorm: 32.109964299277 xtb: 6.6.1 (8d0f1dd)
C            3.21722829559609        1.13698408810768        0.01618861550555
N            2.27098408241873        0.05546684476712       -0.00102621694660
C            2.54354216299200       -1.24085996078350       -0.01034888710950
N            1.39331425702895       -1.95075150025614       -0.00967922758372
C            0.35431650887894       -1.06770349676435       -0.00002120483960
C            0.90937797402221        0.20615046571046        0.00616208095361
C            0.04817919764266        1.36184717704098       -0.00160883185479
O           -1.27533989438740        2.33119020866498        0.50995891131773
N           -1.28419208196284        1.03308203529143       -0.00743223087127
C           -2.22389384850961        2.16262425100476       -0.06298860556754
C           -1.84909771197217       -0.19505526114333        0.00542549122824
O           -3.03465509149012       -0.36254679194548        0.01122142238939
N           -0.96657335121967       -1.30171411600633        0.00284382889506
C           -1.51941483232447       -2.64134556520475       -0.00130009907275
H            3.71522370170310        1.18708985198822        0.98539613947767
H            3.96984165284589        0.99524973348955       -0.75835811794259
H            2.68265556610029        2.07127939783651       -0.15254323637359
H            3.52511730396316       -1.66868894079851       -0.01799998548830
H           -1.68090006013542        3.10735465723964        0.00048232705083
H           -2.86237945724150        2.10395965204450       -0.89050778223021
H           -1.07462715296783        2.36230707286676        0.43125514136553
H           -1.20412394201117       -3.18822758365599        0.88742084071690
H           -1.21943865662244       -3.17718385169187       -0.90208536103618
H           -2.60444729670002       -2.54344183126541        0.00841797662622
H            1.32973418845264       -2.95882799493692       -0.01770137071010
25
 energy: -89.446948346861 gnorm: 19.779880429026 xtb: 6.6.1 (8d0f1dd)
C            3.21711015595385        1.13731014853010        0.01217244810661
N            2.27085292094763        0.05624053088423       -0.00371561580292
C            2.54395286619221       -1.24106479790689       -0.01321703336033
N            1.39332775399272       -1.95072511259286       -0.01102499741214
C            0.35478873930608       -1.06794112847000       -0.00012875785098
C            0.90870441588982        0.20664428812002        0.00530401380387
C            0.05126270454412        1.36159234862402       -0.00238113825448
O           -1.61086953602820        2.28422653788363        0.65211007448851
N           -1.28600983133435        1.02624167207277       -0.00887018080248
C           -2.23375648267018        2.15792977568378       -0.06225787348682
C           -1.84871133284197       -0.19617803727893        0.00759141924672
O           -3.03519879284265       -0.36292295109139        0.01526672940096
N           -0.96669921092943       -1.30216758692321        0.00458497913951
C           -1.51913770611154       -2.64153369678996        0.00112627041845
H            3.71634083100555        1.18761703678758        0.98073814802924
H            3.96878073586633        0.99555667652163       -0.76332409127538
H            2.68223420930569        2.07148923129105       -0.15605945224145
H            3.52524458721020       -1.66832184141420       -0.02202868318769
H           -1.68194372719764        3.11051004146444        0.00199728837952
H           -2.86355754031501        2.10395142410931       -0.88815848599394
H           -0.72924021463934        2.41789260776679        0.29851013813336
H           -1.20267655732806       -3.18825799842037        0.88952987525653
H           -1.22022799432380       -3.17746018520803       -0.89996735677718
H           -2.60416672799885       -2.54372139860932        0.01217990222595
H            1.33002724844683       -2.95866904343419       -0.01880600228346
25
 energy: -96.229471184969 gnorm: 20.059626147145 xtb: 6.6.1 (8d0f1dd)
C            3.21734239687229        1.13665052307113        0.01078208966547
N            2.27080816260296        0.05698890011758       -0.00458903512605
C            2.54439481884403       -1.24265971753812       -0.01395692228509
N            1.39256358370468       -1.95120633061914       -0.01121836265997
C            0.35516972870975       -1.06863082113508        0.00005667405412
C            0.90699838626637        0.20843275558614        0.00507488279456
C            0.05901129651839        1.36289929010125       -0.00469750633816
O           -1.47178868763204        2.31958669895351        0.65271024866678
N           -1.28598812164499        1.01262854832593       -0.01720549716409
C           -2.26942624943924        2.14604078193591       -0.09583567638151
C           -1.84773513984737       -0.19819588255715        0.00772334086459
O           -3.03695522401376       -0.36252059814290        0.01657041891694
N           -0.96746218978899       -1.30285090083663        0.00588391230513
C           -1.51965817300106       -2.64123640770007        0.00228465630925
H            3.71704699733028        1.18707338026493        0.97911772124210
H            3.96871491959022        0.99461338642614       -0.76505417833079
H            2.68264105348317        2.07084324211355       -0.15750968140630
H            3.52487600438662       -1.66903964553713       -0.02304674557831
H           -1.68346163655351        3.11750082321186       -0.00043019811965
H           -2.86547810918798        2.10503626193786       -0.89030294131256
H           -0.83177858768275        2.40344731896584        0.34800329844216
H           -1.20296378953121       -3.18783458369915        0.89065702554501
H           -1.22120006111162       -3.17735675407838       -0.89884405897692
H           -2.60466162826992       -2.54311838764929        0.01372417776202
H            1.32942176349567       -2.95885333991860       -0.01872602498872
25
 energy: -86.595774782642 gnorm: 247.605685963224 xtb: 6.6.1 (8d0f1dd)
C            3.21767007498810        1.13579728871577        0.01181017189029
N            2.27075097210638        0.05758243852845       -0.00385742318773
C            2.54472450819735       -1.24436028814434       -0.01297349518315
N            1.39174189529380       -1.95179202681066       -0.01061041496418
C            0.35558312967207       -1.06931833891347        0.00036111760771
C            0.90577939966535        0.21005407283130        0.00549164815456
C            0.06118822905985        1.36021493312931       -0.00679616058169
O           -1.11130809882298        2.39242157890054        0.56448082234203
N           -1.28540799658157        0.99781934643176       -0.02562216162452
C           -2.30073658269419        2.13482340883638       -0.13541911999102
C           -1.84659375175611       -0.19962629992334        0.00648174469675
O           -3.03859005639591       -0.36174334296701        0.01548038643104
N           -0.96833612974046       -1.30318634020275        0.00621551104441
C           -1.52035009463159       -2.64076538411890        0.00198671880402
H            3.71708652696399        1.18619781370660        0.98028899399703
H            3.96928904227761        0.99346295941782       -0.76379836817075
H            2.68332725231010        2.07002753333241       -0.15685932880625
H            3.52439781571759       -1.66997904647121       -0.02163613505659
H           -1.68342953568092        3.12511276260542       -0.00339464625505
H           -2.86536190246719        2.10655386634251       -0.89250505541915
H           -1.15846291052276        2.35485365111476        0.48545227540582
H           -1.20413008798337       -3.18739221204904        0.89053804490145
H           -1.22170483691118       -3.17709465981473       -0.89898808834199
H           -2.60532807114915       -2.54233044773152        0.01301629498015
H            1.32863272318518       -2.95909472514604       -0.01797171477318
25
 energy: -94.227243949828 gnorm: 20.061477628436 xtb: 6.6.1 (8d0f1dd)
C            3.22002508739272        1.13031574081061       -0.01654259819632
N            2.27107310265765        0.05353682680046       -0.02178397449202
C            2.54245046424840       -1.24851219230819       -0.03001887197445
N            1.38832895677503       -1.95408583525995       -0.01650092988463
C            0.35360011004281       -1.06985038835117        0.00085639717594
C            0.90625391756123        0.20844791948917       -0.00177890038195
C            0.06484345108107        1.35924236198602       -0.01018498468994
O           -0.92892292625177        2.53424776853320        0.82507466486728
N           -1.28380547330609        1.00178908909447       -0.01709247975022
C           -2.28433925449619        2.14020941196382       -0.10484750187792
C           -1.84718822841155       -0.19610724136330        0.02283653446481
O           -3.03880066618851       -0.35613904827001        0.04210544501062
N           -0.97018400255153       -1.30127581322790        0.01809603717227
C           -1.52496397896016       -2.63784910796411        0.02169393134851
H            3.72747282174750        1.18214704100911        0.94773328739681
H            3.96500798610389        0.98474395109223       -0.79798623278484
H            2.68594710550415        2.06507434272856       -0.18307525177300
H            3.52145220314640       -1.67612533998576       -0.04572760784142
H           -1.67739044730188        3.12715125419103        0.00426099030613
H           -2.86932752823048        2.10987516167401       -0.87426419594449
H           -1.33765552141431        2.21986132247893        0.21932976997252
H           -1.20241939353953       -3.18286437151812        0.90897040105955
H           -1.23467298792024       -3.17686009753368       -0.88046219826076
H           -2.60969259248761       -2.53741285572554        0.04138882059476
H            1.32333930889900       -2.96132135874388       -0.02090893361726
25
 energy: -94.159048577973 gnorm: 20.009261077468 xtb: 6.6.1 (8d0f1dd)
C            3.21980719958180        1.13111325943252       -0.01863862620504
N            2.27101139777853        0.05354245403923       -0.02317754283212
C            2.54233613215139       -1.24742648333059       -0.03170293971060
N            1.38869913092579       -1.95358688270977       -0.01743628873928
C            0.35293134893328       -1.07003862288142        0.00089541568700
C            0.90632244224529        0.20848060967484       -0.00090785290607
C            0.06790307507519        1.36273830280365       -0.01006355601547
O           -1.08079107830567        2.49608372741186        0.88496295527024
N           -1.28759012536481        1.00531427350914       -0.01882499336906
C           -2.26748609812687        2.14631831581966       -0.06722468186639
C           -1.84929509930818       -0.19767979561496        0.02310894103053
O           -3.03842768994451       -0.35733623232442        0.04437948896577
N           -0.96909350985967       -1.30223703733503        0.01862380529005
C           -1.52437545010417       -2.63835509761719        0.02298841696514
H            3.72788537590265        1.18299807827152        0.94524700899384
H            3.96423872578345        0.98558466886557       -0.80064094902560
H            2.68537908397970        2.06562644974582       -0.18488635690463
H            3.52193478246690       -1.67544430199182       -0.04803949810759
H           -1.68195383898044        3.12626246220148        0.00438706408763
H           -2.87540751557803        2.10809153340116       -0.87821617011158
H           -1.19259436766243        2.24768415181071        0.13413263129255
H           -1.20114724166836       -3.18318874110100        0.90997631674542
H           -1.23460412637837       -3.17718430157842       -0.87945373350649
H           -2.60917225626048       -2.53797817950041        0.04333706061229
H            1.32392121681802       -2.96114406940215       -0.02165429774054
25
 energy: -103.998079502001 gnorm: 13.137382612325 xtb: 6.6.1 (8d0f1dd)
C            3.21788697797274        1.13618842192879        0.00460605871511
N            2.27058749021726        0.05951502844470       -0.00841436622870
C            2.54522258358197       -1.24534743851731       -0.01789662118216
N            1.39065194424304       -1.95189467663418       -0.01290983861850
C            0.35471503562300       -1.07228741115669        0.00126994518155
C            0.90309768256375        0.21592825709885        0.00826363645541
C            0.06549042770892        1.35044028075919       -0.01300599067823
O           -1.09207882295622        2.42447160657113        0.68128503749710
N           -1.29761535326436        0.95882924273091       -0.05792482171917
C           -2.31346904912802        2.11993387934884       -0.11049021374043
C           -1.85052839869847       -0.21027444978426        0.00563912861149
O           -3.04194424605121       -0.36343476655143        0.02301524774628
N           -0.96640296535696       -1.30782712748470        0.01036995882995
C           -1.52029285165565       -2.64107685856343        0.00745887647074
H            3.71946397810795        1.18680482042360        0.97170636238421
H            3.96759954287978        0.99299771652762       -0.77291490297917
H            2.68322470727668        2.06955210679320       -0.16382980909177
H            3.52475928792004       -1.67032086893769       -0.02832529898948
H           -1.69614580934162        3.14525884065455       -0.00946038273603
H           -2.88787040164367        2.10574324597476       -0.91202993619790
H           -1.11302886021969        2.38102047474209        0.42227811295579
H           -1.20226136061753       -3.18710016870568        0.89527236341377
H           -1.22367016425608       -3.17758497275844       -0.89426413182102
H           -2.60540500334495       -2.54205253573982        0.02048360972849
H            1.32844514253932       -2.95924410556460       -0.01901040610733
25
 energy: -102.599437702716 gnorm: 15.167862217843 xtb: 6.6.1 (8d0f1dd)
C            3.21773686275615        1.13676293033444       -0.00425998476625
N            2.27057898200781        0.06015389427775       -0.01423253118240
C            2.54553279375754       -1.24507710902420       -0.02402721601387
N            1.39063527271519       -1.95178051016273       -0.01564894330075
C            0.35450076291132       -1.07328417263497        0.00125334095950
C            0.90157472656768        0.21604089566237        0.00662918001381
C            0.07593852840146        1.35218626546568       -0.01640410169834
O           -1.07562031649166        2.42049690559608        0.78848509474221
N           -1.29983324440194        0.95193348398620       -0.06418214310311
C           -2.31653076635592        2.11505249801940       -0.09167144008087
C           -1.85173082488467       -0.21421757279290        0.00946064673977
O           -3.04330262305895       -0.36486096181356        0.03187575343044
N           -0.96573877489403       -1.30954609855967        0.01419709563003
C           -1.51982248723702       -2.64152960787819        0.01311547282968
H            3.72202774629408        1.18780365207543        0.96144905433532
H            3.96537852577452        0.99329434775674       -0.78384950236500
H            2.68249430362519        2.06981499352578       -0.17172172770074
H            3.52504007929381       -1.66986775889137       -0.03694132286562
H           -1.70048041062097        3.14857827738886       -0.00760956570043
H           -2.89401656103673        2.10536329874071       -0.90898186672872
H           -1.12270838840685        2.39767350852477        0.32547067684761
H           -1.19937713008048       -3.18705592990981        0.90022872880115
H           -1.22562982473179       -3.17820601609449       -0.88932196925991
H           -2.60503021260239       -2.54240143953818        0.02895714982883
H            1.32881449479865       -2.95908923245412       -0.02109826149232
25
 energy: -104.153475385892 gnorm: 7.969157781112 xtb: 6.6.1 (8d0f1dd)
C            3.21888435211201        1.13428708227182        0.00049042300432
N            2.27065204461519        0.05832816306020       -0.01051408895275
C            2.54428192331674       -1.24678352086995       -0.01978021397023
N            1.38926303040166       -1.95289812491989       -0.01311224114944
C            0.35370460659667       -1.07339836288699        0.00197934151176
C            0.90314347110710        0.21656317159546        0.00822330707528
C            0.06144225860547        1.34035855252090       -0.01753376766643
O           -1.09431929007301        2.48771546918455        0.73647131659326
N           -1.29812317149638        0.94684487363700       -0.07431042910274
C           -2.29815217041336        2.11458350492510       -0.10121180826039
C           -1.85268104277717       -0.21525994434079        0.00503155444326
O           -3.04445947869147       -0.36310980405358        0.02689076929695
N           -0.96600947863776       -1.31011890753519        0.01301268723375
C           -1.52196203256937       -2.64054440556435        0.01122699655926
H            3.72149234347724        1.18510378325613        0.96698116666680
H            3.96748784589061        0.98988532972216       -0.77782396501958
H            2.68461418041254        2.06762314461659       -0.16816192875815
H            3.52385621353447       -1.67276388159045       -0.03095419612643
H           -1.70011345825588        3.15270737386102       -0.01285619208429
H           -2.89388657473545        2.10803857961434       -0.91688975745085
H           -1.09791520178127        2.35446782523988        0.38889604829907
H           -1.20343288043580       -3.18579378382644        0.89892817058491
H           -1.22671486248781       -3.17735435492661       -0.89065216196652
H           -2.60706513095113       -2.54005537875694        0.02517656625228
H            1.32644401733616       -2.96018784263396       -0.01833597911309
25
 energy: -103.153930484652 gnorm: 25.793087042464 xtb: 6.6.1 (8d0f1dd)
C            3.21632969172265        1.14049497320584        0.00904462656792
N            2.27029492575737        0.06428831640183       -0.00578126250920
C            2.54764687005109       -1.24344647709560       -0.01630820282012
N            1.39183123284897       -1.95076494760789       -0.01320078586145
C            0.35501376171308       -1.07628195636699        0.00166486816268
C            0.89691714739466        0.21876013967921        0.01243325934107
C            0.09983119460346        1.35203546888421       -0.02384283441736
O           -1.04956189761066        2.36859521820080        0.67360888967912
N           -1.30580431064026        0.92435387850547       -0.10062440460951
C           -2.35277914388204        2.08922307279198       -0.09408431209804
C           -1.85549672520358       -0.22920406726353       -0.00293796828733
O           -3.04779148175770       -0.37138810550271        0.02016081862291
N           -0.96336366504108       -1.31580987174799        0.01002989863830
C           -1.51673857472354       -2.64417760203590        0.00440068500011
H            3.71710924154373        1.19087447679314        0.97657562393051
H            3.96702482377207        0.99852683137533       -0.76814066914305
H            2.68074348194858        2.07262044588234       -0.15978500900050
H            3.52714203327228       -1.66620618784006       -0.02590663178837
H           -1.71655113050523        3.16360780663466       -0.01756168447765
H           -2.90391367422873        2.10466853712279       -0.93219026221952
H           -1.10929746752680        2.49928360549069        0.49343683316122
H           -1.19925559016912       -3.18998706660941        0.89188370647566
H           -1.21864380158758       -3.17888742680771       -0.89788411153235
H           -2.60229445488684       -2.54522815398668        0.01594252467243
H            1.33203902723523       -2.95771236650383       -0.01976197758749
25
 energy: -95.991741034407 gnorm: 20.097398636167 xtb: 6.6.1 (8d0f1dd)
C            3.21071574174251        1.15455018365745        0.02159683205902
N            2.26950436103021        0.07524508959004        0.00065030640119
C            2.55363213912735       -1.23336381022663       -0.01314233038869
N            1.39950327742532       -1.94526949945192       -0.01549705769123
C            0.35887564091087       -1.07807269141399       -0.00029349614309
C            0.89145384066386        0.22201395308782        0.01716949418942
C            0.12027819475608        1.35592129217688       -0.02541915694258
O           -0.97503562416321        2.09384175783334        0.57288072264271
N           -1.31518509463609        0.90192598331358       -0.12116767386219
C           -2.39636809415445        2.06309051227635       -0.09099654531821
C           -1.85798182829973       -0.24665082224040       -0.01154664142621
O           -3.04968870608435       -0.38729026005810        0.01085456362508
N           -0.95742831152453       -1.32344155157271        0.00412595714690
C           -1.50500932382875       -2.65181900342133       -0.00776508414944
H            3.70880442485993        1.20410791469555        0.99059438396294
H            3.96431705331221        1.01816735838375       -0.75415601318776
H            2.67151920404925        2.08440600754934       -0.14615456365451
H            3.53442218796580       -1.65098084169477       -0.02125261760827
H           -1.73835803386491        3.16764223127560       -0.01792236127393
H           -2.91645553314849        2.09511941962323       -0.94205258998895
H           -1.17476655942417        2.78994806543790        0.63721121026394
H           -1.18779017287515       -3.19898670101573        0.87883282314521
H           -1.20215906076924       -3.18234146736098       -0.91109867386859
H           -2.59130231488561       -2.55738428727026        0.00086377608660
H            1.34493410591529       -2.95214029157399       -0.02514364611935
25
 energy: -103.697784396578 gnorm: 10.916786269761 xtb: 6.6.1 (8d0f1dd)
C            3.21409931252322        1.14635812437702        0.01234416248479
N            2.26970611580613        0.06907477590296       -0.00425518409774
C            2.55014670634738       -1.23945847534139       -0.01628482046686
N            1.39495358668671       -1.94858184465589       -0.01473949391434
C            0.35674327100901       -1.07743281409123        0.00103366293861
C            0.89478346569674        0.21984936282785        0.01496882052632
C            0.10941054234082        1.35174014006989       -0.02716843718671
O           -1.01152063799264        2.26271451506623        0.66214417529993
N           -1.31055529461292        0.91051249839295       -0.11777966975156
C           -2.37183459177887        2.07561398309753       -0.08899222380277
C           -1.85812184257796       -0.24050399111885       -0.00624477992476
O           -3.05000167874135       -0.37899790629959        0.01834582590545
N           -0.96079344579932       -1.32039665974513        0.00878796787427
C           -1.51191496652621       -2.64770357416685        0.00073671635791
H            3.71433342245789        1.19648580707561        0.98014597781413
H            3.96546676952243        1.00650558505722       -0.76473933270598
H            2.67691203392824        2.07739781712296       -0.15599655340293
H            3.53021749523288       -1.66002532885621       -0.02574334806831
H           -1.73127059319625        3.16911516917780       -0.02051089393520
H           -2.91255820810476        2.10084407708878       -0.93889198410935
H           -1.13086786988036        2.62494207891309        0.53900660196282
H           -1.19405018747114       -3.19369673376249        0.88775132939872
H           -1.21237862543161       -3.18050187785984       -0.90212354110262
H           -2.59776607757151       -2.55016179380552        0.01166049116765
H            1.33729281223344       -2.95545439286689       -0.02228385136147
25
 energy: -104.042830838418 gnorm: 12.960098047576 xtb: 6.6.1 (8d0f1dd)
C            3.21642075083416        1.14083531961821        0.00802003534850
N            2.26959412564298        0.06576734990376       -0.00612450307835
C            2.54837910691031       -1.24452800630544       -0.01715831472984
N            1.39114313340439       -1.95095133411582       -0.01369922770008
C            0.35443283224625       -1.07936134105029        0.00244180439119
C            0.89453181139653        0.21896340740406        0.01653276075884
C            0.12356829905860        1.35798552594493       -0.03277132824068
O           -1.01285080135424        2.38879398867654        0.72325028741027
N           -1.31378134455501        0.89510693421639       -0.14133079988749
C           -2.38576056475963        2.07152598559474       -0.08280585668241
C           -1.86085231079962       -0.24428486593063       -0.00807693537786
O           -3.05423264565745       -0.37554765304782        0.02231823451292
N           -0.96238286977038       -1.32223222969281        0.01246977263809
C           -1.51650623955149       -2.64544856593877        0.00591761454986
H            3.71777898193934        1.19127885306788        0.97518359186906
H            3.96672499815539        0.99844988274722       -0.76978233834626
H            2.68083491775900        2.07236893678223       -0.16138211122650
H            3.52750720395299       -1.66646625797290       -0.02689163559652
H           -1.74078049260524        3.18146938873598       -0.03257543953090
H           -2.91629541359073        2.10507644943526       -0.94863743216558
H           -1.07881062928103        2.53195223991151        0.51190947678572
H           -1.19896372180592       -3.19044492402218        0.89325395758212
H           -1.21888433866061       -3.17938763156118       -0.89678598581230
H           -2.60227571468866       -2.54497156480661        0.01751332910402
H            1.33189243988008       -2.95771134599425       -0.01961733867582
25
 energy: -104.418848167716 gnorm: 3.892437529652 xtb: 6.6.1 (8d0f1dd)
C            3.21628649746223        1.14210561558485        0.00642821045647
N            2.26929591742096        0.06486320420502       -0.00673449826622
C            2.54741553893156       -1.24174031463882       -0.01872652211827
N            1.39317544413810       -1.95020369214264       -0.01474182952315
C            0.35517526271174       -1.07687090688779        0.00190532388583
C            0.90115759232029        0.21847414829618        0.01592240561404
C            0.06984403305852        1.33445509152141       -0.02776062850452
O           -1.02139290405531        2.38224243256587        0.73570927295365
N           -1.30943135031799        0.90505227016772       -0.13431771027778
C           -2.32495413949445        2.08415851799809       -0.09178060882843
C           -1.86145997631813       -0.24369083235151       -0.00626698594870
O           -3.05327381415596       -0.37748487289171        0.02409458701660
N           -0.96107681831624       -1.32268692017031        0.01254460397972
C           -1.51567639049498       -2.64681429980701        0.00635638022132
H            3.71774788910936        1.19246746580951        0.97335079378558
H            3.96580464756033        1.00004880580210       -0.77164839508340
H            2.68001809665087        2.07353917730009       -0.16241421889405
H            3.52822910858503       -1.66520568814916       -0.02912236616540
H           -1.74114032213693        3.17328566183500       -0.03162050330840
H           -2.91591056307958        2.10374749424315       -0.94113503105518
H           -1.09557057780169        2.54308687062246        0.49650371079282
H           -1.19731412906997       -3.19123081588673        0.89345822036890
H           -1.21824261773425       -3.17981898634252       -0.89658764060031
H           -2.60127568110832       -2.54607920330118        0.01859611955500
H            1.33300077023481       -2.95746168178203       -0.02084107215612
25
 energy: -104.491572431743 gnorm: 0.894187274066 xtb: 6.6.1 (8d0f1dd)
C            3.21635177323286        1.14282566341716        0.00578762224691
N            2.26903511445143        0.06520094164665       -0.00653781560475
C            2.54722062087713       -1.24078792422825       -0.01948758939748
N            1.39385578607590       -1.95004836404281       -0.01532988558035
C            0.35545865197199       -1.07684989434770        0.00211269840879
C            0.90330619383602        0.21906797188435        0.01809209058469
C            0.04274983549103        1.31994746953351       -0.02832231565170
O           -1.01117762431305        2.39564323088823        0.76094966987514
N           -1.31054413686296        0.89655666727958       -0.15317810255052
C           -2.29697349974631        2.08443164471229       -0.09486621414671
C           -1.86469603690657       -0.25089210029293       -0.00938454867628
O           -3.05628597759601       -0.38129727669062        0.02551920415063
N           -0.95977243809323       -1.32643422788810        0.01352296272753
C           -1.51522830363498       -2.64852184344344        0.00706138030509
H            3.71791727048889        1.19313256109995        0.97249226125100
H            3.96535775322848        1.00067378668107       -0.77257247273433
H            2.67981684294342        2.07393904917407       -0.16316829489642
H            3.52866360004713       -1.66476812979621       -0.03008657133063
H           -1.75506659390232        3.17768946107512       -0.04147068885182
H           -2.92246215751216        2.10256697308951       -0.94319657178490
H           -1.08505128486838        2.56234238967316        0.50741335415795
H           -1.19665947698297       -3.19202222514869        0.89399687783100
H           -1.21796336944624       -3.18032807113435       -0.89630617203656
H           -2.60083905796589       -2.54640631018074        0.01933172008020
H            1.33341802928681       -2.95742290136079       -0.02120098047651
25
 energy: -104.531536917237 gnorm: 0.908482265410 xtb: 6.6.1 (8d0f1dd)
C            3.21650358341565        1.14346026811689        0.00549982689083
N            2.26864759750395        0.06612939867874       -0.00581098310321
C            2.54725046478139       -1.24023684920024       -0.02009574739606
N            1.39417761132148       -1.95014047686136       -0.01593457322824
C            0.35561123509518       -1.07787702537044        0.00279645160172
C            0.90373062264677        0.21989409755163        0.02249488977317
C            0.02030550705575        1.30623672361681       -0.03144559877205
O           -0.98886350349233        2.42059213073607        0.79890790426493
N           -1.31403643524248        0.88134499902528       -0.18901789099407
C           -2.27625124852375        2.07985959543250       -0.09713587980748
C           -1.87079232291262       -0.26420737374782       -0.01576757295741
O           -3.06196299776188       -0.38757524260447        0.02721361859734
N           -0.95821777368401       -1.33269903761465        0.01509078866290
C           -1.51484152857238       -2.65119407074298        0.00803424630572
H            3.71824368269541        1.19373434521842        0.97195144167556
H            3.96502030919102        1.00103831748890       -0.77324677182620
H            2.67984781007476        2.07413699332594       -0.16392412837812
H            3.52908909667730       -1.66458594534931       -0.03075214088024
H           -1.78015686027524        3.18858092949459       -0.06056130822466
H           -2.93383475648081        2.10060987780832       -0.94857763339328
H           -1.05804965637190        2.58945507665760        0.53396876349862
H           -1.19632329621347       -3.19322804728560        0.89479789253088
H           -1.21777562166857       -3.18109428801507       -0.89602117571940
H           -2.60052229068581       -2.54648900557156        0.02003293669777
H            1.33363228552661       -2.95750684918819       -0.02132573791902
25
 energy: -104.427303205746 gnorm: 5.743406314892 xtb: 6.6.1 (8d0f1dd)
C            3.21629305196697        1.14396172184876        0.00552915906290
N            2.26686042465183        0.06749058737603       -0.00358176859091
C            2.54709832546507       -1.23930892554863       -0.02004102215913
N            1.39453094691932       -1.95026672030412       -0.01599873485934
C            0.35529388058053       -1.07913330412132        0.00476525067001
C            0.89896460998442        0.22004597492409        0.03109816721693
C            0.00661266174792        1.30738902426309       -0.04712622060241
O           -1.01203112897138        2.61040164122758        0.58517247011836
N           -1.32049232629770        0.88473145376288       -0.23264428665520
C           -2.27034035903535        2.08406611838026       -0.11896553661453
C           -1.87790754465059       -0.27356235385496       -0.02617628877111
O           -3.06929475413109       -0.39949972128480        0.02870726758168
N           -0.95853193718043       -1.33861931015470        0.01692390021379
C           -1.51454950282419       -2.65643838369101        0.00986162461903
H            3.71879945682841        1.19472023145912        0.97171301717166
H            3.96464164414704        1.00104875673019       -0.77364903800296
H            2.68004764171124        2.07451514984764       -0.16492349383342
H            3.52926244880331       -1.66412599369688       -0.03084773647605
H           -1.82952738859557        3.20822846792822       -0.11336653933893
H           -2.94779598210321        2.09348597625014       -0.94618883989887
H           -0.93755214369098        2.41316896969905        0.86908481638570
H           -1.19631397317404       -3.19611699905818        0.89695824950822
H           -1.21754898971234       -3.18333507926010       -0.89540406762121
H           -2.60005997862635       -2.54687573979245        0.02110737118312
H            1.33397243028719       -2.95773300132992       -0.02083610240726
25
 energy: -62.217189985888 gnorm: 769.060647784124 xtb: 6.6.1 (8d0f1dd)
C            3.21624313362220        1.14406168743995        0.00569739654458
N            2.26637288115006        0.06800874989987       -0.00301685687955
C            2.54717722153251       -1.23929818647707       -0.02003753874462
N            1.39454508596376       -1.95045227721637       -0.01607286585288
C            0.35536545523043       -1.07973849721383        0.00524738821223
C            0.89772939827486        0.21954790678144        0.03187443335102
C            0.00709430611946        1.30261688597728       -0.04943871735182
O           -0.96586518334907        2.50877517191923        0.75742139989495
N           -1.32027925362743        0.88475917544612       -0.23913752448690
C           -2.26417125105678        2.08149874618157       -0.11624276312199
C           -1.87959439199537       -0.27621125563977       -0.02964145085166
O           -3.07107325366586       -0.40225523328306        0.02908389079359
N           -0.95897327403198       -1.34001382001226        0.01712226826469
C           -1.51454544809151       -2.65779131987484        0.01008229821909
H            3.71895609544513        1.19485238817940        0.97182741539512
H            3.96455802308279        1.00105613761511       -0.77358980539954
H            2.68012391744443        2.07458654348299       -0.16498952761815
H            3.52926939258309       -1.66404542188840       -0.03091494047694
H           -1.83457855288606        3.20917916110443       -0.11676984241534
H           -2.94919411490565        2.09326821512454       -0.94564934817761
H           -0.97892542841733        2.53147177091257        0.70632553847668
H           -1.19636456570186       -3.19696533245503        0.89726974058606
H           -1.21750930700259       -3.18387561002909       -0.89551192347087
H           -2.59997094850601       -2.54698847911764        0.02114900632864
H            1.33404157688880       -2.95780856525714       -0.02091605331877
