25
 energy: -44.217764397925 gnorm: 5.612698046327 xtb: 6.6.1 (8d0f1dd)
C            3.21786164340000        1.13591514650000        0.01837059260000
N            2.27034809790000        0.05199982890000        0.00038279530000
C            2.54167221030000       -1.23971668410000       -0.00834188300000
N            1.39367826450000       -1.95088267900000       -0.00850347120000
C            0.35269634020000       -1.06748964300000        0.00059917290000
C            0.90759959010000        0.20069750900000        0.00663590170000
C            0.07590235260000        1.39864294500000       -0.00284827040000
O            0.48715076820000        2.53168346660000       -0.01725767220000
N           -1.27221500230000        1.06666939660000        0.00165480230000
C           -2.23229981500000        2.16656245330000       -0.00245172030000
C           -1.84872931540000       -0.19179276200000        0.00496135950000
O           -3.03273030250000       -0.36103538130000        0.00858583760000
N           -0.96599111670000       -1.30060631840000        0.00174701630000
C           -1.52030655580000       -2.64076660390000       -0.00239033190000
H            3.71480285180000        1.18589984860000        0.98803183970000
H            3.97079415090000        0.99383197990000       -0.75543416370000
H            2.68321036910000        2.07051068580000       -0.15067179540000
H            3.52469367910000       -1.66989040330000       -0.01523639120000
H           -1.67672429040000        3.10039111610000        0.00486339690000
H           -2.85755792270000        2.10547813320000       -0.89185337000000
H           -2.87119733260000        2.09858159720000        0.87661144540000
H           -1.20589108080000       -3.18768007210000        0.88663215920000
H           -1.21982032550000       -3.17678505510000       -0.90288069810000
H           -2.60531402170000       -2.54255916880000        0.00649952960000
H            1.32879827740000       -2.95942079410000       -0.01653446370000
25
 energy: -53.306001923139 gnorm: 12.285550322925 xtb: 6.6.1 (8d0f1dd)
C            3.21724012738595        1.13616801377049        0.01838024021187
N            2.27233921240267        0.04704189310213        0.00033509195518
C            2.54363137542167       -1.24021325945234       -0.00835211815573
N            1.39332407275479       -1.94105271009000       -0.00842021485696
C            0.35130262343157       -1.07713668798929        0.00054012919370
C            0.95439769087035       -0.16206973939456        0.00384600944433
C            0.07918455198662        1.39048040151742       -0.00280452773620
O            0.48774794416593        2.53051487584384       -0.01723977093907
N           -1.27210229798380        1.06662221321135        0.00165581615654
C           -2.23220755152400        2.16655666837044       -0.00245070919935
C           -1.84860796283685       -0.19178048536973        0.00495942593177
O           -3.03281831878566       -0.36101810297450        0.00858568744160
N           -0.96648558595679       -1.30063721219988        0.00174980491203
C           -1.52038680701692       -2.64073894889825       -0.00238889266341
H            3.71479548005798        1.18591140044774        0.98802221409001
H            3.97077720849471        0.99385521852805       -0.75541900143198
H            2.68316270542972        2.07050842588924       -0.15067589255526
H            3.52477538337061       -1.66995142871699       -0.01523668814316
H           -1.67671442456507        3.10040308534762        0.00486219975061
H           -2.85756662534550        2.10547905156848       -0.89185757781231
H           -2.87120648422147        2.09858310147684        0.87661383422251
H           -1.20589068401667       -3.18768093937296        0.88663200898306
H           -1.21981941047664       -3.17678677529334       -0.90287837164624
H           -2.60532194519000       -2.54256329471415        0.00649988594205
H            1.27688123624682       -2.58225622300766       -0.01378696519558
25
 energy: -67.633026920156 gnorm: 19.578112970646 xtb: 6.6.1 (8d0f1dd)
C            3.21650995616938        1.13649173624110        0.01839520869878
N            2.27431971391925        0.04266426106746        0.00029924939588
C            2.54573221306579       -1.24113787856664       -0.00836480860516
N            1.40141668801501       -1.89859708009663       -0.00805718665277
C            0.34225349075119       -1.09628575823141        0.00045127951899
C            1.01140107453326       -0.53398079434013        0.00097259949193
C            0.08118516799872        1.38443584629051       -0.00277970944561
O            0.48813858984468        2.52865540725753       -0.01721393855329
N           -1.27152738746470        1.06667659395452        0.00165527298302
C           -2.23226057043987        2.16651273898312       -0.00245085641549
C           -1.84849836091987       -0.19212092627788        0.00495774134104
O           -3.03280828101500       -0.36107711905163        0.00858428440473
N           -0.96752298192052       -1.30082162845828        0.00175119810565
C           -1.52037041702963       -2.64080405821221       -0.00238763842899
H            3.71470493167561        1.18600773306549        0.98801496702248
H            3.97067583254993        0.99395757515927       -0.75540996675267
H            2.68306426697752        2.07059543678067       -0.15068120713803
H            3.52491602595521       -1.67005676369869       -0.01523747309107
H           -1.67684050123499        3.10035067231978        0.00486049801656
H           -2.85763989196655        2.10537747916442       -0.89186139407678
H           -2.87128059445073        2.09848254663099        0.87661334933580
H           -1.20578974201550       -3.18773893690300        0.88663603200727
H           -1.21971761227477       -3.17684596646798       -0.90288091554884
H           -2.60523401962303       -2.54267109385436        0.00649947348108
H            1.21560392299961       -2.21983148115601       -0.01119444119449
25
 energy: -87.423142497895 gnorm: 25.062609115694 xtb: 6.6.1 (8d0f1dd)
C            3.21534376919201        1.13838797453700        0.01844232827962
N            2.27483047511713        0.04237483746670        0.00028080713417
C            2.55041305468834       -1.24089448500136       -0.00836464447227
N            1.51796164037728       -1.70251320414689       -0.00611550183175
C            0.30284201293694       -1.12851394870362        0.00042810969667
C            1.09518558241388       -0.89292136989285       -0.00187163060348
C            0.08130053997116        1.38151245943156       -0.00277125563568
O            0.48698776037143        2.52811881156935       -0.01720921155264
N           -1.27193744959551        1.06580851873221        0.00164309903811
C           -2.23359539278104        2.16530622112191       -0.00246932079146
C           -1.84851647141260       -0.19279189418363        0.00494520084508
O           -3.03258868946071       -0.36282345511886        0.00856520001172
N           -0.96784817137347       -1.30201075651933        0.00174739688097
C           -1.51909315003459       -2.64180891566901       -0.00239170473275
H            3.71397268252299        1.18790367980643        0.98804446835583
H            3.97002878380455        0.99596858767469       -0.75540253697212
H            2.68188698592466        2.07197807501189       -0.15067421027346
H            3.52586452128743       -1.66847613787113       -0.01521710809247
H           -1.67854791340629        3.09938027647251        0.00484233161928
H           -2.85880725988705        2.10378581069061       -0.89189051371883
H           -2.87245572011334        2.09688891821618        0.87659522134926
H           -1.20415189564556       -3.18846640000244        0.88664084597835
H           -1.21807402521349       -3.17758488066264       -0.90288777267689
H           -2.60392472902978       -2.54414420103095        0.00648805570307
H            1.05335457344562       -2.01622598032834       -0.01022603563833
25
 energy: -113.662655901595 gnorm: 25.599552490126 xtb: 6.6.1 (8d0f1dd)
C            3.21575112106260        1.13701556619825        0.01845676755360
N            2.27577190263459        0.03982569873846        0.00023558099643
C            2.56023503840512       -1.24109719592019       -0.00841429181006
N            1.56928797431526       -1.70880948244614       -0.00595324975409
C            0.24724153723867       -1.14135719931906        0.00059033981369
C            1.11997323370755       -1.25021232162608       -0.00484147909632
C            0.08283369678804        1.37910596803780       -0.00275881239486
O            0.48859067666976        2.52712764734220       -0.01719623780577
N           -1.27113860853923        1.06638375838943        0.00165271429310
C           -2.23248895013033        2.16662339743431       -0.00244932521557
C           -1.84885381721881       -0.19111677205352        0.00495685332470
O           -3.03282447324186       -0.36119980980849        0.00858469234568
N           -0.97029110502914       -1.30169153331185        0.00175420207827
C           -1.52061007600607       -2.64104138094822       -0.00238638848854
H            3.71463312735266        1.18596495956432        0.98802546348056
H            3.97055986639923        0.99388931515039       -0.75543179054854
H            2.68303886610280        2.07059317968668       -0.15069054208871
H            3.52553880070762       -1.67052300156808       -0.01524706865517
H           -1.67682909390710        3.10034785829123        0.00485995496916
H           -2.85763051695720        2.10540356250203       -0.89187294804219
H           -2.87127229214331        2.09851166126277        0.87662291268518
H           -1.20583053771677       -3.18776116623479        0.88665172932363
H           -1.21975755403460       -3.17686848535346       -0.90289404705667
H           -2.60527350105173       -2.54267693392064        0.00650001399837
H            1.01977619869226       -1.63819874848734       -0.00758342600591
25
 energy: -119.178921991771 gnorm: 13.869109748569 xtb: 6.6.1 (8d0f1dd)
C            3.21823448056956        1.13117925145228        0.01840195888370
N            2.27628915334245        0.03936631403883        0.00021109348676
C            2.57379089551117       -1.24202493151474       -0.00850679650918
N            1.71218876887881       -1.80506552199755       -0.00603436219202
C            0.17461527560868       -1.13687930372325        0.00094516671509
C            1.01778248050842       -1.54573088338226       -0.00758130208414
C            0.08359787095410        1.38315621870458       -0.00278483556293
O            0.49325039933663        2.52604684973942       -0.01719072183864
N           -1.26862423134532        1.06883978747206        0.00168556929792
C           -2.22842015891321        2.17109483538759       -0.00238999442675
C           -1.84945025690694       -0.18702324968659        0.00500019536924
O           -3.03357078362609       -0.35534049102284        0.00865195922820
N           -0.97610566156330       -1.29958575201047        0.00177828808459
C           -1.52560530332593       -2.63811611406491       -0.00236116405377
H            3.71703259831816        1.17925788166656        0.98796759851226
H            3.97257052417845        0.98670608485321       -0.75552824791708
H            2.68709459289290        2.06579376220464       -0.15073953955713
H            3.52348907492538       -1.67704682817012       -0.01533304804995
H           -1.67088952313559        3.10372336527513        0.00491095350577
H           -2.85355439057208        2.11098393803833       -0.89181261754007
H           -2.86717187210729        2.10411202730786        0.87670630233085
H           -1.21161250490610       -3.18528502115790        0.88667592449690
H           -1.22555694861758       -3.17435945422148       -0.90288434488292
H           -2.60989647778309       -2.53759677339433        0.00654870945205
H            1.03095351187783       -1.26796745019404       -0.00516512684874
25
 energy: -104.003342431165 gnorm: 324.632070800676 xtb: 6.6.1 (8d0f1dd)
C            3.21840217282157        1.12919757051846        0.01835361243268
N            2.27958491050657        0.03762491149464        0.00021996004457
C            2.60485141206530       -1.22824882011511       -0.00858986916129
N            1.87214994454302       -1.88561495974969       -0.00569696542632
C            0.10829598072403       -1.11876198124263        0.00146332059835
C            0.93007101321636       -1.39382387213227       -0.00715607698463
C            0.08512851791469        1.37978793683064       -0.00278417305478
O            0.49520859985318        2.52303872671400       -0.01714683684713
N           -1.26653545265065        1.06939123720500        0.00170035227603
C           -2.22715925639115        2.17259898887190       -0.00236594416092
C           -1.85007956294909       -0.18617059977254        0.00501407499027
O           -3.03430087236960       -0.35333974669998        0.00867236970140
N           -0.98979281265582       -1.29893417251377        0.00180261136261
C           -1.52779316414718       -2.63730312625243       -0.00235626227050
H            3.71779931058652        1.17722935611563        0.98797111302284
H            3.97326334714808        0.98457088647721       -0.75555720743516
H            2.68827498789993        2.06429788958717       -0.15075370197003
H            3.52483922365922       -1.67898852478078       -0.01537150881765
H           -1.66912258509826        3.10480266569225        0.00493455939214
H           -2.85230229586261        2.11268557237320       -0.89180643200350
H           -2.86591313210878        2.10581631845273        0.87675297687802
H           -1.21336331425032       -3.18450447460989        0.88665700079496
H           -1.22731173594552       -3.17356460656479       -0.90286974751117
H           -2.61141264982080       -2.53614138401465        0.00655718363153
H            0.99764892741131       -1.36740725028429       -0.00647279158233
25
 energy: -118.956288436303 gnorm: 21.000404959549 xtb: 6.6.1 (8d0f1dd)
C            3.21964995372134        1.12537523519635        0.01829911200645
N            2.28122662151103        0.03560728051850        0.00021370361879
C            2.61953596709148       -1.22261210710628       -0.00867233686951
N            1.95345063607321       -1.93431721661070       -0.00558728270028
C            0.07898104801013       -1.10540954394987        0.00172339205815
C            0.81207015215275       -1.26264930730810       -0.00695633922694
C            0.08683356073833        1.37913652701168       -0.00277094832705
O            0.49848345626827        2.52129134696012       -0.01709875101018
N           -1.26447888290880        1.07088988824702        0.00173582530659
C           -2.22450425483906        2.17544242755632       -0.00230004329359
C           -1.85038808560617       -0.18410072855385        0.00504284065271
O           -3.03495808204725       -0.34948131363498        0.00871425552314
N           -0.99829821454269       -1.29755677800002        0.00181353580722
C           -1.53116553174491       -2.63539560223857       -0.00236751488030
H            3.71933307041815        1.17299717023566        0.98794037383128
H            3.97457455503119        0.98008144447138       -0.75559466443452
H            2.69080106141982        2.06123530499599       -0.15075783477267
H            3.52416594868335       -1.68296583226904       -0.01544696318166
H           -1.66539881558270        3.10697186446087        0.00500564477453
H           -2.84971760779715        2.11621555411144       -0.89172970600442
H           -2.86331111962206        2.10933985866257        0.87682253999955
H           -1.21699595384866       -3.18293801957483        0.88662789740338
H           -1.23095720388730       -3.17195556207651       -0.90288600228688
H           -2.61438588898227       -2.53297775550341        0.00656251088484
H            1.04588512438996       -1.47398559400174       -0.00716162697862
25
 energy: -119.172750816429 gnorm: 20.136594742090 xtb: 6.6.1 (8d0f1dd)
C            3.21956154616611        1.12761271527729        0.01840006023935
N            2.27801183359206        0.04679180579486        0.00026736155733
C            2.62923424558874       -1.20716331468809       -0.00871433765398
N            1.84239523811606       -1.87961609025040       -0.00556550247684
C           -0.02226675468672       -1.08887161559251        0.00287281579301
C            1.01698463565959       -1.58636067236445       -0.01032798588180
C            0.08005969149371        1.39298496286863       -0.00281407358936
O            0.49549264653601        2.52316799595212       -0.01705352131421
N           -1.26551209991209        1.06975293203198        0.00175944767451
C           -2.22645554477271        2.17363775147349       -0.00226702885051
C           -1.85106552301381       -0.18547184398819        0.00501769831780
O           -3.03490378788677       -0.35180841259398        0.00867714047963
N           -1.00743451467225       -1.29887232766734        0.00179395809803
C           -1.52911353808062       -2.63693762091566       -0.00244737382417
H            3.71831666605779        1.17574369308807        0.98803334530246
H            3.97371561801033        0.98304273343080       -0.75557794386288
H            2.68922728493682        2.06322070964257       -0.15066612785147
H            3.52708655402364       -1.68026343155631       -0.01546161987387
H           -1.66791469543669        3.10559220085687        0.00507098007755
H           -2.85140442683568        2.11391498136103       -0.89169512368084
H           -2.86500754620760        2.10697574356931        0.87684165931982
H           -1.21457098467039       -3.18396745872927        0.88653262694399
H           -1.22852244389756       -3.17295428651749       -0.90299149699809
H           -2.61250105980979       -2.53510844959849        0.00646621093540
H            1.06701847380180       -1.25680415928484       -0.00497955098087
25
 energy: -119.269644219184 gnorm: 46.579367792248 xtb: 6.6.1 (8d0f1dd)
C            3.22074660695992        1.12482129259440        0.01828455762596
N            2.27877093006089        0.05282006307863        0.00033120805172
C            2.66550672073092       -1.18364284399535       -0.00874353120636
N            1.91643655645003       -1.94310368181104       -0.00508365926365
C           -0.10339127715936       -1.06354435780125        0.00393731258641
C            0.97298875875215       -1.45388271985687       -0.00834084059173
C            0.07727413167504        1.40082952629608       -0.00296117166462
O            0.49727812397315        2.52161655218328       -0.01717849288869
N           -1.26346079284599        1.07051833736517        0.00169841023297
C           -2.22485165007951        2.17564272130450       -0.00238149046071
C           -1.85299669298253       -0.18359284380498        0.00503018785243
O           -3.03614548584259       -0.34898601923251        0.00869623879942
N           -1.04186350871864       -1.30157423809897        0.00187189061925
C           -1.53231429037219       -2.63624367006120       -0.00231319284266
H            3.71937774004333        1.17299254192050        0.98802275175361
H            3.97466726902619        0.98000358946311       -0.75567588257280
H            2.69096534322277        2.06118974203112       -0.15077957939784
H            3.53017400816269       -1.68281950548919       -0.01540121696526
H           -1.66548719298287        3.10703895339866        0.00490735626845
H           -2.84967886387865        2.11620548884629       -0.89183096925651
H           -2.86328758716951        2.10937360279160        0.87675178037706
H           -1.21696191532843       -3.18281419472375        0.88666212944852
H           -1.23090409304103       -3.17188303547217       -0.90279404546830
H           -2.61463513698019       -2.53316813502127        0.00659621602030
H            1.11222381242443       -1.38955862430479       -0.00813434915699
25
 energy: -120.680590841957 gnorm: 26.423191247099 xtb: 6.6.1 (8d0f1dd)
C            3.21824297905155        1.12486243996974        0.01757770543778
N            2.29066978658053        0.04116076344702        0.00039431663844
C            2.72147714702291       -1.13810581620826       -0.00800932204184
N            1.96214661392014       -2.03667570840988       -0.00325397941885
C           -0.02302840244842       -1.02664949484449        0.00539002214205
C            0.92703351966712       -1.44329806007878        0.00991001445047
C            0.08562157497339        1.37481660387204       -0.00379696965459
O            0.50027276416158        2.51316978218670       -0.01865233712877
N           -1.25966868824594        1.07001687942702        0.00090210511827
C           -2.22451507408690        2.17616104710585       -0.00393082156803
C           -1.85869365996939       -0.18346621644236        0.00496416805925
O           -3.03909152205606       -0.34727220839117        0.00865799006336
N           -1.14338846708518       -1.31750988160999        0.00246404418254
C           -1.53626893958962       -2.63797675253475       -0.00084610854734
H            3.71956562477149        1.17351244521029        0.98754381602129
H            3.97510402426320        0.97954468653519       -0.75605930359873
H            2.69094225350347        2.06101297753661       -0.15195108978336
H            3.54076151226058       -1.68275506533147       -0.01424593449047
H           -1.66546352049409        3.10731412771921        0.00281651435915
H           -2.84945587831256        2.11580673003749       -0.89342123524530
H           -2.86318703275134        2.11006782832504        0.87522985125526
H           -1.21706122133583       -3.18195170839063        0.88837532587261
H           -1.23088022598337       -3.17213174201270       -0.90086534142845
H           -2.61552653864196       -2.53369159727675        0.00792727738820
H            1.05482288492469       -1.32772351824095       -0.02594909018294
25
 energy: -118.779274133719 gnorm: 22.831617572425 xtb: 6.6.1 (8d0f1dd)
C            3.21823096116242        1.12323558649088        0.01531442031879
N            2.29873426363095        0.05346926273003        0.00080141445628
C            2.82395316395905       -1.05747777804767       -0.00505165719505
N            2.00877807093909       -2.17581143618962        0.00242125722549
C            0.11760289324556       -0.96117613583431        0.00919800924062
C            0.90496106690226       -1.53129178233675        0.07910184772804
C            0.07969116428260        1.37951044889623       -0.00732712235545
O            0.50338249040580        2.50626150905974       -0.02445262533223
N           -1.25415854278462        1.06960921530330       -0.00207295582526
C           -2.22376603358254        2.17819055594595       -0.00963614685944
C           -1.87287263780780       -0.17864801400530        0.00477493146143
O           -3.04599580296790       -0.34257509852063        0.00853158730192
N           -1.37133114781504       -1.35841358793193        0.00465798732883
C           -1.54601450654339       -2.64202959540851        0.00456568258894
H            3.72045485383508        1.17375484157282        0.98573962467835
H            3.97651728148167        0.97570443650872       -0.75774730325285
H            2.69249941726112        2.05925371838798       -0.15627104449282
H            3.56300650601903       -1.68474633000545       -0.00995815781063
H           -1.66382450341488        3.10864921183784       -0.00488122311689
H           -2.84785103705607        2.11556916870977       -0.89917553116082
H           -2.86201886673546        2.11388721450533        0.86955932516349
H           -1.21885371617599       -3.17864173761422        0.89492263131273
H           -1.23223322375030       -3.17289283432531       -0.89391788907738
H           -2.61876798420301       -2.53363765725450        0.01287404509136
H            1.01030738381237       -1.22151464087438       -0.09079948951746
25
 energy: -121.463384572409 gnorm: 8.574325706359 xtb: 6.6.1 (8d0f1dd)
C            3.21905567360076        1.12397005517186        0.01659306279988
N            2.29797159961040        0.05898288877116        0.00067546489855
C            2.80864978584064       -1.07447296100926       -0.00717549515519
N            2.02881130764395       -2.15264133672034       -0.00021579729683
C           -0.02086712866105       -0.94500922839705        0.00666562354752
C            0.93828247155648       -1.50975782949274        0.03562427674108
C            0.07659599201808        1.38642725260447       -0.00524722369597
O            0.50305578761438        2.50435968346043       -0.02072571606177
N           -1.25348408616280        1.06945970316692       -0.00018151396546
C           -2.22353095571627        2.17810988570267       -0.00601343148593
C           -1.87332246480530       -0.17875578807095        0.00491287824224
O           -3.05004131283815       -0.34066809656107        0.00867411161889
N           -1.30862169959225       -1.34150183607018        0.00312388984920
C           -1.54681579090629       -2.64466347041555        0.00114535208901
H            3.72054652390325        1.17247029680019        0.98696207259811
H            3.97634660656815        0.97699946859738       -0.75679758511865
H            2.69242605696888        2.05962617358197       -0.15361450202225
H            3.56621456407041       -1.68564174419853       -0.01286319360713
H           -1.66394076720556        3.10868361052860       -0.00000784770550
H           -2.84804482343834        2.11676356991614       -0.89558201499992
H           -2.86192095675824        2.11253593933251        0.87322590968640
H           -1.21858669275213       -3.18000458776709        0.89081462996176
H           -1.23227037532061       -3.17172083998399       -0.89828046982060
H           -2.61958587034774       -2.53464052950600        0.00979120813479
H            1.05350806920934       -1.29067173784156       -0.05033207133221
25
 energy: -121.152399156453 gnorm: 15.226034526081 xtb: 6.6.1 (8d0f1dd)
C            3.21600249734249        1.12777810125094        0.01625618394746
N            2.31535782249233        0.03842045104856        0.00071038128722
C            2.83064334351333       -1.05579982816472       -0.00709296712412
N            2.04817839371454       -2.21761444598907        0.00085512520394
C            0.02529274366274       -0.92559662668446        0.00874817312600
C            0.88393377112208       -1.40977531212617        0.04045795251800
C            0.08858090632249        1.34403245072527       -0.00539011484374
O            0.50726571621444        2.49040231210622       -0.02101140485554
N           -1.24891871169474        1.06884771522967       -0.00042760199177
C           -2.22326798703883        2.17757629492459       -0.00649964727591
C           -1.88357488041924       -0.17941070331367        0.00477727255113
O           -3.06100737530080       -0.33548610909251        0.00868356587337
N           -1.31663417315032       -1.33344144897203        0.00328285555756
C           -1.55300621613084       -2.65178195019049        0.00152793502854
H            3.72020882931293        1.17433784268652        0.98683812152987
H            3.97636898678339        0.97890695968557       -0.75673351708777
H            2.69136687688716        2.06094603054790       -0.15399177062508
H            3.58522754049417       -1.68533488324438       -0.01261682916219
H           -1.66547249335119        3.10835337433438       -0.00066723682261
H           -2.84878637852691        2.11538631021893       -0.89619400585583
H           -2.86272440552089        2.11147969068506        0.87282143029256
H           -1.21704324663767       -3.18011979210528        0.89140810672272
H           -1.23070290688303       -3.17225237430801       -0.89782512609308
H           -2.62137221498519       -2.53856835519141        0.01016197816396
H            1.00451507587755       -1.29304716246140       -0.05690724216469
25
 energy: -121.702926802042 gnorm: 1.082295803703 xtb: 6.6.1 (8d0f1dd)
C            3.22140931828074        1.12771538783635        0.01584412026796
N            2.30224469836233        0.07187507912153        0.00091671326612
C            2.81405255203359       -1.07820057148588       -0.00638393320064
N            2.01930038495556       -2.16005843012680        0.00222075252897
C           -0.07867296525577       -0.91906760738443        0.00882285764952
C            0.96169689548404       -1.48099124825728        0.05812790981320
C            0.06715430166655        1.39504963570230       -0.00650777008747
O            0.50535769660884        2.49661931013286       -0.02252066086337
N           -1.25049645163170        1.06943353492124       -0.00115830101157
C           -2.22283159300231        2.17866238705081       -0.00784176003485
C           -1.88879330636260       -0.17394516728154        0.00475607647142
O           -3.06726654322654       -0.33134965599019        0.00870771425184
N           -1.30289374620349       -1.33197676247422        0.00376686311410
C           -1.55630537564040       -2.65523991442160        0.00281672177437
H            3.72066427457847        1.17319800854136        0.98623169043224
H            3.97675807606880        0.97664152578873       -0.75714777282480
H            2.69290228028792        2.05971333595529       -0.15504866380766
H            3.59067951342650       -1.68816216029235       -0.01169226873613
H           -1.66401637420106        3.10914787093796       -0.00248723642332
H           -2.84761917897438        2.11632128088366       -0.89747830741586
H           -2.86164744444841        2.11340217772605        0.87143850001975
H           -1.21844921075099       -3.17896061409920        0.89315116536357
H           -1.23203301387175       -3.17208849177095       -0.89631007859502
H           -2.62416128510846       -2.53885390253904        0.01137804985309
H            1.10339801102453       -1.36064646687466       -0.07243076390545
25
 energy: -121.682928842924 gnorm: 2.108149154254 xtb: 6.6.1 (8d0f1dd)
C            3.22026184525522        1.12988584985531        0.01553781604041
N            2.31475479844338        0.06081821643413        0.00094719919165
C            2.85662252288502       -1.04997517280383       -0.00638704964194
N            2.09526187443629       -2.23236315751104        0.00424740763574
C           -0.08802761358923       -0.88522652029289        0.01053474698297
C            0.92441412956337       -1.45917706748482        0.06461327845486
C            0.07136459425035        1.37132137965232       -0.00680219689612
O            0.50968112690871        2.48684674296412       -0.02301175871366
N           -1.24717611363596        1.06949395851083       -0.00147252186435
C           -2.22221214411105        2.17936087780737       -0.00845884619220
C           -1.89923229668189       -0.17230046944482        0.00461974192190
O           -3.07726595834655       -0.32547637448102        0.00874854066071
N           -1.34449644221233       -1.33323112061335        0.00389658573179
C           -1.56277870323925       -2.66000552531338        0.00334851914927
H            3.72104588911761        1.17350311498172        0.98611820729188
H            3.97744471987948        0.97669129734490       -0.75731974138781
H            2.69305267658068        2.05991773501603       -0.15557665140133
H            3.60736735542208       -1.68867902736588       -0.01139734276181
H           -1.66408642254502        3.10962221433822       -0.00331457387028
H           -2.84734032490154        2.11632244766691       -0.89812218041705
H           -2.86140821633836        2.11383689768302        0.87083665399374
H           -1.21841231902525       -3.17840584595446        0.89394768446205
H           -1.23197991353831       -3.17207190574773       -0.89569654026137
H           -2.62720018636509       -2.54144972255324        0.01190806173059
H            1.06077663588762       -1.33102028108842       -0.08057342193964
25
 energy: -121.733009312514 gnorm: 0.440973733783 xtb: 6.6.1 (8d0f1dd)
C            3.22500407657067        1.13461123432981        0.01581622122219
N            2.31311372364284        0.08078993189593        0.00113087334669
C            2.84730747447106       -1.06865257294536       -0.00717831223869
N            2.09482421222596       -2.20619651656528        0.00597720695232
C           -0.14251110142141       -0.89070510000871        0.01306570991106
C            0.95645090801342       -1.49274155119976        0.05622154067150
C            0.05128631457995        1.39843278824565       -0.00669022550993
O            0.51222448256621        2.48489485165919       -0.02240137396999
N           -1.24736408305105        1.07051643732161       -0.00119855642421
C           -2.22174115514060        2.18020818418357       -0.00789266014481
C           -1.91853487561814       -0.16529823952551        0.00443119166317
O           -3.09728732485729       -0.31382134816665        0.00886963929909
N           -1.30961299195774       -1.32100982322654        0.00328122358481
C           -1.57331632603617       -2.66992521262238        0.00267135479358
H            3.72174523598056        1.17313711792000        0.98654312222607
H            3.97837125599937        0.97678286395165       -0.75732110692777
H            2.69407867845908        2.06043543030709       -0.15527506317055
H            3.63270539822491       -1.69088630031860       -0.01219389805615
H           -1.66387904910099        3.11043872730452       -0.00253694921676
H           -2.84678533313893        2.11713050726176       -0.89758477575881
H           -2.86080818096563        2.11425539228221        0.87141755689516
H           -1.21842055614661       -3.17818952739241        0.89364950564572
H           -1.23211157800647       -3.17162020037766       -0.89679609842208
H           -2.63350706337370       -2.54677296960249        0.01141243742730
H            1.09919937218071       -1.36757556311164       -0.07624694589891
25
 energy: -121.747827955738 gnorm: 0.517508146472 xtb: 6.6.1 (8d0f1dd)
C            3.22809154058978        1.13950202653061        0.01579908585010
N            2.31465417838222        0.08741098641376        0.00120856765702
C            2.83308829267613       -1.08704105483408       -0.00748861131143
N            2.06457320550862       -2.18209327535323        0.00813276219078
C           -0.12508373687130       -0.89878914972341        0.01578517581363
C            0.97062121707142       -1.50480828101169        0.05548263320496
C            0.03964118055505        1.40760962882023       -0.00686022576582
O            0.51500541881705        2.48280246864048       -0.02241777097229
N           -1.24975983307365        1.07147482816886       -0.00124203347522
C           -2.22174040348090        2.18056028648358       -0.00795446174783
C           -1.93456422601835       -0.16080728000601        0.00419146034513
O           -3.11243830795459       -0.30493868552079        0.00895027231850
N           -1.28599329922619       -1.31462999674402        0.00284810015159
C           -1.58035677443935       -2.67611256721988        0.00259556579134
H            3.72209188812218        1.17403332342960        0.98674834370247
H            3.97895933668483        0.97774337453237       -0.75739168039528
H            2.69430580086889        2.06174567409919       -0.15542884775946
H            3.65261691378836       -1.69038678754957       -0.01243263645755
H           -1.66449538646474        3.11075401773148       -0.00259874080370
H           -2.84682136888737        2.11692808676147       -0.89767223831638
H           -2.86084364040692        2.11410179913959        0.87136872471280
H           -1.21781085196566       -3.17809249901587        0.89393845003450
H           -1.23156133363644       -3.17171473273886       -0.89702404478571
H           -2.63861571607294       -2.55184778111018        0.01145632084301
H            1.11686741953384       -1.38516586832364       -0.07882255292517
25
 energy: -121.775868417360 gnorm: 0.237546057509 xtb: 6.6.1 (8d0f1dd)
C            3.23462335754823        1.15147515813672        0.01579379694789
N            2.32744857381126        0.09194068089971        0.00138942957422
C            2.83758769824821       -1.10671875319923       -0.00864133499920
N            2.06821148366473       -2.18348117736598        0.01424373216416
C           -0.10551330984876       -0.88993661289369        0.02355893248010
C            0.97472098552125       -1.52080793327054        0.04811451188997
C            0.01684558192700        1.41083924331416       -0.00699810636149
O            0.52480411025448        2.47102013202906       -0.02197372500428
N           -1.25452490687532        1.07351678047445       -0.00115932920227
C           -2.22153062066210        2.18225369758217       -0.00773952325742
C           -1.97641414861816       -0.15140668909551        0.00357739962811
O           -3.15280938549439       -0.28082516380279        0.00916181415823
N           -1.26789483627647       -1.30183459680798        0.00150505805281
C           -1.59946334979166       -2.69033099848925        0.00203438216081
H            3.72340056865351        1.17603923456430        0.98750824254289
H            3.98098913402980        0.98027100627462       -0.75750311597310
H            2.69490417609496        2.06520596902658       -0.15560903852156
H            3.70779266789566       -1.68788762739278       -0.01339533971417
H           -1.66582388405792        3.11206176403343       -0.00225558339421
H           -2.84663879364355        2.11689443257725       -0.89751321501707
H           -2.86063456759826        2.11392866911157        0.87161247919260
H           -1.21663303894717       -3.17780099630726        0.89423817555275
H           -1.23056222659204       -3.17170801375723       -0.89807645589465
H           -2.65288150206017       -2.56502976475173        0.01125935111204
H            1.12042774691690       -1.39943989929005       -0.08196092021717
25
 energy: -121.815587051515 gnorm: 0.299843088066 xtb: 6.6.1 (8d0f1dd)
C            3.24755360514621        1.17471456701792        0.01561713200699
N            2.35904004555351        0.09242529413802        0.00171933133843
C            2.86813889838245       -1.13448662941444       -0.01079615628100
N            2.10622454700077       -2.21378919862594        0.02802778385869
C           -0.07128562761774       -0.85765594943624        0.04088159731027
C            0.96948322438101       -1.54520462587310        0.03511695991663
C           -0.02529687418130        1.40871052990076       -0.00742087652822
O            0.54600309605961        2.44215061730828       -0.02123278741638
N           -1.26739025317585        1.07713618277219       -0.00112411530315
C           -2.22149424611229        2.18660935897491       -0.00754988611815
C           -2.05913703396239       -0.13572873955806        0.00225789991186
O           -3.23565871505927       -0.23071020896071        0.00957648362815
N           -1.25811038010343       -1.27725964704657       -0.00134466048499
C           -1.63661281784255       -2.71544257379491        0.00111714907340
H            3.72659576368112        1.18063400601890        0.98927775688138
H            3.98585177728284        0.98584821793239       -0.75797238415621
H            2.69589300751776        2.07303185789740       -0.15629651986767
H            3.82103403250788       -1.67980758077710       -0.01526500703553
H           -1.66852912069278        3.11524269884326       -0.00188244246664
H           -2.84618549568207        2.11697954481830       -0.89742995473893
H           -2.86014552699696        2.11389745086505        0.87187819530545
H           -1.21470613355153       -3.17706932295911        0.89498239078096
H           -1.22898342730357       -3.17180713351717       -0.89984140438954
H           -2.68361420071993       -2.59243177484861        0.01106866011671
H            1.11176336958850       -1.41774840007540       -0.09219352744250
25
 energy: -121.833006511565 gnorm: 0.198176045531 xtb: 6.6.1 (8d0f1dd)
C            3.25766344368841        1.18978611118450        0.01546412819029
N            2.38547982115836        0.08600898958165        0.00183818460945
C            2.89948649279678       -1.15147616844614       -0.01208112865363
N            2.14029708842177       -2.23931652818013        0.03944397350301
C           -0.05016896042589       -0.83108404749288        0.05558908573761
C            0.96498230307637       -1.56395929157777        0.02470183833772
C           -0.05325013266322        1.40718720137204       -0.00777505108044
O            0.56160889377135        2.41732053736360       -0.02066349142407
N           -1.28402775753247        1.07916453589640       -0.00113180854664
C           -2.22257994567435        2.19100757976784       -0.00747742370221
C           -2.11502618075821       -0.12863873935417        0.00120469498863
O           -3.29541493949951       -0.19326314563379        0.00983099358640
N           -1.26422317055682       -1.25847661013196       -0.00358187266291
C           -1.65969621434848       -2.72828737580983        0.00049658425370
H            3.72961769016304        1.18484726420311        0.99092906156692
H            3.99028652853189        0.99086469120494       -0.75852321097694
H            2.69627656407974        2.07995008009879       -0.15702160849909
H            3.90212192087095       -1.66991846643418       -0.01671044702255
H           -1.67059470380715        3.11822509121975       -0.00164913989818
H           -2.84594998247816        2.11734376189447       -0.89745798101870
H           -2.85986983626386        2.11420509730765        0.87207583958789
H           -1.21406478007642       -3.17647947518421        0.89519651994487
H           -1.22854805148885       -3.17195570284865       -0.90082563990215
H           -2.70826178434836       -2.61324371940341        0.01096989666825
H            1.10428720746307       -1.43157312899763       -0.10167037968722
25
 energy: -97.970626311827 gnorm: 29.690635172424 xtb: 6.6.1 (8d0f1dd)
C            3.25850052106016        1.18743929692503        0.01527543824280
N            2.38936175104295        0.07703315414438        0.00205798689263
C            2.90087135358054       -1.15387525664937       -0.01115216316686
N            2.12858437480276       -2.24703522075940        0.04467481226068
C           -0.06596351272103       -0.84862200501216        0.06586624240822
C            0.78155890866090       -1.74764761058082        0.20463914003032
C           -0.05265723547018        1.40655852209695       -0.00783930717904
O            0.56239587972706        2.41238630049964       -0.02069575985902
N           -1.29221230848683        1.07882828222463       -0.00124089114447
C           -2.22450189780283        2.19296905766633       -0.00759655979723
C           -2.11350117691172       -0.13187182099894        0.00078526153203
O           -3.29595784970789       -0.19098282354319        0.00977059594327
N           -1.27762642387304       -1.25497982152248       -0.00412313702460
C           -1.65684066305477       -2.72202287002749        0.00078022351795
H            3.73078762545049        1.18628052339921        0.99147654300085
H            3.99193807949101        0.99239960765583       -0.75907921247399
H            2.69602830971992        2.08133305182340       -0.15737802152111
H            3.90272305419417       -1.66431547959193       -0.01707091296857
H           -1.67084128543272        3.11932396940396       -0.00177978218699
H           -2.84629412436598        2.11787401420791       -0.89769165840719
H           -2.86019348530898        2.11481380097987        0.87215744548707
H           -1.21513070052206       -3.17614800991609        0.89469785401463
H           -1.22958059166540       -3.17185936542810       -0.90009352820543
H           -2.71119780165445       -2.61532806009332        0.01108546968779
H            1.33018071334792       -1.22431269530382       -0.29635446118373
25
 energy: -115.781588031643 gnorm: 28.146332259696 xtb: 6.6.1 (8d0f1dd)
C            3.25860246269168        1.18721324343717        0.01527419349125
N            2.39010432225502        0.07623124381986        0.00197699709948
C            2.90221203299844       -1.15381597144347       -0.01112314275485
N            2.12984666092603       -2.24524831524623        0.04456137453441
C           -0.06374953980155       -0.84604646271818        0.06526452387268
C            0.91338452441674       -1.62344955856785        0.08361654090166
C           -0.05253991369544        1.40648238971434       -0.00782276166829
O            0.56246810899264        2.41184505824461       -0.02066947433639
N           -1.29325992185435        1.07878950751564       -0.00123658362808
C           -2.22472483900939        2.19317463453396       -0.00758048999790
C           -2.11324144335532       -0.13250892520133        0.00081019237193
O           -3.29602588148614       -0.19070772938243        0.00976448711119
N           -1.27845236842618       -1.25499334799360       -0.00409253412232
C           -1.65644970953478       -2.72130019706642        0.00072470134914
H            3.73091256092457        1.18645215815772        0.99155631709777
H            3.99211781631630        0.99260706249329       -0.75913108258423
H            2.69597965214323        2.08153255008519       -0.15739525740384
H            3.90277767915425       -1.66368355139563       -0.01709440291021
H           -1.67088627792784        3.11943632589614       -0.00175479462928
H           -2.84634112629341        2.11792470452629       -0.89768683715171
H           -2.86023724505073        2.11485227700874        0.87219138478899
H           -1.21522081295774       -3.17612073339039        0.89460114739376
H           -1.22968111316217       -3.17184638724044       -0.90004855474771
H           -2.71154502657622       -2.61558714952134        0.01107099851809
H            1.19438091241233       -1.35299428466565       -0.17460532469551
25
 energy: -121.749429050705 gnorm: 4.934686274126 xtb: 6.6.1 (8d0f1dd)
C            3.25872700540566        1.18691557967966        0.01526685594290
N            2.39100085872149        0.07524292896150        0.00200224276440
C            2.90355267187214       -1.15382929847277       -0.01117300863878
N            2.13114664510770       -2.24487987662231        0.04482788682616
C           -0.06354847647078       -0.84562402375673        0.06582581552504
C            1.12519281925521       -1.41601866820149       -0.11442651143100
C           -0.05252972524548        1.40635600535786       -0.00783000580818
O            0.56257445181520        2.41125922877218       -0.02065497473315
N           -1.29433310166110        1.07878946583571       -0.00123970752529
C           -2.22496271125805        2.19341105744712       -0.00758372963454
C           -2.11297746761521       -0.13307973842008        0.00079779876214
O           -3.29605527666007       -0.19040427925878        0.00975827991075
N           -1.27930300278238       -1.25501761207161       -0.00402192498883
C           -1.65600021809642       -2.72051121443600        0.00072137891141
H            3.73105114758120        1.18664134660331        0.99163820696511
H            3.99231719790986        0.99281744702630       -0.75919630323416
H            2.69594782355677        2.08170948984432       -0.15742766326861
H            3.90287786677535       -1.66294190225429       -0.01711478702036
H           -1.67092559281353        3.11956697139440       -0.00175423158501
H           -2.84638899732321        2.11799213958508       -0.89770338771446
H           -2.86028374928087        2.11491935332238        0.87221013945870
H           -1.21535167846041       -3.17608725640025        0.89450726563764
H           -1.22980908160250       -3.17183298175739       -0.89997602197628
H           -2.71191026489870       -2.61586269288989        0.01107160751357
H            0.98042237026810       -1.56129292768823        0.02264639724084
25
 energy: -119.128570502953 gnorm: 59.520607583297 xtb: 6.6.1 (8d0f1dd)
C            3.25960967155889        1.18487438838508        0.01493885692723
N            2.39633888333406        0.06438069426414        0.00207599268881
C            2.91505368844857       -1.15484079257883       -0.01002617741595
N            2.13385637874301       -2.24294574253805        0.04543371972912
C           -0.05857769530575       -0.84296388321950        0.06703785596532
C            1.09096499328975       -1.44989174306699       -0.08632922966285
C           -0.05326104535893        1.40501409442008       -0.00778335714812
O            0.56365249124300        2.40526795203684       -0.02052482066504
N           -1.30397130362428        1.07875856965185       -0.00130340426328
C           -2.22748092414074        2.19577026060849       -0.00761523149319
C           -2.11104297080171       -0.13716210535299        0.00074353595090
O           -3.29640897126339       -0.18795290005163        0.00969447824220
N           -1.28696315454557       -1.25402267098578       -0.00400549766556
C           -1.65262348512553       -2.71318743272693        0.00069686492098
H            3.73230672760705        1.18834792774831        0.99231364502619
H            3.99426740569083        0.99486776896103       -0.75976391524283
H            2.69571558055397        2.08333117753267       -0.15771182950054
H            3.90510712532964       -1.65595746980475       -0.01729716508667
H           -1.67133412982983        3.12086454075437       -0.00172545890343
H           -2.84694879848347        2.11869616444877       -0.89788977069546
H           -2.86082088150184        2.11560516430557        0.87245526023168
H           -1.21660567158253       -3.17574969737170        0.89366968994401
H           -1.23102652113436       -3.17165554221590       -0.89929875234381
H           -2.71525600013321       -2.61867748204016        0.01106783028757
H            1.00588012113233       -1.53253269956399       -0.00768150192724
25
 energy: -121.805139895813 gnorm: 2.216129701696 xtb: 6.6.1 (8d0f1dd)
C            3.25968714362607        1.18472389586609        0.01489365107342
N            2.39676901254995        0.06327634729978        0.00210053492417
C            2.91639321066260       -1.15493969959537       -0.00989015198467
N            2.13441099868705       -2.24281205078882        0.04531852145294
C           -0.05773354667884       -0.84253947001672        0.06697519473773
C            1.11773091595238       -1.42208297128486       -0.11259502374351
C           -0.05339626377127        1.40486921723145       -0.00777641692928
O            0.56374424128865        2.40469201533112       -0.02051117530930
N           -1.30483963773274        1.07879872859650       -0.00130695265478
C           -2.22771476846143        2.19600044464017       -0.00761683171740
C           -2.11086961659377       -0.13749802403648        0.00074482432024
O           -3.29642216635695       -0.18774598612423        0.00969323299263
N           -1.28744170881392       -1.25407996013547       -0.00398671139352
C           -1.65231642887317       -2.71251896640514        0.00069946653101
H            3.73241532993493        1.18850493038099        0.99236907407696
H            3.99444237920430        0.99506180882884       -0.75981712475829
H            2.69570068205069        2.08347524905630       -0.15773897439129
H            3.90538185924183       -1.65528985921824       -0.01731019451313
H           -1.67138217889002        3.12097216396887       -0.00171959131491
H           -2.84700974438524        2.11876300031797       -0.89790532042036
H           -2.86087808604721        2.11566880953615        0.87248418317016
H           -1.21672663673069       -3.17572539855436        0.89359413443145
H           -1.23114117549095       -3.17163868449706       -0.89923751153440
H           -2.71555717322031       -2.61895063818954        0.01106967391137
H            0.97718487294803       -1.56074636060789        0.01864110694280
25
 energy: -121.821768889450 gnorm: 1.227821108315 xtb: 6.6.1 (8d0f1dd)
C            3.26047136312390        1.18240012334298        0.01450561953664
N            2.40320875186655        0.05118310785743        0.00222695507661
C            2.92978983377999       -1.15670892012173       -0.00846653702724
N            2.13820984953538       -2.24017996403497        0.04548451314746
C           -0.05296809474549       -0.83898737938181        0.06792862014670
C            1.10814537241852       -1.42398436792266       -0.11325053115175
C           -0.05567863462431        1.40251567192294       -0.00768669956557
O            0.56518213433505        2.39777480121329       -0.02035331447511
N           -1.31478262922480        1.07893544220204       -0.00138097012861
C           -2.23076009327744        2.19873872019723       -0.00763846406596
C           -2.10942139679461       -0.14171778222617        0.00070723348778
O           -3.29674571549022       -0.18496517054847        0.00962408358633
N           -1.29400475409700       -1.25282730295064       -0.00383241793020
C           -1.64910694553158       -2.70444733516016        0.00071042360788
H            3.73382248373965        1.19051030433505        0.99303183264435
H            3.99670757169703        0.99751347814808       -0.76046772704903
H            2.69556555863554        2.08498377741982       -0.15803862791711
H            3.90896469137274       -1.64731219359550       -0.01750140540780
H           -1.67189247262041        3.12251448091708       -0.00167148077309
H           -2.84782371992909        2.11968153657949       -0.89817269661976
H           -2.86165463701592        2.11655828406753        0.87284901387488
H           -1.21821765160154       -3.17520871710550        0.89256287178744
H           -1.23257548958170       -3.17129159596552       -0.89840129061567
H           -2.71901085616916       -2.62235879243736        0.01106492275323
H            0.97500699429888       -1.56508166515245        0.01733769097764
25
 energy: -121.843443552757 gnorm: 0.928361761981 xtb: 6.6.1 (8d0f1dd)
C            3.26265714090690        1.17550326525944        0.01337846990535
N            2.42389974282697        0.01553785527046        0.00257646390818
C            2.97005539289663       -1.16375668582915       -0.00401260424510
N            2.14999348053104       -2.23022515404526        0.04498537031445
C           -0.04231982248787       -0.82746555326389        0.07025112604079
C            1.08550995067609       -1.43467833384627       -0.11406532121846
C           -0.06603502711591        1.39318700829714       -0.00740301677087
O            0.57008312870875        2.37620969744654       -0.01982238137583
N           -1.34267823174286        1.07986407595158       -0.00164870701390
C           -2.24042843100634        2.20712815108833       -0.00772938307830
C           -2.10681601764542       -0.15354526673552        0.00060436011426
O           -3.29777211074035       -0.17631205638008        0.00935202714389
N           -1.31001459916785       -1.24796594508196       -0.00317780799794
C           -1.64080451725369       -2.67983870555507        0.00079618482090
H            3.73804517926775        1.19684122851369        0.99495132982328
H            4.00377199821492        1.00524914558670       -0.76249337528260
H            2.69540173451220        2.08879439826070       -0.15885102881033
H            3.92305569312762       -1.62330340625300       -0.01788080873084
H           -1.67356028818123        3.12745216311965       -0.00152169871729
H           -2.85072875785042        2.12283089652160       -0.89923215106870
H           -2.86445062239027        2.11968440771925        0.87411005088967
H           -1.22286146368393       -3.17328178411856        0.88927014849353
H           -1.23704749345365       -3.16973771284805       -0.89565235387140
H           -2.72859296943099       -2.63315465475077        0.01099603295883
H            0.96206842458184       -1.57677849272743        0.01339069166855
25
 energy: -121.855868124071 gnorm: 0.529032528780 xtb: 6.6.1 (8d0f1dd)
C            3.26397045982809        1.17060333914573        0.01258437517630
N            2.43967709225718       -0.00781636367754        0.00278568986273
C            2.99790497567104       -1.17051678385817       -0.00061390268936
N            2.15878538459780       -2.22171295269792        0.04367933040674
C           -0.03772937161812       -0.81757573446907        0.07133420387311
C            1.06310699158499       -1.43649896381439       -0.11596663704965
C           -0.07653035466248        1.38455124512565       -0.00708375759661
O            0.57378871096824        2.35952889545871       -0.01938882274012
N           -1.36037375948137        1.08112860973794       -0.00186206430197
C           -2.24774690710228        2.21339535792690       -0.00776306212076
C           -2.10740038595323       -0.16055770859600        0.00060975454518
O           -3.29881439340654       -0.17011182160738        0.00913008531218
N           -1.31717621039444       -1.24398185329148       -0.00250029025454
C           -1.63659421027988       -2.66292139555008        0.00082571301231
H            3.74100217531661        1.20157277177245        0.99596627422696
H            4.00896972378341        1.01122795507491       -0.76386629396915
H            2.69564313779181        2.09033577897921       -0.15934903616972
H            3.93753347190527       -1.60658372266277       -0.01807382653328
H           -1.67499626367562        3.13106368646334       -0.00138256477880
H           -2.85346213872970        2.12555578812435       -0.90019945074067
H           -2.86708233507940        2.12235829993944        0.87527871065260
H           -1.22636704993499       -3.17134262474641        0.88668956107642
H           -1.24043717669483       -3.16803207689703       -0.89345415908061
H           -2.73437690250150       -2.64134331442921        0.01093326816876
H            0.95913684990979       -1.59408786985109        0.01285851961213
25
 energy: -121.786787955723 gnorm: 5.916872288486 xtb: 6.6.1 (8d0f1dd)
C            3.26690791457041        1.15916936735916        0.01077008012569
N            2.47885635346620       -0.05836919195852        0.00319936995941
C            3.06083815379182       -1.18958752634422        0.00782855678652
N            2.18049025419215       -2.19895990619679        0.03831163538986
C           -0.03287425689678       -0.78948852253754        0.07266705827472
C            1.00372277407988       -1.43778844059525       -0.11920796788236
C           -0.10668638487881        1.36057681573102       -0.00612319124391
O            0.58256109334957        2.31670540120883       -0.01823163485179
N           -1.39835919997265        1.08525715034945       -0.00245171720276
C           -2.26589575586827        2.22874573022779       -0.00782381748182
C           -2.11355357231997       -0.17393063178054        0.00075647943260
O           -3.30255953081286       -0.15533110365744        0.00849786804303
N           -1.32645503554437       -1.23343293191895       -0.00039874723319
C           -1.63003172140233       -2.62461138304027        0.00083717346694
H            3.74786247864979        1.21325700344459        0.99772696799793
H            4.02156326504997        1.02629685114658       -0.76695412495799
H            2.69688331902362        2.09164444207911       -0.16034408214169
H            3.98158386958541       -1.56843938885718       -0.01826892512836
H           -1.67889354894361        3.13983904775962       -0.00101240674179
H           -2.86126503239961        2.13299478622534       -0.90300307558671
H           -2.87463019752019        2.12967390110207        0.87856767680146
H           -1.23501538778907       -3.16555012772548        0.88014647406765
H           -1.24880956928259       -3.16263039060580       -0.88775539907473
H           -2.74601312095087       -2.66146790157992        0.01072898924994
H            0.96020435292288       -1.64633450823549        0.01270837783163
25
 energy: -121.872816047717 gnorm: 1.124186535747 xtb: 6.6.1 (8d0f1dd)
C            3.26904339032999        1.15175937000700        0.00993711750319
N            2.50437335441524       -0.08922963698001        0.00390696751324
C            3.09793715713016       -1.20079281228836        0.01262335106201
N            2.19153813212410       -2.18504897829928        0.03505278365547
C           -0.03166175778881       -0.77371021246481        0.07507662262164
C            1.00462856393371       -1.47172256664662       -0.11763275221156
C           -0.12268794156678        1.34561144607854       -0.00581919162956
O            0.58690435563330        2.28924980928381       -0.01742950879933
N           -1.42265595809028        1.08813329851354       -0.00311314022753
C           -2.27774990682763        2.23950162673981       -0.00812712141572
C           -2.11692689364167       -0.18190554709539        0.00057518645202
O           -3.30595752948274       -0.14532795157705        0.00762421110116
N           -1.33391152398732       -1.22644178067349        0.00139723036509
C           -1.62537999164628       -2.60107486822220        0.00141998379123
H            3.75258856507112        1.22114938166501        0.99939109915068
H            4.02972651075176        1.03558666310741       -0.76897921151394
H            2.69652384081932        2.09238437587315       -0.16113203850510
H            4.00920525157054       -1.54581513031293       -0.01775790583884
H           -1.68110434586113        3.14463332970038       -0.00103439222692
H           -2.86575673377408        2.13724252758948       -0.90489351802636
H           -2.87879768372754        2.13392045588028        0.88032280504895
H           -1.24076361980671       -3.16242101875721        0.87604595026307
H           -1.25358656295080       -3.15789176913486       -0.88380748645205
H           -2.75392398028306       -2.67387814304603        0.01078881524339
H            0.92882682175523       -1.64567332733996        0.00673576097613
25
 energy: -121.885179372317 gnorm: 0.370695625466 xtb: 6.6.1 (8d0f1dd)
C            3.26912029783576        1.15321171467969        0.01026081356058
N            2.50241530555247       -0.07465697027677        0.00383514879079
C            3.08516792294205       -1.20160764676745        0.01229537915961
N            2.19013665098192       -2.18713262208873        0.03336581149865
C           -0.03688749778495       -0.76971087981436        0.07370586695945
C            1.00878472807097       -1.47246372796101       -0.11515866206631
C           -0.12469263777157        1.34375705230325       -0.00553841053983
O            0.58526159132372        2.28845190069347       -0.01741804312876
N           -1.41416239827020        1.08897701255626       -0.00315281493384
C           -2.27673212128217        2.23831322902421       -0.00813229135954
C           -2.12243466983957       -0.17519345685027        0.00067824500910
O           -3.30811949947903       -0.14732976474245        0.00754975830240
N           -1.32375592250545       -1.22584407175079        0.00173987447505
C           -1.63080818123150       -2.60932266251647        0.00132528972161
H            3.75168980702789        1.22035630176605        0.99823534162297
H            4.02877392716871        1.03512387972038       -0.76827090146499
H            2.69728671859951        2.08891195539827       -0.16079932919429
H            4.01948584101823       -1.55208633801771       -0.01761728659275
H           -1.68134686012370        3.14407946303746       -0.00108096315750
H           -2.86685877741545        2.13801409511103       -0.90531830815906
H           -2.87991110807266        2.13465680257042        0.88061386384867
H           -1.24034446317391       -3.16119820284423        0.87621516296523
H           -1.25319880582061       -3.15659306969249       -0.88384225056979
H           -2.74988087144397       -2.67216993700498        0.01072877187537
H            0.93144253779315       -1.65030551493260        0.00695155127753
25
 energy: -121.904679206837 gnorm: 0.867385819134 xtb: 6.6.1 (8d0f1dd)
C            3.27138578143349        1.15198958197741        0.01047037059861
N            2.51633795592935       -0.05617194250541        0.00388445771681
C            3.07881122683656       -1.21179289761063        0.01472714001094
N            2.19497087675289       -2.18275923701565        0.02684409588942
C           -0.04730054543455       -0.74439433737024        0.07084760688947
C            1.00733806313362       -1.48856771272811       -0.10632407563670
C           -0.14134162069239        1.32762618457353       -0.00422085538447
O            0.58371700722695        2.26445417359162       -0.01682724284919
N           -1.40991719177019        1.09337428633988       -0.00360573779239
C           -2.28233868225383        2.24249500217256       -0.00824914950386
C           -2.13934732365887       -0.16283643163882        0.00097228791248
O           -3.31751633451835       -0.14637435571541        0.00693288891527
N           -1.30186467009630       -1.21845386179281        0.00356130396309
C           -1.64259933852615       -2.61538357121010        0.00109677406606
H            3.75265045809321        1.22378145002447        0.99597567067413
H            4.03226394975041        1.04102488945156       -0.76767433692418
H            2.69951244665819        2.07954132521995       -0.16039817306120
H            4.06712986557557       -1.55174646385396       -0.01700634952329
H           -1.68394151085414        3.14630133272513       -0.00111926402683
H           -2.87373868144665        2.14381605187100       -0.90776587247371
H           -2.88666078538304        2.14025057541311        0.88281625197096
H           -1.24331306468516       -3.15475447590380        0.87360316775367
H           -1.25599089000714       -3.14968837816298       -0.88111667706149
H           -2.74384333035677       -2.67621926415352        0.01050314148824
H            0.92602785239287       -1.67727338209855        0.00324419428858
25
 energy: -121.923497090024 gnorm: 0.957248125874 xtb: 6.6.1 (8d0f1dd)
C            3.27606485443576        1.14738853721585        0.01021586902679
N            2.54575086037275       -0.05096834699760        0.00412252622403
C            3.09384830086614       -1.22717931058725        0.01960920718510
N            2.20635251351347       -2.17132530838996        0.01808324185127
C           -0.05305707997406       -0.70631355567821        0.06824622010255
C            0.99311176206557       -1.52151424970901       -0.10252560195585
C           -0.16543170953699        1.30113701640773       -0.00236175299091
O            0.58389303891243        2.22176619488303       -0.01578422128072
N           -1.42112991240977        1.09928079339425       -0.00436205193706
C           -2.29445902151052        2.25207918011880       -0.00849372505340
C           -2.15788002580456       -0.15349618424303        0.00128862037245
O           -3.33135127425391       -0.14114005056744        0.00598265171774
N           -1.28444760577114       -1.20548391645229        0.00640149429176
C           -1.65262854389395       -2.60976378280844        0.00105064167519
H            3.75624218792215        1.23160708802487        0.99411525221697
H            4.04050049949766        1.05260883378199       -0.76799945978437
H            2.70201906270110        2.06906627047339       -0.16037271256872
H            4.13175900375680       -1.53850711598574       -0.01608006285515
H           -1.68822542661279        3.15163004862535       -0.00114921707335
H           -2.88419162956138        2.15304667683501       -0.91136016616199
H           -2.89684835168336        2.14924495845555        0.88613053079200
H           -1.24935155907857       -3.14560254593032        0.86896777430841
H           -1.26163626557082       -3.13989336681912       -0.87646908009566
H           -2.74123671188893       -2.68649463547139        0.01025623653865
H            0.91276454760645       -1.71293468697574        0.00365940335481
25
 energy: -121.951366823888 gnorm: 0.277831968054 xtb: 6.6.1 (8d0f1dd)
C            3.28534892597488        1.14086704639646        0.00977627392239
N            2.59353452166345       -0.04982938396434        0.00455579456886
C            3.12624812774171       -1.24684025902066        0.02636077561359
N            2.22461270182952       -2.15355900983289        0.00521622742795
C           -0.05346180153974       -0.64921550744785        0.06457789543734
C            0.96627645896654       -1.57671818485857       -0.10031582726152
C           -0.19653661206068        1.25933263579480        0.00044451767980
O            0.58443572878081        2.15394672177435       -0.01410313413875
N           -1.44766970426868        1.10753591196195       -0.00554655693127
C           -2.31357071035736        2.26725905599896       -0.00892227765595
C           -2.18111853974580       -0.14241151947888        0.00169706082347
O           -3.35345122974043       -0.13297491999780        0.00450738028644
N           -1.26755663691166       -1.18427474455184        0.01074109702639
C           -1.66379446460828       -2.59639602919129        0.00117105154729
H            3.76252361863414        1.24454885175835        0.99200495481364
H            4.05395099650734        1.07105718472385       -0.76885188248984
H            2.70490374877334        2.05437803118664       -0.16053151385881
H            4.22280934247618       -1.51464360329389       -0.01428007588152
H           -1.69523344605493        3.16032268864850       -0.00118916366360
H           -2.90025560222392        2.16745099593133       -0.91652369170645
H           -2.91251050263933        2.16342733177291        0.89083765336107
H           -1.25854863603538       -3.13181052684830        0.86223584248375
H           -1.27014863654780       -3.12474050266812       -0.86964692192443
H           -2.73994521583259       -2.70223232937691        0.00991992534380
H            0.88958908131803       -1.76624139381640        0.00703621307706
25
 energy: -121.983732475865 gnorm: 0.256672069860 xtb: 6.6.1 (8d0f1dd)
C            3.29973541288487        1.13515573912966        0.00926871992564
N            2.65476541476944       -0.05247508858201        0.00532774985650
C            3.17302115508238       -1.26570678811086        0.03339495337139
N            2.24468660499167       -2.13157532872065       -0.01030446048345
C           -0.04650661922368       -0.57809380918350        0.05904220010368
C            0.93168666680075       -1.64479573743592       -0.09182529016312
C           -0.22812734195588        1.20275282645800        0.00405521049940
O            0.58553014618646        2.06849450898486       -0.01179351103490
N           -1.48893897681604        1.11724790751071       -0.00705629729143
C           -2.33758235708545        2.28643089663805       -0.00946760449083
C           -2.20615484562525       -0.12998194038316        0.00231117075566
O           -3.38184971437095       -0.12393369970534        0.00265991748705
N           -1.25394508545118       -1.15635646370013        0.01585281397990
C           -1.67300912367036       -2.57711114021974        0.00160998688694
H            3.77145495028038        1.26144824344352        0.99069476563255
H            4.07179872423132        1.09443824749808       -0.77054275038174
H            2.70704909024208        2.03721841554305       -0.16097299958631
H            4.32718256598504       -1.48338085905185       -0.01141139032308
H           -1.70446095722626        3.17133182380505       -0.00117542334996
H           -2.92062971031410        2.18600209619477       -0.92246348643835
H           -2.93231290319563        2.18172100230625        0.89623337748985
H           -1.26951991237373       -3.11532956320032        0.85427498152218
H           -1.28027894805379       -3.10607736984511       -0.86163023581296
H           -2.73988848244896       -2.72007630843333        0.00944135445096
H            0.85672576045604       -1.83910906933964        0.00564786529530
25
 energy: -122.011835144555 gnorm: 0.300002056719 xtb: 6.6.1 (8d0f1dd)
C            3.32219222594488        1.13353235236615        0.00879325663274
N            2.72755120364876       -0.05985488578194        0.00667492395575
C            3.23517779955077       -1.27771073924314        0.03900130268009
N            2.26163377151742       -2.10823684938938       -0.02731716578494
C           -0.02901100931478       -0.49897389028536        0.05009591458956
C            0.89183767024357       -1.72538977068938       -0.07589874518877
C           -0.25347161079010        1.12852528440303        0.00834164141978
O            0.58672021080588        1.96892825616344       -0.00885008856849
N           -1.54695185022763        1.12862794019052       -0.00874319867294
C           -2.36500056019301        2.30787385636481       -0.01007414789500
C           -2.23107785173044       -0.11565889231715        0.00321309156989
O           -3.41500296124092       -0.11641927758115        0.00038871389988
N           -1.24822643408831       -1.12091925923535        0.02168563484446
C           -1.67788357142150       -2.55172874770845        0.00263754130769
H            3.78334437206816        1.28241915869715        0.99067154629881
H            4.09393543312513        1.12262765586404       -0.77302427838701
H            2.70674647168867        2.01841491528817       -0.16187767838287
H            4.43517809180103       -1.44679022635824       -0.00706898613742
H           -1.71599551763268        3.18406031502047       -0.00107391140064
H           -2.94510349324678        2.20854500593486       -0.92849577023828
H           -2.95607182319409        2.20408313638043        0.90170688960717
H           -1.28112187669375       -3.09634375019697        0.84639438226748
H           -1.29070216231768       -3.08343739292227       -0.85370032344343
H           -2.74209251263205       -2.73813862045674        0.00891420625682
H            0.81382749842841       -1.92979703290699       -0.00122313332924
25
 energy: -122.023541720985 gnorm: 0.347003024145 xtb: 6.6.1 (8d0f1dd)
C            3.34541475086537        1.14111329293230        0.00865354039046
N            2.77621919866511       -0.06825091270076        0.00844593597981
C            3.28184733805946       -1.26971680387401        0.03825014412951
N            2.26166168260119       -2.09661012867702       -0.03750856896473
C           -0.00575176351228       -0.45826119328250        0.04121778776815
C            0.86825524982862       -1.78400683846250       -0.06443352195651
C           -0.25370912706128        1.06854257068706        0.01120554964513
O            0.58710486543957        1.90609419115371       -0.00671761089131
N           -1.59324902637937        1.13456039497432       -0.00967831339598
C           -2.38128989056441        2.32013138559367       -0.01048831117238
C           -2.24087733550520       -0.10513676464655        0.00399348132183
O           -3.43861900599049       -0.11768783800885       -0.00112671416188
N           -1.25833346152124       -1.09412862733175        0.02517538316890
C           -1.67380264578581       -2.53319645299561        0.00404690348889
H            3.79319344858431        1.29759529228119        0.99259191015959
H            4.11019749738177        1.14211194115499       -0.77522210808823
H            2.70266779417269        2.00659151439014       -0.16306538974030
H            4.48294950137621       -1.42476456122772       -0.00266775656539
H           -1.72476847591191        3.19173964877058       -0.00106170870109
H           -2.96246064958502        2.22528281296196       -0.93081212866541
H           -2.97285966850462        2.22077354721107        0.90357242721855
H           -1.28635057095817       -3.08434604805569        0.84434366610291
H           -1.29504665312649       -3.06781517650307       -0.85142630652733
H           -2.74525959896605       -2.74350197147898        0.00866756898099
H            0.78329806049690       -1.98887473326534       -0.00478424162295
25
 energy: -122.027525797249 gnorm: 1.942170949890 xtb: 6.6.1 (8d0f1dd)
C            3.36247947019760        1.15335035329778        0.00893189551611
N            2.79338054240619       -0.07229237393318        0.01008471992617
C            3.30040807949461       -1.25089807222719        0.03273272052084
N            2.24881828327496       -2.09659644974645       -0.03968467906742
C            0.01217116511705       -0.46056702399826        0.03460131698500
C            0.86904870167122       -1.80225718534463       -0.04853822981492
C           -0.23806285904801        1.03661583296387        0.01209653839022
O            0.58713401219167        1.88948572837084       -0.00571265281737
N           -1.61256783067665        1.13389567345789       -0.00964927281514
C           -2.38474270118129        2.32189199542551       -0.01056863270689
C           -2.23960847385306       -0.09953007910609        0.00442522968075
O           -3.44800410335763       -0.12594775844421       -0.00166957871141
N           -1.27465524557451       -1.08215749534269        0.02586489329842
C           -1.66617294890288       -2.52595538580377        0.00518535593789
H            3.79887950395695        1.30432203294822        0.99533442781410
H            4.11785725277822        1.15009552728901       -0.77647257510015
H            2.69716626821196        2.00233148224997       -0.16401382148142
H            4.47335438327586       -1.42058965591786        0.00051588344423
H           -1.72904720687467        3.19344333439366       -0.00108298934421
H           -2.97015375806162        2.23362913836280       -0.92963299905059
H           -2.98030058462188        2.22909847740005        0.90218085879144
H           -1.28520627586962       -3.08039597568085        0.84746202740708
H           -1.29351967418321       -3.06139073272509       -0.85445973132158
H           -2.74697919218577       -2.73718244241235        0.00858887365707
H            0.76875470591334       -2.01416040387634       -0.01534796123698
25
 energy: -122.046506751257 gnorm: 0.460027038376 xtb: 6.6.1 (8d0f1dd)
C            3.38165343653937        1.17268949866168        0.00941716835382
N            2.79690413189698       -0.07508877568391        0.01217097181830
C            3.30850915553321       -1.21814775371748        0.02233221665259
N            2.22403386043855       -2.10295917794343       -0.03810394644141
C            0.03344001025628       -0.49070793846357        0.02731592074230
C            0.87575976363794       -1.81561499865238       -0.04744705660758
C           -0.20678975881212        1.01014955831019        0.01200054904768
O            0.58718503104205        1.89619017508612       -0.00521883222973
N           -1.62192723935679        1.12863149206762       -0.00904776090523
C           -2.38121010456789        2.31764662256308       -0.01054046918283
C           -2.23113623578204       -0.09483710337454        0.00481997772681
O           -3.45154300080305       -0.14162378354280       -0.00168734905837
N           -1.30002859575645       -1.07568082244425        0.02520690176418
C           -1.65360712483783       -2.52301631726428        0.00670635613119
H            3.80398838127958        1.30826986334032        0.99939921544407
H            4.12284017552058        1.15371718633855       -0.77774886281644
H            2.68885054980918        2.00130425054879       -0.16528978816139
H            4.42349719400698       -1.42631135364936        0.00408207247789
H           -1.73202307785401        3.19198738011813       -0.00126270415076
H           -2.97451157375756        2.23968369893963       -0.92581790776040
H           -2.98449447663475        2.23528132891904        0.89812899290641
H           -1.27952635867572       -3.07992178929031        0.85521398144213
H           -1.28770820851950       -3.05841152175663       -0.86174630163944
H           -2.74855759717133       -2.72101427330669        0.00879169369364
H            0.76683317666719       -2.01397690420289       -0.01050342134621
25
 energy: -122.055379092781 gnorm: 0.272505411640 xtb: 6.6.1 (8d0f1dd)
C            3.38753330803524        1.18354003957859        0.01021359878912
N            2.78525554041723       -0.06175409840188        0.01304316477071
C            3.29245877612369       -1.20223042961679        0.01507705433146
N            2.20861207697646       -2.10938280716899       -0.03536401956075
C            0.03809426631820       -0.51962767481055        0.02393458441039
C            0.89101587492435       -1.80783631792491       -0.04276696149317
C           -0.18788796303446        1.00566029543437        0.01119195538074
O            0.58587895109309        1.91586290662050       -0.00530528287088
N           -1.60688874416335        1.12344650952709       -0.00836322723233
C           -2.37386237840911        2.31096886713921       -0.01040612852816
C           -2.22946228730623       -0.09079322578343        0.00491230030293
O           -3.44805006005972       -0.15353315928925       -0.00139332443305
N           -1.30460993868273       -1.08069965784884        0.02381443081284
C           -1.65080883663537       -2.53022197456805        0.00709963024117
H            3.80490624308826        1.30706062631587        1.00135859396837
H            4.12227966162623        1.15139232479111       -0.77799230454096
H            2.68485289888643        2.00134713929423       -0.16559534977048
H            4.38150894497992       -1.44011353361048        0.00551645073532
H           -1.73186382916300        3.18853692587291       -0.00142634813275
H           -2.97391261017931        2.24043162981588       -0.92263030111145
H           -2.98396797218801        2.23608900213528        0.89485452325204
H           -1.27379036504969       -3.08151396413823        0.86138310316243
H           -1.28211423263111       -3.05891515730987       -0.86742097707402
H           -2.74540009904960       -2.70658577096104        0.00897169811085
H            0.77065428818151       -2.00288995349215       -0.01153524561920
25
 energy: -122.065145774080 gnorm: 0.496458822102 xtb: 6.6.1 (8d0f1dd)
C            3.39287749476328        1.19496769006477        0.01148186384965
N            2.77209171520773       -0.03357940507947        0.01394567358499
C            3.26211109185137       -1.19154878304361        0.00675049910967
N            2.19574461549254       -2.11156949578935       -0.03380640130498
C            0.03412560900006       -0.55067344731419        0.01909633335114
C            0.90725390032152       -1.80344382843351       -0.03934434264955
C           -0.17423262344409        0.99621236772801        0.01006763352120
O            0.58348154261192        1.93536137539126       -0.00529975637307
N           -1.57445298692126        1.11657629442099       -0.00736614730526
C           -2.36546591691412        2.30347659463233       -0.01022154642406
C           -2.23782377991391       -0.08247521759951        0.00502208309231
O           -3.44281403426657       -0.16923672659625       -0.00107529047322
N           -1.29447562082798       -1.09011606306607        0.02237793704270
C           -1.65395154469507       -2.54069253697115        0.00709000387328
H            3.80688336423133        1.30696846191798        1.00330010629530
H            4.12355003333973        1.15089917331938       -0.77851013969056
H            2.68105126564052        1.99846848044540       -0.16579390929844
H            4.34109031567538       -1.46009069719995        0.00711223173682
H           -1.73184534396781        3.18427312276012       -0.00174474302068
H           -2.97494876294892        2.24331198456372       -0.91869371368102
H           -2.98513782502863        2.23891926171938        0.89079125829771
H           -1.26688388352723       -3.08083461171425        0.86900331941066
H           -1.27546979149408       -3.05712781752847       -0.87417338835167
H           -2.73775101578189       -2.68793785772832        0.00923391554611
H            0.77542369569517       -1.99186977729866       -0.00807186223796
25
 energy: -122.071479413243 gnorm: 0.315742468395 xtb: 6.6.1 (8d0f1dd)
C            3.40021244015500        1.20460772285929        0.01262277221169
N            2.76977261430221       -0.01022498764440        0.01494508528833
C            3.23827193436694       -1.18617413419767       -0.00020536326683
N            2.19143638830743       -2.10564412393789       -0.03439926508021
C            0.02694944437979       -0.57054160024968        0.01342593028109
C            0.91328242708772       -1.81113868809094       -0.03662519627426
C           -0.16870960133720        0.97721987260000        0.00904829718964
O            0.58096240382960        1.93798108424052       -0.00479317688945
N           -1.54698581412245        1.11061768765814       -0.00642136438851
C           -2.36090840287909        2.29935676262828       -0.01007325469920
C           -2.25035330160165       -0.07461195248853        0.00523881450647
O           -3.44013448466830       -0.18336014293055       -0.00101254688100
N           -1.28011738398973       -1.09652902229091        0.02165643192874
C           -1.65741259139185       -2.54401246946790        0.00708002660861
H            3.81168711520976        1.31119179966810        1.00581548021064
H            4.12970359184801        1.15596947614054       -0.77994942769247
H            2.67746159063354        1.99400315463014       -0.16619420354123
H            4.31628967542034       -1.47384561957824        0.00883121535293
H           -1.73303093330079        3.18225898547285       -0.00205238641678
H           -2.97915052831395        2.24974721942982       -0.91511302172580
H           -2.98945622723750        2.24526234074214        0.88708744454760
H           -1.26188129267721       -3.07680714930118        0.87520858480081
H           -1.27061729625275       -3.05189833483976       -0.87960015757330
H           -2.73117605448967       -2.67200729492851        0.00943379738955
H            0.77433580082082       -1.99318204452311       -0.00278289798602
25
 energy: -114.610803870819 gnorm: 29.180640528386 xtb: 6.6.1 (8d0f1dd)
C            3.40074041198030        1.20490023394382        0.01264886129156
N            2.76971774188663       -0.01120017982736        0.01498843272316
C            3.23136831857814       -1.18696868149235       -0.00097796367382
N            2.17817343516939       -2.11865327493403       -0.03185288285326
C            0.01925221960044       -0.58364972614719        0.01389236882857
C            0.70678583908113       -2.08500503789292        0.01760795867375
C           -0.16806877873577        0.97554953188524        0.00858418041068
O            0.58006540059274        1.93407409357400       -0.00465808800698
N           -1.54651989588320        1.10992878660936       -0.00624686410738
C           -2.36036098627434        2.29907431547334       -0.01004027347980
C           -2.24922413211756       -0.07580623367875        0.00525127814360
O           -3.43979122830367       -0.18431065139134       -0.00096032751531
N           -1.28103667387456       -1.09730043280648        0.02174091965020
C           -1.65604588210724       -2.54195955029372        0.00714097588480
H            3.81304651140076        1.31282391284220        1.00651762903530
H            4.13151968891042        1.15771566750859       -0.78050412854134
H            2.67708139561959        1.99461068668539       -0.16633586124125
H            4.31334497395999       -1.47390122738315        0.00864833512137
H           -1.73301530603443        3.18247759758581       -0.00208066974848
H           -2.97933955068885        2.25040718562337       -0.91442045867671
H           -2.98968697256552        2.24594522138271        0.88645280807488
H           -1.26164254528526       -3.07602114177429        0.87535007891368
H           -1.27038503329259       -3.05117036353240       -0.87968461781536
H           -2.73164797782085       -2.67067620890538        0.00950153278788
H            1.00610054030332       -1.69264598145391       -0.05939160597871
25
 energy: -84.362375256642 gnorm: 927.058554152501 xtb: 6.6.1 (8d0f1dd)
C            3.40080315723881        1.20494564226690        0.01265772698426
N            2.76968566267870       -0.01131203130410        0.01497817882441
C            3.23140440430010       -1.18726137176473       -0.00092355962121
N            2.18032367418825       -2.11683145439019       -0.03206505757671
C            0.01950485614819       -0.58221799221097        0.01385456059703
C            0.84235015755970       -1.90778208591743       -0.01688006056402
C           -0.16815316705369        0.97557017283306        0.00857854429029
O            0.58000290813558        1.93381869493066       -0.00464392563009
N           -1.54647770633000        1.10985339622453       -0.00623954727243
C           -2.36032557776601        2.29907681567914       -0.01003728866505
C           -2.24920255052593       -0.07589567407085        0.00524820452062
O           -3.43977796943024       -0.18434354237513       -0.00096503490547
N           -1.28093412697189       -1.09743563044142        0.02170567441794
C           -1.65604256310289       -2.54184871212471        0.00712958116424
H            3.81312196993634        1.31289656839903        1.00656209104225
H            4.13162090721788        1.15780006308635       -0.78051576171367
H            2.67707178769649        1.99463428404150       -0.16633225408905
H            4.31315726377831       -1.47396046333956        0.00864948774726
H           -1.73300553711534        3.18249495920993       -0.00207689304792
H           -2.97933862464371        2.25045370186688       -0.91438333702316
H           -2.98969197773566        2.24598773774176        0.88641850803656
H           -1.26164548323461       -3.07597697660908        0.87534302676065
H           -1.27038438825654       -3.05112474538556       -0.87969674245390
H           -2.73169359863239       -2.67059074440287        0.00949191020447
H            0.86805803601957       -1.87271207034259       -0.02468641412626
