25
 energy: -43.127747639492 gnorm: 2.651034864318 xtb: 6.6.1 (8d0f1dd)
C            3.21786164340000        1.13591514650000        0.01837059260000
N            2.27034809790000        0.05199982890000        0.00038279530000
C            2.54167221030000       -1.23971668410000       -0.00834188300000
N            1.39367826450000       -1.95088267900000       -0.00850347120000
C            0.35269634020000       -1.06748964300000        0.00059917290000
C            0.90759959010000        0.20069750900000        0.00663590170000
C            0.07590235260000        1.39864294500000       -0.00284827040000
O            0.48715076820000        2.53168346660000       -0.01725767220000
N           -1.27221500230000        1.06666939660000        0.00165480230000
C           -2.23229981500000        2.16656245330000       -0.00245172030000
C           -1.84872931540000       -0.19179276200000        0.00496135950000
O           -3.03273030250000       -0.36103538130000        0.00858583760000
N           -0.96599111670000       -1.30060631840000        0.00174701630000
C           -1.52030655580000       -2.64076660390000       -0.00239033190000
H            3.71480285180000        1.18589984860000        0.98803183970000
H            3.97079415090000        0.99383197990000       -0.75543416370000
H            2.68321036910000        2.07051068580000       -0.15067179540000
H            3.52469367910000       -1.66989040330000       -0.01523639120000
H           -1.67672429040000        3.10039111610000        0.00486339690000
H           -2.85755792270000        2.10547813320000       -0.89185337000000
H           -2.87119733260000        2.09858159720000        0.87661144540000
H           -1.20589108080000       -3.18768007210000        0.88663215920000
H           -1.21982032550000       -3.17678505510000       -0.90288069810000
H           -2.60531402170000       -2.54255916880000        0.00649952960000
H            1.32879827740000       -2.95942079410000       -0.01653446370000
25
 energy: -47.339360037214 gnorm: 5.641388435318 xtb: 6.6.1 (8d0f1dd)
C            3.21844464442926        1.13658073747554        0.01838917431824
N            2.29359004640525        0.04382496376024        0.00019578322712
C            2.52458436419422       -1.23094766177947       -0.00821146817468
N            1.39244778725342       -1.95467733079071       -0.00852324445541
C            0.36113825420685       -1.07776819963123        0.00052122234327
C            1.19215463345945       -0.00061413566202        0.00395160251427
C            0.09256728911401        1.38253723531404       -0.00275421594454
O            0.48657528986188        2.53001747991101       -0.01723041419498
N           -1.27018080033217        1.06511572971287        0.00167305176870
C           -2.23203952415424        2.16648588818669       -0.00244973913021
C           -1.84865045210828       -0.19157875465765        0.00495796168489
O           -3.03281202858967       -0.36101930009279        0.00858429155410
N           -0.96553373079378       -1.29865816541878        0.00176730292495
C           -1.52037908818986       -2.64053365930724       -0.00238794341477
H            3.71484988366136        1.18597159546593        0.98804786409556
H            3.97085703174453        0.99394402852514       -0.75542988030306
H            2.68308526718144        2.07048113014212       -0.15068361071847
H            3.20736535423876       -1.43857369424434       -0.01257807314837
H           -1.67671674374117        3.10039809655912        0.00486173894313
H           -2.85756507943932        2.10546760956796       -0.89185109885585
H           -2.87120575487943        2.09857167303685        0.87660586450611
H           -1.20588144560382       -3.18767614595143        0.88662733358001
H           -1.21980922667414       -3.17678213332298       -0.90287440077801
H           -2.60531432483631       -2.54257144677580        0.00649862361350
H            1.32885986769176       -2.95975699842306       -0.01653610805549
25
 energy: -53.690223021869 gnorm: 9.338204218966 xtb: 6.6.1 (8d0f1dd)
C            3.21968336242903        1.13727666130983        0.01839079254247
N            2.32973531215552        0.03911715790729        0.00003003711245
C            2.47388161385504       -1.21572849787565       -0.00787149696050
N            1.38999262941011       -1.95938558585128       -0.00854494455473
C            0.36790820186749       -1.08696345702121        0.00044462034513
C            1.48142232132125       -0.21643469259019        0.00121365911353
C            0.10573476714731        1.36996540902898       -0.00268865390373
O            0.48624149932159        2.52746806896467       -0.01719602729026
N           -1.26736829404544        1.06385534886186        0.00168572416504
C           -2.23168745323492        2.16658113929077       -0.00245033724285
C           -1.84854292527101       -0.19165868474429        0.00495668723205
O           -3.03290588619549       -0.36087372592707        0.00858293174268
N           -0.96535242698877       -1.29657717940637        0.00178529146818
C           -1.52038738594557       -2.64027695628213       -0.00238348407187
H            3.71495341521996        1.18590194202525        0.98807064043456
H            3.97102326687075        0.99393635395131       -0.75545102367372
H            2.68301214659803        2.07031147464724       -0.15069571218546
H            2.91038916861040       -1.20567431192199       -0.01003612021973
H           -1.67665474805393        3.10047235622883        0.00485839363871
H           -2.85745533574074        2.10552547031340       -0.89185010322406
H           -2.87109693602000        2.09863236122020        0.87659867339361
H           -1.20596738874584       -3.18763378150912        0.88663000860009
H           -1.21989311935889       -3.17674063145157       -0.90287136169981
H           -2.60535502911970       -2.54245399110166        0.00649964443501
H            1.32912073801380       -2.96040370646711       -0.01653622129678
25
 energy: -62.364337442544 gnorm: 11.269327949405 xtb: 6.6.1 (8d0f1dd)
C            3.22309453339876        1.13664547415438        0.01838818307842
N            2.40834307549725        0.06294055400061       -0.00006142981132
C            2.24939331386177       -1.23047549163836       -0.00674820620513
N            1.37897448801656       -1.96979548535159       -0.00855081065920
C            0.37066190683667       -1.09262149366964        0.00041105341460
C            1.72056266669352       -0.44760361479064       -0.00134928538968
C            0.11471936154217        1.36128967940942       -0.00265377502135
O            0.48764635493699        2.52587761739428       -0.01720357935817
N           -1.26533287855648        1.06383673900985        0.00168428329044
C           -2.23039583747521        2.16796378332798       -0.00246249516201
C           -1.84834964776202       -0.19010272546556        0.00496108332437
O           -3.03336455602727       -0.35913745141698        0.00859434980223
N           -0.96619883201996       -1.29433891089280        0.00181086889552
C           -1.52167726542187       -2.63912075649905       -0.00235449131757
H            3.71589646885074        1.18393939481170        0.98820357977238
H            3.97199796784363        0.99187514409348       -0.75561762324691
H            2.68399982089074        2.06882380287791       -0.15074086114964
H            2.80972722176172       -0.96469691197403       -0.00852924205894
H           -1.67480693854668        3.10150082773618        0.00483481527981
H           -2.85616473389106        2.10722660030118       -0.89186270929676
H           -2.86980589450450        2.10035892371279        0.87658746806607
H           -1.20774237590001       -3.18686710817031        0.88666824101815
H           -1.22166557763185       -3.17598125102598       -0.90284639340167
H           -2.60671922759096       -2.54078688461575        0.00652861198087
H            1.32763809929734       -2.96251191371906       -0.01652001794453
25
 energy: -68.686827605427 gnorm: 20.919422176359 xtb: 6.6.1 (8d0f1dd)
C            3.22613636966733        1.13675504537912        0.01842349326541
N            2.50373843694926        0.10933596855942       -0.00003695050933
C            2.01798726101008       -1.26965234696859       -0.00570253820354
N            1.36868522118101       -1.98238028957420       -0.00856140899798
C            0.37250556450543       -1.09444381507493        0.00040750350952
C            1.98017971339172       -0.69651608452858       -0.00405951687504
C            0.11766616428106        1.35782410653567       -0.00264504876531
O            0.48900920502474        2.52526517898144       -0.01722227649445
N           -1.26395223139053        1.06422608889810        0.00167541853068
C           -2.22946962653922        2.16901530478412       -0.00247401090257
C           -1.84795857008103       -0.18900290636077        0.00496324696232
O           -3.03391656422214       -0.35785305971888        0.00860282485408
N           -0.96736391140089       -1.29236910802064        0.00182830763420
C           -1.52252546820199       -2.63826882097801       -0.00233150152556
H            3.71667018302716        1.18248982935455        0.98834444498490
H            3.97279791564855        0.99035776968738       -0.75577354925216
H            2.68465811102272        2.06779985574630       -0.15079294711053
H            2.68632223541176       -0.71109733199890       -0.00691436566510
H           -1.67339219299385        3.10228905568640        0.00481460631133
H           -2.85517313106875        2.10852481203382       -0.89188467352333
H           -2.86881471900935        2.10167866981850        0.87658590565810
H           -1.20909361349633       -3.18628004759847        0.88669777165548
H           -1.22301362639518       -3.17540035111498       -0.90282484917441
H           -2.60774618659248       -2.53945952050408        0.00655090346598
H            1.32649497437095       -2.96459946142378       -0.01649917193269
25
 energy: -76.387574393500 gnorm: 8.171242410742 xtb: 6.6.1 (8d0f1dd)
C            3.22221976798887        1.14180138840472        0.01853546341985
N            2.59913045808113        0.21909667597356        0.00047008325795
C            1.87406965536451       -1.48387456681993       -0.00566522854450
N            1.35888222800691       -2.00479638663361       -0.00866888445426
C            0.36803483370529       -1.07742937375383        0.00051670749196
C            2.21287477977692       -0.71076980296287       -0.00533454993824
C            0.09440433492398        1.37686582344392       -0.00272344245706
O            0.48559899768318        2.52795474007492       -0.01719395402802
N           -1.26544817023215        1.06309794934122        0.00166818451970
C           -2.23369600053317        2.16422136680547       -0.00244320959047
C           -1.84655657917356       -0.19367889511102        0.00493523901636
O           -3.03423861905577       -0.36398341946678        0.00856030685981
N           -0.96598047328805       -1.29447630818205        0.00176665122029
C           -1.51733053494495       -2.64184081699199       -0.00241947663115
H            3.71435335874164        1.18955343047567        0.98846575700907
H            3.97090592312211        0.99800105551259       -0.75576041270756
H            2.68038364294607        2.07296001609114       -0.15072128864457
H            2.54603476512980       -0.58697226855954       -0.00602374538623
H           -1.67953339995900        3.09883286941657        0.00487666693917
H           -2.85937087629783        2.10278523450492       -0.89188886469029
H           -2.87302118764342        2.09586986018138        0.87662978089713
H           -1.20311851724174       -3.18882980252830        0.88655329924432
H           -1.21703535284168       -3.17792983541071       -0.90287385302030
H           -2.60300769905575       -2.54459203316268        0.00645312718834
H            1.33187617889667       -2.96362835904278       -0.01654273907131
25
 energy: -75.266484764438 gnorm: 35.711231633123 xtb: 6.6.1 (8d0f1dd)
C            3.23487045047194        1.17295360577778        0.01873363161627
N            2.58369987967407        0.24296578887052        0.00047930183543
C            1.94643303391157       -1.38936641509294       -0.00415119355414
N            1.16347619009395       -2.20225609359082       -0.00989230328585
C            0.35899562541273       -1.08271533504368        0.00048071366045
C            2.39000613405307       -0.51671177096179       -0.00560944025546
C            0.10163163048130        1.36569369921819       -0.00263264797781
O            0.47869563183186        2.52582263944678       -0.01707973138710
N           -1.26538462816769        1.05799564334134        0.00170947665565
C           -2.23944451096834        2.15789544113056       -0.00239017759081
C           -1.84623814545685       -0.19822438873161        0.00491205962537
O           -3.03366393185817       -0.37238011661064        0.00852247250834
N           -0.96439820472590       -1.29763209936817        0.00172747061136
C           -1.51109672836595       -2.64551271562412       -0.00251327210164
H            3.71285225595001        1.20069093450071        0.98990508040042
H            3.97072679151431        1.00995374677880       -0.75679294449781
H            2.67466109492752        2.08159121107000       -0.15071352823794
H            2.50263362548069       -0.66905072257623       -0.00639132873944
H           -1.68800844607494        3.09407188109637        0.00496051187050
H           -2.86514602326499        2.09489756189272       -0.89184277852048
H           -2.87879578356964        2.08789113314340        0.87666615467299
H           -1.19491664736170       -3.19238230148841        0.88644874971962
H           -1.20884531544564       -3.18146350440292       -0.90299020568235
H           -2.59656402496383       -2.55193465780169        0.00634876460185
H            1.33425156052063       -2.97455462337412       -0.01672321804740
25
 energy: -73.111112507768 gnorm: 23.329879010308 xtb: 6.6.1 (8d0f1dd)
C            3.24693872347153        1.20599929290374        0.01904316698160
N            2.58895013147777        0.31973715511072        0.00081905030762
C            2.07858964894569       -1.31378683670019       -0.00308977583074
N            0.96065380515421       -2.41185653503458       -0.01114409505301
C            0.34784568382656       -1.08060708359658        0.00050328684365
C            2.51779574644106       -0.29379057879926       -0.00565779568519
C            0.09445932632006        1.36543801503637       -0.00259555622794
O            0.47156471181961        2.52523531184393       -0.01696592704046
N           -1.26759923018413        1.05386261659148        0.00174949224083
C           -2.24628690589636        2.15068039185075       -0.00231353206440
C           -1.84530781159177       -0.20424592514227        0.00488780435014
O           -3.03331497554625       -0.38207919468498        0.00849044213030
N           -0.96271321319531       -1.30213800365387        0.00165914863699
C           -1.50362321656701       -2.65012528127739       -0.00262873791166
H            3.71077615370273        1.21322745156600        0.99129801149759
H            3.96996058272927        1.02340936051383       -0.75778739900983
H            2.66802057777304        2.09113922184340       -0.15069078342722
H            2.45212446341285       -0.82246930110989       -0.00697380687171
H           -1.69776055648069        3.08860020809429        0.00507939602597
H           -2.87180984430780        2.08582285397060       -0.89179396092245
H           -2.88545036076496        2.07870453459291        0.87675020785800
H           -1.18545160246402       -3.19647624466050        0.88631654016657
H           -1.19939971257170       -3.18552619902218       -0.90313191662012
H           -2.58912357616210       -2.56029630913827        0.00622627171797
H            1.34059296475773       -2.98022037949808       -0.01687791419251
25
 energy: -77.327315255082 gnorm: 9.530272928637 xtb: 6.6.1 (8d0f1dd)
C            3.25620079416626        1.21246381510003        0.01928699907794
N            2.65139767368346        0.58633124563964        0.00309221200301
C            2.10271365456165       -1.46030457673685       -0.00378380985620
N            0.97511047257529       -2.37043450898084       -0.01078002268719
C            0.34347970128043       -1.07425093760091        0.00055594569930
C            2.31757461946800       -0.47747783886075       -0.00753207306561
C            0.08189083481470        1.37817460297385       -0.00270889170984
O            0.47807047297580        2.52532484404286       -0.01703068708889
N           -1.26606787160280        1.05813172685458        0.00177468957157
C           -2.24172434202779        2.15536535256800       -0.00225239548408
C           -1.84486100129575       -0.20101410875052        0.00496094690692
O           -3.03441512744458       -0.37560104404779        0.00861124419916
N           -0.96601278666065       -1.29949759132465        0.00170769289134
C           -1.50872532182045       -2.64703013208816       -0.00253754918978
H            3.71399499657894        1.20668476280688        0.99163446576341
H            3.97267115219912        1.01619794272320       -0.75829466433358
H            2.67256616318989        2.08750172756111       -0.15092786386967
H            2.54070311247302       -0.83899429898420       -0.00749663125022
H           -1.69134274348464        3.09226128326702        0.00511220611291
H           -2.86738837829109        2.09181602860866       -0.89172130910972
H           -2.88097616915371        2.08474718250696        0.87684730115249
H           -1.19162622596191       -3.19371439934142        0.88633336021588
H           -1.20561580446135       -3.18275515077421       -0.90298184313578
H           -2.59410255146369       -2.55467021063550        0.00635325293485
H            1.34691618980187       -3.00101717492698       -0.01705095784824
25
 energy: -78.660257046368 gnorm: 4.014436472307 xtb: 6.6.1 (8d0f1dd)
C            3.36315799241078        1.31766950801397        0.02139496389848
N            2.46116375500796        0.41682677520499        0.00011849054163
C            1.97999714561597       -1.45762443351532       -0.00188721170462
N            0.94321271177428       -2.30554013754261       -0.01028932115043
C            0.33853625666567       -1.12003203001056        0.00030039818308
C            2.32885362127961       -0.55013518780334       -0.00759417071775
C            0.14376337944000        1.32493458784382       -0.00252872068693
O            0.48199300707165        2.51388896631980       -0.01710144897738
N           -1.25592433866769        1.05537381444725        0.00174678371144
C           -2.23591066247003        2.16128711643376       -0.00242876778245
C           -1.84796252881005       -0.19361724313826        0.00497915810240
O           -3.03374005944546       -0.36756777805800        0.00860144578092
N           -0.96877201304935       -1.29356682845400        0.00187528096689
C           -1.51671319467902       -2.64154178830107       -0.00234672142026
H            3.72515934023112        1.20369991883217        0.99840516693289
H            3.98548286941541        1.01141837036626       -0.76361419557424
H            2.67930884525486        2.09199814458870       -0.15182061920253
H            2.66498310484323       -0.64844443417718       -0.00908453252537
H           -1.68382962098644        3.09659755181291        0.00485545202836
H           -2.86206401850892        2.09886310846404       -0.89183942322007
H           -2.87568776330663        2.09195977788716        0.87660312849821
H           -1.19901421982039       -3.19032816592547        0.88645573873639
H           -1.21296466935493       -3.17947763249573       -0.90265046317968
H           -2.60016983996929       -2.54848963463874        0.00652222470300
H            1.35757241415766       -3.06991380455453       -0.01750101804199
25
 energy: -74.536391661850 gnorm: 63.114744377387 xtb: 6.6.1 (8d0f1dd)
C            3.46918495184827        1.45852019206732        0.02454191094347
N            2.48228157388807        0.55390911012451       -0.00204525013718
C            1.93007717830599       -1.49508187892238        0.00061941815925
N            0.75737216087369       -2.45726383532679       -0.01104535748267
C            0.29408714203437       -1.08811188454194        0.00061159346370
C            2.58767418138526       -0.58413880294161       -0.00698647104751
C            0.06859770783921        1.38275852605987       -0.00295238011105
O            0.47962530683919        2.51782837939772       -0.01725609297532
N           -1.26470058340008        1.05824210395311        0.00159044151669
C           -2.24281021878907        2.15498459747954       -0.00254011272314
C           -1.84704992261804       -0.19949268897396        0.00492791343586
O           -3.03424831927757       -0.37621687011135        0.00848747994916
N           -0.97680148086857       -1.30022875117417        0.00180149389469
C           -1.51036637696620       -2.64591262197241       -0.00238207987177
H            3.73174589113212        1.22109595591371        1.00696103220581
H            3.99441071421219        1.02794951747730       -0.76995335876846
H            2.67503830181173        2.11512732341291       -0.15289338327559
H            2.61756360757783       -0.73660639473266       -0.01194539467328
H           -1.69284017499414        3.09174431496697        0.00476226275123
H           -2.86796197826446        2.09045571034882       -0.89208190804625
H           -2.88163376989936        2.08354901960549        0.87657108712815
H           -1.19029082409149       -3.19377199110185        0.88624965358925
H           -1.20419526903882       -3.18297914800941       -0.90247848344917
H           -2.59362092794389       -2.55590170055502        0.00643908058006
H            1.37929264250377       -3.12221964084372       -0.01783147715593
25
 energy: -78.358729851794 gnorm: 9.423536939992 xtb: 6.6.1 (8d0f1dd)
C            3.48716188931847        1.49476929348461        0.02559529897452
N            2.47523667375534        0.70341717812641       -0.00151685648616
C            1.84989461955941       -1.51574735636686        0.00292362949668
N            0.72800624246752       -2.45549546907051       -0.01086508715368
C            0.27549674160987       -1.08429814819252        0.00068685757314
C            2.82358130460699       -0.58780045419083       -0.00478228242242
C            0.05056165142715        1.39414038288941       -0.00319741984103
O            0.47582751215623        2.50775313373344       -0.01726299561732
N           -1.26182636883581        1.05369450473123        0.00141531870181
C           -2.24666587457040        2.14801147701783       -0.00286103910689
C           -1.84595445464023       -0.20460908862429        0.00476824198666
O           -3.03457143913687       -0.38373649992208        0.00819504744400
N           -0.97492526493529       -1.30267637905241        0.00177417165843
C           -1.50523660970686       -2.65012545816480       -0.00241468204779
H            3.73330120575155        1.23411501261420        1.01118757442975
H            3.99715521751923        1.04058464279780       -0.77280812445099
H            2.67122853328752        2.13084029889667       -0.15335808681509
H            2.48999051929332       -0.85907202716854       -0.01671583707520
H           -1.70125386020368        3.08716945684679        0.00445917781762
H           -2.87330036757613        2.08240915034987       -0.89241707329671
H           -2.88711285773354        2.07556235531987        0.87613362203504
H           -1.18220281307491       -3.19684531740124        0.88593683817889
H           -1.19595520498179       -3.18617221378232       -0.90214118494863
H           -2.58758790526073       -2.56299230889780        0.00628786076857
H            1.39958242400366       -3.14465762437390       -0.01785135190320
25
 energy: -78.069570950598 gnorm: 20.560235738899 xtb: 6.6.1 (8d0f1dd)
C            3.46707340586368        1.45780590456472        0.02455619121916
N            2.48868285730868        0.60372423090220       -0.00156843941855
C            1.98694485978673       -1.57105575366595        0.00105590107859
N            0.76383991776976       -2.45382842893616       -0.01083714109417
C            0.29063452866274       -1.09401304800361        0.00066776487422
C            2.54140098704305       -0.54157266588977       -0.00386128910183
C            0.06417344477659        1.38591563539167       -0.00309839094269
O            0.47928464888428        2.51576452330541       -0.01738624995129
N           -1.26557680387957        1.05825460630817        0.00142847263292
C           -2.24353331300876        2.15474262600948       -0.00282336055026
C           -1.84826152904715       -0.19955360766085        0.00482683676091
O           -3.03472100755894       -0.37655670890205        0.00829698815127
N           -0.98190759932558       -1.29799091430478        0.00184966480310
C           -1.51116807051808       -2.64610985651725       -0.00232935083897
H            3.73677797903177        1.22572205792251        1.01127772242927
H            4.00030801333088        1.03165741389075       -0.77276589091330
H            2.67594922594305        2.12547548405307       -0.15360796296060
H            2.60114032100243       -0.75742097464326       -0.01552215350794
H           -1.69378454383906        3.09140595116413        0.00447195793775
H           -2.86835161875658        2.08957156487029       -0.89243001525284
H           -2.88213492891441        2.08277812122036        0.87628056869652
H           -1.18957217886210       -3.19385421593285        0.88618274401224
H           -1.20335738727197       -3.18316806530879       -0.90222650969599
H           -2.59340466359840       -2.55656762680945        0.00640220568878
H            1.37999496927696       -3.13288771142801       -0.01766864615631
25
 energy: -78.805692297500 gnorm: 6.567920605486 xtb: 6.6.1 (8d0f1dd)
C            3.44089073503506        1.41883714124301        0.02499998715266
N            2.49892199080714        0.55455999473221        0.00088651304662
C            2.10489188842082       -1.64393695627543        0.00207928021248
N            0.80963373008172       -2.43329539051187       -0.00833073839659
C            0.29998144880390       -1.10730612148629        0.00203418797568
C            2.33992846946107       -0.48799349662591        0.03417617137588
C            0.07392008056077        1.37921200985425       -0.00360484122225
O            0.48109674694261        2.52009092768720       -0.01918591157885
N           -1.26835637042467        1.06131218957506       -0.00049496919969
C           -2.24205887533753        2.15925209078874       -0.00628342628952
C           -1.85074934927249       -0.19637805528089        0.00349061331967
O           -3.03534514731956       -0.37171859097647        0.00613035086240
N           -0.98891628415929       -1.29404181665095        0.00190109986127
C           -1.51603704305892       -2.64357901595057       -0.00169289953704
H            3.74102402369278        1.22344631763233        1.01491482992921
H            4.00581516537503        1.02745957850460       -0.77189239766944
H            2.68017284736969        2.12709436918301       -0.15370490802835
H            2.65246140738878       -0.69724375460967       -0.04921545957754
H           -1.68937049678309        3.09408069949440        0.00075609230968
H           -2.86469310858214        2.09328816874437       -0.89638455481416
H           -2.87981538412128        2.08781836288692        0.87250969352155
H           -1.19476036315507       -3.19123056416315        0.88749623262799
H           -1.20718363369756       -3.18185120816660       -0.90096300976352
H           -2.59734982527250       -2.55279526366484        0.00617840274731
H            1.36632886134474       -3.12684307436345       -0.01462872096542
25
 energy: -79.060376701041 gnorm: 4.770034881214 xtb: 6.6.1 (8d0f1dd)
C            3.44480064749791        1.42882026155501        0.02340693650420
N            2.48570703647844        0.58772424443614       -0.00285673706907
C            2.05301050965631       -1.62779958197259        0.00010530180256
N            0.81224838273989       -2.41444315334538       -0.01146856374728
C            0.29504324942579       -1.11100033451093       -0.00011218637785
C            2.43363229980297       -0.51128168480548       -0.01482851363137
C            0.07017552853805        1.38003864590081       -0.00301744877746
O            0.48070145103370        2.51471745810055       -0.01683612819230
N           -1.26573316084009        1.05952999975122        0.00208919884269
C           -2.24288527104942        2.15722584905855       -0.00170309323451
C           -1.85101187923201       -0.19794543788148        0.00529641384166
O           -3.03599740980876       -0.37322559777608        0.00901574351299
N           -0.98937458394922       -1.29406085865391        0.00194463881648
C           -1.51588033501404       -2.64472285107649       -0.00249310327075
H            3.74465543471388        1.22792787635111        1.01484814067897
H            4.00809934533076        1.03318151746635       -0.77633554957632
H            2.68051212085079        2.13614952791241       -0.15461179533114
H            2.61026382245982       -0.73685631845160       -0.00438068590778
H           -1.69193007500447        3.09287687050884        0.00567019821639
H           -2.86713399582854        2.09182981141479       -0.89127363723752
H           -2.88048010934136        2.08462947476432        0.87763216975878
H           -1.19155354037612       -3.19278668558346        0.88554558169074
H           -1.20576943136164       -3.18167542087851       -0.90236371783015
H           -2.59604472904322       -2.55497146869287        0.00650949964317
H            1.37537620642059       -3.13564360199131       -0.01861104522512
25
 energy: -79.175592636540 gnorm: 1.806448765327 xtb: 6.6.1 (8d0f1dd)
C            3.46454623342772        1.45312925960377        0.02234598956566
N            2.47778321666147        0.59629960364119       -0.00716406905254
C            2.07892145427914       -1.65888264355088       -0.00195137268698
N            0.79489378827281       -2.42044948786715       -0.01448216869011
C            0.28393758295764       -1.11496234152276       -0.00232757079402
C            2.40432196599531       -0.51603126326041       -0.05760770570085
C            0.05848251569707        1.38738978090422       -0.00285550300922
O            0.48254049165756        2.51277539780285       -0.01478580526836
N           -1.26593997731234        1.06082850095542        0.00438403966134
C           -2.24284895179021        2.15784196321946        0.00242626887953
C           -1.85251023737260       -0.19783871521508        0.00692731794738
O           -3.03724834114513       -0.37172055487545        0.01165662197802
N           -0.99596471857117       -1.29317723311621        0.00203915043765
C           -1.51856192638801       -2.64444089293306       -0.00313362441890
H            3.75319360740256        1.23237017430745        1.01767065688370
H            4.01575132096354        1.03799210316831       -0.78246961874964
H            2.68418260570025        2.14928901658699       -0.15593080284949
H            2.63011191736315       -0.74197643484900        0.03576340225095
H           -1.69186023794523        3.09332358154529        0.01006413214916
H           -2.86766919054087        2.09286468518806       -0.88674077226069
H           -2.87941859681139        2.08414148456509        0.88232648007327
H           -1.19110878059212       -3.19299616609961        0.88380069739412
H           -1.20693918986631       -3.18033963173403       -0.90351752393683
H           -2.59729023942408       -2.55494452339081        0.00687524899198
H            1.37912520148124       -3.15224712147367       -0.02214185089510
25
 energy: -79.213299367356 gnorm: 0.688482522576 xtb: 6.6.1 (8d0f1dd)
C            3.49053709534349        1.48710025862308        0.02405954073683
N            2.46953059079162        0.61314653663815       -0.00561824960473
C            2.08119605552435       -1.67605491682727        0.00018809848685
N            0.76371481771960       -2.44037133803716       -0.01274007107940
C            0.27073892666440       -1.11582359484967       -0.00087162829713
C            2.42361397699244       -0.53147807041120       -0.02921260718521
C            0.04216228688535        1.39800736617573       -0.00320886764631
O            0.48415748449470        2.51086799804591       -0.01622688512012
N           -1.26653017652829        1.06178946867800        0.00282919469142
C           -2.24352303173826        2.15759016601221       -0.00032773432724
C           -1.85394253380946       -0.19848075122587        0.00589159056261
O           -3.03862736834952       -0.37111514184638        0.00992495243538
N           -1.00265617001958       -1.29326294835656        0.00204620739045
C           -1.52054805719499       -2.64477949902807       -0.00265330462820
H            3.75988598047431        1.23964206858719        1.02371401751483
H            4.02411311079110        1.04344167032104       -0.78414991725347
H            2.68771548694145        2.16332835378363       -0.15631350457770
H            2.64117812891057       -0.75514393701526        0.00831577578570
H           -1.69289574350227        3.09318085367964        0.00712187296632
H           -2.86758117597033        2.09156178127085       -0.88989016136124
H           -2.88039025984290        2.08387756696163        0.87932511632889
H           -1.19098399271453       -3.19230869861606        0.88449477428848
H           -1.20572595399780       -3.18071067775472       -0.90218624770743
H           -2.59786854718639       -2.55588175368699        0.00667652176427
H            1.38316058342094       -3.16988421952184       -0.02001686626388
25
 energy: -79.252380679527 gnorm: 0.727513982944 xtb: 6.6.1 (8d0f1dd)
C            3.45952370217881        1.45387151004457        0.02359501300430
N            2.41406448675146        0.62023155128113       -0.00428052487327
C            2.04881620396474       -1.67425986434213        0.00166247860796
N            0.84266486398908       -2.34131275629573       -0.01175911753024
C            0.27033648988438       -1.15044549315664       -0.00068638922417
C            2.41454388104803       -0.54685013312976       -0.02025530004798
C            0.07336159568299        1.36752262066592       -0.00331203111415
O            0.48770384716836        2.49328567539290       -0.01658886308480
N           -1.25535375329229        1.05688344866679        0.00233812677548
C           -2.24056792403345        2.15819328792140       -0.00128374902567
C           -1.85756464831486       -0.19749960970962        0.00559383449301
O           -3.04159532140160       -0.36629941159206        0.00932421042971
N           -1.00883927504402       -1.28874835530626        0.00216742303342
C           -1.52814790266849       -2.64395994447516       -0.00244324953487
H            3.77045522309964        1.24711519663857        1.02850026583458
H            4.03482297432264        1.04937935596269       -0.78650252578066
H            2.69753305010006        2.18286932415196       -0.15699843624932
H            2.63439743604878       -0.76997457801912       -0.00157530023026
H           -1.69227387950086        3.09447695623701        0.00607766238139
H           -2.86629140155664        2.09230253799754       -0.89096286324740
H           -2.87948962465571        2.08500159823203        0.87824453515447
H           -1.19267978732639       -3.19045191396642        0.88408208396945
H           -1.20700624737926       -3.17923809880825       -0.90100408217575
H           -2.60168672263485       -2.55577073431183        0.00663425429575
H            1.38370424766944       -3.17808362847952       -0.01939583796098
25
 energy: -79.314471627255 gnorm: 0.759854459006 xtb: 6.6.1 (8d0f1dd)
C            3.51152609332493        1.53350276540289        0.02564943546701
N            2.32750167646006        0.68567500250085       -0.00491316052379
C            2.05908336468853       -1.75726207703109        0.00631818431542
N            0.82429224305882       -2.32181155820207       -0.01088579819481
C            0.21706304061283       -1.19134833095143       -0.00000925273485
C            2.44550560457065       -0.60375291924343        0.00011605003790
C            0.04303991798134        1.37598858831359       -0.00409767527237
O            0.49882881556452        2.46779730586808       -0.01772391836542
N           -1.24713240099063        1.05563645337072        0.00111902674454
C           -2.23982620041953        2.15851030674021       -0.00338083913945
C           -1.86868184751073       -0.19842568077901        0.00502415442853
O           -3.05179189387688       -0.35709371122156        0.00805527038848
N           -1.04726552831280       -1.28550935949522        0.00244490215506
C           -1.54609135840166       -2.64459405917579       -0.00192364655075
H            3.81162911139566        1.28323273168333        1.05079059521852
H            4.07810216326301        1.08016863654794       -0.80005839351971
H            2.72610027513183        2.26249877860064       -0.16029695331804
H            2.68407372858103       -0.82276433019442       -0.02453963264620
H           -1.69525211128151        3.09589254711230        0.00378426788834
H           -2.86595763245786        2.09031802553663       -0.89356856865964
H           -2.87999614543352        2.08387755203037        0.87615097097891
H           -1.19304825221498       -3.18701632064480        0.88273646186929
H           -1.20645805977888       -3.17668733603359       -0.89786456113996
H           -2.61027205412224       -2.55956012385035        0.00659971388972
H            1.38545896426803       -3.24903434528478       -0.01835501541671
25
 energy: -79.330171504400 gnorm: 0.420115976457 xtb: 6.6.1 (8d0f1dd)
C            3.51268647162677        1.54310187341522        0.02555835942035
N            2.31512971555692        0.69724122663435       -0.00484004344583
C            2.06811303141799       -1.77473701104306        0.00789949056965
N            0.82503560361469       -2.33347972128175       -0.01136643928235
C            0.20571770043520       -1.19508281461766       -0.00036462930240
C            2.46247787413649       -0.60877035435047       -0.00273526673625
C            0.03536985128007        1.37836233327582       -0.00427358371983
O            0.50196648894871        2.46369307823350       -0.01765258128610
N           -1.24764956115787        1.05476451781350        0.00125570185622
C           -2.23986366029419        2.15837824402328       -0.00317351527181
C           -1.87263851637100       -0.19847940232816        0.00517560415249
O           -3.05585752447395       -0.35403982519539        0.00820221164862
N           -1.05931664063581       -1.28740294629657        0.00254330690683
C           -1.55113926996760       -2.64580118678691       -0.00191030243521
H            3.82080445443088        1.29325187506802        1.05253978751166
H            4.08631407652966        1.08966736895449       -0.80102191999128
H            2.73619949099624        2.28255140058266       -0.16079386228737
H            2.69666032159581       -0.82844356718237       -0.02365810196623
H           -1.69633526522897        3.09626519554063        0.00400328947674
H           -2.86607579175352        2.08958023545234       -0.89333438835417
H           -2.88002790700543        2.08308423575962        0.87637348799320
H           -1.19314738396685       -3.18617658626018        0.88204590746713
H           -1.20661138665768       -3.17579522934026       -0.89726093661593
H           -2.61404870741703       -2.56153550474241        0.00665183999951
H            1.37666804846048       -3.26195889372823       -0.01869179840764
25
 energy: -79.373165268503 gnorm: 0.569712340158 xtb: 6.6.1 (8d0f1dd)
C            3.48065631148241        1.54212986162841        0.02445444714894
N            2.25403538511026        0.73125637394746       -0.00246395154834
C            2.09539787726533       -1.83225793172096        0.01587027657982
N            0.88229315749170       -2.33874598521351       -0.01259687947377
C            0.16982869132629       -1.22045732605077       -0.00177523437921
C            2.52079303417691       -0.62108940415063       -0.00604771947063
C            0.02717532649387        1.36961230203316       -0.00505221240727
O            0.51586278267472        2.44231785758761       -0.01772375894240
N           -1.24752110423413        1.04797434756320        0.00140301081093
C           -2.23830089553483        2.15809093737800       -0.00316677478896
C           -1.89096574477739       -0.19764499060922        0.00549059888936
O           -3.07506626431789       -0.33845679137177        0.00826125807876
N           -1.10681839398672       -1.29697595385779        0.00298939241107
C           -1.57469687080359       -2.65152740936081       -0.00170114434399
H            3.85704788726670        1.33476363430362        1.05532783081467
H            4.11700485525765        1.12930758024070       -0.80044339243186
H            2.78359656494279        2.36533869549748       -0.16217318814943
H            2.74384981622060       -0.84252901760596       -0.02893331620219
H           -1.69995490278048        3.09859462179655        0.00399155618460
H           -2.86545101479971        2.08706977318370       -0.89318006038277
H           -2.87938724093905        2.08066219050641        0.87619170222810
H           -1.19537275701952       -3.18178463388002        0.87929657974420
H           -1.20870664625340       -3.17151670531821       -0.89426544524085
H           -2.63333250143773       -2.57026387182662        0.00680424712874
H            1.32846416127522       -3.30562961310002       -0.01938620435752
25
 energy: -72.193351585588 gnorm: 14.874258591231 xtb: 6.6.1 (8d0f1dd)
C            3.44588517964026        1.53315605381223        0.02338668233918
N            2.22462258982537        0.75417021730537        0.00443386534531
C            2.10599494152296       -1.82207491936335        0.02520350700814
N            0.88419549556433       -2.34751074573257       -0.01449836575762
C            0.16896897607835       -1.22172541568393       -0.00420753212694
C            2.43874550563685       -0.49417590707857        0.00591868612760
C            0.01795049309785        1.37421717369714       -0.00544382638545
O            0.51617493179419        2.44394850343280       -0.01792472701616
N           -1.25848956505440        1.04626248019315        0.00150547620647
C           -2.23956925778999        2.15894412788983       -0.00305540359243
C           -1.90410781949643       -0.19962788898728        0.00565085737786
O           -3.09228923975015       -0.32684434051099        0.00841522718597
N           -1.11327866747535       -1.30906686156551        0.00273576096420
C           -1.59076861261462       -2.66061125294534       -0.00167444753037
H            3.86078129261517        1.35854730844725        1.03835228134507
H            4.11025216592759        1.15301775462925       -0.78565562000694
H            2.82186434420312        2.40656809701830       -0.16004492687781
H            3.00589778233567       -1.04098480181012       -0.05186744312129
H           -1.70109406583463        3.10009953318582        0.00412940283700
H           -2.86441190450758        2.08592292984126       -0.89305826889983
H           -2.87836107374839        2.07952142572425        0.87627389322645
H           -1.20316800080556       -3.18139690281569        0.87893246374730
H           -1.21653852073638       -3.17110720818641       -0.89396614371352
H           -2.65569142132938       -2.58337744541146        0.00684515097963
H            1.27686596500121       -3.31763337348540       -0.01921493176175
25
 energy: -78.552648000431 gnorm: 9.428412013156 xtb: 6.6.1 (8d0f1dd)
C            3.44393639601036        1.53300421824371        0.02331214234127
N            2.23016704659054        0.74517579833386        0.00447043966871
C            2.11020338955151       -1.82713772738540        0.02543041065530
N            0.88457512585200       -2.34755312436861       -0.01449216553225
C            0.16904061189865       -1.22165112533746       -0.00438595113880
C            2.56396081802077       -0.61232881071446       -0.00695871079587
C            0.01744874671818        1.37447179886019       -0.00546637751670
O            0.51617916442881        2.44400887544876       -0.01793636054994
N           -1.25905686906532        1.04614883085124        0.00150993218935
C           -2.23963265722483        2.15897791364826       -0.00305044400494
C           -1.90478945715000       -0.19975570341379        0.00566182224353
O           -3.09313822597367       -0.32622435756684        0.00842075013409
N           -1.11358214581965       -1.30974539595038        0.00273114064549
C           -1.59161999943238       -2.66108556557681       -0.00167181999164
H            3.86096767723933        1.35979978201788        1.03745977084588
H            4.10991320352883        1.15428300077642       -0.78488863249563
H            2.82386920649143        2.40865596270868       -0.15991834718261
H            2.87929207702457       -0.91155032144006       -0.03898819692952
H           -1.70115876007822        3.10017883220926        0.00413619367316
H           -2.86436947358608        2.08586466302283       -0.89305744909077
H           -2.87832090275189        2.07946493619358        0.87628131800115
H           -1.20357301575567       -3.18138035050233        0.87892184734591
H           -1.21694742645352       -3.17109259617371       -0.89395873393316
H           -2.65684205906725       -2.58406005489663        0.00684564199250
H            1.27390904310352       -3.31823093738814       -0.01923660267447
25
 energy: 63.681400249668 gnorm: 7337.065702236308 xtb: 6.6.1 (8d0f1dd)
C            3.43894933393170        1.53063642688029        0.02321590785787
N            2.23523079557868        0.73174047138707        0.00454634569814
C            2.10558580724492       -1.83468327836123        0.02611558228804
N            0.88498609676770       -2.35048551299205       -0.01430350015163
C            0.17068303719491       -1.22212879044548       -0.00460103947182
C            2.72160347640282       -0.74500021948751       -0.02278698893989
C            0.01720690921834        1.37592587253803       -0.00550752948086
O            0.51598990349496        2.44362684195029       -0.01793825432354
N           -1.25962068458737        1.04566093074008        0.00152921932502
C           -2.23951860456630        2.15891446753130       -0.00304357652770
C           -1.90600692670624       -0.19995491521228        0.00566940814407
O           -3.09406012642034       -0.32522752062007        0.00842223937878
N           -1.11311540695113       -1.31106246006954        0.00275428378716
C           -1.59276985128887       -2.66175902803216       -0.00167184359048
H            3.86122273133860        1.36143775994562        1.03624844549914
H            4.10941494787294        1.15596469023727       -0.78376430841202
H            2.82645441217043        2.41102159518764       -0.15969198212969
H            2.73360518999048       -0.75537653123778       -0.02384841723633
H           -1.70132081747112        3.10028739996793        0.00414990688130
H           -2.86432147099314        2.08576488202835       -0.89304557574070
H           -2.87827664659426        2.07936090033322        0.87628370373627
H           -1.20410847232531       -3.18136327029874        0.87886561210332
H           -1.21747875286907       -3.17106934035907       -0.89391935713714
H           -2.65836482095554       -2.58498821799583        0.00683647624409
H            1.26846145462223       -3.31900461201531       -0.01934313990136
