72
 energy: -99.214897788909 gnorm: 0.780178367473 xtb: 6.6.1 (8d0f1dd)
N           -1.69036728177114        2.64409936505353        2.15573577354258
C           -1.75690245764041        1.94453329148058        1.12906735350474
C           -2.93236482163894        1.81780011227794        0.20745158918360
C           -3.45094511460029        0.39027058586974        0.26849536022639
C           -4.38253725841992       -0.05800440236331       -0.66850542051772
C           -4.88869057606011       -1.34660072237468       -0.62420464405726
O           -5.79391320868600       -1.85847764665910       -1.48571146776415
C           -6.37542402823318       -1.01604041476868       -2.45266996153907
C           -4.44901527352770       -2.23760205746107        0.39094320714973
O           -4.99067965780974       -3.47323095450340        0.35601676660504
C           -4.68116414812005       -4.38257858768964        1.38582565935179
C           -3.52760583670706       -1.78454319842925        1.32084090023760
C           -3.03945109591111       -0.48614291943550        1.26035041758457
C           -2.36159014623218        2.12480247146332       -1.20360699935840
C           -1.43057284122582        1.03284043350255       -1.75328335435577
C           -0.18634445900963        0.91414051903126       -0.92013365943502
N            0.60718767633380       -0.34274432614256       -1.08969866677881
C            1.82104727109848       -0.27920323179040       -0.20137685947402
C            2.86840609414294        0.63235845517385       -0.73585921986847
C            4.23477194241739        0.48133252910675       -0.55459747822138
C            5.10872002356335        1.49428370310515       -1.03382757333855
C            6.46478871120138        1.43007357130537       -0.83928706584259
C            7.04242850060711        0.34792613195725       -0.17428001181383
O            8.34868687825987        0.18823868988981        0.07860843433529
C            9.26048110095394        1.19790095037604       -0.29283869867536
C            6.19437617864874       -0.70125666900554        0.29720894424755
O            6.84717701950180       -1.70796703086779        0.91681694820873
C            6.11337785689702       -2.79760999445705        1.41850429385689
C            4.83494676416278       -0.62386557100929        0.11081082610036
C           -0.19389806610249       -1.53095986606165       -0.71651444886900
C           -4.10319782208872        2.78645442489808        0.54525446814432
C           -4.69892090179779        2.47632381446898        1.91592230549057
C           -3.70156725656154        4.25671438792602        0.47819501929976
H           -4.72536353379703        0.61670331486345       -1.43538243656851
H           -6.88217952900936       -0.16430375195575       -1.98922577735688
H           -7.10722651124462       -1.63083483764513       -2.97298536792995
H           -5.63303457506669       -0.65423028870476       -3.17181833952832
H           -4.96389511750483       -3.98873925334769        2.36665531500598
H           -5.26613622056092       -5.27516753786970        1.17344241253724
H           -3.61689965967933       -4.64005444111501        1.38880579780577
H           -3.19155386511986       -2.43184778175987        2.11476287126066
H           -2.35099085344212       -0.15556329022940        2.02312149714609
H           -3.18861771591333        2.25993379818057       -1.89972811840604
H           -1.81077666252601        3.06496462760752       -1.15749767090108
H           -1.98706003207478        0.09558233371689       -1.77720601585555
H           -1.19288642950039        1.30107963204973       -2.79447817532974
H           -0.89105160869002        1.36021150587417        0.65843816867204
H            0.46974739442982        1.76996522574990       -1.01982320750297
H            2.22112985537774       -1.28975352667680       -0.10875204777359
H            1.46593826629244        0.04311787763850        0.78638119869052
H            2.53239310425976        1.53432978964867       -1.21964557228878
H            0.83648927400612       -0.41138172573342       -1.81498357367791
H            4.68416535906573        2.34192041671693       -1.54783509916683
H            7.08799057656341        2.23018136515614       -1.20580959857854
H            9.02854352639346        2.14588472784391        0.20165041343977
H            9.27710494973706        1.34357565397699       -1.37795699180296
H           10.23607309658517        0.84512711169734        0.03853336217717
H            6.84871482491639       -3.46922579788522        1.85625581629902
H            5.40685853603001       -2.48210273848676        2.19210905042012
H            5.57546322681586       -3.32008069673042        0.62131638344958
H            4.20914454803055       -1.41396837892653        0.49160096906946
H           -1.03190781699366       -1.65372352826935       -1.39822276079433
H           -0.58544283146172       -1.41368557676657        0.29220816558843
H            0.42494246195504       -2.42554654065695       -0.77143782840390
H           -4.87789787231729        2.60964739669751       -0.20966591842186
H           -3.96341631999257        2.66247397279892        2.69246998731190
H           -5.02396096092644        1.44059267417413        1.97825504209453
H           -5.55872407410864        3.11661265021649        2.09449288490055
H           -2.89372192818471        4.46023406265365        1.17479510946729
H           -3.39376584067391        4.54780177918552       -0.52238400037235
H           -4.55257268092456        4.87274400076467        0.75667049483148
H           -0.82034452937710        2.68839945417772        2.67448566594694
72
 energy: -99.310506471918 gnorm: 0.022312738181 xtb: 6.6.1 (8d0f1dd)
N           -1.69051355001594        2.64421755212063        2.15583938286823
C           -1.75700449874357        1.94471275613400        1.12908051635052
C           -2.93243771118621        1.81788874214377        0.20739232360787
C           -3.45096193441774        0.39025550557685        0.26850152348509
C           -4.38249202718844       -0.05803389924493       -0.66849813608907
C           -4.88872576809542       -1.34658787209699       -0.62424538199659
O           -5.79391372132829       -1.85841047833016       -1.48572456142133
C           -6.37540299506665       -1.01604625201156       -2.45273115030514
C           -4.44909523677428       -2.23761639378509        0.39092780834598
O           -4.99060305302586       -3.47329789954104        0.35591185587427
C           -4.68120689930516       -4.38261363519773        1.38579096814966
C           -3.52767993721026       -1.78449704421756        1.32082916306177
C           -3.03952410914423       -0.48611086636503        1.26037583712949
C           -2.36208463499107        2.12516938933958       -1.20387748862503
C           -1.43108934661465        1.03321844092657       -1.75247019413700
C           -0.19556866040745        0.92280743623072       -0.90468801107807
N            0.58202042438149       -0.33495004391157       -1.01062676761477
C            1.82260245296083       -0.27701122745273       -0.18598039687486
C            2.86747278132312        0.63202210005000       -0.73485091306844
C            4.23444940292945        0.48102267852364       -0.55489565434411
C            5.10848652478265        1.49415073556459       -1.03414009571421
C            6.46469455985023        1.43014074218369       -0.83956010258120
C            7.04254529941846        0.34799683076148       -0.17419108890903
O            8.34897228578261        0.18821664854645        0.07896617732865
C            9.26042294846363        1.19764390240419       -0.29315626927512
C            6.19424591585502       -0.70117608303496        0.29706156955370
O            6.84702658568668       -1.70791835505283        0.91653873997289
C            6.11329699922530       -2.79753910321169        1.41857758486729
C            4.83500087903613       -0.62380467872545        0.11123041710085
C           -0.20149928030213       -1.53513656321063       -0.70250107358491
C           -4.10324241533324        2.78643870087751        0.54528626330068
C           -4.69895892963746        2.47627963027224        1.91594438827683
C           -3.70155813722751        4.25671194718368        0.47825131652085
H           -4.72530958927895        0.61664892087103       -1.43541078460806
H           -6.88217280413189       -0.16429146821781       -1.98931536646066
H           -7.10720568488208       -1.63083836274063       -2.97301001797852
H           -5.63304484990595       -0.65424778607253       -3.17184208120839
H           -4.96394783061109       -3.98876511148277        2.36657487436946
H           -5.26618868809477       -5.27519330489502        1.17337675732063
H           -3.61695476824561       -4.64010622732790        1.38876181351111
H           -3.19172498740253       -2.43184415606268        2.11471305512707
H           -2.35105774123050       -0.15565547298746        2.02316701493685
H           -3.18888908448228        2.25995654786961       -1.90002847023418
H           -1.81086076310953        3.06495908555713       -1.15746540597160
H           -1.98707605468808        0.09565018912642       -1.77657531267368
H           -1.19181265728524        1.30049087965195       -2.79379264231276
H           -0.89162244799590        1.36076689541631        0.66004444246480
H            0.46955810452391        1.77026598065256       -1.01898098197998
H            2.22071408270425       -1.28999067531337       -0.10608061102592
H            1.46991543512567        0.04471067025500        0.79706327133411
H            2.53173224996722        1.53418085279733       -1.21945534613938
H            0.88464387091722       -0.42448694567646       -1.96775213914581
H            4.68417069957452        2.34207489455540       -1.54815190190785
H            7.08778091444457        2.23010454422479       -1.20603258415068
H            9.02856885869991        2.14569817723842        0.20121538377546
H            9.27703954671671        1.34349495766488       -1.37765181927959
H           10.23578027393551        0.84537000805982        0.03829894219741
H            6.84887315926384       -3.46924847720161        1.85623332446801
H            5.40657125758785       -2.48209642366915        2.19249929121093
H            5.57551122750358       -3.32034509177507        0.62118467949224
H            4.20909696611928       -1.41387940847620        0.49161847717066
H           -1.03117889794021       -1.65187547192091       -1.39672205727837
H           -0.59235662160244       -1.41966404962063        0.30047913039553
H            0.42493224955716       -2.42427784862296       -0.76941897335742
H           -4.87786102564741        2.60963520346897       -0.20968467269153
H           -3.96346500971096        2.66244201942586        2.69249033646278
H           -5.02400364224552        1.44056347051131        1.97826194335301
H           -5.55876980835820        3.11657509706226        2.09448375567312
H           -2.89372007635405        4.46022520406641        1.17487788213668
H           -3.39375122865990        4.54780920291240       -0.52234309129731
H           -4.55259786916436        4.87274048356964        0.75672508534106
H           -0.82047538228035        2.68843917615332        2.67454109139964
72
 energy: -99.311557556164 gnorm: 0.015219427258 xtb: 6.6.1 (8d0f1dd)
N           -1.69323177553486        2.64554060897408        2.15831312205008
C           -1.76050574305323        1.94533105943169        1.13209090502053
C           -2.93452023891011        1.81831201391256        0.20913121803328
C           -3.45213589162080        0.39025081057753        0.26926752010543
C           -4.38263794551844       -0.05819783782916       -0.66866584518133
C           -4.88895495715157       -1.34668753141827       -0.62486532854624
O           -5.79385911953115       -1.85838309980919       -1.48672642767784
C           -6.37507481856127       -1.01606562044971       -2.45390448797638
C           -4.44983457632731       -2.23783959412014        0.39033792444490
O           -4.99079551073827       -3.47378763670684        0.35455201133402
C           -4.68208014366636       -4.38313489398777        1.38461971778198
C           -3.52923148575788       -1.78466539994184        1.32092743766286
C           -3.04116251083238       -0.48620986177005        1.26113385263053
C           -2.36304856977588        2.12547152066800       -1.20151147172133
C           -1.42882217435566        1.03382568273094       -1.74669175991190
C           -0.18732382340519        0.91898537425815       -0.90953067125393
N            0.59264633467096       -0.33426155161766       -1.03305908486937
C            1.82104217903877       -0.27454200572647       -0.18279547399083
C            2.86586261524757        0.63163694069056       -0.73398708867671
C            4.23274379852467        0.48113090069734       -0.55273869506542
C            5.10691480790643        1.49208114201052       -1.03646226389359
C            6.46327553439751        1.42847615750198       -0.84200959784653
C            7.04140813901290        0.34792515505309       -0.17396591697270
O            8.34805945927411        0.18841672893802        0.07976095408235
C            9.25906680650064        1.19666768539968       -0.29594648001798
C            6.19296971301238       -0.70061713872229        0.29842349234541
O            6.84590957441858       -1.70777702189420        0.91710444179507
C            6.11272325151486       -2.79759750082629        1.41972419756354
C            4.83364369338726       -0.62277975065974        0.11454627795093
C           -0.19740083407800       -1.53065202447266       -0.70253486022043
C           -4.10512833922541        2.78692390031614        0.54626077880013
C           -4.70104987851852        2.47621013428296        1.91662493478668
C           -3.70248607774296        4.25697181481029        0.47944205698159
H           -4.72483943377572        0.61641750159290       -1.43589613045642
H           -6.88191168597864       -0.16418264235964       -1.99078468370421
H           -7.10683744743644       -1.63090253212085       -2.97416123207904
H           -5.63259322675332       -0.65443207839561       -3.17292537055583
H           -4.96530882836320       -3.98925749053902        2.36523354541453
H           -5.26710189539744       -5.27562630009073        1.17192174079183
H           -3.61787444499961       -4.64081283596873        1.38813346014199
H           -3.19402792437574       -2.43213376718705        2.11496712935955
H           -2.35329420787058       -0.15602194663164        2.02462102647807
H           -3.18944775994907        2.25942689779110       -1.89871869999141
H           -1.81246881601946        3.06552436964051       -1.15531013968738
H           -1.98310368482599        0.09537572492102       -1.77295115979981
H           -1.18655544260759        1.30138052351003       -2.78675187882262
H           -0.89300394013768        1.36637875264368        0.65658417775177
H            0.47335707852894        1.77071540864889       -1.01527904531683
H            2.22022590407400       -1.28672632981746       -0.09671624571131
H            1.48580128947231        0.04896911627189        0.81158330663772
H            2.52972035580384        1.53185592557618       -1.22207016518907
H            0.90092375394461       -0.42710997878379       -1.99591279597745
H            4.68305422064856        2.33921051339425       -1.55257329355425
H            7.08598065232018        2.22776600121932       -1.21036905996398
H            9.02743498165998        2.14606398656805        0.19570466737515
H            9.27503011167909        1.34003064741915       -1.38037081326851
H           10.23463735642737        0.84608268289559        0.03582252909664
H            6.84921699618212       -3.46870211077268        1.85704616624695
H            5.40579704694349       -2.48275924902084        2.19415058508380
H            5.57552921407558       -3.32147571185970        0.62236774132608
H            4.20775031722936       -1.41275965712934        0.49482740517339
H           -1.02660674952637       -1.65058127000283       -1.39487687914039
H           -0.60010045388171       -1.42908095180144        0.30334507769861
H            0.42675454250506       -2.42063806003194       -0.76288647445497
H           -4.87904952143491        2.61010910468109       -0.20934829296082
H           -3.96574540277582        2.66223780353200        2.69337796052593
H           -5.02585963192255        1.44039991338560        1.97847981835380
H           -5.56096401554964        3.11633270664214        2.09502756332050
H           -2.89476132886072        4.46011096880737        1.17634057031403
H           -3.39412597905462        4.54792619008758       -0.52104570957648
H           -4.55332858890273        4.87336885874837        0.75764703758156
H           -0.82276930668290        2.69069967673280        2.67616601460647
72
 energy: -99.311803412422 gnorm: 0.010060056423 xtb: 6.6.1 (8d0f1dd)
N           -1.69475342711065        2.64598309749285        2.16008829679732
C           -1.76018767762401        1.94717152965268        1.13283933767029
C           -2.93473716789868        1.81827036155475        0.21055638833071
C           -3.45286849410521        0.39022784710958        0.27024110687163
C           -4.38264680440148       -0.05808736916781       -0.66858089202739
C           -4.88911072060404       -1.34656405372842       -0.62563576479063
O           -5.79351197200737       -1.85807141748674       -1.48816197246356
C           -6.37431518517263       -1.01586565409396       -2.45565397903036
C           -4.45071552264695       -2.23807593409573        0.38952525602224
O           -4.99113817809868       -3.47428191944125        0.35258796157345
C           -4.68352333103689       -4.38386600545005        1.38278835290532
C           -3.53116064646978       -1.78498483115860        1.32117433890967
C           -3.04304453412771       -0.48645007685077        1.26235003106950
C           -2.36199726891854        2.12521323279893       -1.19945656886303
C           -1.42684978905660        1.03437037004137       -1.74399888337180
C           -0.18441163745010        0.91654444823873       -0.90803689211389
N            0.59794302439089       -0.33328965390374       -1.04403971433006
C            1.82083400943246       -0.27209868700165       -0.18271166250971
C            2.86732183467379        0.63235207101759       -0.73351347971134
C            4.23359258647635        0.48234991124821       -0.55046412875585
C            5.10786317301091        1.49063214221157       -1.03898012201777
C            6.46413544669258        1.42672467084560       -0.84491775841066
C            7.04168404074974        0.34785537009529       -0.17348606015815
O            8.34835617710128        0.18865798070404        0.08079783690523
C            9.25851847166646        1.19547214658912       -0.30007675803470
C            6.19292002664944       -0.69951986162423        0.30096405981268
O            6.84555794687038       -1.70736297613348        0.91890339855680
C            6.11252041547379       -2.79729214089072        1.42166053690579
C            4.83362668386283       -0.62060811776954        0.11898950637717
C           -0.19497877707848       -1.52852675809807       -0.70361111034150
C           -4.10613674899784        2.78650917584863        0.54703716943590
C           -4.70342155784339        2.47585651372969        1.91687268424850
C           -3.70388661782921        4.25674506517109        0.48101222985285
H           -4.72402940785730        0.61651797008698       -1.43618790803384
H           -6.88126471698444       -0.16383881210876       -1.99291052372086
H           -7.10598811773200       -1.63077058891328       -2.97597197740636
H           -5.63160644048975       -0.65445537926278       -3.17452155385448
H           -4.96746236651558       -3.99007957160692        2.36321927571469
H           -5.26859834136237       -5.27618627964823        1.16948842478652
H           -3.61939565846448       -4.64186778404720        1.38710965538288
H           -3.19696220617181       -2.43274310021463        2.11540107885895
H           -2.35584016340435       -0.15669560961605        2.02664721131980
H           -3.18778914284235        2.25737735249218       -1.89772884134560
H           -1.81273093262822        3.06601795382027       -1.15327934508894
H           -1.98084605930264        0.09586485941448       -1.77086020508987
H           -1.18313344719460        1.30229974773833       -2.78375427477957
H           -0.89307269067917        1.36266811685050        0.66283567334687
H            0.47219441774935        1.77253665104781       -1.00686575354764
H            2.21894090215869       -1.28440007029885       -0.08766376547859
H            1.48418291772311        0.05500911311269        0.81138262239128
H            2.53129757051364        1.52940272656229       -1.22749576694687
H            0.91229938420634       -0.42933493125319       -2.01307705752181
H            4.68451327111241        2.33600128536443       -1.55858535105170
H            7.08683557478274        2.22433956282976       -1.21669387289052
H            9.02694032842393        2.14686484566876        0.18781550611291
H            9.27310569100877        1.33455752004001       -1.38491858372843
H           10.23452518041322        0.84691607754026        0.03212961704491
H            6.84946017599926       -3.46802555556593        1.85896336144713
H            5.40531504054802       -2.48295413363870        2.19617302499832
H            5.57567072756293       -3.32176419840833        0.62431364034219
H            4.20712010257054       -1.40978779900460        0.49995277883050
H           -1.02508118153198       -1.65154142416412       -1.39406583669019
H           -0.60049471019990       -1.42381920067041        0.30258507724768
H            0.42879930369445       -2.41933343962729       -0.75523705018684
H           -4.87966635826366        2.61005539729322       -0.20908248525062
H           -3.96878661189382        2.66185157836171        2.69424543877446
H           -5.02816877354729        1.44000943649266        1.97835231546668
H           -5.56359344739621        3.11579817288172        2.09481373763264
H           -2.89656902639006        4.45976422408171        1.17842332007102
H           -3.39497749816604        4.54805602202416       -0.51920024292242
H           -4.55486480299603        4.87309447737559        0.75897701208879
H           -0.82524066801260        2.69074383201243        2.67947372097637
72
 energy: -99.311913170687 gnorm: 0.004642983994 xtb: 6.6.1 (8d0f1dd)
N           -1.69879217660390        2.64498636671207        2.16399160975847
C           -1.76251403377619        1.94476148978700        1.13757494445734
C           -2.93509080761955        1.81782084465078        0.21247012255164
C           -3.45372124061156        0.39000088482591        0.27125247377910
C           -4.38246385826803       -0.05794030818946       -0.66877745861407
C           -4.88918134447656       -1.34635752001217       -0.62677020531498
O           -5.79287941342457       -1.85756808142347       -1.49019076590218
C           -6.37303651555198       -1.01537502096951       -2.45806052548462
C           -4.45184857083160       -2.23831055597885        0.38849612263840
O           -4.99171010385897       -3.47474064977577        0.35003563574129
C           -4.68556927620453       -4.38479238885263        1.38026792373748
C           -3.53364773815431       -1.78539459432661        1.32159602447961
C           -3.04543266243868       -0.48681674531886        1.26384881144487
C           -2.36071228913867        2.12514637539562       -1.19694848353494
C           -1.42563408130824        1.03486388419666       -1.74195899741036
C           -0.18313373333864        0.91427375812275       -0.90586680786228
N            0.60113213267577       -0.33260990270281       -1.04877548730060
C            1.82150094569920       -0.26904874516842       -0.18293329808529
C            2.86972755257950        0.63282455924413       -0.73424376927460
C            4.23551863920442        0.48294426588404       -0.55007642338728
C            5.11013130577488        1.48871772241763       -1.04277415140828
C            6.46631198470855        1.42439544376948       -0.84880706650692
C            7.04295576215821        0.34755536639538       -0.17326067738904
O            8.34957592422872        0.18898859830357        0.08174532783769
C            9.25904511639645        1.19383177935752       -0.30561896954797
C            6.19371337727350       -0.69817741378508        0.30406696574282
O            6.84587826351806       -1.70626537432777        0.92213383881419
C            6.11268153723505       -2.79620052236560        1.42471843328183
C            4.83441770541664       -0.61819214627915        0.12339905315495
C           -0.19272765481435       -1.52749577318749       -0.70438870116654
C           -4.10689814703141        2.78611406936191        0.54784851985486
C           -4.70595944062647        2.47486768883363        1.91684818629023
C           -3.70508680910324        4.25654599777494        0.48301402000562
H           -4.72294001710796        0.61679496872724       -1.43669239138160
H           -6.88009784804507       -0.16318891726397       -1.99572540930028
H           -7.10457634392147       -1.63026887687422       -2.97860799193497
H           -5.62994364974246       -0.65421215637697       -3.17663902800434
H           -4.97049183482887       -3.99127581399472        2.36050818376744
H           -5.27069257255616       -5.27685548747042        1.16597427570596
H           -3.62153375179452       -4.64316829067446        1.38567195754622
H           -3.20058550020364       -2.43350396218719        2.11602429531724
H           -2.35930391760342       -0.15724306465672        2.02917763038933
H           -3.18578835179884        2.25677020576391       -1.89622877756193
H           -1.81225432335623        3.06639213239290       -1.15013055934933
H           -1.97996732992579        0.09660536859592       -1.76973221538359
H           -1.18078461712206        1.30321586357725       -2.78144954443720
H           -0.89436875766264        1.36140132705765        0.67039655011518
H            0.47040829524053        1.77373383539902       -0.99809655686107
H            2.21809964053037       -1.28136597045806       -0.07894705788902
H            1.47837252188816        0.06376797906799        0.80697829978538
H            2.53362587146139        1.52669488205546       -1.23401477044295
H            0.92202128904182       -0.43262240470424       -2.02315290807175
H            4.68731423304742        2.33209635056022       -1.56606261105370
H            7.08929445410647        2.21988070247198       -1.22455534930418
H            9.02762848061521        2.14791150227496        0.17726932267619
H            9.27206904124776        1.32696018894692       -1.39123667045387
H           10.23558161343084        0.84759211407030        0.02730636882414
H            6.84966094895324       -3.46676937063632        1.86226004503633
H            5.40505968037065       -2.48218802601636        2.19895711585801
H            5.57621153452667       -3.32088913967426        0.62719010757038
H            4.20699356764906       -1.40548914543966        0.50675615531644
H           -1.02212411144651       -1.65409286501422       -1.39503570493524
H           -0.59926177696433       -1.41396632744491        0.30057278694308
H            0.43149580392315       -2.41853654745398       -0.74767438421474
H           -4.87949834043938        2.60994143613925       -0.20930737173816
H           -3.97234414600275        2.66076581788316        2.69523485064409
H           -5.03085311365014        1.43901828191297        1.97779233213724
H           -5.56640477323972        3.11473716046653        2.09383603141654
H           -2.89854994951447        4.45943171299908        1.18135653904348
H           -3.39536687914516        4.54846837183796       -0.51677431814454
H           -4.55656978270416        4.87244883083771        0.76049191123079
H           -0.82957003993104        2.69179350343080        2.68371747837233
