25
 energy: -70.665736074504 gnorm: 21.322769235252 xtb: 6.6.1 (8d0f1dd)
C            3.21786164340000        1.13591514650000        0.01837059260000
N            2.27034809790000        0.05199982890000        0.00038279530000
C            2.54167221030000       -1.23971668410000       -0.00834188300000
N            1.39367826450000       -1.95088267900000       -0.00850347120000
C            0.35269634020000       -1.06748964300000        0.00059917290000
C            0.90759959010000        0.20069750900000        0.00663590170000
C            0.07590235260000        1.39864294500000       -0.00284827040000
O            0.48715076820000        2.53168346660000       -0.01725767220000
N           -1.27221500230000        1.06666939660000        0.00165480230000
C           -2.23229981500000        2.16656245330000       -0.00245172030000
C           -1.84872931540000       -0.19179276200000        0.00496135950000
O           -3.03273030250000       -0.36103538130000        0.00858583760000
N           -0.96599111670000       -1.30060631840000        0.00174701630000
C           -1.52030655580000       -2.64076660390000       -0.00239033190000
H            3.71480285180000        1.18589984860000        0.98803183970000
H            3.97079415090000        0.99383197990000       -0.75543416370000
H            2.68321036910000        2.07051068580000       -0.15067179540000
H            3.52469367910000       -1.66989040330000       -0.01523639120000
H           -1.67672429040000        3.10039111610000        0.00486339690000
H           -2.85755792270000        2.10547813320000       -0.89185337000000
H           -2.87119733260000        2.09858159720000        0.87661144540000
H           -1.20589108080000       -3.18768007210000        0.88663215920000
H           -1.21982032550000       -3.17678505510000       -0.90288069810000
H           -2.60531402170000       -2.54255916880000        0.00649952960000
H            1.32879827740000       -2.95942079410000       -0.01653446370000
25
 energy: -95.916202721374 gnorm: 29.199078111493 xtb: 6.6.1 (8d0f1dd)
C            3.21647743891583        1.13608233013687        0.01665289237346
N            2.27028969717373        0.05205594326954        0.00033943311491
C            2.54174764874363       -1.23979121583766       -0.00828941176940
N            1.39362484519278       -1.95092021084371       -0.00848993989864
C            0.35271135382791       -1.06752322870978        0.00058516498342
C            0.90725966508842        0.20035067410574        0.00658928550480
C            0.07752932802237        1.39753590839589       -0.00270252556292
O            0.81910120667301        2.39363526363326        0.08661454351183
N           -1.27224517525252        1.06725365573411        0.00162833806781
C           -2.23228307590508        2.16658580320828       -0.00245641358970
C           -1.84868136872707       -0.19176727019657        0.00492640532946
O           -3.03276364814025       -0.36103553095570        0.00857003686239
N           -0.96604043086752       -1.30060050786156        0.00174453556684
C           -1.52030790098643       -2.64075788599021       -0.00239026486021
H            3.38297776645219        1.32469946258577        0.88590848220130
H            3.97094902392410        0.99383450919249       -0.75528564710036
H            2.68311387075723        2.07047368636629       -0.15085005416008
H            3.52469000879589       -1.66988594561551       -0.01521365393379
H           -1.67673658333022        3.10040141674030        0.00484449298427
H           -2.85755753193057        2.10547412023874       -0.89187764644303
H           -2.87120771339760        2.09858215755017        0.87659065337266
H           -1.20589258469512       -3.18767816103244        0.88663514173592
H           -1.21981234260445       -3.17678920002145       -0.90287702856352
H           -2.60531353306861       -2.54256239104725        0.00649327626666
H            1.32880154943834       -2.95941484144564       -0.01651847809409
25
 energy: -129.087964097741 gnorm: 37.179961713444 xtb: 6.6.1 (8d0f1dd)
C            3.21463253194199        1.13572230569116        0.01245273060429
N            2.27011942405216        0.05202911267653        0.00018755906289
C            2.54178563678691       -1.23982394691932       -0.00827160063513
N            1.39357090779004       -1.95097695772180       -0.00848680115766
C            0.35279567417140       -1.06760946715441        0.00056154492360
C            0.90681401488141        0.19967855846193        0.00649126191270
C            0.07957713870766        1.39660171164218       -0.00240044835437
O            1.15115958405681        2.25517470054600        0.19074877426109
N           -1.27199854064190        1.06813149437447        0.00159645867295
C           -2.23226541032824        2.16663485671977       -0.00243911889987
C           -1.84861387028269       -0.19185934270219        0.00489368142643
O           -3.03275050899466       -0.36098086375903        0.00857295045052
N           -0.96612695295188       -1.30056848055890        0.00174342075614
C           -1.52031852793851       -2.64074715777433       -0.00238891580896
H            3.05106076622169        1.46431905730242        0.78620949823719
H            3.97114299862700        0.99382471691916       -0.75502676558019
H            2.68290513128173        2.07051517129382       -0.15135097444173
H            3.52468498326216       -1.66988229504925       -0.01521932144002
H           -1.67674360476202        3.10041898168375        0.00485268582780
H           -2.85756488074185        2.10548576738149       -0.89187736192601
H           -2.87121467064659        2.09859272040410        0.87659858180823
H           -1.20589419655173       -3.18767717905657        0.88663139136291
H           -1.21981383545658       -3.17678541141411       -0.90287867134451
H           -2.60531659513827       -2.54256397504103        0.00649186435791
H            1.32880431675395       -2.95941553634585       -0.01652080617619
25
 energy: -170.255831617398 gnorm: 45.155744652037 xtb: 6.6.1 (8d0f1dd)
C            3.21428624735432        1.13430497749633        0.00792748627946
N            2.27001872317755        0.05196446613019       -0.00003823322023
C            2.54182709311240       -1.23984764565457       -0.00827284718499
N            1.39347233017804       -1.95104161034164       -0.00848326527889
C            0.35291247272240       -1.06777216222221        0.00053291041016
C            0.90625677658929        0.19912397830692        0.00637271972844
C            0.08195824572599        1.39580713129227       -0.00198303533306
O            1.48224711121315        2.11694268414866        0.29523728030043
N           -1.27165731627063        1.06905966746337        0.00157078740631
C           -2.23224917580023        2.16668175443523       -0.00242081025038
C           -1.84853086215248       -0.19200932049752        0.00486006908912
O           -3.03272745064151       -0.36089894084997        0.00857476870347
N           -0.96624034940900       -1.30052625843276        0.00174199637567
C           -1.52033457234550       -2.64073241124713       -0.00238635995902
H            2.71824412476671        1.60440751480128        0.68672722417051
H            3.97136734655082        0.99381051054020       -0.75469586813697
H            2.68268945488043        2.07073158197355       -0.15216903375524
H            3.52467448128596       -1.66987765609821       -0.01522676378331
H           -1.67675630465880        3.10043969006039        0.00486282835275
H           -2.85757230705572        2.10550005673983       -0.89187702386471
H           -2.87122250713353        2.09860548061173        0.87660752597820
H           -1.20589844064963       -3.18767515724918        0.88662514406334
H           -1.21981679072598       -3.17677864793868       -0.90288197411342
H           -2.60532182197205       -2.54256428938482        0.00648852798842
H            1.32880500535800       -2.95941685248327       -0.01652243606605
25
 energy: -219.224698456347 gnorm: 51.636336691795 xtb: 6.6.1 (8d0f1dd)
C            3.21444887413628        1.13323920104087        0.00614912049237
N            2.27009981542180        0.05188190645825       -0.00020380987857
C            2.54191585827810       -1.23990926253163       -0.00817772463299
N            1.39336188144968       -1.95108531539596       -0.00839186454781
C            0.35303704301856       -1.06797847116364        0.00053360566176
C            0.90570724337983        0.19888024770851        0.00628561192588
C            0.08375069458053        1.39484694064263       -0.00164868575849
O            1.81306434613797        1.97966157500332        0.40065483002509
N           -1.27141273408067        1.06981350291226        0.00148259716318
C           -2.23224449622180        2.16668710626805       -0.00253744205815
C           -1.84844064294937       -0.19214757806410        0.00477067921045
O           -3.03272472674693       -0.36085689014143        0.00847859471230
N           -0.96634061918831       -1.30050400111436        0.00173610515205
C           -1.52032438897217       -2.64072938380444       -0.00237185914949
H            2.38544887662759        1.74312212096963        0.58403257522288
H            3.97159510548212        0.99380697510708       -0.75436727582319
H            2.68259463810305        2.07131516897179       -0.15318655949052
H            3.52467652137195       -1.66984477670359       -0.01508219697806
H           -1.67680118513790        3.10043935781364        0.00473210206565
H           -2.85757158941302        2.10545952153655       -0.89202930658690
H           -2.87128073610375        2.09860889440489        0.87646123989691
H           -1.20590039552621       -3.18766428811511        0.88665416529934
H           -1.21975855615097       -3.17680840126556       -0.90285108974046
H           -2.60530291761925       -2.54259063040576        0.00645796324589
H            1.32883360422289       -2.95940497853188       -0.01640975752913
25
 energy: -232.960076842641 gnorm: 197.248419548957 xtb: 6.6.1 (8d0f1dd)
C            3.21451418927340        1.13227357387322        0.00533812281295
N            2.27035192049953        0.05164833835646       -0.00028463661509
C            2.54203739487363       -1.23994518079627       -0.00800922622603
N            1.39329694071856       -1.95112148056132       -0.00823813332638
C            0.35311987443317       -1.06813751367331        0.00056113622788
C            0.90520851842936        0.19879172227060        0.00621515885555
C            0.08399228145557        1.39383522837473       -0.00159988622474
O            2.14479385128788        1.84386672109099        0.50672650922294
N           -1.27121380651319        1.07019441743288        0.00134969270560
C           -2.23226326968608        2.16662349638787       -0.00275045933640
C           -1.84839428094646       -0.19224802156129        0.00466361718431
O           -3.03276986576982       -0.36093086489256        0.00833353211116
N           -0.96636226687842       -1.30051056016617        0.00174049484142
C           -1.52025971440914       -2.64076017140072       -0.00232980997742
H            2.05290229991493        1.88045456091129        0.48025513499856
H            3.97170532610072        0.99394207930882       -0.75424238971181
H            2.68274548193807        2.07230290933396       -0.15432824790883
H            3.52471022155632       -1.66975572253968       -0.01484043707731
H           -1.67689862169168        3.10039257487857        0.00449300621522
H           -2.85759223741070        2.10533431418643       -0.89228095500807
H           -2.87139136813168        2.09856867666673        0.87620769010505
H           -1.20585690044422       -3.18765870208196        0.88673318946561
H           -1.21962502876671       -3.17688675618123       -0.90277168879044
H           -2.60523668801839       -2.54266637068433        0.00643728653181
H            1.32891726228536       -2.95936872693375       -0.01620708317554
25
 energy: -205.067972599804 gnorm: 51.066777826374 xtb: 6.6.1 (8d0f1dd)
C            3.21441772304559        1.13209696892011        0.00461632446065
N            2.27044840915349        0.05160670726435       -0.00078282670013
C            2.54216106742166       -1.23976340329043       -0.00851277936991
N            1.39343967446389       -1.95102919653072       -0.00854903503067
C            0.35322938924476       -1.06815530047920        0.00047649559207
C            0.90505644341168        0.19885386427691        0.00606273119463
C            0.08394669701543        1.39361884477430       -0.00151769079487
O            2.48017680786006        1.71062766715163        0.60404407758009
N           -1.27124445012428        1.07015009934751        0.00165066803265
C           -2.23246247050121        2.16639807196713       -0.00221915287324
C           -1.84836721939094       -0.19243450244101        0.00502481241164
O           -3.03276457189312       -0.36123259233859        0.00891266854472
N           -0.96625792577645       -1.30060888447085        0.00189682430261
C           -1.52001850614799       -2.64091228074239       -0.00212324761976
H            1.71695546251085        2.01458397797999        0.38309138769281
H            3.97146763268604        0.99440040488977       -0.75491971650725
H            2.68271342599022        2.07289085869661       -0.15513909915554
H            3.52485335922268       -1.66943227547087       -0.01553766232719
H           -1.67720352040896        3.10022179627543        0.00495648491661
H           -2.85796854940742        2.10508567454254       -0.89163636179311
H           -2.87143666946568        2.09824842817576        0.87685375452397
H           -1.20539591913391       -3.18782022986786        0.88685889317635
H           -1.21949910676880       -3.17697864963652       -0.90264281092556
H           -2.60500256987469       -2.54292564696549        0.00684995427929
H            1.32918690096711       -2.95925186042812       -0.01654307571086
25
 energy: -215.266336551490 gnorm: 51.799608751633 xtb: 6.6.1 (8d0f1dd)
C            3.22357982643966        1.11856981945500       -0.00163361975061
N            2.27208315882550        0.04723416267991       -0.00246673466305
C            2.54235371356578       -1.24047621111348       -0.00790370379087
N            1.39313519204105       -1.95142455301602       -0.00785633277985
C            0.35364985295621       -1.06859321556958        0.00073097756820
C            0.90381497394044        0.19959668515327        0.00603772471792
C            0.08336705488165        1.39269957918628       -0.00172708293026
O            2.40830409445455        1.74967196416552        0.59860504950125
N           -1.27046002621948        1.07024768913045        0.00102381378952
C           -2.23243823365439        2.16610983997100       -0.00324775280373
C           -1.84805758091405       -0.19258910202407        0.00453347980889
O           -3.03307031998604       -0.36150573222745        0.00818868447955
N           -0.96633330132654       -1.30064605965712        0.00186924478710
C           -1.51980993037169       -2.64098956066825       -0.00202202357536
H            1.77691500706678        1.99003140759793        0.40360081038061
H            3.97143857970514        0.99546672500036       -0.75462848947341
H            2.68406475529165        2.07835674993886       -0.16010036886141
H            3.52491666217595       -1.66913047979041       -0.01438237306151
H           -1.67749290807565        3.10007673242744        0.00388743932541
H           -2.85795414095776        2.10465447894858       -0.89280196125070
H           -2.87185365290923        2.09816421201245        0.87567785576166
H           -1.20533916464801       -3.18775498991078        0.88713843791974
H           -1.21899860787982       -3.17726755045059       -0.90236698465219
H           -2.60479942734144       -2.54314392716824        0.00665786398609
H            1.32941593703972       -2.95912012247105       -0.01564233653297
25
 energy: -225.551088263718 gnorm: 50.883163642334 xtb: 6.6.1 (8d0f1dd)
C            3.22841959979337        1.10876545629506       -0.00484079747204
N            2.27366635700128        0.04309216253290       -0.00503130456027
C            2.54219409323532       -1.24186406688492       -0.00948835561545
N            1.39227539433458       -1.95214815754227       -0.00906581084387
C            0.35368213378323       -1.06907600325168        0.00027088207868
C            0.90285482170852        0.19996369395766        0.00569461843629
C            0.08281164754360        1.39184956559237       -0.00114610351689
O            2.33755236909431        1.76608891380597        0.56647977439491
N           -1.26928216416866        1.07072667497485        0.00195981623833
C           -2.23171880486436        2.16657053398572       -0.00146369016476
C           -1.84785411930602       -0.19216257768926        0.00525966153606
O           -3.03339586550914       -0.36079008718615        0.00933049289762
N           -0.96674365923074       -1.30033665269719        0.00184313978928
C           -1.52040571291870       -2.64055324964050       -0.00234188043783
H            1.84185052291535        1.98170816085065        0.44561241812588
H            3.97140614531532        0.99568673966022       -0.75618358876795
H            2.68659562386745        2.08223115033156       -0.16519928442336
H            3.52449382139073       -1.66989821270809       -0.01632265606865
H           -1.67677932284831        3.10049119796561        0.00581716469118
H           -2.85781940700187        2.10566963879957       -0.89078250263228
H           -2.87101817986855        2.09850744153013        0.87768414776810
H           -1.20568525886117       -3.18778464959105        0.88647944651633
H           -1.22004517733348       -3.17661195181122       -0.90301459928818
H           -2.60536116268918       -2.54251263466597        0.00679725794600
H            1.32873781871715       -2.95937454501398       -0.01717662872715
25
 energy: -242.286720241779 gnorm: 20.476997450312 xtb: 6.6.1 (8d0f1dd)
C            3.23069188715701        1.10391431011239       -0.00355243270961
N            2.27473997545269        0.04116081447325       -0.00425109244386
C            2.54264753207121       -1.24175292157346       -0.00632708010718
N            1.39257071921923       -1.95206665914031       -0.00634503269329
C            0.35416678869554       -1.06930369243960        0.00126184755553
C            0.90208037378320        0.20057921201675        0.00613987922127
C            0.08150998270863        1.39128821977708       -0.00239520365816
O            2.00778446225542        1.92690388758336        0.50622565959334
N           -1.26900165005709        1.07034132669134       -0.00037422330693
C           -2.23228135212857        2.16575817487543       -0.00558022881197
C           -1.84767871781889       -0.19281258972411        0.00337082186493
O           -3.03349148549506       -0.36178726305558        0.00640263480752
N           -0.96644788840086       -1.30064002595874        0.00171213607068
C           -1.51959992890247       -2.64103780161665       -0.00197747243669
H            2.16483960889739        1.82904892929818        0.51309024082809
H            3.97185237507243        0.99689384499040       -0.75360168687280
H            2.68775652273807        2.08604678792732       -0.16791871006307
H            3.52497993751843       -1.66883867473655       -0.01170034244115
H           -1.67780519180511        3.09992398043566        0.00152963336851
H           -2.85763542167273        2.10401660248001       -0.89546143865019
H           -2.87258755921817        2.09823389432239        0.87298306179044
H           -1.20557186779145       -3.18751167412199        0.88757966792817
H           -1.21815321130465       -3.17774444689030       -0.90193484534161
H           -2.60458907326112       -2.54336973295830        0.00600098727411
H            1.32965469638691       -2.95900596116797       -0.01370516286607
25
 energy: -223.976324861345 gnorm: 51.136975726860 xtb: 6.6.1 (8d0f1dd)
C            3.23288894023823        1.09986425253394       -0.00076573233298
N            2.27612755707067        0.04113516333813       -0.00283286830875
C            2.54401125659450       -1.24051649540854       -0.00183644454016
N            1.39367194065102       -1.95142705149364       -0.00220701157333
C            0.35528653698301       -1.06974204403854        0.00284726976121
C            0.90056309840183        0.20200647699817        0.00648874745983
C            0.07727055121071        1.38996244865623       -0.00457418749789
O            1.85020829313184        2.05521688309618        0.51048561494106
N           -1.26876674583157        1.06920606374453       -0.00376424582358
C           -2.23400338602407        2.16354600684326       -0.01165746500759
C           -1.84738157715430       -0.19473376857602        0.00098104560075
O           -3.03353468562338       -0.36455910880830        0.00270205587717
N           -0.96553663063003       -1.30152199589307        0.00195054450297
C           -1.51735545184110       -2.64243345192722       -0.00064775755608
H            2.31397182898385        1.71162655439390        0.51515417236887
H            3.97204473903649        1.00005737610720       -0.75088874108465
H            2.68774285874377        2.09260919443155       -0.17197401532156
H            3.52636458972711       -1.66588980291672       -0.00520100746452
H           -1.68064185403546        3.09832263094262       -0.00508253960248
H           -2.85844829078598        2.10015300709045       -0.90224803402280
H           -2.87566879422862        2.09674758755604        0.86616579626442
H           -1.20394863734593       -3.18749464395975        0.89003794297690
H           -1.21423204021976       -3.18014976977597       -0.89950264506603
H           -2.60242491047370       -2.54577982921808        0.00579069465342
H            1.33222232752089       -2.95796714211635       -0.00824957130421
25
 energy: -239.355227864396 gnorm: 35.810863869798 xtb: 6.6.1 (8d0f1dd)
C            3.23371957856858        1.09666221386781       -0.00175870663780
N            2.27660311023728        0.03946163012083       -0.00465434808451
C            2.54334466517050       -1.24245130432036       -0.00480447068869
N            1.39222738689600       -1.95240408201476       -0.00488516272157
C            0.35467764756743       -1.07010398991311        0.00175606844144
C            0.90033571364706        0.20155353317808        0.00602890569678
C            0.07782922272858        1.38911408083129       -0.00318348231232
O            1.94501395676323        1.97054761094829        0.51089083385244
N           -1.26759611573416        1.07043248294009       -0.00163134527073
C           -2.23240159271459        2.16511686100677       -0.00777113437741
C           -1.84741948296900       -0.19350047626775        0.00243565212459
O           -3.03375527377801       -0.36241165576074        0.00491780417033
N           -0.96640772115158       -1.30075163464995        0.00171018286177
C           -1.51908959631919       -2.64130089303331       -0.00166899052557
H            2.22177156714898        1.79386499093314        0.51710409386876
H            3.97240650301257        0.99828723691179       -0.75318826729563
H            2.68973225134686        2.09238115971832       -0.17354850658026
H            3.52528716947845       -1.66818921876125       -0.00929026450929
H           -1.67849706691618        3.09953585151495       -0.00078846900435
H           -2.85767155926575        2.10296471402754       -0.89792979646978
H           -2.87351679372602        2.09797164383273        0.87047878384843
H           -1.20534195672193       -3.18739599044593        0.88827023226346
H           -1.21701360175555       -3.17842145155575       -0.90124533744226
H           -2.60407790111059       -2.54394560318122        0.00570100523566
H            1.33027140369703       -2.95877916832749       -0.01177366254348
25
 energy: -240.534135494285 gnorm: 61.377524750882 xtb: 6.6.1 (8d0f1dd)
C            3.23670856869653        1.09273201864483       -0.00475688568821
N            2.27765551034861        0.03823681806411       -0.01010651588367
C            2.54375760348554       -1.24247664259217       -0.01158505419789
N            1.39234159547545       -1.95240471497138       -0.00971539520023
C            0.35508710598981       -1.07037640381699        0.00019890023197
C            0.89987145927115        0.20246621286455        0.00448055839332
C            0.07373912679857        1.38960839523981       -0.00172999767841
O            2.15192159664339        1.90265531012159        0.48917224112957
N           -1.26718931339142        1.06937241315639        0.00269449767972
C           -2.23279431411996        2.16440955117659       -0.00011641982442
C           -1.84725561423599       -0.19410349426724        0.00673005061863
O           -3.03384865333595       -0.36320985734675        0.01164187552160
N           -0.96618306902381       -1.30098528960327        0.00283432967900
C           -1.51847390699989       -2.64166803918861       -0.00076526272037
H            2.01385281863819        1.86565393105434        0.53653636931556
H            3.97034629854584        1.00068326470188       -0.76129789792257
H            2.69021089323093        2.09606635152761       -0.17960049532738
H            3.52563254156532       -1.66736582691801       -0.01855207473808
H           -1.67927589576948        3.09906930614061        0.00666385617562
H           -2.86021064817125        2.10317160355390       -0.88891939424891
H           -2.87212063462731        2.09626565666456        0.87948760027772
H           -1.20258941694350       -3.18868140202646        0.88787553114722
H           -1.21823710291664       -3.17777530321593       -0.90159173305005
H           -2.60345581011750       -2.54462926994908        0.00911456148205
H            1.33094077506338       -2.95847604741488       -0.01752162727177
25
 energy: -206.323797789512 gnorm: 52.021137180284 xtb: 6.6.1 (8d0f1dd)
C            3.23633483779032        1.10107344561311       -0.01830305427007
N            2.27782439562578        0.04518094631837       -0.02295068985419
C            2.54805138794739       -1.23376309458415       -0.02665213447491
N            1.39909717460721       -1.94781613309951       -0.01843984368661
C            0.35888824983030       -1.06962990212599       -0.00177591719129
C            0.89909485227985        0.20640527146828        0.00017116171319
C            0.06412325199588        1.39139024368294       -0.00073736677012
O            2.43033546003888        2.04006485329093        0.34165320135588
N           -1.27121472305886        1.06287703268610        0.01168721000575
C           -2.24117094407157        2.15546991764793        0.01521998122609
C           -1.84675982487272       -0.20160628559561        0.01823681455857
O           -3.03287767000967       -0.37504119313675        0.02989915263234
N           -0.96167449680155       -1.30505804895765        0.00835957636842
C           -1.50894320804457       -2.64780700149860        0.00704332171480
H            1.72440883409509        1.74368199732654        0.66287158864586
H            3.96153795473160        1.01594932413027       -0.78349880161043
H            2.68233558491479        2.10744382294510       -0.19444507466301
H            3.53144595317251       -1.65464899296549       -0.03951901522729
H           -1.69115939344567        3.09230207313855        0.01945137476199
H           -2.87363870202408        2.09263121257132       -0.86993506635628
H           -2.87518984701522        2.08442284696781        0.89853589904120
H           -1.18581020014396       -3.19429310500448        0.89345805745216
H           -1.21194842156224       -3.18217094697911       -0.89591883393948
H           -2.59423785467460       -2.55485279386192        0.02332714777349
H            1.34157886279508       -2.95396694837800       -0.02656707130608
25
 energy: -225.144919325055 gnorm: 51.093342101385 xtb: 6.6.1 (8d0f1dd)
C            3.23812636694995        1.09171223100877       -0.01162919718110
N            2.27866335455634        0.04069497688918       -0.01763253275722
C            2.54628164371210       -1.23842007064671       -0.01957945465287
N            1.39571546532460       -1.95018645061713       -0.01428922037943
C            0.35732093080322       -1.07030063167158       -0.00083306766171
C            0.89875532055192        0.20495121301025        0.00213341719556
C            0.06794371042111        1.38977516878358       -0.00117402242379
O            2.32933370403089        1.96640465067546        0.43370737189581
N           -1.26883589765176        1.06598669149101        0.00735915840424
C           -2.23723585763513        2.15942002939212        0.00791379344322
C           -1.84688235706102       -0.19827782204173        0.01274216861832
O           -3.03345194382368       -0.36971028237938        0.02122490725370
N           -0.96378086542834       -1.30318835091041        0.00574871883144
C           -1.51323964298084       -2.64501019470029        0.00334786534810
H            1.81816811612388        1.81296877436794        0.60545329709682
H            3.96572019177514        1.00960972216456       -0.77343269614806
H            2.69594502629076        2.10798257143821       -0.21075823760410
H            3.52882282026912       -1.66039230114175       -0.02954946066139
H           -1.68582756122097        3.09534656441955        0.01335608078396
H           -2.86746827451755        2.09733812868566       -0.87895923886355
H           -2.87394046683078        2.08975453330370        0.88945485387502
H           -1.19347644092657       -3.19174515737629        0.89081757343122
H           -1.21462687059217       -3.18021108636230       -0.89859771391429
H           -2.59838579452684       -2.55025067593088        0.01658194857578
H            1.33678683648662       -2.95601369025155       -0.02223469460568
25
 energy: -241.122582488763 gnorm: 48.361836338574 xtb: 6.6.1 (8d0f1dd)
C            3.24481124747176        1.07821067634689        0.00819801621031
N            2.27963421731722        0.03247528469256       -0.00596502982224
C            2.54212053954468       -1.24772498193526       -0.00564330156290
N            1.38870472880029       -1.95501526089508       -0.00623729671142
C            0.35377527397901       -1.07123180917640        0.00099091655894
C            0.89999598123739        0.20278614773284        0.00634570075854
C            0.07081369701803        1.39114528385771       -0.00251317627953
O            2.01274120276810        1.84704068889808        0.55948728521087
N           -1.26435127962627        1.07038240787015       -0.00102716497100
C           -2.22878427705180        2.16808275377303       -0.00643585909558
C           -1.84725897100652       -0.19105533439925        0.00188975370880
O           -3.03454660031629       -0.35797661350703        0.00387584955968
N           -0.96830829970259       -1.29912204935789        0.00037977614871
C           -1.52269749811128       -2.63889023206634       -0.00435031391273
H            2.14203204381511        1.91803502522882        0.49923390457846
H            3.97376809219789        0.99513946916828       -0.75318510735520
H            2.70625827181500        2.10033948680132       -0.20020904900510
H            3.52304671405179       -1.67302508658280       -0.00984245316856
H           -1.67400722100999        3.10202683053119        0.00158619069903
H           -2.85438835963645        2.10790105233626       -0.89670939028197
H           -2.87068095400767        2.10135543948111        0.87162060419048
H           -1.20987726962177       -3.18630700398682        0.88516350361763
H           -1.22107119833025       -3.17571917480137       -0.90433171354895
H           -2.60752348286567       -2.54011398795170        0.00281545758234
H            1.32622491537028       -2.96050047045829       -0.01396548520860
25
 energy: -202.962666579691 gnorm: 50.737058113374 xtb: 6.6.1 (8d0f1dd)
C            3.24860778293826        1.06551194822298        0.02563878005860
N            2.28044950664783        0.02257566602515        0.00579289254770
C            2.53731387306380       -1.25817457455780        0.00841900841140
N            1.38080883689804       -1.96047804618032        0.00157132974795
C            0.34965547078778       -1.07226520657800        0.00255427451740
C            0.90080971518378        0.19920848068378        0.01054233755457
C            0.07701719919234        1.39064091149168       -0.00329695824212
O            1.72131076164151        1.68475857774914        0.69451854752397
N           -1.25928126545265        1.07656380244412       -0.00937148195502
C           -2.21917099621880        2.17804044795275       -0.02057525803354
C           -1.84770936989140       -0.18275852879761       -0.00932223976868
O           -3.03577369776131       -0.34459439026984       -0.01402844115328
N           -0.97347646509535       -1.29448135662014       -0.00545178498660
C           -1.53348814810523       -2.63191243781013       -0.01291361541724
H            2.44932265015049        2.06654506210329        0.37709015608515
H            3.98282513053758        0.97881362221799       -0.73174903116663
H            2.71253562342151        2.08835489423866       -0.17742223918034
H            3.51646073610123       -1.68744314975535        0.01001310301923
H           -1.66054838291050        3.10965740737185       -0.00969061570721
H           -2.84002450183733        2.12023608537128       -0.91439054419483
H           -2.86641563925283        2.11431064089244        0.85385183019172
H           -1.22803241339425       -3.18038747500898        0.87855865188325
H           -1.22898899827041       -3.17030759786146       -0.91101587092156
H           -2.61794302632752       -2.52855602204327       -0.01196113565345
H            1.31416713205344       -2.96562021968222       -0.00619007726046
25
 energy: -224.026396939131 gnorm: 51.230751384911 xtb: 6.6.1 (8d0f1dd)
C            3.24674551210514        1.06988332626889        0.01828194920453
N            2.28077549634575        0.02537401707259       -0.00004016854324
C            2.53946605349971       -1.25423748686718        0.00242678864709
N            1.38397069584029       -1.95839763475708       -0.00161524301502
C            0.35151072664570       -1.07206811750430        0.00181732672719
C            0.89962579787081        0.20024775349429        0.00829314847969
C            0.07412474556376        1.38959926058766       -0.00298921706226
O            1.84550624250220        1.75545403547850        0.64018668261727
N           -1.26106482295016        1.07444678091399       -0.00588628925517
C           -2.22313826803455        2.17378591184072       -0.01472304490895
C           -1.84745492380516       -0.18649031403220       -0.00461413195064
O           -3.03528837715097       -0.35018862047545       -0.00656104545930
N           -0.97143222818590       -1.29639507501251       -0.00297173657551
C           -1.52894440024974       -2.63483456119870       -0.00925314771174
H            2.31748794635158        2.00646389965423        0.42786699269219
H            3.97945783234955        0.98579229418657       -0.74095108168416
H            2.71064580819484        2.09338615372002       -0.18716940165059
H            3.51927479580334       -1.68141223665866        0.00178766170782
H           -1.66625925385565        3.10643281631806       -0.00507552263693
H           -2.84607329046764        2.11497746074636       -0.90706845768171
H           -2.86825464411323        2.10885485632387        0.86119075182036
H           -1.22037327437650       -3.18286098444272        0.88139963783631
H           -1.22559701629031       -3.17261783954186       -0.90813269223913
H           -2.61353847240396       -2.53345111963469       -0.00572549145016
H            1.31925883291109       -2.96350603488036       -0.00930265000795
25
 energy: -241.754826851598 gnorm: 22.369716045434 xtb: 6.6.1 (8d0f1dd)
C            3.24454159076882        1.07419397244106        0.01116428862676
N            2.28098671654373        0.02818069193987       -0.00591768525486
C            2.54157989150282       -1.25030873880905       -0.00372372997924
N            1.38714375511470       -1.95630989327176       -0.00494404444319
C            0.35333504357100       -1.07180616157473        0.00106522604318
C            0.89852823350740        0.20149129777456        0.00619532566913
C            0.07057781393327        1.38873508397531       -0.00277683271554
O            1.97067117407573        1.82647190533690        0.58248528542867
N           -1.26280134233230        1.07213313881483       -0.00234890543328
C           -2.22711027927147        2.16949422373830       -0.00867596038828
C           -1.84722354389311       -0.19018460936840        0.00020270090827
O           -3.03482934818793       -0.35584664965142        0.00110464587908
N           -0.96931208339046       -1.29832738810714       -0.00045673457902
C           -1.52437201996363       -2.63777562062804       -0.00556269574461
H            2.18657256338740        1.94571491250194        0.47963647002294
H            3.97596034571221        0.99297018955718       -0.75037102439809
H            2.70792457592036        2.09855737187856       -0.19524943209296
H            3.52210208087601       -1.67534401967513       -0.00669965392106
H           -1.67199355943208        3.10318545545122       -0.00026320009159
H           -2.85219806631443        2.10971234857436       -0.89949964318358
H           -2.87005395560592        2.10333953282253        0.86877290984571
H           -1.21262844764793       -3.18537060218743        0.88424221191634
H           -1.22223272447498       -3.17491859841701       -0.90524817311372
H           -2.60911011213732       -2.53837119860806        0.00061593468803
H            1.32437321183811       -2.96137810290845       -0.01257566578908
25
 energy: -200.462503312713 gnorm: 1000.997866414279 xtb: 6.6.1 (8d0f1dd)
C            3.24234434812217        1.07449385009645        0.00822927853748
N            2.28193543474516        0.02809321299927       -0.01137710487787
C            2.54314653407122       -1.24847814360859       -0.00846665667741
N            1.38906011631257       -1.95518180431405       -0.00748509205476
C            0.35471044069570       -1.07195264153489        0.00047750461809
C            0.89716959726610        0.20251040695453        0.00452480621841
C            0.06637696005986        1.38736269836714       -0.00261717019311
O            2.05749592899447        1.87993353618068        0.53957765678570
N           -1.26344209163605        1.07048790419230        0.00023759148439
C           -2.22970242277348        2.16635109691766       -0.00413426219864
C           -1.84699431388543       -0.19287937162742        0.00373006800070
O           -3.03464141367482       -0.35983577655276        0.00674404171685
N           -0.96786744736489       -1.29966770872503        0.00135710827535
C           -1.52115936093934       -2.63981437485376       -0.00294336850974
H            2.09648258048719        1.90423187304230        0.52109271684008
H            3.97356247352204        0.99891997951942       -0.75781477724644
H            2.70671721346726        2.10400182535927       -0.20404005305423
H            3.52413083007850       -1.67114581881173       -0.01302638338005
H           -1.67605253775907        3.10088543628740        0.00341760558725
H           -2.85658743363001        2.10600993887638       -0.89381049378992
H           -2.87124969447174        2.09937838086948        0.87442714162005
H           -1.20707505958761       -3.18717787601607        0.88620504490637
H           -1.21990453486327       -3.17649628277332       -0.90324569938564
H           -2.60598464911187       -2.54184683786465        0.00518668122835
H            1.32796001597536       -2.95994496138003       -0.01507456655124
