25
 energy: -43.256439615446 gnorm: 2.837032350329 xtb: 6.6.1 (8d0f1dd)
C            3.21786164340000        1.13591514650000        0.01837059260000
N            2.27034809790000        0.05199982890000        0.00038279530000
C            2.54167221030000       -1.23971668410000       -0.00834188300000
N            1.39367826450000       -1.95088267900000       -0.00850347120000
C            0.35269634020000       -1.06748964300000        0.00059917290000
C            0.90759959010000        0.20069750900000        0.00663590170000
C            0.07590235260000        1.39864294500000       -0.00284827040000
O            0.48715076820000        2.53168346660000       -0.01725767220000
N           -1.27221500230000        1.06666939660000        0.00165480230000
C           -2.23229981500000        2.16656245330000       -0.00245172030000
C           -1.84872931540000       -0.19179276200000        0.00496135950000
O           -3.03273030250000       -0.36103538130000        0.00858583760000
N           -0.96599111670000       -1.30060631840000        0.00174701630000
C           -1.52030655580000       -2.64076660390000       -0.00239033190000
H            3.71480285180000        1.18589984860000        0.98803183970000
H            3.97079415090000        0.99383197990000       -0.75543416370000
H            2.68321036910000        2.07051068580000       -0.15067179540000
H            3.52469367910000       -1.66989040330000       -0.01523639120000
H           -1.67672429040000        3.10039111610000        0.00486339690000
H           -2.85755792270000        2.10547813320000       -0.89185337000000
H           -2.87119733260000        2.09858159720000        0.87661144540000
H           -1.20589108080000       -3.18768007210000        0.88663215920000
H           -1.21982032550000       -3.17678505510000       -0.90288069810000
H           -2.60531402170000       -2.54255916880000        0.00649952960000
H            1.32879827740000       -2.95942079410000       -0.01653446370000
25
 energy: -47.557789222357 gnorm: 5.600438539822 xtb: 6.6.1 (8d0f1dd)
C            3.20512348451783        1.11584566481602        0.01808047189493
N            2.16867874822819       -0.28216492109063       -0.00134694378225
C            2.54071922435039       -1.26777276772416       -0.00848321399669
N            1.39718522786956       -1.92788293664029       -0.00831375327109
C            0.34910452961564       -1.06738906141516        0.00061704030350
C            0.90105018173452        0.18917648211311        0.00658556130871
C            0.07726204712037        1.39850453853079       -0.00284182635056
O            0.48744512788732        2.53195508990140       -0.01726885432715
N           -1.27226448852776        1.06681954111428        0.00165819697911
C           -2.23225198802998        2.16652178758965       -0.00244962396767
C           -1.84858909717704       -0.19183248427678        0.00495998031577
O           -3.03285296923197       -0.36103544482090        0.00858563287231
N           -0.96652868942085       -1.30075696190889        0.00174541487215
C           -1.52032243471995       -2.64075245565217       -0.00239103984245
H            3.71445979481633        1.18575293326392        0.98756525496105
H            3.97047043260653        0.99394340820348       -0.75506071619886
H            2.68263705476287        2.06906929699409       -0.15060288877163
H            3.52552155843120       -1.66980202644993       -0.01524391465682
H           -1.67671829232747        3.10040273352010        0.00486402822291
H           -2.85758043681648        2.10547166938342       -0.89185864962276
H           -2.87122065443691        2.09857467427595        0.87661731861202
H           -1.20587139386780       -3.18768597474753        0.88662773108502
H           -1.21979979843501       -3.17679093128512       -0.90287822907367
H           -2.60531294266453       -2.54257622145797        0.00649773383415
H            1.45008728781498       -2.58735709063669       -0.01449309350003
25
 energy: -53.801536540062 gnorm: 10.251965229960 xtb: 6.6.1 (8d0f1dd)
C            3.19487303515485        1.09872303850263        0.01787182348891
N            2.05053416346026       -0.62360501163694       -0.00309335800285
C            2.54953474226737       -1.31403043211138       -0.00877061340337
N            1.39188320135289       -1.85625847453920       -0.00761780652353
C            0.34359893453324       -1.06601376590347        0.00065030003026
C            0.89505802882405        0.17920517887560        0.00654089541784
C            0.07865767171510        1.39888521599355       -0.00284689380499
O            0.48774305363746        2.53194449243314       -0.01727842176754
N           -1.27195620398170        1.06688033573156        0.00166405430431
C           -2.23208683714749        2.16664327161998       -0.00244786821086
C           -1.84858696757930       -0.19187436123511        0.00496124063202
O           -3.03285980253775       -0.36085207439744        0.00858641729712
N           -0.96718708514466       -1.30111397902127        0.00174437668459
C           -1.52055050411954       -2.64081389689811       -0.00238956274012
H            3.71381215501655        1.18504574038983        0.98701480801333
H            3.96986411771134        0.99355286971298       -0.75468322244059
H            2.68191524878275        2.06710794920144       -0.15054511364962
H            3.52694517025441       -1.67102318646227       -0.01525527337726
H           -1.67656093532646        3.10049910472133        0.00486376310142
H           -2.85747208361949        2.10561071779188       -0.89185948769223
H           -2.87111232739231        2.09871560056147        0.87661943792122
H           -1.20600129446589       -3.18761337443421        0.88659121707321
H           -1.21992916885626       -3.17671919892668       -0.90283873130908
H           -2.60545263318432       -2.54246153863886        0.00649919791982
H            1.58576783474489       -2.24219567973042       -0.01280956106199
25
 energy: -62.121718837518 gnorm: 11.730482145972 xtb: 6.6.1 (8d0f1dd)
C            3.18974221070249        1.08757828870040        0.01774993295454
N            1.90948839395307       -0.88846204553947       -0.00448730453921
C            2.60173731342665       -1.39446081239421       -0.00938695569962
N            1.27116045601270       -1.64114625277820       -0.00448753424237
C            0.33182129407239       -1.05978786644082        0.00075899060174
C            0.89217311562607        0.17397704741681        0.00651587418282
C            0.08065017398871        1.40009316141092       -0.00288457645294
O            0.48946386403667        2.53145815645329       -0.01731019938562
N           -1.27097697801871        1.06766487268930        0.00166715860409
C           -2.23049693465219        2.16830287649735       -0.00245451642836
C           -1.84878181176624       -0.19070419793822        0.00497763700591
O           -3.03300328714026       -0.35870460115532        0.00861298627141
N           -0.97018290529864       -1.30065265397871        0.00176598873870
C           -1.52225145062441       -2.63996766645855       -0.00234635250166
H            3.71413943007825        1.18220933241681        0.98650595212617
H            3.97001636427329        0.99071448065977       -0.75441176759989
H            2.68316910057067        2.06416579411455       -0.15053189095077
H            3.52914294221142       -1.67593210325533       -0.01529193783429
H           -1.67437663773337        3.10173147881607        0.00483952231726
H           -2.85596242821146        2.10763887696491       -0.89186427319268
H           -2.86959435826526        2.10077536584672        0.87661806630565
H           -1.20812856079357       -3.18668232006475        0.88659547644804
H           -1.22206184200863       -3.17580100628898       -0.90274806600066
H           -2.60719373672460       -2.54058805641757        0.00654965993976
H            1.81073778638497       -2.10518160767676       -0.01378025276802
25
 energy: -70.421879842619 gnorm: 16.630095433824 xtb: 6.6.1 (8d0f1dd)
C            3.18691776581625        1.08231787210286        0.01774892891334
N            1.77223811650244       -1.20572306071901       -0.00648655569123
C            2.67952080297313       -1.47356898447386       -0.01008962928391
N            1.16225763604441       -1.48886920975923       -0.00204774771345
C            0.31594799016345       -1.05341611543578        0.00085342013360
C            0.89085485667506        0.17068788582064        0.00650119717016
C            0.08216527602344        1.40116594952167       -0.00290696121907
O            0.48955220676408        2.53121760792490       -0.01730358269794
N           -1.27076924066216        1.06744623065900        0.00167574517533
C           -2.23017404441404        2.16864433253762       -0.00244719609277
C           -1.84909490502841       -0.19009525619453        0.00497997164634
O           -3.03308104769085       -0.35835789695291        0.00861338915253
N           -0.97205240372963       -1.30120107411973        0.00176537007716
C           -1.52268192198482       -2.63990200430431       -0.00234869561902
H            3.71380304729430        1.18136433063562        0.98615081508190
H            3.96966072736962        0.99000912401877       -0.75421636827639
H            2.68327081984435        2.06275484242306       -0.15048183827197
H            3.53433473833467       -1.67805095923537       -0.01532787618082
H           -1.67397232575781        3.10195297270469        0.00484500532227
H           -2.85567583267870        2.10801143980096       -0.89186716943045
H           -2.86930827230487        2.10114862757241        0.87663028835851
H           -1.20852291156439       -3.18651677289611        0.88656482217737
H           -1.22245531525620       -3.17563192095378       -0.90272400196406
H           -2.60754701786179       -2.54026116254350        0.00654757057078
H            1.99524276922848       -1.85688825653408       -0.01345728343819
25
 energy: -70.748415293671 gnorm: 71.499462754507 xtb: 6.6.1 (8d0f1dd)
C            3.19586466881844        1.10582930815561        0.01826574567833
N            1.82339648064688       -1.47696767590628       -0.01009675140857
C            2.80495579988798       -1.50719056982169       -0.01069163105485
N            1.02938712309703       -1.54265481398436       -0.00100854771319
C            0.28089016305470       -1.03749193128948        0.00096449005287
C            0.89669184248814        0.18396327174524        0.00657510648339
C            0.07990802502025        1.40116644235083       -0.00284765383216
O            0.48263452942756        2.53195228629422       -0.01712840832395
N           -1.27417885043035        1.06325961060913        0.00170257975565
C           -2.23556999342935        2.16301094085044       -0.00238431277658
C           -1.84936618727556       -0.19357668830471        0.00491470358944
O           -3.03260862112083       -0.36603440594891        0.00849881079205
N           -0.97031758016091       -1.30484609068902        0.00166448940501
C           -1.51687072660040       -2.64382899768187       -0.00254880510165
H            3.71028990701450        1.18941056429419        0.98625669494871
H            3.96669420797295        0.99878278838136       -0.75412964064097
H            2.67834477547591        2.06830382577783       -0.15023287820629
H            3.54440943946358       -1.66954850742141       -0.01533796012597
H           -1.68160885857577        3.09761946375661        0.00497591117911
H           -2.86090697193824        2.10090376959587       -0.89184517305735
H           -2.87457843808418        2.09390657320033        0.87667871078545
H           -1.20110996049793       -3.18977921000428        0.88634722541656
H           -1.21501326732983       -3.17882316592298       -0.90295117537356
H           -2.60167390005998       -2.54685558580421        0.00631838393085
H            1.98076790723541       -1.52227266063247       -0.01078829650231
25
 energy: -75.613520199235 gnorm: 12.720585340902 xtb: 6.6.1 (8d0f1dd)
C            3.20074756465371        1.10580346927547        0.01836077315208
N            1.71684561829569       -1.50968400487784       -0.01135849009546
C            2.84140273791212       -1.51538461334356       -0.01084323242896
N            0.92698103927954       -1.59174221628841       -0.00009390691826
C            0.25065027204964       -1.02372702280213        0.00105704148240
C            0.89715372063399        0.18860240365489        0.00659395235486
C            0.08246939229363        1.40116728768143       -0.00282296279747
O            0.48665216314249        2.53152424692834       -0.01708412901806
N           -1.27267718190553        1.06518437887648        0.00173427564895
C           -2.23201078940593        2.16675620167063       -0.00232224784976
C           -1.84984079827580       -0.18987111804946        0.00492952023179
O           -3.03317589457273       -0.36104884004844        0.00852081516457
N           -0.97422206652603       -1.30332507328903        0.00165683926662
C           -1.52101865642213       -2.64119539183088       -0.00257754236231
H            3.71204743025426        1.18340237351049        0.98620352257564
H            3.96811263349152        0.99239031483017       -0.75415950436678
H            2.68183528654477        2.06404571400038       -0.15020053109990
H            3.54872776053000       -1.67541312741077       -0.01543132325932
H           -1.67653927051762        3.10047771548805        0.00504822074928
H           -2.85743985020328        2.10565954075848       -0.89178629695080
H           -2.87110788007721        2.09865321818264        0.87674835594004
H           -1.20602381974204       -3.18769434131133        0.88631420257480
H           -1.21992465220939       -3.17668533010643       -0.90300865302901
H           -2.60560152012359       -2.54253666020955        0.00629695317718
H            2.16638827499990       -1.46712058368962       -0.01060403424211
25
 energy: -76.173039034552 gnorm: 11.240659509193 xtb: 6.6.1 (8d0f1dd)
C            3.18461304675247        1.08428389434132        0.01801007528718
N            1.84338045970726       -1.27280619605986       -0.01017690349799
C            2.79847981311641       -1.47998124264070       -0.01005304564990
N            0.94271747921622       -1.73639755336384        0.00106612832353
C            0.15636116430594       -0.94057594027288        0.00139550769118
C            0.88253523899151        0.19021399915751        0.00661921381049
C            0.08228604483619        1.40122544832775       -0.00280887148811
O            0.48783244913638        2.53231976920346       -0.01714176368357
N           -1.27277924594590        1.06562336270352        0.00172830865924
C           -2.23179511932975        2.16710036522254       -0.00232299807226
C           -1.85196540082340       -0.18927962520710        0.00494345010683
O           -3.03423933870348       -0.36021096318920        0.00855439411301
N           -0.99224351331604       -1.29909680385283        0.00171086570814
C           -1.52132529144069       -2.64146205923753       -0.00253610166691
H            3.71086127447487        1.18179269705243        0.98535248787755
H            3.96667553255301        0.99095710422031       -0.75357577163668
H            2.68128469215428        2.06168850986394       -0.15014540105899
H            3.60487654346600       -1.69038276342286       -0.01585100283137
H           -1.67600067118537        3.10074337731337        0.00503086976638
H           -2.85712963507765        2.10611670936254       -0.89177436668683
H           -2.87078554557458        2.09913223380962        0.87674377923734
H           -1.20644479930111       -3.18746381129646        0.88639787767011
H           -1.22036109425054       -3.17647149272510       -0.90300433209417
H           -2.60608157270652       -2.54221131480240        0.00634574415596
H            2.15967900304451       -1.64661916290755       -0.01333652614016
25
 energy: -77.883860604673 gnorm: 2.208042037117 xtb: 6.6.1 (8d0f1dd)
C            3.20438859889997        1.12523623549815        0.01883865475247
N            1.83042472450346       -1.39946843797805       -0.01276015466949
C            3.03836754974608       -1.50771889988575       -0.01015980570292
N            0.79503819824807       -1.84794832039526        0.00397616422703
C            0.03909767360026       -0.84828700850698        0.00179256235126
C            0.88890449026460        0.22167987502361        0.00670473351967
C            0.08152976364249        1.40138974532711       -0.00280095228185
O            0.48208528121286        2.53422427997909       -0.01705783109394
N           -1.27639233520690        1.06160263898213        0.00174760043200
C           -2.23569106496056        2.16298336611113       -0.00226981233426
C           -1.85500194238457       -0.18980550977124        0.00491652310777
O           -3.03564690442720       -0.36535409441293        0.00851129123736
N           -1.01197791397089       -1.30007502783932        0.00169992699041
C           -1.51760354678251       -2.64420769423626       -0.00263153870214
H            3.70750952964673        1.18650351715464        0.98583394626334
H            3.96366922644855        0.99595010156400       -0.75414028507567
H            2.67787094762498        2.06621496992952       -0.15010160909547
H            3.67958700962430       -1.69639108449605       -0.01630562283238
H           -1.68140976770920        3.09763612124401        0.00510766180773
H           -2.86095353192336        2.10100834290851       -0.89179845137228
H           -2.87462370948504        2.09395035873947        0.87682893480690
H           -1.20102199711032       -3.18976700564505        0.88630520340947
H           -1.21493631960076       -3.17874284847704       -0.90313260817328
H           -2.60199977997812       -2.54707276700627        0.00623450623396
H            2.13921733417708       -1.51530231221118       -0.01416741990568
25
 energy: -78.045516904322 gnorm: 1.828536490998 xtb: 6.6.1 (8d0f1dd)
C            3.19588358842954        1.11316367424554        0.01874871213438
N            1.84420903615919       -1.42019316109815       -0.01323051046916
C            2.94630896749710       -1.46501816039516       -0.00845178345377
N            0.77409077253392       -1.86208046986016        0.00463573107841
C            0.05700766903106       -0.83902190822913        0.00199648235344
C            0.87890189744235        0.22389840631146        0.00665824659892
C            0.08345096760227        1.40240027942176       -0.00283735716251
O            0.48230422336036        2.53674723402956       -0.01709416400725
N           -1.27811397339041        1.06200415184653        0.00175175331713
C           -2.23537202556510        2.16314529401580       -0.00225442408356
C           -1.86160042771019       -0.18814478927663        0.00489908771579
O           -3.04120566152209       -0.36298402319852        0.00853210855068
N           -1.04949433032274       -1.30114313457477        0.00166891947173
C           -1.51970442922947       -2.64504964955759       -0.00262958679817
H            3.70553379447151        1.18412774476570        0.98530755131704
H            3.96154117420314        0.99379289120632       -0.75387527776254
H            2.67671784175257        2.06339691248707       -0.15004079796219
H            3.80815577680923       -1.73200311920129       -0.01761908933764
H           -1.68102015606440        3.09786077332753        0.00511379722082
H           -2.86083809507368        2.10130541591681       -0.89182226235531
H           -2.87451542249462        2.09424906994749        0.87686256525359
H           -1.20098214676725       -3.18931325528732        0.88615836505717
H           -1.21489384545534       -3.17828916150271       -0.90299194783045
H           -2.60291576575966       -2.54725893700427        0.00622871247858
H            2.16698208416269       -1.48735353673587       -0.01454321342513
25
 energy: -78.218166988882 gnorm: 3.075078736822 xtb: 6.6.1 (8d0f1dd)
C            3.22855275008961        1.17548846930389        0.02001119153443
N            1.73467838460618       -1.32757889959896       -0.01336661751067
C            3.09974768846254       -1.46666461644249       -0.00684861345317
N            0.74795286547844       -2.01702089534047        0.00526692789503
C            0.02939444634371       -0.78786323356230        0.00242108000225
C            0.88231879715867        0.26669445635130        0.00679269339685
C            0.08357581742941        1.40807407017061       -0.00299927688343
O            0.47845424630756        2.54168664561611       -0.01713836409248
N           -1.28189415723152        1.05987067265370        0.00175368114157
C           -2.23631965176650        2.16222055910833       -0.00222404023694
C           -1.87588739099773       -0.18263278354922        0.00489083085580
O           -3.05255374427111       -0.36063424435577        0.00858564349883
N           -1.11283173636335       -1.30101924814048        0.00165447074582
C           -1.52285768571641       -2.64672729779922       -0.00259630744147
H            3.70299659049248        1.18290402972971        0.98737340080930
H            3.95887603262299        0.99195743812993       -0.75593892178030
H            2.67535903827234        2.06797336810082       -0.15059037171744
H            4.02237788118461       -1.78023962021251       -0.01953925606329
H           -1.68219590896456        3.09710865769802        0.00511216121653
H           -2.86194420050818        2.10006627156460       -0.89190301726050
H           -2.87562571550505        2.09302165579986        0.87695688193731
H           -1.19907496677623       -3.18929436512122        0.88597039272890
H           -1.21299595187241       -3.17829386020148       -0.90276365637649
H           -2.60325419300967       -2.54953609924537        0.00624234785895
H            2.03358227863418       -1.54132258905737       -0.01595164290535
25
 energy: -78.279050877043 gnorm: 0.866123526131 xtb: 6.6.1 (8d0f1dd)
C            3.22474799702002        1.16682048150163        0.01996429979747
N            1.76351648010230       -1.36628258497814       -0.01395813761610
C            3.08550667783298       -1.45713757953588       -0.00627404451244
N            0.73417576036618       -2.00602559608018        0.00575616650959
C            0.03424066529690       -0.79530596781732        0.00269507072823
C            0.87933028060451        0.26032358701939        0.00677474344942
C            0.08394629910773        1.41082145367856       -0.00307117951204
O            0.47762897027148        2.54416891993400       -0.01716965637867
N           -1.28348472728962        1.06079471697008        0.00175783843060
C           -2.23659271559703        2.16199886193243       -0.00220639258896
C           -1.88233412617703       -0.18140421027301        0.00486757252917
O           -3.05959114860449       -0.35805096788001        0.00861372755877
N           -1.12420672884044       -1.29669528268847        0.00159951412703
C           -1.52490459868418       -2.64756674290405       -0.00259760896032
H            3.70152769160601        1.18195587108724        0.98756492660431
H            3.95744337511135        0.99133351270022       -0.75608766356495
H            2.67294545862175        2.06718803428685       -0.15078023633278
H            4.02496421232807       -1.78233362651402       -0.01967889780431
H           -1.68258149611674        3.09696509459275        0.00512248296759
H           -2.86238773950551        2.09969756548230       -0.89195169851227
H           -2.87607788077665        2.09264911527175        0.87702106874403
H           -1.19836003770151       -3.18912573226313        0.88578914202542
H           -1.21227866610711       -3.17813696513365       -0.90260019964348
H           -2.60425485316130       -2.55090208774568        0.00623171455635
H            2.06751236439233       -1.50751132904365       -0.01621093470169
25
 energy: -78.294635583774 gnorm: 0.405813795577 xtb: 6.6.1 (8d0f1dd)
C            3.22808327320785        1.17016430414413        0.02011006217199
N            1.76889567756765       -1.36017986715750       -0.01381448902165
C            3.09693779247467       -1.45215345722318       -0.00575048110293
N            0.73318971824584       -2.02007254269662        0.00600366742425
C            0.03688462990532       -0.80415934576559        0.00304350761708
C            0.87777404266438        0.25933432586802        0.00680189655282
C            0.08391012201292        1.41472800018807       -0.00319945560226
O            0.47654780600508        2.54742801562002       -0.01724997784739
N           -1.28526319055002        1.06188654737013        0.00174872955013
C           -2.23667477075271        2.16219650409029       -0.00221037145528
C           -1.89103913643096       -0.17871973149946        0.00485185957931
O           -3.06897447012797       -0.35411646512314        0.00866819722900
N           -1.13811465471443       -1.29083864873639        0.00156217353626
C           -1.52808975923857       -2.64806577780792       -0.00254844859639
H            3.70026092438322        1.18042632973434        0.98843696976740
H            3.95618406457964        0.98989170621547       -0.75684891782523
H            2.67064678153859        2.06747379580118       -0.15118605348337
H            4.04380760989245       -1.78781739258743       -0.01993589102355
H           -1.68259964279932        3.09705480330641        0.00509060458511
H           -2.86262448263358        2.09968811431766       -0.89202546757726
H           -2.87631921705698        2.09266662845040        0.87706915764121
H           -1.19794442400737       -3.18862812138216        0.88560683592777
H           -1.21186476278372       -3.17768418374110       -0.90232438191351
H           -2.60605528452098       -2.55239689572449        0.00627123559365
H            2.07287286723899       -1.50986810406113       -0.01699934382716
25
 energy: -78.335950883092 gnorm: 0.978869004854 xtb: 6.6.1 (8d0f1dd)
C            3.24263137190050        1.18269498047985        0.02069129958803
N            1.80573994939722       -1.34184205766883       -0.01257257868055
C            3.14990100586306       -1.42520003273805       -0.00295757458539
N            0.73253228018107       -2.07041723164038        0.00718954733109
C            0.04944768195453       -0.85677384858942        0.00487352983634
C            0.86802569193810        0.24881415624285        0.00693746686621
C            0.08349796396975        1.43277554231161       -0.00388973060133
O            0.47107479721113        2.56395081809583       -0.01772493869473
N           -1.29416741931003        1.06777551255283        0.00168383630285
C           -2.23731045548337        2.16357270076961       -0.00226751356682
C           -1.93529176937072       -0.16481736836758        0.00478197548268
O           -3.11771725943419       -0.33278575221899        0.00896979600325
N           -1.19801669801687       -1.26137143977876        0.00139618186304
C           -1.54455186876344       -2.64972084056090       -0.00223589546528
H            3.69389214849093        1.17270768182303        0.99310640118783
H            3.95002358894250        0.98269033945428       -0.76100939210992
H            2.65847778922360        2.06837340160053       -0.15329328260404
H            4.12176694641707       -1.81205984989140       -0.02106303410715
H           -1.68288270864843        3.09766686781234        0.00487249897185
H           -2.86401052440555        2.09963769638268       -0.89243381690331
H           -2.87772121096967        2.09279003968159        0.87728873533126
H           -1.19581185418569       -3.18572890513266        0.88459311249515
H           -1.20974644978927       -3.17506764381055       -0.90068840069811
H           -2.61617890617780       -2.56081394242899        0.00653923834233
H            2.10682742316559       -1.51861228278052       -0.02161584368530
25
 energy: -78.358900135903 gnorm: 0.939007520325 xtb: 6.6.1 (8d0f1dd)
C            3.25164249888190        1.18858983796730        0.02107560732123
N            1.84298279662742       -1.34084916778715       -0.01356452272470
C            3.18623969864738       -1.40136357949886       -0.00059034804325
N            0.73521572176752       -2.09327799677301        0.00806474093622
C            0.05867911082345       -0.90337809725564        0.00626443123417
C            0.85769843132971        0.23566094202785        0.00700564316337
C            0.08301418568778        1.44460895213707       -0.00433418158832
O            0.46679046058427        2.57667534820994       -0.01796308214967
N           -1.30123079995196        1.07273393428087        0.00168388865961
C           -2.23811632966601        2.16533862263833       -0.00221339996616
C           -1.97073572761536       -0.15320337340451        0.00470029225260
O           -3.15723829747228       -0.31414635862176        0.00915369302631
N           -1.23580968555092       -1.24016508855667        0.00120247903447
C           -1.55801123937454       -2.64991997880275       -0.00215947088041
H            3.68882097962723        1.16637314217042        0.99722342844550
H            3.94540227819938        0.97701682574614       -0.76452599669710
H            2.64848017639035        2.06814579635894       -0.15474190156229
H            4.16934116277611       -1.82863510851189       -0.02184195460527
H           -1.68325890324413        3.09843445157172        0.00486428959437
H           -2.86526248066070        2.09978074926485       -0.89265267285875
H           -2.87900900061907        2.09296757336758        0.87754369224988
H           -1.19424783026000       -3.18290296926555        0.88335354281902
H           -1.20816674622911       -3.17238402906558       -0.89934034253834
H           -2.62555110646249       -2.56846418941136        0.00657933867205
H            2.14276215986408       -1.51939769718627       -0.02361557589454
25
 energy: -78.384692454800 gnorm: 0.338596037371 xtb: 6.6.1 (8d0f1dd)
C            3.26347636872142        1.19566167906035        0.02154521151893
N            1.90491781044659       -1.34771157463964       -0.01647165548186
C            3.24085668715836       -1.36297893101915        0.00323044956677
N            0.74534125382435       -2.11202303997650        0.00926895840605
C            0.06721627870034       -0.97581843887798        0.00829862253631
C            0.83792771327572        0.21072578056030        0.00708663693332
C            0.08196217702902        1.45765777050382       -0.00493986306176
O            0.46018528833209        2.59427244387583       -0.01823891941115
N           -1.31190757439320        1.08043434941375        0.00171928011992
C           -2.23998993840556        2.16957497538577       -0.00207071203962
C           -2.02456495063030       -0.13463372126818        0.00457900975357
O           -3.21726554009858       -0.28293093939196        0.00938581001102
N           -1.27679331657461       -1.21389480352293        0.00093228907623
C           -1.57907674929587       -2.64815113980468       -0.00215298117312
H            3.68130811739961        1.15651652740891        1.00418056324608
H            3.93907843386603        0.96840605084543       -0.77053775240425
H            2.63315788604065        2.06631215303975       -0.15668229058062
H            4.22570070563583       -1.85079488119805       -0.02280296113071
H           -1.68407758613583        3.10027654517018        0.00496047046693
H           -2.86744269017368        2.10041885003287       -0.89289373720496
H           -2.88125929499567        2.09359072874926        0.87796680354798
H           -1.19232737969281       -3.17742916124577        0.88083007682123
H           -1.20619589448835       -3.16710491734156       -0.89689501612351
H           -2.64238109020474       -2.58187419367954        0.00653432943330
H            2.20258479875915       -1.52026357048026       -0.02566100492608
25
 energy: -78.397603781834 gnorm: 0.182627326024 xtb: 6.6.1 (8d0f1dd)
C            3.27185640405938        1.20247903939744        0.02176094958223
N            1.94865888119227       -1.35164738890061       -0.01760601368125
C            3.28533906207766       -1.33471729542913        0.00624418683525
N            0.75846838124214       -2.12063613773326        0.01003570936687
C            0.06393375020517       -1.02151261671361        0.00969507189762
C            0.82037913885668        0.19102744337104        0.00716608921904
C            0.08080619668939        1.46166510536920       -0.00542495076387
O            0.45517005247788        2.60377042604165       -0.01853606773011
N           -1.31958204261564        1.08561179413351        0.00171484245077
C           -2.24214688622175        2.17435768338502       -0.00203942853847
C           -2.06160278044247       -0.12134892922902        0.00454883192192
O           -3.25793695194037       -0.25826952103373        0.00956424358628
N           -1.29143817347183       -1.20220252301602        0.00090647866814
C           -1.59451177658893       -2.64493834216289       -0.00204460210337
H            3.67632317933853        1.14953550205517        1.00963281088205
H            3.93542870784640        0.96239346602946       -0.77567028000916
H            2.62248298722706        2.06358839279816       -0.15795593596546
H            4.25774852522195       -1.86492058691017       -0.02322894607780
H           -1.68494651161931        3.10243092518275        0.00492890205691
H           -2.86934027615367        2.10132548872473       -0.89307408319533
H           -2.88319042461765        2.09455368740941        0.87817542247330
H           -1.19159514176692       -3.17216760350741        0.87858669609775
H           -1.20543074575325       -3.16209523703782       -0.89443299448793
H           -2.65697735284566       -2.59326423465412        0.00662766485351
H            2.24253531170296       -1.52677999596975       -0.02840297943887
25
 energy: -78.413181751262 gnorm: 0.182569207982 xtb: 6.6.1 (8d0f1dd)
C            3.28153453896881        1.21274573113627        0.02185125429266
N            1.99853212333202       -1.35570798572486       -0.01777173516392
C            3.34289518387697       -1.30019733859611        0.01023749034319
N            0.78147889893565       -2.12615644133370        0.01084700781334
C            0.04800495632634       -1.06301096720795        0.01117293205728
C            0.79550628230733        0.16665843101604        0.00728571296509
C            0.07886636030936        1.45886933588848       -0.00603881438051
O            0.44882152447004        2.60917143433875       -0.01900673537412
N           -1.32884725485110        1.09071852274155        0.00167065122548
C           -2.24584621722824        2.18238500516057       -0.00209578410294
C           -2.10083607569713       -0.10724644212453        0.00459860455202
O           -3.30001165949579       -0.22698371171248        0.00977529513226
N           -1.29118045872584       -1.19809645276312        0.00111840574220
C           -1.61270345538414       -2.63879066877925       -0.00177904226151
H            3.67112095028353        1.14164558946893        1.01642961968347
H            3.93245216817814        0.95582423749236       -0.78264747886410
H            2.61059782059737        2.05831781374650       -0.15922666547610
H            4.28428249882258       -1.87898886819365       -0.02334293306407
H           -1.68635135075935        3.10629039163759        0.00476341054361
H           -2.87207042298267        2.10313930129928       -0.89329483966140
H           -2.88593357607884        2.09652113572478        0.87829993724604
H           -1.19187592233780       -3.16412914024618        0.87528447435801
H           -1.20567450324978       -3.15450149286353       -0.89051601647154
H           -2.67729444441820       -2.60892452855747        0.00690102920189
H            2.28496354890074       -1.54131434994829       -0.03334416243634
25
 energy: -78.427260916318 gnorm: 0.168193824435 xtb: 6.6.1 (8d0f1dd)
C            3.29017189801138        1.22417605397412        0.02168389231179
N            2.04192691906399       -1.35988270169416       -0.01599520759322
C            3.39965578391327       -1.26518458521377        0.01471393128654
N            0.81354746466324       -2.12409685198171        0.01155800557790
C            0.02322232055760       -1.08540147429866        0.01229278015718
C            0.76721272549633        0.14356446543252        0.00742760491211
C            0.07620239551908        1.44654952212602       -0.00666625018095
O            0.44228711653865        2.60495160465658       -0.01964041604223
N           -1.33827511510458        1.09362248072484        0.00156312972453
C           -2.25077359297349        2.19284146717182       -0.00229608918081
C           -2.12923400883853       -0.09728063284321        0.00476881371220
O           -3.32923311967350       -0.19579651415617        0.00997896701113
N           -1.27339411531444       -1.20599916270364        0.00164231867743
C           -1.62939821785371       -2.63053799469857       -0.00129753505450
H            3.66719472006247        1.13486885612218        1.02283247151022
H            3.93137478649685        0.95062706241546       -0.79007428136172
H            2.60050970925084        2.05046572642033       -0.16011051987857
H            4.29354524644430       -1.88862060508463       -0.02292300119718
H           -1.68807368187252        3.11187574356680        0.00440036324754
H           -2.87529373314698        2.10604079000503       -0.89354338726869
H           -2.88912255686854        2.09970921643659        0.87824575030897
H           -1.19397979561032       -3.15421796170164        0.87137981826481
H           -1.20775132693676       -3.14522295091571       -0.88546447425325
H           -2.69981486746518       -2.62615511510710        0.00741589833420
H            2.31792455974056       -1.56265789705332       -0.04072096512543
25
 energy: -78.434835681024 gnorm: 0.200379627379 xtb: 6.6.1 (8d0f1dd)
C            3.29398714860473        1.22988763714599        0.02139001468129
N            2.06102787924921       -1.36582486520297       -0.01445956946497
C            3.42689938254394       -1.24200296270602        0.01797892886139
N            0.84061073304398       -2.11423701817308        0.01198132984165
C            0.01102451413781       -1.08306999720294        0.01258607547382
C            0.74829491502622        0.13263011299616        0.00749556335929
C            0.07389346607781        1.43152814155181       -0.00695602468335
O            0.43834301338034        2.59265571211011       -0.02006300148432
N           -1.34461820110676        1.09286544578949        0.00147309146442
C           -2.25460257906178        2.20061361071259       -0.00247582565564
C           -2.13440767342983       -0.09553627711418        0.00495231107544
O           -3.33332514536591       -0.17868074786655        0.01005235179611
N           -1.25645404388136       -1.21992084307953        0.00212711829563
C           -1.63781095037342       -2.62488128289906       -0.00091930880658
H            3.66594940300658        1.13191378213576        1.02578463766312
H            3.93225543969075        0.94910158245365       -0.79428776198585
H            2.59607948440844        2.04334042222118       -0.16017653869126
H            4.28380724924986       -1.89077844736758       -0.02227700278020
H           -1.68921555906494        3.11690673478669        0.00411606262338
H           -2.87764056179852        2.10900903836241       -0.89368652583665
H           -2.89141591260300        2.10290186249468        0.87814133320146
H           -1.19714601275347       -3.14695386081562        0.86853756680691
H           -1.21089833066213       -3.13842102385478       -0.88172420036498
H           -2.71412372405697       -2.63716748336166        0.00781708319781
H            2.32991757983843       -1.57764073151655       -0.04623609068793
25
 energy: -78.443970559053 gnorm: 0.216239750051 xtb: 6.6.1 (8d0f1dd)
C            3.29810946800584        1.23414126130512        0.02094684570940
N            2.07670411230928       -1.37523011487877       -0.01258534242122
C            3.44966863694359       -1.21060424678117        0.02256747366617
N            0.87793747448581       -2.09846955230923        0.01266673994661
C            0.01039343370245       -1.07202391131142        0.01270596469608
C            0.72644613280429        0.12460865514163        0.00753839744768
C            0.07035754418174        1.41051105792904       -0.00720510305776
O            0.43385340067442        2.57082339501641       -0.02058842695508
N           -1.35326291009908        1.08985908748491        0.00134901790593
C           -2.25932491042325        2.20979433442290       -0.00271576137405
C           -2.13073766848443       -0.09669735152364        0.00520800707358
O           -3.32794459779236       -0.16122843238119        0.01010372522434
N           -1.24521480463858       -1.23944930115753        0.00273516294568
C           -1.64680800456327       -2.61952525577891       -0.00040772170521
H            3.66518216626670        1.12925554408104        1.02805787176659
H            3.93407572940252        0.94870470516687       -0.79847638616928
H            2.59158736824095        2.03335254943181       -0.15999519754724
H            4.26550648199436       -1.89230967556259       -0.02138705540389
H           -1.69041473906007        3.12405770537443        0.00374896131139
H           -2.88068460150231        2.11364504333370       -0.89388544384707
H           -2.89436960612450        2.10783564493951        0.87801601425245
H           -1.20244455829394       -3.13798233808280        0.86514524973365
H           -1.21617844963220       -3.13002206301233       -0.87715789248706
H           -2.73011319259186       -2.64977317656001        0.00833384987504
H            2.33810760829389       -1.59503502268777       -0.05354733268675
25
 energy: 33.839481009166 gnorm: 3886.915770236476 xtb: 6.6.1 (8d0f1dd)
C            3.33253068258164        1.23775334921497        0.02013566652209
N            2.16052258798595       -1.42227066145302       -0.04351886752653
C            3.43583716993992       -1.17487592910119        0.03922714347395
N            0.92913902343830       -2.11617450220851        0.01904084419786
C            0.05338050803702       -1.08624307122705        0.01148402351242
C            0.74698311981900        0.11978176833391        0.00443545966249
C            0.06329134652751        1.37733423596954       -0.00702961929037
O            0.43339805377411        2.52257190862662       -0.02205135562693
N           -1.35727765658661        1.08032354184593        0.00149610671786
C           -2.25974550235520        2.21454841351049       -0.00233739680570
C           -2.09658355684189       -0.11084445290755        0.00568637764611
O           -3.28633409948027       -0.17270138440555        0.01002605073827
N           -1.24470525478269       -1.25335738969662        0.00445038889436
C           -1.66682467726672       -2.62891571899271        0.00035266185356
H            3.68067009832094        1.12729459812210        1.02909118893571
H            3.96108557481070        0.96778625509673       -0.80386233801836
H            2.56606655408535        1.98656281568923       -0.15808213215685
H            4.24356357182993       -1.88664116326975       -0.01472773745696
H           -1.69253858368709        3.13628793296902        0.00415493382615
H           -2.88921490818574        2.13821102259521       -0.89146480448901
H           -2.90259554021881        2.13245368846818        0.87650989618218
H           -1.22993381842858       -3.13631491361588        0.86853955322476
H           -1.24381757409529       -3.12758450060619       -0.87979779518003
H           -2.74871191023544       -2.66387426922809        0.00849363855771
H            2.17224630511409       -1.44287303212915       -0.04908026949485
