72
 energy: -99.385928897732 gnorm: 0.010427126908 xtb: 6.6.1 (8d0f1dd)
N           -1.98013837093481        3.04904080255598        2.33813095636486
C           -2.62413354038786        2.24191866361045        1.72053298549631
C           -3.34610169754227        1.94264657071352        0.51687968822994
C           -3.91392838842141        0.52945847943854        0.57468209458638
C           -4.69902885941069        0.03536610368115       -0.46594653323078
C           -5.16246034760617       -1.27008051042216       -0.45227802528332
O           -5.92820424987292       -1.83479770496294       -1.40735977920382
C           -6.36534503924395       -1.05154953824663       -2.49250631265374
C           -4.81766898073362       -2.12603704493504        0.62923746670813
O           -5.28164844552053       -3.38763848525544        0.53808082546711
C           -4.95807997476183       -4.31063121493540        1.55156926510673
C           -4.04711926432947       -1.61968819699479        1.66398118546689
C           -3.60380812324704       -0.30610977869829        1.63419133291852
C           -2.33480276632083        2.04255166475826       -0.67444981035738
C           -1.45172387164341        0.81295936461673       -0.93380238223130
C           -0.14276530893025        0.69649104290037       -0.13637643011374
N            0.82553408498964       -0.07157699456988       -0.89993358159269
C            2.20160489335018        0.09998319894302       -0.47560750150148
C            3.18723324736518       -0.14613794357174       -1.62844135203798
C            4.60029353657565        0.00966288655609       -1.14778743311096
C            5.29559374386615        1.19576935332427       -1.33036275564917
C            6.59253627996983        1.34026003458922       -0.86297367712792
C            7.22315521300945        0.29965162317647       -0.19471143185141
O            8.47402379263431        0.32666874177698        0.30137706817705
C            9.25781368785376        1.48449393227640        0.13062344500248
C            6.51864449509737       -0.92173282795045        0.00034284110594
O            7.20391504593113       -1.88109624837787        0.65387099172866
C            6.60344988196400       -3.13728654288398        0.86034399034038
C            5.22317501135778       -1.04111889211730       -0.47781167358691
C            0.44363994084164       -1.45976342086277       -1.03452243743022
C           -4.52878140983199        2.98877161433988        0.37446222527414
C           -5.49752477569951        2.83905057201258        1.54339052404375
C           -4.03694505840294        4.42573113057031        0.26273120859794
H           -4.93939403603636        0.67256782693248       -1.30066431378327
H           -6.96096621781600       -0.19720933046800       -2.15576191683036
H           -6.98938396229413       -1.70925527088842       -3.09424063877252
H           -5.52525300506227       -0.69830401453735       -3.09870367701806
H           -5.37383396214257       -4.00870307511935        2.51747614964218
H           -5.40876329464336       -5.25222754590954        1.24371916528815
H           -3.87520291421002       -4.44098357981470        1.64380339776771
H           -3.78288027036170       -2.24134701148095        2.50349251545225
H           -3.00006071974473        0.07101040865931        2.44914961278169
H           -2.94048147836600        2.20174101546861       -1.56782321316520
H           -1.70778007058260        2.92370547894826       -0.53604263073154
H           -2.04651166109112       -0.09038991627241       -0.80806283545983
H           -1.14687871350399        0.86783569370720       -1.98035250691093
H           -0.27188036582239        0.21757750481198        0.85167025980950
H            0.26978323489547        1.69679106860891        0.01823424477749
H            2.45045964504905       -0.56916640340165        0.36355924901707
H            2.33430528679436        1.12757690087866       -0.13228581775167
H            2.97504752287773        0.56555436148484       -2.42486321738713
H            3.05073587758147       -1.15164555698714       -2.02676868970591
H            4.82835511491660        2.01711097475900       -1.85150947058124
H            7.10876648817475        2.27215606412952       -1.02758981984403
H            8.80493548709265        2.35087417873138        0.62156516458188
H            9.41753856302451        1.70686566634947       -0.92845791377835
H           10.21336982116540        1.26177214745057        0.60110114608833
H            7.34951280611084       -3.73639975988873        1.37849924557825
H            5.70794108460765       -3.05636501867937        1.48447538703230
H            6.34642798688856       -3.61937677743770       -0.08760724664936
H            4.68228176891616       -1.96480166656792       -0.34324517482017
H           -0.47596291744960       -1.53714796725467       -1.61007308844028
H            0.28618246268648       -1.93790416671331       -0.05657555266328
H            1.21733128410797       -2.00494475591472       -1.56548703088590
H           -5.04915953112416        2.72636224819630       -0.54981772152264
H           -5.01728824568162        3.11418317569278        2.47962875736556
H           -5.85900788145787        1.81648870253490        1.62503516884379
H           -6.35403143560479        3.49227635440052        1.39742021996411
H           -3.47599159813808        4.71872779226045        1.14612625286445
H           -3.41183157366120        4.56892691182411       -0.61395457973007
H           -4.89398827830711        5.08888564841941        0.17372637736932
H           -1.56033108719168        3.00609078057878        3.25291260714593
72
 energy: -99.386976410161 gnorm: 0.005150299853 xtb: 6.6.1 (8d0f1dd)
N           -1.97348539890311        3.04700055505481        2.34006020063374
C           -2.60691602107917        2.23288072965721        1.72023072803675
C           -3.32901247861639        1.93162934696218        0.51744554092843
C           -3.90552917867820        0.52283557875795        0.57435095183714
C           -4.69509146267931        0.03276003493052       -0.46504284237029
C           -5.16259252222259       -1.27135149378581       -0.45146305184302
O           -5.92910179602594       -1.83435166893699       -1.40692554914858
C           -6.36489502846120       -1.05108109119574       -2.49281260183902
C           -4.81946313525534       -2.12820284458414        0.63011341461869
O           -5.28535186702340       -3.38868625993873        0.53891939847603
C           -4.96265848948716       -4.31165544147400        1.55288832261845
C           -4.04801474848617       -1.62399041758942        1.66531470304686
C           -3.59965838753639       -0.31233706829900        1.63513935538489
C           -2.33391356900372        2.04549060978621       -0.68430973292340
C           -1.45681389979343        0.81749558356644       -0.95508823604147
C           -0.15788587283745        0.71077600712043       -0.14611015470003
N            0.81935148132499       -0.06962211961972       -0.89023111388477
C            2.19616205834348        0.10204879457100       -0.46781982105237
C            3.18314730072247       -0.14378463063289       -1.62213094918213
C            4.59753498337343        0.01182640848808       -1.14442487697905
C            5.29349145048522        1.19748127610798       -1.32780154859105
C            6.59118916714918        1.34121973731700       -0.86212673010392
C            7.22241289401318        0.30032369841282       -0.19482760008479
O            8.47395387343620        0.32693770716027        0.30023475921576
C            9.25753850160150        1.48511669795727        0.12995609000102
C            6.51772695764131       -0.92089771878122        0.00012138652413
O            7.20376514453254       -1.88061629577443        0.65242563670243
C            6.60347412575926       -3.13680110457088        0.85965258032497
C            5.22174342617122       -1.03987175666020       -0.47697843841074
C            0.43851587686743       -1.45764937152620       -1.02787043651966
C           -4.50545343690681        2.97621153908568        0.37917929631477
C           -5.48238921959004        2.83341834605650        1.54308786045912
C           -4.02530304216041        4.41737553268360        0.26376562022153
H           -4.93517074348213        0.67115148637432       -1.29916585084303
H           -6.95988158991030       -0.19607081988024       -2.15701287972209
H           -6.98918778643888       -1.70869223996134       -3.09446479606335
H           -5.52405935876141       -0.69902628424140       -3.09892832079966
H           -5.37704377291427       -4.00818158068644        2.51892697491765
H           -5.41524471776046       -5.25253267153069        1.24615374792818
H           -3.87989329113511       -4.44351674704493        1.64440568409803
H           -3.78581127030807       -2.24635836794591        2.50491962940896
H           -2.99673033505967        0.06330419260703        2.45107714912142
H           -2.94700861110716        2.20845706281670       -1.57169527313095
H           -1.70574260152931        2.92528914029626       -0.54429528158052
H           -2.05117904537305       -0.08613559384089       -0.82477096665576
H           -1.14876892417657        0.87008921645621       -2.00113775377085
H           -0.33968925093307        0.25802003974335        0.84591219669940
H            0.25517039447239        1.71064070911113        0.00745384769216
H            2.44577152922613       -0.56820530974157        0.37035130957940
H            2.33040395820964        1.12969415901318       -0.12410686829760
H            2.97054205330750        0.56850040331845       -2.41884826517643
H            3.04706898765362       -1.14938238038390       -2.02081436178289
H            4.82609574625663        2.01921982901584       -1.84812030336076
H            7.10772592098631        2.27272022923751       -1.02713297668110
H            8.80471599608082        2.35130002839460        0.62184558492298
H            9.41665268714299        1.70821822646778       -0.92921734563320
H           10.21360328750107        1.26229588777956        0.59978763956900
H            7.34995273612061       -3.73570455013854        1.37783070509969
H            5.70810302438139       -3.05565970649745        1.48417901617383
H            6.34608542124185       -3.61939414154609       -0.08812889602326
H            4.68134964956822       -1.96393365819940       -0.34278243198099
H           -0.47995479969746       -1.53502880728430       -1.60476640374285
H            0.28097932128592       -1.93750764717029       -0.05072748248979
H            1.21382539006417       -2.00215579962058       -1.55874321183959
H           -5.02869727157265        2.71473327708132       -0.54432334466112
H           -5.00830198059554        3.11162518903997        2.48158469440519
H           -5.84746787897687        1.81250850404502        1.62723486059736
H           -6.33747020208522        3.48762420634160        1.39059944607227
H           -3.46507617886718        4.71655003144347        1.14561391307531
H           -3.40332124707718        4.56503864310937       -0.61425625746335
H           -4.88712832870777        5.07484855344040        0.17500820804117
H           -1.55517900714401        3.00786791282179        3.25489734521703
72
 energy: -99.387649331013 gnorm: 0.005052126437 xtb: 6.6.1 (8d0f1dd)
N           -1.95890988270633        3.04109156359849        2.33491647511524
C           -2.58012233119100        2.21883511627538        1.71237982453020
C           -3.30883392230235        1.92020133026699        0.51245829828986
C           -3.88808139733083        0.51294933500781        0.56949790788333
C           -4.68433513769990        0.02719212334019       -0.46690757733900
C           -5.16042576471814       -1.27388128079964       -0.45102034916733
O           -5.93047883839464       -1.83367499018078       -1.40538207676631
C           -6.36355398955653       -1.05018882693379       -2.49248182896348
C           -4.82117315006120       -2.13148560337475        0.63139484999106
O           -5.29225961535554       -3.38978737913920        0.54142824438097
C           -4.97206187507344       -4.31336396561377        1.55590445818245
C           -4.04724978064645       -1.62999834712796        1.66617976095782
C           -3.58878812776614       -0.32163850785462        1.63296881693240
C           -2.33725677846132        2.04933639229570       -0.70496301779536
C           -1.46135652622485        0.82903113374159       -0.99522929903671
C           -0.17847445573912        0.72808886602072       -0.16222997675256
N            0.81000341373352       -0.07009355105153       -0.87111467506527
C            2.18650641574473        0.10567075488419       -0.45058409684852
C            3.17351340767084       -0.13797344491302       -1.60837665045893
C            4.59000885020943        0.01695732214397       -1.13539286306539
C            5.28735073516403        1.20158349560043       -1.32102226738577
C            6.58710320851655        1.34348911234977       -0.86022755182576
C            7.21977408068822        0.30189117883632       -0.19535161742451
O            8.47266279457923        0.32751143725307        0.29707215987489
C            9.25602486533162        1.48615316448535        0.12797632903398
C            6.51487151313194       -0.91907493088737       -0.00018573822730
O            7.20280285290436       -1.87971544160198        0.64890719787089
C            6.60301044932008       -3.13583958101955        0.85791808501470
C            5.21718552405212       -1.03668617500284       -0.47335562630028
C            0.42881862717116       -1.45722175102293       -1.01097513990393
C           -4.47993337973182        2.96175065524026        0.38590593278436
C           -5.45958095520034        2.82275110482422        1.54861970656021
C           -4.00472947843106        4.40492668037455        0.26701340167040
H           -4.92426921691524        0.66646119241367       -1.30048241833913
H           -6.95658070408409       -0.19334313330425       -2.15826577176642
H           -6.98901283304313       -1.70712334566358       -3.09373833305645
H           -5.52136308109869       -0.70105602855984       -3.09863286573465
H           -5.38372368127053       -4.00705534953118        2.52222748751838
H           -5.42891532662994       -5.25259899454004        1.25087587612662
H           -3.88964694245702       -4.44921718145235        1.64584320320332
H           -3.79014985596776       -2.25252754555445        2.50730058960986
H           -2.98615739113543        0.05169159813380        2.44996489893032
H           -2.96407902832319        2.22228160025133       -1.58066940176949
H           -1.70821081120679        2.92756989782242       -0.56226065079798
H           -2.05443637688509       -0.07616777759806       -0.86801849814885
H           -1.15146357867226        0.88577717251220       -2.04059898786334
H           -0.41116716950402        0.30604841324720        0.83465891277506
H            0.23967431298884        1.72636193869829       -0.01507033295781
H            2.43961292400421       -0.56618942855227        0.38505235516003
H            2.32032946743733        1.13331446027813       -0.10589287771763
H            2.95898316370518        0.57517386552003       -2.40457766096698
H            3.03766471955366       -1.14344840902276       -2.00773120916192
H            4.81961339556117        2.02413555754047       -1.83971938410071
H            7.10432620004379        2.27426857779800       -1.02662489296310
H            8.80368877257385        2.35164047982936        0.62192601521975
H            9.41413405980164        1.71105453818846       -0.93106284698766
H           10.21277036114287        1.26275974169763        0.59648728389040
H            7.35037261248661       -3.73420733759726        1.37572374621596
H            5.70832682664338       -3.05439196369224        1.48352710598414
H            6.34461809294466       -3.61936333226939       -0.08924249839074
H            4.67778324670707       -1.96142073771268       -0.33963339420010
H           -0.48789370775047       -1.53406546504144       -1.59042312473949
H            0.27031192657596       -1.93977706839262       -0.03549584882080
H            1.20610916661942       -2.00007107126772       -1.54184229767503
H           -5.00719588197170        2.70163555560296       -0.53649850393640
H           -4.99005704027484        3.10497375062579        2.48834842864159
H           -5.82691018679622        1.80293675265176        1.63543623057100
H           -6.31277643661265        3.47775188056681        1.38858600853452
H           -3.44286558726677        4.70952225234457        1.14622552081301
H           -3.38779153011803        4.55729962273681       -0.61383572580694
H           -4.87167891953895        5.05597176643029        0.18092312031775
H           -1.54748971633220        3.00874608739511        3.25273448823330
72
 energy: -99.388096455243 gnorm: 0.005277663056 xtb: 6.6.1 (8d0f1dd)
N           -1.94419642745445        3.03458274143087        2.32407276533947
C           -2.55629341046094        2.20608273575987        1.70012416758820
C           -3.29205381288794        1.91146239162484        0.50238785031634
C           -3.86981474011484        0.50342267247581        0.56161029239853
C           -4.67100360032102        0.01996616571071       -0.47193767261354
C           -5.15604376254225       -1.27770472506500       -0.45233692953760
O           -5.93166271935199       -1.83397618015685       -1.40414359776965
C           -6.36158164902411       -1.04976253884599       -2.49211578016116
C           -4.82126349746242       -2.13506713667629        0.63168365201159
O           -5.30029335691307       -3.39054724865646        0.54490806559763
C           -4.98389554872944       -4.31474071486171        1.56020557227618
C           -4.04362434500556       -1.63554665622185        1.66470872124995
C           -3.57580387987169       -0.33026538966835        1.62752224293207
C           -2.34073410789197        2.05482784474456       -0.72855099206304
C           -1.46328715597949        0.84228738979526       -1.03488392814625
C           -0.19516647348953        0.74192924544234       -0.17949807429213
N            0.80060284408247       -0.07366931431672       -0.85305924915708
C            2.17512256334789        0.10799834464986       -0.43155918193316
C            3.16201275031825       -0.13084049264128       -1.59196696058288
C            4.58029747605287        0.02325580616865       -1.12358570190919
C            5.27856812123567        1.20705603042293       -1.31140879003499
C            6.58084283796826        1.34689398651074       -0.85691099301274
C            7.21548648508291        0.30421340961581       -0.19563950495303
O            8.47015232604924        0.32832344524852        0.29263775405452
C            9.25325580385352        1.48736643813484        0.12487417879164
C            6.51047857680758       -0.91652130846123        0.00026020120879
O            7.20101210308940       -1.87858084513547        0.64458248623648
C            6.60180392150504       -3.13460702621866        0.85559917591182
C            5.21052545370002       -1.03235252509480       -0.46723362125619
C            0.41841943201605       -1.45996273032271       -0.98945438363604
C           -4.46216412596391        2.95129640302256        0.39156927361028
C           -5.43683291735893        2.81181896356355        1.55819586163420
C           -3.98738907973797        4.39492216138659        0.27218510386172
H           -4.90966207130605        0.65902594053919       -1.30600725218464
H           -6.95141810275346       -0.19033710623245       -2.15894842462441
H           -6.98934272139398       -1.70509692684786       -3.09272482772242
H           -5.51793508426514       -0.70443851157466       -3.09849864368775
H           -5.39235946699073       -4.00490264036440        2.52675263053217
H           -5.44649973894963       -5.25177393533675        1.25707615978792
H           -3.90206066869900       -4.45641490989716        1.64843803653670
H           -3.79221062570793       -2.25719586590542        2.50828623784483
H           -2.97122391772611        0.04065776538747        2.44415768220188
H           -2.98048894312057        2.23450896404957       -1.59350075105458
H           -1.71261460852945        2.93378311880537       -0.58620170900443
H           -2.05453103824505       -0.06678789809277       -0.92407944414014
H           -1.14524587540661        0.91274610620494       -2.07688155706199
H           -0.45903810932534        0.34305989747332        0.81911204094042
H            0.22863680427535        1.73907876774105       -0.04052545413450
H            2.43213728555041       -0.56503623795890        0.40164780736287
H            2.30567149822286        1.13533562580603       -0.08479787591317
H            2.94469875272838        0.58388531327891       -2.38612048006926
H            3.02564453101289       -1.13564106291693       -1.99273107441056
H            4.80987561208336        2.03077538187172       -1.82743516057592
H            7.09877919249121        2.27690381912474       -1.02543795337527
H            8.80172100554287        2.35180347814830        0.62146690320169
H            9.40997799958742        1.71461952903881       -0.93387387460176
H           10.21071612926243        1.26296391378271        0.59155290734062
H            7.35034068964364       -3.73245249593309        1.37238172090716
H            5.70832383833298       -3.05295803110661        1.48289836297391
H            6.34175919160923       -3.61890427455012       -0.09074297164912
H            4.67198807113564       -1.95762024098033       -0.33353640766821
H           -0.49709613686251       -1.53697650529433       -1.57059026389985
H            0.25788678959373       -1.94152885443361       -0.01398903148674
H            1.19670388406917       -2.00355411608876       -1.51849584366791
H           -4.99603877346336        2.69427989258357       -0.52834126449276
H           -4.96580920072484        3.09628793587371        2.49634060974792
H           -5.80218427620991        1.79157434435953        1.64694641872708
H           -6.29069673377700        3.46555616190210        1.39783015465402
H           -3.41992973894732        4.69865704697870        1.14811799967029
H           -3.37580627989571        4.54944803211140       -0.61198071102486
H           -4.85556571570451        5.04476473729362        0.19215633219080
H           -1.52606393512311        3.00248202034352        3.23870181045827
