25
 energy: -41.981901985420 gnorm: 0.029446649895 xtb: 6.6.1 (8d0f1dd)
C            3.58181964307739        1.15288963324914        0.34960555940503
N            2.26294557890072        0.55144370698431        0.23382389523993
C            2.15163778692077       -0.60551160076843       -0.36836093330277
N            1.15942711984646       -1.47078382684329       -0.83503806071532
C           -0.09720379255593       -1.99588745495646       -0.77053950383146
C            1.32289970814336        1.29017872263435        0.98927037591632
C            0.04107467018989        1.36310882437457        0.42398604808045
O            0.69899637337308        2.46324146831118        0.23987424033533
N           -1.08716450436026        0.86368520458975        0.08439170934893
C           -2.13228236147698        1.66329990486864       -0.54489597715485
C           -1.54832309856176       -0.42550699894266        0.63695360982353
O           -2.42187184291494       -0.39409697940781        1.44624726117527
N           -1.10464119943692       -1.57992330302058        0.02237327188067
C           -2.07071178701455       -2.67225091247805        0.24737529025547
H            3.93625213171593        1.06742171859099        1.37682946526197
H            4.29733479080178        0.69695275886589       -0.32965825006422
H            3.48405700491186        2.21423282532395        0.11734484268947
H            3.12377210191339       -1.01067340389891       -0.63563110198472
H           -1.74742841449982        2.65938222753183       -0.74930930777782
H           -2.43747786926897        1.18442757099591       -1.47587735492570
H           -2.98882572820554        1.72901611968776        0.12700576619099
H           -2.09839825940174       -2.92297370862157        1.30653986694552
H           -1.74711432993042       -3.53509444103473       -0.32763993979474
H           -3.06841273322582       -2.36603375096995       -0.06499406850222
H            1.65007052515961       -2.10230576346679       -1.46850508659626
25
 energy: -41.985614217401 gnorm: 0.020795491912 xtb: 6.6.1 (8d0f1dd)
C            3.58404402024507        1.15339266445682        0.35517218416431
N            2.27470131674414        0.53492571211840        0.21975744472136
C            2.18049227718413       -0.61156119473775       -0.39025552098098
N            1.17892279306547       -1.46470326628231       -0.83273700194817
C           -0.08536001392214       -1.95210556297851       -0.74779525694432
C            1.30305217595148        1.22452316296412        0.97268177213517
C            0.02782075123052        1.33610371380726        0.40806985874122
O            0.70388282598365        2.42791863809297        0.24565195402196
N           -1.11066466390025        0.86364162806309        0.07616438604406
C           -2.14740084470260        1.67389684696050       -0.55003051733830
C           -1.57184640181788       -0.41412510787537        0.64281235314871
O           -2.44591118042897       -0.38555076375847        1.45080562082484
N           -1.10210100585922       -1.56066812909530        0.04254043510788
C           -2.05939363035289       -2.66603002700981        0.25432978444662
H            3.93127914035080        1.06248365831666        1.38459706501357
H            4.30916577430086        0.70921342784428       -0.32177246989336
H            3.47760622031675        2.21533298798331        0.12991456332345
H            3.15206869147484       -1.01670882235155       -0.65502479206561
H           -1.75117962066266        2.66586384093253       -0.75482680092730
H           -2.45591659101589        1.19471104989797       -1.47918677644368
H           -3.00099732333475        1.74579579826165        0.12430597512911
H           -2.09004630907767       -2.92227274678254        1.31209915056280
H           -1.73001498823555       -3.52440355109231       -0.32379524648670
H           -3.05892312886522       -2.36613403000556       -0.05814934918836
H            1.64715122942857       -2.10530138613102       -1.47415719726944
25
 energy: -41.988624152951 gnorm: 0.015559343205 xtb: 6.6.1 (8d0f1dd)
C            3.58185641307436        1.15516711330216        0.36986570864306
N            2.29264225153822        0.50051284443095        0.21076080633711
C            2.22476825343641       -0.63750135871785       -0.41215754581492
N            1.20294249398404       -1.46016927443611       -0.84057904009390
C           -0.06562235079575       -1.90277756751772       -0.71409794808325
C            1.27340667057909        1.12544505990594        0.94184235310953
C            0.01744341285308        1.29689791536354        0.36391284224753
O            0.71339445627521        2.38605598183695        0.25834324563219
N           -1.14515762695915        0.86823559203196        0.05367496111040
C           -2.17504129825506        1.69928104054173       -0.55264308971214
C           -1.60133800341501       -0.39525569611980        0.64442107313351
O           -2.48644352180598       -0.36624717639254        1.44042512540353
N           -1.09092694556040       -1.53671826748692        0.07200020813496
C           -2.03493172335248       -2.65897253538706        0.26956735219055
H            3.91990415516442        1.06072323323039        1.40203748554271
H            4.32134391105803        0.72878545840502       -0.30342072349628
H            3.45660995456856        2.21643811656843        0.15099640580225
H            3.19307846355583       -1.03409448843812       -0.69825880070578
H           -1.76446831692123        2.68575142790508       -0.75664025457743
H           -2.49501493804906        1.22599975073497       -1.48070817628820
H           -3.02206680834631        1.77806013699029        0.12834587967374
H           -2.06700956596595       -2.92117805081723        1.32583612315436
H           -1.69461581524098       -3.50888819194321       -0.31396187484624
H           -3.03648470911337       -2.36680490510698       -0.04412376698011
H            1.64216270179401       -2.12050761728486       -1.48426673161839
25
 energy: -41.989844584123 gnorm: 0.012179238766 xtb: 6.6.1 (8d0f1dd)
C            3.57380467159381        1.15395462046029        0.38570859338370
N            2.30102022451840        0.47445730836791        0.20260399500016
C            2.25389309609719       -0.66080019499703       -0.43190548828576
N            1.22073544190169       -1.47417693206227       -0.84901823500591
C           -0.05069026529044       -1.88851722900200       -0.69626185446538
C            1.25274216162287        1.06022932168325        0.91085841740057
C            0.01480767679296        1.27392468832280        0.31982980531215
O            0.72087038852765        2.36350401953146        0.26204901015411
N           -1.16814063144787        0.87781433783211        0.03132769362732
C           -2.19636168653615        1.72995646854956       -0.54778996082795
C           -1.61827401316918       -0.38153313897247        0.63121785081073
O           -2.52092541943694       -0.35230088489316        1.40821985635003
N           -1.07686392406648       -1.52559197253197        0.08581383605959
C           -2.00978601136821       -2.65713279178993        0.28751418706347
H            3.90120180415359        1.05902462739509        1.42146268261947
H            4.32858189833057        0.74383014280769       -0.28133488576325
H            3.43132134764079        2.21396315386500        0.17134924030360
H            3.22169756957824       -1.05258802764154       -0.72365075255270
H           -1.77827838595146        2.71435678903280       -0.74508604841944
H           -2.53433796121358        1.27191673830222       -1.47808968512021
H           -3.03447506180644        1.80929918662738        0.14387300538690
H           -2.03795436275275       -2.91753517435953        1.34410189691277
H           -1.66084296261512       -3.50329440610684       -0.29568673938856
H           -3.01394709946319       -2.37399920648549       -0.02615590321111
H            1.64063301846048       -2.14052290233635       -1.49977889944557
25
 energy: -41.990847886931 gnorm: 0.010310401937 xtb: 6.6.1 (8d0f1dd)
C            3.56090052563920        1.14736997034870        0.40514761872886
N            2.30393857867837        0.44964966608515        0.19373645465810
C            2.27558644263985       -0.68335325635045       -0.45219902702885
N            1.23490753481564       -1.49055997543939       -0.86775500829765
C           -0.03309922877929       -1.89250323914426       -0.68504549511422
C            1.23237268377815        1.00891780012836        0.87025494665983
C            0.01314528720497        1.25862437285312        0.26851670266219
O            0.72477964138439        2.34764036510853        0.25337901845300
N           -1.18771582345668        0.89094129299968        0.00432510392794
C           -2.21570809541110        1.76974818305883       -0.53587094067299
C           -1.63222063220963       -0.36949064577599        0.60146438318863
O           -2.56238297667865       -0.34368958738145        1.34799644602412
N           -1.05745481390493       -1.52006986983196        0.09130619740552
C           -1.97795779673405       -2.65908088484663        0.31232081315215
H            3.87268397056511        1.05170604894408        1.44598265024093
H            4.33359555628845        0.75355467109223       -0.25148828763373
H            3.40320170830867        2.20596861808496        0.19497760789230
H            3.24386054441682       -1.07329604430543       -0.74079970519162
H           -1.79105829482911        2.75424052960187       -0.71718293015045
H           -2.57815775581559        1.33877319863703       -1.47165265612233
H           -3.04085188956237        1.84279512967156        0.17239296452337
H           -1.99725320362136       -2.90899795334058        1.37139429393625
H           -1.62222373961062       -3.50688644870643       -0.26386743438201
H           -2.98679378167484       -2.39010714129620        0.00076961144158
H            1.64433707266892       -2.16365625859637       -1.51693171040222
25
 energy: -41.991771929445 gnorm: 0.012128629889 xtb: 6.6.1 (8d0f1dd)
C            3.54616639552067        1.13612265646397        0.42576982103733
N            2.30194842458236        0.42981854929521        0.18341815453077
C            2.28860115213717       -0.70111339015627       -0.47195797305307
N            1.24663315878253       -1.51000445418471       -0.88884821364557
C           -0.01648631866578       -1.90971143624061       -0.68232576957059
C            1.21354695505635        0.97686912383488        0.82441387543343
C            0.00975462099600        1.25230322922704        0.21792488757733
O            0.72321765117057        2.33968341488472        0.23440995910478
N           -1.20305940468521        0.90424958665613       -0.02493552881323
C           -2.23033167864332        1.81337990151532       -0.51812561734517
C           -1.64599931532922       -0.36057007614182        0.55564698273244
O           -2.61000376629327       -0.34413538200071        1.26255507406435
N           -1.03872418600117       -1.51837757834096        0.08610571902204
C           -1.94352144609710       -2.66456323710999        0.34255942576473
H            3.83830506145708        1.03741913000853        1.47249158829401
H            4.33660868743068        0.75566386793142       -0.21703364691369
H            3.37998942499678        2.19391296977456        0.21963282506958
H            3.25914021489160       -1.09057674080038       -0.75050007413820
H           -1.79832496239399        2.79945606948597       -0.67377748889212
H           -2.61821549672147        1.41956693041834       -1.46176446505038
H           -3.04082325750461        1.87246626799661        0.20905885502459
H           -1.94839584088167       -2.89293377346018        1.40697809570532
H           -1.58225862798389       -3.52025514117492       -0.21874036846134
H           -2.95924993008401       -2.41582038114161        0.03569604752597
H            1.65191399836310       -2.18461156514166       -1.53748054710464
25
 energy: -41.992598823795 gnorm: 0.013447913585 xtb: 6.6.1 (8d0f1dd)
C            3.53387793797093        1.12150704275136        0.44531838639915
N            2.29691732828836        0.41722721330487        0.17211135488496
C            2.29158811491042       -0.71009621899745       -0.49176313816583
N            1.25205110732146       -1.52202760201995       -0.91400794514484
C           -0.00484682370867       -1.93121948837119       -0.68825308171095
C            1.19761290836886        0.96344331825981        0.78190198688362
C            0.00307281677227        1.25348344814429        0.17612950228018
O            0.71760640053068        2.33956066655221        0.21368645048612
N           -1.21495623805365        0.91470537506677       -0.05394544429214
C           -2.23908601799738        1.85378636291972       -0.49900788809578
C           -1.66263250853485       -0.35556444098625        0.49830443527539
O           -2.65784037251805       -0.35370923349131        1.16399680228793
N           -1.02631848811756       -1.51862223049426        0.07196684873238
C           -1.91007609174552       -2.67297962161416        0.37610353852708
H            3.80467103588049        1.01497773983826        1.49740684497015
H            4.33895055329311        0.74957496153108       -0.18292799564842
H            3.36909564147795        2.18030690561621        0.24455731254221
H            3.26537561332176       -1.10304058886541       -0.75343074993045
H           -1.79756550823489        2.84099296523730       -0.62299698219239
H           -2.64713750545956        1.50125490876147       -1.45047488948465
H           -3.03674129534288        1.89353473515086        0.24388500909901
H           -1.89627814690138       -2.86836235172521        1.44815467179044
H           -1.54231733141664       -3.54135428852342       -0.16265903274358
H           -2.93432064511924       -2.45071476080079        0.07579772046430
H            1.65972902911400       -2.19842627564598       -1.55868209931526
25
 energy: -41.993284710970 gnorm: 0.012056489112 xtb: 6.6.1 (8d0f1dd)
C            3.52655778368728        1.10552279516537        0.46261894980365
N            2.29168578896932        0.41060781322837        0.15989410915194
C            2.28915291219405       -0.71163982552812       -0.51214110198860
N            1.25328606643298       -1.52575432738982       -0.93691806815745
C            0.00102790257090       -1.94696747827148       -0.69654590730498
C            1.18454786066558        0.95920004910420        0.74800962506799
C           -0.00659110813038        1.25608781685923        0.14563237469905
O            0.71047655578327        2.34248978261904        0.19930530597014
N           -1.22605958582079        0.92009606396166       -0.08110477693661
C           -2.24397375801238        1.88611749963969       -0.48249239434017
C           -1.68369025543982       -0.35369927492850        0.43953650526433
O           -2.70648801863301       -0.36652737392136        1.06381414582100
N           -1.02138788967547       -1.51847034292305        0.05734147660152
C           -1.87924660807297       -2.68142937179479        0.41007196531466
H            3.77640440605474        0.98654908121103        1.51871056773459
H            4.34213525753912        0.73684672769705       -0.15255189120045
H            3.37148219516442        2.16737975395565        0.26920671041599
H            3.26589629588772       -1.10810802638303       -0.75933764123713
H           -1.79020722455492        2.87182560231585       -0.57438784112725
H           -2.66633856771752        1.57411084800889       -1.44010428596405
H           -3.03237131907695        1.90683735204052        0.27024346864049
H           -1.84782871469724       -2.83731102873807        1.48939332571110
H           -1.49990006122170       -3.56254666105409       -0.10130425616683
H           -2.91155733058270       -2.49045978323346        0.11508130084848
H            1.66341893078631       -2.20251915004198       -1.58080004872284
25
 energy: -41.993887193335 gnorm: 0.011279386325 xtb: 6.6.1 (8d0f1dd)
C            3.52351231083991        1.08851318787265        0.47895992420661
N            2.28752037413671        0.40756591120566        0.14707615303448
C            2.28532855882946       -0.70835355450658       -0.53445321028363
N            1.25139985540840       -1.51965076886562       -0.95887614926275
C            0.00418217475793       -1.95317784840736       -0.70070513455773
C            1.17313534812016        0.95593986346440        0.72155515643966
C           -0.01761292651330        1.25446854126316        0.12273229198793
O            0.70256928874555        2.34277553597290        0.19140023583649
N           -1.23799687766644        0.91993139462540       -0.10723711279085
C           -2.24705205422093        1.91072125756278       -0.46951140704707
C           -1.70881511152232       -0.35426512511676        0.38453353473281
O           -2.75983882453368       -0.37766863901680        0.96279380056505
N           -1.01947173963094       -1.51780069413253        0.05083352356974
C           -1.84886998235511       -2.68786416079514        0.44502918490517
H            3.75282278786044        0.95361593206019        1.53773373134286
H            4.34631872026312        0.71862282902616       -0.12502243866769
H            3.38352696257737        2.15469812788744        0.29495646596230
H            3.26359644837505       -1.10633675353575       -0.77468718471749
H           -1.77900846937442        2.89185860968290       -0.53133675325530
H           -2.68146541538818        1.63837579609898       -1.43190630372437
H           -3.02908552247862        1.91573031700547        0.28893842966858
H           -1.80683859650850       -2.80305589165238        1.52895811210087
H           -1.45100067606052       -3.57813938989455       -0.03668161144007
H           -2.88678049600734       -2.53115938110166        0.15073884116717
H            1.66035537644589       -2.19710655510424       -1.60465046187425
25
 energy: -41.994484051974 gnorm: 0.010109703845 xtb: 6.6.1 (8d0f1dd)
C            3.52282129624118        1.06966797327425        0.49629998112452
N            2.28356741341186        0.40720579817003        0.13528943486752
C            2.28006012736938       -0.70069847609018       -0.55980517465608
N            1.24547331657093       -1.50374170044993       -0.98242907987535
C            0.00501156036104       -1.94925955842068       -0.70138543291557
C            1.16288077220050        0.95208249087575        0.70326418781225
C           -0.02887597192597        1.24651293903539        0.10633505220622
O            0.69273328524734        2.33873403657802        0.19083295483209
N           -1.25042742713348        0.91499860346825       -0.13319528771405
C           -2.24750090215611        1.92891578693371       -0.46116231404341
C           -1.73694447562415       -0.35770106896775        0.33122831083480
O           -2.81347089057830       -0.38794689902675        0.85922242397592
N           -1.01878070322119       -1.51683937832928        0.05297510989902
C           -1.81743854861302       -2.69163420077079        0.48386470535532
H            3.73202195929510        0.91634508977016        1.55630739390619
H            4.34999342980812        0.69469145388203       -0.09851586715197
H            3.40182743000207        2.14066420128750        0.32385117326565
H            3.25836385949956       -1.09693058455247       -0.80276553424704
H           -1.76396635107788        2.90275375478096       -0.49507494907093
H           -2.69133945843634        1.69512727566435       -1.42722796883537
H           -3.02647005238081        1.92106440257315        0.29932723481548
H           -1.77418889310106       -2.76428809308292        1.57013867321671
H           -1.39424251203954       -3.58775918121438        0.03558260811464
H           -2.85823245422828       -2.57369846325002        0.18354943995749
H            1.64755570460859       -2.18002766053972       -1.63533545777558
25
 energy: -41.994969288025 gnorm: 0.019497993599 xtb: 6.6.1 (8d0f1dd)
C            3.52057100640577        1.04911174213163        0.51613653642291
N            2.28033497816135        0.40397380879151        0.12456900810197
C            2.27735332213087       -0.69229668199628       -0.59295470476773
N            1.23814182434289       -1.48323786660472       -1.01258816465015
C            0.00921156568356       -1.94066179893137       -0.69479631433646
C            1.15112459501722        0.93555099567044        0.68921028661310
C           -0.03921487015570        1.22953254879879        0.09182586109110
O            0.68097552193584        2.32782409687565        0.20275729265211
N           -1.26389331781813        0.90927903156590       -0.16123506809015
C           -2.24591589692198        1.94889022447131       -0.45630429263921
C           -1.76862994594753       -0.36190160444042        0.27569250288777
O           -2.88293269687219       -0.39822850093953        0.73564835319139
N           -1.01426781476416       -1.51463576056475        0.06298639080533
C           -1.78037219644081       -2.69318786298989        0.53177925672409
H            3.71023858474286        0.87639808250874        1.57645733669795
H            4.35223116758137        0.67102654979459       -0.07150979675713
H            3.41596352348485        2.12414735810822        0.35791694699755
H            3.25454212059602       -1.08379157300225       -0.84657498925972
H           -1.74614990431840        2.91508956308215       -0.45967104890907
H           -2.69868600400931        1.75616731273009       -1.42788072468367
H           -3.02376147081177        1.92895012238414        0.30545245270156
H           -1.74437422007093       -2.71797881782979        1.62071976119636
H           -1.32601009021088       -3.59465141608689        0.12402829614229
H           -2.82227763830975       -2.62091118830406        0.21762902215061
H            1.62622937066830       -2.15621982362459       -1.67812258238438
25
 energy: -41.995372033531 gnorm: 0.018242608619 xtb: 6.6.1 (8d0f1dd)
C            3.52221439342383        1.02850336405961        0.53361881278393
N            2.27545356525943        0.40936508989051        0.12273422036834
C            2.26443119287968       -0.67175420031127       -0.62360439814269
N            1.21766102055903       -1.44470040298238       -1.04360851047437
C            0.00401515548665       -1.91660269563450       -0.69091066322765
C            1.14747471196153        0.93152989925923        0.70326229643830
C           -0.04627449055834        1.20716247155532        0.10243642899422
O            0.66565342436075        2.31346090719724        0.22713104440225
N           -1.27079189579158        0.89647909528023       -0.17680801896784
C           -2.23516002905858        1.94573020493295       -0.46552392538005
C           -1.79162097920611       -0.37422895288155        0.23583405212880
O           -2.91116670644616       -0.41402857000707        0.64818008943205
N           -1.01595403587462       -1.51238982051920        0.07968012007237
C           -1.75391168185511       -2.68670142384521        0.57584867521827
H            3.69969821346045        0.83719948659994        1.59087928572436
H            4.35024637778242        0.64053580591913       -0.05382398299281
H            3.43827286515208        2.10708989084541        0.39045883234182
H            3.23797422507666       -1.05558272312392       -0.90197987519187
H           -1.72306160177194        2.90122789936638       -0.45232974545264
H           -2.68072830304728        1.77503720316094       -1.43833485273799
H           -3.02289625783343        1.92292953051221        0.28520131301108
H           -1.74291396838918       -2.66800599474254        1.66292857304568
H           -1.26546153612577       -3.58684822258542        0.21011519844961
H           -2.78992687838838       -2.65838805595275        0.23849263722296
H            1.58720473304316       -2.10878124439466       -1.72870598916773
25
 energy: -41.995816543488 gnorm: 0.017146923684 xtb: 6.6.1 (8d0f1dd)
C            3.51601533272552        1.01261329099089        0.54943694972245
N            2.27193883109639        0.40203964153090        0.11781883154988
C            2.26164490796086       -0.66524270543708       -0.65277656470316
N            1.21054904443850       -1.43283519444474       -1.07063661864050
C            0.01236397611080       -1.91790651716223       -0.68078967407298
C            1.13772346515492        0.90926475127233        0.69697812141966
C           -0.05153066856140        1.19199883515928        0.09431398603753
O            0.65578338920467        2.30149327446938        0.24373609588368
N           -1.27864488867135        0.89667091282602       -0.19558693221264
C           -2.23233831413854        1.96532751694974       -0.46467834103958
C           -1.81184872523777       -0.37658271137233        0.19160904746695
O           -2.95919278770632       -0.42569607781090        0.54935715456816
N           -1.00799426735494       -1.51067132152151        0.08546826956458
C           -1.72449924161394       -2.68742291567057        0.61640246267230
H            3.68178817061476        0.80821978730181        1.60728466970856
H            4.34927341336931        0.62959581236450       -0.03472766212801
H            3.43717685901958        2.09289494594051        0.41826923494433
H            3.23360519147287       -1.04341059446470       -0.94342064372099
H           -1.71044603285344        2.91835334295238       -0.42544432754854
H           -2.67959324042598        1.82320291231741       -1.44625481835885
H           -3.02214999353666        1.93349595945719        0.28525374624570
H           -1.72493155292894       -2.62990429838956        1.70625469199508
H           -1.21380584722971       -3.59293673902265        0.28718034331898
H           -2.75883837097890       -2.69429369086127        0.26433308288974
H            1.56838286416875       -2.09002967577622       -1.76820948766399
25
 energy: -41.996228470372 gnorm: 0.021187399140 xtb: 6.6.1 (8d0f1dd)
C            3.51000522915575        1.00913156005762        0.55108385683020
N            2.27013136644051        0.39572468540905        0.12100584850290
C            2.25893815573460       -0.65941891247820       -0.66563303156890
N            1.20664231848632       -1.43337491606949       -1.07794461545675
C            0.02304713784280       -1.92772630563921       -0.66512469221557
C            1.13672527513748        0.89154784529884        0.70838608963974
C           -0.04856962052618        1.18565765623052        0.10531722598077
O            0.65143170363088        2.29391365313745        0.26342304763554
N           -1.27436088154295        0.90027979580090       -0.18992516363898
C           -2.22800295801554        1.96611833780726       -0.47156133796906
C           -1.80521474562655       -0.37726250032156        0.19017105381784
O           -2.96344844109169       -0.43476691494260        0.52488279739150
N           -0.99857556618896       -1.50930483113916        0.08965544295366
C           -1.72108528155947       -2.68058225846386        0.62753778540361
H            3.67975922055910        0.80280673599948        1.60849766995363
H            4.34505015040027        0.63651949616494       -0.03701230858181
H            3.42293722136189        2.08819654956055        0.42556321954641
H            3.22872658578401       -1.03064200524300       -0.97042720835968
H           -1.71085156572335        2.92257782485276       -0.42830803096789
H           -2.66259506553944        1.81896168905830       -1.45989245772719
H           -3.02567623433755        1.93614723249546        0.27155867864125
H           -1.73422029786199       -2.62113742329203        1.71397779775275
H           -1.21063411630722       -3.58256476580989        0.30842829013243
H           -2.74879730159338       -2.69010120211993        0.27074220876155
H            1.55906922547970       -2.08246248475561       -1.78323054855958
25
 energy: -41.996777525827 gnorm: 0.018384109243 xtb: 6.6.1 (8d0f1dd)
C            3.50065333242851        0.99568408731979        0.56121507911557
N            2.26459252233607        0.38437412346266        0.12403748187013
C            2.24889981751643       -0.64345571938552       -0.70021241175399
N            1.19438114331190       -1.42397148283578       -1.10264836941579
C            0.03814623375430       -1.94115949515670       -0.64107225725993
C            1.13144372810831        0.85827418655537        0.73082267597841
C           -0.04641350085206        1.17371655415038        0.12166510263192
O            0.64519699536949        2.27915133284886        0.30195885121812
N           -1.27185529522759        0.90747879838621       -0.18999814671380
C           -2.22182359439967        1.97644488182244       -0.48352221330189
C           -1.80881291680697       -0.37614595933586        0.16464493639721
O           -2.96715502913966       -0.44637152117728        0.46953377047308
N           -0.98818451332198       -1.50754697704031        0.09345185185121
C           -1.70738117097412       -2.67555290989091        0.65685031110532
H            3.67411487903483        0.77496298480803        1.61695871225366
H            4.33831175947825        0.64059356775462       -0.03397421445025
H            3.40719677987355        2.07645021662173        0.45390717465031
H            3.21477562971435       -1.00158288058949       -1.03235476174603
H           -1.70742138264504        2.93599431467223       -0.42663723790226
H           -2.63618508512663        1.82770757267716       -1.48377328803181
H           -3.03298082991525        1.94590030949999        0.24710961438716
H           -1.74661040164538       -2.57778097822934        1.74559514453723
H           -1.17105460290339       -3.58451847585468        0.38520089771268
H           -2.72805008934419       -2.71734819371171        0.27175779365463
H            1.53664710547487       -2.06305979577332       -1.81934487936258
25
 energy: -41.997447193505 gnorm: 0.023932355886 xtb: 6.6.1 (8d0f1dd)
C            3.49632565135262        0.97803650181190        0.57039691234655
N            2.25725573527104        0.38160062161065        0.12705628711423
C            2.22958472856020       -0.61029066847403       -0.74434290791199
N            1.17547289236052       -1.39612812348622       -1.12827509403044
C            0.05118770702609       -1.94433899494105       -0.60753475464623
C            1.13134713244676        0.83599911123798        0.77097981196961
C           -0.04489723315855        1.16242129144067        0.16085018298255
O            0.63701260771759        2.26288679052384        0.35048436670029
N           -1.26542049216162        0.90453754650286       -0.18004450572240
C           -2.20515863008676        1.96833981434327       -0.50072219811873
C           -1.81532852388296       -0.38116985248356        0.14375074679315
O           -2.98796071684339       -0.46312328641741        0.39188219966140
N           -0.97963906934315       -1.50832148452441        0.11179680772174
C           -1.69711867056476       -2.66457119536615        0.69222262500321
H            3.67658202907047        0.73156325121988        1.61989357203810
H            4.32896697334154        0.63447389172255       -0.03642979580734
H            3.40615985270902        2.06354505597349        0.48955694722337
H            3.19016939944421       -0.94608866571318       -1.12224659167384
H           -1.69130827431201        2.92439651885544       -0.43831832340484
H           -2.58945510568684        1.80906699253889       -1.50611813339991
H           -3.03755392927278        1.94326727682204        0.20510369900697
H           -1.77346489677696       -2.52848366857280        1.77595771059178
H           -1.13086756515148       -3.57259888463723        0.47093499424648
H           -2.70435017601456       -2.73996174156234        0.27459544094190
H            1.50289008805459       -2.02681955682647       -1.86025838172728
25
 energy: -41.998319713653 gnorm: 0.022199356167 xtb: 6.6.1 (8d0f1dd)
C            3.49337434872289        0.96311981175450        0.57148760537023
N            2.24770902076673        0.37763970194102        0.13423341663902
C            2.20307093249129       -0.56584673225537       -0.78604559868789
N            1.15978643398692       -1.36783032135991       -1.13658745059822
C            0.07150034807051       -1.94588479581358       -0.56430549772633
C            1.13223343371104        0.81023956636061        0.83465268851407
C           -0.03864309571277        1.15732778630442        0.21392626382109
O            0.63611684273204        2.24560220827015        0.40702517531629
N           -1.25128021865064        0.89652710413685       -0.16247016877765
C           -2.18779374650891        1.94976751396196       -0.52556360103472
C           -1.80847397212074       -0.38493812598627        0.13562782452466
O           -2.97675673013884       -0.47474030555654        0.34209260630015
N           -0.97012042412275       -1.51560381994910        0.12982158758938
C           -1.70143453871759       -2.65391517918416        0.71666885026568
H            3.69245095219200        0.68900167600088        1.61032369847797
H            4.31767241197151        0.63537231256498       -0.05364761230423
H            3.40144606910000        2.05310394599552        0.52093253686838
H            3.15712135196817       -0.86220472522896       -1.22537094181371
H           -1.67994531348973        2.90600178446473       -0.46360537946279
H           -2.53734878067381        1.76721163466341       -1.54034249444081
H           -3.04478390256623        1.93530082957869        0.14974974820214
H           -1.81617181933096       -2.49749482455810        1.78513480398587
H           -1.12513886331698       -3.55064125076970        0.53398751251525
H           -2.68934653005482       -2.74679101859202        0.27454362216620
H            1.47518730379050       -2.00208623514538       -1.87109757781171
25
 energy: -41.999365116787 gnorm: 0.023745804138 xtb: 6.6.1 (8d0f1dd)
C            3.48818493056473        0.93525790887104        0.58227452593882
N            2.23563848076947        0.37068947065252        0.13375755991077
C            2.17514436377285       -0.52485268033303       -0.83543249928237
N            1.14144694040540       -1.33114486745103       -1.15997832981272
C            0.09019863210531       -1.93792352720515       -0.53280229854045
C            1.12405535061129        0.77912160011338        0.87419213964632
C           -0.04088739109979        1.14310286867304        0.24262839907806
O            0.62688673457307        2.22972234224346        0.46651128666947
N           -1.24885366283339        0.88355083829773       -0.17247725308867
C           -2.17102641208533        1.95325305197736       -0.53667087801553
C           -1.82247683576039       -0.39356479325883        0.07615493489753
O           -3.01462553201507       -0.49911018918767        0.19215807108791
N           -0.96331165461412       -1.52090268512912        0.13795441341081
C           -1.67565889111038       -2.64938563080217        0.77099914587564
H            3.68739764301247        0.62919638252327        1.61125294133922
H            4.30828607484322        0.61640606133915       -0.05284174327289
H            3.40671830977924        2.02803719404026        0.56277837931452
H            3.12113692773735       -0.78172795455004       -1.32392438362543
H           -1.65539047515818        2.90484499897536       -0.44751800581372
H           -2.50321633600884        1.79102695242996       -1.56339800607826
H           -3.04280501630632        1.93236661285761        0.11882737246330
H           -1.82855106730861       -2.42688836954654        1.83049816551638
H           -1.06840876199918       -3.54775475815937        0.66145702066329
H           -2.64795851141442       -2.79592326711363        0.29596749170487
H            1.43850767363826       -1.96915901865892       -1.90119683208857
25
 energy: -41.999723779561 gnorm: 0.025005843434 xtb: 6.6.1 (8d0f1dd)
C            3.49011833808923        0.92999255949680        0.57677065324891
N            2.23170110776294        0.36781567930800        0.13509554514989
C            2.16194640200012       -0.51509179283089       -0.82668587940303
N            1.13919056645961       -1.32137742912686       -1.15234505776454
C            0.09605931223044       -1.93171036157274       -0.52953275347758
C            1.12089818104235        0.77928264354990        0.87270318627558
C           -0.04205817136475        1.15036350976904        0.23696700438843
O            0.62992144785180        2.23465406562409        0.46463705581875
N           -1.24810665806737        0.87421968584101       -0.17801864727887
C           -2.16746431380160        1.95716531774373       -0.52874563094220
C           -1.81941563929432       -0.39642240040800        0.05301935160633
O           -3.01360339193169       -0.50607171933100        0.14706067129396
N           -0.96894609203765       -1.52901757202981        0.12453443878843
C           -1.67285327382978       -2.65614155017072        0.77294546535271
H            3.68610593949651        0.61842321350662        1.60131539618647
H            4.30669775738368        0.60935498097304       -0.06228777043934
H            3.41436260715721        2.01771326211393        0.55986484959101
H            3.10021687803345       -0.75253835217912       -1.30451769819017
H           -1.64871976452189        2.90770018107404       -0.43338532952067
H           -2.50841956630870        1.80743164272756       -1.55231299197575
H           -3.03039912718333        1.92874954233794        0.13158613371200
H           -1.82504367972513       -2.41251306028372        1.82586547541168
H           -1.06470315805832       -3.55679539857341        0.68278499086044
H           -2.64255945427666       -2.81548316346037        0.29832826100877
H            1.43550526699250       -1.97146494250046       -1.88447510180289
25
 energy: -42.000531835544 gnorm: 0.018506612800 xtb: 6.6.1 (8d0f1dd)
C            3.48481989789283        0.91787768254622        0.58837793348317
N            2.22659654014989        0.35499023670446        0.14811829723092
C            2.14713648336414       -0.48766056621753       -0.85957195726154
N            1.12513768275073       -1.30145343509962       -1.17213964194297
C            0.12071509630236       -1.94931612427419       -0.47912157348012
C            1.11159045523294        0.74183456835312        0.90224382395215
C           -0.04051021260393        1.13784350412286        0.25374950498109
O            0.62626202502851        2.21572266496235        0.50063983445035
N           -1.24305513959751        0.86760848205053       -0.17956435557831
C           -2.15377357731268        1.95820756512011       -0.54536544041836
C           -1.82006511070414       -0.40048520743612        0.02146958205075
O           -3.01139516964671       -0.51762271964635        0.07223352537177
N           -0.95862824242240       -1.54173255753722        0.13970065183391
C           -1.66690735626092       -2.65222810490045        0.80756230684269
H            3.68486172614675        0.58294519359255        1.60741944846067
H            4.29883275013041        0.61517790978201       -0.06638999891231
H            3.40454402509320        2.00453232223373        0.59617602071678
H            3.07571769180381       -0.67886799335701       -1.39173044413538
H           -1.63276549706348        2.90898348354543       -0.43709956154102
H           -2.47853295088428        1.81328680299681       -1.57892029092828
H           -3.02736489383151        1.93125781818641        0.10269913096201
H           -1.84846016313003       -2.37978072951948        1.84821679163850
H           -1.04797075400175       -3.54578545360587        0.75609085980425
H           -2.62171950417491       -2.83293990095325        0.31546440388879
H            1.40536571183726       -1.94415690005087       -1.91908723357122
25
 energy: -42.000895287766 gnorm: 0.018419817843 xtb: 6.6.1 (8d0f1dd)
C            3.48264763945662        0.91391847140044        0.59183133877970
N            2.22502618021426        0.34486122054278        0.16528372472561
C            2.13890396476280       -0.47624842534364       -0.86398025677038
N            1.11703628881947       -1.29771808355904       -1.16521928349868
C            0.13379854392038       -1.94958321389950       -0.45467940764374
C            1.11002794473763        0.72060501235086        0.92480421463917
C           -0.03561338151538        1.12876952768965        0.27273901057375
O            0.62431089868534        2.20225919102937        0.52047114072132
N           -1.23735325153219        0.86441355653722       -0.16663563491973
C           -2.14216115254503        1.94998296687975       -0.55477459059849
C           -1.81576795852359       -0.40643320371616        0.00882682622826
O           -3.00529334680665       -0.53530314730597        0.02944488610850
N           -0.95843890784978       -1.54501539857798        0.13605585952379
C           -1.66951332064623       -2.64275693888350        0.82038325792139
H            3.69612691734514        0.56939820933172        1.60419365843364
H            4.28849287978819        0.61965086598768       -0.07712792725775
H            3.39594117184393        1.99990557206590        0.61343536508725
H            3.05715790728664       -0.62460098072598       -1.45119961927031
H           -1.61906991911872        2.89698347201860       -0.45188785777015
H           -2.45477810935273        1.79870187377859       -1.59006601130679
H           -3.02512279698624        1.93491914757053        0.08388030022785
H           -1.86631715275257       -2.35058934415496        1.85366495715715
H           -1.04182542992689       -3.53195631704783        0.79681001853349
H           -2.61901788939243       -2.84413637568313        0.32045174482494
H            1.38123379418660       -1.92178911668677       -1.93553409655147
25
 energy: -42.001460307389 gnorm: 0.008128120150 xtb: 6.6.1 (8d0f1dd)
C            3.48324159963042        0.91625676791871        0.58847736863580
N            2.22502934345817        0.34622661079031        0.16045190957800
C            2.13690537507839       -0.47711548808142       -0.86480154638032
N            1.11513112716317       -1.29607831985276       -1.16326574702462
C            0.13867767969505       -1.94921016844286       -0.44808011509684
C            1.11200818542438        0.71527984792769        0.92226027212685
C           -0.03787621342176        1.12283005049607        0.27900617337743
O            0.62085662875429        2.19935958707041        0.52821455457521
N           -1.23798822440564        0.86049965443443       -0.16609390290092
C           -2.13902978543310        1.94793631483066       -0.54891899956440
C           -1.81605105021520       -0.41185795706489       -0.00323985438359
O           -3.00334655023270       -0.54253900507917       -0.01150521942178
N           -0.95837079405183       -1.54779677625828        0.13408713899565
C           -1.66960956845261       -2.63883415975561        0.82322633639423
H            3.70389375156222        0.57222643713902        1.59979377490041
H            4.28691291377909        0.62362100726818       -0.08188638568476
H            3.39641875007051        2.00308490561487        0.61041391055207
H            3.04485073521949       -0.62658536087645       -1.44403174398454
H           -1.61334286523637        2.89306632308198       -0.44019584864082
H           -2.44990473045199        1.80398329212488       -1.58358792447626
H           -3.02234328446883        1.93204013445313        0.08860264252932
H           -1.87222143803549       -2.33890549541183        1.85038366430609
H           -1.04145202946044       -3.52485215141029        0.80909065210491
H           -2.61576491744307       -2.84490226312339        0.32404105803453
H            1.37380687557244       -1.91949524619476       -1.93127055065336
25
 energy: -42.002002122502 gnorm: 0.009929967332 xtb: 6.6.1 (8d0f1dd)
C            3.48494139302714        0.92201704326972        0.58077068853688
N            2.22678434963560        0.34819661982495        0.15355341089578
C            2.13789160202588       -0.48195973711015       -0.86545676484774
N            1.11411013539243       -1.29657361438592       -1.15824999396975
C            0.14933806004778       -1.95141756023298       -0.43060313206551
C            1.11557071653028        0.70429551374537        0.91828815236513
C           -0.04095559129950        1.11033643100676        0.28982530557848
O            0.61219775308923        2.19228272048094        0.54789119867716
N           -1.23928207256461        0.85376470821674       -0.16546895882516
C           -2.13419941615986        1.94720954551799       -0.53357151543856
C           -1.81786162796503       -0.42308579063633       -0.03935747683116
O           -3.00340077959625       -0.55807062283069       -0.10498860542721
N           -0.95844589631374       -1.55352476874086        0.13019711489912
C           -1.67109085902315       -2.63056567078803        0.83245514151681
H            3.71537097436723        0.57746271686299        1.58993272723968
H            4.28545494069038        0.63392324897308       -0.09403821888837
H            3.39360938005309        2.00919603134576        0.60427258283122
H            3.03318223358556       -0.62846236904734       -1.44124621615034
H           -1.60391120739514        2.88873584043896       -0.41112769412497
H           -2.44348165828898        1.81985887499246       -1.56909670821291
H           -3.01867336920582        1.92814129137881        0.10188317971455
H           -1.88628295327459       -2.31180827618715        1.84959931964438
H           -1.04094837252017       -3.51314338939410        0.84112089744095
H           -2.61084517242666       -2.84847029581477        0.32982593304173
H            1.36135895168748       -1.92009994928761       -1.92523874970189
25
 energy: -42.002611994507 gnorm: 0.021070837913 xtb: 6.6.1 (8d0f1dd)
C            3.48745448215113        0.93071343930525        0.56871631743504
N            2.23022720089623        0.35031336013045        0.14449820650670
C            2.14193448347366       -0.48934441530452       -0.86782804101780
N            1.11447561111253       -1.29861192614844       -1.15079918551294
C            0.16638589944090       -1.95598765478209       -0.39975948452638
C            1.11986369230480        0.68704596177598        0.91319038035302
C           -0.04493386324935        1.09152801320026        0.30484916671003
O            0.59904673466644        2.17958088684630        0.57954843123684
N           -1.24200779459556        0.84479285704348       -0.16272183664609
C           -2.12949481118025        1.94824507039270       -0.50870464524034
C           -1.81989190803003       -0.43848059681367       -0.09839948876307
O           -3.00098956046716       -0.58184530063628       -0.25268532346181
N           -0.95810103684690       -1.56106721423030        0.12558068831110
C           -1.67517979898803       -2.61743684781650        0.84816927431928
H            3.72995590138407        0.58338268228962        1.57421105299743
H            4.28430105482636        0.65150438914438       -0.11365601731823
H            3.38772630982154        2.01747735070645        0.59693313093628
H            3.02769645661001       -0.63117736236050       -1.44700973324279
H           -1.59359017136831        2.88463888209197       -0.36560891300753
H           -2.43819190010384        1.84584364761539       -1.54666267520513
H           -3.01555751173710        1.92279921374512        0.12424013832828
H           -1.90953837353945       -2.26913321081080        1.85153288668627
H           -1.04185779130493       -3.49680298895826        0.89388014615598
H           -2.60544675200890       -2.85423406770257        0.33709755187577
H            1.34614496083076       -1.92550562712481       -1.91744041001163
25
 energy: -42.003309330693 gnorm: 0.029046506869 xtb: 6.6.1 (8d0f1dd)
C            3.49001081590212        0.93984040820552        0.55675534787772
N            2.23541482588577        0.35058546960656        0.13577889328561
C            2.14981497995009       -0.49923855677480       -0.87086576947569
N            1.11643292835675       -1.30074691349552       -1.14322488510940
C            0.18729535368915       -1.96182657527232       -0.36070007576661
C            1.12312056235646        0.66695030261288        0.90587583712122
C           -0.04854855594886        1.06891611296241        0.31614511849084
O            0.58488515515934        2.16203653591627        0.61107114816822
N           -1.24682412784939        0.83459033785921       -0.15897286725997
C           -2.12845782295554        1.94958168644534       -0.47825405809312
C           -1.81885202664479       -0.45470277908836       -0.17157837708121
O           -2.98757039279229       -0.60835610176295       -0.41678810272220
N           -0.95587719721746       -1.56829865492972        0.11998242632737
C           -1.68160738622502       -2.59934132209667        0.86684611390830
H            3.74319242744158        0.58762602029267        1.55784950885581
H            4.28429400534288        0.67275515703370       -0.13391096336608
H            3.37943204881353        2.02535367624648        0.59264035721059
H            3.03101269099212       -0.63350455373984       -1.46171871756711
H           -1.58717774817143        2.88012017512305       -0.31357671095470
H           -2.43892566007381        1.87450077196467       -1.51891205337740
H           -3.01523614046359        1.91560551079566        0.15343256726135
H           -1.93793967887196       -2.21702491840977        1.85446762915497
H           -1.04633537708625       -3.47649046507065        0.95673554494241
H           -2.60075982570912       -2.85743692977066        0.34343668294483
H            1.32963766021838       -1.93325585305456       -1.91134297687748
25
 energy: -42.004191906746 gnorm: 0.019791278676 xtb: 6.6.1 (8d0f1dd)
C            3.49024752250526        0.94602020326759        0.55041730876021
N            2.24107766564271        0.34598009261786        0.13092638750612
C            2.16095467091654       -0.51049197117440       -0.87385297549345
N            1.11936464848468       -1.30076074014449       -1.14058895242470
C            0.20621638356481       -1.96651158931291       -0.32557354567044
C            1.12273955246075        0.64758682255981        0.89717676216688
C           -0.05057290129309        1.04695722258484        0.31650891663470
O            0.57424445844768        2.14143896909051        0.63097268514222
N           -1.25307537183371        0.82465603437404       -0.15706572705376
C           -2.13279735936392        1.94938464257640       -0.45182157088478
C           -1.81251959601334       -0.46591287271724       -0.23789770306952
O           -2.96006877876013       -0.62804144849178       -0.53924288430214
N           -0.95167009429036       -1.57242738744195        0.11192423252235
C           -1.68821920070003       -2.57817492494659        0.88288081622525
H            3.74919388964711        0.58714294902467        1.54727336435689
H            4.28487373812917        0.69390177052309       -0.14692961699266
H            3.36675663286475        2.02928799158225        0.59662430467162
H            3.04510179662415       -0.63564566432317       -1.48186965599355
H           -1.58825107929745        2.87461606482419       -0.26970622326800
H           -2.44692358847279        1.89718419824749       -1.49466079448229
H           -3.01880085638649        1.90589721931482        0.18065796109985
H           -1.95986018578422       -2.16577905778769        1.85648036487092
H           -1.05408443351823       -3.45436142757150        1.01144399423367
H           -2.59892905498053       -2.85416654393412        0.34938400381635
H            1.31543305550538       -1.93954201114315       -1.91228983447345
25
 energy: -42.004900624709 gnorm: 0.019090591656 xtb: 6.6.1 (8d0f1dd)
C            3.48999429689765        0.94989574953306        0.54445183883839
N            2.24722865727476        0.33785108198908        0.12817100387675
C            2.17024029176657       -0.51850617315412       -0.87800489796349
N            1.11947824289418       -1.29519979866010       -1.14006086432940
C            0.22370516122090       -1.96607760511246       -0.28833074553347
C            1.12295708997436        0.62955443219823        0.89346936725951
C           -0.05147855070648        1.02959554135174        0.32021009954903
O            0.57011075380037        2.12042711804252        0.65041062502353
N           -1.25811676293653        0.81479424687246       -0.14927949377513
C           -2.13893412360925        1.94333095347005       -0.43262071404244
C           -1.80117327556052       -0.46980807417449       -0.27910037727388
O           -2.92580641982990       -0.64545250017876       -0.65421559225900
N           -0.94644168718140       -1.57300622025336        0.10655922522585
C           -1.69615547918256       -2.55551647411967        0.89449236714206
H            3.75700531280227        0.58261279798074        1.53610008362004
H            4.28414654071611        0.71548128306299       -0.16087138021593
H            3.35272246028401        2.03031706363754        0.60367564036729
H            3.05801419092012       -0.63914574714816       -1.49925560443456
H           -1.59507035425394        2.86495181426920       -0.23808515448803
H           -2.45445466473915        1.90427385487998       -1.47593545855468
H           -3.02390948807998        1.89004841055713        0.20084991886137
H           -1.97261252939303       -2.12102510850896        1.85592034513478
H           -1.06697843935158       -3.42994056170147        1.04962933443680
H           -2.60243807646948       -2.84101794881587        0.35787284046668
H            1.29839836684120       -1.94019959441876       -1.91488078903377
25
 energy: -42.005356475145 gnorm: 0.017438066684 xtb: 6.6.1 (8d0f1dd)
C            3.48660739447615        0.95013730316347        0.54174389525678
N            2.25165055548004        0.32387410199470        0.12803494206616
C            2.17767097194258       -0.52646016530566       -0.88146283097112
N            1.11842765394115       -1.28836871160772       -1.14489227895825
C            0.23838243858452       -1.96459221074942       -0.26197459863683
C            1.12077783903179        0.61117699288198        0.89283724521572
C           -0.05154891288741        1.01835462166068        0.32004054024828
O            0.57255142282417        2.10006482360764        0.66908029579620
N           -1.26308240884810        0.80717226427549       -0.14313092288749
C           -2.14871115058577        1.93587701155967       -0.41983780391572
C           -1.78571044444051       -0.47035654494346       -0.31525081166909
O           -2.88287022463584       -0.65700568514998       -0.72686640748259
N           -0.94005503641876       -1.57315013707022        0.09333393282764
C           -1.69982894327890       -2.53172791605786        0.90239305974418
H            3.76471156735683        0.57579435437348        1.52801967419912
H            4.28001040817221        0.73426557201751       -0.17054124962498
H            3.33568348989811        2.02750453592656        0.61371249736947
H            3.06885171887091       -0.64751993828061       -1.50490847685500
H           -1.61021695120794        2.85712977772323       -0.21541373124813
H           -2.46183860194015        1.90167418139617       -1.46328292102084
H           -3.03359908838564        1.86951395685207        0.21285611007840
H           -1.97334486195355       -2.07448598420243        1.85308654948065
H           -1.07940571860675       -3.40679338497396        1.07788752463413
H           -2.60625222811285       -2.81973333474338        0.36923440749129
H            1.28157062482244       -1.93410694274940       -1.92352702323968
25
 energy: -42.005428733396 gnorm: 0.036080678329 xtb: 6.6.1 (8d0f1dd)
C            3.48454169762469        0.95659503279016        0.52710361195890
N            2.25895852016477        0.30789833761921        0.12117016161083
C            2.18736360172202       -0.54111920020284       -0.88670903472221
N            1.11620434031987       -1.28266962447441       -1.14277827994380
C            0.27030735465181       -1.96654677270281       -0.20354386575060
C            1.12261198380919        0.57491388959413        0.89282284897566
C           -0.05446604063611        0.99400795068446        0.33794362040123
O            0.56923483654533        2.06658671967877        0.72338057424947
N           -1.26998934651717        0.79247609718086       -0.12853383216997
C           -2.15696235069456        1.92659378818436       -0.38618877317654
C           -1.76631791078068       -0.48285550985652       -0.40388426754870
O           -2.82532580491702       -0.69070194987044       -0.94065003904142
N           -0.93131678606407       -1.58021313062302        0.07501697593056
C           -1.70760022834173       -2.49310127692483        0.92398554310277
H            3.78888115684333        0.57263039846300        1.50346598741421
H            4.27210914080290        0.76888623754138       -0.20049679327483
H            3.31178454483381        2.03000562546742        0.61740780139329
H            3.07121915724596       -0.65625966224671       -1.51633937044936
H           -1.62360179630232        2.84547803101441       -0.15526213233720
H           -2.46363821006231        1.91364449835358       -1.43207244685865
H           -3.04470829065965        1.83945585172179        0.24084052266620
H           -1.99145247499417       -1.98572786630497        1.85095410293877
H           -1.09602549846552       -3.36683661021062        1.15174230670139
H           -2.60753797013914       -2.79607575367235        0.38869721226860
H            1.24615788810957       -1.92882655960547       -1.92690081644030
25
 energy: -42.006025768976 gnorm: 0.009755077754 xtb: 6.6.1 (8d0f1dd)
C            3.48331252279497        0.95446957360337        0.53219539194649
N            2.25496495014608        0.31094125592575        0.12513065531916
C            2.18260143748942       -0.53850269716389       -0.88151182542352
N            1.11565550537734       -1.28725937079513       -1.14289121782907
C            0.25652647177692       -1.96504711885987       -0.23063689447621
C            1.12193858442239        0.58430809435964        0.89708293686207
C           -0.05266667403226        1.00518337561279        0.33464448207853
O            0.57461424048714        2.07767111078281        0.71087046706397
N           -1.26367147999989        0.79680036173443       -0.13563921641215
C           -2.15281200936091        1.92600183220893       -0.40170669153732
C           -1.76931080460209       -0.47887950444852       -0.36893127935804
O           -2.84153857027490       -0.67348321008758       -0.85438936340701
N           -0.93351827064454       -1.57938040421464        0.07989345858482
C           -1.70399721502803       -2.50487650430068        0.91418619515735
H            3.78331738499061        0.57736016459635        1.51149408655380
H            4.27094448439627        0.75722486003966       -0.19067860782114
H            3.31635606812001        2.02894205564916        0.61416537220274
H            3.06354374880223       -0.65266778303986       -1.50607979982945
H           -1.62179512238092        2.84828126573558       -0.17862861424010
H           -2.45891778045242        1.90529766108337       -1.44743228836534
H           -3.04102362711491        1.84479033895862        0.22445270856713
H           -1.97750258057832       -2.01609307195982        1.84958529330121
H           -1.09038907111428       -3.37828148320591        1.11891159004956
H           -2.61004632882887       -2.79910359826502        0.38534712199045
H            1.25384564970772       -1.92545866235099       -1.92826234307963
25
 energy: -42.006212817206 gnorm: 0.007023399899 xtb: 6.6.1 (8d0f1dd)
C            3.48069906045251        0.95638281512060        0.52942765084597
N            2.25514663587364        0.30593287653444        0.12487292727514
C            2.18434496474969       -0.54357635200894       -0.88076125923725
N            1.11464165741176       -1.28825187975720       -1.14191767761587
C            0.26294909949189       -1.96462071490934       -0.22188355198952
C            1.12168492971820        0.57168730686480        0.90046650184319
C           -0.05257920181480        1.00011668623752        0.34088078500805
O            0.57700813356984        2.06744941832896        0.72849981115944
N           -1.26167599334565        0.79206855342630       -0.13437010605182
C           -2.15289087993344        1.92026122221503       -0.39687929656233
C           -1.76098709002179       -0.48272546349937       -0.38691517650487
O           -2.82262363970481       -0.67491274164801       -0.89289056661605
N           -0.93110399805802       -1.58295363285770        0.07464862001818
C           -1.70573076987560       -2.49405478075312        0.91807692901555
H            3.78944508413655        0.57864817637756        1.50566678322749
H            4.26574192628706        0.76726923260168       -0.19828622089499
H            3.30596401698210        2.02951173253319        0.61563908584310
H            3.05978897252375       -0.65136152575952       -1.50865735761670
H           -1.62600145553160        2.84337334198001       -0.16652131662323
H           -2.45487138019675        1.90528257526152       -1.44384016281299
H           -3.04330650242429        1.83344576637880        0.22514593090863
H           -1.97754296749591       -1.99321516436975        1.84740436265288
H           -1.09568842201301       -3.36734593071857        1.13365459771547
H           -2.61301780730605       -2.79012324981257        0.39242429005278
H            1.24103714062352       -1.92004972616777       -1.93271396514199
