72
 energy: -99.180045418826 gnorm: 0.781709620642 xtb: 6.6.1 (8d0f1dd)
N           -2.09476295565088        2.93142262119765        2.32035757946003
C           -1.97632933135468        2.23783210629094        1.28878594218757
C           -3.07858141627722        1.98187183391658        0.29816224551340
C           -3.50256412418944        0.52309151386222        0.37206672339601
C           -4.33337070094965       -0.00907192654047       -0.61626624084803
C           -4.76131749332879       -1.32532861814752       -0.57044247075220
O           -5.56086265665232       -1.91744797593870       -1.48157341793272
C           -6.08819431659498       -1.15152558995859       -2.53893989403576
C           -4.34845578631410       -2.15873050655660        0.50426876664104
O           -4.81047729200293       -3.42469219129924        0.46642870818527
C           -4.52221194764036       -4.29145895773180        1.53861269849164
C           -3.52832818976198       -1.62301605258934        1.48419863556531
C           -3.11095144238656       -0.29936225291910        1.41707516859018
C           -2.47519188989948        2.29508076284319       -1.09573051119751
C           -1.49102913910757        1.23329154470739       -1.62033875011583
C           -0.17196025390011        1.24864214537250       -0.94883334847264
N            0.48548811655359        0.17981945793293       -0.51248171169153
C            1.88788681096762        0.26200651602460       -0.18518052621056
C            2.76006828256666       -0.34711035426714       -1.30752974170643
C            4.20859397396889       -0.10620727369584       -1.04233633114597
C            4.84124972933231        1.07191737271439       -1.38057225775297
C            6.13921524898025        1.31885249273277       -1.37642695894441
C            7.10900437418267        0.13068947884906       -1.21748608501438
O            8.29605315114148        0.55794481746064       -0.57708222054964
C            8.17534428166929        1.08515753146410        0.72202829697864
C            6.37298920198104       -0.96527194658873       -0.40092731007525
O            7.24890525138823       -1.83455682543398        0.10947536237586
C            6.78721825324858       -2.98429007884607        0.78449747309859
C            5.01218028966520       -1.04958616549471       -0.34282447041377
C           -0.12159872577678       -1.12889632696279       -0.46533336056569
C           -4.34090005581913        2.86377708999494        0.53817070485569
C           -5.02672028967555        2.51527145635993        1.85704120870442
C           -4.04473684358616        4.36012973304965        0.49306432826610
H           -4.66191177708357        0.62106850444784       -1.42589439686489
H           -6.68549328315724       -0.31299903465506       -2.16863245408165
H           -6.72920815574630       -1.82981870166947       -3.09862343041608
H           -5.29803159535885       -0.77690405506919       -3.19802755585246
H           -4.90557485563358       -3.89884966702402        2.48495772652598
H           -5.02922427539980       -5.22515122379615        1.30342191343717
H           -3.44695693479541       -4.47636532425214        1.62813504090051
H           -3.21394665851674       -2.22613317087569        2.32036295348656
H           -2.49560394842126        0.09030970450829        2.21318595769556
H           -3.28693029405613        2.38808248565606       -1.81626723756840
H           -1.96601189612705        3.25843821705685       -1.04944536987028
H           -1.95463190302405        0.24947525331939       -1.57721806542426
H           -1.31117282636034        1.47233476315528       -2.67677904347924
H           -1.02511812585155        1.76999598194318        0.96740168205101
H            0.37475215183603        2.18033988337323       -0.95186560077711
H            2.07332982491634       -0.26952917636933        0.75231687892375
H            2.17004570840550        1.30801383349933       -0.05247829547432
H            2.48560914383634        0.13275795712190       -2.24967835693191
H            2.56356331472989       -1.41719698600238       -1.38437912467160
H            7.32813051780332       -0.17684919553396       -1.90810269449587
H            6.58821194351252        2.29070638057167       -1.48654467360641
H            7.70251371246786        0.37500937864513        1.40724652477563
H            7.60060102300966        2.01777034217892        0.72737700968086
H            9.19208452482778        1.28366596518258        1.05312266153553
H            7.68003518344651       -3.52554562768459        1.08932313598201
H            6.20184358756240       -2.71627193233861        1.66875657014032
H            6.18546572104188       -3.61406482719400        0.12307055857113
H            4.53113344693879       -1.87751885089249        0.15553836979077
H           -0.22333415518980       -1.55821966519215       -1.46482707439167
H           -1.10986023918189       -1.07305603182134       -0.00406743476995
H            0.50115999974596       -1.78919775623401        0.13372387473888
H           -5.03820820650014        2.63091560583601       -0.27496102100152
H           -4.36762960153421        2.73921973390125        2.68955871577574
H           -5.29902618983657        1.46335689190141        1.89407394228103
H           -5.93233418272186        3.10663199631594        1.96300207313474
H           -3.33965291981269        4.62856741517996        1.27371164811977
H           -3.64808120222171        4.66818488795670       -0.47063385305544
H           -4.96601348193603        4.91058919052719        0.66468164942414
H           -1.27365961339691        3.06213094503096        2.90279340349772
72
 energy: -99.290581652433 gnorm: 0.055447919115 xtb: 6.6.1 (8d0f1dd)
N           -2.09472490091501        2.93147131958811        2.32032173699576
C           -1.97629490677063        2.23797650328669        1.28872121857984
C           -3.07858740245874        1.98185485934365        0.29817083446178
C           -3.50255312163348        0.52307364755391        0.37205655085131
C           -4.33335082656958       -0.00907626591516       -0.61627463725951
C           -4.76129547206647       -1.32533094552959       -0.57043784051531
O           -5.56088778345005       -1.91744265241348       -1.48156345324880
C           -6.08820979874944       -1.15150823958552       -2.53892997599123
C           -4.34844398438110       -2.15872429555973        0.50427994059935
O           -4.81045844514925       -3.42467951414972        0.46644393023265
C           -4.52220961279338       -4.29144453665329        1.53861684103187
C           -3.52831521428018       -1.62300846159392        1.48421012535606
C           -3.11095161250194       -0.29935009522718        1.41707968869589
C           -2.47515850900369        2.29508177601313       -1.09572908312617
C           -1.49103709075463        1.23330465316513       -1.62033527035652
C           -0.17198337967575        1.24862717040571       -0.94882882957541
N            0.48550023464809        0.17980395931120       -0.51242994543603
C            1.88779413434288        0.26190518754612       -0.18526104646245
C            2.75976079018545       -0.34734096026044       -1.30772072763724
C            4.20777872124821       -0.10578718385882       -1.04152002963392
C            4.83677187507947        1.07420243471955       -1.38066305954487
C            6.13139269258111        1.33034814996053       -1.36334286051695
C            7.08501701271479        0.16434740990971       -1.13878423932690
O            8.29545444656608        0.56573444462216       -0.56132629101472
C            8.17835191008263        1.08961224318038        0.73139613263070
C            6.36774104614258       -0.96367992565144       -0.38541539681816
O            7.24767955995859       -1.83486837176854        0.11232421065281
C            6.78707637427895       -2.98559430099848        0.78477204894667
C            5.00919490156845       -1.05050761650429       -0.33995389124659
C           -0.12163059826510       -1.12887903255075       -0.46536921972194
C           -4.34088884258002        2.86376436597352        0.53816693616781
C           -5.02670545062358        2.51527712651493        1.85704458646229
C           -4.04474780593711        4.36012364826747        0.49302546760228
H           -4.66187896957258        0.62105643183700       -1.42590754431250
H           -6.68551066567807       -0.31299994185384       -2.16859420646908
H           -6.72920786991981       -1.82980811084967       -3.09860097042572
H           -5.29805866205106       -0.77686781268995       -3.19800937365759
H           -4.90552945063502       -3.89882409598269        2.48499020682172
H           -5.02924446807839       -5.22513100653363        1.30344852122024
H           -3.44693782112883       -4.47638247458436        1.62812816605105
H           -3.21392849437647       -2.22612821633171        2.32036824207585
H           -2.49561039273907        0.09031840276445        2.21319742272827
H           -3.28690754690836        2.38808283861166       -1.81625306259983
H           -1.96598972683466        3.25844655919215       -1.04943822398427
H           -1.95461796004795        0.24948371780483       -1.57722691956865
H           -1.31114162796353        1.47233475346523       -2.67677927835153
H           -1.02510758920489        1.76995258506093        0.96737738822805
H            0.37478279199951        2.18031881574937       -0.95182595533001
H            2.07333366996510       -0.26960298892193        0.75226965703889
H            2.17005607892789        1.30795787238846       -0.05247401743277
H            2.48560352363692        0.13263391874670       -2.24974609340129
H            2.56364788607856       -1.41740111580454       -1.38436478430725
H            7.37224824610969       -0.24090129669924       -2.05398313695110
H            6.58651057162653        2.29523078270985       -1.48712988956385
H            7.70320391525603        0.37548360144272        1.40980838721373
H            7.60068690469940        2.01933314493619        0.72975707667836
H            9.19520171445155        1.28543359050894        1.05600234257060
H            7.68041195901554       -3.52598824356687        1.08931497201906
H            6.20189408909797       -2.71694324078451        1.66902341121310
H            6.18537049382366       -3.61432208832161        0.12288060840141
H            4.52891708197969       -1.87899428214813        0.15539955378093
H           -0.22337672144663       -1.55820303120049       -1.46484869904323
H           -1.10987484705044       -1.07303489861831       -0.00406774383931
H            0.50110477178815       -1.78924467928154        0.13367190901009
H           -5.03820526578445        2.63087347931731       -0.27495816687989
H           -4.36761371711140        2.73923145699646        2.68955561419956
H           -5.29900765767034        1.46335687832481        1.89407946474852
H           -5.93232923417722        3.10663293033289        1.96300525735967
H           -3.33963964236627        4.62858540471364        1.27365379655613
H           -3.64811556472530        4.66816140227250       -0.47069291284063
H           -4.96602224929412        4.91057920865711        0.66465375559541
H           -1.27368089753522        3.06214276970563        2.90283561623372
72
 energy: -99.292274005365 gnorm: 0.035968384833 xtb: 6.6.1 (8d0f1dd)
N           -2.09444832822439        2.93225010792722        2.31994985431020
C           -1.97602121216478        2.23861272180732        1.28841340980657
C           -3.07841691690749        1.98202613588762        0.29809087299803
C           -3.50220969065903        0.52318310281698        0.37205994890543
C           -4.33296320717982       -0.00904972038141       -0.61626505487503
C           -4.76103256404341       -1.32524085859683       -0.57028461187833
O           -5.56088825527946       -1.91730397743668       -1.48130049089841
C           -6.08848699362442       -1.15119541578640       -2.53840636107506
C           -4.34817486650747       -2.15856894428611        0.50443590284251
O           -4.81031911749864       -3.42452368064618        0.46673243254271
C           -4.52194380420236       -4.29122958495268        1.53889453848269
C           -3.52802304757746       -1.62282986601144        1.48431198644747
C           -3.11070546916081       -0.29914382067821        1.41716370775443
C           -2.47509416075254        2.29532389353671       -1.09584455673527
C           -1.49116577095077        1.23351170903559       -1.62054265343920
C           -0.17248641615309        1.24842929263315       -0.94840967230914
N            0.48440506142155        0.17917550408501       -0.51180979862929
C            1.88652239721073        0.26056789789572       -0.18473776264368
C            2.75822109484159       -0.34913491756376       -1.30694265547328
C            4.20595632155174       -0.10555412113263       -1.04052152294646
C            4.83301404088025        1.07535568354127       -1.38216003898885
C            6.13103912626585        1.32990064098230       -1.36181624190315
C            7.08546212423552        0.16164638518536       -1.14730938530627
O            8.28968444977185        0.56335566695849       -0.56247617463251
C            8.18288410995174        1.09209263718389        0.73654184903653
C            6.36953144710719       -0.95800184199352       -0.38294659532222
O            7.24700937913472       -1.83044406292091        0.11859295921079
C            6.78542015660478       -2.98562553966311        0.78499302296703
C            5.00850269839461       -1.04971568077044       -0.34128483923805
C           -0.12305765342973       -1.12931859587074       -0.46563355306658
C           -4.34087243984840        2.86366201710043        0.53802702150034
C           -5.02641370855659        2.51537599612753        1.85710754790704
C           -4.04501669101400        4.36005656311881        0.49227477829258
H           -4.66136178637309        0.62098527483826       -1.42602168212662
H           -6.68588273366858       -0.31289137784464       -2.16775770373390
H           -6.72943521439293       -1.82948677452864       -3.09813232397181
H           -5.29853459101140       -0.77621551687892       -3.19752901141751
H           -4.90470471547951       -3.89837061424428        2.48541126134142
H           -5.02942212443278       -5.22475914628491        1.30404772614841
H           -3.44668507420693       -4.47655135708492        1.62799474701254
H           -3.21363308032389       -2.22593277801637        2.32048633426038
H           -2.49550940770767        0.09058807718172        2.21336012906689
H           -3.28685679837161        2.38841396124277       -1.81632230479435
H           -1.96579105530954        3.25862072799272       -1.04945271122415
H           -1.95488777322135        0.24976149932533       -1.57762048633011
H           -1.31088469617703        1.47259350643617       -2.67691707649039
H           -1.02499244022389        1.77000996668216        0.96731059659544
H            0.37479319358493        2.17982649286940       -0.95117175860690
H            2.07227994218119       -0.27110545367407        0.75264010784035
H            2.16943501099827        1.30650539322103       -0.05217518412414
H            2.48417829631596        0.13019757461353       -2.24924913606932
H            2.56297700026524       -1.41939128116554       -1.38305912510797
H            7.37934138630834       -0.24996622196464       -2.08065202064040
H            6.58426952366757        2.29724583916527       -1.48869553016565
H            7.71474378932612        0.38118077370903        1.42411357559314
H            7.60387006873401        2.02190650302914        0.74391263978664
H            9.20001345793464        1.29393807662110        1.06205995391759
H            7.67875664776020       -3.52629710171291        1.09011462546511
H            6.19743083315414       -2.72295298377923        1.66927573658019
H            6.18738404603050       -3.61423843187034        0.11951464802561
H            4.52681074911080       -1.88503830055303        0.14385958367640
H           -0.22480108393572       -1.55808953018042       -1.46534927261331
H           -1.11126668798148       -1.07329501372434       -0.00433409600612
H            0.49944883338321       -1.79023035580175        0.13305067634457
H           -5.03827148745261        2.63032543592556       -0.27490361156489
H           -4.36721508622192        2.73956698418091        2.68946364352444
H           -5.29853867957067        1.46341573021654        1.89435906641193
H           -5.93212739557973        3.10660107156445        1.96309927731920
H           -3.33962026393084        4.62890341880266        1.27251276800022
H           -3.64880986264930        4.66777552843078       -0.47172725118689
H           -4.96632071709205        4.91041543622085        0.66404949622410
H           -1.27357652008382        3.06252916241447        2.90280067201645
72
 energy: -99.293302478524 gnorm: 0.011039805705 xtb: 6.6.1 (8d0f1dd)
N           -2.09421179314698        2.93329094278375        2.31942074329711
C           -1.97589688446035        2.23900908923201        1.28831830338841
C           -3.07816057146955        1.98237563825454        0.29787337752505
C           -3.50161600734910        0.52346718439544        0.37205154966744
C           -4.33227715500156       -0.00893404642627       -0.61625741380394
C           -4.76054650377422       -1.32502465507222       -0.56995795321711
O           -5.56081226255534       -1.91702047333953       -1.48075527284177
C           -6.08902976758986       -1.15061584639184       -2.53733830453154
C           -4.34765792254843       -2.15820292727773        0.50482362416429
O           -4.80997064670430       -3.42415138887247        0.46739074942638
C           -4.52136653620194       -4.29074801156477        1.53953997999420
C           -3.52745204031292       -1.62236828874092        1.48459123827998
C           -3.11022905875968       -0.29862946609129        1.41734579579965
C           -2.47488302382056        2.29575937015837       -1.09609163425284
C           -1.49113861591004        1.23384218457799       -1.62075690563223
C           -0.17290603034244        1.24776138364564       -0.94775487456642
N            0.48290326685950        0.17778140193051       -0.51101552477754
C            1.88495723923955        0.25780213931766       -0.18394564240292
C            2.75664149507760       -0.35180651916206       -1.30603373506799
C            4.20504356886891       -0.10713612220333       -1.04121186116536
C            4.82902130733861        1.07626810004104       -1.38246147818205
C            6.12931056104547        1.32899077216483       -1.35774149865370
C            7.08836738910049        0.16202662425307       -1.14916343388132
O            8.28680344534155        0.56689647546101       -0.56016923128205
C            8.18739227667615        1.09715850807493        0.74439862315748
C            6.37124901124133       -0.95621633953110       -0.38555302423792
O            7.24486659115835       -1.82703628818921        0.12675672633851
C            6.78175296430369       -2.98670436367773        0.78553804537907
C            5.00841494089670       -1.05275303266863       -0.34819932443751
C           -0.12559665401808       -1.13024125222902       -0.46629259672037
C           -4.34089579371059        2.86355828117424        0.53766840646685
C           -5.02582357047980        2.51570559294815        1.85718719690703
C           -4.04566505761341        4.36003200219580        0.49070577351805
H           -4.66047313472813        0.62091801454988       -1.42623266825317
H           -6.68660419788726       -0.31271526772343       -2.16604600189571
H           -6.72991260927955       -1.82889292214673       -3.09714462260928
H           -5.29948853142837       -0.77499641690457       -3.19658351465717
H           -4.90304228427241       -3.89740321687057        2.48630592330615
H           -5.02971326506279       -5.22397461390350        1.30535885879894
H           -3.44615190991098       -4.47682848192395        1.62781500991606
H           -3.21298107596203       -2.22541149908258        2.32078048863062
H           -2.49516157299612        0.09125471943569        2.21356783207476
H           -3.28664347189622        2.38916596350121       -1.81652722198786
H           -1.96534922370820        3.25892322837682       -1.04951825245341
H           -1.95528824033332        0.25027023479666       -1.57852302766116
H           -1.31017700308009        1.47327067230859       -2.67693300463614
H           -1.02485199348678        1.77046720947844        0.96708079495228
H            0.37523391124673        2.17864260741600       -0.94987946366456
H            2.07042884165627       -0.27418658810412        0.75333053343270
H            2.16881916677646        1.30347416505610       -0.05121899090849
H            2.48157736113515        0.12661966257873       -2.24843533916331
H            2.56212884148717       -1.42223804395148       -1.38154818136124
H            7.39389933315253       -0.25648419679093       -2.11130441832515
H            6.57723217162372        2.29992049626066       -1.48548004098400
H            7.73309838051981        0.38329410347841        1.43931514543786
H            7.60334663118147        2.02437795147718        0.75874360321656
H            9.20677923351311        1.30744923670408        1.06148851838162
H            7.67553893353369       -3.52596322112480        1.09307949391830
H            6.18759801643357       -2.73108121619255        1.66782269707882
H            6.19056603249854       -3.61431515631842        0.11300387380483
H            4.52502845371465       -1.89071902273953        0.13198100361940
H           -0.22756721000518       -1.55790486281522       -1.46645404873448
H           -1.11377545421158       -1.07394036640909       -0.00496511525871
H            0.49634883849742       -1.79226707811644        0.13173876680311
H           -5.03847943631885        2.62934747850439       -0.27485756104452
H           -4.36638410774168        2.74045858581514        2.68919700764732
H           -5.29758783787547        1.46366468836959        1.89497506633591
H           -5.93169911300587        3.10666961758857        1.96324706052727
H           -3.33968245725946        4.62967555905269        1.27013185284657
H           -3.65037912384439        4.66715757252194       -0.47386825622556
H           -4.96701969091758        4.91018057765749        0.66283703778985
H           -1.27328376614244        3.06412267952589        2.90207358027013
72
 energy: -99.293410734977 gnorm: 0.003283133791 xtb: 6.6.1 (8d0f1dd)
N           -2.09392685739084        2.93458631767889        2.31875568738994
C           -1.97562187082303        2.23996138569671        1.28789775500063
C           -3.07795032881096        1.98264656528078        0.29770308882606
C           -3.50121584013907        0.52368862209207        0.37204217672263
C           -4.33188969984228       -0.00883136681886       -0.61619426893673
C           -4.76025515159627       -1.32487806655020       -0.56968506454964
O           -5.56071381518282       -1.91685459931517       -1.48032658406359
C           -6.08943931993346       -1.15027478111333       -2.53652998965024
C           -4.34729744948448       -2.15794947246445        0.50515147796355
O           -4.80968423883719       -3.42387479533559        0.46793940963375
C           -4.52090608081313       -4.29037239498563        1.54011223839369
C           -3.52701830497863       -1.62202539951598        1.48481245693598
C           -3.10983860871104       -0.29827644859017        1.41744741117491
C           -2.47450636450781        2.29600113007923       -1.09618634640476
C           -1.49083000165351        1.23400973874848       -1.62085951730097
C           -0.17272233441753        1.24710954654674       -0.94753628713184
N            0.48247970076491        0.17669289663242       -0.51101540557393
C            1.88461334073780        0.25591137112633       -0.18371352855531
C            2.75613270719772       -0.35365970461912       -1.30600301962981
C            4.20512707415935       -0.10881281010265       -1.04263215921774
C            4.82768557065657        1.07645177522670       -1.38167284205573
C            6.12756089832694        1.32943946752411       -1.35602086980341
C            7.08841950997520        0.16508476445260       -1.14415710014755
O            8.28725667310986        0.57075841132817       -0.55756383746461
C            8.18902442252745        1.09927375684663        0.74742936821245
C            6.37190075079073       -0.95660958942586       -0.38623631215834
O            7.24452170571639       -1.82596305203271        0.13053314176848
C            6.78020244874615       -2.98766286533868        0.78465125250382
C            5.00924953086125       -1.05509808176467       -0.35208413714678
C           -0.12690412518533       -1.13097075850180       -0.46694595537690
C           -4.34090935328255        2.86353143324657        0.53736434850337
C           -5.02539792640097        2.51608693559810        1.85721945558396
C           -4.04616587389621        4.36006789429868        0.48950556131650
H           -4.66001767160532        0.62092065529111       -1.42627295082987
H           -6.68709319434756       -0.31263058601887       -2.16477226936725
H           -6.73034032909344       -1.82853227593881       -3.09633774016634
H           -5.30021393830530       -0.77425653746970       -3.19592245921441
H           -4.90187012544576       -3.89667038787327        2.48701450243036
H           -5.02981199205364       -5.22341470806230        1.30641125931417
H           -3.44572538468554       -4.47692812454843        1.62782097239441
H           -3.21248788626365       -2.22498715353606        2.32103680024320
H           -2.49481762619601        0.09170166228681        2.21366081753718
H           -3.28623561705891        2.38951211078228       -1.81664375303580
H           -1.96492533105184        3.25914017465646       -1.04953842861342
H           -1.95534767719563        0.25058330971197       -1.57923551321112
H           -1.30943725354340        1.47384407624746       -2.67687038339547
H           -1.02476011157481        1.77068538307469        0.96715812566045
H            0.37586768902506        2.17772214685195       -0.94920172504660
H            2.06946411665519       -0.27648802325787        0.75347444563702
H            2.16884092664551        1.30141828023212       -0.05042070491216
H            2.48016326574404        0.12438363604679       -2.24835899902680
H            2.56190828765844       -1.42419610973028       -1.38117856840639
H            7.39811617052949       -0.25472289131904       -2.11598034445069
H            6.57310315578132        2.30140157777162       -1.48281780053291
H            7.74269598700278        0.38135222386763        1.44277542457661
H            7.59927971469943        2.02243982841408        0.76351001045806
H            9.20924993679708        1.31492809057267        1.05764383022509
H            7.67353588862606       -3.52607049325380        1.09480028953126
H            6.18185563855449       -2.73489610162429        1.66488699408411
H            6.19263298632134       -3.61425713972490        0.10805304379391
H            4.52641373881671       -1.89414953682692        0.12618602994250
H           -0.22927001466684       -1.55797213634516       -1.46734922630219
H           -1.11504223265299       -1.07431149899618       -0.00553001823622
H            0.49458503406602       -1.79378388054165        0.13067939935423
H           -5.03862880564088        2.62866313710663       -0.27485665210968
H           -4.36580346908814        2.74136809347414        2.68896067334356
H           -5.29685767896174        1.46398326648820        1.89551809476922
H           -5.93140701580318        3.10684147768906        1.96327525397283
H           -3.33976701973737        4.63030632361618        1.26835021288274
H           -3.65159040097824        4.66682697470281       -0.47547802452619
H           -4.96757558600006        4.91002680648583        0.66193869836459
H           -1.27315136566154        3.06517004627569        2.90167392072610
