72
 energy: -99.274478442972 gnorm: 0.015856451827 xtb: 6.6.1 (8d0f1dd)
N           -1.88367985016821        2.81309441424407        2.24267020503475
C           -1.84502343871200        2.12483927170937        1.20196066895650
C           -3.00183968220825        1.92565391553604        0.26226742186000
C           -3.49449279408258        0.48945619513842        0.35650311644925
C           -4.45245261361605        0.02488773401524       -0.53982236333138
C           -4.92579953551148       -1.27946031280749       -0.47326139146819
O           -5.82833982764579       -1.78820902120593       -1.35064575258427
C           -6.61045624667048       -1.01538412424024       -2.07135208632187
C           -4.42988284216780       -2.17500385527629        0.50713569429495
O           -4.95665043019485       -3.41281777226715        0.48687049249324
C           -4.54420209984310       -4.34807894166126        1.45878259802432
C           -3.47738768328048       -1.70137265491737        1.39829116054423
C           -3.02607006682482       -0.39026602265402        1.32493137497256
C           -2.45444651505891        2.19608432717069       -1.16378935999803
C           -1.51235219265082        1.10501636287588       -1.70163161212407
C           -0.17906244244124        1.09815189246714       -1.05937369854937
N            0.49523697389319        0.01220366605997       -0.70246741044651
C            1.87440700483587        0.10499082384948       -0.28297247824864
C            2.84418624685161       -0.34511705313886       -1.39280017937246
C            4.26408020134719       -0.14290737421054       -0.94182741945769
C            4.90467593850319        1.06709211365301       -1.15511732205664
C            6.20305452590293        1.27080514340585       -0.71474091289443
C            6.88822693861804        0.26620217614219       -0.04623962812901
O            8.14572997026355        0.35303598890066        0.42410000346503
C            8.87288759345906        1.54418473143053        0.22765826150945
C            6.23921671142679       -0.97996435693984        0.17762855830509
O            6.97749770141643       -1.90137659485550        0.82707910315936
C            6.43462272044864       -3.17785733961718        1.06646116233816
C            4.93919728817953       -1.15884379124754       -0.26944595537440
C           -0.08963601284022       -1.30624995429443       -0.76800966391893
C           -4.20191054715082        2.87414382565162        0.55999859331968
C           -4.84262522746808        2.55657953258028        1.90949271933556
C           -3.82737484933710        4.35248471509364        0.50444710842753
H           -4.82138570296906        0.65752225319418       -1.33092476870481
H           -6.94187802132182       -0.05069586350108       -1.67855540846647
H           -7.21493919374131       -1.54837396871422       -2.78438398649934
H           -4.90216161761663       -1.06251413232895       -3.96468178317406
H           -4.76752414485395       -3.99670589135145        2.47001484161560
H           -5.11553769919540       -5.25148902669221        1.25617876533208
H           -3.47608899928007       -4.56837531010858        1.37258138885938
H           -3.08332339532806       -2.34408291229846        2.16820763273748
H           -2.30563168599380       -0.05276380129064        2.05405037506738
H           -3.29498330815205        2.27844502516492       -1.85110559543167
H           -1.93177693236256        3.15281698647418       -1.16491208660793
H           -1.99991396602144        0.13390629583123       -1.63444625211934
H           -1.35811029936587        1.32133656338117       -2.76653032671062
H           -0.93281976808477        1.61498106021778        0.83275153678569
H            0.36080365435805        2.03297718565143       -1.02309359009589
H            2.02285289642336       -0.51742790219315        0.60396016240853
H            2.10177401794292        1.13910037312870       -0.01578977652488
H            2.65100108494948        0.24812543950472       -2.28810946954481
H            2.67002796219903       -1.39515107334461       -1.62976912526885
H            4.39777503542212        1.86157446395421       -1.68133874915115
H            6.67708438849728        2.22008220109168       -0.90238796019590
H            8.39237204170083        2.39309061575979        0.72356565486749
H            8.99897203467892        1.76531169685820       -0.83635554427187
H            9.84801396443756        1.36862116785289        0.67771397245927
H            7.21522079652246       -3.73550474627793        1.58024116804568
H            5.54865315093094       -3.12373943091252        1.70726897305542
H            6.18124267702491       -3.68788311996410        0.13189839515051
H            4.44124146576773       -2.10260198663850       -0.11071192949069
H           -0.26272185016420       -1.61086235943279       -1.80232747176089
H           -1.04227820390927       -1.32755217272800       -0.23280717782509
H            0.58499239245131       -2.02102189030830       -0.30384852734431
H           -4.94662562656382        2.68597366871778       -0.22140068918342
H           -4.13858510835164        2.75619174701431        2.71069995273919
H           -5.15364729984804        1.51602673432820        1.96456023912035
H           -5.71835658015504        3.18353434751934        2.05365537302847
H           -3.07276761743407        4.58030290457999        1.25090562307616
H           -3.46165988349452        4.64227389399422       -0.47691067871389
H           -4.70844288572411        4.95095848953506        0.72033628327576
H           -1.03368709364720        2.90173433624067        2.79028439384801
72
 energy: -99.288092218336 gnorm: 0.039138093763 xtb: 6.6.1 (8d0f1dd)
N           -1.88447545775730        2.81302853527442        2.24254687342828
C           -1.84573863460087        2.12400713620137        1.20222191240403
C           -3.00252353820791        1.92445023569627        0.26216697644303
C           -3.49430116156780        0.48741664573833        0.35544834649344
C           -4.44791151990254        0.01957155710042       -0.54425587091927
C           -4.92089629260577       -1.28501617683745       -0.47597071554193
O           -5.81870434131174       -1.80543554956864       -1.35293913250532
C           -6.57056582101482       -1.04636573497156       -2.11863821606284
C           -4.43050901415494       -2.17586273847359        0.51073406012570
O           -4.95526456939967       -3.41432127925351        0.49057567985829
C           -4.54337143347457       -4.34963512130467        1.46215006623265
C           -3.47888303778866       -1.70077770197944        1.40186672439973
C           -3.02690834070424       -0.39001778496516        1.32650114721290
C           -2.45414736741439        2.19593826801809       -1.16322061981184
C           -1.51307184744022        1.10440261108441       -1.70206010074820
C           -0.17881782835602        1.09750945116066       -1.06143407352654
N            0.49498766800429        0.01181437296033       -0.70285459066436
C            1.87406449315759        0.10479735415379       -0.28344610663748
C            2.84385371441030       -0.34512984610388       -1.39322496468357
C            4.26368774683209       -0.14279415596228       -0.94215131379444
C            4.90414541407059        1.06733977097728       -1.15503344977060
C            6.20257503293561        1.27102208761705       -0.71481047567229
C            6.88779671338725        0.26629219775434       -0.04655840121102
O            8.14538918898931        0.35272321911501        0.42360114923818
C            8.87287594056221        1.54369496473729        0.22740761046863
C            6.23870022552749       -0.97982281509572        0.17735943837760
O            6.97703746951274       -1.90107281056785        0.82697580572296
C            6.43448188618715       -3.17767565325921        1.06628502031047
C            4.93879642388715       -1.15879143888966       -0.26986361669841
C           -0.08983137371184       -1.30644343363582       -0.76833823630800
C           -4.20245497515929        2.87320555732696        0.55960810584156
C           -4.84332286408354        2.55652408115418        1.90916372314666
C           -3.82818158659191        4.35172582309805        0.50373063909079
H           -4.81606729502687        0.65280228246692       -1.33518127922824
H           -6.82617033068784       -0.02911197311474       -1.81272920893609
H           -7.20205627340772       -1.58532261944434       -2.80107319967855
H           -5.07240643565341       -0.96486260190941       -3.76677582786912
H           -4.76735630331181       -3.99857122323703        2.47330058297678
H           -5.11502468712099       -5.25252768043687        1.25782211211265
H           -3.47518397600789       -4.56961685644656        1.37614124263217
H           -3.08611199467944       -2.34320648617707        2.17283933839129
H           -2.30750244933719       -0.05205893018477        2.05636872916011
H           -3.29479443393381        2.28063806443347       -1.85051906227954
H           -1.92988548191959        3.15205759515398       -1.16301737327585
H           -2.00106258671977        0.13362125271103       -1.63429697837837
H           -1.35995604210032        1.32099417523734       -2.76733385360816
H           -0.93323853625726        1.61369942226679        0.83373363625908
H            0.36142557354783        2.03251666496994       -1.02647483515964
H            2.02260989974510       -0.51778296438924        0.60332672830472
H            2.10134457227660        1.13880615000057       -0.01609028254369
H            2.65074018871663        0.24800434813986       -2.28861265666862
H            2.66984747943315       -1.39521538276657       -1.63015006565186
H            4.39702729958557        1.86197913911598       -1.68084712795308
H            6.67663739119201        2.22029846508378       -0.90245355824779
H            8.39251952466415        2.39268168103805        0.72331989832701
H            8.99924010339201        1.76490061309712       -0.83655355699904
H            9.84786605818265        1.36776186394340        0.67763919757743
H            7.21537867120836       -3.73527800447038        1.57966652836598
H            5.54873137885070       -3.12386755618203        1.70743676955525
H            6.18087455433617       -3.68754596321439        0.13170118875285
H            4.44090930854119       -2.10260896946749       -0.11118532006486
H           -0.26274313067433       -1.61090816675134       -1.80261878788924
H           -1.04249847745356       -1.32793590434655       -0.23350609672499
H            0.58469464681106       -2.02112776080192       -0.30402137046306
H           -4.94728468563188        2.68473252125638       -0.22167663650250
H           -4.13934373033156        2.75616370366656        2.71042488003891
H           -5.15483568008304        1.51618876833831        1.96458855161937
H           -5.71878660694814        3.18405392810484        2.05288707073520
H           -3.07331800952260        4.57977253364165        1.24987629499633
H           -3.46298188813558        4.64183108388978       -0.47770959362057
H           -4.70923374057409        4.95009770638335        0.72001321588124
H           -1.03399919017859        2.90178497460165        2.78946215441809
72
 energy: -99.334540948811 gnorm: 0.097118706265 xtb: 6.6.1 (8d0f1dd)
N           -1.88465654642349        2.81334203237487        2.24260294913499
C           -1.84573242356837        2.12373037858345        1.20262032575127
C           -3.00228950850842        1.92367191376753        0.26244501117871
C           -3.49207705928707        0.48571792632110        0.35545415199726
C           -4.43999687727876        0.01516599259806       -0.54895633464192
C           -4.91791833478681       -1.28668768664973       -0.47724955550539
O           -5.80369676138632       -1.81304430806111       -1.36482657269139
C           -6.45427990423427       -1.04736912630997       -2.23407659623499
C           -4.43528633248180       -2.17452026859370        0.51558747561785
O           -4.95677330082939       -3.41439480484941        0.49322777561058
C           -4.54356348318636       -4.35008919923317        1.46376191230217
C           -3.48201970184534       -1.69996840774675        1.40558536174222
C           -3.02731240770541       -0.39019983115786        1.32850540845661
C           -2.45380805975994        2.19590216663454       -1.16277156487054
C           -1.51329390823338        1.10428387681871       -1.70250435620776
C           -0.17865845244551        1.09732410735133       -1.06254333473696
N            0.49484701849413        0.01159453452653       -0.70279524211707
C            1.87391411229757        0.10467048361977       -0.28361497733057
C            2.84372339979855       -0.34509097280475       -1.39341074521088
C            4.26354380348240       -0.14269908472921       -0.94232881628801
C            4.90389620073007        1.06746934796139       -1.15497402534778
C            6.20235902173161        1.27113031141727       -0.71478587022741
C            6.88757107456986        0.26634974760803       -0.04668554294310
O            8.14528000453559        0.35255268063603        0.42339404123599
C            8.87284192470390        1.54348398202186        0.22734027081694
C            6.23846534944779       -0.97970868036264        0.17722380386807
O            6.97686369868534       -1.90090273291301        0.82700302979912
C            6.43441676255448       -3.17755128631714        1.06618962799421
C            4.93865397048339       -1.15873785890285       -0.27008197930033
C           -0.08998079734822       -1.30654764557679       -0.76835576358169
C           -4.20251796560918        2.87229995309018        0.55944896232196
C           -4.84363299392317        2.55619625744724        1.90897617446830
C           -3.82855833361861        4.35102303853013        0.50330276578733
H           -4.80675567460284        0.65070395841279       -1.33824935560280
H           -6.73741841496891       -0.04389586557124       -1.93030180014265
H           -7.17795758853090       -1.61813152313447       -2.81222215437629
H           -5.31901913247271       -0.89147584305184       -3.52107874200780
H           -4.76742874544118       -4.00011267304376        2.47528942885632
H           -5.11468240608460       -5.25315151546900        1.25867830512232
H           -3.47516776007741       -4.56945789108719        1.37758651601125
H           -3.08913096415174       -2.34292716024281        2.17613067694739
H           -2.30843355745980       -0.05227518585786        2.05879167127422
H           -3.29448196333863        2.28183540470051       -1.85004790574158
H           -1.92884778324305        3.15169960343282       -1.16193995935898
H           -2.00142078289755        0.13363627867513       -1.63406473593693
H           -1.36085592927751        1.32105796609503       -2.76794056856824
H           -0.93315498256147        1.61323823164519        0.83459714156317
H            0.36166339673402        2.03234198712204       -1.02808740214261
H            2.02256426932018       -0.51799673202122        0.60306465862633
H            2.10110218276746        1.13864116003852       -0.01614243012710
H            2.65058021839688        0.24802093642106       -2.28881612684477
H            2.66979843603908       -1.39521076376415       -1.63032805848943
H            4.39666158762795        1.86219410699549       -1.68057366200312
H            6.67642761281556        2.22042413903756       -0.90237441593026
H            8.39253608413573        2.39250025631422        0.72325254255193
H            8.99934533266326        1.76475337129138       -0.83659697816430
H            9.84777227131684        1.36741349867822        0.67765747847933
H            7.21544010043487       -3.73517356187483        1.57936084960445
H            5.54876522804756       -3.12391951404514        1.70750811857340
H            6.18067546694773       -3.68732550871902        0.13158242030571
H            4.44078161864051       -2.10257601459309       -0.11140857653943
H           -0.26268669690424       -1.61095913075062       -1.80269503154442
H           -1.04270350122618       -1.32815012760494       -0.23365717106590
H            0.58450251906437       -2.02124086254444       -0.30402554593493
H           -4.94739336606167        2.68357203693727       -0.22180419206119
H           -4.13970497947599        2.75594081076521        2.71025554826439
H           -5.15537762254185        1.51596397582811        1.96451977598338
H           -5.71897258875894        3.18403352933859        2.05240841601555
H           -3.07359734945411        4.57926401371138        1.24930103059504
H           -3.46360605815666        4.64137680338023       -0.47817318701073
H           -4.70965175040294        4.94929902062036        0.71982819124191
H           -1.03397431891590        2.90181146933486        2.78927230132913
72
 energy: -99.403249477675 gnorm: 0.049431763750 xtb: 6.6.1 (8d0f1dd)
N           -1.88458587380042        2.81353093836394        2.24269384975074
C           -1.84581447889101        2.12364878293260        1.20295169858205
C           -3.00218125177548        1.92296044383241        0.26303049767724
C           -3.49036219315296        0.48424294510859        0.35647663977655
C           -4.43257560854082        0.01046332106895       -0.55386200019697
C           -4.91582264311263       -1.28733011213598       -0.48156734944342
O           -5.79085185207845       -1.81493619176654       -1.38147346368703
C           -6.29024424467647       -1.01945203176446       -2.40169836253240
C           -4.44103452190032       -2.17189020637641        0.51815565551484
O           -4.95830636215548       -3.41428328601561        0.49359225367028
C           -4.54396079957299       -4.34971642275029        1.46371995614859
C           -3.48546647575791       -1.69884710637037        1.40723649120838
C           -3.02727922460822       -0.39033530615219        1.32982434117667
C           -2.45365197727722        2.19595938847265       -1.16213352549950
C           -1.51333646798241        1.10444462885795       -1.70273453648404
C           -0.17857354733187        1.09739975743402       -1.06286466895954
N            0.49478351899084        0.01150681795625       -0.70267409633575
C            1.87383216290830        0.10466303360821       -0.28365212189013
C            2.84364578148744       -0.34489726358616       -1.39354298077967
C            4.26348117593603       -0.14249192101233       -0.94249793662257
C            4.90375402132166        1.06769968744639       -1.15495380084653
C            6.20224446766438        1.27134533835229       -0.71477193317314
C            6.88744888834722        0.26651423902876       -0.04682286859555
O            8.14525805289234        0.35258340765286        0.42319607503910
C            8.87279291855551        1.54354122602517        0.22731147958761
C            6.23837340474601       -0.97953714887542        0.17698920846810
O            6.97684691125900       -1.90075461868551        0.82677242909056
C            6.43446006130957       -3.17744303415320        1.06580692181715
C            4.93862142353104       -1.15860555340986       -0.27036290404543
C           -0.09013283857765       -1.30652208745349       -0.76831489069030
C           -4.20248622867385        2.87159798737995        0.55971520827275
C           -4.84373349692651        2.55572564491262        1.90912742362927
C           -3.82878444957442        4.35050471403912        0.50343658877150
H           -4.80092192065871        0.65076166629539       -1.33813095111242
H           -6.68094398246815       -0.07414183129504       -2.01837526639354
H           -7.15781907192275       -1.63113599110412       -2.81570775399606
H           -5.57339191110674       -0.86898084828462       -3.24807843357074
H           -4.76745778624429       -4.00083968203504        2.47579374066980
H           -5.11436144373408       -5.25332439175167        1.25865148531348
H           -3.47524723735032       -4.56886648909208        1.37774799810077
H           -3.09176425367837       -2.34274502886093        2.17696253920641
H           -2.30847441755012       -0.05289769549379        2.06039262567622
H           -3.29451171510059        2.28273460180188       -1.84919629049629
H           -1.92834555715810        3.15159072799349       -1.16114397935634
H           -2.00146978073077        0.13380788820281       -1.63320955849438
H           -1.36104092104335        1.32147448062803       -2.76823570048612
H           -0.93322671891248        1.61295273520634        0.83518149968516
H            0.36172911393096        2.03238706026666       -1.02860974650206
H            2.02257840127312       -0.51811542938990        0.60290175957258
H            2.10095505133900        1.13859947975668       -0.01604504613446
H            2.65047928878908        0.24829407774679       -2.28891974980136
H            2.66979499531038       -1.39503482193724       -1.63053368415341
H            4.39644014832699        1.86251705481578       -1.68036153825965
H            6.67628285994482        2.22068395162307       -0.90224189750191
H            8.39249551104622        2.39252026510665        0.72329551044374
H            8.99934858994473        1.76493430998280       -0.83660276919066
H            9.84770841879935        1.36740871003923        0.67764224488909
H            7.21555248514265       -3.73511167173995        1.57882596059672
H            5.54886442189157       -3.12396773812207        1.70721772802060
H            6.18065071858455       -3.68710874828914        0.13114992889765
H            4.44075783757864       -2.10245781154033       -0.11172162250369
H           -0.26253807142751       -1.61089073707122       -1.80276438850079
H           -1.04288840066810       -1.32822701499590       -0.23358849483368
H            0.58433643338972       -2.02126592989634       -0.30409448520798
H           -4.94745466562997        2.68258718628977       -0.22143928831388
H           -4.13982431378608        2.75542983293551        2.71047783681332
H           -5.15547839026495        1.51553510320567        1.96440460331495
H           -5.71907721541383        3.18366274729785        2.05242957554554
H           -3.07377868222612        4.57883798630708        1.24940071702230
H           -3.46392905346823        4.64116590267461       -0.47803932582337
H           -4.70992284353235        4.94869417445136        0.72017311530595
H           -1.03394857680015        2.90138142880767        2.78954666575755
72
 energy: -99.389455883785 gnorm: 0.157837126386 xtb: 6.6.1 (8d0f1dd)
N           -1.88406831128282        2.81408451241140        2.24234879428829
C           -1.84622731688583        2.12293663476018        1.20347915955403
C           -3.00247935116209        1.92189951352112        0.26369812697166
C           -3.49083726379517        0.48291626653281        0.35516370471797
C           -4.42744499967374        0.00742441024072       -0.56300032742358
C           -4.90679268500023       -1.29270731857957       -0.50393310329332
O           -5.79137321206357       -1.82844905443048       -1.38445440507881
C           -6.32417985031944       -1.04858246588363       -2.40275177042203
C           -4.43713945556972       -2.17153039215737        0.50716402731881
O           -4.95491039847843       -3.41462855791536        0.48824413521496
C           -4.54485156839015       -4.34560964314737        1.46425008750407
C           -3.49121672620013       -1.69680524659760        1.40517985341213
C           -3.02951208683716       -0.38957906922335        1.33003779196792
C           -2.45302466835088        2.19650550851136       -1.16078758699157
C           -1.51350387925221        1.10476463306141       -1.70279021209019
C           -0.17846011343277        1.09745284662494       -1.06327817874267
N            0.49448123737121        0.01111163436782       -0.70241541011110
C            1.87363844041188        0.10422112765801       -0.28406690702362
C            2.84298632043529       -0.34520758601669       -1.39444126853379
C            4.26297692919616       -0.14267234261685       -0.94397267322818
C            4.90308193248406        1.06752397907667       -1.15655756450671
C            6.20175737414178        1.27117825740297       -0.71681766954410
C            6.88712796501178        0.26636197182324       -0.04911031737533
O            8.14522435178368        0.35221999511802        0.42041079565912
C            8.87282174786762        1.54306391108061        0.22429409602104
C            6.23809207325882       -0.97956066971054        0.17510014623542
O            6.97681912900268       -1.90065373477547        0.82490567093085
C            6.43451446415642       -3.17728352955802        1.06430375824770
C            4.93830416839167       -1.15874895965134       -0.27195235043601
C           -0.09098336722829       -1.30667762132588       -0.76712836895141
C           -4.20265311921802        2.87036738818776        0.56022077390813
C           -4.84347730776693        2.55499394478433        1.90973032009597
C           -3.82922613602101        4.34936315863762        0.50291674047865
H           -4.79481065478531        0.65703860535703       -1.33918377929313
H           -6.69947330788262       -0.07765865404109       -2.06845189931956
H           -7.06054066222019       -1.60369198531140       -2.92615188630736
H           -5.60745853729095       -0.85269681573607       -3.01617556557391
H           -4.76971785964876       -3.99482295246682        2.47554409379627
H           -5.11456579358632       -5.25030269474533        1.26142242929693
H           -3.47579962199474       -4.56591815252641        1.38209413073953
H           -3.10394343600003       -2.33992308911900        2.17920410185414
H           -2.31252061258549       -0.05295384191788        2.06324553349324
H           -3.29424446484619        2.28606576869013       -1.84712305159694
H           -1.92653325619652        3.15143551390004       -1.15875137024301
H           -2.00147469365047        0.13417285862844       -1.63016975236005
H           -1.36181238481772        1.32128262167260       -2.76866659591984
H           -0.93369655379088        1.61173443561644        0.83606108205677
H            0.36235471663143        2.03209849033274       -1.03068161021723
H            2.02279656442793       -0.51852192699393        0.60240214902999
H            2.10075385668078        1.13817114026274       -0.01657155383193
H            2.64945044695816        0.24797330678913       -2.28979138128501
H            2.66916275296850       -1.39540470030408       -1.63128864630164
H            4.39547106587668        1.86243840986859       -1.68156513683426
H            6.67570987022759        2.22054639642304       -0.90437898327971
H            8.39273086856107        2.39214246558161        0.72030373540766
H            8.99923767515532        1.76435863654761       -0.83966780730712
H            9.84778601607499        1.36682514366020        0.67448106907697
H            7.21588647935568       -3.73493162501639        1.57691861905380
H            5.54926653780015       -3.12380745793358        1.70619325502663
H            6.18020779770368       -3.68698055692814        0.12978979104561
H            4.44043457998199       -2.10254059360573       -0.11295800809285
H           -0.26306845068914       -1.61163559387146       -1.80154473795180
H           -1.04360475918162       -1.32801263088708       -0.23194416637287
H            0.58330189086220       -2.02143690324430       -0.30275294733405
H           -4.94815034384355        2.68019508694103       -0.22017076638388
H           -4.13939908344376        2.75471914058505        2.71100480094552
H           -5.15525051443904        1.51486672809912        1.96456464296713
H           -5.71880899950890        3.18304449887076        2.05279866753395
H           -3.07384255156519        4.57803160162964        1.24842212092504
H           -3.46489614939236        4.64019251217163       -0.47880608437896
H           -4.71040963205588        4.94730817519661        0.72016706588804
H           -1.03347751543149        2.90104465811334        2.78945341587444
72
 energy: -99.399458496127 gnorm: 0.082714564022 xtb: 6.6.1 (8d0f1dd)
N           -1.88405862417421        2.81455344255972        2.24137875211022
C           -1.84668574139309        2.12243390902623        1.20311283431582
C           -3.00288419420011        1.92063116611365        0.26323270904404
C           -3.49050685322560        0.48076697768395        0.35325957517088
C           -4.42618426261040        0.00280253056184       -0.56711986440364
C           -4.90767026961833       -1.29702322243969       -0.50661845180574
O           -5.81429077598466       -1.84390410446630       -1.35473022644728
C           -6.37229103454570       -1.07810886871169       -2.37206124148871
C           -4.43550262586112       -2.17147104147063        0.50744096177748
O           -4.95425899703516       -3.41460212862024        0.49094749597317
C           -4.54498191502023       -4.34471655268823        1.46717390321209
C           -3.49186336237466       -1.69580120012578        1.40619397314713
C           -3.02947897539195       -0.38893130664933        1.33026668174928
C           -2.45278041108376        2.19645586746784       -1.16072791946209
C           -1.51355716752725        1.10460087825260       -1.70319284573039
C           -0.17838452351098        1.09729989051948       -1.06375142260215
N            0.49432593209708        0.01076978197509       -0.70229339956766
C            1.87352217314042        0.10391834386354       -0.28425144996324
C            2.84269573974856       -0.34566092237111       -1.39473437821020
C            4.26275753459028       -0.14305909459779       -0.94452651968057
C            4.90283380024521        1.06707290681671       -1.15733514418001
C            6.20159961053795        1.27074692352800       -0.71780484447443
C            6.88698051614181        0.26601377505160       -0.05004647878774
O            8.14522674191253        0.35177917723150        0.41924540426833
C            8.87288556893147        1.54252221281011        0.22287115063192
C            6.23791036223526       -0.97978309482259        0.17452566384132
O            6.97671354311411       -1.90074677901656        0.82452289279736
C            6.43440039338632       -3.17729768919998        1.06424460136310
C            4.93811711844089       -1.15905186334812       -0.27239049161386
C           -0.09140692526668       -1.30688723342782       -0.76645752242038
C           -4.20256332812299        2.86969264242243        0.55985329406309
C           -4.84324490978859        2.55511789405443        1.90952740484085
C           -3.82922048953422        4.34882216995930        0.50195387540475
H           -4.79406513225361        0.65732210548120       -1.33868237323012
H           -6.71830527513790       -0.08207411413666       -2.07960373331356
H           -7.06941555050444       -1.61860131157465       -2.92573810538273
H           -5.50320206304423       -0.77222820161931       -3.05707187683377
H           -4.76988369920490       -3.99371247519628        2.47835982731552
H           -5.11469498435922       -5.24946913995508        1.26430573896484
H           -3.47578541092128       -4.56497171233638        1.38511088192031
H           -3.10710915010583       -2.33807848437270        2.18218081034451
H           -2.31353635476120       -0.05163332202457        2.06436517279143
H           -3.29411178397469        2.28733035383601       -1.84677952014955
H           -1.92571917835729        3.15106729052544       -1.15811975551840
H           -2.00146418976513        0.13404900798691       -1.62890737154978
H           -1.36214421507703        1.32081548283546       -2.76923591645363
H           -0.93395447277817        1.61125832525136        0.83605219795853
H            0.36263896387331        2.03179492838761       -1.03197373877385
H            2.02284970866565       -0.51869280444701        0.60225885014701
H            2.10065698496759        1.13790272335638       -0.01693850894099
H            2.64903822116636        0.24737327210220       -2.29017832187495
H            2.66885502514755       -1.39592206299093       -1.63134772104690
H            4.39513075824580        1.86197056244840       -1.68229635651139
H            6.67555917712548        2.22007746009697       -0.90555496198129
H            8.39291119440564        2.39174077397296        0.71875341261865
H            8.99927179332987        1.76361581146706       -0.84114269195789
H            9.84785817000383        1.36627071375206        0.67303805860475
H            7.21587334915170       -3.73489448855274        1.57676209382607
H            5.54930277679619       -3.12371273527168        1.70633262704758
H            6.17986164327675       -3.68713380488519        0.12986357568514
H            4.44020333468551       -2.10277156822845       -0.11309783432218
H           -0.26329380905734       -1.61222123777475       -1.80084187104358
H           -1.04398409465689       -1.32800035103239       -0.23109363326838
H            0.58278311624903       -2.02160950910295       -0.30192237511935
H           -4.94842724147734        2.67912176662644       -0.22009056306422
H           -4.13907948653550        2.75498980664091        2.71072961838494
H           -5.15517451700452        1.51509299135573        1.96442020147823
H           -5.71848710867824        3.18339281062704        2.05235276093586
H           -3.07367464179540        4.57780024989680        1.24722838023647
H           -3.46512396727002        4.63975118021541       -0.47987887826031
H           -4.71036724229121        4.94679471061388        0.71939607531487
H           -1.03342869932288        2.90137913058335        2.78854169475228
72
 energy: -99.397273045133 gnorm: 0.062522325029 xtb: 6.6.1 (8d0f1dd)
N           -1.88436743776811        2.81341089236484        2.24221501171017
C           -1.84628399706097        2.12170075360714        1.20373332461792
C           -3.00166499016355        1.92057502634357        0.26314556328604
C           -3.48461952285968        0.47955247230715        0.35344285346530
C           -4.42308024772129        0.00403036864830       -0.56288231664102
C           -4.91730588669658       -1.28777247139815       -0.48826584980952
O           -5.82827401783614       -1.81160384848249       -1.33775052339339
C           -6.26012590644893       -0.98579490172642       -2.43379649412992
C           -4.43866439282012       -2.17029008393951        0.51328266326508
O           -4.95632965200174       -3.41370713042540        0.49138966500126
C           -4.54558794078903       -4.34517930871714        1.46517277411140
C           -3.48922100929243       -1.69811738765295        1.40655752378013
C           -3.02699906631872       -0.39032044579909        1.33123219620121
C           -2.45187155751626        2.19736466242183       -1.16066955251975
C           -1.51315826777379        1.10513536463380       -1.70316086875265
C           -0.17795629132408        1.09764945946601       -1.06374861846005
N            0.49440721940671        0.01101536323973       -0.70210482404187
C            1.87355128303528        0.10406732829035       -0.28392775649915
C            2.84282084050093       -0.34505799731946       -1.39450744356971
C            4.26280347730426       -0.14244596556998       -0.94408107176541
C            4.90277948411737        1.06782947576889       -1.15638163741988
C            6.20149775775715        1.27147426341921       -0.71667274268700
C            6.88687861856204        0.26655221680035       -0.04921177102910
O            8.14509491627964        0.35219328469367        0.42021484697717
C            8.87272058488754        1.54302603171347        0.22433844716869
C            6.23787451039135       -0.97936582228437        0.17491939569214
O            6.97667423612750       -1.90043643868976        0.82479015257537
C            6.43443460591059       -3.17709078633751        1.06407658809059
C            4.93815169685025       -1.15861313789665       -0.27217878102381
C           -0.09139095423470       -1.30658313785949       -0.76649725214222
C           -4.20261011496100        2.86838211055402        0.55996749965028
C           -4.84363868182926        2.55344013901015        1.90945980153485
C           -3.82997327723425        4.34770827264534        0.50234132795173
H           -4.79307845417692        0.66051202898158       -1.33297663960933
H           -6.80132445821112       -0.12027964795443       -1.97258267132316
H           -7.11385886551946       -1.60574909989548       -2.85238112488693
H           -5.47080540663458       -0.87974931643135       -3.24531152826596
H           -4.77122221598146       -3.99418554459538        2.47617379906513
H           -5.11515994390102       -5.24976564638340        1.26163460518165
H           -3.47610267368647       -4.56471910009347        1.38370901548540
H           -3.10727334736255       -2.34036307852182        2.18340543777438
H           -2.31449908548449       -0.05216802024449        2.06754727296698
H           -3.29291118267617        2.28901427678121       -1.84701819560963
H           -1.92453897368762        3.15179420609811       -1.15687749588413
H           -2.00116711369767        0.13466734715309       -1.62925447269714
H           -1.36192895592013        1.32137745254691       -2.76907235517160
H           -0.93356443954949        1.61037219429330        0.83699686122718
H            0.36319081642427        2.03206472902070       -1.03163223266395
H            2.02288325818608       -0.51891557350774        0.60233069890024
H            2.10063962837147        1.13795034660207       -0.01618497157141
H            2.64912138662963        0.24825930234392       -2.28974064089081
H            2.66908582623982       -1.39524653577082       -1.63150514883576
H            4.39506389700956        1.86285539520095       -1.68113397446562
H            6.67539302142626        2.22090807865034       -0.90406559119403
H            8.39263617012118        2.39207810804128        0.72039771919540
H            8.99926858265042        1.76445186888058       -0.83958752591365
H            9.84763347380709        1.36667451669593        0.67460260674226
H            7.21592547421863       -3.73480385360960        1.57644346321797
H            5.54931542090380       -3.12375088657386        1.70615921672628
H            6.17993786996080       -3.68665479294322        0.12953653657448
H            4.44028920633715       -2.10242132103241       -0.11326578225593
H           -0.26325934584691       -1.61187092063100       -1.80087936930950
H           -1.04404257534886       -1.32773679858913       -0.23136618201593
H            0.58268920849966       -2.02138787550881       -0.30184560977388
H           -4.94851228981534        2.67795354647780       -0.22005009084760
H           -4.13977625979452        2.75325586437742        2.71089050807844
H           -5.15558975919347        1.51339450626144        1.96411402059417
H           -5.71896286613170        3.18161797948913        2.05228458411995
H           -3.07446029104170        4.57676876920772        1.24762304202822
H           -3.46601712444661        4.63895336652546       -0.47942464880854
H           -4.71130036564949        4.94537281035351        0.71991867322929
H           -1.03376766850578        2.90088221897476        2.78921090229249
72
 energy: -99.405982341123 gnorm: 0.014722076004 xtb: 6.6.1 (8d0f1dd)
N           -1.88428098625862        2.81377844547667        2.24139398201552
C           -1.84612458135833        2.12134321166516        1.20338983405831
C           -3.00124131942602        1.91974225612971        0.26257063771326
C           -3.48405102707136        0.47864809270236        0.35304934628583
C           -4.42183751253086        0.00260704006176       -0.56452270477919
C           -4.90849653212018       -1.29290594934197       -0.49707499508348
O           -5.81782882332936       -1.82731290675277       -1.34109405319453
C           -6.30230982186909       -1.03239966673574       -2.40601938372939
C           -4.43314163335019       -2.17102391549636        0.51181544832635
O           -4.95261889082350       -3.41395286516161        0.49195938680684
C           -4.54550550202370       -4.34433344007934        1.46798840424607
C           -3.48890346446260       -1.69707907424469        1.40919143527358
C           -3.02637465674918       -0.38953268140748        1.33270767344877
C           -2.45096514368479        2.19755804388090       -1.16084667599000
C           -1.51275385912345        1.10511287588409       -1.70365124509830
C           -0.17753536157845        1.09748687262342       -1.06429877538795
N            0.49438175233881        0.01076977215328       -0.70198204067784
C            1.87351823422670        0.10372530584822       -0.28383631338996
C            2.84263661692725       -0.34542410208348       -1.39452778227029
C            4.26262476238836       -0.14271880062066       -0.94421374149978
C            4.90255777223641        1.06756004706161       -1.15659250106286
C            6.20131525377632        1.27122794282464       -0.71698249022290
C            6.88670767687934        0.26633330926154       -0.04950140593218
O            8.14498685937494        0.35188841075252        0.41980555917013
C            8.87271790977598        1.54261854277708        0.22379366267274
C            6.23767049306841       -0.97950764375804        0.17487115337221
O            6.97647883908757       -1.90045778444538        0.82491740095660
C            6.43421521178011       -3.17704122769696        1.06447352716552
C            4.93795861974978       -1.15881728601843       -0.27219734334350
C           -0.09179386505979       -1.30669519864905       -0.76563481270907
C           -4.20257759530905        2.86700143639006        0.55912920628409
C           -4.84355331230579        2.55251796050410        1.90873557397564
C           -3.83036306774871        4.34641553267858        0.50096127645223
H           -4.79069191407997        0.65977579221192       -1.33413602568624
H           -6.74413766780145       -0.10305050727969       -2.03814460660019
H           -7.08912451923090       -1.62777587403371       -2.88372731111468
H           -5.53839684105048       -0.79396783587152       -3.17185706389959
H           -4.77263190605843       -3.99246532555780        2.47838251456032
H           -5.11532648766749       -5.24872938643540        1.26409511295089
H           -3.47603976506624       -4.56450916860287        1.38827134719396
H           -3.10952030106600       -2.33835807423126        2.18818605779310
H           -2.31578551340648       -0.05023846773069        2.07049316402058
H           -3.29181137774822        2.29057503685361       -1.84724526415455
H           -1.92286134869552        3.15157767954476       -1.15600595953413
H           -2.00092230537457        0.13481558874277       -1.62894532856435
H           -1.36181798729158        1.32093618834620       -2.76967175967010
H           -0.93342802208476        1.60940638551650        0.83739260428263
H            0.36395429387902        2.03171059109929       -1.03272354981273
H            2.02290673250692       -0.51922515652493        0.60243143239563
H            2.10063914941159        1.13761699842360       -0.01615376019473
H            2.64880336387379        0.24784125838054       -2.28976992941617
H            2.66890220507445       -1.39563386295311       -1.63142793732753
H            4.39478208786647        1.86257581104941       -1.68130488675165
H            6.67520388153568        2.22064817876401       -0.90446049859242
H            8.39269050420908        2.39177258987933        0.71973037685861
H            8.99932843024555        1.76389416170637       -0.84015684748118
H            9.84759346647555        1.36622343324485        0.67412273429411
H            7.21578334901436       -3.73472856496629        1.57674902213244
H            5.54922462487376       -3.12358010647455        1.70672449416908
H            6.17951043393863       -3.68669476309749        0.13004023962445
H            4.44006417151730       -2.10258256121993       -0.11313799315858
H           -0.26360523285808       -1.61252326757214       -1.79987326923252
H           -1.04445321354331       -1.32735520193076       -0.23046731598496
H            0.58204985313666       -2.02144108023614       -0.30053899817445
H           -4.94847283483200        2.67592903839718       -0.22073838758928
H           -4.13981107381434        2.75259452234645        2.71020546478583
H           -5.15555973998924        1.51250393108871        1.96359473459655
H           -5.71884511699255        3.18082106090470        2.05125317415387
H           -3.07472415493714        4.57593109854474        1.24597811367766
H           -3.46678831783723        4.63760065649972       -0.48096255906829
H           -4.71181972575136        4.94384303777979        0.71864020736319
H           -1.03385862880524        2.90127313171047        2.78864605590357
72
 energy: -99.401544382759 gnorm: 0.045009579557 xtb: 6.6.1 (8d0f1dd)
N           -1.88278353756912        2.81442209273244        2.24253244786410
C           -1.84481046090009        2.12179578228468        1.20469800129769
C           -2.99945890052057        1.92165185804533        0.26320415345572
C           -3.48429998867112        0.48180045459301        0.35083089273708
C           -4.41913738570903        0.01071795810328       -0.57295186177712
C           -4.89835510733298       -1.28770475921907       -0.52555884603290
O           -5.80015947286192       -1.81487907181021       -1.38330222794900
C           -6.34343528770221       -1.03671780680186       -2.39964676382015
C           -4.42932625219961       -2.16764622399234        0.49015368390229
O           -4.94939452021624       -3.41101692785363        0.47340796095693
C           -4.54914306840710       -4.33632944277514        1.45875395135853
C           -3.49478451867353       -1.69509538632565        1.39969650413497
C           -3.03026101747613       -0.38813138417185        1.33005924227917
C           -2.44833910089267        2.20004053413756       -1.15976265538288
C           -1.51195688711522        1.10651798599894       -1.70370504071358
C           -0.17658785904915        1.09781168893888       -1.06483364880065
N            0.49434594705959        0.01074865227557       -0.70184660080141
C            1.87352899150209        0.10325003043460       -0.28390816640204
C            2.84217497462294       -0.34532598837286       -1.39521255321849
C            4.26222257873137       -0.14258651560575       -0.94521412096510
C            4.90196577687347        1.06785970766707       -1.15721298134873
C            6.20082465431723        1.27145265343670       -0.71784196609485
C            6.88639947555756        0.26631934620942       -0.05090774940348
O            8.14482555205107        0.35158694854674        0.41805196358471
C            8.87267003273105        1.54226017266454        0.22223470109429
C            6.23741650077634       -0.97956787207882        0.17334031601772
O            6.97635403346283       -1.90058389373449        0.82312903309936
C            6.43411369230125       -3.17717566905361        1.06263478131441
C            4.93766931483679       -1.15884765203905       -0.27357927908824
C           -0.09265878919906       -1.30637803035824       -0.76462597223580
C           -4.20249959979567        2.86613294733654        0.55983888925739
C           -4.84320370185160        2.54994331790967        1.90915670828409
C           -3.83168839910147        4.34560707380673        0.50126763963118
H           -4.78335203440234        0.67231547792491       -1.34042744366444
H           -6.78415717976549       -0.11174432454355       -2.02338952531023
H           -7.10678402612843       -1.63122791236727       -2.88594404414309
H           -5.44156279899484       -0.85575441017868       -3.01142248862352
H           -4.78108425563186       -3.98099845650714        2.46717391418001
H           -5.11764010087336       -5.24225241411908        1.25781542182587
H           -3.47931232650910       -4.55878573686771        1.38789645050075
H           -3.12267261699512       -2.33717516293304        2.18229374103194
H           -2.32340118780218       -0.05112284536586        2.07290570476537
H           -3.28878183268440        2.29576164796047       -1.84629988820770
H           -1.91846088529036        3.15303686162171       -1.15327706164028
H           -2.00085124628677        0.13663726271418       -1.62848127024221
H           -1.36147135371452        1.32201194561278       -2.76983725541447
H           -0.93273387146694        1.60801211308293        0.83967999335819
H            0.36563608109164        2.03160381542991       -1.03358214952377
H            2.02309177662581       -0.52013830386048        0.60201074376593
H            2.10082360857589        1.13699553462406       -0.01579652946760
H            2.64792093974668        0.24831869692199       -2.29011778487981
H            2.66843459216737       -1.39545081282101       -1.63247635644747
H            4.39395958371023        1.86307270126522       -1.68141184394778
H            6.67460587445431        2.22097893511163       -0.90506153114152
H            8.39278948071661        2.39135787643442        0.71840337209679
H            8.99922144863695        1.76374878041550       -0.84167979369664
H            9.84755637815675        1.36562505522342        0.67244995821374
H            7.21590072286431       -3.73503713839454        1.57438499494638
H            5.54944320682285       -3.12379993643670        1.70533846516825
H            6.17890322036342       -3.68657279332151        0.12820029431990
H            4.43979608569030       -2.10264872124234       -0.11467699136378
H           -0.26470895010409       -1.61279249244688       -1.79865265972453
H           -1.04525081111927       -1.32617585712912       -0.22928106210531
H            0.58079574902962       -2.02122970800331       -0.29910653495593
H           -4.94805327879913        2.67381189502139       -0.22006443571730
H           -4.13974753362523        2.74996338834566        2.71087783626945
H           -5.15457732801266        1.50967131592280        1.96330618649779
H           -5.71893937146966        3.17755675780770        2.05188316053585
H           -3.07570873405772        4.57546782063248        1.24579997799856
H           -3.46893931596349        4.63663907432057       -0.48100546023809
H           -4.71364517397817        4.94205626343756        0.71939518575896
H           -1.03275460754664        2.90047074827744        2.79056111559042
72
 energy: -99.406452987855 gnorm: 0.005930530356 xtb: 6.6.1 (8d0f1dd)
N           -1.88333889162880        2.81465319954664        2.24151861706818
C           -1.84505534067606        2.12143386911584        1.20405382967838
C           -2.99942223451672        1.92023897698001        0.26231231413627
C           -3.48184482413302        0.47922940775685        0.35090798884179
C           -4.41749038384156        0.00429997785632       -0.57024678680232
C           -4.90269445235218       -1.29173730395863       -0.50800190553071
O           -5.81375019565515       -1.82589115751371       -1.34834768830311
C           -6.31349086399234       -1.03713712188496       -2.40408422975280
C           -4.42826413752315       -2.16961802329757        0.50289254907252
O           -4.94810835035933       -3.41271512416827        0.48273745716659
C           -4.54782308642122       -4.33962788128841        1.46481401907470
C           -3.49064403877185       -1.69550324270456        1.40654562641478
C           -3.02783920628146       -0.38781933602709        1.33279934500825
C           -2.44783489121153        2.19981146146084       -1.16024149062758
C           -1.51147177854190        1.10637677822772       -1.70427696785941
C           -0.17618875443792        1.09764356348876       -1.06522547185597
N            0.49443523664617        0.01055139135089       -0.70166599626450
C            1.87357805599804        0.10301694749792       -0.28365183610794
C            2.84221721022059       -0.34558031472515       -1.39494548585497
C            4.26223304607616       -0.14275844083562       -0.94492089740396
C            4.90194100887753        1.06769286523356       -1.15694058268055
C            6.20077695326083        1.27133832498318       -0.71751270463248
C            6.88631553253425        0.26625655482672       -0.05047702888852
O            8.14473937031974        0.35151995917354        0.41851657444438
C            8.87262998638043        1.54214540815426        0.22262271210879
C            6.23732347178970       -0.97959888595663        0.17387527652452
O            6.97621646861746       -1.90052578266554        0.82385874232821
C            6.43392582555104       -3.17706356700515        1.06351651717372
C            4.93762753179162       -1.15894966622810       -0.27313090505363
C           -0.09283879917606       -1.30646304015313       -0.76400918086662
C           -4.20244795405344        2.86500875722954        0.55875460431955
C           -4.84324926582897        2.54928451249629        1.90813489749436
C           -3.83216552373547        4.34471647793609        0.49997346259019
H           -4.78448959549651        0.66493706079045       -1.33782044065893
H           -6.77373352401062       -0.11466404556462       -2.03111744068391
H           -7.07677695935561       -1.63454244028017       -2.89173103169734
H           -5.51430020272375       -0.79372281388050       -3.10818765875174
H           -4.78071860964165       -3.98410664322059        2.47274943894702
H           -5.11704389722899       -5.24442965958395        1.26118486563582
H           -3.47793175327706       -4.56091387344466        1.39280951092029
H           -3.11791564746309       -2.33605403244499        2.18940738891715
H           -2.32179810168556       -0.04817368335991        2.07484706275415
H           -3.28803550925847        2.29631694641960       -1.84695480709546
H           -1.91764718019576        3.15266732101995       -1.15299827261879
H           -2.00041076333074        0.13653898771783       -1.62881132637167
H           -1.36096928085286        1.32184236121409       -2.77040581578955
H           -0.93277734580016        1.60762412724215        0.83962508698021
H            0.36615853449280        2.03135862643359       -1.03409464537337
H            2.02309248421595       -0.52035344285210        0.60228028368871
H            2.10089050774139        1.13676208497392       -0.01555443960238
H            2.64793627959114        0.24802608782537       -2.28987247311477
H            2.66850228464760       -1.39572268696686       -1.63216038649938
H            4.39393192789843        1.86287111537053       -1.68119341946446
H            6.67455242450964        2.22086131978084       -0.90476838259601
H            8.39274141781026        2.39131837139199        0.71865393442713
H            8.99927918704833        1.76350787357441       -0.84130800025379
H            9.84747225594665        1.36552064715732        0.67293849662283
H            7.21570431563019       -3.73490211100204        1.57530303543285
H            5.54927552404589       -3.12358023433819        1.70624149072584
H            6.17866162202442       -3.68655281818801        0.12914669180059
H            4.43973459860965       -2.10272909427997       -0.11416146235876
H           -0.26481199503109       -1.61325262433206       -1.79794156736858
H           -1.04549189217155       -1.32587495417991       -0.22874424112513
H            0.58041647479078       -2.02127275850167       -0.29813967271696
H           -4.94801673654505        2.67241700955959       -0.22105765766579
H           -4.13988165792207        2.74950422289386        2.70989123975135
H           -5.15462702362943        1.50903734495472        1.96244615767028
H           -5.71902544236561        3.17691188613780        2.05064896535677
H           -3.07618003415598        4.57497564300926        1.24438765805335
H           -3.46957495561502        4.63580552205034       -0.48234484419052
H           -4.71420670790069        4.94107203228478        0.71809844112853
H           -1.03346615126536        2.90088130221554        2.78981770482611
72
 energy: -99.406386213955 gnorm: 0.009832647282 xtb: 6.6.1 (8d0f1dd)
N           -1.88243135709376        2.81596044936941        2.24207443010778
C           -1.84355813404338        2.12213871384039        1.20505047684634
C           -2.99722155449939        1.92086908748930        0.26260230791255
C           -3.47860185254295        0.47986359023615        0.35151233429387
C           -4.41327135225794        0.00575829937790       -0.57067781017690
C           -4.89633446428201       -1.29068778374010       -0.51097909515555
O           -5.80575138545355       -1.82250687438267       -1.35384378904259
C           -6.32132135872285       -1.03684105093260       -2.39216386756767
C           -4.42340366062639       -2.16905281974310        0.50101916055522
O           -4.94312100254988       -3.41230979880257        0.47921216586435
C           -4.54837927032453       -4.33816447595201        1.46473492274936
C           -3.48919045774682       -1.69454410379663        1.40807809154768
C           -3.02677058186226       -0.38654050825273        1.33501412659259
C           -2.44524062683048        2.20140829708157       -1.15966894333829
C           -1.51003963635689        1.10751072686793       -1.70472057994679
C           -0.17482613119761        1.09780075048234       -1.06574210222237
N            0.49472508990138        0.01044692133063       -0.70130770087515
C            1.87382978556197        0.10240707116588       -0.28317022572279
C            2.84221430876809       -0.34562950817347       -1.39487245951705
C            4.26219670494250       -0.14274484194221       -0.94489897899705
C            4.90172855960561        1.06787752534908       -1.15648960262129
C            6.20053790976351        1.27152404909082       -0.71698646650188
C            6.88614207879825        0.26628191379089       -0.05024836150834
O            8.14457207689524        0.35141023641445        0.41870701685330
C            8.87252487881884        1.54202428755365        0.22302620742320
C            6.23721079783073       -0.97965706584038        0.17386988194507
O            6.97606956621398       -1.90062640133201        0.82379566140617
C            6.43367716597201       -3.17713289897536        1.06338352367158
C            4.93757822644287       -1.15902902398071       -0.27326969988944
C           -0.09348799822309       -1.30617870459182       -0.76283642372636
C           -4.20197160567738        2.86352060202541        0.55835204778906
C           -4.84298531803682        2.54662537613197        1.90735965114115
C           -3.83380228089296        4.34363271545222        0.49928516196049
H           -4.77904899425732        0.66628211216855       -1.33881926017810
H           -6.77955332545018       -0.11505208940607       -2.02127243613964
H           -7.07172808981596       -1.63823027006004       -2.89205730426926
H           -5.54782663386301       -0.80301663677476       -3.13779872637514
H           -4.78616094286182       -3.98111470083712        2.47106204359030
H           -5.11711098764086       -5.24297039387142        1.25977084760256
H           -3.47827302734897       -4.56039772667739        1.39863846679314
H           -3.11870861990620       -2.33465744873684        2.19238950233586
H           -2.32338507625803       -0.04606595789691        2.07916413985249
H           -3.28500944425347        2.29992493037068       -1.84662871951592
H           -1.91383724729093        3.15358827862757       -1.15097558726442
H           -1.99958021215176        0.13796509613206       -1.62971227738548
H           -1.35964575113208        1.32325433015294       -2.77077314082027
H           -0.93141245804739        1.60735021772542        0.84176637193763
H            0.36808282783837        2.03117635219876       -1.03432555128247
H            2.02328461611867       -0.52145378836798        0.60241197357945
H            2.10133054761874        1.13597887690880       -0.01453824569944
H            2.64765541166919        0.24835567704812       -2.28948534952033
H            2.66853812448267       -1.39568183203246       -1.63249332191090
H            4.39360816628520        1.86317192206317       -1.68046015209801
H            6.67421570013848        2.22115633422712       -0.90393607303257
H            8.39265101327563        2.39115244359262        0.71914293526644
H            8.99924537019193        1.76352146751787       -0.84086764227114
H            9.84732781271415        1.36527227585038        0.67337707370375
H            7.21550317960911       -3.73514808750725        1.57489857526054
H            5.54918490657417       -3.12361143923685        1.70632716598223
H            6.17810664612435       -3.68644836472969        0.12900557111968
H            4.43969906244004       -2.10285218118235       -0.11453938882621
H           -0.26563327263388       -1.61359981089509       -1.79653759831933
H           -1.04621581586102       -1.32450395078059       -0.22767074836612
H            0.57919036575899       -2.02113458506168       -0.29633953386669
H           -4.94692924686729        2.66958768952048       -0.22174004852411
H           -4.14013469881241        2.74706433956908        2.70949252645734
H           -5.15355567663711        1.50608526355859        1.96110528014551
H           -5.71937830985919        3.17340072847944        2.04977598021543
H           -3.07782261801971        4.57484222919788        1.24338250542307
H           -3.47189796133538        4.63474998946113       -0.48326377231971
H           -4.71654584704717        4.93887959160334        0.71750867413792
H           -1.03301101677908        2.90190388796921        2.79107902533238
72
 energy: -99.406527297908 gnorm: 0.008231861892 xtb: 6.6.1 (8d0f1dd)
N           -1.88249987865915        2.81688619961257        2.24178670848741
C           -1.84298408711791        2.12204822017904        1.20544995549547
C           -2.99573307334290        1.92065378407539        0.26189153575231
C           -3.47596406106806        0.47933692143060        0.34986215425225
C           -4.40900845094665        0.00485154895990       -0.57409580138392
C           -4.89221024333766       -1.29123929461004       -0.51475620607476
O           -5.80266806024257       -1.82257503175212       -1.35634281408226
C           -6.31831248053958       -1.03898441552487       -2.39765267702997
C           -4.42041708646896       -2.16869550100365        0.49955488858617
O           -4.93909378908259       -3.41256593666363        0.47679541831269
C           -4.54936832875144       -4.33649463706255        1.46620770642859
C           -3.48904783719628       -1.69348055279295        1.40911118956145
C           -3.02675069860190       -0.38532205130864        1.33593746215521
C           -2.44253350139574        2.20306551981580       -1.15953361803341
C           -1.50842824547809        1.10872431827508       -1.70554665000690
C           -0.17332728674783        1.09790600166697       -1.06651811733634
N            0.49493882008675        0.01024146353822       -0.70087017152494
C            1.87404525082286        0.10160047409409       -0.28273444292082
C            2.84206344717016       -0.34584992935451       -1.39496132316333
C            4.26206157174260       -0.14289882537061       -0.94519790782394
C            4.90139526176351        1.06788680438306       -1.15642169085583
C            6.20021737278255        1.27153744392505       -0.71694545690877
C            6.88592501767779        0.26614630798372       -0.05053979429135
O            8.14441369598807        0.35111844068712        0.41826764899079
C            8.87243731908354        1.54169648507022        0.22270449094959
C            6.23705923284424       -0.97985297135026        0.17344606988649
O            6.97591789860075       -1.90083601506845        0.82333328669448
C            6.43339824504560       -3.17727494774328        1.06297279135595
C            4.93746987688175       -1.15926274960714       -0.27374477190305
C           -0.09442144229185       -1.30590725097603       -0.76127179917356
C           -4.20183694637213        2.86148305419019        0.55744718069726
C           -4.84264336937651        2.54354955106080        1.90631549945238
C           -3.83572861815001        4.34203700591320        0.49820766811122
H           -4.77415250989789        0.66580152454131       -1.34209609093092
H           -6.78478878648027       -0.12189472529325       -2.02456761625690
H           -7.08338537315529       -1.65701192355699       -2.87814043819646
H           -5.55154036592599       -0.76917358316406       -3.13479084345358
H           -4.79230807296982       -3.97741264537177        2.47067136060811
H           -5.11716990541544       -5.24166419674625        1.26026050215781
H           -3.47891593897076       -4.55922805438623        1.40630484638718
H           -3.12110961507491       -2.33252889779211        2.19553376602987
H           -2.32647556952296       -0.04337293960277        2.08237199566977
H           -3.28162250086606        2.30429924989822       -1.84692671870048
H           -1.90961787911796        3.15441225427271       -1.14854472058498
H           -1.99861721003450        0.13949983488978       -1.63088190263456
H           -1.35803977678738        1.32481329537255       -2.77149469764036
H           -0.93079114246913        1.60643360072923        0.84357446275397
H            0.37025660145387        2.03087140151813       -1.03487522967690
H            2.02350709346503       -0.52281229468258        0.60243599844459
H            2.10181710998690        1.13496839732820       -0.01352287124984
H            2.64711550706665        0.24852768095479       -2.28923037340656
H            2.66840531464418       -1.39581286412413       -1.63298446395394
H            4.39311501904254        1.86329672166630       -1.68006689899263
H            6.67378410281820        2.22127800303246       -0.90363132003001
H            8.39262713543839        2.39081564643433        0.71889238490968
H            8.99917730110401        1.76327689665240       -0.84117103914028
H            9.84722129274347        1.36481537755407        0.67304608628136
H            7.21530935148388       -3.73547829003878        1.57414609824045
H            5.54914333688520       -3.12364841160510        1.70624060492578
H            6.17738422834584       -3.68644759660090        0.12864019980171
H            4.43959971232472       -2.10311499225479       -0.11518496036303
H           -0.26676977843611       -1.61417575199590       -1.79467793809848
H           -1.04721113664008       -1.32288948221932       -0.22615729109779
H            0.57758190992346       -2.02101235505986       -0.29401305473909
H           -4.94639239329636        2.66625725909742       -0.22271374808130
H           -4.14005027710770        2.74418735684304        2.70862537092843
H           -5.15243101120719        1.50274196595181        1.95957450526549
H           -5.71957388800289        3.16953394275930        2.04888575242910
H           -3.07958725140374        4.57415557815444        1.24184556079089
H           -3.47470813149508        4.63335228298527       -0.48460174625337
H           -4.71910033900392        4.93619473432591        0.71680554356921
H           -1.03353609176328        2.90275608736127        2.79152535423235
