25
 energy: -47.772525252135 gnorm: 6.648076919204 xtb: 6.6.1 (8d0f1dd)
C            3.21786164340000        1.13591514650000        0.01837059260000
N            2.27034809790000        0.05199982890000        0.00038279530000
C            2.54167221030000       -1.23971668410000       -0.00834188300000
N            1.39367826450000       -1.95088267900000       -0.00850347120000
C            0.35269634020000       -1.06748964300000        0.00059917290000
C            0.90759959010000        0.20069750900000        0.00663590170000
C            0.07590235260000        1.39864294500000       -0.00284827040000
O            0.48715076820000        2.53168346660000       -0.01725767220000
N           -1.27221500230000        1.06666939660000        0.00165480230000
C           -2.23229981500000        2.16656245330000       -0.00245172030000
C           -1.84872931540000       -0.19179276200000        0.00496135950000
O           -3.03273030250000       -0.36103538130000        0.00858583760000
N           -0.96599111670000       -1.30060631840000        0.00174701630000
C           -1.52030655580000       -2.64076660390000       -0.00239033190000
H            3.71480285180000        1.18589984860000        0.98803183970000
H            3.97079415090000        0.99383197990000       -0.75543416370000
H            2.68321036910000        2.07051068580000       -0.15067179540000
H            3.52469367910000       -1.66989040330000       -0.01523639120000
H           -1.67672429040000        3.10039111610000        0.00486339690000
H           -2.85755792270000        2.10547813320000       -0.89185337000000
H           -2.87119733260000        2.09858159720000        0.87661144540000
H           -1.20589108080000       -3.18768007210000        0.88663215920000
H           -1.21982032550000       -3.17678505510000       -0.90288069810000
H           -2.60531402170000       -2.54255916880000        0.00649952960000
H            1.32879827740000       -2.95942079410000       -0.01653446370000
25
 energy: -56.241135748512 gnorm: 10.429496710043 xtb: 6.6.1 (8d0f1dd)
C            3.21785735726023        1.13587785278983        0.01837434739798
N            2.27041371151930        0.05220958248260        0.00037793958558
C            2.54182085827044       -1.23992422694274       -0.00834197544346
N            1.39353149267059       -1.95074664072222       -0.00850140487427
C            0.35260047399904       -1.06716535912712        0.00059803597459
C            0.90746764817251        0.20105358547257        0.00663644749391
C            0.07527410260991        1.39766005392892       -0.00283957015902
O            0.48706446470545        2.53193951764092       -0.01726031892604
N           -1.27760665329520        1.04949145808249        0.00168676637230
C           -2.23216260179802        2.16545418760673       -0.00244689348072
C           -1.95425944805325       -0.52643279420973        0.00514763606363
O           -3.04405871090342       -0.37075766372445        0.00862321246181
N           -0.96419296501325       -1.31260372272888        0.00172774554854
C           -1.51614072573196       -2.63965016669542       -0.00241933061708
H            3.71482386403751        1.18586268272808        0.98803698339041
H            3.97080848207149        0.99379024891738       -0.75543932286226
H            2.68324192165958        2.07048022030366       -0.15067319217272
H            3.52467047471481       -1.66992254441299       -0.01523607049119
H           -1.67662759158344        3.10037277241225        0.00486306567426
H           -2.85754910613085        2.10552086119756       -0.89184540395201
H           -2.87118949591390        2.09862563964991        0.87660196528904
H           -1.20650723725485       -3.18770896263013        0.88682907906241
H           -1.22043019743951       -3.17681088197774       -0.90306493794022
H           -2.48718554983077       -2.16892389367309        0.00627042186796
H            1.32876694535756       -2.95945326476842       -0.01653360736341
25
 energy: -68.546243383118 gnorm: 14.250534196684 xtb: 6.6.1 (8d0f1dd)
C            3.21785889396951        1.13584378207485        0.01837742807253
N            2.27032775104839        0.05250042138493        0.00037593916527
C            2.54195728107184       -1.24022440622814       -0.00834231715549
N            1.39333252670304       -1.95071226849441       -0.00849988194925
C            0.35337504970989       -1.06618066751345        0.00059817871601
C            0.90747991802817        0.20104087850092        0.00663579340433
C            0.07358073841161        1.39686475091794       -0.00282865519291
O            0.48726135364559        2.53234038745999       -0.01726803091049
N           -1.28095728589674        1.03602907253426        0.00171186261575
C           -2.23187014970339        2.16409475945031       -0.00244340829627
C           -2.05863749570497       -0.86492904456123        0.00534150880516
O           -3.05912175903945       -0.37833019804906        0.00867267806405
N           -0.96123989833375       -1.32385019536748        0.00170148462030
C           -1.51268763798754       -2.63911602416306       -0.00244404516146
H            3.71483803591723        1.18583266040572        0.98804301891939
H            3.97081838587193        0.99375433891009       -0.75544668596399
H            2.68324100003368        2.07046303234639       -0.15067247438006
H            3.52464406005771       -1.66996086286816       -0.01523618344175
H           -1.67654825166200        3.10028898731458        0.00486274580822
H           -2.85753344990974        2.10554114005525       -0.89185389681597
H           -2.87117477442677        2.09864635049788        0.87660866958735
H           -1.20723720401048       -3.18783861186409        0.88698614740129
H           -1.22114929252452       -3.17693790401041       -0.90320839391407
H           -2.36888570826557       -1.79744125094962        0.00603297964532
H            1.32875942709633       -2.95948058618401       -0.01653284374327
25
 energy: -78.735120917795 gnorm: 16.222458012089 xtb: 6.6.1 (8d0f1dd)
C            3.21790043977194        1.13571136698314        0.01838121664091
N            2.27017816688177        0.05279905890208        0.00037348890493
C            2.54213881612907       -1.24063781226819       -0.00834237924526
N            1.39319449345347       -1.95099085182049       -0.00849913541177
C            0.35404774625373       -1.06511020991861        0.00060058432887
C            0.90756073874607        0.20119103779795        0.00663495248313
C            0.07170112507523        1.39620403626684       -0.00281666190401
O            0.48777673142717        2.53294927313545       -0.01728209879009
N           -1.28289879641711        1.02663473977593        0.00172889592540
C           -2.23128093707320        2.16302477598282       -0.00244126119893
C           -2.17125984628019       -1.20717018704839        0.00557699456821
O           -3.07085121305636       -0.38203427763769        0.00871454852140
N           -0.95547339547945       -1.33307127388585        0.00167072584338
C           -1.51006314122121       -2.63927334362348       -0.00246580474408
H            3.71489098121994        1.18569253666940        0.98804942603661
H            3.97086083681673        0.99359837433172       -0.75545683287871
H            2.68329608356565        2.07036766730520       -0.15067190287963
H            3.52456676512928       -1.67010402123556       -0.01523575781910
H           -1.67640733072676        3.10035744429839        0.00486032333189
H           -2.85743189890492        2.10561516556518       -0.89185947811008
H           -2.87107406539105        2.09872168251100        0.87661034494001
H           -1.20801941697450       -3.18793625438826        0.88720105566141
H           -1.22192141511036       -3.17703206798451       -0.90340586531216
H           -2.24968823308071       -1.43174090042404        0.00577708421597
H            1.32868827934576       -2.95952741769005       -0.01653084520832
25
 energy: -76.704521509922 gnorm: 13.248046256169 xtb: 6.6.1 (8d0f1dd)
C            3.21784378009123        1.13588049374748        0.01838988184573
N            2.26990548109772        0.05338428675240        0.00037181746841
C            2.54245729719899       -1.24084163264357       -0.00834417552135
N            1.39343083251073       -1.95146000349982       -0.00850415919033
C            0.35506503812965       -1.06409296151859        0.00060153641226
C            0.90772659710746        0.20136463604772        0.00663436097108
C            0.06951374446254        1.39585654122926       -0.00280139964567
O            0.48815470698589        2.53359116706160       -0.01729316182081
N           -1.28127913710085        1.02921849610941        0.00172337211061
C           -2.23050668278815        2.16197422126559       -0.00243482558849
C           -2.12061822358312       -1.05540710332272        0.00545409971611
O           -3.07432746492370       -0.38002222732356        0.00871961905194
N           -0.94819860322171       -1.33400491840606        0.00163831764944
C           -1.50875827125374       -2.64207559544085       -0.00250136691581
H            3.71482070917042        1.18589281036896        0.98805980571512
H            3.97079689234658        0.99381076325190       -0.75546442350332
H            2.68313390767744        2.07052040770614       -0.15066518512222
H            3.52464948506815       -1.66993994117263       -0.01523841338985
H           -1.67661011196102        3.10027243668057        0.00486375206382
H           -2.85751969909453        2.10533348558382       -0.89183976150058
H           -2.87116206026307        2.09843539559635        0.87659522836221
H           -1.20838872893792       -3.18829402616060        0.88746739755971
H           -1.22227971850021       -3.17738430703411       -0.90367189035137
H           -2.30632573665068       -1.58435282417838        0.00594609758521
H            1.32890748053190       -2.95942105910031       -0.01653490606185
25
 energy: -78.837372679217 gnorm: 8.648857783790 xtb: 6.6.1 (8d0f1dd)
C            3.21792607503852        1.13570501876258        0.01839785174847
N            2.26953011316776        0.05393392646187        0.00036844942718
C            2.54275645560001       -1.24150430158144       -0.00834366735309
N            1.39363670392222       -1.95225593503538       -0.00850555934599
C            0.35698051191985       -1.06235472998596        0.00060408856499
C            0.90811231326065        0.20169484629637        0.00663179797832
C            0.06630514355992        1.39564005615727       -0.00278164419975
O            0.48932696321491        2.53463280245888       -0.01732270737690
N           -1.27786038421026        1.03640846295193        0.00170903467679
C           -2.22890013908062        2.16103508487588       -0.00243182446755
C           -2.15501944615716       -1.12378766908203        0.00560156488699
O           -3.07787062037171       -0.37351481653369        0.00872193362520
N           -0.93671657153309       -1.33359466487168        0.00159088111785
C           -1.50636066554529       -2.64770341930611       -0.00255692663091
H            3.71489513260369        1.18569361069447        0.98807260849808
H            3.97085206755888        0.99358742430849       -0.75548245339295
H            2.68318692826807        2.07039644566705       -0.15066176772090
H            3.52457523826694       -1.67018098421530       -0.01523879665686
H           -1.67648923372842        3.10050624972262        0.00485904260710
H           -2.85729670528157        2.10526224784711       -0.89178424076818
H           -2.87093837862988        2.09836447706657        0.87653433383379
H           -1.20928809711002       -3.18884248300256        0.88803042085339
H           -1.22316516588555       -3.17792490011277       -0.90421650320145
H           -2.28657533103068       -1.52347955614658        0.00590850675652
H            1.32882860628282       -2.95947865179756       -0.01653280556015
25
 energy: -76.898442915867 gnorm: 39.304038855984 xtb: 6.6.1 (8d0f1dd)
C            3.21773981942448        1.13629184700566        0.01841896444742
N            2.26891719196964        0.05527785379125        0.00036350995522
C            2.54354201146421       -1.24174567187275       -0.00834630232919
N            1.39458104317662       -1.95293768496168       -0.00851468792941
C            0.36115974302199       -1.05911841967329        0.00060044255989
C            0.90882128893116        0.20264279181159        0.00663012858803
C            0.05980957262096        1.39523060007672       -0.00273408440412
O            0.49054425182539        2.53637901188894       -0.01736145462968
N           -1.27389446125024        1.04306051468496        0.00169607878617
C           -2.22615778839531        2.15783426221481       -0.00241084759815
C           -2.18770807838322       -1.24109069004641        0.00567300076166
O           -3.08476501900646       -0.36758153871525        0.00870420452453
N           -0.92110452177753       -1.33665846071686        0.00150023103628
C           -1.49808388468433       -2.65949874492543       -0.00272030558719
H            3.71466295717991        1.18636260118246        0.98810349709391
H            3.97064178388425        0.99429628098475       -0.75550741302630
H            2.68265795793337        2.07091601709621       -0.15064092685717
H            3.52496881524014       -1.66963520573332       -0.01524701322469
H           -1.67722104203187        3.10046073123134        0.00486717306962
H           -2.85750091162662        2.10420446295816       -0.89161687395242
H           -2.87113858926909        2.09729339377837        0.87637914633952
H           -1.21042484603701       -3.19050398494384        0.88941188887170
H           -1.22427398400081       -3.17956398443653       -0.90559654437958
H           -2.27488113287479       -1.40436903291232        0.00606500141715
H            1.32953933676517       -2.95930840816756       -0.01654519563319
25
 energy: -79.340109929564 gnorm: 5.015435070019 xtb: 6.6.1 (8d0f1dd)
C            3.21724008276658        1.13757395442949        0.01843218278373
N            2.26881973992691        0.05622928182191        0.00036570940093
C            2.54403941982473       -1.24077162340770       -0.00835411328358
N            1.39551615224114       -1.95246732049164       -0.00853011319594
C            0.36206950971462       -1.05896785576531        0.00059118047839
C            0.90877356925907        0.20309582803763        0.00663301360799
C            0.05910633756437        1.39525122447550       -0.00272007715090
O            0.48952605116468        2.53662527613151       -0.01734162513919
N           -1.27434513725794        1.04204157938972        0.00170510243532
C           -2.22693688615063        2.15669078435094       -0.00239291685195
C           -2.12751907534519       -1.17140431106239        0.00531534468221
O           -3.08539487279753       -0.36880459240767        0.00870070208523
N           -0.91961703375899       -1.33805558183169        0.00148195308134
C           -1.49752681513604       -2.66029100629387       -0.00273982541719
H            3.71413588560805        1.18783957640574        0.98811877044759
H            3.97019384818169        0.99589292751152       -0.75549714562030
H            2.68175611731222        2.07197930442660       -0.15062002377465
H            3.52563811787732       -1.66824136986823       -0.01525828572523
H           -1.67855562352531        3.09970965504116        0.00489270646874
H           -2.85838017401685        2.10294011732488       -0.89158463176957
H           -2.87201609996145        2.09600799520403        0.87637991501383
H           -1.20925951496555       -3.19119619719307        0.88949505635559
H           -1.22310989823726       -3.18024521169728       -0.90573332505214
H           -2.33444462506212       -1.47438887651665        0.00640071378859
H            1.33072243887347       -2.95880501641514       -0.01656864974884
25
 energy: -79.449396288536 gnorm: 3.586391055694 xtb: 6.6.1 (8d0f1dd)
C            3.21796406853491        1.13587782811049        0.01843388295092
N            2.26855389611995        0.05599087037360        0.00035435803734
C            2.54414472853850       -1.24287118582976       -0.00834381153278
N            1.39497969971483       -1.95435970927000       -0.00851617026900
C            0.36541411911542       -1.05614619851949        0.00060243602233
C            0.90980515106889        0.20394175341622        0.00662716307387
C            0.05620650781320        1.39746947744490       -0.00271797163679
O            0.49371246631505        2.53819869120009       -0.01742032919266
N           -1.26083704058328        1.07933002484013        0.00164779372316
C           -2.22390325724336        2.15944131947339       -0.00241702286804
C           -2.20041907831003       -1.19030539049218        0.00587124614050
O           -3.07492784929173       -0.34321300564046        0.00863053669641
N           -0.90637799973670       -1.32152244874230        0.00143177130078
C           -1.50001015130173       -2.66818568488083       -0.00277709910974
H            3.71486049401334        1.18583600052683        0.98813419777316
H            3.97079255596788        0.99371047789204       -0.75554422658169
H            2.68283480078220        2.07058464528603       -0.15062614089428
H            3.52487432453857       -1.67022998324327       -0.01524879113295
H           -1.67699895991589        3.10148529192108        0.00485966087402
H           -2.85682510795593        2.10410385351807       -0.89144776333595
H           -2.87045534846919        2.09718958030560        0.87620042980722
H           -1.21112375514093       -3.19190196291061        0.89054953487989
H           -1.22495139020800       -3.18095478995431       -0.90673699438707
H           -2.30615326701456       -1.52558131800591        0.00617044986948
H            1.32927190674859       -2.95964959521934       -0.01654552230811
25
 energy: -79.536574230998 gnorm: 0.594002245261 xtb: 6.6.1 (8d0f1dd)
C            3.21789366337427        1.13652906481899        0.01845580845929
N            2.26819928161705        0.05736799789715        0.00034109976488
C            2.54526149946680       -1.24279461673234       -0.00834192654454
N            1.39702657091101       -1.95490257694825       -0.00852383581974
C            0.37293230759645       -1.05218783457815        0.00058960857707
C            0.91114395671420        0.20628888180065        0.00663002132274
C            0.04951352030914        1.39846221692426       -0.00266535911623
O            0.49582271688020        2.54033098988274       -0.01748668178653
N           -1.25816736913894        1.08300840737218        0.00165803334122
C           -2.22022952877092        2.15601573087666       -0.00239689097307
C           -2.20672416568296       -1.20473138832721        0.00598083641206
O           -3.08390727795570       -0.34008902946855        0.00856586743267
N           -0.89214123290770       -1.33138032162317        0.00129647664684
C           -1.48753467891765       -2.68133599285376       -0.00301516668752
H            3.71465179923112        1.18646870812585        0.98817918314298
H            3.97059099642794        0.99436937403079       -0.75558514249200
H            2.68225091878689        2.07111074602470       -0.15059138828882
H            3.52551009389989       -1.66978462945155       -0.01525958745031
H           -1.67791559099859        3.10198003254006        0.00486584686299
H           -2.85663993854785        2.10269101736706       -0.89102645227279
H           -2.87025616901084        2.09576040274605        0.87579034565734
H           -1.21311197752274       -3.19519175273760        0.89355923594021
H           -1.22689047013407       -3.18421322368400       -0.90975264527140
H           -2.32687397837840       -1.49586677996711        0.00646424018687
H            1.33002656685141       -2.95966688243546       -0.01655990914421
25
 energy: -79.541844034956 gnorm: 0.175162386539 xtb: 6.6.1 (8d0f1dd)
C            3.21801035240559        1.13659522895936        0.01846272293877
N            2.26839376013334        0.05762146790064        0.00033249924385
C            2.54574305182035       -1.24272940045234       -0.00833849476795
N            1.39775067930621       -1.95486997168945       -0.00852216130896
C            0.37619210313332       -1.05061106046685        0.00058236193598
C            0.91178520202983        0.20745475673045        0.00663188391270
C            0.04801720364652        1.40010936691465       -0.00265027769147
O            0.49751044928021        2.54139367357757       -0.01752647954918
N           -1.25498614468477        1.09142590835557        0.00166060483538
C           -2.21877588776516        2.15600614927201       -0.00239509652499
C           -2.21431210073636       -1.20841507764839        0.00608456776303
O           -3.08433382856749       -0.33235914704676        0.00850411339508
N           -0.89343574453081       -1.33155780830365        0.00125670549289
C           -1.48273509349435       -2.68702569535215       -0.00312057482854
H            3.71467712128534        1.18645272430713        0.98820343403031
H            3.97060386565906        0.99434103731482       -0.75560913673223
H            2.68216691318685        2.07113280713599       -0.15057258466541
H            3.52576967584995       -1.66986073023580       -0.01526347874451
H           -1.67816323207057        3.10274525412886        0.00486603037637
H           -2.85625512231017        2.10225331520204       -0.89079580819588
H           -2.86986063660749        2.09531722481932        0.87556015971031
H           -1.21380311872064       -3.19701548495489        0.89520580266053
H           -1.22756170008819       -3.18602650073034       -0.91141938710263
H           -2.33209445493931       -1.50429206044323        0.00659915518609
H            1.33012820087874       -2.95984743569455       -0.01656494346953
25
 energy: -79.554504338428 gnorm: 0.557416040831 xtb: 6.6.1 (8d0f1dd)
C            3.21859598244115        1.13695083019194        0.01849247783731
N            2.26935067855999        0.05885491705476        0.00029373938121
C            2.54793188826191       -1.24234758206070       -0.00832200537373
N            1.40135203805619       -1.95461696661411       -0.00851503193101
C            0.38971772522718       -1.04367176754659        0.00054746179389
C            0.91474011398088        0.21295525461591        0.00664146638930
C            0.04123115540773        1.40752331147359       -0.00257723728519
O            0.50526765156340        2.54633322160837       -0.01771550298336
N           -1.24335730992086        1.12205901693188        0.00169181529573
C           -2.21198014437221        2.15537734730669       -0.00238471972607
C           -2.24888865918061       -1.22015700051034        0.00657963729679
O           -3.08931239414781       -0.30349103254600        0.00820715038486
N           -0.89668036167362       -1.33797476910085        0.00105408379361
C           -1.45709593272175       -2.71353221494715       -0.00364653098174
H            3.71480394813681        1.18639929177102        0.98832105276420
H            3.97067654223854        0.99423163654368       -0.75572592324051
H            2.68177093064550        2.07124891000475       -0.15048233236916
H            3.52704623647691       -1.67019867685129       -0.01528184741185
H           -1.67935468956541        3.10639922888287        0.00486689967020
H           -2.85441456764851        2.10016115284406       -0.88966747200034
H           -2.86796835537912        2.09320049889610        0.87443361253364
H           -1.21730724201412       -3.20593811667028        0.90333670774418
H           -1.23096652442692       -3.19489908458630       -0.91965003626364
H           -2.35533039051690       -1.52603799854060        0.00726123650934
H            1.33060319467166       -2.96059086655144       -0.01658708392765
25
 energy: -79.568401177945 gnorm: 0.879448601094 xtb: 6.6.1 (8d0f1dd)
C            3.21962707414317        1.13767497848313        0.01852964908053
N            2.27125352528495        0.06075313723516        0.00023317837837
C            2.55131463415823       -1.24133313170178       -0.00829362382598
N            1.40742972985717       -1.95363545420328       -0.00850063995526
C            0.40723614807499       -1.03411119920245        0.00048891952040
C            0.91920080282446        0.22174216739910        0.00665804016952
C            0.03271653005410        1.41942395953661       -0.00246778619838
O            0.51746515035281        2.55411316971689       -0.01802672159078
N           -1.23038262038631        1.15731840773311        0.00178002155152
C           -2.20190370912530        2.15430946646213       -0.00237031763123
C           -2.29832393454016       -1.22712371132691        0.00743874032027
O           -3.10082255932087       -0.26788035508134        0.00770846092513
N           -0.90185876964601       -1.35609115465608        0.00072583747863
C           -1.41127385435740       -2.75439362066612       -0.00451978232797
H            3.71502791497795        1.18640908618716        0.98852212225247
H            3.97082969196564        0.99415771202725       -0.75593119695674
H            2.68113004969180        2.07148756110675       -0.15033533148014
H            3.52929326520629       -1.67063666341650       -0.01531056648008
H           -1.68142233961080        3.11255069043221        0.00486519049308
H           -2.85136984512639        2.09671955103456       -0.88776934475418
H           -2.86483506502660        2.08972538451156        0.87253411467710
H           -1.22297160689295       -3.22120122475570        0.91724507029632
H           -1.23646568078806       -3.21008751723606       -0.93374465038655
H           -2.39182541237944       -1.54013099103077        0.00832831303254
H            1.33136239470872       -2.96152170698861       -0.01661607868858
25
 energy: -79.586340601906 gnorm: 0.691895772036 xtb: 6.6.1 (8d0f1dd)
C            3.22126179546015        1.13902716965050        0.01856499917005
N            2.27463878038286        0.06337273205588        0.00014764787778
C            2.55606031566502       -1.23920037167785       -0.00825068473741
N            1.41643514892920       -1.95132704624019       -0.00847363509599
C            0.42513776900730       -1.02356098412948        0.00040142895426
C            0.92491448961804        0.23406654021317        0.00668296047250
C            0.02568561768058        1.43654103865657       -0.00233434813188
O            0.53448374310667        2.56502387849214       -0.01848547436118
N           -1.21962127674736        1.18970757939276        0.00196189646464
C           -2.18954696882546        2.15346722090253       -0.00235709439985
C           -2.35898268586564       -1.22227040081765        0.00878134043667
O           -3.12088537038494       -0.23092590636072        0.00698759299603
N           -0.90938205035506       -1.39083280176957        0.00027074589807
C           -1.34040239663664       -2.80884594851596       -0.00574888416735
H            3.71538652435586        1.18664136736288        0.98882976375192
H            3.97111760247503        0.99428506782618       -0.75625742162315
H            2.68021230108209        2.07194537410845       -0.15012375643643
H            3.53285507911317       -1.67100031769896       -0.01534892102405
H           -1.68468707445998        3.12182293429128        0.00485505418405
H           -2.84692354188944        2.09167016254594       -0.88497979620942
H           -2.86025465717659        2.08464186311927        0.86973275357453
H           -1.23104915731944       -3.24443893473840        0.93826162211656
H           -1.24430506318620       -3.23323510036835       -0.95508035834648
H           -2.44417431255477       -1.53605601096323        0.00977772365610
H            1.33245690262553       -2.96228056373719       -0.01664353711997
25
 energy: -79.603090952012 gnorm: 0.161441300207 xtb: 6.6.1 (8d0f1dd)
C            3.22351588272287        1.14103142822115        0.01859115590150
N            2.27953448786064        0.06635188783945        0.00005108675262
C            2.56167369432486       -1.23582443209665       -0.00820065384621
N            1.42690838358789       -1.94745611711599       -0.00843801181784
C            0.43435414754199       -1.01670583057574        0.00028711758967
C            0.93022603319106        0.24745492212858        0.00671343024260
C            0.02666834117345        1.45686055591343       -0.00222071400451
O            0.55396883561975        2.57762914428548       -0.01903175635366
N           -1.21524843910696        1.20879923113140        0.00224847725979
C           -2.17915866744175        2.15522152390621       -0.00234990806498
C           -2.42106099386871       -1.20236160111612        0.01032931297101
O           -3.14545966738656       -0.20164575099085        0.00615842481597
N           -0.91820520434775       -1.43748886446043       -0.00022870347937
C           -1.25262669341487       -2.86578378237266       -0.00707129844344
H            3.71596350100998        1.18713762743326        0.98924788384308
H            3.97166258716463        0.99468055486159       -0.75669717702520
H            2.67927754590507        2.07256724378337       -0.14986113563440
H            3.53750804877444       -1.67107873383984       -0.01539067353721
H           -1.68891419231692        3.13357943648089        0.00484062343153
H           -2.84154671041228        2.08578796122254       -0.88170989282724
H           -2.85471533790789        2.07873744343801        0.86644242577351
H           -1.24057466112572       -3.27331637005474        0.96365584575613
H           -1.25356376570341       -3.26203513960537       -0.98097829740867
H           -2.50338092204732       -1.51182273313443        0.01144636116654
H            1.33362528030351       -2.96208106368254       -0.01666230516122
25
 energy: -79.612551541489 gnorm: 0.232132288339 xtb: 6.6.1 (8d0f1dd)
C            3.22573974908681        1.14304012815141        0.01861087813649
N            2.28399038397378        0.06877866990335       -0.00002077255018
C            2.56640866464507       -1.23242310807641       -0.00816419291177
N            1.43460439054482       -1.94336777893649       -0.00841173393818
C            0.43026979152242       -1.01665043215928        0.00017594671288
C            0.93275904731964        0.25617728555149        0.00673527736291
C            0.03611971364656        1.47362910276059       -0.00217073222507
O            0.56963226125365        2.58803379897082       -0.01947495026108
N           -1.21395770050812        1.21697072571023        0.00253423691999
C           -2.17513028558091        2.16093331347759       -0.00234638815230
C           -2.46993356126403       -1.18466032519523        0.01141373896118
O           -3.16146285371255       -0.18095010880934        0.00548015081234
N           -0.92500845223244       -1.47292083987574       -0.00060356861786
C           -1.18046368310285       -2.90528875315881       -0.00798688663510
H            3.71668207892517        1.18770147994991        0.98967766155518
H            3.97241216969280        0.99518559596856       -0.75712494484745
H            2.67877699679179        2.07311304710139       -0.14962095353291
H            3.54169990612831       -1.67080784382581       -0.01542312423642
H           -1.69274055808450        3.14418823498901        0.00483473518350
H           -2.83703868778988        2.08125704226839       -0.87919871526930
H           -2.85007677117097        2.07420036724412        0.86391714588879
H           -1.24825856434099       -3.29774828114883        0.98323748474113
H           -1.26105093852638       -3.28643356558905       -1.00112317832157
H           -2.54792661802774       -1.49310774849160        0.01289758501003
H            1.33438503491051       -2.96061146518026       -0.01667308188523
25
 energy: -79.621928861597 gnorm: 0.256494511463 xtb: 6.6.1 (8d0f1dd)
C            3.22858173211369        1.14577927021006        0.01863841032060
N            2.28868365894315        0.07150486392911       -0.00008927487469
C            2.57169020270191       -1.22796921652292       -0.00813186392524
N            1.44128419458061       -1.93783961954791       -0.00839000089383
C            0.41260478376148       -1.02279381169287        0.00003260215929
C            0.93290324595701        0.26186881092174        0.00674826877045
C            0.05546511277388        1.49151344856068       -0.00216456189297
O            0.58651945492813        2.59990207626218       -0.01995516718746
N           -1.21177529657383        1.22205142593766        0.00289710634858
C           -2.17581850860492        2.17265281105445       -0.00233851683661
C           -2.52258402064174       -1.17100893607809        0.01236422605743
O           -3.17211716476628       -0.15734055320270        0.00470682622582
N           -0.93050120091731       -1.50540367955579       -0.00098416886174
C           -1.10328639148416       -2.94018506463839       -0.00879473730178
H            3.71780441584279        1.18862789951021        0.99027431299230
H            3.97364682177248        0.99608500331864       -0.75769063303191
H            2.67858230923159        2.07385565084432       -0.14932537151462
H            3.54673481970127       -1.66995832193854       -0.01545737685291
H           -1.69751576453318        3.15706286694119        0.00483663192178
H           -2.83212829749228        2.07671947057889       -0.87683173944262
H           -2.84503309799583        2.06966965413353        0.86154186336383
H           -1.25618760193588       -3.32496588742385        1.00124394059576
H           -1.26878293132157       -3.31365375849311       -1.01990864729203
H           -2.59336201217048       -1.48078641190507        0.01463078382629
H            1.33502305022946       -2.95714944960342       -0.01668129477373
25
 energy: -79.630185416966 gnorm: 0.156626744572 xtb: 6.6.1 (8d0f1dd)
C            3.23111280587436        1.14857492277834        0.01867223352955
N            2.29113726601580        0.07354665924963       -0.00012257091092
C            2.57536355116728       -1.22369273945095       -0.00812073784433
N            1.44300699064470       -1.93229000842214       -0.00838560415983
C            0.38197445481178       -1.03540329758948       -0.00009951001905
C            0.92890203703837        0.25975633989600        0.00673446090742
C            0.08114422701110        1.50289748258162       -0.00222418722931
O            0.59849981569781        2.60948917445523       -0.02029920460036
N           -1.20842687665259        1.22084282999644        0.00322677977929
C           -2.18274355070433        2.18835958852408       -0.00231937834412
C           -2.55845215679167       -1.17047599887507        0.01272114722707
O           -3.16975013906490       -0.13937595587384        0.00408188697834
N           -0.93084220895617       -1.52027036167587       -0.00122204766320
C           -1.05155828598990       -2.95334973267697       -0.00911821627544
H            3.71912731081495        1.18984107252233        0.99089297430956
H            3.97516212691780        0.99733860819131       -0.75824573811663
H            2.67899065627780        2.07470934799325       -0.14906831265050
H            3.55094945437984       -1.66841927275988       -0.01548048793794
H           -1.70193318133150        3.16830204429867        0.00484935411021
H           -2.82873205210748        2.07411420186521       -0.87582640184774
H           -2.84156032165837        2.06709068815299        0.86054399458756
H           -1.26069061105079       -3.34514688468762        1.00803491986655
H           -1.27314927952756       -3.33389837126232       -1.02747538362413
H           -2.62233671093481       -1.48248934593824        0.01610384469277
H            1.33523619221848       -2.95181244969276       -0.01668219686485
25
 energy: -79.635794074816 gnorm: 0.069447837916 xtb: 6.6.1 (8d0f1dd)
C            3.23266119569490        1.15085031054215        0.01871339086598
N            2.29004163353592        0.07444939171301       -0.00011454666207
C            2.57632457842248       -1.22048019427651       -0.00813235310721
N            1.43885344675673       -1.92778662961767       -0.00839727156070
C            0.34779177344632       -1.05004862673834       -0.00019199155150
C            0.92132222841174        0.25008606710160        0.00668549148253
C            0.10576419585999        1.50481599152169       -0.00232623728993
O            0.60404685751674        2.61558988994436       -0.02046190733270
N           -1.20323191440274        1.21708575352696        0.00344938111080
C           -2.19240292095268        2.20371348856659       -0.00228373977892
C           -2.57225132767527       -1.18441184673652        0.01252629319577
O           -3.15435726962434       -0.13002819179260        0.00369142559245
N           -0.92624308141623       -1.51562525311945       -0.00128403398530
C           -1.03509038455451       -2.94416134175917       -0.00895630984795
H            3.72044116829555        1.19117949840861        0.99140929892366
H            3.97668843979113        0.99877514658613       -0.75868511048183
H            2.67998855071156        2.07565066965135       -0.14890768297491
H            3.55342373237482       -1.66637953929634       -0.01548705580990
H           -1.70528905531631        3.17620108852281        0.00486465407583
H           -2.82752941230244        2.07392967617188       -0.87652479340768
H           -2.84035824860235        2.06695151552037        0.86126380192931
H           -1.26061913406931       -3.35470676146526        1.00157456337584
H           -1.27299475750322       -3.34357327035138       -1.02159980570145
H           -2.63158637784903       -1.49828869785191        0.01701899532566
H            1.33503759755055       -2.94554959317234       -0.01667283848577
25
 energy: -79.637780639477 gnorm: 0.077475793964 xtb: 6.6.1 (8d0f1dd)
C            3.23277075022395        1.15163554423968        0.01874584638442
N            2.28706896246293        0.07433920600831       -0.00009384990675
C            2.57518929778201       -1.21944644068669       -0.00814561646820
N            1.43380435241167       -1.92600980073613       -0.00840548722540
C            0.33533300140155       -1.05491177458434       -0.00021670335759
C            0.91601193009877        0.24234370824610        0.00663278646221
C            0.11414409918321        1.50126268139676       -0.00238290212934
O            0.60522645543243        2.61776666453265       -0.02049667174933
N           -1.19823417483796        1.21802871727375        0.00350584348125
C           -2.19545123075556        2.20946560647880       -0.00225104661949
C           -2.57276033061888       -1.19692780975517        0.01237898200408
O           -3.14153693883425       -0.12908214746513        0.00355506394450
N           -0.92361053427973       -1.50795710196179       -0.00126284069818
C           -1.03976750653832       -2.93359999712381       -0.00878210658557
H            3.72114607434980        1.19193309667040        0.99160253672952
H            3.97746290837045        0.99959310821741       -0.75884657164142
H            2.68081876762207        2.07632018830009       -0.14888012704073
H            3.55374357871448       -1.66506169478120       -0.01548115864610
H           -1.70669447060074        3.17945383170007        0.00486308082658
H           -2.82777645762355        2.07481484597970       -0.87771011905432
H           -2.84064338729447        2.06787451192613        0.86246297391806
H           -1.25877038161726       -3.35554946574485        0.99221452311624
H           -1.27108550666658       -3.34449095104174       -1.01238333936994
H           -2.63078079572409       -1.51149656080149        0.01720747973601
H            1.33482305143807       -2.94205942468754       -0.01665895821050
25
 energy: -79.640065158988 gnorm: 0.100043079273 xtb: 6.6.1 (8d0f1dd)
C            3.23243831613463        1.15238843748752        0.01880064646394
N            2.28170587369398        0.07405903937428       -0.00006252983346
C            2.57277300499416       -1.21835481981264       -0.00816077504220
N            1.42639860872372       -1.92369562730236       -0.00841060495724
C            0.32796341063115       -1.05651351339280       -0.00024144497928
C            0.90899709473748        0.23258397569480        0.00654045151456
C            0.12008137336833        1.49588636350742       -0.00244934074651
O            0.60809487820516        2.62085047018258       -0.02057433251545
N           -1.18966161601191        1.22367177646309        0.00356682494713
C           -2.19522058061565        2.21432539167972       -0.00219700438681
C           -2.57632650799902       -1.21157152540889        0.01244042990879
O           -3.12531333653349       -0.12946500710058        0.00332392679744
N           -0.92293010395230       -1.50242051301553       -0.00125999648016
C           -1.04383220284515       -2.92387785701345       -0.00870937277956
H            3.72213130298931        1.19296621217874        0.99179372580368
H            3.97845399945326        1.00070177104054       -0.75901518324465
H            2.68206528242620        2.07747291603662       -0.14886539292662
H            3.55372020454474       -1.66313152501104       -0.01546834734601
H           -1.70881343397532        3.18474923598262        0.00484469105259
H           -2.82797310751942        2.07604525015406       -0.87944434423564
H           -2.84090049709430        2.06916813820851        0.86421339565586
H           -1.25642784627652       -3.35715288637791        0.97858965653845
H           -1.26860441159967       -3.34618556974263       -0.99883379708283
H           -2.63296113612886       -1.52674251253700        0.01738314154100
H            1.33457294474950       -2.93751907967567       -0.01663280576702
25
 energy: 77.333825465471 gnorm: 8697.945667076541 xtb: 6.6.1 (8d0f1dd)
C            3.21689305814560        1.15277426840162        0.01910618484779
N            2.25686373928593        0.07712639271109        0.00020200673407
C            2.54882941659587       -1.21273503574455       -0.00824861109640
N            1.40710994587939       -1.91882160448191       -0.00864551828491
C            0.31561430640618       -1.05728491279499       -0.00028611295544
C            0.88762804197252        0.22902235516856        0.00629242482533
C            0.12695886077167        1.50059068328947       -0.00313086475139
O            0.64150401725819        2.61503221632230       -0.02147747525982
N           -1.17800013651248        1.25050319097293        0.00411001650462
C           -2.17435774639284        2.24007762998810       -0.00187913478900
C           -2.59768946167890       -1.32790883649868        0.01621554030981
O           -3.12392319319951       -0.21692930830457        0.00133456085155
N           -0.93450921223078       -1.54330027238248       -0.00060927323629
C           -1.00477736427224       -2.95946417710171       -0.00939146714936
H            3.71587121703256        1.19492122645705        0.98847187527776
H            3.96808951354763        1.00256862052679       -0.75572413128160
H            2.68469928398083        2.08882290043708       -0.14822394870206
H            3.53229175748675       -1.64962786362620       -0.01533149462998
H           -1.71632649288312        3.22907028748109        0.00441968366040
H           -2.81063889068457        2.09732279240645       -0.88011053479617
H           -2.82370479677061        2.09158739147953        0.86559315744916
H           -1.24281760592808       -3.40237125082359        0.94778469131997
H           -1.25503455995756       -3.39066119932229       -0.96897925105590
H           -2.60036652713237       -1.34226379958828        0.01639081154592
H            1.32022434337995       -2.92981315337281       -0.01671151743800
