72
 energy: -99.334105230492 gnorm: 0.104405429030 xtb: 6.6.1 (8d0f1dd)
N           -1.92345719008170        2.97879958805782        2.12506715087823
C           -1.89560987116689        2.18174361139948        1.16539152838302
C           -3.03279356933666        1.94086880021445        0.20731922863532
C           -3.47203734036347        0.48528596111386        0.29129274093980
C           -4.37840913229708       -0.02595908606662       -0.63907290827432
C           -4.82871121374998       -1.33358783117387       -0.56991198004899
O           -5.72874054708587       -1.89389198466648       -1.40478477189685
C           -6.40034964131435       -1.08150585985410       -2.33916584216270
C           -4.33407504398424       -2.19168669423413        0.44887787156268
O           -4.81050208971557       -3.45238593306951        0.42569980173505
C           -4.45812782405706       -4.33995466959558        1.46039119080004
C           -3.43426033934846       -1.67959274755501        1.36924969858233
C           -3.01783526317434       -0.35609428430859        1.29518779145426
C           -2.43123610025055        2.23626495385696       -1.19339324172330
C           -1.46760645706670        1.15421489225302       -1.71215568724460
C           -0.15541578205253        1.13465265726014       -1.02479749868873
N            0.49959227779395        0.04148463494049       -0.64903628044863
C            1.87877146317533        0.11731966827806       -0.22753788300845
C            2.84062135644225       -0.33309215009338       -1.34444309341014
C            4.26539275499487       -0.14165022268585       -0.90531515877620
C            4.91243280753761        1.06433415067654       -1.12006731860732
C            6.21802219884779        1.25560140971569       -0.69531808141242
C            6.90361091349087        0.24218724828550       -0.04104286728620
O            8.16843323888941        0.31586934343902        0.41259112498090
C            8.90191605657776        1.50251028758479        0.21364525670701
C            6.24724341799803       -0.99927204989712        0.18569181811016
O            6.98632360074802       -1.93004367307940        0.82175348653156
C            6.43483486131205       -3.20227249683087        1.06297400788599
C            4.94069208189066       -1.16603280148096       -0.24593604410041
C           -0.09097594551719       -1.27257758871120       -0.73587974235162
C           -4.27523420821419        2.83488758279497        0.48283425642230
C           -4.80346406980948        2.50628514966105        2.01252786341139
C           -3.98481112534927        4.32873091221451        0.43288537524224
H           -4.75561642746921        0.61552330068231       -1.41768544275026
H           -6.90635269748299       -0.24434669334588       -1.84923513712075
H           -7.14167098866316       -1.72645114808849       -2.80675828501692
H           -5.71886106803478       -0.70163649269219       -3.10715342833232
H           -4.73509514469289       -3.94312618578994        2.44141539555916
H           -5.02187564960251       -5.25065899297371        1.26728229086685
H           -3.38757997811349       -4.56825376754384        1.44723902052873
H           -3.05894056298446       -2.29998708607226        2.16684134014419
H           -2.34968757535287        0.01864088500407        2.05491243316692
H           -3.24386989944079        2.33155141815539       -1.91375789965217
H           -1.91102548563650        3.19478142478472       -1.15693026993115
H           -1.95733560880598        0.18260605876971       -1.67215082558090
H           -1.27393931362130        1.38581915340204       -2.76786607191757
H           -0.99591790379748        1.60725534633945        0.86876047888964
H            0.38759447562640        2.06655464706904       -0.96451378905487
H            2.02086096243201       -0.51594133837730        0.65259250596573
H            2.11660547362593        1.14610924498979        0.05005122670022
H            2.64434646800529        0.26438921365410       -2.23642614818916
H            2.65894359180695       -1.38148560246130       -1.58354962726290
H            4.40525592666147        1.86578824497535       -1.63546899315598
H            6.69699839915420        2.20208292244283       -0.88466985481766
H            8.43239867698021        2.35301929167282        0.71729463400147
H            9.01935498276824        1.72691036577402       -0.85075115650701
H            9.88008562087285        1.31828660824149        0.65357576881291
H            7.21754786692068       -3.77010599835008        1.56217260894986
H            5.55910167046852       -3.14294070339874        1.71734777182822
H            6.16240677964031       -3.70527444867617        0.12988308014597
H            4.43724020928982       -2.10647761255074       -0.08499746823425
H           -0.20933745532877       -1.58603367498329       -1.77539375322781
H           -1.07001124945922       -1.28337333962422       -0.25142644225100
H            0.55284398591643       -1.98754783532809       -0.22973463857526
H           -4.96874643291884        2.65881945482397       -0.69694148641721
H           -5.09427746653800        1.45959069964791        2.03220703141443
H           -5.70504629735653        3.09803050087289        2.14642068281325
H           -4.19495865109920        2.65831999039066        3.11521681477614
H           -3.25329305575920        4.59463644026794        1.19099640999097
H           -3.62497370331151        4.64434556834111       -0.54316752738138
H           -4.90102709966365        4.87357886132938        0.64149646081666
H           -1.07986405380124        3.08970002268184        2.67861533978262
72
 energy: -99.384354374255 gnorm: 0.089141177306 xtb: 6.6.1 (8d0f1dd)
N           -1.91839091411761        2.97738839879243        2.12598412800239
C           -1.88665246015076        2.17907481129629        1.16762430653718
C           -3.01903453350096        1.93710408477058        0.20987430304481
C           -3.46974561439902        0.48488753997745        0.29260503365179
C           -4.37768627116449       -0.02505875759467       -0.63786456664774
C           -4.82848558024859       -1.33294407124601       -0.56951668799978
O           -5.72797054911199       -1.89324625301383       -1.40488850620761
C           -6.39970952994979       -1.08128218676390       -2.33942733371115
C           -4.33427352526991       -2.19165714362829        0.44909882313559
O           -4.81148221208120       -3.45220801541502        0.42601405198738
C           -4.45817404417476       -4.33985121757698        1.46063224773896
C           -3.43408267105139       -1.68018491431074        1.36964453304578
C           -3.01655286995186       -0.35712039391250        1.29595047844590
C           -2.42938039624553        2.23609928605031       -1.19409491104322
C           -1.46707490472686        1.15378264819818       -1.71340391759000
C           -0.15548199632089        1.13447625036484       -1.02548205785625
N            0.49949948033454        0.04136272945652       -0.64974977562203
C            1.87854361266574        0.11742066908666       -0.22776952505993
C            2.84060397948452       -0.33300575655594       -1.34450692889134
C            4.26536454131929       -0.14157787832379       -0.90534279729541
C            4.91235131029497        1.06445633930373       -1.11999825720821
C            6.21793335316086        1.25567961376559       -0.69526375913196
C            6.90347949796279        0.24222128470557       -0.04105202170338
O            8.16837062193084        0.31581065038090        0.41255711894688
C            8.90191534252001        1.50242980273514        0.21361262607384
C            6.24713173514194       -0.99924150398177        0.18571733716367
O            6.98624167248978       -1.92993715764231        0.82180587852144
C            6.43482030869690       -3.20223544280236        1.06297731011463
C            4.94061678416491       -1.16598575140847       -0.24596147030112
C           -0.09122308808552       -1.27268599536501       -0.73593452190975
C           -4.22855658484930        2.84959115597769        0.52067974751253
C           -4.86121119038424        2.48907921131789        1.95158410376761
C           -3.97432207861645        4.34145877888256        0.43936196614951
H           -4.75459413394862        0.61669480771472       -1.41664398774014
H           -6.90609276007006       -0.24409631095510       -1.84981239749708
H           -7.14072215098779       -1.72662173802202       -2.80720782760067
H           -5.71820505097223       -0.70130906796260       -3.10735360563953
H           -4.73541032166614       -3.94334064548970        2.44170672012116
H           -5.02122275636697       -5.25092123610576        1.26753173375922
H           -3.38731701052489       -4.56729091768861        1.44739212265663
H           -3.05924945943371       -2.30079091641097        2.16730023647939
H           -2.34820387521355        0.01694374661898        2.05586897986736
H           -3.24510595891392        2.33166984526746       -1.91116644645373
H           -1.91000830484756        3.19475341088687       -1.15787384150624
H           -1.95692314386979        0.18234289454615       -1.67254403794569
H           -1.27406294782521        1.38568302307455       -2.76910123595398
H           -0.98795848869217        1.60529315235188        0.87083495730911
H            0.38768667285093        2.06625023802531       -0.96492365574318
H            2.02085376419637       -0.51565999591858        0.65240586993199
H            2.11629037837942        1.14628317488211        0.04961976533426
H            2.64433724884702        0.26452983521711       -2.23645590450953
H            2.65886533361338       -1.38136423364479       -1.58370000644129
H            4.40503694761298        1.86587021186459       -1.63533850537928
H            6.69698496337110        2.20212517802926       -0.88460057977931
H            8.43246573886231        2.35294000923905        0.71731003893565
H            9.01933281824302        1.72682649515194       -0.85077792227177
H            9.88008451900704        1.31811300800070        0.65349621736030
H            7.21761678275421       -3.77002002171507        1.56210482136329
H            5.55912027094129       -3.14298389651403        1.71738273056116
H            6.16238771514428       -3.70519170778122        0.12987873724998
H            4.43710938969994       -2.10643024160972       -0.08512071209027
H           -0.20983145677362       -1.58632166078469       -1.77539314491149
H           -1.07023626394619       -1.28324179171792       -0.25129958052924
H            0.55252283746307       -1.98761796033704       -0.22973931766224
H           -4.98606651945777        2.63183703180360       -0.44951654335570
H           -5.11848922593035        1.43807094393718        2.01840607037021
H           -5.73676543074097        3.10089302198675        2.13333074266049
H           -4.18337427430122        2.68144657187566        2.89316222271405
H           -3.24548044133657        4.61290464951427        1.19523712706378
H           -3.62091626041521        4.64692773980572       -0.54253414118362
H           -4.89908552161647        4.87515406324203        0.64319732921850
H           -1.07623925190346        3.08968799660146        2.68073485817522
72
 energy: -99.396265285513 gnorm: 0.117390795202 xtb: 6.6.1 (8d0f1dd)
N           -1.91837483310827        2.97548061687663        2.13040903051804
C           -1.88756404571818        2.17895955142086        1.17052234961459
C           -3.03078894699536        1.94272133816999        0.22283063882310
C           -3.47154594825407        0.48715783691850        0.29617940558439
C           -4.37779330453752       -0.02277471551971       -0.63638893264056
C           -4.82780766311499       -1.33157016090386       -0.56897536723846
O           -5.72645837883239       -1.89218008328885       -1.40465681000329
C           -6.39885680535698       -1.08115224969631       -2.33939792054481
C           -4.33417698145620       -2.19089665398751        0.44974464368594
O           -4.81240198446391       -3.45125777096686        0.42707281948631
C           -4.45802449859994       -4.33932338074336        1.46145998943500
C           -3.43330997318322       -1.67989443145845        1.37016558444016
C           -3.01609959100573       -0.35648088458860        1.29742320478833
C           -2.43791664446024        2.23671532291432       -1.18519843341811
C           -1.47119296346521        1.15628668172596       -1.70876951029839
C           -0.15754280988704        1.13509498157465       -1.02442578070716
N            0.49854628659035        0.04180426282453       -0.65116070563283
C            1.87765941383733        0.11787589103064       -0.22853966223620
C            2.84030263233416       -0.33281312990637       -1.34480369654090
C            4.26510711111212       -0.14148087079893       -0.90553582062049
C            4.91212210597381        1.06460355493946       -1.12025223777558
C            6.21772855756830        1.25580155754669       -0.69567825935488
C            6.90328287658942        0.24231258959856       -0.04150841868371
O            8.16822235377825        0.31580858556464        0.41193547188650
C            8.90192080197428        1.50236050586671        0.21292011696534
C            6.24694194698219       -0.99919770558405        0.18543654390252
O            6.98609232282344       -1.92967638614277        0.82153654123160
C            6.43486986927539       -3.20210134700958        1.06280661773992
C            4.94038613703624       -1.16592060239863       -0.24620648551170
C           -0.09189541084115       -1.27253920462047       -0.73605618683957
C           -4.26347143740751        2.83249854439179        0.53519339232876
C           -4.85168986319876        2.49716070419600        1.89671768563219
C           -3.97676985249402        4.32457720729825        0.45113659336783
H           -4.75473452734850        0.61909259897392       -1.41544031166930
H           -6.90590190170648       -0.24400328470747       -1.85034273383327
H           -7.13944712899045       -1.72716702818799       -2.80715542478391
H           -5.71756064575923       -0.70086573983388       -3.10734190331658
H           -4.73569850693545       -3.94341325657881        2.44263333906419
H           -5.02011353462633       -5.25091146305536        1.26824789118040
H           -3.38682794479684       -4.56563701947541        1.44808732407584
H           -3.05910004341471       -2.30079651975669        2.16798990687232
H           -2.34704856869394        0.01628381991436        2.05748984461070
H           -3.25126347187443        2.33005674295443       -1.90454761374772
H           -1.91641672462903        3.19467517998346       -1.15480310417083
H           -1.95805846107993        0.18329923024237       -1.67060563963821
H           -1.27778664218739        1.38777282053299       -2.76514570201654
H           -0.98704781719181        1.60714508691809        0.87146946367098
H            0.38692145972336        2.06619412368749       -0.96498678484180
H            2.02037570124742       -0.51505487652734        0.65168819775349
H            2.11558320688593        1.14669615723772        0.04880987059691
H            2.64424257370443        0.26464850415150       -2.23683821815795
H            2.65856756444691       -1.38117944746004       -1.58399759371571
H            4.40461843763031        1.86591681759060       -1.63555829246532
H            6.69687863389435        2.20218204808326       -0.88507142933908
H            8.43261347557825        2.35290146190150        0.71666665860372
H            9.01925506879558        1.72669051017481       -0.85147884921581
H            9.88010755044721        1.31791352458066        0.65270323196261
H            7.21783814723114       -3.76974978186223        1.56182012056320
H            5.55927758098265       -3.14292164719571        1.71732474360318
H            6.16238811253619       -3.70505295850087        0.12974595832463
H            4.43684980243688       -2.10636527511978       -0.08542440449629
H           -0.21101167537456       -1.58666023094077       -1.77532906733156
H           -1.07063984251421       -1.28308705787002       -0.25078194573657
H            0.55208207503730       -1.98727627571458       -0.22989813363735
H           -4.90255424497448        2.63926868558065       -0.20794303159389
H           -5.11269612866139        1.44963446460776        1.98067091653980
H           -5.72701007122180        3.10158363298573        2.09315627130776
H           -4.21272399764011        2.68646035907869        2.68486283499108
H           -3.24446018184170        4.60984538826228        1.19937409049213
H           -3.62215847375574        4.62779143146552       -0.53234820718972
H           -4.89615380043301        4.87091698751874        0.64610807801027
H           -1.07416993742289        3.08935165361684        2.68151808988901
72
 energy: -99.405013307067 gnorm: 0.036686090423 xtb: 6.6.1 (8d0f1dd)
N           -1.90970393464745        2.97062875245582        2.13736053890199
C           -1.87487809660358        2.17452983800300        1.17715105096042
C           -3.01723148140466        1.93944348646928        0.23047966052445
C           -3.46703551760343        0.48659749740236        0.30019135479676
C           -4.37591545517775       -0.01958713262647       -0.63273149475383
C           -4.82654685385923       -1.32868356996483       -0.56783530106869
O           -5.72429344545176       -1.88918544123327       -1.40486243905109
C           -6.39702238931454       -1.07951926597989       -2.34051625020098
C           -4.33401199237260       -2.18988946085066        0.45002808901112
O           -4.81290699316309       -3.44994242471218        0.42632762918925
C           -4.45840081604592       -4.33869435061363        1.46013518317445
C           -3.43309041909447       -1.68131068837610        1.37142599548866
C           -3.01397406954578       -0.35882845866946        1.30042466351891
C           -2.43808667064523        2.23800715660312       -1.18089686151954
C           -1.47306085985784        1.15747799174821       -1.70690522704468
C           -0.15829941854682        1.13568838304369       -1.02437342219035
N            0.49798726074112        0.04223877327843       -0.65203994757899
C            1.87704531598848        0.11831676202444       -0.22912181363348
C            2.84019684885546       -0.33237260942665       -1.34491508273194
C            4.26487546853014       -0.14118654704153       -0.90505908954044
C            4.91200017687928        1.06491344896484       -1.11945737714919
C            6.21760233530923        1.25598337515395       -0.69477578411523
C            6.90307521205344        0.24232897273833       -0.04074710610264
O            8.16796726294797        0.31561553520382        0.41273924322597
C            8.90187304722486        1.50208572410743        0.21401393684613
C            6.24662789185558       -0.99919163526532        0.18593206021953
O            6.98574183189605       -1.92974804919368        0.82192518430425
C            6.43467339290590       -3.20227186590621        1.06296255171789
C            4.94008105323159       -1.16580095311679       -0.24589530886848
C           -0.09250490371798       -1.27215678037859       -0.73656945102557
C           -4.24947284036241        2.83641628160274        0.53538356822222
C           -4.85800035750403        2.49475607875316        1.89206053103774
C           -3.96371072722704        4.33213444760566        0.46081962891214
H           -4.75157691328510        0.62318330704748       -1.41195400262782
H           -6.90535454912674       -0.24281913042398       -1.85220015493451
H           -7.13674164423112       -1.72657673605552       -2.80824831644811
H           -5.71583057841433       -0.69902452979891       -3.10840004107576
H           -4.73649181783889       -3.94378811705731        2.44161764487040
H           -5.01963998601087       -5.25070234235347        1.26631559984263
H           -3.38708042414102       -4.56420567818047        1.44692646115177
H           -3.05956594446918       -2.30339671881713        2.16844448910043
H           -2.34444180587936        0.01252476069109        2.06057968422501
H           -3.25693285800017        2.33018584921075       -1.89447012188743
H           -1.91779683031168        3.19652541066449       -1.15261579144114
H           -1.95961766751207        0.18426528327398       -1.66913306200580
H           -1.28155475940032        1.39059232535113       -2.76311716304344
H           -0.97308814643637        1.60631208594239        0.87644934628879
H            0.38641292300396        2.06667324460724       -0.96507092197557
H            2.01937151236593       -0.51460593331925        0.65119651014939
H            2.11483091130040        1.14712578822803        0.04840213498229
H            2.64458926106315        0.26517700395151       -2.23698223391286
H            2.65851682816479       -1.38071978392551       -1.58422848168479
H            4.40457428721656        1.86635687826855       -1.63462837742490
H            6.69683202521831        2.20236992452481       -0.88395495031020
H            8.43267342716811        2.35259149889141        0.71791869640092
H            9.01930468724492        1.72661674456446       -0.85033432584079
H            9.88001056420231        1.31739742972715        0.65381467601077
H            7.21770638643701       -3.76991879410838        1.56187771678874
H            5.55907058798106       -3.14331212047518        1.71748781608661
H            6.16227962895880       -3.70506303097191        0.12978793734154
H            4.43655748733924       -2.10630290361424       -0.08542690313360
H           -0.21198146693876       -1.58658269097682       -1.77569327659458
H           -1.07102798072735       -1.28272639023512       -0.25091260901424
H            0.55164784867546       -1.98680639825634       -0.23045836863749
H           -5.05082703810486        2.57899888111667       -0.23887536179250
H           -5.13278549457229        1.44606093889485        1.94573187509406
H           -5.74613474000044        3.09578114517258        2.05547518606151
H           -4.13061194647142        2.71859431753222        2.69205365584102
H           -3.23168198692948        4.62595387740373        1.20597277982863
H           -3.61497609751276        4.62664993170476       -0.52638690291026
H           -4.88736683505515        4.87236046391239        0.65349345559545
H           -1.06635511424605        3.08960045858504        2.68815163015791
72
 energy: -99.406324973522 gnorm: 0.014368269591 xtb: 6.6.1 (8d0f1dd)
N           -1.90848363949532        2.96571403614859        2.14462628437008
C           -1.87553567695820        2.17345917407321        1.18041647336684
C           -3.01810703703372        1.93615964345823        0.23247625822475
C           -3.46342740225047        0.48306058939737        0.30490095354918
C           -4.37400808557244       -0.01963514392507       -0.62740460126680
C           -4.82548511460283       -1.32798703853340       -0.56425634664683
O           -5.72207160864213       -1.88717737009357       -1.40325792524804
C           -6.39270951784379       -1.07737398120866       -2.34034438076311
C           -4.33418870963926       -2.19042113660274        0.45316734759627
O           -4.81432755692684       -3.44978575218794        0.42820950806415
C           -4.45887985172093       -4.33891409684061        1.46120598821499
C           -3.43231451725308       -1.68461306210870        1.37521387047348
C           -3.01086217641070       -0.36294836870490        1.30504683518893
C           -2.44014273053056        2.23868734532403       -1.17710160127806
C           -1.47642275724496        1.15882912731947       -1.70542333946848
C           -0.16039382836106        1.13678946661353       -1.02563021182259
N            0.49627902233838        0.04328444148031       -0.65431759286913
C            1.87531805548454        0.11961852586285       -0.23125974740131
C            2.83930555488794       -0.33164235466773       -1.34609657882730
C            4.26381554346083       -0.14055743454270       -0.90537518138981
C            4.91107142188126        1.06553225283336       -1.11957321525380
C            6.21674289116911        1.25644849308795       -0.69501753390353
C            6.90220326260972        0.24264362075663       -0.04121716307985
O            8.16722920057830        0.31553662929510        0.41193714619267
C            8.90161539765738        1.50169914878700        0.21311493675898
C            6.24560395078319       -0.99879322435073        0.18551426345776
O            6.98490876196370       -1.92928664236442        0.82135211729833
C            6.43432941353506       -3.20199865860599        1.06249037561243
C            4.93898248953701       -1.16527554247407       -0.24625918263666
C           -0.09446313530490       -1.27114667771751       -0.73735157193796
C           -4.25444102593014        2.83161696242618        0.53221298525089
C           -4.86676541002233        2.49211749998428        1.89153863469227
C           -3.96736487006201        4.32719671870167        0.45195328819976
H           -4.74915668677864        0.62553911045149       -1.40491586688599
H           -6.90278577885194       -0.24083933126735       -1.85354654571091
H           -7.13105558545423       -1.72496982930907       -2.80947489176551
H           -5.71031346448477       -0.69652640295387       -3.10703529672875
H           -4.73792593652745       -3.94512345670422        2.44288411815118
H           -5.01850935549857       -5.25158657307514        1.26616821775237
H           -3.38710628022217       -4.56223573562658        1.44794630052913
H           -3.05963616273760       -2.30816062913150        2.17149110736916
H           -2.34022195039243        0.00675098673152        2.06519996529748
H           -3.26343003027721        2.32980275306294       -1.88519237743963
H           -1.92208545784512        3.19830713740655       -1.14839846876661
H           -1.96311632032894        0.18567704920718       -1.66743420206221
H           -1.28842536430070        1.39474345243029       -2.76145344947069
H           -0.97299657663402        1.60771093359316        0.87725315801369
H            0.38455454080865        2.06770221661892       -0.96690569670201
H            2.01715127770750       -0.51276570495639        0.64951690299577
H            2.11293391975195        1.14860939895037        0.04576839089858
H            2.64449948930629        0.26563365018451       -2.23852489858143
H            2.65764046785338       -1.38003337921809       -1.58520384316171
H            4.40367480063955        1.86707027501157       -1.63462004763091
H            6.69611245215649        2.20276289095181       -0.88421511598565
H            8.43292738987227        2.35236934254076        0.71720711761748
H            9.01892285597735        1.72624899968280       -0.85124134013585
H            9.87977385113563        1.31652677954809        0.65267700541628
H            7.21773667374986       -3.76937745734319        1.56113864317694
H            5.55892848636236       -3.14336844551193        1.71730462669097
H            6.16186621021724       -3.70482789441692        0.12936538081698
H            4.43549700219262       -2.10583651039121       -0.08598880535731
H           -0.21508013459579       -1.58638101542708       -1.77609525891275
H           -1.07248507530347       -1.28139347439952       -0.25067094144744
H            0.55016418948479       -1.98547813855282       -0.23139094386777
H           -4.98851070494921        2.60596098364971       -0.26280655321734
H           -5.14159723290981        1.44224017981734        1.95118048822726
H           -5.75622540561370        3.09349421162935        2.05390603857147
H           -4.13811921321879        2.72226970544371        2.68130113035749
H           -3.23426578374759        4.61216736181947        1.19927156508348
H           -3.61073399179749        4.62178990075325       -0.53196581372529
H           -4.88565808648976        4.87482558809128        0.64931999175351
H           -1.06343774533926        3.08400340258800        2.69395395871679
72
 energy: -99.406148038387 gnorm: 0.023255506777 xtb: 6.6.1 (8d0f1dd)
N           -1.90650239813246        2.95892272851356        2.15481356132032
C           -1.87301202809370        2.17244684545512        1.18533332856181
C           -3.01477787061796        1.93394140133914        0.23523414680927
C           -3.45828550031007        0.48100510366251        0.31170375953968
C           -4.37029163374842       -0.01857479919710       -0.62051523955016
C           -4.82314783156180       -1.32614410444812       -0.55956047731887
O           -5.71826984695467       -1.88373065903023       -1.40103639952066
C           -6.38554509404334       -1.07367074124763       -2.34031798958420
C           -4.33395061836480       -2.19010429217537        0.45750095586916
O           -4.81602944710343       -3.44863692638342        0.43093809925732
C           -4.45963349399133       -4.33920780253333        1.46227918420693
C           -3.43097526134882       -1.68734367255105        1.38026634980529
C           -3.00649473616148       -0.36643334282254        1.31132559359294
C           -2.44035776425482        2.23827307185402       -1.17356042000066
C           -1.47883803428619        1.15990626373214       -1.70652508903358
C           -0.16205287561226        1.13795600793685       -1.02902908898967
N            0.49455304560143        0.04451316919875       -0.65809935809192
C            1.87327286413688        0.12133833402018       -0.23414658497063
C            2.83823576540031       -0.33069353919578       -1.34776228432248
C            4.26241837282258       -0.13967253669575       -0.90576537080698
C            4.90977323161135        1.06650170498399       -1.11940636615174
C            6.21547071903158        1.25720791440658       -0.69484426136736
C            6.90086656647565        0.24308769505620       -0.04147026369579
O            8.16604113405220        0.31533852984800        0.41129731506181
C            8.90115031959402        1.50105221135037        0.21244802215499
C            6.24405588719460       -0.99828344200517        0.18512065083620
O            6.98353032248255       -1.92874166842311        0.82073003727913
C            6.43356146447133       -3.20173527575390        1.06177170836009
C            4.93741871883338       -1.16458693403466       -0.24675026677665
C           -0.09698868743141       -1.26974365507498       -0.73876624551298
C           -4.25665572264558        2.83095622498371        0.51794271586922
C           -4.86043824903123        2.49997741690566        1.87793168629274
C           -3.95973296708401        4.32665929757708        0.44367522357628
H           -4.74447546259217        0.62879229415999       -1.39656955874884
H           -6.89797547993808       -0.23732619480961       -1.85563637885763
H           -7.12183564384355       -1.72175666588711       -2.81203300683622
H           -5.70076978918886       -0.69236206472753       -3.10472388632873
H           -4.74033850273170       -3.94778644747974        2.44444433234128
H           -5.01699909938934       -5.25270909701200        1.26490431775915
H           -3.38729524452160       -4.55978570049353        1.44922000147995
H           -3.05959425065711       -2.31279370714627        2.17568250604451
H           -2.33361773229575        0.00045797982787        2.07100754033587
H           -3.26852864052287        2.32910629567123       -1.87561613192164
H           -1.92400904106023        3.19857272464324       -1.14512413673456
H           -1.96588001312285        0.18700028734422       -1.66811050025937
H           -1.29463134420243        1.39885938134721       -2.76235951756630
H           -0.96870853707705        1.61011259102519        0.88047756907845
H            0.38304982156844        2.06882463923347       -0.97080975319173
H            2.01425042396616       -0.51012452520029        0.64741880642503
H            2.11048505784413        1.15068218063217        0.04197359980470
H            2.64457597115201        0.26624884342385       -2.24067717222604
H            2.65656918466754       -1.37912932440089       -1.58663027161039
H            4.40240269275744        1.86824721100470       -1.63416091164309
H            6.69501038026339        2.20348130516306       -0.88384048435790
H            8.43322190549095        2.35193418870909        0.71687158223641
H            9.01828575491552        1.72570935488611       -0.85190160873355
H            9.87932409918784        1.31509239770909        0.65165908451905
H            7.21744257259257       -3.76882886637089        1.56001840446178
H            5.55839225023102       -3.14363958773066        1.71692733967991
H            6.16103364287406       -3.70448534703895        0.12863419681036
H            4.43392350661384       -2.10520647363833       -0.08678522007668
H           -0.21922082121287       -1.58616145829988       -1.77695708538040
H           -1.07438442036551       -1.27901611470645       -0.25074022743603
H            0.54797653377598       -1.98376080111434       -0.23282208518077
H           -5.00081157170793        2.58569670247444       -0.23695707179400
H           -5.13735239575362        1.45046345698621        1.93966227010994
H           -5.75457364352622        3.09628539994364        2.03515069141849
H           -4.18777078119991        2.71003335570893        2.67276240004578
H           -3.22361602018326        4.60419541784798        1.19150101808677
H           -3.60112528851453        4.62182520929787       -0.53863343404785
H           -4.87331845805276        4.87993599672809        0.64680888571296
H           -1.06096437017240        3.07567415553724        2.70447210648117
72
 energy: -99.406655859045 gnorm: 0.003833145038 xtb: 6.6.1 (8d0f1dd)
N           -1.90916071668341        2.95790258324963        2.15620318163266
C           -1.87438896412072        2.17258538656467        1.18618756663777
C           -3.01523348280345        1.93397173152342        0.23596075511890
C           -3.45884974738033        0.48105605023044        0.31216953906122
C           -4.37049198712633       -0.01906708602623       -0.62025782696747
C           -4.82308194982155       -1.32673273688673       -0.55940033877623
O           -5.71812780767161       -1.88409727023078       -1.40105948087151
C           -6.38406673952614       -1.07332517441618       -2.34065834450237
C           -4.33394676261624       -2.19051673795486        0.45779436851878
O           -4.81623069766150       -3.44901753485731        0.43141840672241
C           -4.45981885306016       -4.33992795140439        1.46246811756510
C           -3.43086741654159       -1.68747351556543        1.38033481526570
C           -3.00633604147911       -0.36651136782763        1.31125616430073
C           -2.44051293467916        2.23705027780101       -1.17344225341073
C           -1.47860220183757        1.15969443938402       -1.70776880651331
C           -0.16200317532691        1.13798308663528       -1.03011945239526
N            0.49446790691258        0.04465824151963       -0.65880210324344
C            1.87305726875628        0.12162685581252       -0.23453855694104
C            2.83807985587422       -0.33051310104162       -1.34802092301620
C            4.26219016479440       -0.13949739992392       -0.90584270749642
C            4.90951827775874        1.06673749993833       -1.11922511551218
C            6.21517399739319        1.25741375861124       -0.69452380445843
C            6.90052834618822        0.24318428674110       -0.04127548520550
O            8.16570101856458        0.31528658454276        0.41149420522980
C            8.90095284811530        1.50091093210486        0.21267505138804
C            6.24368138693716       -0.99819915657452        0.18515545761808
O            6.98311671883709       -1.92870137549711        0.82073275985538
C            6.43317601162677       -3.20173577173371        1.06160709420378
C            4.93709737085894       -1.16447232236426       -0.24684882224785
C           -0.09729693128613       -1.26948844000336       -0.73915994695513
C           -4.25632945095737        2.83001880796610        0.52257516867333
C           -4.86899509617727        2.49807306044830        1.88092670410093
C           -3.95939560508694        4.32511931406945        0.44505944517144
H           -4.74477417268135        0.62813151879158       -1.39633521415242
H           -6.89649334572630       -0.23692663557102       -1.85606604769159
H           -7.12014136539764       -1.72078107702964       -2.81353723297439
H           -5.69813999925172       -0.69193268143533       -3.10400655111848
H           -4.74093704616426       -3.94905577444887        2.44473117838308
H           -5.01685469223191       -5.25352589636925        1.26458713512322
H           -3.38743418723793       -4.56024271021938        1.44963361313387
H           -3.05956972187363       -2.31275257102011        2.17591172245050
H           -2.33326696488127        0.00036648935301        2.07074456079758
H           -3.26747773563674        2.32872423653844       -1.87682757642514
H           -1.92363114210014        3.19700760690439       -1.14475063204912
H           -1.96529371250232        0.18663229264338       -1.66982986470029
H           -1.29410384402773        1.39880088516105       -2.76352745209021
H           -0.96967609103971        1.61118425363797        0.88079858064964
H            0.38287892524325        2.06895700390645       -0.97179397044064
H            2.01394805893163       -0.50965422215547        0.64716908803314
H            2.11014623903740        1.15105424331473        0.04137707259905
H            2.64456745193027        0.26638582876109       -2.24099911236544
H            2.65640178852728       -1.37895214214608       -1.58686361337594
H            4.40216558804465        1.86856496207048       -1.63387599168045
H            6.69471290015752        2.20372713719456       -0.88332940216354
H            8.43318094058224        2.35182837811617        0.71718197212337
H            9.01804754756427        1.72561754358285       -0.85166911160425
H            9.87912711633911        1.31477035547403        0.65180973582207
H            7.21708155081681       -3.76885702713551        1.55978425042701
H            5.55800220873690       -3.14375564391590        1.71676683373469
H            6.16066062734583       -3.70438913671632        0.12841295723216
H            4.43356606914683       -2.10508720000025       -0.08695500136975
H           -0.21983000932883       -1.58597696350587       -1.77728879628151
H           -1.07459769373254       -1.27845339436964       -0.25092132236868
H            0.54763984918566       -1.98355082529643       -0.23326001799032
H           -4.99619568176292        2.58859776393022       -0.24344308428031
H           -5.14438445497330        1.44774501844840        1.94178793089383
H           -5.76343506709274        3.09533081168077        2.03540012105456
H           -4.15908126229517        2.72569220191101        2.67142170253186
H           -3.22283712787395        4.60431553886471        1.19189090829599
H           -3.60273615469416        4.61858978278784       -0.53866166416003
H           -4.87355235824923        4.87792312033629        0.64616771019986
H           -1.06417204460983        3.07409049559101        2.70655459584476
72
 energy: -99.406687976460 gnorm: 0.002721570110 xtb: 6.6.1 (8d0f1dd)
N           -1.91148965842532        2.95357247438452        2.16101696163913
C           -1.87418289088594        2.17203898728124        1.18806033825787
C           -3.01334461841935        1.93266054218653        0.23666184623023
C           -3.45718764942033        0.47997266788196        0.31412463359063
C           -4.36936795622593       -0.01970369925558       -0.61803758372547
C           -4.82234120348920       -1.32714496153209       -0.55760282843394
O           -5.71700388418886       -1.88373251582825       -1.40011676137060
C           -6.37992769176097       -1.07204025798174       -2.34105090584386
C           -4.33386175938046       -2.19108682404700        0.45972802725246
O           -4.81704765848031       -3.44925631205810        0.43334299942409
C           -4.46021319760861       -4.34094439473447        1.46355910594181
C           -3.43029835064511       -1.68853040979613        1.38208378866165
C           -3.00452308118441       -0.36790529191509        1.31280244373661
C           -2.44016480131475        2.23603944418393       -1.17317361261707
C           -1.47911405419935        1.15927949428225       -1.70950705530758
C           -0.16222757088402        1.13796202180645       -1.03279292268711
N            0.49399706390370        0.04491338839877       -0.66070343430176
C            1.87234221187334        0.12232282816761       -0.23591886447771
C            2.83763196881758       -0.33016341161283       -1.34894805081369
C            4.26156370419731       -0.13910858089453       -0.90627658381712
C            4.90881712759182        1.06725728378247       -1.11915931369033
C            6.21440921155673        1.25788647289304       -0.69424653596903
C            6.89971285142699        0.24345335606950       -0.04126277806328
O            8.16492156999726        0.31522909648728        0.41140147459457
C            8.90053693626984        1.50060397004431        0.21248908373116
C            6.24279169114625       -0.99793434783596        0.18496393193814
O            6.98219562604840       -1.92845767701028        0.82050655403016
C            6.43239473681771       -3.20159213156652        1.06115070554816
C            4.93629889786975       -1.16417101214187       -0.24727653447755
C           -0.09827006040532       -1.26904750899378       -0.73988087230514
C           -4.25249236118180        2.83018217871312        0.52447626900116
C           -4.87092366853073        2.49927677830957        1.88280974493585
C           -3.95782350499641        4.32477607760447        0.44183958873562
H           -4.74346501264553        0.62798073858636       -1.39372656704165
H           -6.89311353048549       -0.23557238783113       -1.85736568797075
H           -7.11507049802783       -1.71875307538129       -2.81634207336066
H           -5.69159951959177       -0.69053792627340       -3.10222609529080
H           -4.74232585071757       -3.95148906386100        2.44610688280501
H           -5.01614603955278       -5.25492123331789        1.26433923680491
H           -3.38759494567720       -4.56008910501597        1.45106734966135
H           -3.05946277425870       -2.31403347597312        2.17769345763284
H           -2.33079232863638       -0.00172226204045        2.07202840981224
H           -3.26773637129752        2.32869717631198       -1.87573616486777
H           -1.92296276119087        3.19577549304833       -1.14416637699512
H           -1.96552903462823        0.18607244602269       -1.67195545579167
H           -1.29570098372721        1.39950127611415       -2.76514245777158
H           -0.96829047852092        1.61313172874677        0.88170227681400
H            0.38239094208381        2.06909146631469       -0.97469583551431
H            2.01302303200374       -0.50838989588408        0.64621188721953
H            2.10911463799483        1.15199226183004        0.03938454761540
H            2.64450066211040        0.26654922772655       -2.24213917741250
H            2.65593523433558       -1.37863317036675       -1.58761920132778
H            4.40146423671920        1.86921902854552       -1.63361068119569
H            6.69395129152568        2.20426609427957       -0.88272415849457
H            8.43320747526611        2.35165663921893        0.71717118994283
H            9.01745065937793        1.72533738730121       -0.85187010592333
H            9.87874620307820        1.31404378010091        0.65137086227132
H            7.21642418632053       -3.76870819601438        1.55914138645787
H            5.55727036015978       -3.14385360937300        1.71639630543043
H            6.15985459044284       -3.70409016288555        0.12788141343496
H            4.43272459243815       -2.10479438550724       -0.08754149898641
H           -0.22174085620909       -1.58600061820360       -1.77775277724422
H           -1.07523736239263       -1.27730200429999       -0.25092087656797
H            0.54676830564893       -1.98306054295972       -0.23408419597015
H           -4.99355787315991        2.59577766455610       -0.25178210380920
H           -5.14545735381014        1.44891157673678        1.94483066050541
H           -5.76560416585668        3.09710988549261        2.03295109437893
H           -4.16937476744883        2.72732346206211        2.67876877606822
H           -3.21965063651835        4.60364023103476        1.18710144541992
H           -3.60304862613456        4.61638488687298       -0.54314564707977
H           -4.87137338513321        4.87809684763904        0.64391627219969
H           -1.06728363277537        3.06892361387375        2.71268566739165
