72
 energy: -99.198749954566 gnorm: 0.003742552238 xtb: 6.6.1 (8d0f1dd)
N           -1.94916444388232        2.91182308603837        1.97526263356746
C           -2.12500570350750        2.00572931678971        1.12928964437080
C           -3.05919816050694        2.11986688739258       -0.04043368874353
C           -3.98664026651519        0.89641917145113       -0.05889005814628
C           -4.70365443268180        0.61716224486946       -1.11418009449753
C           -5.09336499784266       -3.18273569200288        0.08962630188958
O           -6.17844245448799       -3.57875197019938        0.68278787050936
C           -7.27168500698711       -2.68197226677110        0.86091050618569
C           -4.28429006522340       -2.12475051323634        0.13189662393097
O           -3.28928309244776       -1.93743066426191       -0.79267777020739
C           -3.41992822784995       -2.71491511370345       -1.96525149665598
C           -4.26299803147806       -1.19925575010421        1.27728152472303
C           -4.08276510349363        0.12293755177802        1.19001024343055
C           -2.21179593168901        2.07841739098399       -1.33416163181905
C           -1.40807365855765        0.78658952433685       -1.51126746439648
C           -0.15497477935861        0.77375683644435       -0.72893649421567
N            0.51262041428074       -0.31654652049725       -0.38382172996279
C            1.86913666793532       -0.21946795416116        0.10419101466835
C            2.88123489353474       -0.41574828764052       -1.04227936016224
C            4.28762716007371       -0.19703731074518       -0.56035727290557
C            4.84920124409710        1.06930255403952       -0.57800530691813
C            6.14923110657004        1.27576951037234       -0.14371063046912
C            6.91478361886610        0.21696998014178        0.32314464760485
O            8.18793307572387        0.29784087519295        0.75241546336791
C            8.85055898881438        1.54051545588287        0.70701472011051
C            6.34160171499932       -1.08412172903252        0.36004763908148
O            7.15205851472271       -2.05378720316268        0.82981723665933
C            6.68661233962262       -3.38121374992036        0.87375599000374
C            5.03978251446919       -1.26607869519524       -0.07932775699241
C            0.02287082700390       -1.63540305872726       -0.70135933907150
C           -3.94762131148771        3.39587748345535       -0.03816502516049
C           -4.86724267341793        3.43737415182929        1.18081130379746
C           -3.15183732630488        4.69552433314635       -0.11807301395309
H           -5.45474495160840       -0.08161493013567       -1.39779390441419
H           -6.92566385157160       -1.71263574060516        1.22703599472966
H           -7.93858397060682       -3.14852633511042        1.58352779549357
H           -7.80290599677748       -2.54614063260243       -0.08451647152729
H           -3.53624288695202       -3.77026089601124       -1.70060450785562
H           -4.28744433340613       -2.39994273940486       -2.54950279388251
H           -2.51133104717459       -2.56766967862477       -2.54579780926283
H           -4.42816764577729       -1.65730176056051        2.24299854245201
H           -4.04504106912041        0.70820384454672        2.09984239082971
H           -2.90690378967351        2.17235413636165       -2.16961930707944
H           -1.53338851465603        2.93101272932802       -1.35096010162696
H           -2.04003391756585       -0.07290238779106       -1.27990980644039
H           -1.13948813782638        0.69968476315569       -2.57346138460184
H           -1.59601807160192        1.03746528541871        1.15647612471140
H            0.31199790475085        1.71840376502831       -0.49234502120721
H            2.03208034502375       -0.97849798140023        0.87265819696242
H            2.02337787207049        0.76367428601983        0.55261437167193
H            2.64946679627527        0.30036827680037       -1.83323854061263
H            2.77964799948029       -1.42336354869070       -1.44716605934471
H            4.28009586114508        1.90844539444093       -0.94850333394654
H            6.56211382557486        2.27041167113479       -0.18093219030075
H            8.36599486579068        2.27742605474903        1.35473774433530
H            8.90246047745290        1.92915350952767       -0.31450787419519
H            9.85777649076213        1.34766842604551        1.07122716346600
H            7.51529678860091       -3.96816361807205        1.26505454429679
H            5.82517508676658       -3.48314727135177        1.54167914889576
H            6.42323454425056       -3.74783770830165       -0.12334855784272
H            4.60160194254950       -2.25184355300475       -0.06782195266311
H            0.10042185861295       -1.83496477735878       -1.77300938757237
H           -1.02292618767128       -1.73516436444124       -0.40888190225170
H            0.60847954248896       -2.37763707671452       -0.16435999063915
H           -4.57794911012267        3.31777460769701       -0.93289952687596
H           -4.27936906807569        3.50080861019026        2.09208628696405
H           -5.50683168879777        2.55872168179313        1.22217316841257
H           -5.50638888495227        4.31450862598516        1.12551284944008
H           -2.46346246313452        4.76561004361379        0.71861441167264
H           -2.59954109816391        4.77849395613623       -1.05013604796566
H           -3.83912956442036        5.53645833201696       -0.06817541996584
H           -1.28843776838984        2.73244664774041        2.72515277088401
