25
 energy: -42.101389129553 gnorm: 0.036501200452 xtb: 6.6.1 (8d0f1dd)
C            3.06580806193515        1.82765671097902        0.03633475130612
N            2.44473281550331        0.54919706394694        0.00790925235756
C            2.31812673070200       -3.10175824114559       -0.05880334372141
N            1.22211371994537       -2.41720192570022       -0.01523024730854
C            0.63551926500379       -1.12596335825373       -0.00663362635753
C            1.18803134704371        0.21071662536399       -0.00026925022868
C            0.19082052264891        1.35155985690434       -0.00836521052697
O            0.53800410297214        2.51721257228600       -0.02113788267973
N           -1.14247189797127        1.05288319333073       -0.00149895904206
C           -2.11394733290838        2.13644662825892       -0.00222015168746
C           -1.66493898355773       -0.21348669857860        0.00826451033868
O           -2.85937676183258       -0.39577094281453        0.01939676088593
N           -0.75406559332033       -1.26399885325139        0.00234076214989
C           -1.41908603914002       -2.56646984138568        0.00200163513898
H            3.51483376623356        1.96489077392696        1.02481815497287
H            3.87186480322911        1.80574226904581       -0.70330600950028
H            2.37883151547514        2.65501024203289       -0.17446778413258
H            3.30560536721353       -2.65788805754780       -0.09452944161358
H           -1.58125943080646        3.08481664456461        0.00662043542494
H           -2.74265430392302        2.06319346743573       -0.89067988968517
H           -2.75478791609774        2.05202683016791        0.87643650119087
H           -1.20954046011082       -3.14111757246418        0.90870986959004
H           -1.21404308664271       -3.13722427506755       -0.90785121357082
H           -2.49348258186362       -2.35776423457266        0.00635386383852
H            0.43579388436880       -3.07447033586196        0.01697813076035
25
 energy: -42.110736855641 gnorm: 0.024768470908 xtb: 6.6.1 (8d0f1dd)
C            3.07923627859046        1.74196915260451        0.03391635628144
N            2.42779612063257        0.49298902699896        0.00704412782179
C            2.37928386587916       -2.97194674023872       -0.05258059064087
N            1.23783162266539       -2.37070305517557       -0.01479924021366
C            0.60528176973029       -1.11512394999894       -0.00607220411660
C            1.16241615951724        0.20415651527610        0.00027960471827
C            0.17929768558858        1.35281105906850       -0.00826742627197
O            0.53410905729111        2.51632585639280       -0.02131652987261
N           -1.15484747439030        1.05547653421508       -0.00157068516487
C           -2.12184617791573        2.14140546262098       -0.00231224148296
C           -1.68354428690720       -0.21019768067577        0.00831186218735
O           -2.87814561533361       -0.38900803967608        0.01939132397462
N           -0.77763298256100       -1.26389270635476        0.00233990031649
C           -1.43071789272841       -2.57093371809681        0.00200404720704
H            3.52439837510494        1.89224417767036        1.02246958145823
H            3.88481324857775        1.72832254418990       -0.70493746900120
H            2.40586147621412        2.58611326676110       -0.17428864711861
H            3.34578589044871       -2.49626811737213       -0.09667821801182
H           -1.58540655318068        3.08761683306654        0.00665007497982
H           -2.74938803262667        2.06819957111720       -0.89137980495894
H           -2.76166100373319        2.05696337372214        0.87685852142299
H           -1.21979611025272       -3.14306192715779        0.90995573582305
H           -1.22276863080748       -3.13972389145141       -0.90842556688701
H           -2.50525435285397       -2.36507423643846        0.00564374882110
H            0.48532907715047       -3.07042076946776        0.01893535662885
25
 energy: -42.119660564260 gnorm: 0.023986888789 xtb: 6.6.1 (8d0f1dd)
C            3.09187857912840        1.62982142410270        0.03100328846692
N            2.40868712706365        0.41504429747434        0.00403086151417
C            2.44693613239346       -2.79064455180578       -0.05773856725119
N            1.24044745818317       -2.31771846961821       -0.00420222951134
C            0.55940284154543       -1.10470164078649       -0.00457690054115
C            1.12902530628892        0.19440115098097       -0.00026497429482
C            0.17042695916296        1.35554784875845       -0.00818813163560
O            0.54233124699560        2.51405643024733       -0.02171480545200
N           -1.16667712219607        1.05979180026090       -0.00185541495683
C           -2.12997944963081        2.14863704042903       -0.00260294663231
C           -1.70769651416137       -0.20438494813364        0.00793270749231
O           -2.90253203756904       -0.37716185876218        0.01903729753540
N           -0.81127606238610       -1.26503439186163        0.00237848303915
C           -1.44240832640732       -2.57804219490317        0.00216699072445
H            3.53812384573884        1.79333570471911        1.01887739900916
H            3.89968120062697        1.62264946783928       -0.70497820024991
H            2.43810774086847        2.49813209340247       -0.17501262064358
H            3.38056899576065       -2.25935849997187       -0.09279908977846
H           -1.59064836848724        3.09300664701337        0.00653599508695
H           -2.75792812578554        2.07743575517121       -0.89152602446357
H           -2.77045400011173        2.06601596490038        0.87625194620431
H           -1.20969192565472       -3.14483654221276        0.90665063534211
H           -1.21113582122918       -3.14253520638954       -0.90391712603774
H           -2.52044577449331       -2.38970907673779        0.00461731866007
H            0.53568760845573       -3.07550970251651        0.02106572627339
25
 energy: -42.124882001013 gnorm: 0.032039204645 xtb: 6.6.1 (8d0f1dd)
C            3.10705576535739        1.54141604974145        0.02802523779796
N            2.39226766547469        0.35218403924268       -0.00250272791131
C            2.50395995183494       -2.63030120198137       -0.02827510943277
N            1.24714600374863       -2.27981239141657       -0.02440732601581
C            0.52242229699154       -1.10116697965378       -0.00752328388500
C            1.10124625811360        0.18805296826656       -0.00108248164283
C            0.16339511069008        1.35751313164038       -0.00722342232972
O            0.54896672498550        2.51139639596535       -0.02122884445376
N           -1.17652481866377        1.06194278231413       -0.00081241889664
C           -2.13689688833982        2.15409042130431       -0.00201921768947
C           -1.72874908336700       -0.20083866222833        0.00951234829119
O           -2.92368430362379       -0.36818152226804        0.02042843985161
N           -0.83985074483692       -1.26914339615648        0.00222512936497
C           -1.45675897991377       -2.58567778493853        0.00137821066680
H            3.55823572052632        1.69732138154822        1.01627195753900
H            3.91656627232975        1.52114517233119       -0.70670605719958
H            2.47074767081419        2.42767762550452       -0.17453260111594
H            3.39280877912955       -2.02063616327831       -0.09235721531202
H           -1.59485502053460        3.09695982494762        0.00700901463844
H           -2.76592748027588        2.08588405228152       -0.89068386831752
H           -2.77892764448276        2.07477603657575        0.87625484320676
H           -1.20995455966487       -3.14875634660340        0.90438410199915
H           -1.21081894839065       -3.14641821808406       -0.90315677724260
H           -2.53684262476209       -2.41527086790798        0.00341682156078
H            0.59540439095957       -3.08591780554683        0.02477686442818
25
 energy: -42.128161376912 gnorm: 0.029030068193 xtb: 6.6.1 (8d0f1dd)
C            3.12455833289519        1.47076371209529        0.02705260969670
N            2.37588783982414        0.30220981492011       -0.00347282392340
C            2.53562229339753       -2.49020057268224       -0.07944908540016
N            1.25921815260651       -2.24876807192523        0.02562707532340
C            0.49443954193821       -1.09947848627489        0.00113749474687
C            1.07827030727130        0.18571272131200       -0.00053674224333
C            0.15704989762268        1.35951368558058       -0.00931072438080
O            0.55270054314069        2.50922026655030       -0.02369497318382
N           -1.18561822951694        1.06279705199577       -0.00331292763731
C           -2.14429681923981        2.15733717298776       -0.00370322589127
C           -1.74639015280994       -0.19878411757203        0.00586121251690
O           -2.94101313081488       -0.36247244036773        0.01645152173723
N           -0.86176075181375       -1.27354891543647        0.00347456572929
C           -1.46699893233541       -2.59338860636797        0.00293210372625
H            3.58181158439514        1.60844904665048        1.01588120360733
H            3.93473340622004        1.42207272506171       -0.70720289259484
H            2.50675508327359        2.36994755216348       -0.17479548041753
H            3.37381273965213       -1.79795765652799       -0.08255057162332
H           -1.60034388973889        3.09923483428568        0.00594920093360
H           -2.77465401866543        2.09228168773417       -0.89198709352503
H           -2.78762708868096        2.08028629601931        0.87421411591275
H           -1.20976903428945       -3.15221969387711        0.90574895463158
H           -1.20426048381537       -3.15200719514126       -0.89855864108480
H           -2.54908313747686       -2.44260829862637        0.00100509132312
H            0.65738746106033       -3.09015397095737        0.02441164992045
25
 energy: -42.130473774084 gnorm: 0.016650109892 xtb: 6.6.1 (8d0f1dd)
C            3.14117562659795        1.42968098830289        0.02395300492518
N            2.36153401048728        0.27529653940630       -0.01378682101540
C            2.54551888951524       -2.39549518856756       -0.02412641630057
N            1.26893529565535       -2.22927218698798       -0.01496319822334
C            0.47836773008689       -1.09871277244489       -0.00720208820468
C            1.06369904803013        0.18716411055897       -0.00426619275347
C            0.15173667451291        1.36121592152429       -0.00783375609913
O            0.55271444317995        2.50789703031043       -0.02195116391996
N           -1.19328797376944        1.06248113965963       -0.00085623218090
C           -2.15116803561685        2.15839452878001       -0.00159134576861
C           -1.75846174931026       -0.19832863479449        0.00854332521774
O           -2.95246341282320       -0.36070531303349        0.01927704720855
N           -0.87470454107650       -1.27727674250157        0.00209925767856
C           -1.47110836624791       -2.60029960440481        0.00061440745627
H            3.60705479873312        1.53498160456813        1.01312193802654
H            3.94853991748096        1.35005349018247       -0.71224716463413
H            2.54161893762603        2.33780755920479       -0.17107576159221
H            3.32740693881063       -1.63725458631535       -0.07620846368050
H           -1.60596964930764        3.09972123013724        0.00791162811793
H           -2.78221032399112        2.09517493126854       -0.88982399550987
H           -2.79554104036544        2.08330711167319        0.87597039306179
H           -1.20096327637540       -3.15743367760620        0.90087050923762
H           -1.19757804901588       -3.15581052388649       -0.89944953560808
H           -2.55485207226520       -2.46651040390115       -0.00019713245173
H            0.71043769354820       -3.08783800953287        0.02438937491221
25
 energy: -42.131204815979 gnorm: 0.011906788665 xtb: 6.6.1 (8d0f1dd)
C            3.15041114533755        1.41868095606237        0.02251844917777
N            2.35195765397055        0.27182139795972       -0.01630118694732
C            2.55813589777287       -2.35154170316816       -0.02655942051071
N            1.27867820088185       -2.22733013716911       -0.01140049884906
C            0.46953627216572       -1.10319337112799       -0.00819138329087
C            1.05681239736848        0.18471569795558       -0.00606777980583
C            0.14712789738131        1.35916763605767       -0.00911819555577
O            0.55014303751032        2.50459825754736       -0.02216275912598
N           -1.19888747569891        1.06076103094577       -0.00110142271638
C           -2.15281696940107        2.16001390906109       -0.00055305350368
C           -1.76580278750835       -0.19948723874064        0.00744639166898
O           -2.95972054476113       -0.36045963247433        0.01856277259088
N           -0.88303305435515       -1.28140436330104        0.00086308295975
C           -1.47709608153760       -2.60530711789601        0.00004003537794
H            3.62373892378689        1.50266301964202        1.00955544473176
H            3.95223014008628        1.32066241965776       -0.71697721942406
H            2.56641700012559        2.33325475630559       -0.16707441068298
H            3.30013132610443       -1.55924903485115       -0.06018734506781
H           -1.60357758030205        3.09923296287055        0.00923761673847
H           -2.78416545544202        2.10002732341600       -0.88872496269695
H           -2.79661167235861        2.08716419402602        0.87753599129724
H           -1.20694418447245       -3.16078322149194        0.90092184527443
H           -1.20237940059353       -3.16026975480252       -0.89952213924538
H           -2.56003912900641       -2.47330925310223       -0.00153240569326
H            0.74618595704525       -3.10219019178236        0.01996417119863
25
 energy: -42.131594204224 gnorm: 0.011850335095 xtb: 6.6.1 (8d0f1dd)
C            3.15646835339215        1.42455732042651        0.02117491512674
N            2.34794905817065        0.28299384099411       -0.01599467286536
C            2.55972447171662       -2.33954031389059       -0.02506350066266
N            1.28297971148974       -2.23514047656793       -0.00650141313926
C            0.46865028498589       -1.10973663767737       -0.00758080585855
C            1.05676167342632        0.18021921531914       -0.00655409793182
C            0.14373910006196        1.35486739163607       -0.00968804610855
O            0.54650906678952        2.49981642129960       -0.02162344937394
N           -1.20249539684267        1.05785423347918       -0.00129183045692
C           -2.15248283351277        2.16025879520158        0.00047728977664
C           -1.76792358707858       -0.20211291875066        0.00580765235266
O           -2.96180372588919       -0.36369477722192        0.01639592193373
N           -0.88456566868700       -1.28470993707820       -0.00051390690834
C           -1.48055280888171       -2.60797988804280       -0.00088479616056
H            3.63783409469245        1.49085318601783        1.00420195278023
H            3.94874531074990        1.31602535829784       -0.72522139801743
H            2.58670851272638        2.34479064314285       -0.16061975143676
H            3.26414719400676       -1.52461420121743       -0.04707453987111
H           -1.59870473548804        3.09695816894395        0.01086646468948
H           -2.78381090940934        2.10419444891171       -0.88776646457328
H           -2.79553020175503        2.08988639437381        0.87910215922919
H           -1.21088018166657       -3.16245511750720        0.90031550764482
H           -1.20454377401087       -3.16364092872853       -0.89925408690677
H           -2.56335967983323       -2.47411567647048       -0.00368902032450
H            0.76686818494648       -3.11729600329102        0.01215153496210
25
 energy: -42.131688737791 gnorm: 0.007931145096 xtb: 6.6.1 (8d0f1dd)
C            3.16099228402472        1.41969189082379        0.01913727491230
N            2.34525547253757        0.28443055980738       -0.01527293404800
C            2.57214716874263       -2.31598664708616       -0.01848159973819
N            1.28342309264976       -2.24223484897685       -0.00692347326833
C            0.46416619258037       -1.11744997534191       -0.00689260111636
C            1.05456472633785        0.17161079097443       -0.00602342693121
C            0.14126740637522        1.34885442137925       -0.00898363753514
O            0.54675957766476        2.49257770016240       -0.02017143881434
N           -1.20521895248806        1.05493796274925       -0.00097490941295
C           -2.15066604206127        2.16106215631229        0.00134962953843
C           -1.77083812090527       -0.20441935312295        0.00471264490306
O           -2.96491766061822       -0.36558220013545        0.01409460902056
N           -0.88851767862947       -1.28839329816700       -0.00167348000506
C           -1.48670801094418       -2.61042726951646       -0.00182275750124
H            3.65232161035170        1.47560984501807        0.99719555175934
H            3.94388867377068        1.30844750166695       -0.73584858016560
H            2.60333418795963        2.34873229898534       -0.15266022600377
H            3.23745443884459       -1.45901924007060       -0.03249759954322
H           -1.59190723237410        3.09495625011624        0.01228779498853
H           -2.78181046810916        2.10909565947268       -0.88711892397393
H           -2.79347457496423        2.09371842199658        0.88022862911511
H           -1.21685089672265       -3.16424320009550        0.89945692634989
H           -1.20930015345456       -3.16682610446552       -0.89906595197179
H           -2.56944400002216       -2.47382031608413       -0.00564053172628
H            0.78451047355368       -3.13708446480208        0.00276062906796
