72
 energy: -99.960337010880 gnorm: 0.169519930158 xtb: 6.6.1 (8d0f1dd)
N           -1.47310948490000        2.74401344020000        2.22063962890000
C           -1.55658908660000        2.16490325710000        1.13274294970000
C           -2.74549250730000        2.05621270340000        0.23826252860000
C           -3.31377614600000        0.64333423480000        0.32332518650000
C           -4.30230235840000        0.24487114700000       -0.58026172470000
C           -4.85238853070000       -1.02286509430000       -0.53363598620000
O           -5.81420080700000       -1.48606061760000       -1.36157907990000
C           -6.39655751930000       -0.60827011470000       -2.29568516900000
C           -4.39972583170000       -1.94646138300000        0.44396937360000
O           -4.98748403830000       -3.16146055820000        0.41085999630000
C           -4.66362214440000       -4.10093903850000        1.40909153890000
C           -3.42072576950000       -1.54561413490000        1.33436571020000
C           -2.88302853110000       -0.26315805280000        1.27400174410000
C           -2.19303838800000        2.30467043070000       -1.18742999140000
C           -1.26651561740000        1.17243391200000       -1.65249460350000
C            0.01082525140000        1.09745474840000       -0.89354820080000
N            0.61779404940000       -0.02034948430000       -0.57705533220000
C            2.00145247490000       -0.02376006830000       -0.15611402500000
C            2.92554988940000       -0.53865292670000       -1.27700112500000
C            4.35756923930000       -0.43050765220000       -0.83075559740000
C            5.07346229610000        0.73206422670000       -1.03980985120000
C            6.38628105150000        0.84224457050000       -0.60344833900000
C            7.00047394670000       -0.20824760200000        0.05722315480000
O            8.26703810540000       -0.21011317000000        0.52410953370000
C            9.06912396130000        0.92943618280000        0.31863063920000
C            6.27040080620000       -1.40439780020000        0.28033471210000
O            6.94830068840000       -2.38012969870000        0.92752016290000
C            6.31537434930000       -3.61583267180000        1.15217733090000
C            4.96302886720000       -1.49347499580000       -0.16064433340000
C           -0.05511212390000       -1.29906271910000       -0.62085697840000
C           -3.86758108790000        3.07992657580000        0.58498071070000
C           -4.49286243030000        2.77383544520000        1.94313325540000
C           -3.39165242810000        4.52917750630000        0.54797533640000
H           -4.66030112940000        0.94509084900000       -1.31640593250000
H           -6.85038055670000        0.25803166980000       -1.80468878800000
H           -7.17287575700000       -1.18600132850000       -2.79318209390000
H           -5.66836922630000       -0.26952971320000       -3.04040311660000
H           -4.88416811300000       -3.71589529470000        2.40913586890000
H           -5.29223668820000       -4.96637550910000        1.20969259350000
H           -3.61139880150000       -4.39919916960000        1.35529382990000
H           -3.07077853590000       -2.21868806880000        2.10002701660000
H           -2.14562794240000        0.02067851080000        2.01001381680000
H           -3.02188931450000        2.38238056520000       -1.88813580090000
H           -1.65198561550000        3.25146761010000       -1.20556306940000
H           -1.81103407850000        0.23006528910000       -1.62116331710000
H           -0.99335706960000        1.37490237710000       -2.69443306970000
H           -0.67628076910000        1.65183917700000        0.61785738610000
H            0.63525852980000        1.98466406620000       -0.92314038320000
H            2.11132591670000       -0.65949705080000        0.72532626690000
H            2.30680515860000        0.98978270070000        0.11078974850000
H            2.76694250160000        0.06750736400000       -2.17075292480000
H            2.67954631090000       -1.57455657020000       -1.51167771570000
H            4.62170084310000        1.56295641050000       -1.56123607970000
H            6.92357803100000        1.75715848550000       -0.79119611400000
H            8.65159273530000        1.81001856910000        0.81701570320000
H            9.20136341880000        1.14042878990000       -0.74699005810000
H           10.03429024200000        0.69003252980000        0.76064952080000
H            7.05567305890000       -4.23621250400000        1.65347596620000
H            5.43848101970000       -3.50813623270000        1.79970599180000
H            6.02060153620000       -4.09420573090000        0.21253286580000
H            4.40102840160000       -2.40127310930000       -0.00490198340000
H           -0.22071303810000       -1.61775613620000       -1.65116039620000
H           -1.01972276930000       -1.24102740460000       -0.10935208860000
H            0.55899964520000       -2.04486123870000       -0.12333732710000
H           -4.63991961830000        2.95501147630000       -0.18098091430000
H           -3.76095286260000        2.90314758830000        2.73380871780000
H           -4.87457704480000        1.75695674120000        1.97884639820000
H           -5.31925651250000        3.45579274450000        2.12325603650000
H           -2.60025638380000        4.69225133210000        1.27368941860000
H           -3.03987462820000        4.81897741740000       -0.43870983200000
H           -4.22191819010000        5.18069744220000        0.80616708920000
H           -0.59832444890000        2.77744746490000        2.72959035090000
72
 energy: -100.053133790096 gnorm: 0.119854209352 xtb: 6.6.1 (8d0f1dd)
N           -1.48579579428036        2.77510055372869        2.23841747191808
C           -1.55731841741996        2.14711260524795        1.15917562700505
C           -2.74370290174111        2.04964896995111        0.25336881253046
C           -3.31335401565376        0.63833075054451        0.33516167762135
C           -4.29699916964777        0.23564812264901       -0.57127399121821
C           -4.84566186135712       -1.03201190685014       -0.52589796836499
O           -5.80847852915847       -1.49950584135137       -1.36063160137425
C           -6.38082588694664       -0.62269884086728       -2.29973741130847
C           -4.39977909410441       -1.95202800057763        0.45402392584146
O           -4.99203160357444       -3.17232253897653        0.42058558705879
C           -4.66880904735208       -4.10777153776203        1.42036653387317
C           -3.42683145744934       -1.54993627506593        1.34894697493350
C           -2.88951181640383       -0.26769287292438        1.28924118077569
C           -2.19301652424352        2.29520739113706       -1.17480194363644
C           -1.26804514362200        1.17333113776342       -1.66788479595276
C            0.01020682212724        1.11833394498407       -0.90693392767442
N            0.64610807975087       -0.03452216295915       -0.58789568828974
C            2.02078469827777       -0.01380406481809       -0.18230243816709
C            2.94949263957402       -0.48907713450064       -1.31493953531161
C            4.37195027257295       -0.40111863758678       -0.86315582097783
C            5.11405200798017        0.74662470194720       -1.07629741049832
C            6.42139551462023        0.84063034516034       -0.62562932962666
C            7.00656865979337       -0.21706177469385        0.04765549007586
O            8.27690628017548       -0.23244418609348        0.53101191018531
C            9.09494629614541        0.89484582646814        0.32482276441842
C            6.24528468382981       -1.39676918404500        0.27528254975504
O            6.90712819549649       -2.37396065534331        0.94358928864197
C            6.23981840974202       -3.58904372377589        1.15786406073630
C            4.92608229263859       -1.47279769301167       -0.15931625347686
C           -0.01720250734387       -1.30897851417803       -0.64736718717812
C           -3.87024317621342        3.06734146508683        0.59176596434968
C           -4.49430740937218        2.76634946018971        1.95242175498743
C           -3.39742880229089        4.51861894091655        0.55334796222063
H           -4.64807833017711        0.93303016291268       -1.31397829457922
H           -6.83580710128970        0.24687416564763       -1.81465826044984
H           -7.15536692599691       -1.20070773703681       -2.80070955987169
H           -5.64727300357939       -0.28646052610479       -3.04042907556391
H           -4.89336531024750       -3.72267934262339        2.42008227139218
H           -5.29497508011394       -4.97506040369256        1.21906876537129
H           -3.61544981437656       -4.40364940643940        1.37175994937165
H           -3.07858501664453       -2.22367340033599        2.11596141843513
H           -2.15148935908640        0.01605021293623        2.02357435912118
H           -3.02424568941110        2.38592201803291       -1.87365708284571
H           -1.64509706980869        3.23897587181089       -1.18840489403513
H           -1.80560496049943        0.22663838305966       -1.61763105520235
H           -1.02645334313833        1.37293652134216       -2.71936270404604
H           -0.68342984463863        1.62685058451072        0.66537008992650
H            0.63462952572499        1.99870343827595       -0.94699171142043
H            2.14493820655695       -0.66179440931476        0.68888900241175
H            2.30571364055422        1.00218585737913        0.10050965270508
H            2.78895241127342        0.13963951554887       -2.19156844243036
H            2.69965484328144       -1.51814303828590       -1.57315799548965
H            4.68030218467499        1.58167057466079       -1.60618290939804
H            6.97742490739495        1.74523422564515       -0.81546405856548
H            8.68700704941689        1.78710584641007        0.81147856195732
H            9.24175007687664        1.09746884120115       -0.74107793127747
H           10.05314965824167        0.64710538389728        0.77832739074143
H            6.94588451812237       -4.21677376840587        1.69517906871475
H            5.34290727221884       -3.44692896914126        1.76800252245827
H            5.96616700706410       -4.07277574634652        0.21483736953875
H            4.22867264981223       -2.31264561333797        0.12559405271736
H           -0.15244868740519       -1.63813454904448       -1.68092097390495
H           -0.99726600025469       -1.25425928410436       -0.16595816406330
H            0.58803827740861       -2.04278082332276       -0.12359218389106
H           -4.64472799261272        2.94261720485503       -0.17328186922375
H           -3.75805024920026        2.89806132989676        2.73899388893804
H           -4.87103905350996        1.74719581772730        1.99081825098975
H           -5.32345001141654        3.44660886214899        2.13239436754146
H           -2.60250079892089        4.68031587445073        1.27553489197229
H           -3.04613554810499        4.80533564210960       -0.43478312981001
H           -4.22824793000341        5.17107727242972        0.81209690360345
H           -0.60558840183434        2.78457744745353        2.74284002108800
72
 energy: -100.159492722781 gnorm: 0.109463157383 xtb: 6.6.1 (8d0f1dd)
N           -1.50221335589534        2.81151221809381        2.25146346856499
C           -1.55377084532087        2.12712532812677        1.18718832066688
C           -2.74076473045602        2.04023375061768        0.27059436726628
C           -3.31103443923904        0.62989238257605        0.34784807588830
C           -4.29000339130872        0.22327835809019       -0.56125892945588
C           -4.83725820759463       -1.04378397760196       -0.51593768555361
O           -5.80119578884431       -1.51600518479011       -1.35920157652100
C           -6.36070014708801       -0.64088670061378       -2.30453248169783
C           -4.39979380608924       -1.95906250327303        0.46675297286705
O           -4.99787019221164       -3.18557249316561        0.43360052539003
C           -4.67527745340235       -4.11591514022547        1.43471094510313
C           -3.43373802772777       -1.55651551447543        1.36740865149624
C           -2.89667587527948       -0.27528102299029        1.30764645559015
C           -2.19221315097487        2.28657579050068       -1.15992819447307
C           -1.27141074983602        1.17037878178418       -1.67701381201906
C            0.00952685016900        1.13861355771605       -0.92383551987785
N            0.67627091293277       -0.04613243967178       -0.60493186315159
C            2.04095492266670        0.00375368452829       -0.21755217396110
C            2.97844775007053       -0.42553276139254       -1.36199181253430
C            4.38958202591030       -0.36335048054110       -0.89643121745732
C            5.16587587615322        0.76196709046064       -1.12438040718209
C            6.46657983927533        0.83794790236908       -0.65496273236376
C            7.01318668376933       -0.22949667933712        0.03306309421122
O            8.28709208668057       -0.26145415695178        0.53829994210555
C            9.12580644532322        0.85016928474952        0.33210405579655
C            6.21064322423228       -1.38356254420459        0.27775120723543
O            6.85666713898408       -2.36596729103815        0.96279254094480
C            6.14498403539616       -3.55418577557144        1.16567209639518
C            4.87479312310666       -1.44204121364106       -0.13916818820051
C            0.02820744530216       -1.31687931020201       -0.68251940562664
C           -3.87082441095877        3.05161192847518        0.60163318462666
C           -4.49545714665895        2.75604251627121        1.96439479136972
C           -3.40375585194557        4.50606123291757        0.55960456485892
H           -4.63326794557907        0.91777353106329       -1.31108206029243
H           -6.81785702228070        0.23268528902654       -1.82738665980147
H           -7.13296468257164       -1.21910444725335       -2.80998990539956
H           -5.62074056870209       -0.30804072095102       -3.04065329541600
H           -4.90535655096203       -3.73156224686649        2.43422506189870
H           -5.29821011319051       -4.98568036253082        1.23119122410437
H           -3.62061822569657       -4.40944589590096        1.39286134429240
H           -3.08875527116198       -2.23011856120223        2.13696837034709
H           -2.15950062940763        0.00940356860387        2.04178249259464
H           -3.02717550513096        2.39244127389397       -1.85494965019067
H           -1.63583242728240        3.22637967524693       -1.16704773091423
H           -1.80022693136013        0.21861138505565       -1.61058776202457
H           -1.06459101838203        1.36807590784498       -2.73835150437586
H           -0.69195453062648        1.59386743853625        0.72624089161378
H            0.63448678851278        2.00994405112370       -0.96789756049633
H            2.18803799956207       -0.66227243277804        0.63999531221872
H            2.30504316160249        1.01984942697360        0.08901972582296
H            2.81726557794321        0.23269207230715       -2.21626968957113
H            2.72465889228991       -1.44561219341850       -1.65419832420305
H            4.75389160048197        1.60192792861629       -1.66506543999970
H            7.04464639963390        1.73033666600276       -0.84488457011980
H            8.73164661391744        1.75760071658669        0.80434994201703
H            9.29295581226757        1.04247766001818       -0.73371495118527
H           10.07518178319331        0.59164275129282        0.80054059685116
H            6.80519172936764       -4.19263428266750        1.74820846344644
H            5.22360132794436       -3.36974349710304        1.72774438868691
H            5.89732026152611       -4.04408298913890        0.21824327901072
H            4.02073955205626       -2.19989984793567        0.26518317755992
H           -0.06419848026480       -1.66510959724511       -1.71825207250164
H           -0.97116002665838       -1.27086620317671       -0.24058611152747
H            0.62174746921871       -2.03600717032900       -0.12275847304530
H           -4.64743969532860        2.92522708756842       -0.16247052944476
H           -3.75575126131639        2.89230434249760        2.74688739946781
H           -4.86715557630806        1.73466946220673        2.00663524926759
H           -5.32742204231321        3.43420972373899        2.14287214258291
H           -2.60550282674352        4.66685930866469        1.27797409129900
H           -3.05429547804847        4.78934038711120       -0.43046911331435
H           -4.23554572100090        5.15809177921366        0.81926658613303
H           -0.61365482744098        2.78952310491262        2.75002914110621
72
 energy: -100.254351655762 gnorm: 0.116170090339 xtb: 6.6.1 (8d0f1dd)
N           -1.51514330351072        2.83479726117256        2.26357393045843
C           -1.55178718165548        2.11594164788106        1.21154708467782
C           -2.73811253563657        2.02997768753993        0.28693921675724
C           -3.30867378099548        0.62010391126408        0.36087750354273
C           -4.28249051799516        0.21045541063473       -0.55219837066632
C           -4.82973663644346       -1.05626335221517       -0.50640984353985
O           -5.79228343802958       -1.53185635942501       -1.35660865743876
C           -6.34007349753154       -0.65949137835122       -2.30934478659723
C           -4.40065488887701       -1.96748239221723        0.48053817856736
O           -5.00262708995287       -3.19734171567572        0.44774198817396
C           -4.68208532900382       -4.12416197177148        1.45035421959628
C           -3.44044804570334       -1.56403701987300        1.38671455625265
C           -2.90284404934317       -0.28367055357094        1.32626506212801
C           -2.19153975422364        2.27877423178099       -1.14514916355642
C           -1.27616054293492        1.16681954002566       -1.68353789766014
C            0.01008473658130        1.15203606295817       -0.94415951857157
N            0.70058827085710       -0.05099958424887       -0.62443891751565
C            2.06074216742126        0.02384409589761       -0.25256459102334
C            3.00353959547186       -0.35926369274502       -1.41076938412015
C            4.40313360582245       -0.32227381167307       -0.92275770812577
C            5.21581631085425        0.77676887144815       -1.17021611390296
C            6.51140370507073        0.83435479415668       -0.68416408584798
C            7.01782477251428       -0.24043729815124        0.02270580534226
O            8.29353766008106       -0.29187515442327        0.54422903924871
C            9.15647713622210        0.80251206635003        0.33878995957862
C            6.17156194844016       -1.36536285766201        0.28886049297916
O            6.80052290495278       -2.35671045431295        0.98255704245368
C            6.04604491500265       -3.51889161052738        1.17545923038826
C            4.81829352081575       -1.39800017604595       -0.10471927260204
C            0.07380892282148       -1.32532429402377       -0.71858790868366
C           -3.87152759424107        3.03650818621873        0.61243996818678
C           -4.49598075244513        2.74529401639109        1.97677094540910
C           -3.40956227148246        4.49317012916249        0.56562609385126
H           -4.61842962625526        0.90222538483940       -1.30812020843500
H           -6.79953550025149        0.21789421190228       -1.84054748648470
H           -7.10969308216210       -1.23805125314487       -2.81923506237230
H           -5.59345639662529       -0.33067225502339       -3.04086712375442
H           -4.91803601653099       -3.74056637036959        2.44929874669463
H           -5.30164336690274       -4.99622981992162        1.24441782017048
H           -3.62625987010029       -4.41540535369796        1.41517483794874
H           -3.09955868311690       -2.23649721161224        2.15939649225005
H           -2.16786877184041        0.00245666086175        2.06173257275877
H           -3.02931870833274        2.39849238690770       -1.83573452073998
H           -1.62711554098008        3.21410613114138       -1.14598404009083
H           -1.79639957617188        0.21088076383812       -1.60291206565839
H           -1.09964955305935        1.36214220002141       -2.75287482750123
H           -0.69917666082408        1.56014556324213        0.78524119300959
H            0.63313331896154        2.02097485695494       -0.98584991650719
H            2.23103087779701       -0.66026076654048        0.58941489787916
H            2.30588537718092        1.03835328894766        0.07709710380410
H            2.84748321496761        0.32888525083936       -2.24263243417285
H            2.74973406001768       -1.36986095690666       -1.73819160148890
H            4.82953204800225        1.61922930902038       -1.72812854081788
H            7.11293368243783        1.71231496651023       -0.87692518269759
H            8.77716586041688        1.72498141571638        0.79661561463207
H            9.34502126479824        0.98416567018315       -0.72622530386286
H           10.09611185037713        0.53239923784830        0.82285642601297
H            6.65834551442603       -4.16720148768963        1.80217816303348
H            5.10214038800432       -3.29172453353199        1.68734132591035
H            5.82574202543276       -4.01523014876584        0.22377399887833
H            3.84613790845869       -2.09315169218404        0.37331285073187
H            0.02734081618205       -1.69188553863136       -1.75482728324804
H           -0.94428097065080       -1.28894272178381       -0.31788845316196
H            0.65529449871899       -2.02892512792206       -0.12299938145651
H           -4.64896118638281        2.90642794456481       -0.15105436977894
H           -3.75430713862600        2.88696039481816        2.75631362642833
H           -4.86314854862182        1.72221142985400        2.02299699472889
H           -5.33054463519669        3.42130528813250        2.15305605467053
H           -2.60859881632350        4.65471461852932        1.28048081069771
H           -3.06292916164261        4.77338250363980       -0.42640508099219
H           -4.24234959903439        5.14410032260754        0.82612011602658
H           -0.62152185857000        2.79723390803434        2.75670587601344
72
 energy: -100.335319918651 gnorm: 0.107703759720 xtb: 6.6.1 (8d0f1dd)
N           -1.52250557706012        2.84507273053170        2.27205100297300
C           -1.55248222616841        2.11100062250274        1.23187662365661
C           -2.73562262491269        2.01840586148268        0.30125695177554
C           -3.30601666682733        0.60869522854287        0.37368893572534
C           -4.27464753096544        0.19740969274569       -0.54425814232660
C           -4.82345128879048       -1.06894597803814       -0.49763893625046
O           -5.78177351404448       -1.54636113576958       -1.35280608462299
C           -6.31949838833231       -0.67785342483396       -2.31413696654987
C           -4.40225000990680       -1.97712679547470        0.49492137701556
O           -5.00602964564634       -3.20694749620714        0.46248868123929
C           -4.68898973953155       -4.13234443501906        1.46675301774481
C           -3.44685235960188       -1.57220787221680        1.40611591265199
C           -2.90793419621388       -0.29269333788797        1.34467829059642
C           -2.19055608795366        2.27245587328848       -1.13126116891097
C           -1.28227174492750        1.16190147855579       -1.68581535742685
C            0.01254911368515        1.15624613378809       -0.96762448053500
N            0.71681576483623       -0.04769146808613       -0.64586052633697
C            2.07860883701654        0.04705908305046       -0.28810184274510
C            3.02482229883823       -0.29287194885625       -1.45760017643234
C            4.41445461049906       -0.28019225642276       -0.94208162514730
C            5.26246066524295        0.78956426464992       -1.21103948970916
C            6.55451931947128        0.82910364968316       -0.71189675693972
C            7.02083988780188       -0.24887207216941        0.01745747112842
O            8.29591372715953       -0.32201069393855        0.54878546975318
C            9.18572008796046        0.75380028396691        0.34499969172187
C            6.13283257213592       -1.34322989763356        0.30326947513477
O            6.73950824268279       -2.34576875390213        1.00350078158962
C            5.94556880278997       -3.48362098872107        1.18708687829780
C            4.76843081914584       -1.34506507458683       -0.07600964288721
C            0.11793981191309       -1.33341516244464       -0.75480023049477
C           -3.87210691039816        3.02244858820581        0.62364395758383
C           -4.49590695137272        2.73436813023041        1.98894219167464
C           -3.41481856694975        4.48038381119823        0.57118801566780
H           -4.60394917525962        0.88671368696979       -1.30511965856119
H           -6.78133643404353        0.20291451499607       -1.85380759551660
H           -7.08607985023314       -1.25705278708980       -2.82811481418224
H           -5.56619480353147       -0.35367552044949       -3.04109004561854
H           -4.93110522850874       -3.74944273050076        2.46465621274491
H           -5.30524509022298       -5.00626551503483        1.25806416577374
H           -3.63224074756630       -4.42142107142850        1.43787044685500
H           -3.11078825965790       -2.24259070427165        2.18242161966236
H           -2.17647081602149       -0.00475614149620        2.08295741471035
H           -3.03066377890688        2.40431243142600       -1.81643459350634
H           -1.61903008760984        3.20315801707382       -1.12561644825799
H           -1.79440505720298        0.20281925122777       -1.59509638725179
H           -1.13077757559686        1.35552721917536       -2.76051942872216
H           -0.70463526067448        1.52891880985023        0.83952940915019
H            0.62995530325668        2.02989895175436       -0.99958375488383
H            2.27058167409580       -0.65401191402342        0.53650082667763
H            2.30782365925507        1.05731270225279        0.06460628031820
H            2.87872187600334        0.42470586603163       -2.26659059914870
H            2.77444176065071       -1.29246010363269       -1.82252341001560
H            4.90471910679508        1.63162475060444       -1.79153126589468
H            7.17951272559031        1.69068381718929       -0.91017345534319
H            8.82204287106960        1.69022800333579        0.78870594271543
H            9.39606524351434        0.92381043201946       -0.71835333942847
H           10.11456958255034        0.47120742839701        0.84480279809894
H            6.50853442571283       -4.13876063367976        1.85345453128920
H            4.98497266877106       -3.21655596467914        1.64782181395197
H            5.75389617414300       -3.98772466245643        0.23231265053423
H            3.69783168816883       -1.99196141139593        0.46367860915989
H            0.11957911650169       -1.71654373706079       -1.78836420280214
H           -0.91607198294983       -1.30862488914758       -0.39600160423780
H            0.68704763198072       -2.02046004997127       -0.12534583783482
H           -4.64935360964435        2.88703477789851       -0.13926328877767
H           -3.75392028847402        2.88215325958236        2.76682929289549
H           -4.85924557447206        1.71017016770781        2.03947608516703
H           -5.33270668029354        3.40815202128571        2.16279441813689
H           -2.61190268037050        4.64425122447218        1.28300068399765
H           -3.07180061891129        4.75809856185545       -0.42267060539178
H           -4.24840884656877        5.12972412111641        0.83259605401212
H           -0.62933519201209        2.80748388707916        2.76483451770748
72
 energy: -100.397814119963 gnorm: 0.081555633777 xtb: 6.6.1 (8d0f1dd)
N           -1.52352629562220        2.85109548871798        2.27360257177737
C           -1.55527354104539        2.10490751270283        1.24954022554101
C           -2.73299958894387        2.00568699805902        0.31370441758665
C           -3.30318556645124        0.59628458534265        0.38592773471089
C           -4.26680813027707        0.18440639788482       -0.53724995460903
C           -4.81835247307339       -1.08134161525526       -0.48967824893308
O           -5.77024477150502       -1.55939559173648       -1.34815272853182
C           -6.29954999034440       -0.69539314301960       -2.31874710766080
C           -4.40424361061496       -1.98741848042437        0.50924682340266
O           -5.00827793072826       -3.21445373019176        0.47720144984403
C           -4.69572603811024       -4.14027133761294        1.48322254505935
C           -3.45287999143707       -1.58054117695384        1.42473807404174
C           -2.91208185425908       -0.30188252803980        1.36238433955274
C           -2.18885688909638        2.26674174588731       -1.11807935057654
C           -1.28883062145837        1.15535806273953       -1.68415329578466
C            0.01792421049657        1.15022713989273       -0.99333144345383
N            0.72542760540190       -0.03635097882675       -0.66966887238322
C            2.09255715092349        0.07368815580137       -0.32452780548459
C            3.04242600691091       -0.22822833637148       -1.49984490518661
C            4.42461846221568       -0.23877423888465       -0.95643630810381
C            5.30502887583263        0.80009343967988       -1.24709193826103
C            6.59424856119616        0.82200847734016       -0.73715906612515
C            7.02335510989362       -0.25526075403524        0.01594706240157
O            8.29490677631773       -0.35060219731135        0.55244714279103
C            9.21228853338994        0.70587560200643        0.35087556587122
C            6.09866174085684       -1.31869893491133        0.31926247804212
O            6.67678428141844       -2.33368064801788        1.02593479484550
C            5.84705503002446       -3.44926399294779        1.19977629075336
C            4.73138158605316       -1.28717705864462       -0.05809340110790
C            0.15945589697784       -1.33926838412307       -0.79040443728930
C           -3.87239892423276        3.00937394309057        0.63477601836545
C           -4.49523913241698        2.72364960110349        2.00067036347256
C           -3.41939019493646        4.46792490380627        0.57639142513634
H           -4.59018016346092        0.87157911173449       -1.30212554796422
H           -6.76375649233892        0.18825041382083       -1.86668694565205
H           -7.06282230809484       -1.27564764090884       -2.83624934549702
H           -5.53980115201414       -0.37622009172200       -3.04123952875447
H           -4.94412609968800       -3.75793316703419        2.47966742635812
H           -5.30897322662295       -5.01544601124196        1.27134920138369
H           -3.63833569173236       -4.42732729031098        1.46008693640492
H           -3.12217668505739       -2.24829739626181        2.20511800520531
H           -2.18504426495820       -0.01211158966396        2.10451914890598
H           -3.03087833102912        2.40952775601091       -1.79756441173872
H           -1.61139742867226        3.19309014334352       -1.10615132692517
H           -1.79484331946069        0.19453284674244       -1.58712800279225
H           -1.15746170929568        1.34857167938596       -2.76200175329854
H           -0.70907904318197        1.50068288468749        0.88714170816775
H            0.62363121549268        2.03522873389001       -1.00764703194490
H            2.30196607119250       -0.64235017059482        0.48230278159657
H            2.30959800892549        1.07723770347730        0.05130916490224
H            2.91050289016935        0.51631940456524       -2.28671022542573
H            2.79823864416977       -1.21519245943367       -1.90299365668612
H            4.97653779858224        1.63908047583659       -1.85163711002245
H            7.24164934219646        1.66581515427874       -0.94298109867453
H            8.86453570110263        1.65465645789275        0.78093755822344
H            9.44387519317200        0.86292068732876       -0.71014769342995
H           10.12943405812102        0.41008075723026        0.86590249878248
H            6.36074181068071       -4.10771633067321        1.90035334304299
H            4.87577923494873       -3.14642099215015        1.60952557565910
H            5.68407860204102       -3.96223180970677        0.24353541140993
H            3.57206408271409       -1.90011565503726        0.54000395014208
H            0.21026905458146       -1.73682909721481       -1.81764246714746
H           -0.88702991952915       -1.32898288303626       -0.47301777719020
H            0.71612853680293       -2.00904865340965       -0.13004666430089
H           -4.64897413673831        2.86783715133947       -0.12742295862755
H           -3.75433457697666        2.87785625066153        2.77814798040507
H           -4.85540035337718        1.69876522672781        2.05555303179917
H           -5.33405910619486        3.39518010068438        2.17193857929645
H           -2.61516149265046        4.63557000579213        1.28560531363477
H           -3.08055380653704        4.74385609879269       -0.41915653796862
H           -4.25371508104559        5.11538274147155        0.83873863077873
H           -0.63728173868971        2.81982323315528        2.77627011503569
72
 energy: -100.437673767615 gnorm: 0.045969798318 xtb: 6.6.1 (8d0f1dd)
N           -1.51980542017326        2.85764481446667        2.26884809793800
C           -1.55691187833212        2.09618781977004        1.26344453724947
C           -2.73004653842805        1.99308691873840        0.32466025827398
C           -3.29998694534325        0.58389108786442        0.39672061748007
C           -4.25931266827889        0.17177524015911       -0.53102851655481
C           -4.81406176309402       -1.09292492904132       -0.48243181319718
O           -5.75891649633796       -1.57119217171605       -1.34349543108461
C           -6.28100920944734       -0.71149558983150       -2.32292593004893
C           -4.40613609724891       -1.99740169238211        0.52264072826364
O           -5.00997908838400       -3.22068604828414        0.49102863078810
C           -4.70200140827552       -4.14769039521113        1.49881746850442
C           -3.45836865658589       -1.58858064684391        1.44164374391288
C           -2.91534128861750       -0.31087988993382        1.37846901744048
C           -2.18663770880067        2.26147454504008       -1.10553325710169
C           -1.29606448941394        1.14750347398200       -1.67966997683451
C            0.02479152648528        1.13682995637291       -1.01966150141138
N            0.72949270478025       -0.02011708712286       -0.69637115076142
C            2.10158675723315        0.10321886699809       -0.36067523387010
C            3.05706880621542       -0.16772983736284       -1.53570177191127
C            4.43472592646976       -0.19996593670004       -0.97000521598974
C            5.34299189631237        0.80928824823290       -1.27886693152753
C            6.62894088068834        0.81377967746997       -0.75894753492302
C            7.02641654116805       -0.26006815720071        0.01697315277953
O            8.29228731144399       -0.37643630386838        0.55649144055193
C            9.23512209295264        0.66084583145658        0.35646316264769
C            6.07315952184180       -1.29464150703181        0.33453890890075
O            6.61764957687187       -2.32123481079375        1.04979375390413
C            5.75562451798154       -3.41682465841347        1.21211905159463
C            4.71071167214732       -1.23120225948338       -0.05173966478507
C            0.19706393600358       -1.34126462000501       -0.82417544629902
C           -3.87190415017478        2.99721467485067        0.64565979198290
C           -4.49398699684335        2.71352005285581        2.01188356959473
C           -3.42320429870754        4.45632800257714        0.58132492256805
H           -4.57762869651162        0.85730651596173       -1.29917643691794
H           -6.74746708502443        0.17454109797925       -1.87850291604691
H           -7.04098221209824       -1.29316892460225       -2.84327978332919
H           -5.51537480806877       -0.39722113926064       -3.04123385471146
H           -4.95648646912011       -3.76575944670593        2.49361545700371
H           -5.31271701070273       -5.02354528028977        1.28345629260920
H           -3.64420158874861       -4.43294472002800        1.48078929705680
H           -3.13329468254492       -2.25362313361663        2.22639550184339
H           -2.19334034009794       -0.01956233814125        2.12519865913890
H           -3.03006286672035        2.41387291553013       -1.78010618208069
H           -1.60424928015796        3.18412553649803       -1.08817267728040
H           -1.79877724468197        0.18607538340161       -1.57897539381486
H           -1.17945550984234        1.34161086683844       -2.75872591939411
H           -0.71285709894220        1.47321763046638        0.92673593589848
H            0.61199612738961        2.03752647895739       -1.00884004911907
H            2.32320898812393       -0.62640924941338        0.42967316707156
H            2.30980505412122        1.09919307206598        0.03730659185629
H            2.94147021586225        0.60014365047355       -2.30245475774133
H            2.82001337568075       -1.14123284517439       -1.97491736447384
H            5.04155586824030        1.64285860797022       -1.90539141021213
H            7.29695274404688        1.63919366249106       -0.97388356740895
H            8.90257449490544        1.62024109166336        0.77361315771734
H            9.48575566070507        0.80385086079856       -0.70209020941084
H           10.14019660886904        0.35184362760599        0.88549661732990
H            6.22180103171694       -4.07605159666791        1.94291718895747
H            4.77702450518422       -3.08267383488630        1.57256999192443
H            5.61992883753326       -3.93941320598097        0.25619846477052
H            3.46265688162569       -1.82330345260361        0.60759621174005
H            0.29625469840510       -1.75077517285851       -1.84233244700734
H           -0.85914029467654       -1.34823218610232       -0.54634389182190
H            0.74178046524145       -1.99384253610521       -0.13626148063044
H           -4.64777907007158        2.84947777828678       -0.11573815170354
H           -3.75510135575135        2.87403519519378        2.78989528847155
H           -4.85155043044521        1.68813661885513        2.07072699996911
H           -5.33476421018705        3.38289407717359        2.18026615539173
H           -2.61807919053272        4.62862343303263        1.28824996954206
H           -3.08876597134296        4.73110676149809       -0.41583389184859
H           -4.25848783632421        5.10165045038459        0.84454383012023
H           -0.64447247026205        2.83327378689809        2.78921086526311
72
 energy: -100.455464331220 gnorm: 0.026194530514 xtb: 6.6.1 (8d0f1dd)
N           -1.51404900172257        2.86563803294807        2.26196050131258
C           -1.55549665184139        2.08644791028424        1.27330167778209
C           -2.72714080276205        1.98278735664690        0.33415991309591
C           -3.29693531240524        0.57358182505020        0.40559174276469
C           -4.25280751158153        0.16084847210973       -0.52560704527790
C           -4.81017558600233       -1.10262910912036       -0.47613840776501
O           -5.74954894909703       -1.58143703407210       -1.33985169450363
C           -6.26547702108281       -0.72497488194763       -2.32622435935990
C           -4.40744272356878       -2.00556060285804        0.53381652152457
O           -5.01174705176761       -3.22624679868369        0.50266304340775
C           -4.70744515044569       -4.15386968182262        1.51210571300427
C           -3.46298710418896       -1.59529003057574        1.45565548569979
C           -2.91790436246609       -0.31851009882421        1.39182333991176
C           -2.18519230865304        2.25686813743317       -1.09466247282356
C           -1.30478683883226        1.13999614176068       -1.67577231477141
C            0.02897953510962        1.12431825789621       -1.04448586418504
N            0.73449687831410       -0.00572804935153       -0.72494908771729
C            2.10700897361658        0.13186942307039       -0.39269030285920
C            3.06888962827581       -0.11727042522068       -1.56354575992049
C            4.44223950747276       -0.16701666297840       -0.98077227693128
C            5.37287639962928        0.81807021096456       -1.30188355120836
C            6.65564300403684        0.80606311437424       -0.77473889936576
C            7.02927971768421       -0.26307061911406        0.02077138075811
O            8.29024897441661       -0.39752816019564        0.56192364798869
C            9.25309694368264        0.62246874877740        0.36146808529644
C            6.05598042944668       -1.27380524869613        0.34863958968752
O            6.56898584893584       -2.30979394245853        1.07221768411430
C            5.68028752220938       -3.38850723297547        1.22208981505049
C            4.70007549327657       -1.18555153506406       -0.04678200967615
C            0.22889884210407       -1.33999543124510       -0.85349523267728
C           -3.87055211295020        2.98677400590313        0.65537094535750
C           -4.49226184812698        2.70508718394348        2.02187458509969
C           -3.42609807672504        4.44676705729241        0.58568510815351
H           -4.56715696606512        0.84519864112313       -1.29645209031093
H           -6.73377471798145        0.16300256680757       -1.88808218722515
H           -7.02267295226502       -1.30809815069776       -2.84869067516147
H           -5.49504106773450       -0.41475026752844       -3.04101174020282
H           -4.96710336718232       -3.77211285130575        2.50542897881717
H           -5.31626909284988       -5.03005250248026        1.29357315461467
H           -3.64937168656441       -4.43770494902953        1.49838899632937
H           -3.14304825277083       -2.25809879807514        2.24436604729398
H           -2.20052536366766       -0.02623596080495        2.14279941660228
H           -3.02931981597334        2.41726235698154       -1.76596895602187
H           -1.59826655402006        3.17645598552442       -1.07354209120420
H           -1.80657461457982        0.17852093993278       -1.57162786331941
H           -1.19750897063096        1.33510127604703       -2.75483370716375
H           -0.71628242167738        1.44704993691176        0.95686559170729
H            0.59393420307339        2.04038437709903       -1.00474588021375
H            2.33770647751135       -0.61086253662782        0.38464503794341
H            2.30742555069773        1.12224630706114        0.02261676098970
H            2.96878394836091        0.66903053074195       -2.31401539300015
H            2.83721412798021       -1.07849330111867       -2.03105618483313
H            5.09413436633852        1.64475932425755       -1.94798748378330
H            7.34160486036056        1.61391889100459       -1.00058411028013
H            8.93329732195906        1.59063307824696        0.76715791862355
H            9.51784479740577        0.75187015725154       -0.69523312829484
H           10.14738065398171        0.30227542504864        0.90193647475492
H            6.10563382115106       -4.04653414446322        1.97782109704521
H            4.69654539087401       -3.02955076564673        1.54019205054640
H            5.56750266392518       -3.92085940149946        0.26842606144446
H            3.38021246199490       -1.77433919744526        0.65383873184749
H            0.36980756527388       -1.75805247940821       -1.86180266663358
H           -0.83455974046767       -1.36310503275573       -0.60976195675748
H            0.76292714968707       -1.97708288758068       -0.14241614703882
H           -4.64607675698736        2.83374465769478       -0.10522119905766
H           -3.75552939318332        2.87093891716309        2.80077967999088
H           -4.84764488590242        1.67918174191143        2.08379250114347
H           -5.33494652509174        3.37258610219099        2.18721919276999
H           -2.62018843175077        4.62361988482740        1.29047221627274
H           -3.09561416639496        4.72063367814468       -0.41298058365115
H           -4.26265751548990        5.08992388604446        0.84949234076739
H           -0.64886298443149        2.84608693839547        2.79916903047880
72
 energy: -100.460914453505 gnorm: 0.032972736730 xtb: 6.6.1 (8d0f1dd)
N           -1.50866701053743        2.86538345744562        2.25564583516670
C           -1.55239876291247        2.08255285192668        1.27638928195012
C           -2.72539963677095        1.97659582789375        0.33981410052241
C           -3.29452772896637        0.56671461805319        0.41080367035802
C           -4.24831754630275        0.15360765429177       -0.52259619340740
C           -4.80744712656942       -1.10897400916018       -0.47237830749856
O           -5.74344114819905       -1.58800723912573       -1.33787046754241
C           -6.25552994953943       -0.73352043670907       -2.32830837352888
C           -4.40813315946503       -2.01085643240611        0.54066404226440
O           -5.01288169506162       -3.22991650175308        0.50987682313115
C           -4.71094839459542       -4.15787142661689        1.52036459455731
C           -3.46578167701604       -1.59991370770235        1.46438023523986
C           -2.91918697400449       -0.32379380899680        1.39998262494400
C           -2.18521607518612        2.25498485432914       -1.08806346285814
C           -1.31346614045550        1.13426659052880       -1.67110643756000
C            0.02974604077144        1.11549807506238       -1.06293719471766
N            0.73946124297691        0.00483206783224       -0.75078570380897
C            2.11009821209305        0.15315040698125       -0.41373341204935
C            3.07712647585767       -0.08464173215507       -1.57951668789565
C            4.44889918548461       -0.14589850017950       -0.98891002047524
C            5.39209709961500        0.82381325307160       -1.31529113862600
C            6.67296084269537        0.79938898410510       -0.78483833274815
C            7.03287738462281       -0.26573640947683        0.02170010712818
O            8.28932965152634       -0.41094488513687        0.56583185628246
C            9.26359579884585        0.59750027477458        0.36527785672132
C            6.05025379636522       -1.26299817292515        0.35069280370594
O            6.53777578826660       -2.30195344677895        1.08768556371191
C            5.63411732447571       -3.36986929946659        1.22856908693747
C            4.70328963650226       -1.16166487899957       -0.05847730568781
C            0.24962246730091       -1.33698589198188       -0.87365652507564
C           -3.86890220663159        2.98023635675965        0.66248139338381
C           -4.49059418462721        2.69940554485703        2.02890260780376
C           -3.42772990773239        4.44097681600507        0.58869289689571
H           -4.56070205638509        0.83748901514011       -1.29463849052219
H           -6.72509237332518        0.15552421447238       -1.89409834566078
H           -7.01093338810558       -1.31757725665323       -2.85207095761186
H           -5.48223579181903       -0.42579637948272       -3.04094322876272
H           -4.97402592928342       -3.77633536679117        2.51270611264390
H           -5.31858394929062       -5.03420955384627        1.29978024110888
H           -3.65278679883694       -4.44096027313435        1.50945813511387
H           -3.14951595407579       -2.26108698217647        2.25577850535096
H           -2.20546063404791       -0.03100601020562        2.15444512143048
H           -3.02968427659738        2.42014234603356       -1.75707309599209
H           -1.59518909467483        3.17245960718286       -1.06519618517511
H           -1.81550927159245        0.17323870875471       -1.56556403317182
H           -1.20889269303463        1.32928131692234       -2.74908557395525
H           -0.71877187669856        1.42876952232116        0.97422733439046
H            0.57583885437598        2.04272743428973       -0.99622978777858
H            2.34822317529586       -0.59889408167227        0.35618324517605
H            2.30476390247656        1.14024215402134        0.01075653355583
H            2.98743269908932        0.71275133689376       -2.31950024877985
H            2.84826816435043       -1.03698152901810       -2.06511271971393
H            5.12648791693863        1.64544943488869       -1.97146929461014
H            7.36943578966044        1.59543456068439       -1.01630354393826
H            8.95165605373378        1.57091199450910        0.76306060522630
H            9.53649396683634        0.71752329888729       -0.69012186892244
H           10.15055050157145        0.27102140844624        0.91308426287020
H            6.03234645695795       -4.02449900986925        1.99894111794298
H            4.64953605381922       -2.99702908635514        1.51872906222959
H            5.53649232609592       -3.91012893503852        0.27815743732692
H            3.30830761542556       -1.74086938619217        0.70650089176776
H            0.41818895309967       -1.76123758154361       -1.87250548020936
H           -0.81695709191256       -1.37094531612427       -0.65262674292826
H            0.77550061063527       -1.96305361080498       -0.14682213305010
H           -4.64397494596166        2.82311649933032       -0.09758952979334
H           -3.75604309723223        2.86894910811506        2.80895095596847
H           -4.84476792268901        1.67326432684987        2.09262430447755
H           -5.33453202174033        3.36557294756359        2.19165183031844
H           -2.62155952069500        4.62153378003040        1.29205685502177
H           -3.10025494848094        4.71435068562822       -0.41104198996488
H           -4.26546654270016        5.08206302087216        0.85277593392533
H           -0.64936608310477        2.85272548991827        2.80132568426726
72
 energy: -100.464800253443 gnorm: 0.048619519361 xtb: 6.6.1 (8d0f1dd)
N           -1.50476702432597        2.86542275293237        2.24922815410715
C           -1.55055089000060        2.07838654390334        1.27848132388729
C           -2.72476171373344        1.97227866828369        0.34322554420397
C           -3.29352058876497        0.56208074702261        0.41406951507139
C           -4.24586556588459        0.14925051458419       -0.52116620036089
C           -4.80597572978015       -1.11281814798421       -0.47058178912186
O           -5.73972557356685       -1.59152547830277       -1.33701452912711
C           -6.25001611134598       -0.73820685898406       -2.32945661547586
C           -4.40834261142179       -2.01430730454551        0.54408702486415
O           -5.01305166240899       -3.23198223940902        0.51338688117430
C           -4.71246209972754       -4.16062367982368        1.52412316203997
C           -3.46704713510582       -1.60326323138519        1.46901430445025
C           -2.91982044869337       -0.32741904325997        1.40467491676527
C           -2.18466642547332        2.25377009482694       -1.08337584117520
C           -1.31949351487140        1.12925578248825       -1.66516566184428
C            0.03141418073023        1.10694872887619       -1.07727626063369
N            0.74470509011525        0.01352462944144       -0.77645251583605
C            2.11277910566812        0.16862668756464       -0.42853400666866
C            3.08300688891327       -0.06497123182423       -1.58909686167630
C            4.45648073370444       -0.13468127324538       -0.99608103257559
C            5.40607124004302        0.82605041034787       -1.32590937184173
C            6.68528155075878        0.79329890188368       -0.79255189118863
C            7.03831873192672       -0.26903108691259        0.01904417431637
O            8.29044815534320       -0.41793537833887        0.56740834042696
C            9.26969060513131        0.58389787560551        0.36759846586145
C            6.05220902926014       -1.25967904182966        0.34729468911100
O            6.52214560349227       -2.29772552560039        1.09578919651767
C            5.60899924738786       -3.35809816065848        1.23031403193318
C            4.71366520199120       -1.15408601717410       -0.07511311647733
C            0.26236359963741       -1.33313238023611       -0.88673581682417
C           -3.86752445987727        2.97632219684923        0.66737904398887
C           -4.48943825779706        2.69553474165966        2.03350376132474
C           -3.42848313156898        4.43752438595476        0.59132065826606
H           -4.55748900208105        0.83321263788125       -1.29340692616689
H           -6.72053441731774        0.15116745482681       -1.89736920284791
H           -7.00431315356351       -1.32282314055948       -2.85395711069101
H           -5.47538253067119       -0.43171235222052       -3.04101713044718
H           -4.97764235089722       -3.77964790361549        2.51595259614072
H           -5.31938126741171       -5.03697106851570        1.30208536465107
H           -3.65434139442404       -4.44333218958244        1.51468303246426
H           -3.15292011130512       -2.26336591312643        2.26176089324076
H           -2.20829964776044       -0.03451823092392        2.16135158380187
H           -3.02894473028820        2.42149824383755       -1.75107525816096
H           -1.59325236672010        3.17014187791893       -1.05992972235652
H           -1.82276754544157        0.16925937482736       -1.55991899722699
H           -1.21373704503108        1.32357066857588       -2.74183537196075
H           -0.72039495376808        1.41850811480615        0.98354881655221
H            0.56218055334501        2.04180410851649       -0.98522719502511
H            2.35825510375876       -0.59282116052420        0.33664430498057
H            2.30320048204542        1.15337992780620        0.00207217393535
H            2.99992326237184        0.73876031209162       -2.32261428024943
H            2.85531895548698       -1.01116902351572       -2.08471532343202
H            5.14707609735879        1.64564219136489       -1.98535741433534
H            7.38659616315299        1.58299729724485       -1.02490626425097
H            8.96197765532281        1.56002355166946        0.76044463947038
H            9.54715793771058        0.69858933159163       -0.68676757180460
H           10.15214230237597        0.25490370489513        0.91985673576897
H            5.98542475465524       -4.00962025021522        2.01427953712127
H            4.62107374157709       -2.97297112328532        1.49554455975658
H            5.52377761441954       -3.90517013541461        0.28271002770724
H            3.21742673365480       -1.71638362946417        0.78285714359998
H            0.45042704631186       -1.76398943737563       -1.87609209706350
H           -0.80566590710461       -1.37394128760851       -0.68163234868563
H            0.78248195572393       -1.95005853973413       -0.14802724816455
H           -4.64222083181541        2.81673359911252       -0.09236776485889
H           -3.75708202169658        2.86722173629021        2.81496158876840
H           -4.84310817675789        1.66940164296264        2.09793064849846
H           -5.33409718009855        3.36074622859114        2.19439959674541
H           -2.62255375778191        4.62110782596611        1.29397188540545
H           -3.10322130053119        4.71107473041210       -0.40898017856466
H           -4.26711035046302        5.07681582707882        0.85559562851920
H           -0.65014793519150        2.85854012189804        2.80160170847869
72
 energy: -100.474834355966 gnorm: 0.079628656968 xtb: 6.6.1 (8d0f1dd)
N           -1.49768934472139        2.86469308006650        2.23584341744000
C           -1.54663335116587        2.07153059512023        1.28287053698018
C           -2.72386962125031        1.96414835065697        0.34991723161975
C           -3.29172071581324        0.55302706165669        0.42029106560384
C           -4.24123604397755        0.14100779664873       -0.51887354142627
C           -4.80331848294539       -1.12007072828913       -0.46747983250668
O           -5.73236482523347       -1.59787024768738       -1.33566025652144
C           -6.23965156102666       -0.74695202052079       -2.33176614165364
C           -4.40863738654127       -2.02097514645701        0.55028718606842
O           -5.01287700288789       -3.23551850678160        0.51967002746563
C           -4.71493087170633       -4.16602734718964        1.53065340054930
C           -3.46918509373201       -1.60984877385386        1.47755418608117
C           -2.92080118509339       -0.33442965301981        1.41346844748418
C           -2.18230742481234        2.25131512182287       -1.07343723162149
C           -1.33072511066966        1.11836977617723       -1.65043061202026
C            0.03702047479660        1.08564548849324       -1.10749752853852
N            0.75780794283568        0.03333370187804       -0.83944283263340
C            2.11893114528702        0.20003188210004       -0.45871187500497
C            3.09516766037536       -0.02820297014937       -1.60760736544920
C            4.47607461411776       -0.11394707569372       -1.01389345913194
C            5.43404414625513        0.83260481870338       -1.34642872956486
C            6.71018500591505        0.78215261747997       -0.80752432607532
C            7.05276054572923       -0.27409224561953        0.01245403684039
O            8.29489494785415       -0.42785986986727        0.57169065083782
C            9.28273817653421        0.56005772133619        0.37265162680816
C            6.06479429138798       -1.25607644818113        0.33359498804529
O            6.49580439747979       -2.28988088518074        1.10923585539552
C            5.56262819924484       -3.33398464096378        1.23164114914174
C            4.75171419702320       -1.15124843632441       -0.13070640839397
C            0.28630566605545       -1.32376875022537       -0.91202949727320
C           -3.86508182726805        2.96895396625016        0.67672529501300
C           -4.48737207598202        2.68788177721250        2.04216596372820
C           -3.42998055598285        4.43090037400386        0.59644054887774
H           -4.55179414785095        0.82537680543820       -1.29114762739550
H           -6.71214566659943        0.14289778846984       -1.90369230317911
H           -6.99179643276544       -1.33269460569576       -2.85760548419315
H           -5.46267975999965       -0.44274248275424       -3.04148216478837
H           -4.98421319720349       -3.78637911358875        2.52148701319933
H           -5.32054573768871       -5.04226780429736        1.30560556535423
H           -3.65701043668471       -4.44809326413746        1.52386327106699
H           -3.15900780564376       -2.26776746407340        2.27260452312871
H           -2.21351791459345       -0.04163252543678        2.17449312508506
H           -3.02576178066728        2.42306990308237       -1.73906505022942
H           -1.58941094717982        3.16617818221705       -1.04944337302102
H           -1.83777228318388        0.16123646055539       -1.54808835533278
H           -1.21897638702397        1.31125928266766       -2.72410941946966
H           -0.72376009096370        1.39736798058588        1.00305360966746
H            0.53405758410078        2.03544597583637       -0.95991678882829
H            2.38143243300118       -0.58507834658837        0.29776445951112
H            2.30062488153643        1.17935928310338       -0.01504474194713
H            3.02480510511794        0.78828657603648       -2.32847242665045
H            2.86980837291742       -0.96199464137137       -2.12236693322389
H            5.18634015078898        1.64889378593961       -2.01060231453342
H            7.41963813567114        1.56038863121746       -1.04061101917641
H            8.98327280218346        1.54167829057674        0.75544101850908
H            9.56815680224986        0.66417968418644       -0.67987921238246
H           10.15641716625948        0.22635239672183        0.93309288298624
H            5.89434272373797       -3.97850529850143        2.03849341860025
H            4.57221753612477       -2.92473084730290        1.44692441409153
H            5.49925906434660       -3.89565870834376        0.29231290238161
H            2.97100595468748       -1.67484442379011        0.98036947530801
H            0.51390387491697       -1.76945420627276       -1.87826353787965
H           -0.78318263955798       -1.37918072008262       -0.73841149001597
H            0.79579960574219       -1.92018660367254       -0.14985487638634
H           -4.63894498828565        2.80456925233261       -0.08242861399756
H           -3.75956843443255        2.86360732083483        2.82656782499312
H           -4.84020480710276        1.66185157173029        2.10777331724286
H           -5.33331965963073        3.35114920239304        2.19953445192722
H           -2.62484091662708        4.62051404794028        1.29790287279574
H           -3.10907234278137        4.70510622546540       -0.40483309600790
H           -4.27028522670327        5.06650562803388        0.86115066934083
H           -0.65386111938941        2.87032910413654        2.80370477408021
72
 energy: -100.489216275139 gnorm: 0.097251325419 xtb: 6.6.1 (8d0f1dd)
N           -1.49384498764653        2.86962681735025        2.22774709232218
C           -1.54499805407624        2.06397718768341        1.28831899422954
C           -2.72376952692131        1.96022997216119        0.35329694377947
C           -3.29187657523999        0.54899914169737        0.42344531549161
C           -4.23968451801422        0.13756758161568       -0.51820361005409
C           -4.80239847070719       -1.12306661235371       -0.46653491911012
O           -5.72926745748896       -1.60032152098969       -1.33586352339803
C           -6.23563899644734       -0.75024600186189       -2.33281571728438
C           -4.40861297717521       -2.02383242348335        0.55225102639700
O           -5.01243991763114       -3.23690962424317        0.52145010981106
C           -4.71549243332466       -4.16860519860637        1.53233620975561
C           -3.46994541613671       -1.61286327430067        1.48070046154371
C           -2.92144369768778       -0.33738424425104        1.41725460104479
C           -2.17934704272599        2.24885199145387       -1.06798329378199
C           -1.33408408137650        1.11162597834741       -1.63989605383551
C            0.04062276276320        1.07185766094780       -1.11860928030060
N            0.76973855849359        0.04539474056423       -0.88267867293223
C            2.12446624605314        0.21273106081708       -0.47206274427501
C            3.10243892416648       -0.01467553454456       -1.61738689599775
C            4.49264843935713       -0.10485576850042       -1.03283374790710
C            5.44765593705343        0.84236472236478       -1.35518919725173
C            6.72213695966054        0.77964815427791       -0.81276849831068
C            7.06530079211841       -0.27234712601507        0.01024046662396
O            8.30073575317497       -0.42609322355772        0.57700191657523
C            9.29031700915495        0.55307813181138        0.37574954159287
C            6.08537291459827       -1.25787791555287        0.31904574633238
O            6.49018659950831       -2.28641013801353        1.11217875973566
C            5.54445007231892       -3.32008409027789        1.22856934033740
C            4.80010289886693       -1.16711040260271       -0.19257528814371
C            0.29666825325494       -1.31687851583802       -0.92291115322986
C           -3.86377122074357        2.96563193106707        0.68052911602464
C           -4.48638667870780        2.68442741520652        2.04567961017442
C           -3.43048387845741        4.42794856836110        0.59915967786320
H           -4.55008258897151        0.82246602827507       -1.29025516394515
H           -6.70900379431242        0.13960321456740       -1.90618721537935
H           -6.98691854480957       -1.33638635842277       -2.85923054417064
H           -5.45797614319712       -0.44668594537782       -3.04194815679517
H           -4.98653995921688       -3.78971340346859        2.52270314027882
H           -5.32067659471099       -5.04466465141700        1.30576969137320
H           -3.65779481359929       -4.45039494428951        1.52649658245188
H           -3.16102487581214       -2.26983571620946        2.27612559383086
H           -2.21536904272606       -0.04521447195043        2.17951724665379
H           -3.02184490106667        2.42181377378089       -1.73382654340034
H           -1.58759150003632        3.16418587381247       -1.04449078686202
H           -1.84570575803593        0.15729115569645       -1.54157313691856
H           -1.21492531996772        1.30389530901261       -2.71246389481459
H           -0.72589333333006        1.38811550048448        1.01237261176121
H            0.51841148619872        2.02500852061583       -0.94691679686631
H            2.39539096251403       -0.58653778471839        0.28556340825655
H            2.29994483204265        1.18930797767207       -0.02324724216589
H            3.03552874618886        0.80722028887936       -2.33245348121519
H            2.87765531410202       -0.94222188230631       -2.13785239649331
H            5.20269245610951        1.65783305209141       -2.01838561493266
H            7.43417272047276        1.55268237128831       -1.04657793245483
H            8.99450969357479        1.53717512769799        0.75341567016956
H            9.57646858692072        0.65156162627472       -0.67650211937385
H           10.15991808753354        0.21749116249422        0.93873041702520
H            5.84878877813473       -3.95997457897568        2.04916842047086
H            4.55299203107196       -2.89474659536940        1.41356188112547
H            5.49261901815735       -3.89273368155951        0.29628057252729
H            2.75516914877050       -1.67964643537155        1.12888924784302
H            0.54733053209138       -1.77163977634170       -1.87227340782793
H           -0.77245014180175       -1.38153716660416       -0.76630427044137
H            0.80182487419888       -1.89896533591040       -0.14765774728328
H           -4.63755852522109        2.79978237256530       -0.07821597278262
H           -3.76083356463673        2.86141510763593        2.83159522313155
H           -4.83896322378451        1.65849723659651        2.11151093071678
H           -5.33286356023816        3.34672888646588        2.20169684338417
H           -2.62599839542276        4.62028644543005        1.30023823816278
H           -3.11155167885759        4.70290460724775       -0.40238083355219
H           -4.27155514513337        5.06173531180013        0.86414037221414
H           -0.65775365232298        2.87879104436741        2.80681156927238
72
 energy: -100.510100668796 gnorm: 0.116877505973 xtb: 6.6.1 (8d0f1dd)
N           -1.49234583341315        2.88867424319487        2.22207001572072
C           -1.54588907593732        2.04247987307930        1.30285773576989
C           -2.72628077183250        1.95934798184148        0.35591786423739
C           -3.29575715006468        0.54914440844029        0.42680344245777
C           -4.24083310815816        0.13735162334467       -0.51789392647522
C           -4.80239386663595       -1.12320453945694       -0.46639779630612
O           -5.72910477443314       -1.60050429433129       -1.33749078705105
C           -6.23544617279267       -0.75017955114669       -2.33284050479093
C           -4.40809575052333       -2.02366196922725        0.55151667336928
O           -5.01195858768122       -3.23728564507312        0.52048535632111
C           -4.71493180937279       -4.16930855963588        1.53109033696038
C           -3.46992925670419       -1.61318909335504        1.48068869893883
C           -2.92282287225283       -0.33654610216711        1.41874618245139
C           -2.17727387785407        2.24506313654440       -1.06385260945311
C           -1.33579112705237        1.10955449999738       -1.63247081620990
C            0.03955657915536        1.06475833913921       -1.12432102582679
N            0.79301786255561        0.05514021496590       -0.95046465846556
C            2.12878829966654        0.21591644590702       -0.47304172807587
C            3.10917552873455       -0.01370308207907       -1.61737525452295
C            4.52055992406333       -0.09185936309025       -1.05677938423767
C            5.45444260930485        0.86964538139031       -1.35552114298420
C            6.72726755478468        0.78657845874213       -0.80859931391691
C            7.08606405696116       -0.25853000489409        0.01534632515650
O            8.31684065023978       -0.41031200613658        0.58894088063168
C            9.29713299120932        0.55757521437383        0.37850845352907
C            6.13445320248205       -1.25743419327739        0.30225446598083
O            6.50367943360624       -2.28514276323312        1.11717032634285
C            5.55286742191175       -3.31241372274301        1.22442176539082
C            4.90858739063062       -1.21329795292218       -0.30284622944240
C            0.29326488963602       -1.30783165921390       -0.92688114038183
C           -3.86401590405169        2.96448130192427        0.68046697064065
C           -4.48633591348664        2.68421902085082        2.04622795514426
C           -3.43062646136066        4.42692682757061        0.60100992017519
H           -4.55094363500365        0.82280468237154       -1.29043292016425
H           -6.70901987135678        0.13943834931501       -1.90624972166017
H           -6.98674074840164       -1.33627658302087       -2.85940600461421
H           -5.45822294725576       -0.44617514295573       -3.04222988014101
H           -4.98626005580324       -3.79074327357683        2.52119971687505
H           -5.32039990658812       -5.04512060788060        1.30397512171680
H           -3.65767358926839       -4.45127884003077        1.52516353861115
H           -3.16074110190044       -2.26986984426141        2.27481735008613
H           -2.21531431365707       -0.04583732708641        2.17916988232700
H           -3.01846576008994        2.41925954202659       -1.73208040032451
H           -1.58925664341751        3.16282083453065       -1.04354551679638
H           -1.85324644849799        0.15863407417876       -1.53939382825305
H           -1.20778975404197        1.30060067384156       -2.70803890458005
H           -0.72996773598176        1.39193823863651        1.01246318596553
H            0.49977127159839        2.00285208094997       -0.94222355236646
H            2.42601382519715       -0.62683284676932        0.29788987414259
H            2.29379425526761        1.19228397019138       -0.02389227102025
H            3.03751096396045        0.80758516228011       -2.33134867073433
H            2.88305371384868       -0.93655892764627       -2.13308333427856
H            5.20571406880932        1.67918902439684       -2.02166851309577
H            7.43902867669296        1.55488211125479       -1.04854102884540
H            9.00060681499076        1.54209988043106        0.75257087061575
H            9.57449001348299        0.65209582675082       -0.67530012890433
H           10.16452745205624        0.22234562691562        0.93905873481580
H            5.83285017316200       -3.95005994064178        2.05128532853547
H            4.55837498454444       -2.87332185024957        1.38007340394577
H            5.50173157801659       -3.89344468406897        0.30190694192850
H            2.44623467594423       -1.76503764839980        1.29276363707916
H            0.55658929831397       -1.76481724928410       -1.85201586481431
H           -0.76938159678989       -1.38285717276867       -0.77754088646077
H            0.79618900743195       -1.88022336219089       -0.15154071888241
H           -4.63910100687072        2.80089551389467       -0.07745964413933
H           -3.76129185559585        2.85991840742963        2.83248077515619
H           -4.83861025450962        1.65814784542543        2.11141716359192
H           -5.33301819589109        3.34574504322615        2.20273453750612
H           -2.62660191591553        4.62027032545052        1.30160715789179
H           -3.11203734691014        4.70231963821868       -0.40028730760888
H           -4.27161205931889        5.06052843369527        0.86578435502809
H           -0.66475171068087        2.88864025329081        2.81465720758370
