25
 energy: -46.010168064376 gnorm: 7.760616740540 xtb: 6.6.1 (8d0f1dd)
C            3.21786164340000        1.13591514650000        0.01837059260000
N            2.27034809790000        0.05199982890000        0.00038279530000
C            2.54167221030000       -1.23971668410000       -0.00834188300000
N            1.39367826450000       -1.95088267900000       -0.00850347120000
C            0.35269634020000       -1.06748964300000        0.00059917290000
C            0.90759959010000        0.20069750900000        0.00663590170000
C            0.07590235260000        1.39864294500000       -0.00284827040000
O            0.48715076820000        2.53168346660000       -0.01725767220000
N           -1.27221500230000        1.06666939660000        0.00165480230000
C           -2.23229981500000        2.16656245330000       -0.00245172030000
C           -1.84872931540000       -0.19179276200000        0.00496135950000
O           -3.03273030250000       -0.36103538130000        0.00858583760000
N           -0.96599111670000       -1.30060631840000        0.00174701630000
C           -1.52030655580000       -2.64076660390000       -0.00239033190000
H            3.71480285180000        1.18589984860000        0.98803183970000
H            3.97079415090000        0.99383197990000       -0.75543416370000
H            2.68321036910000        2.07051068580000       -0.15067179540000
H            3.52469367910000       -1.66989040330000       -0.01523639120000
H           -1.67672429040000        3.10039111610000        0.00486339690000
H           -2.85755792270000        2.10547813320000       -0.89185337000000
H           -2.87119733260000        2.09858159720000        0.87661144540000
H           -1.20589108080000       -3.18768007210000        0.88663215920000
H           -1.21982032550000       -3.17678505510000       -0.90288069810000
H           -2.60531402170000       -2.54255916880000        0.00649952960000
H            1.32879827740000       -2.95942079410000       -0.01653446370000
25
 energy: -57.570092880093 gnorm: 15.396607912298 xtb: 6.6.1 (8d0f1dd)
C            3.21274417731237        1.13676127394554        0.02239631511136
N            2.27045245496412        0.05168607339406        0.00072519115697
C            2.54185946787033       -1.23993715002733       -0.00837482437249
N            1.39353028856862       -1.95099763417290       -0.00849187600878
C            0.35261367403924       -1.06745585608493        0.00061098030137
C            0.91276513458402        0.19833398843612        0.00636689647594
C            0.43299044801518        1.35998535116544       -0.07511960901378
O            0.49228312765190        2.53376483945218       -0.01751622591499
N           -1.26329023578310        1.06680883200785        0.00137087945919
C           -2.23163256270832        2.16641468131530       -0.00240850480822
C           -1.84840748758968       -0.19159543375606        0.00495569675144
O           -3.03277072522440       -0.36091525337150        0.00862559306016
N           -0.96613036639099       -1.30056856102639        0.00171422661170
C           -1.52031052070973       -2.64074732676604       -0.00239161424021
H            3.71514751879159        1.18586782699415        0.98792001431302
H            3.59853379462849        1.03216707362530       -0.68681908456868
H            2.68303824679845        2.07055264827708       -0.15050113245465
H            3.52468946686117       -1.66988355113432       -0.01523683095918
H           -1.67674842809963        3.10042518274061        0.00485507091289
H           -2.85755168459702        2.10545375574062       -0.89183329840187
H           -2.87117116966247        2.09856665166461        0.87661492270585
H           -1.20588259939475       -3.18768335633896        0.88662937688217
H           -1.21981198564755       -3.17678747181603       -0.90288171928751
H           -2.60531167835162       -2.54256757162503        0.00649795023085
H            1.32880315817376       -2.95941047103936       -0.01653677604254
25
 energy: -76.839293242105 gnorm: 23.332312428745 xtb: 6.6.1 (8d0f1dd)
C            3.20392249092742        1.13875021408008        0.03423741523688
N            2.27088216849486        0.05075021509165        0.00130797574132
C            2.54212336529486       -1.24008055222244       -0.00831243035675
N            1.39342303514865       -1.95097724537304       -0.00844983572127
C            0.35198335602403       -1.06788491113289        0.00058889641724
C            0.91780279494200        0.19408738324444        0.00631695939992
C            0.79488736345395        1.32461260579168       -0.14776111962922
O            0.49652393917333        2.53565921731594       -0.01783512658459
N           -1.25751676090119        1.06604928227616        0.00103991137475
C           -2.23076098440375        2.16609100272617       -0.00244311513537
C           -1.84798599788022       -0.19056513882841        0.00488239389610
O           -3.03302435464089       -0.36103457125454        0.00859359215672
N           -0.96575824041875       -1.30070410402002        0.00166402544467
C           -1.52026925663945       -2.64073689093087       -0.00242755062744
H            3.71546732339071        1.18586498532451        0.98784506259417
H            3.22894727319619        1.06950230578611       -0.62599872557167
H            2.68264597167053        2.07084762810716       -0.15000586097942
H            3.52471185303725       -1.66986998770945       -0.01515282453137
H           -1.67676204231206        3.10043659733227        0.00481257267459
H           -2.85753216298595        2.10539965583626       -0.89189849944248
H           -2.87116422645918        2.09850982098016        0.87655920184466
H           -1.20587384089568       -3.18769925431995        0.88659744719612
H           -1.21976312938024       -3.17680260123606       -0.90291377014256
H           -2.60529815534969       -2.54257771352952        0.00643571473408
H            1.32881973161327       -2.95938940173536       -0.01651069208908
25
 energy: -104.329814388383 gnorm: 31.652244611837 xtb: 6.6.1 (8d0f1dd)
C            3.20002253094225        1.14165483214854        0.05917661377783
N            2.27160858031326        0.04907921735806        0.00236822404532
C            2.54247114280427       -1.24025121004311       -0.00805276688802
N            1.39342942432834       -1.95091487258887       -0.00832864909755
C            0.35135635032855       -1.06844961740706        0.00057122435301
C            0.92120868884519        0.18740674984905        0.00697853389020
C            1.15756226582286        1.29490741002768       -0.22138262802679
O            0.50008291484182        2.53515648967837       -0.01831012027787
N           -1.25433327066754        1.06524396157953        0.00071318198853
C           -2.23006422463449        2.16564192169099       -0.00265091911589
C           -1.84759589326558       -0.18960795007675        0.00468279303358
O           -3.03334949407838       -0.36128503002853        0.00832139024941
N           -0.96542015382746       -1.30084631889636        0.00154081623696
C           -1.52016524849230       -2.64075075000901       -0.00258260215893
H            3.71572515081913        1.18594133416295        0.98799825133846
H            2.85841243454769        1.10606028880875       -0.57792254370455
H            2.68207920908938        2.07154642621069       -0.14908354127316
H            3.52477940816977       -1.66979004218557       -0.01481858344268
H           -1.67682952708931        3.10039607464487        0.00464042940827
H           -2.85750506582183        2.10528658635198       -0.89219100865857
H           -2.87128520309501        2.09839713575091        0.87629569683663
H           -1.20585646611249       -3.18774577980530        0.88647107782696
H           -1.21957741029756       -3.17684950525105       -0.90304261419400
H           -2.60522911534912       -2.54264952804734        0.00617735487142
H            1.32890448597854       -2.95933928232342       -0.01639799311856
25
 energy: -139.906772904195 gnorm: 39.448446071889 xtb: 6.6.1 (8d0f1dd)
C            3.20346557653135        1.14249994184610        0.07067370009733
N            2.27253485646166        0.04685327052870        0.00326511084006
C            2.54282668119313       -1.24061222554499       -0.00818932274786
N            1.39345864112370       -1.95097627336692       -0.00842524276840
C            0.35086855988799       -1.06871603675722        0.00051893164339
C            0.92217714485247        0.18241145601838        0.00763226403777
C            1.51707980098010        1.26264917739119       -0.29811029624815
O            0.50333326225433        2.53415802390165       -0.01883533651187
N           -1.25207593765176        1.06489273966479        0.00070974726269
C           -2.22948825912920        2.16528294876887       -0.00246538784173
C           -1.84725052915158       -0.18885094928787        0.00479883872105
O           -3.03362407657522       -0.36140766622801        0.00852479901037
N           -0.96529679808973       -1.30093457524091        0.00157705018128
C           -1.52013223699990       -2.64071595124142       -0.00251434326884
H            3.71616929701520        1.18593629847646        0.98778173282544
H            2.48723879900923        1.14576891385852       -0.51478772636553
H            2.68167361909206        2.07237386292035       -0.14859377052710
H            3.52480908365324       -1.66981283531428       -0.01502609162386
H           -1.67681524390321        3.10038688289396        0.00478377107655
H           -2.85756801421703        2.10527197826802       -0.89199549809737
H           -2.87123244058238        2.09836695835944        0.87652035232432
H           -1.20578758691591       -3.18776601900960        0.88651751148854
H           -1.21961748385440       -3.17685025320987       -0.90299835949498
H           -2.60522481181031       -2.54264919862704        0.00631475616075
H            1.32890961092618       -2.95932192746833       -0.01650557227386
25
 energy: -177.908506186832 gnorm: 17.178105933189 xtb: 6.6.1 (8d0f1dd)
C            3.20416174309966        1.14251906590760        0.07239754548428
N            2.27385969971919        0.04425810198265        0.00374171357177
C            2.54300468614458       -1.24110685662704       -0.00884184271576
N            1.39341804964195       -1.95124626116058       -0.00875560568488
C            0.35058307571645       -1.06855265300735        0.00038989546715
C            0.92260757455441        0.18021512394897        0.00772527255605
C            1.87625750699261        1.22319876737958       -0.37921031762221
O            0.50605472250422        2.53399640453617       -0.01915662414419
N           -1.25003209964074        1.06487971928805        0.00102296320881
C           -2.22884575792450        2.16516522797657       -0.00179418257782
C           -1.84692184001840       -0.18818968806974        0.00532245097818
O           -3.03383110235274       -0.36123317683647        0.00938329192231
N           -0.96540581863631       -1.30091277151022        0.00185037401498
C           -1.52029207836066       -2.64056719456768       -0.00209611896257
H            3.71675273788840        1.18566515493073        0.98707105571241
H            2.11988518052541        1.18896489470458       -0.43896441059260
H            2.68205259764456        2.07300917499251       -0.14879676760630
H            3.52472233979325       -1.67007892511322       -0.01593904449451
H           -1.67656735183767        3.10050811978097        0.00529563115746
H           -2.85765219330821        2.10547750566458       -0.89118108064816
H           -2.87083957537875        2.09855974901916        0.87736168631475
H           -1.20576716886803       -3.18768738168447        0.88684633897472
H           -1.22007652458010       -3.17675207211618       -0.90266932954985
H           -2.60539860456310       -2.54245046935078        0.00702374102359
H            1.32870171534453       -2.95940101846841       -0.01685501788762
25
 energy: -177.611553739667 gnorm: 32.792081402416 xtb: 6.6.1 (8d0f1dd)
C            3.21201917753039        1.14101055077877        0.07251836382542
N            2.27878074372545        0.03225854042109        0.00678276737189
C            2.54372884687645       -1.24266170192710       -0.01048345923280
N            1.39286442254537       -1.95211352088166       -0.00941609162784
C            0.35031102987015       -1.06764588727184       -0.00004331107499
C            0.91965547991982        0.18077740946805        0.00906449038647
C            2.06269665789274        1.19079721487696       -0.44105686169107
O            0.50713021286166        2.53394295225737       -0.01927578549234
N           -1.25223759454009        1.06496133781368        0.00180367713570
C           -2.22720377202057        2.16507791255141       -0.00052476263428
C           -1.84596464207970       -0.18642629935443        0.00643096630365
O           -3.03439276938250       -0.36045730404077        0.01119918553488
N           -0.96576663729029       -1.30068831650824        0.00253962736066
C           -1.52096583660774       -2.64004132931221       -0.00103724875158
H            3.71794553606894        1.18453087247242        0.98667757002398
H            1.92042740297768        1.22906170231875       -0.38984365528332
H            2.68566088716084        2.07544008595685       -0.14923840824473
H            3.52434545279807       -1.67116230157325       -0.01781009698022
H           -1.67551480618268        3.10101545982910        0.00619935547675
H           -2.85751696220170        2.10627723686768       -0.88961942936472
H           -2.86971314421795        2.09942908912453        0.87904928274810
H           -1.20616301335339       -3.18729418131476        0.88773519656456
H           -1.22148704125076       -3.17641563840767       -0.90178899995775
H           -2.60610396215216       -2.54164916319799        0.00867973817843
H            1.32789584515195       -2.95978617934674       -0.01737049267486
25
 energy: -155.934532492811 gnorm: 41.651769481655 xtb: 6.6.1 (8d0f1dd)
C            3.22040804324488        1.13677741059034        0.06735775651691
N            2.28054130829083        0.02407584934723        0.00477023357371
C            2.54309018379568       -1.24620005175677       -0.01513470518593
N            1.39063683031450       -1.95385682035767       -0.01151492952402
C            0.34927487070214       -1.06749669139725       -0.00042890208802
C            0.91727348581986        0.18082740892762        0.00881751798921
C            2.29728498273791        1.10306971123775       -0.55508490482994
O            0.50883425312221        2.53350762121722       -0.02025360072846
N           -1.25380824184740        1.06633584158423        0.00431651139236
C           -2.22424871254005        2.16743109675547        0.00354720635034
C           -1.84561870161633       -0.18359462531643        0.01025264632719
O           -3.03492918559454       -0.35690807136765        0.01734283841649
N           -0.96716441935148       -1.29946287320192        0.00491139569369
C           -1.52387828899922       -2.63812819170061        0.00268670223893
H            3.72148536460743        1.18061749344737        0.98039730947993
H            1.68258723638693        1.31674088960519       -0.28958013320340
H            2.68923824279251        2.07436190788593       -0.15410923229841
H            3.52254073987462       -1.67514518733667       -0.02401343406612
H           -1.67175912732326        3.10307834730904        0.00900425251196
H           -2.85670553382676        2.10951216018364       -0.88435947094304
H           -2.86551041518808        2.10305049883716        0.88439865680820
H           -1.20802489696777       -3.18558737742453        0.89096458432641
H           -1.22678590617030       -3.17506737786261       -0.89854368965801
H           -2.60891611509485       -2.53849737390250        0.01446833254069
H            1.32458551693054       -2.96120305370358       -0.01904132374066
25
 energy: -170.414928494772 gnorm: 37.864802194527 xtb: 6.6.1 (8d0f1dd)
C            3.22927678914369        1.13932761314599        0.07762384256106
N            2.28094208795884        0.02007876860927        0.01001829735346
C            2.54493173095626       -1.24537543385465       -0.01266061999259
N            1.39219126998408       -1.95310673054381       -0.01040261727312
C            0.35004068882333       -1.06698330142235       -0.00045886762195
C            0.91554412711547        0.18065481188566        0.01119791534351
C            2.18288871770487        1.16561792015291       -0.49880306682870
O            0.50740905050331        2.53393706731243       -0.01922244537354
N           -1.25491680211733        1.06489272633716        0.00285223661950
C           -2.22554776430976        2.16496822043836        0.00120174716066
C           -1.84497675684527       -0.18453816181289        0.00786503139169
O           -3.03499187760898       -0.35968876983680        0.01353075110806
N           -0.96616089470978       -1.30046129420581        0.00335427933273
C           -1.52165977266925       -2.63948733370990        0.00021699750532
H            3.71971954737506        1.18353469088660        0.98573611612137
H            1.78320671676787        1.26355175559881       -0.35259036526962
H            2.68813281078582        2.07867793414984       -0.14988838774869
H            3.52397116306303       -1.67233516393511       -0.02024255912003
H           -1.67441028620148        3.10152266973252        0.00748953925954
H           -2.85749974031222        2.10712818729415       -0.88750523998729
H           -2.86841307372044        2.10030358660359        0.88129584964945
H           -1.20643425986722       -3.18691542555726        0.88876294317158
H           -1.22307080008630       -3.17604719642870       -0.90077070229048
H           -2.60682856615677       -2.54082009469455        0.01072301491440
H            1.32708740852319       -2.96019850454545       -0.01815207208634
25
 energy: -177.640853100943 gnorm: 20.095942446540 xtb: 6.6.1 (8d0f1dd)
C            3.23505522365628        1.13796823353392        0.07968937689592
N            2.28234051727853        0.01661034660102        0.01317405260236
C            2.54555719410641       -1.24643484589993       -0.01071317442776
N            1.39220045967215       -1.95342671235894       -0.00916969669536
C            0.35001647021010       -1.06676113703599       -0.00028567566195
C            0.91236966104654        0.18041895508112        0.01317231349365
C            1.85136898147712        1.20203284252112       -0.40935391544427
O            0.50635296651407        2.53340895845318       -0.01909040064414
N           -1.25822914914378        1.06463184895907        0.00160876148214
C           -2.22516989603123        2.16462159626927       -0.00105476236238
C           -1.84459622396522       -0.18391770105174        0.00623536526730
O           -3.03523536146863       -0.35976520792044        0.01093776764431
N           -0.96618666984935       -1.30051201889653        0.00261417603723
C           -1.52165524869813       -2.63942818928702       -0.00080499998135
H            3.71924431859861        1.18374259155131        0.98959226255432
H            2.11315857348724        1.23195727573439       -0.44320643139260
H            2.68925301593058        2.08053974153827       -0.14744975489327
H            3.52405154441684       -1.67247783689526       -0.01718396524140
H           -1.67428856783272        3.10152164374349        0.00557388569329
H           -2.85672210789707        2.10704120961540       -0.89030135743177
H           -2.86911295900166        2.10044839912704        0.87854857815515
H           -1.20720775566455       -3.18679337520192        0.88807290304657
H           -1.22235880490820       -3.17615983268310       -0.90148149886664
H           -2.60686308704122       -2.54077447108491        0.00878392279221
H            1.32708841920729       -2.96025377281284       -0.01673611472157
25
 energy: -177.593492059376 gnorm: 35.346554397679 xtb: 6.6.1 (8d0f1dd)
C            3.22971620879183        1.14316847469110        0.08936856674952
N            2.28548078429072        0.01446822646843        0.01961317582430
C            2.54828429542895       -1.24387939298674       -0.00759795006907
N            1.39531221881723       -1.95180506395667       -0.00799249549666
C            0.35128959174769       -1.06585713817352       -0.00065759001649
C            0.91630950407773        0.17880011744424        0.01567021677794
C            1.96326847237971        1.28552758738646       -0.38298091142644
O            0.50846457960418        2.53639459459751       -0.01744166599930
N           -1.25100192818481        1.06217960643443       -0.00046206211536
C           -2.22745530161045        2.15995208782111       -0.00378661865148
C           -1.84365203581783       -0.18607117424746        0.00292689985794
O           -3.03499659318680       -0.36501485567568        0.00567729960765
N           -0.96416610164368       -1.30236784920625        0.00021791000662
C           -1.51733690313845       -2.64212590910369       -0.00470889217958
H            3.71643066994853        1.18921587497044        0.99777588519500
H            1.97199253411852        1.16063039928332       -0.47213041719954
H            2.68818055602034        2.08714176052185       -0.14095325081566
H            3.52691360464634       -1.66696327229665       -0.01235209488998
H           -1.67953732944038        3.09851432347221        0.00412593398386
H           -2.85888466838850        2.10244050908279       -0.89415295154426
H           -2.87415029080084        2.09499321993167        0.87471369614170
H           -1.20347696990917       -3.18946307398395        0.88441558637635
H           -1.21571116575112       -3.17799221377862       -0.90516814407976
H           -2.60276634530943       -2.54533258974394        0.00313575933855
H            1.33192412740971       -2.95831570735240       -0.01608426747585
25
 energy: -149.203393756155 gnorm: 41.615245804576 xtb: 6.6.1 (8d0f1dd)
C            3.22771256448796        1.15518844933039        0.10509246625282
N            2.28930260571309        0.01607921716590        0.03199470334541
C            2.55403633031114       -1.23571615837157        0.00054188143954
N            1.40312467446377       -1.94716746704457       -0.00509885140757
C            0.35503516967703       -1.06427058595332       -0.00126981246339
C            0.91415438331835        0.18070459618606        0.02083947243386
C            2.25600885877958        1.49257497052458       -0.30848255861632
O            0.50046432284482        2.53805830888658       -0.01293958224734
N           -1.25532688443320        1.05607420328153       -0.00480127296947
C           -2.23557231190250        2.14936491610099       -0.01061536154123
C           -1.84243377407239       -0.19293856212315       -0.00520067608580
O           -3.03425061051539       -0.37822147305792       -0.00739941314452
N           -0.95905873223803       -1.30698063353813       -0.00565153337456
C           -1.50672395646834       -2.64892206461117       -0.01439218514074
H            3.70794494259286        1.20286796682508        1.01595172515623
H            1.65539459093205        0.97869241010772       -0.53820341535748
H            2.68274209018510        2.10085365677798       -0.12658968102229
H            3.53376681737302       -1.65310257263256       -0.00048831034764
H           -1.69260426047860        3.09101433173558        0.00063523865040
H           -2.86432971760263        2.09112470014489       -0.90363759785074
H           -2.88672941954795        2.08151693651160        0.86526669043459
H           -1.19423551110176       -3.19604885479602        0.87531883092865
H           -1.19927521450034       -3.18248326934139       -0.91427523130119
H           -2.59260494766818       -2.55663197093991       -0.01083207702514
H            1.34388950395055       -2.95339250956920       -0.01459183084607
25
 energy: -169.732984799461 gnorm: 38.490718724885 xtb: 6.6.1 (8d0f1dd)
C            3.23696284968423        1.14590969044547        0.09990807826439
N            2.28852159261103        0.01232883416717        0.02736002430466
C            2.55151982913950       -1.24100877498724       -0.00349736803146
N            1.39921435786256       -1.94975722493386       -0.00655116383298
C            0.35306842750098       -1.06488352760263       -0.00103138185181
C            0.91312512231738        0.18004747347399        0.01900685471653
C            2.09685130037046        1.38781605635318       -0.34766626896826
O            0.50418580728334        2.53631165243840       -0.01519122421870
N           -1.25653043053375        1.05900693668111       -0.00256874389973
C           -2.23112635749205        2.15447333160229       -0.00723918768643
C           -1.84276422532362       -0.18892630472410       -0.00110913881185
O           -3.03478365477721       -0.37155454033155       -0.00081701956954
N           -0.96162177422361       -1.30466763536263       -0.00268034885835
C           -1.51215972706521       -2.64546383474763       -0.00945977789356
H            3.71264008459751        1.19590770031339        1.00751843418824
H            1.81867181708664        1.07215294635173       -0.51056970195942
H            2.68863248652030        2.10040047484605       -0.13250571780728
H            3.53037343100889       -1.66032390140250       -0.00644806261798
H           -1.68585217312071        3.09481476852185        0.00232622847932
H           -2.86150260576592        2.09689030213245       -0.89892787491901
H           -2.88032709645363        2.08840723487125        0.86999628597301
H           -1.19900211388221       -3.19267059092842        0.87994736736269
H           -1.20765696161441       -3.18018736447151       -0.90960447731842
H           -2.59778278023170       -2.55084926312454       -0.00374843332685
H            1.33777430860120       -2.95593589798169       -0.01527576381720
25
 energy: -177.607525485285 gnorm: 20.633411254700 xtb: 6.6.1 (8d0f1dd)
C            3.23932337464277        1.13617958654351        0.08688262953426
N            2.29171142221433       -0.00030280576702        0.02227939995424
C            2.54815187002967       -1.25176600904629       -0.01139031463360
N            1.39251624189235       -1.95482261494153       -0.00930930921812
C            0.34930911437983       -1.06511262869465       -0.00102084311882
C            0.91495106784540        0.17544781429809        0.01783198114350
C            1.82424667504305        1.21382065243479       -0.42228262567853
O            0.51757080378726        2.53553752848111       -0.01940677320059
N           -1.24983963438666        1.06379447456425        0.00116404216686
C           -2.22173975143820        2.16240162972457       -0.00099519319254
C           -1.84242044061499       -0.18062890224504        0.00613464019404
O           -3.03601714469816       -0.36003242594865        0.01092300302444
N           -0.96620642586059       -1.30071760549895        0.00251386316580
C           -1.52145951932624       -2.63933052789735       -0.00084904463332
H            3.72151815675188        1.18399402837522        0.99515806104368
H            2.08863595713875        1.24258473040771       -0.45712937831155
H            2.69422929150279        2.08602003194045       -0.14453602947335
H            3.52473351723068       -1.67300464897566       -0.01708921304880
H           -1.67404374891372        3.10141070572651        0.00555124284009
H           -2.85665772342533        2.10687379677768       -0.89041106822173
H           -2.86910103147998        2.10027382644106        0.87861595296780
H           -1.20715519480554       -3.18689844475717        0.88799965983456
H           -1.22225140619535       -3.17621713686938       -0.90155213463938
H           -2.60677217237534       -2.54081530114040        0.00868589330212
H            1.32719821516134       -2.96045121233285       -0.01659682390108
25
 energy: -176.372286358143 gnorm: 61.943328412275 xtb: 6.6.1 (8d0f1dd)
C            3.23816589901845        1.13585556690140        0.09926395317349
N            2.30233811470153       -0.01498971075813        0.03363954614250
C            2.55213407782457       -1.25496697911595       -0.01007058881007
N            1.39472242824866       -1.95509382153228       -0.00866045208045
C            0.34929054642096       -1.06338030476980       -0.00195583524780
C            0.92135756992048        0.16961524950283        0.02289583669646
C            1.87372458035927        1.27323936882762       -0.41947091798454
O            0.52921999783217        2.53994542642369       -0.01869327173080
N           -1.23538207542603        1.06156877891136       -0.00061536866554
C           -2.22009696156441        2.15749345846292       -0.00260998124005
C           -1.84001375435653       -0.17917673783367        0.00401712088492
O           -3.03636450878718       -0.36347945243646        0.00769638393510
N           -0.96502887906913       -1.30202544773815        0.00100060918523
C           -1.51850804259002       -2.64072539336579       -0.00324945653685
H            3.72193462811852        1.18748787649451        1.00516099858402
H            1.96829206298436        1.20604808710138       -0.48552915582002
H            2.70131342852497        2.10020688143613       -0.13662079165183
H            3.52716197692405       -1.67005900059134       -0.01403312807327
H           -1.67711158714976        3.09947052074541        0.00460588981531
H           -2.85794157977501        2.10382381905974       -0.89286130090244
H           -2.87217491530437        2.09671568185232        0.87625814353916
H           -1.20472171824895       -3.18869081488841        0.88580328632767
H           -1.21799095687000       -3.17749985514739       -0.90392174665374
H           -2.60418409960626       -2.54369741476464        0.00516903618869
H            1.33029528196965       -2.95944724117729       -0.01604719117516
25
 energy: -178.320166964925 gnorm: 16.992453500470 xtb: 6.6.1 (8d0f1dd)
C            3.25994267670640        1.13796929171505        0.08250965999339
N            2.28920102851229        0.00809826868670        0.02303885941134
C            2.54851161472264       -1.25018224935381       -0.00873198370739
N            1.39454780795558       -1.95340988199700       -0.00860234486141
C            0.35062556440304       -1.06566010809251       -0.00097906548116
C            0.89648328215536        0.18465984773477        0.01805818971345
C            1.91174065129952        1.26294821174223       -0.39652888463392
O            0.49901262753068        2.52533512721922       -0.01842632930464
N           -1.28700170019242        1.06218829998367        0.00141324601234
C           -2.22629721935851        2.16088007136212       -0.00262391032538
C           -1.84356191735515       -0.18359705005888        0.00438848741844
O           -3.03542059537396       -0.36321586762446        0.00792533192013
N           -0.96482036816948       -1.30175761313912        0.00127509072150
C           -1.51926636121366       -2.64094505206896       -0.00304853391384
H            3.71796046786083        1.18700866213248        0.99779926281002
H            2.05654652070051        1.19869942592689       -0.46953357409222
H            2.69109716962468        2.08609547922063       -0.14265566142106
H            3.52638627742143       -1.67015721463924       -0.01462540111613
H           -1.67689304568414        3.09962186889349        0.00492250800925
H           -2.85785221990687        2.10444395241875       -0.89239218545913
H           -2.87194367062378        2.09729111894316        0.87654442776684
H           -1.20515128619393       -3.18833189591641        0.88587689405629
H           -1.21866852267451       -3.17712300383877       -0.90355851080685
H           -2.60448882919540       -2.54329878693076        0.00557079441956
H            1.32974156114883       -2.95932236071923       -0.01644474922941
25
 energy: -178.338874378026 gnorm: 13.489146363945 xtb: 6.6.1 (8d0f1dd)
C            3.22058339422215        1.13926355081178        0.11422131275021
N            2.30789958747343       -0.02578533336611        0.04028677648927
C            2.55223879605701       -1.26053206002605       -0.01114884109610
N            1.39338264978216       -1.95702886748911       -0.00872322878182
C            0.34738403405982       -1.06221248834003       -0.00243058959155
C            0.94306111755352        0.16146698635604        0.02304817726732
C            1.76976995696412        1.24430810278502       -0.43531410433986
O            0.55441446436458        2.54547162340986       -0.02108366216204
N           -1.20217693994346        1.06261468054198       -0.00124141755254
C           -2.21529272472571        2.15784501735136       -0.00180160485795
C           -1.83896366717615       -0.17574302767796        0.00490817033124
O           -3.03723168498823       -0.36134827219455        0.00939773530580
N           -0.96588905933803       -1.30115391672533        0.00163561193229
C           -1.52028737592967       -2.63961665031063       -0.00191139089893
H            3.72581576148454        1.18492369663837        1.00730644756757
H            2.00018422034556        1.24397146132823       -0.50051217521849
H            2.70516225529321        2.09614118698062       -0.13571603251949
H            3.52686125682110       -1.67311489634804       -0.01531352469380
H           -1.67471761181243        3.10062525361742        0.00473559044798
H           -2.85683317430988        2.10571033532239       -0.89193478088611
H           -2.87020901538112        2.09903852572020        0.87729899692073
H           -1.20648856435242       -3.18758075208171        0.88703320862169
H           -1.22057939777436       -3.17672050574826       -0.90258924790009
H           -2.60586302225284       -2.54176836456084        0.00695868379733
H            1.32820625766310       -2.96053674439465       -0.01593849303267
25
 energy: -178.681662648233 gnorm: 0.338820783695 xtb: 6.6.1 (8d0f1dd)
C            3.23552397954548        1.13922574871552        0.10426110735426
N            2.30662794151203       -0.01912556722355        0.03811154988479
C            2.55254269890123       -1.26010261162354       -0.01172194970099
N            1.39461823708534       -1.95612775582734       -0.00964224159460
C            0.34850125931406       -1.06278682109816       -0.00273073836765
C            0.92710595903906        0.16863913693928        0.02280412873541
C            1.81325208545200        1.27571329146297       -0.44339898772629
O            0.53926641793000        2.53727010479625       -0.02050855826941
N           -1.23313923612356        1.06168153242712        0.00050387065824
C           -2.21817807412073        2.15688041472531       -0.00050370304877
C           -1.83974410424252       -0.17765304964125        0.00557482720656
O           -3.03643506948211       -0.36307661170562        0.01026654842908
N           -0.96516440039111       -1.30182655423039        0.00173359731351
C           -1.51898286641138       -2.64041140229580       -0.00211582827816
H            3.72425236522113        1.18660941167693        1.00598447924896
H            2.00381256421523        1.21700533707961       -0.48193547049997
H            2.70298272579223        2.09561842094137       -0.13696833087651
H            3.52788973151632       -1.67158241804462       -0.01697379415915
H           -1.67633852633290        3.09962257307835        0.00631862486879
H           -2.85819290975054        2.10437253955174       -0.89021797283267
H           -2.87103612455830        2.09713866654422        0.87886148032861
H           -1.20456993405412       -3.18854019124869        0.88656794132817
H           -1.21926813338336       -3.17716013403826       -0.90302682774763
H           -2.60453358903353       -2.54320490973056        0.00716781516916
H            1.32963851646005       -2.95994060963089       -0.01723994952375
25
 energy: -178.716146691741 gnorm: 1.793916573366 xtb: 6.6.1 (8d0f1dd)
C            3.21389253964602        1.13926434944961        0.11980933190496
N            2.31786839490188       -0.03249363283525        0.04854549065903
C            2.55534848161293       -1.26857950561606       -0.01170638772639
N            1.39448669012220       -1.95803070333770       -0.00924491927258
C            0.34739602238417       -1.06158675760261       -0.00367471830514
C            0.95002594755564        0.15859925155387        0.02586534985775
C            1.76408151234419        1.27848567274773       -0.45351732101422
O            0.56835753941540        2.54483014180874       -0.02275877638045
N           -1.19736759822367        1.06174665312979       -0.00123080476331
C           -2.21189571804254        2.15413806473077       -0.00097181721667
C           -1.83733245719877       -0.17366026307814        0.00504289596034
O           -3.03593542300192       -0.36219427741027        0.00975709086860
N           -0.96544984211121       -1.30171440291863        0.00142309518748
C           -1.51899818722830       -2.63999882721002       -0.00229776645055
H            3.72776047343807        1.18628941791903        1.01335252399043
H            1.95164364845613        1.23364742836229       -0.50500053686044
H            2.71074147897565        2.10075266386503       -0.13225568053201
H            3.52914831454576       -1.67314554771624       -0.01612927229996
H           -1.67582237773324        3.09976832521852        0.00565625639380
H           -2.85739716672378        2.10421980505104       -0.89082410322220
H           -2.87058456261877        2.09713411644904        0.87794728579119
H           -1.20495407929198       -3.18847166660326        0.88648844925477
H           -1.21924590020196       -3.17718920744988       -0.90317484383195
H           -2.60468900915479       -2.54297649862295        0.00669460675280
H            1.32935279223289       -2.96059605828443       -0.01662381084530
25
 energy: -178.850517583405 gnorm: 0.814427251393 xtb: 6.6.1 (8d0f1dd)
C            3.14461273707954        1.13468548245808        0.17170668623861
N            2.37298099304338       -0.09289325849205        0.09535551836578
C            2.56926331127988       -1.31030839194398       -0.01318192079382
N            1.39450916955220       -1.96706294759175       -0.00886547389036
C            0.34370073815784       -1.05644143705922       -0.00869891681965
C            1.02497264567609        0.12275179525442        0.04159270524668
C            1.56162598204304        1.31384846180644       -0.51917487993563
O            0.67961071633137        2.56444132835185       -0.03332085593585
N           -1.08770219764943        1.06091725904188       -0.00618484987314
C           -2.18491694727220        2.14078557211302       -0.00089387281309
C           -1.82651145619764       -0.15565196501851        0.00426568943165
O           -3.03272453010206       -0.35871034343407        0.00986004751747
N           -0.96632490914669       -1.30145645945866        0.00078339155811
C           -1.51861904223559       -2.63833672874028       -0.00228749838186
H            3.74304826031621        1.18535609509179        1.04571395178862
H            1.75630279129205        1.30407704946154       -0.58251239544305
H            2.74809416089870        2.12564229169758       -0.11259678778845
H            3.53609142136023       -1.68080865853461       -0.01551820091079
H           -1.67369338785109        3.10000324227256        0.00488346059881
H           -2.85446384693980        2.10306183824292       -0.89041305886825
H           -2.86782399929616        2.09621852952337        0.87652477103089
H           -1.20549346772441       -3.18854572051063        0.88658548729466
H           -1.21943454212562       -3.17732245512892       -0.90332905947173
H           -2.60502444383911       -2.54230921723798        0.00632049242978
H            1.32835135744930       -2.96370282056478       -0.01544281267537
25
 energy: -178.921399787587 gnorm: 2.683045533822 xtb: 6.6.1 (8d0f1dd)
C            3.10029685026045        1.12518980512564        0.20992442986773
N            2.42625329820919       -0.13870058397795        0.13885763165951
C            2.58391378326531       -1.35838105835818       -0.01353615860826
N            1.39394180552232       -1.97681314643500       -0.00895139947954
C            0.34336444478471       -1.05378288687386       -0.01356785201290
C            1.07367730797922        0.09718182114466        0.05811315014458
C            1.39347340175026        1.36485767089270       -0.57775944966546
O            0.77280621771636        2.56431287922989       -0.04776541659761
N           -1.03349175726570        1.05895986286357       -0.00931900368471
C           -2.15828995904106        2.12746053259936       -0.00066632496365
C           -1.81588461222680       -0.13858415429574        0.00379319569016
O           -3.02544745598172       -0.35362058838716        0.01025265809503
N           -0.96655848738722       -1.30066091248327        0.00021971358969
C           -1.51825545164423       -2.63671581668565       -0.00229543897914
H            3.75618298033399        1.18432431113817        1.07551213483119
H            1.59074179603162        1.37714728294181       -0.64646625807149
H            2.78631692679525        2.14741127322600       -0.09511180541974
H            3.54616349913678       -1.69162232425729       -0.01563198408818
H           -1.67127794278327        3.10012842623452        0.00469055675564
H           -2.85012654183991        2.10123128129280       -0.88845795396584
H           -2.86343635999641        2.09441240010729        0.87478016633048
H           -1.20586302452118       -3.18861059310587        0.88659082404444
H           -1.21974043637120       -3.17732971976596       -0.90340715939829
H           -2.60527094904385       -2.54159068136582        0.00618701756014
H            1.32694218041708       -2.96796653920467       -0.01481365573379
25
 energy: -165.587260556606 gnorm: 40.541440681566 xtb: 6.6.1 (8d0f1dd)
C            3.10661639322742        1.12334295660956        0.21270315531610
N            2.42805794333564       -0.13391311846366        0.14024418356147
C            2.58439755807262       -1.36361043348444       -0.01231717708751
N            1.39336521061569       -1.97818562480278       -0.00914103769467
C            0.34578001842244       -1.05414927153459       -0.01412455323040
C            1.08072629204308        0.10384080473622        0.05321986270325
C            1.72717791170205        1.39949264368849       -0.69074351698163
O            0.78455543075736        2.55364004828469       -0.05700129130315
N           -1.04440327933779        1.05816665345076       -0.00934498797984
C           -2.15632721796602        2.12701628649497       -0.00089924660465
C           -1.81505102561805       -0.13823296260235        0.00366844140635
O           -3.02262882707681       -0.35209484315765        0.01012082838704
N           -0.96600637271229       -1.30007360411969        0.00003721900979
C           -1.51819192455877       -2.63653104702304       -0.00241019491126
H            3.75639217977412        1.18405788613987        1.07614780646551
H            1.22129310935803        1.35619032154426       -0.52434216593605
H            2.79099826539967        2.14660020432557       -0.09419449250753
H            3.54936838538230       -1.69490380784379       -0.01548969135294
H           -1.67083533586327        3.10009323218805        0.00462951560386
H           -2.84858782121103        2.10054031179294       -0.88773942924796
H           -2.86191461025937        2.09368469647727        0.87384023898526
H           -1.20589424460383       -3.18855456132220        0.88648552031659
H           -1.21970403167448       -3.17729517307015       -0.90340501315419
H           -2.60521243278667       -2.54150368905140        0.00606952636588
H            1.32645993967796       -2.96937936765692       -0.01484188222933
25
 energy: -169.103793091658 gnorm: 207.770945823856 xtb: 6.6.1 (8d0f1dd)
C            3.10662768502969        1.12294569695633        0.21263411442908
N            2.42789371884686       -0.13296867314628        0.14040593968492
C            2.58458303769245       -1.36434255206391       -0.01222429430604
N            1.39327654769636       -1.97837205315569       -0.00917563579660
C            0.34611515452474       -1.05435689189995       -0.01413909180641
C            1.07957474732457        0.10356826950250        0.05385964603948
C            1.51593095586989        1.38338172665548       -0.62054317709202
O            0.78414254709176        2.55360636586053       -0.05686789160685
N           -1.04613352457194        1.05803806080894       -0.00931690794494
C           -2.15600534878179        2.12694000516230       -0.00089962675381
C           -1.81490983267090       -0.13814751719633        0.00367796396171
O           -3.02220017166144       -0.35184787017076        0.01015320106375
N           -0.96586876331226       -1.29996689240869        0.00002900830690
C           -1.51819197899016       -2.63651352241595       -0.00239118855032
H            3.75642713929140        1.18407684929784        1.07612324888080
H            1.43349638674073        1.37397807504202       -0.59553419384875
H            2.79103417147400        2.14644053536571       -0.09424042556360
H            3.54986112691545       -1.69541444644087       -0.01553862046075
H           -1.67076066321405        3.10008987431976        0.00463936674965
H           -2.84835733988611        2.10043753414908       -0.88758610668324
H           -2.86166279434487        2.09358184506042        0.87373505924334
H           -1.20589342077055       -3.18853972358900        0.88649698620034
H           -1.21971910028654       -3.17728626952866       -0.90337425408177
H           -2.60520714712124       -2.54148282945075        0.00610074824154
H            1.32637838121398       -2.96960705511405       -0.01485225040640
25
 energy: -172.690498783108 gnorm: 35.799272112944 xtb: 6.6.1 (8d0f1dd)
C            3.10671294432296        1.12273683661289        0.21268260520649
N            2.42788371126126       -0.13258679150344        0.14057899640099
C            2.58466516621595       -1.36466755819597       -0.01213638819508
N            1.39324548148063       -1.97844821829326       -0.00918760161412
C            0.34629817553741       -1.05443316690773       -0.01418141917320
C            1.07946999066635        0.10368127986190        0.05395142124682
C            1.66360362284317        1.40395746366999       -0.66248124842223
O            0.78435788254672        2.55342846283773       -0.05700227079337
N           -1.04694216490041        1.05796501502032       -0.00932107610631
C           -2.15587133287488        2.12686742020318       -0.00092144157892
C           -1.81483635664995       -0.13812176839611        0.00364248791747
O           -3.02199586345037       -0.35176971892421        0.01010261632946
N           -0.96580646687758       -1.29993418055541       -0.00000958500922
C           -1.51815950199226       -2.63652219607454       -0.00244089210482
H            3.75639280486207        1.18413240348821        1.07619745706235
H            1.28520462453640        1.35424522401045       -0.55353988354596
H            2.79105424644499        2.14644040215237       -0.09418923389830
H            3.55011294148152       -1.69560545722963       -0.01550819598174
H           -1.67076538838031        3.10006651037875        0.00464056176360
H           -2.84826054912084        2.10036358711267       -0.88755291881231
H           -2.86159168725152        2.09348970915798        0.87364915070051
H           -1.20587316411184       -3.18855905333372        0.88644454102931
H           -1.21967024853796       -3.17728960103624       -0.90341960441021
H           -2.60517562839298       -2.54150613206991        0.00603523211104
H            1.32637827444148       -2.96969193038627       -0.01486169222225
25
 energy: -174.597007911200 gnorm: 32.779902829183 xtb: 6.6.1 (8d0f1dd)
C            3.10769977443057        1.11982291360337        0.21182576687229
N            2.42822921356347       -0.13039325841373        0.14236133623230
C            2.58553894395444       -1.36794641886556       -0.01125033206118
N            1.39283603191470       -1.97946515915870       -0.00935424861442
C            0.34823539925500       -1.05477114127701       -0.01483829789397
C            1.08011722115880        0.10547922869582        0.05408209666454
C            1.63331367270541        1.38255978698801       -0.67440941664727
O            0.78896392176755        2.55231984471955       -0.05934001021503
N           -1.05531795171187        1.05741879006698       -0.00933693683075
C           -2.15439186708522        2.12658225933047       -0.00096013193414
C           -1.81411129018983       -0.13775822460657        0.00361168043064
O           -3.01996716300206       -0.35055732981713        0.01017534679901
N           -0.96506701052385       -1.29943186584410       -0.00013540976208
C           -1.51809728837989       -2.63634531459806       -0.00238695357910
H            3.75631244076233        1.18458955458698        1.07634521594643
H            1.30432491398827        1.38366284624847       -0.54017182254989
H            2.79145575022129        2.14618952269033       -0.09455866907994
H            3.55269099852308       -1.69840274336483       -0.01562223262058
H           -1.67029746465481        3.10003447785456        0.00463709948969
H           -2.84695494337207        2.09978689239960       -0.88682321384952
H           -2.86024372744602        2.09290939897559        0.87296761721825
H           -1.20589396182162       -3.18848995642878        0.88644979931992
H           -1.21970612645400       -3.17723716900924       -0.90332050008588
H           -2.60513712348325       -2.54138247035512        0.00609481667402
H            1.32589914997959       -2.97093592282091       -0.01487098202338
25
 energy: -178.097508215479 gnorm: 19.569523339698 xtb: 6.6.1 (8d0f1dd)
C            3.11025674134345        1.11347023981472        0.21209689155884
N            2.42752651943640       -0.11857166462052        0.14611711673159
C            2.58766025090640       -1.37845476727066       -0.00935202626940
N            1.39144660192833       -1.98210533048375       -0.00979110188270
C            0.35351279201890       -1.05740032089557       -0.01567660006434
C            1.07477367078452        0.10735127858714        0.05813749203612
C            1.37201354056375        1.44649900677026       -0.52631675595659
O            0.79399050764052        2.54612795751980       -0.06327239028385
N           -1.08007013242251        1.05546748710296       -0.00919794753538
C           -2.14953983964387        2.12475708267652       -0.00125604755443
C           -1.81175492440636       -0.13641158128511        0.00329569737650
O           -3.01380937722351       -0.34733705826794        0.00988932096856
N           -0.96359921172194       -1.29814747341424       -0.00061418250022
C           -1.51780011702624       -2.63623720447045       -0.00273997085834
H            3.75598299369690        1.18540289484368        1.07700961456649
H            1.55229266007724        1.34588554692506       -0.69072650341719
H            2.79302528148321        2.14487510133718       -0.09451749090571
H            3.55994542593459       -1.70500137329148       -0.01565632916027
H           -1.66966172335914        3.09978051351639        0.00468393227170
H           -2.84383823861855        2.09812744881724       -0.88514791310314
H           -2.85723815089845        2.09107539642600        0.87105365616022
H           -1.20572397920897       -3.18854144314445        0.88602228339201
H           -1.21935276891765       -3.17718693324697       -0.90351834270233
H           -2.60479450139786       -2.54140222037441        0.00567119841892
H            1.32518749313084       -2.97378404197139       -0.01502198338707
25
 energy: -148.326533014934 gnorm: 761.556207076887 xtb: 6.6.1 (8d0f1dd)
C            3.11136402069100        1.11405456819586        0.21225549593371
N            2.42778981729630       -0.12075522388778        0.14566494254373
C            2.58756311500056       -1.37688220395687       -0.00904491378782
N            1.39166674208600       -1.98223111450900       -0.00982266515515
C            0.35343466000571       -1.05694007353404       -0.01566862664626
C            1.07610023935293        0.10801879331577        0.05718931830682
C            1.44004114577507        1.40306148448902       -0.59590923026118
O            0.79509818881818        2.54556497725963       -0.06429174453312
N           -1.07982646003546        1.05565704547082       -0.00918280006718
C           -2.14978308041926        2.12499833541738       -0.00118799617968
C           -1.81174937991281       -0.13657950186134        0.00342842970850
O           -3.01433953933394       -0.34734275951587        0.01011225715765
N           -0.96338232127209       -1.29812365506508       -0.00053007347861
C           -1.51786366836496       -2.63602123363737       -0.00253960728362
H            3.75639768746931        1.18512338624936        1.07685116860532
H            1.47931346126900        1.38951989617750       -0.62050894959671
H            2.79409419298188        2.14408839471540       -0.09452691936493
H            3.55982342432904       -1.70537680803882       -0.01577530133908
H           -1.66935910498511        3.09984443195740        0.00467867987538
H           -2.84368699647219        2.09819121869315       -0.88499810874667
H           -2.85695248529279        2.09120382927664        0.87111492685788
H           -1.20580505005094       -3.18842605062935        0.88622905986318
H           -1.21955484092671       -3.17715114904413       -0.90330307768502
H           -2.60489550993120       -2.54124312698268        0.00594984335684
H            1.32494325602249       -2.97401491895562       -0.01501249018402
