25
 energy: -43.624291277206 gnorm: 3.322175391516 xtb: 6.6.1 (8d0f1dd)
C            3.21786164340000        1.13591514650000        0.01837059260000
N            2.27034809790000        0.05199982890000        0.00038279530000
C            2.54167221030000       -1.23971668410000       -0.00834188300000
N            1.39367826450000       -1.95088267900000       -0.00850347120000
C            0.35269634020000       -1.06748964300000        0.00059917290000
C            0.90759959010000        0.20069750900000        0.00663590170000
C            0.07590235260000        1.39864294500000       -0.00284827040000
O            0.48715076820000        2.53168346660000       -0.01725767220000
N           -1.27221500230000        1.06666939660000        0.00165480230000
C           -2.23229981500000        2.16656245330000       -0.00245172030000
C           -1.84872931540000       -0.19179276200000        0.00496135950000
O           -3.03273030250000       -0.36103538130000        0.00858583760000
N           -0.96599111670000       -1.30060631840000        0.00174701630000
C           -1.52030655580000       -2.64076660390000       -0.00239033190000
H            3.71480285180000        1.18589984860000        0.98803183970000
H            3.97079415090000        0.99383197990000       -0.75543416370000
H            2.68321036910000        2.07051068580000       -0.15067179540000
H            3.52469367910000       -1.66989040330000       -0.01523639120000
H           -1.67672429040000        3.10039111610000        0.00486339690000
H           -2.85755792270000        2.10547813320000       -0.89185337000000
H           -2.87119733260000        2.09858159720000        0.87661144540000
H           -1.20589108080000       -3.18768007210000        0.88663215920000
H           -1.21982032550000       -3.17678505510000       -0.90288069810000
H           -2.60531402170000       -2.54255916880000        0.00649952960000
H            1.32879827740000       -2.95942079410000       -0.01653446370000
25
 energy: -48.628161883823 gnorm: 6.749025400674 xtb: 6.6.1 (8d0f1dd)
C            3.23394812272007        1.13777612197212        0.02068020684111
N            2.33706670524261        0.39024131949510       -0.02866828088976
C            2.54200077959960       -1.21163015110734       -0.00858746108967
N            1.39463020802330       -1.94696300996429       -0.00850253454497
C            0.35528160162920       -1.06670375778805        0.00057267702695
C            0.91026985881844        0.21184334394684        0.00625207895190
C            0.07477976861314        1.39832785009414       -0.00274219798445
O            0.48691601261403        2.53174472111317       -0.01727598864182
N           -1.27249233074097        1.06655339256860        0.00167997067142
C           -2.23226544693871        2.16651690498194       -0.00243901537397
C           -1.84856494976587       -0.19185545797233        0.00496038163659
O           -3.03283395203366       -0.36105630976127        0.00858444594349
N           -0.96586059185625       -1.30068125065395        0.00176807587214
C           -1.52028958768364       -2.64072204405983       -0.00240212185423
H            3.71480860894879        1.18637343653811        0.98870440871818
H            3.97098583267270        0.99420651435281       -0.75612000031426
H            2.59561001985110        1.68587834710496       -0.12345216455773
H            3.52389927783399       -1.66975419397337       -0.01519776896993
H           -1.67673062759188        3.10039389703771        0.00487915208509
H           -2.85758779368811        2.10546601186533       -0.89184887832054
H           -2.87122800533433        2.09856069185309        0.87662838445745
H           -1.20586772151797       -3.18769411138897        0.88661599719496
H           -1.21979619782041       -3.17679040028204       -0.90289537514948
H           -2.60530328394690       -2.54258091397179        0.00648644965631
H            1.32905520645175       -2.95921241040068       -0.01650882346477
25
 energy: -56.720541950078 gnorm: 7.799669274307 xtb: 6.6.1 (8d0f1dd)
C            3.26524729005584        1.14007437046386        0.02516044578880
N            2.39420903986077        0.73185073823511       -0.05850661491003
C            2.54213287217860       -1.18981676181287       -0.00872820206209
N            1.39622892551210       -1.94307079212766       -0.00854335000295
C            0.35791839304177       -1.06566442731422        0.00054385660947
C            0.91290014148285        0.22194515023821        0.00589782444279
C            0.07340748658395        1.39779920627623       -0.00264496944480
O            0.48691652901403        2.53192422282200       -0.01727835735749
N           -1.27289509620043        1.06660235452971        0.00170747976254
C           -2.23227210318845        2.16645625697672       -0.00241486077931
C           -1.84834782229278       -0.19196226610569        0.00495767088312
O           -3.03298480515563       -0.36109111720211        0.00858141677662
N           -0.96578970701189       -1.30045000453119        0.00177828686499
C           -1.52020063262770       -2.64064429920162       -0.00242324432302
H            3.71596502384024        1.18717903199629        0.99017041864767
H            3.97233725124420        0.99471993773071       -0.75721360035622
H            2.49969484041739        1.30357656004802       -0.09796775913802
H            3.52311661256321       -1.66947039321299       -0.01523038186766
H           -1.67674566795745        3.10038592919535        0.00491128102364
H           -2.85763179060908        2.10545201255739       -0.89183312677708
H           -2.87127262447877        2.09852880502975        0.87665674713515
H           -1.20583147795335       -3.18772312520809        0.88658985478215
H           -1.21975876018714       -3.17680053749496       -0.90293161677325
H           -2.60527785994899       -2.54259877920270        0.00646150918023
H            1.32936545591670       -2.95896353108525       -0.01652909020527
25
 energy: -48.273421712356 gnorm: 107.107538056896 xtb: 6.6.1 (8d0f1dd)
C            3.34643558501980        1.15858722420172        0.03584122491855
N            2.40971582989377        1.06410954386029       -0.09198782735020
C            2.54118778462379       -1.17478245001273       -0.00882367435608
N            1.39847618030403       -1.94040508308951       -0.00863546708336
C            0.36031065137154       -1.06465387806311        0.00047389994540
C            0.91386231936487        0.23143810708341        0.00581626193976
C            0.07153862839753        1.39720782599705       -0.00251903963908
O            0.48684734768993        2.53222721970329       -0.01729696892138
N           -1.27339189854666        1.06650479624205        0.00175132563016
C           -2.23254198125394        2.16618075154621       -0.00235764759339
C           -1.84818582581268       -0.19222042140896        0.00498641387530
O           -3.03309652463888       -0.36144672674561        0.00862653079858
N           -0.96531438576746       -1.30018722382025        0.00178891515235
C           -1.51982179992080       -2.64073905461698       -0.00241421163066
H            3.71907047892746        1.18921907690139        0.99377836608742
H            3.97599932605007        0.99609107596732       -0.76000406453702
H            2.39348703952042        0.92323346499286       -0.07600890592501
H            3.52248052104663       -1.66919084813421       -0.01532530797869
H           -1.67708612222167        3.10018304385274        0.00496510663318
H           -2.85790524881480        2.10513813581100       -0.89177482997808
H           -2.87151963725753        2.09820035265578        0.87672507460104
H           -1.20547065660209       -3.18788525151271        0.88658414899499
H           -1.21942407379377       -3.17694848121788       -0.90293644096025
H           -2.60500335719948       -2.54287472093921        0.00648329376772
H            1.32978133371991       -2.95874793765394       -0.01656455849128
25
 energy: -53.047948277891 gnorm: 9.266173912832 xtb: 6.6.1 (8d0f1dd)
C            3.35369802436620        1.16057502486636        0.03636630188508
N            2.44747147037006        1.43192314675094       -0.13453137833855
C            2.54128187255316       -1.17217258809311       -0.00871911301066
N            1.39927255350448       -1.93977177441506       -0.00820727755745
C            0.36079919768319       -1.06451044176160        0.00073466770397
C            0.91370433982060        0.23233203772679        0.00570300310156
C            0.07095636237760        1.39716666762459       -0.00293388970955
O            0.48602326001056        2.53232700866613       -0.01807185848463
N           -1.27379233624214        1.06605854811020        0.00153792540744
C           -2.23323553500771        2.16544868694877       -0.00280623848554
C           -1.84813932695470       -0.19282457227325        0.00517604665865
O           -3.03302380557384       -0.36242254788829        0.00896054165784
N           -0.96490323034442       -1.30050897818176        0.00222124541286
C           -1.51902786042761       -2.64123989001650       -0.00155522299463
H            3.71908334984565        1.19069883338007        0.99349369765718
H            3.97598789773696        0.99711748421612       -0.76089319235158
H            2.34680258759584        0.55286600285116       -0.03573788208544
H            3.52288633971626       -1.66815856850479       -0.01514670971478
H           -1.67807053820957        3.09962700388718        0.00420482000000
H           -2.85865830336065        2.10396152809330       -0.89215779651140
H           -2.87212774580076        2.09752258884084        0.87634788686136
H           -1.20443917645112       -3.18804622214163        0.88757346326503
H           -1.21854092407620       -3.17762265404294       -0.90194884532744
H           -2.60424481466455       -2.54371690789193        0.00740275218759
H            1.33066785563270       -2.95839087515160       -0.01584132932691
25
 energy: -53.904382615606 gnorm: 9.405007279241 xtb: 6.6.1 (8d0f1dd)
C            3.45088299026651        1.14275910163296        0.05371125441000
N            2.33669135107469        1.43636020379312       -0.15643658729204
C            2.53536401623853       -1.19005823569014       -0.00881521842313
N            1.40219771003608       -1.94155574945646       -0.00787131954693
C            0.35852521460563       -1.06340397465219        0.00102339843702
C            0.90189157471128        0.22330524675721        0.00601644306624
C            0.06909818446823        1.39771239861826       -0.00343282196522
O            0.48329084033369        2.53293966760859       -0.01874052516284
N           -1.27530225905078        1.06507710172521        0.00140086891854
C           -2.23475622059290        2.16375893709632       -0.00314234769668
C           -1.84753735167672       -0.19425382620142        0.00548502807528
O           -3.03322796521629       -0.36466038368232        0.00951602447438
N           -0.96369386116350       -1.30116087837089        0.00272849714704
C           -1.51718161729199       -2.64217008262348       -0.00052280445460
H            3.72915467679356        1.19204586380350        1.00424597376960
H            3.98873219115500        0.99691265984522       -0.76907619788045
H            2.35622956359300        0.60459982050059       -0.03833565562128
H            3.52271075019634       -1.66476418488134       -0.01516742709724
H           -1.68030046943667        3.09838599022830        0.00347477408810
H           -2.86041373863664        2.10157878700709       -0.89243741609577
H           -2.87363190971931        2.09568335422218        0.87615070658480
H           -1.20210025940159       -3.18871937776799        0.88871997229016
H           -1.21647004993832       -3.17886123314986       -0.90077957553642
H           -2.60255132831321       -2.54564437342076        0.00856706705595
H            1.33282948106540       -2.95762829134169       -0.01511049364451
25
 energy: -56.936100748688 gnorm: 8.379610167018 xtb: 6.6.1 (8d0f1dd)
C            3.64884433297776        1.12045792510534        0.08847269754965
N            2.25843303574961        1.29393779505854       -0.14791317871853
C            2.52631860916515       -1.15399696084909       -0.00924746640399
N            1.41228147120832       -1.93472426843776       -0.00856153190295
C            0.36231853378774       -1.05612343435605        0.00066286359085
C            0.89458891228663        0.23553239888609        0.00678458111353
C            0.06613218217508        1.39706008340407       -0.00278523592094
O            0.48071620683976        2.53383248626716       -0.01724398244109
N           -1.27720538236232        1.06516098865953        0.00180001788476
C           -2.23403589483434        2.16437103324352       -0.00242177443308
C           -1.84669652283422       -0.19391771727959        0.00525499602671
O           -3.03383800130883       -0.36377185259701        0.00918030117146
N           -0.96215761104324       -1.30014388467456        0.00215604247333
C           -1.51776651648344       -2.64126542893318       -0.00163269487486
H            3.74722188156477        1.19059882070538        1.02858581650663
H            4.01284129923855        0.99371513020407       -0.78491551282142
H            2.20730845871649        0.70310750213015       -0.08770219915996
H            3.51847856157162       -1.66494466147310       -0.01552688351543
H           -1.67939381929709        3.09894277399756        0.00454667783952
H           -2.85992430270403        2.10274847299401       -0.89190409430221
H           -2.87331237946008        2.09618551607041        0.87684405595026
H           -1.20298013308954       -3.18870913555024        0.88739673881339
H           -1.21720156195405       -3.17815710675993       -0.90204183154375
H           -2.60329487690586       -2.54488723057383        0.00741317798391
H            1.33275503109557       -2.95677070364148       -0.01602996296579
25
 energy: -41.308662799651 gnorm: 202.777370784155 xtb: 6.6.1 (8d0f1dd)
C            3.73735922640483        1.10681958809875        0.10337046704043
N            2.13977649829000        1.06888381390187       -0.14900762419680
C            2.52243091355159       -1.20931764912552       -0.00810947308023
N            1.42034995718442       -1.94012753766656       -0.00817550763748
C            0.36037280189535       -1.05239635123553        0.00100593786727
C            0.88486886602648        0.21439092212740        0.00937863877147
C            0.06649850284010        1.39608868237525       -0.00351081753416
O            0.47838611883490        2.53501777262853       -0.01754589409477
N           -1.27947508652659        1.06543368005615        0.00154993632742
C           -2.23423874885370        2.16403413340244       -0.00285472423620
C           -1.84641288257158       -0.19428779622093        0.00536037580199
O           -3.03394656674105       -0.36405455891346        0.00943851693476
N           -0.96119685990475       -1.29891089719414        0.00239539547117
C           -1.51734466585498       -2.64119308709851       -0.00086319713452
H            3.75617255277619        1.19124754008457        1.04615876479472
H            4.02596074284822        0.99197719146211       -0.79903706990669
H            2.22657613071398        1.02179483972405       -0.11073005242735
H            3.51820167839586       -1.66559666073455       -0.01551610419641
H           -1.67969811495778        3.09879203797013        0.00378651598283
H           -2.86039315369105        2.10219414369088       -0.89238237811416
H           -2.87371016846477        2.09610798714310        0.87649355156850
H           -1.20255057996215       -3.18862942040371        0.88826988529432
H           -1.21686609742291       -3.17855416863525       -0.90111577916695
H           -2.60305412623579       -2.54514142337677        0.00822137260760
H            1.33236457552516       -2.95633424046031       -0.01540911883676
25
 energy: -57.401056464230 gnorm: 15.832003504268 xtb: 6.6.1 (8d0f1dd)
C            3.73065950564188        1.11016982677618        0.10091256026570
N            2.05322608823492        1.05355899512991       -0.18118704829911
C            2.52298773720107       -1.21247301105036       -0.00777497415127
N            1.42219443838920       -1.93960542965495       -0.00715871260004
C            0.36081348617856       -1.05204684017241        0.00163070642812
C            0.88349317388330        0.21348136639237        0.00916441377831
C            0.06509810899457        1.39604948343455       -0.00451974620404
O            0.47622267890909        2.53536898727248       -0.01937198356891
N           -1.28049277978736        1.06444642902905        0.00103865250354
C           -2.23599055118902        2.16219297358921       -0.00392470280657
C           -1.84631717073560       -0.19584306752724        0.00581675572048
O           -3.03375104457275       -0.36649108376760        0.01024830686975
N           -0.96018375120039       -1.29965866632001        0.00343378596497
C           -1.51533032027457       -2.64243103385298        0.00120338251792
H            3.75601018558971        1.19473334751998        1.04613705561576
H            4.02597795487859        0.99431474132427       -0.80172946991845
H            2.31741713321627        1.04616365409852       -0.08054747566395
H            3.51929315577443       -1.66287326735830       -0.01511774331519
H           -1.68215245550529        3.09741315315621        0.00196580981332
H           -2.86228155633530        2.09927824982788       -0.89330033953850
H           -2.87524634709167        2.09438860587725        0.87560172338616
H           -1.19997730597083       -3.18906003008336        0.89064916872592
H           -1.21465288362815       -3.18021547334446       -0.89874420165038
H           -2.60117164093099       -2.54724681250610        0.01043507307664
H            1.33458567443035       -2.95537655619007       -0.01368937905017
25
 energy: -53.643904494480 gnorm: 9.598182273264 xtb: 6.6.1 (8d0f1dd)
C            3.73828621467734        1.10797363819353        0.09981554849174
N            1.87695509521865        0.78344665862565       -0.21629496151345
C            2.52362730919838       -1.24944675687163       -0.00677437956159
N            1.42791000133406       -1.94156727857153       -0.00540920371791
C            0.36018534124995       -1.04980823998293        0.00272793358313
C            0.87875580447223        0.20360539041540        0.00906768921568
C            0.06148391492752        1.39571394051118       -0.00616556516329
O            0.47242566833317        2.53637450531190       -0.02227975391439
N           -1.28285086252913        1.06394676966769        0.00011355282910
C           -2.23830016036712        2.15981560413242       -0.00584402618153
C           -1.84600177952165       -0.19809768700689        0.00648877314058
O           -3.03359233583287       -0.36953492394107        0.01149450031768
N           -0.95897400333823       -1.29992541903360        0.00517263771997
C           -1.51270991826417       -2.64390273644461        0.00466468322679
H            3.75771154906974        1.19963151274558        1.05282511374173
H            4.02973552990269        0.99650592985152       -0.81148175329646
H            2.48268807996270        1.37527366262976       -0.05346224570615
H            3.52056983043114       -1.65948455788823       -0.01441340556679
H           -1.68521906729852        3.09567999211632       -0.00121653647317
H           -2.86478695083922        2.09535483869945       -0.89500235715105
H           -2.87724627863369        2.09250597968356        0.87396604783930
H           -1.19667977582297       -3.18933529989302        0.89461993358114
H           -1.21188390031867       -3.18257468795180       -0.89473907431580
H           -2.59879869634417       -2.54988372207827        0.01408514950092
H            1.33714090443282       -2.95402857132037       -0.01078668272616
25
 energy: -57.260349446207 gnorm: 7.958106795375 xtb: 6.6.1 (8d0f1dd)
C            3.73106372647947        1.10707186392478        0.09915931307081
N            1.96157160829812        0.91529400479422       -0.20437866779515
C            2.52533997111473       -1.24515217882844       -0.00696301300764
N            1.42670771399914       -1.94107013152257       -0.00607648905434
C            0.36065999281892       -1.05156566550712        0.00248717866724
C            0.87375976798605        0.20671343939570        0.01045053281457
C            0.05733211992350        1.39671723093495       -0.00496701959022
O            0.47296556012324        2.53566592344147       -0.02091346928809
N           -1.28292953857701        1.06520032026845        0.00043777313708
C           -2.23769200283130        2.16097407187320       -0.00514976374000
C           -1.84620133811449       -0.19749049719547        0.00614416576327
O           -3.03365524603826       -0.36821826513174        0.01091283432252
N           -0.96026195674155       -1.29943523401577        0.00450545699315
C           -1.51375274088572       -2.64302574574254        0.00323723314099
H            3.75878551912923        1.19828157254313        1.05928006324444
H            4.03236318756300        0.99479277634614       -0.81492127613134
H            2.41359571590086        1.23235689350224       -0.06455657014674
H            3.51999620592514       -1.66165669550584       -0.01476748394592
H           -1.68381807456614        3.09642674016576        0.00001065783478
H           -2.86372880449051        2.09710992516369       -0.89439465023357
H           -2.87644526663548        2.09343425567135        0.87453811831780
H           -1.19814953448453       -3.18913780152035        0.89296857381965
H           -1.21309002518528       -3.18153623148500       -0.89637065974267
H           -2.59979725757486       -2.54866349151407        0.01253933334284
H            1.33581221096372       -2.95484853845616       -0.01204055389349
25
 energy: -56.737773883057 gnorm: 22.700798840464 xtb: 6.6.1 (8d0f1dd)
C            3.72412002790528        1.10233900772380        0.09922675966229
N            2.08867698298000        1.14088532395508       -0.17352964667890
C            2.52618325267317       -1.25021987328164       -0.00703735448781
N            1.42633020714206       -1.94214368678492       -0.00759473829041
C            0.36193077965626       -1.05168702969501        0.00148897958366
C            0.88299986271703        0.21763801272095        0.00829399136833
C            0.05333794390147        1.39672673423067       -0.00345002252738
O            0.47324405379602        2.53531054702805       -0.01818829240126
N           -1.28333841783144        1.06719164290936        0.00126074588609
C           -2.23649759180288        2.16280271666980       -0.00357866003573
C           -1.84632077236954       -0.19618944217297        0.00560313303472
O           -3.03390479409993       -0.36598690721706        0.00999052333265
N           -0.96133638604240       -1.29810575694644        0.00327539470910
C           -1.51544332641555       -2.64150281425449        0.00056347046223
H            3.76167573739989        1.19613106621355        1.07028960501219
H            4.03806526649154        0.99233945362126       -0.82083382020282
H            2.28423574735071        0.99674663662131       -0.08988438773613
H            3.51889247338961       -1.66537309680524       -0.01562609616580
H           -1.68140357772247        3.09772273895872        0.00256601602313
H           -2.86203566350835        2.10021177212783       -0.89300745819685
H           -2.87514273868666        2.09491111609575        0.87592934303201
H           -1.20061581395981       -3.18894978795079        0.88980751249654
H           -1.21516706290842       -3.17966828059436       -0.89948665975203
H           -2.60155367886353       -2.54660724423952        0.00969367358834
H            1.33349900290795       -2.95628430733369       -0.01460039381617
25
 energy: -58.296314943852 gnorm: 2.917415063562 xtb: 6.6.1 (8d0f1dd)
C            3.70126853809663        1.10130359193265        0.09757138739918
N            2.13634593144398        1.22472900044839       -0.12171088286628
C            2.53035840550406       -1.19390190050372       -0.00770253443462
N            1.42589137682770       -1.93389084972818       -0.00977485258022
C            0.36856565074442       -1.05064290206315        0.00010760767181
C            0.89638997920313        0.25426907057727        0.00621417347551
C            0.04415091464578        1.39744171384024       -0.00118939688787
O            0.47147155060703        2.53491432193929       -0.01467843777893
N           -1.28448147095924        1.06820790345736        0.00252082356414
C           -2.23713081625583        2.16301874140826       -0.00115090921246
C           -1.84667713716368       -0.19638258079431        0.00509606456546
O           -3.03382933496195       -0.36608417436453        0.00905620531796
N           -0.96089118608353       -1.29782309559761        0.00170435428820
C           -1.51513978426415       -2.64109642236557       -0.00296000923296
H            3.76229524530547        1.19783263381261        1.08087249866404
H            4.04131855263940        0.99342283641196       -0.82639508657453
H            2.24505171251968        0.80586943074837       -0.13292091822146
H            3.51728671304151       -1.66517384291519       -0.01703457158970
H           -1.68123754212472        3.09774456783364        0.00630806523884
H           -2.86192967940427        2.10153884956318       -0.89075000395269
H           -2.87536806298203        2.09397300514648        0.87817889184249
H           -1.20086182285062       -3.19001083976403        0.88559272460980
H           -1.21508403978138       -3.17841642809090       -0.90365719016860
H           -2.60152672205627       -2.54646161078021        0.00605879006713
H            1.33419454240891       -2.95614247855231       -0.01818517530423
25
 energy: -58.296314944244 gnorm: 2.917414127453 xtb: 6.6.1 (8d0f1dd)
C            3.70126853809663        1.10130359193265        0.09757138739918
N            2.13634593144398        1.22472900044839       -0.12171088286628
C            2.53035840550406       -1.19390190050372       -0.00770253443462
N            1.42589137682770       -1.93389084972818       -0.00977485258022
C            0.36856565074442       -1.05064290206315        0.00010760767181
C            0.89638997920313        0.25426907057727        0.00621417347551
C            0.04415091464578        1.39744171384024       -0.00118939688787
O            0.47147155060703        2.53491432193929       -0.01467843777893
N           -1.28448147095924        1.06820790345736        0.00252082356414
C           -2.23713081625583        2.16301874140826       -0.00115090921246
C           -1.84667713716368       -0.19638258079431        0.00509606456546
O           -3.03382933496195       -0.36608417436453        0.00905620531796
N           -0.96089118608353       -1.29782309559761        0.00170435428820
C           -1.51513978426415       -2.64109642236557       -0.00296000923296
H            3.76229524530547        1.19783263381261        1.08087249866404
H            4.04131855263940        0.99342283641196       -0.82639508657453
H            2.24505171251968        0.80586943074837       -0.13292091822146
H            3.51728671304151       -1.66517384291519       -0.01703457158970
H           -1.68123754212472        3.09774456783364        0.00630806523884
H           -2.86192967940427        2.10153884956318       -0.89075000395269
H           -2.87536806298203        2.09397300514648        0.87817889184249
H           -1.20086182285062       -3.19001083976403        0.88559272460980
H           -1.21508403978138       -3.17841642809090       -0.90365719016860
H           -2.60152672205627       -2.54646161078021        0.00605879006713
H            1.33419454240891       -2.95614247855231       -0.01818517530423
25
 energy: -57.963957380837 gnorm: 10.549604609444 xtb: 6.6.1 (8d0f1dd)
C            3.69583526362245        1.09582320284078        0.09814028263134
N            2.23063844294516        0.87394112932784       -0.13206674153452
C            2.53180821654429       -1.20085819815010       -0.00763598552605
N            1.42819225495374       -1.93389625536583       -0.00968861777397
C            0.36952277074445       -1.04869790446810        0.00045247052177
C            0.89105950479009        0.24755663452235        0.00859676569126
C            0.04172720302133        1.39694129495844       -0.00142317344774
O            0.47242607929868        2.53276769491799       -0.01483253044783
N           -1.28665992242997        1.06896418988794        0.00252035303484
C           -2.23781653695871        2.16338704753362       -0.00114370563306
C           -1.84706354930648       -0.19641293097701        0.00509558156637
O           -3.03381221620251       -0.36626830974718        0.00905723906566
N           -0.95974890199132       -1.29668623904119        0.00164945542088
C           -1.51473356712574       -2.64069065550047       -0.00295243599617
H            3.76641400325617        1.19922830196385        1.09002774942249
H            4.04774251388961        0.99326300881938       -0.83374540681499
H            2.15021997805630        1.17275332828878       -0.12738233823071
H            3.51669503391012       -1.66619983059138       -0.01705169434770
H           -1.68119967419766        3.09773845706242        0.00628202723849
H           -2.86217131655584        2.10164285395704       -0.89083266882643
H           -2.87563369352042        2.09409655833705        0.87823134159853
H           -1.20083276104862       -3.18994957105851        0.88558017317067
H           -1.21505108875402       -3.17836206639110       -0.90360161734180
H           -2.60139889718420       -2.54633225504177        0.00607166199910
H            1.33427237434308       -2.95551094448484       -0.01817656754044
25
 energy: -51.449179500647 gnorm: 8.618119584984 xtb: 6.6.1 (8d0f1dd)
C            3.69513934129231        1.09236722539023        0.09825551285429
N            2.32463920859184        0.51726401846391       -0.13902858611988
C            2.53248796611626       -1.20384646163169       -0.00753391121618
N            1.42873885423448       -1.93343319509737       -0.00966066067214
C            0.36984740283255       -1.04800749533186        0.00061574610270
C            0.89021499555376        0.24395321137939        0.00907556807878
C            0.04186435054625        1.39702216675005       -0.00153171083492
O            0.47318673620140        2.53188854819974       -0.01495640861535
N           -1.28723343476340        1.06907212415273        0.00249354898474
C           -2.23800312297172        2.16346367209561       -0.00120492508081
C           -1.84710637677445       -0.19650624278809        0.00508940396366
O           -3.03384222696535       -0.36633601520931        0.00904820760232
N           -0.95960696359160       -1.29641022498095        0.00168277583098
C           -1.51460991475208       -2.64057742167526       -0.00289694715838
H            3.76782985702769        1.19984977258040        1.09258395673695
H            4.04998680089225        0.99339391922187       -0.83574331118116
H            2.05234519803812        1.53761279196904       -0.12157271585135
H            3.51657770792174       -1.66612818665031       -0.01707459324322
H           -1.68121266055656        3.09772297112241        0.00619533523832
H           -2.86224494356130        2.10163602091858       -0.89091678145017
H           -2.87572098295903        2.09413440976763        0.87818217306129
H           -1.20080978289228       -3.18991674464444        0.88564261510662
H           -1.21501971474443       -3.17836935509408       -0.90352450523527
H           -2.60134160107241       -2.54630991494199        0.00611804094521
H            1.33432482045595       -2.95530105236623       -0.01816620994702
25
 energy: -54.962715472731 gnorm: 9.470443720909 xtb: 6.6.1 (8d0f1dd)
C            3.68511900902601        1.09064862899921        0.09759474712999
N            2.28634924891882        0.65252076110508       -0.13570695095371
C            2.53509808235574       -1.20665260872612       -0.00794091016932
N            1.42826232371173       -1.93206758653958       -0.00976396229927
C            0.37142533580434       -1.04680086963850        0.00081725957745
C            0.89084346581699        0.24576873354533        0.00968878289377
C            0.04042501591014        1.39644973515765       -0.00144752451906
O            0.47414642503895        2.53227709694332       -0.01507051850076
N           -1.28834046870686        1.06918060926789        0.00249554028772
C           -2.23850927966257        2.16381936659242       -0.00123356705348
C           -1.84736638434526       -0.19680958840155        0.00508699277652
O           -3.03385668382990       -0.36642362611377        0.00903981624104
N           -0.95917642867846       -1.29564516197834        0.00172124398222
C           -1.51433267554059       -2.64022268788587       -0.00285707915450
H            3.77128249381491        1.20149151426473        1.09873305893408
H            4.05512826098287        0.99420839707390       -0.84042513002222
H            2.08959873973370        1.39662984960684       -0.12563102176002
H            3.51639761651931       -1.66540060171172       -0.01733018747772
H           -1.68120035417289        3.09774448671597        0.00615008454737
H           -2.86239012212955        2.10177222095033       -0.89099786082402
H           -2.87588183120189        2.09430086654114        0.87819824575252
H           -1.20083429603926       -3.18981175506112        0.88566113124933
H           -1.21503597768087       -3.17827778237132       -0.90346048260558
H           -2.60122199559004       -2.54614591366719        0.00614422582973
H            1.33450199404464       -2.95431554306873       -0.01829431596209
25
 energy: -58.274539821289 gnorm: 4.422805772621 xtb: 6.6.1 (8d0f1dd)
C            3.67906287573129        1.08764082440492        0.09768800642442
N            2.24660546962869        0.80185290107580       -0.13445553352105
C            2.53646163268060       -1.21352029667929       -0.00768506494330
N            1.42907027198372       -1.93130635024362       -0.00985924332274
C            0.37285126649489       -1.04542820816235        0.00103254552078
C            0.89139229857708        0.24696511573491        0.01059342912907
C            0.03930698332363        1.39728459334627       -0.00137222397427
O            0.47322535779080        2.53238348135418       -0.01501881306637
N           -1.28950628297105        1.06925069393688        0.00248609626094
C           -2.23897603041208        2.16403682149532       -0.00123338861243
C           -1.84747541362538       -0.19698662866097        0.00508827677195
O           -3.03398090935107       -0.36661265633164        0.00903660425957
N           -0.95876238444995       -1.29497896185259        0.00173041374259
C           -1.51402852416800       -2.63990204957748       -0.00284934276475
H            3.77449552764665        1.20282995751424        1.10344016464676
H            4.05934027512789        0.99491162750970       -0.84375273155481
H            2.12696168104992        1.24891972475305       -0.12927881881260
H            3.51659913448246       -1.66530440359378       -0.01761102805784
H           -1.68120788799178        3.09771970711436        0.00613934170646
H           -2.86257828156117        2.10185159609482       -0.89105514716845
H           -2.87608261809053        2.09438954093843        0.87824509086939
H           -1.20079635887954       -3.18975061669616        0.88565084173212
H           -1.21499688151508       -3.17821330730789       -0.90342881145092
H           -2.60107291853253       -2.54604432953591        0.00614905106637
H            1.33452323113054       -2.95375023503117       -0.01850809698090
25
 energy: -55.478463222117 gnorm: 36.235354443364 xtb: 6.6.1 (8d0f1dd)
C            3.66571509635290        1.07719515844100        0.09798201159032
N            2.21043421680246        0.92462829184741       -0.13480691185760
C            2.53988237899952       -1.23226271397879       -0.00678404694223
N            1.43247635499054       -1.93114812637681       -0.00989766254722
C            0.37636213265263       -1.04152527310186        0.00155060747604
C            0.89444428120744        0.24996726100505        0.01254431365600
C            0.03674007722962        1.39945962901461       -0.00127531345900
O            0.46987612844064        2.53295628806851       -0.01484888274828
N           -1.29231743734096        1.06957371310035        0.00241168690941
C           -2.24019524924314        2.16455290836379       -0.00127817996136
C           -1.84767149502274       -0.19730010638270        0.00509655154330
O           -3.03436755210012       -0.36722380816972        0.00902239230890
N           -0.95725821243793       -1.29328673743044        0.00180136461773
C           -1.51318337016148       -2.63894330196289       -0.00279058267218
H            3.78198228121371        1.20536363862794        1.11234136853659
H            4.06831612336302        0.99678257647091       -0.84937763697884
H            2.15400580287140        1.13913528208517       -0.13524747622689
H            3.51825036935748       -1.66779578382975       -0.01804560627352
H           -1.68122606660175        3.09766239258370        0.00604967845858
H           -2.86315453876377        2.10207351403625       -0.89128500517628
H           -2.87670274868527        2.09466236453537        0.87835559159592
H           -1.20067039549287       -3.18955036482647        0.88565378873568
H           -1.21486556334104       -3.17803416383369       -0.90328043320380
H           -2.60063136136611       -2.54575387425450        0.00619559120862
H            1.33419026117583       -2.95295022243244       -0.01891559068988
25
 energy: -58.465730044831 gnorm: 2.045381375244 xtb: 6.6.1 (8d0f1dd)
C            3.66403738552471        1.07621262161438        0.09799617079878
N            2.23511312213848        0.82827671764469       -0.13389612655870
C            2.54048794851997       -1.23379607058815       -0.00671257453986
N            1.43246813562276       -1.93119127987987       -0.00988143600415
C            0.37682765184132       -1.04112698806794        0.00164485018469
C            0.89458100334629        0.25039137674190        0.01280030224121
C            0.03636523105425        1.39950870771362       -0.00126752913807
O            0.46965572650365        2.53312011300658       -0.01488838196939
N           -1.29262099352456        1.06962096862950        0.00238174533021
C           -2.24037299313407        2.16463938910561       -0.00133201093058
C           -1.84773629981763       -0.19734203947218        0.00508824588939
O           -3.03439260103650       -0.36730381142199        0.00901638125301
N           -0.95703665726499       -1.29305036594160        0.00183036364968
C           -1.51306506494771       -2.63880623527410       -0.00274407629038
H            3.78285921137298        1.20575601521148        1.11343892648782
H            4.06941839814345        0.99707224363286       -0.85006729683138
H            2.12850840377529        1.23583611494411       -0.13689418683263
H            3.51851029355483       -1.66803125582408       -0.01808444535231
H           -1.68123246026603        3.09765595344954        0.00597736855918
H           -2.86322764136926        2.10209469829230       -0.89136280171188
H           -2.87678651217270        2.09472080492586        0.87832295321112
H           -1.20066461157286       -3.18950066816718        0.88569507542160
H           -1.21485181554345       -3.17801980098768       -0.90320523419227
H           -2.60056069832642       -2.54571124229823        0.00623535851064
H            1.33414735167819       -2.95278742538943       -0.01892002328573
25
 energy: -58.502420153943 gnorm: 1.298562817885 xtb: 6.6.1 (8d0f1dd)
C            3.64437848366767        1.04578912467556        0.10167855786220
N            2.21927776889517        0.85067112562583       -0.14399195642936
C            2.55358478809189       -1.26934943542648       -0.00482221730902
N            1.43560131851105       -1.93530972386403       -0.00989475376245
C            0.38505193597313       -1.03428413472563        0.00436595598023
C            0.89670604749593        0.25622645629609        0.01964596024986
C            0.02940235769561        1.40230239612944       -0.00024611443392
O            0.46215804236157        2.53602736963181       -0.01499294276943
N           -1.29928644419070        1.07101027984449        0.00233509496551
C           -2.24511786488836        2.16664220000934       -0.00161521659113
C           -1.84868873517887       -0.19759254226949        0.00526208987210
O           -3.03510763169207       -0.37065981330579        0.00888130340593
N           -0.95138024574303       -1.28795877583770        0.00240589780899
C           -1.50940623244726       -2.63481459163951       -0.00247774350782
H            3.79861816785340        1.21320070670982        1.12687198214879
H            4.08804897431177        1.00630809673833       -0.85398686305832
H            2.11576689833190        1.24805253489434       -0.14885633393697
H            3.53104593332906       -1.68421946064453       -0.02012294546594
H           -1.68194456746350        3.09756189405093        0.00559101279893
H           -2.86611736640151        2.10350481658703       -0.89244400313436
H           -2.87983987212560        2.09636455152228        0.87881319800082
H           -1.19992254188282       -3.18800525143116        0.88565800879547
H           -1.21400586733364       -3.17661309141790       -0.90250652231658
H           -2.59779456995963       -2.54359450804164        0.00642346274081
H            1.32940273688884       -2.95302168251144       -0.02080329401432
25
 energy: -58.544647788663 gnorm: 0.637578753525 xtb: 6.6.1 (8d0f1dd)
C            3.59231840309164        0.94758835530614        0.11245214919139
N            2.17073249230723        0.93362227927241       -0.17269795520565
C            2.59105440380513       -1.36619083104132        0.00245795429793
N            1.44622777122287       -1.94790334826539       -0.00913071713428
C            0.40807594917235       -1.01729332531901        0.01282614114529
C            0.90894371908076        0.26967362179553        0.03651163814817
C            0.01204091954216        1.40760488560835        0.00282250943620
O            0.44038209461584        2.54290867529056       -0.01545653146256
N           -1.31519863763854        1.07454183637427        0.00232333598551
C           -2.25783568018187        2.17162833486022       -0.00256851731334
C           -1.84994890951528       -0.19885815191574        0.00581965912848
O           -3.03590241178367       -0.38068444211178        0.00841520271639
N           -0.93534861654367       -1.27536015935059        0.00457351160973
C           -1.49877103826634       -2.62395486019512       -0.00151009318743
H            3.83918212487172        1.22553211681128        1.14390913290854
H            4.13227322827774        1.03086250176337       -0.84598072346005
H            2.07493208880881        1.30849200115200       -0.18288791940566
H            3.56973056821271       -1.74098108491713       -0.02546453589377
H           -1.68495155200049        3.09746164649307        0.00436534178611
H           -2.87495671799737        2.10795572342467       -0.89536608920916
H           -2.88911379861078        2.10150499663469        0.87980257068114
H           -1.19703326989843       -3.18316828413361        0.88582346118523
H           -1.21078564611633       -3.17188791050238       -0.90058217418288
H           -2.58900915738122       -2.53641855949582        0.00702691817410
H            1.31339318702502       -2.95843747593866       -0.02631265203945
25
 energy: -58.556305962296 gnorm: 0.697963648316 xtb: 6.6.1 (8d0f1dd)
C            3.57118589397306        0.90098681099460        0.11508704519127
N            2.15304381956479        0.96873300395302       -0.18014881307051
C            2.61430890747096       -1.39628111078600        0.00902238754026
N            1.45353092955447       -1.95034169258960       -0.00806090313285
C            0.41991763663924       -1.00915122097107        0.01672999832407
C            0.91603863882579        0.28074120595415        0.03825399092495
C            0.00313362461943        1.41111985520674        0.00477389581909
O            0.42507083230904        2.54858706009517       -0.01524075000099
N           -1.32149679886441        1.07603019121044        0.00266180946939
C           -2.26390759729904        2.17340207909591       -0.00313260252044
C           -1.84921131870336       -0.19969614434492        0.00619425125189
O           -3.03461428765174       -0.38671785877842        0.00802779070816
N           -0.92660963361244       -1.27019988572019        0.00629268527357
C           -1.49256187999866       -2.61887875106261       -0.00078589121576
H            3.84718441584345        1.21828009961621        1.13813679236839
H            4.14034971737372        1.03428586637090       -0.83207711829219
H            2.05896820744579        1.34310786932884       -0.19802373656468
H            3.58986224889696       -1.77644453012960       -0.02799940955358
H           -1.68762546476235        3.09749229880819        0.00367633165956
H           -2.88001357778545        2.11042891093752       -0.89667159373622
H           -2.89442974300397        2.10437431965795        0.87990225515866
H           -1.19456414678641       -3.18025579081570        0.88625470894614
H           -1.20804719337809       -3.16872428876303       -0.89978589666019
H           -2.58332945373637       -2.53145911339560        0.00735708609026
H            1.30424773716558       -2.96118064227291       -0.02927269607823
25
 energy: -58.597538520718 gnorm: 0.188694734426 xtb: 6.6.1 (8d0f1dd)
C            3.46816815428472        0.70991657090393        0.11946071221789
N            2.09517136301342        1.08418932094776       -0.19618494572975
C            2.72021617519147       -1.49935947466774        0.04157438353213
N            1.49170708177403       -1.94793810486539       -0.00249284307830
C            0.47516384875787       -0.96726241347150        0.03189326176232
C            0.95109687587833        0.34569852755812        0.03581018703687
C           -0.03965905996155        1.43304886976996        0.01310612499908
O            0.34548565219483        2.58376955260293       -0.01241885207868
N           -1.34857869531292        1.08232831040992        0.00440950204891
C           -2.29033021291929        2.18022149911308       -0.00546944139998
C           -1.84419965642404       -0.20378669730781        0.00780590993595
O           -3.02684790680674       -0.41407655009992        0.00617282385464
N           -0.88605987818715       -1.24782524123637        0.01407106573827
C           -1.46396075577645       -2.59709454758110        0.00255257231854
H            3.86587630388987        1.16895965175131        1.09689445283286
H            4.15424684274945        1.03589426759930       -0.76120268323894
H            2.00697327432646        1.46501471890464       -0.26336405544931
H            3.67340429254615       -1.93326873186135       -0.03881949706985
H           -1.70058600303721        3.09756686377328        0.00076246753222
H           -2.90222981936370        2.12096744029194       -0.90199002314990
H           -2.91790118436061        2.11666636505320        0.88000461761032
H           -1.18264064434059       -3.16750508371896        0.88841299205770
H           -1.19485541870292       -3.15436942709907       -0.89669454057769
H           -2.55715109133422       -2.50870915871421        0.00873485342222
H            1.26792197602080       -2.96480798645599       -0.04185742722750
25
 energy: -58.611776533940 gnorm: 0.357112469316 xtb: 6.6.1 (8d0f1dd)
C            3.40699685905311        0.62300794136627        0.11535053523770
N            2.08361186202966        1.12113189840418       -0.20464310303206
C            2.77735422095450       -1.52590012089823        0.06022818384294
N            1.52033458388065       -1.93009323970808        0.00194218784514
C            0.50783209411181       -0.94008647609548        0.03845994446163
C            0.95957815588049        0.38742803890833        0.03130084050251
C           -0.06669692134036        1.45079636360159        0.01660382578313
O            0.29636721549119        2.61008994188192       -0.00926849252186
N           -1.36553964524721        1.08605104638406        0.00579091480873
C           -2.30744239014929        2.18358389825730       -0.00631755254903
C           -1.83954223895088       -0.20680560363017        0.00891382627991
O           -3.01980475579074       -0.43209167772282        0.00472604611511
N           -0.86070668770509       -1.23484643687182        0.01841104274084
C           -1.44448058334263       -2.58461347635819        0.00430225213594
H            3.86035364336051        1.11564271660630        1.06725779112347
H            4.14387631351203        1.00930126221050       -0.71832258120133
H            1.99532790678888        1.50081256810207       -0.28884639945992
H            3.71206387343547       -2.01688193053809       -0.04465676519455
H           -1.71092225663079        3.09758878663338       -0.00045186270697
H           -2.91623321131696        2.12690587619103       -0.90461024174073
H           -2.93308133923858        2.12365285156680        0.88007720484723
H           -1.17347016100187       -3.15984027996375        0.88974739823706
H           -1.18462485450422       -3.14474336406440       -0.89583614968101
H           -2.53886754688553       -2.49320416332780        0.00911755403376
H            1.25814737770587       -2.94864787933492       -0.04810478200763
25
 energy: -58.642088487336 gnorm: 0.198761323135 xtb: 6.6.1 (8d0f1dd)
C            3.33540548926999        0.52850268622766        0.10081768139014
N            2.09192333656351        1.14474743264971       -0.21629707488828
C            2.84617084174635       -1.50319873374266        0.08368482993297
N            1.56673225402251       -1.88277520054595        0.00914536262212
C            0.54792279434795       -0.90570068803931        0.04402547459754
C            0.94817509503333        0.43902752886857        0.02135797761958
C           -0.10172001714697        1.47693540007718        0.01906204880036
O            0.23641389736358        2.64633812393802       -0.00373752523089
N           -1.38818239831830        1.09092642612533        0.00820683881413
C           -2.33263765329315        2.18676688723435       -0.00681056081303
C           -1.83057202269445       -0.21172238378316        0.01070433949359
O           -3.00643736903455       -0.45881094083082        0.00227444945056
N           -0.82682229052615       -1.21972680309470        0.02417577092900
C           -1.41481807968186       -2.56950918610175        0.00646489518210
H            3.82969088431763        1.00381811655560        1.01694547839945
H            4.10595900261790        0.92888936143200       -0.65678921794208
H            2.00038405056670        1.52072208350618       -0.30317814584126
H            3.74553723647105       -2.11227756448249       -0.05081502661961
H           -1.72982368953175        3.09770472060590       -0.00147287008486
H           -2.93692530458921        2.13429573639673       -0.90741932982571
H           -2.95602702893635        2.13260613855032        0.88004151656575
H           -1.15731272811770       -3.14927576292686        0.89185178797978
H           -1.16651503730609       -3.13007451167860       -0.89605580566701
H           -2.50982157956204       -2.46938525597700        0.00914439862653
H            1.26373183051811       -2.90058506936428       -0.05415567559086
25
 energy: -58.685535614109 gnorm: 0.183324053199 xtb: 6.6.1 (8d0f1dd)
C            3.27691141348566        0.40490625099731        0.07771358024243
N            2.11214249248373        1.15560738942045       -0.22379706386825
C            2.91438428462129       -1.39733905585490        0.10244075772492
N            1.62708059762109       -1.80157091361873        0.01763036971613
C            0.58372773177168       -0.87341281417190        0.04565876925799
C            0.90707654763615        0.48329680187659        0.00430272349946
C           -0.13333268171555        1.50527694333137        0.01805726926704
O            0.18598160635158        2.68218415104080        0.00312411941467
N           -1.41150674030810        1.09613375574525        0.01158371654248
C           -2.36321326886413        2.18793130174376       -0.00672882461245
C           -1.81716922184706       -0.21749793013585        0.01319220922518
O           -2.98683305951562       -0.49087109447701       -0.00067862799003
N           -0.79136533574851       -1.20686125160171        0.03091216051166
C           -1.37792710342704       -2.55579151799126        0.00917703468984
H            3.77158534014516        0.83338535326562        0.95257193317203
H            4.04406198263494        0.78949540260957       -0.58811836635346
H            2.02029231212371        1.52950670501624       -0.30253442294909
H            3.75311440412258       -2.18245693055063       -0.05200056095638
H           -1.75793000352423        3.09792800530330       -0.00220621568449
H           -2.96273921945105        2.14077945811077       -0.90973070613688
H           -2.98509580765559        2.14143145905040        0.87977028777121
H           -1.13361758577176       -3.13750092295501        0.89521949489162
H           -1.14010463068692       -3.11227123740537       -0.89731967652069
H           -2.47205860171186       -2.44054510924746        0.00933421591471
H            1.29696606132989       -2.81350565790162       -0.05640255886965
25
 energy: -58.715512395744 gnorm: 0.298673845964 xtb: 6.6.1 (8d0f1dd)
C            3.24510798284986        0.27712618451764        0.06054619865220
N            2.12545726738483        1.13770737115814       -0.22071905958188
C            2.94981659393379       -1.26929543752579        0.09510349166205
N            1.67060808052102       -1.72709393864699        0.02302185203848
C            0.59850464188345       -0.85158014996833        0.04169380917044
C            0.86763580985809        0.50837949769325       -0.01510621214765
C           -0.14728271345993        1.52748782803565        0.01358249618950
O            0.16256298594704        2.70666687663340        0.00801692713576
N           -1.42623160513347        1.10073565137337        0.01454444788675
C           -2.38689807129732        2.18656341571960       -0.00611182969622
C           -1.80550764365370       -0.21974255562579        0.01539648240441
O           -2.96998580287639       -0.51409620770775       -0.00217319682175
N           -0.76914102046837       -1.19961775058319        0.03619904736183
C           -1.34902329175929       -2.54834632795321        0.01198787109014
H            3.71867568421761        0.68905946452690        0.91927914054497
H            4.00252523098003        0.66472177028582       -0.55631350243874
H            2.04172486888322        1.51337610736578       -0.29192186085867
H            3.73104677520997       -2.17497271606493       -0.04250449001883
H           -1.78376224008248        3.09836053239292       -0.00255397631043
H           -2.98380105440459        2.14291716229408       -0.91063668524970
H           -3.00889645377506        2.14616604038729        0.87975890645115
H           -1.11107582203218       -3.12937646079089        0.89901342794210
H           -1.11548427431744       -3.09912410331773       -0.89797801179536
H           -2.44132467486061       -2.42023556216410        0.01066268356997
H            1.34518026055201       -2.72754815043516       -0.05161633928051
25
 energy: -58.734299308642 gnorm: 0.211101778170 xtb: 6.6.1 (8d0f1dd)
C            3.25674939511102        0.24622629902175        0.05456351002105
N            2.13138850157662        1.08506354737637       -0.20821744429152
C            2.92787433949842       -1.20007628028210        0.06259883766019
N            1.66829375675980       -1.69975378545968        0.02219736801292
C            0.58045220289446       -0.84911342594807        0.03272169906023
C            0.84983588068226        0.50207978958402       -0.02724989298500
C           -0.13632572201141        1.53557047209337        0.00733262662436
O            0.17740452536463        2.71116682296927        0.00889203745791
N           -1.42493189173901        1.10369974771915        0.01577668377124
C           -2.39286379025249        2.18334314471404       -0.00498862040187
C           -1.80133392179717       -0.21578404314141        0.01617325278343
O           -2.96393380807967       -0.51666490108067       -0.00142000129934
N           -0.77227896919541       -1.20078881968221        0.03729453579606
C           -1.34133447605412       -2.55058942576854        0.01355842190024
H            3.69541927575842        0.63567515214115        0.94191758362388
H            4.00450725808624        0.61004873164638       -0.58385684325201
H            2.06353999697681        1.46602858119388       -0.27388964791362
H            3.68840826265404       -2.08314239949059       -0.02597456498441
H           -1.79655011131987        3.09932911252759       -0.00208767939077
H           -2.99082403279239        2.13923697496729       -0.90938457794533
H           -3.01706751567593        2.14428524607092        0.88006543920623
H           -1.09862641603019       -3.12845824732002        0.90143453707251
H           -1.10243033697897       -3.09627524109804       -0.89775104480906
H           -2.43144362166494       -2.41820827139265        0.01258129434430
H            1.38650273232895       -2.68466023976124       -0.04111589216165
25
 energy: -58.751762268233 gnorm: 0.225493700896 xtb: 6.6.1 (8d0f1dd)
C            3.26061064635020        0.18940654401069        0.05770036355075
N            2.09396856030508        1.07253019929421       -0.20231452377238
C            2.91523373305755       -1.21350865403625        0.02448541650578
N            1.65158507129141       -1.68942162393544        0.02014167484707
C            0.55657801254757       -0.84117136590853        0.02495401197248
C            0.85404324381164        0.49412585385983       -0.03711862902443
C           -0.12384526890291        1.54586021989687        0.00035465362318
O            0.19271123762174        2.71698701357865        0.00810736929562
N           -1.42478929795756        1.11100706358374        0.01693195553927
C           -2.40216941162885        2.18140026532571       -0.00397451475504
C           -1.79918610272902       -0.20762869911126        0.01694633945081
O           -2.96036829731472       -0.51919150290825        0.00015799049875
N           -0.77574857960240       -1.19816948754214        0.03931906415974
C           -1.33109580424156       -2.54983332729951        0.01629737491174
H            3.69426360249141        0.58951342608258        0.99994884416203
H            4.04600656851345        0.56973000149099       -0.63562760322012
H            2.06124439012857        1.46180907571185       -0.27341304184060
H            3.65729370593475       -1.98205431138828       -0.00682299342833
H           -1.81307686211178        3.10174020040019       -0.00202896586472
H           -3.00232871158243        2.13459890231743       -0.90838413026099
H           -3.02991011688901        2.14248870145941        0.88062463370948
H           -1.08083194728800       -3.12568041055284        0.90469315004311
H           -1.08399988561797       -3.09195952018375       -0.89546544438794
H           -2.41896202486546       -2.41719078312307        0.01612653113516
H            1.42320505277840       -2.65714923942289       -0.03046790895046
25
 energy: -58.751536452685 gnorm: 0.237429898247 xtb: 6.6.1 (8d0f1dd)
C            3.28715118404986        0.26960449343513        0.05709051411435
N            2.10437908256485        1.03060292079945       -0.19579154546469
C            2.87983972437979       -1.22208083448591        0.00329407894686
N            1.62593960364743       -1.69361319253987        0.01615189835471
C            0.53209196277472       -0.84465839489562        0.01881048336966
C            0.85970937912009        0.48718284488957       -0.03892743056797
C           -0.11184594173807        1.54887896390950       -0.00371594379743
O            0.21259626635805        2.71561220442076        0.00656352494571
N           -1.41703790519872        1.11451920378118        0.01633175397020
C           -2.39909105415241        2.17965976727286       -0.00293105413007
C           -1.80247746571712       -0.20123113799739        0.01635774838303
O           -2.96404842054143       -0.50950498465469        0.00144841337285
N           -0.79059456686694       -1.20129978811982        0.03777118877179
C           -1.33526726825067       -2.55457007245635        0.01630485062052
H            3.69502003512911        0.58847856726429        1.03649750083252
H            4.05484403151039        0.55483310697680       -0.67219891080691
H            2.08050969808948        1.42167669605309       -0.25969722512819
H            3.63520978375165       -1.91913111810137        0.00189758306129
H           -1.81762194453554        3.10385867440641       -0.00095972413491
H           -3.00192429087329        2.12852635080090       -0.90616597830874
H           -3.02960249996861        2.13695598093319        0.88056000733451
H           -1.07472834474822       -3.12738333548037        0.90446136141870
H           -1.07797442830515       -3.09399471130039       -0.89462801825346
H           -2.42227944326407       -2.42679460855567        0.01715423350422
H            1.43763433688492       -2.66788905475572       -0.02450769250859
25
 energy: -58.759371707947 gnorm: 0.045665508857 xtb: 6.6.1 (8d0f1dd)
C            3.26208422946227        0.22659246284457        0.05495755904253
N            2.10119346729137        1.05644014758905       -0.20396249249149
C            2.90203033010776       -1.22063867007868        0.00964226406740
N            1.63655723874509       -1.67360275737048        0.01688523004934
C            0.54109890634374       -0.82982504090774        0.02075284956042
C            0.86030154885253        0.50775329404709       -0.04186964287189
C           -0.12530517347245        1.56065099408502       -0.00400507223618
O            0.19382062150178        2.72952259398695        0.00723717736056
N           -1.42472331177428        1.11952663678534        0.01676447306884
C           -2.41068151924132        2.18118813473725       -0.00289765018695
C           -1.80188078760819       -0.20019449721295        0.01685000019172
O           -2.96176654760519       -0.51653624347219        0.00103954952877
N           -0.78232389666404       -1.19468948309649        0.04003509326690
C           -1.32284092847503       -2.54883949401709        0.01753488608828
H            3.68973521905468        0.53871665032957        1.02930386998385
H            4.04751957975639        0.51585369640722       -0.65691730166972
H            2.07821492168889        1.44506968188983       -0.26766245687107
H            3.65723093844100       -1.95762835769421        0.00130561610060
H           -1.83003716059680        3.10565069523813       -0.00110646712228
H           -3.01293864674054        2.12849570693335       -0.90647990744857
H           -3.04155496470597        2.13794129257211        0.88026344759293
H           -1.06259862669050       -3.12242932441468        0.90511454447995
H           -1.06502604716421       -3.08776973307911       -0.89352568675564
H           -2.41025859551368       -2.42215942664611        0.01790036917852
H            1.44258071910682       -2.66085041785581       -0.02598863400685
25
 energy: -58.762832484468 gnorm: 0.114165833364 xtb: 6.6.1 (8d0f1dd)
C            3.24997108696095        0.20077170149539        0.05282915771696
N            2.10093620375052        1.07360470315608       -0.20794416239329
C            2.90597745199521       -1.22039568093557        0.00629826438323
N            1.63554819968985       -1.65497122082659        0.01472827293931
C            0.53927351844061       -0.81458265199589        0.01942872393695
C            0.85921878966176        0.52580260523102       -0.04719874370933
C           -0.13505488546842        1.57572990905197       -0.00697028579642
O            0.18207827555975        2.74546804715026        0.00673327881104
N           -1.43035299932009        1.12762482996181        0.01691495444990
C           -2.42512720479332        2.18204462086535       -0.00239328816330
C           -1.80313561437405       -0.19494694090548        0.01732045204706
O           -2.96067777777250       -0.51928156052555        0.00131526884432
N           -0.77976785864065       -1.18676917368830        0.04226151650395
C           -1.30776705789401       -2.54356641742228        0.01941763773051
H            3.68273706677265        0.47234766196445        1.03779295178224
H            4.04558073275148        0.45787321077111       -0.65655029966929
H            2.09132975430335        1.46400327673325       -0.27213251681358
H            3.66910916621286       -1.97007693128661        0.00517843979145
H           -1.85123632083087        3.11011745273037       -0.00079638567846
H           -3.02834158291617        2.12440065041737       -0.90550569279143
H           -3.05810805059279        2.13545601679155        0.87956925319445
H           -1.04127181403225       -3.11596183928027        0.90608490988009
H           -1.04271257993246       -3.07995426957451       -0.89125386224237
H           -2.39541317581686       -2.42249963766928        0.01969293847743
H            1.45763819038555       -2.65399982060973       -0.02364916533146
25
 energy: -58.765476035897 gnorm: 0.047054349433 xtb: 6.6.1 (8d0f1dd)
C            3.24841229701802        0.19224519454199        0.05370098944409
N            2.10930954170934        1.09305767237844       -0.21278819880253
C            2.89433627917412       -1.23384720844687        0.00129731669912
N            1.62462505471683       -1.64799756706495        0.00970738740239
C            0.53381365518146       -0.80046551618605        0.01668807949875
C            0.85952864501492        0.54177454706405       -0.05129236938960
C           -0.14251479423538        1.59042279488290       -0.01071815446119
O            0.17439665310798        2.76070491389214        0.00459292333188
N           -1.43426565495625        1.13680394422768        0.01640305213958
C           -2.43974378845235        2.18279391773411       -0.00172895366655
C           -1.80733719328795       -0.18726810959927        0.01763585971814
O           -2.96282334710805       -0.51639730902671        0.00219305515259
N           -0.78179934613929       -1.17694661499538        0.04376413479819
C           -1.29320927349274       -2.53835154830332        0.02134884544894
H            3.68044686078392        0.41570805135483        1.05389126450971
H            4.04980301856804        0.40709629350510       -0.66438356174642
H            2.10999767059433        1.48255871787788       -0.27335471893935
H            3.67897759946651       -1.98028213636714        0.00893090222666
H           -1.87646985939649        3.11677579788669       -0.00010721177942
H           -3.04481601548910        2.11721766648105       -0.90352534886070
H           -3.07528036349456        2.12956417628196        0.87856282469287
H           -1.01573933296068       -3.10845099985752        0.90667841918337
H           -1.01646816828156       -3.07181955203444       -0.88806745302678
H           -2.38177054840889       -2.42928630448835        0.02186732149861
H            1.46902192446793       -2.65737228013890       -0.02012478717240
25
 energy: -58.767367687194 gnorm: 0.112738668072 xtb: 6.6.1 (8d0f1dd)
C            3.24815510467717        0.18438050988558        0.05491026876710
N            2.12334779561215        1.09824031483514       -0.21252971533028
C            2.87760402567375       -1.24652382643123       -0.00449453846564
N            1.61113052118254       -1.64792975355301        0.00337190406349
C            0.53057044136617       -0.78474708169899        0.01200047184438
C            0.86184520455625        0.55919768998092       -0.05645717579654
C           -0.14768856426369        1.60570396425342       -0.01452319888742
O            0.16535786658317        2.77733571614765        0.00159825367854
N           -1.43804670789472        1.14607832325595        0.01568304808352
C           -2.45518658447157        2.18317667410613       -0.00110286929240
C           -1.81208081380211       -0.17850196845135        0.01798862289506
O           -2.96596000120365       -0.51111637624368        0.00340187081950
N           -0.78373970809297       -1.16415358522446        0.04471457408992
C           -1.27745205290608       -2.53194485661400        0.02335066056026
H            3.67679520815526        0.36574438409842        1.06796212315889
H            4.05429648366810        0.36235105266377       -0.67316170602527
H            2.13925299391528        1.48922492373924       -0.27218335319046
H            3.68021234709346       -1.98260602387936        0.01225350608400
H           -1.90517831747179        3.12487283547727        0.00070757844043
H           -3.06234183675417        2.10849401968037       -0.90117156117866
H           -3.09302301578913        2.12158491760146        0.87749666844938
H           -0.98727710047136       -3.09900003767721        0.90735352963252
H           -0.98761225425624       -3.06227101724116       -0.88447618297261
H           -2.36745099659728       -2.43929479636113        0.02421470031901
H            1.47490147559158       -2.66005746074982       -0.01573586184677
25
 energy: -58.769145356024 gnorm: 0.040747242294 xtb: 6.6.1 (8d0f1dd)
C            3.25108605461096        0.17249745912541        0.05767390910578
N            2.14543037501897        1.09926263214140       -0.21003639454588
C            2.85906373233413       -1.26099301068173       -0.00740343833269
N            1.59622495378649       -1.65741680632259       -0.00376451258135
C            0.53131195698505       -0.76970481090811        0.00628780968603
C            0.86606292588016        0.57445863022314       -0.06088794240970
C           -0.14988316474494        1.61850843834686       -0.01794263660449
O            0.15583141051023        2.79226757400176       -0.00257340571423
N           -1.44115010778261        1.15452685322217        0.01453933455590
C           -2.46984264804616        2.18309567829544       -0.00066695837682
C           -1.81714112036437       -0.16966055204602        0.01825601794089
O           -2.97030212118285       -0.50322505353929        0.00492941190456
N           -0.78511846751734       -1.14881288869581        0.04460400135736
C           -1.26167060231103       -2.52427497918614        0.02505813935754
H            3.67506058020798        0.33423124178498        1.07522766834143
H            4.05802183378176        0.33332404636475       -0.67883849439521
H            2.17031238410461        1.48913952155428       -0.26706267370630
H            3.67355693913814       -1.98520780248481        0.01286056292009
H           -1.93537988371718        3.13383614369477        0.00157187829443
H           -3.07917729561082        2.09844209060496       -0.89864941613959
H           -3.10924620466155        2.11118105182583        0.87645194867725
H           -0.95806530261502       -3.08739208260452        0.90789793196683
H           -0.95858067232597       -3.05160848181476       -0.88076929266112
H           -2.35364206475524       -2.45293209688590        0.02635628555425
H            1.46766802337672       -2.66530425441616       -0.01194811629501
25
 energy: -45.835234413733 gnorm: 143.898699801150 xtb: 6.6.1 (8d0f1dd)
C            3.24415307572091        0.20926385392722        0.04777230972882
N            2.15853834669462        1.24402425261181       -0.22474482872850
C            2.85863189232016       -1.24109932447250       -0.01020889669578
N            1.59568589538760       -1.64788491730634       -0.00632939434466
C            0.54116541986421       -0.74796875143608       -0.00000876347042
C            0.87789642482996        0.61081239984679       -0.07097238755608
C           -0.15090803215228        1.62987501801274       -0.01944319512029
O            0.14623719434395        2.80355457251895       -0.00415819026858
N           -1.44127113039287        1.15816309104787        0.01388236176584
C           -2.47298330862511        2.18252747301697       -0.00052195835003
C           -1.81500369614101       -0.16627663469589        0.01771488481034
O           -2.96839094684221       -0.50184066303317        0.00594204984172
N           -0.77777562698055       -1.13793315106842        0.04217578618727
C           -1.25401970081121       -2.51736727755826        0.02495522558560
H            3.67554883055202        0.34911895336331        1.06362542138961
H            4.06034977174613        0.34691530519347       -0.67524962615094
H            2.15366035465835        1.12078980123984       -0.20722469298466
H            3.66028540178998       -1.97512653635118        0.01098926569721
H           -1.94355496151765        3.13577125466550        0.00192648677326
H           -3.08219498696564        2.09525071554103       -0.89820931025226
H           -3.11115423270828        2.10644880021908        0.87699569020918
H           -0.95025020208268       -3.08040142795693        0.90791750330861
H           -0.95183382383519       -3.04629359120133       -0.88017688576772
H           -2.34709916481231       -2.45559416145197        0.02658435571101
H            1.45471872005921       -2.65649051307261       -0.01206159341861
25
 energy: -53.662991100095 gnorm: 9.468513763682 xtb: 6.6.1 (8d0f1dd)
C            3.24396222131375        0.20994726873931        0.04763098176748
N            2.17339238485194        1.61324503114499       -0.27720983823893
C            2.85862865275319       -1.24100260452375       -0.01023512616848
N            1.59569567295890       -1.64787950270985       -0.00634716746491
C            0.54128043268669       -0.74795203653462       -0.00002461902722
C            0.87812698893998        0.61159074527623       -0.07109007318542
C           -0.15097119368997        1.62985166276754       -0.01942415929769
O            0.14616548562732        2.80355865296086       -0.00414097818194
N           -1.44130324278449        1.15813644306552        0.01389479139201
C           -2.47302201411765        2.18248471756724       -0.00050062198078
C           -1.81500434514601       -0.16630816946559        0.01771938686880
O           -2.96838127085080       -0.50188736540211        0.00594871861116
N           -0.77775258926862       -1.13793622883386        0.04217043314319
C           -1.25397222965573       -2.51738749796836        0.02494285216271
H            3.67554800372083        0.34917220574475        1.06360561260989
H            4.06035531259972        0.34697493277246       -0.67524011179865
H            2.13871494638046        0.75017918290665       -0.15448281276361
H            3.66029771776050       -1.97506050120782        0.01096525656873
H           -1.94361533988601        3.13573971146818        0.00195254158458
H           -3.08223625084516        2.09520098191773       -0.89818673428818
H           -3.11118999476339        2.10638566317463        0.87701886181931
H           -0.95019148425836       -3.08041767082734        0.90790213631887
H           -0.95178133887341       -3.04630033686802       -0.88019250421120
H           -2.34705397386298       -2.45563661892838        0.02657624685857
H            1.45473896250943       -2.65646012463649       -0.01208145519833
25
 energy: -54.259294797097 gnorm: 9.557002603949 xtb: 6.6.1 (8d0f1dd)
C            3.25892134796092        0.21533512367505        0.04760529690691
N            2.17106945388224        1.55098829974984       -0.26775122737430
C            2.85883539903597       -1.23340131848787       -0.01160881961861
N            1.59316957215141       -1.64609809741780       -0.00682234407013
C            0.54614250007747       -0.73877158520883       -0.00283000593801
C            0.87314433664968        0.63094506352466       -0.07486585307530
C           -0.15469048324813        1.63538550052196       -0.01908303858029
O            0.13929293378965        2.80690446966044       -0.00405556718911
N           -1.44411833972974        1.15934301480486        0.01416363825084
C           -2.47457189136128        2.18254566802119       -0.00039465096867
C           -1.81520414274464       -0.16482083660087        0.01756504259986
O           -2.96755504922734       -0.50182691885728        0.00619948067153
N           -0.77404571339034       -1.13343943645658        0.04138047385520
C           -1.25105361779827       -2.51552333168005        0.02480377447574
H            3.67519231693326        0.35603317135799        1.06142864561424
H            4.06380304242090        0.35122924035557       -0.67566101522519
H            2.13878182283836        0.73321489243375       -0.15234401158527
H            3.65714885305829       -1.97124663144417        0.00984818608309
H           -1.94560956688941        3.13616282208112        0.00214086978479
H           -3.08336302062707        2.09440047444095       -0.89812755703926
H           -3.11208010230543        2.10507456668303        0.87736667195235
H           -0.94809680846948       -3.07873687921374        0.90793003169770
H           -0.94994064584933       -3.04499382144603       -0.88027961260894
H           -2.34494284014294       -2.45592076226032        0.02656352386421
H            1.45020215708536       -2.65454414663697       -0.01200031458345
25
 energy: -54.862192494532 gnorm: 9.579265105529 xtb: 6.6.1 (8d0f1dd)
C            3.27038471088376        0.21930525357241        0.04781569989119
N            2.16854298237268        1.49091065055316       -0.25960783798734
C            2.85932323880018       -1.22758905674939       -0.01288112804176
N            1.59145503286326       -1.64298999685503       -0.00736618515445
C            0.54974237907088       -0.73078416578366       -0.00518412511717
C            0.87049051088446        0.64576438740799       -0.07805670763942
C           -0.15806566095540        1.64106659187848       -0.01914467644363
O            0.13233283140323        2.81214829430681       -0.00373222429294
N           -1.44660509636986        1.16059122476587        0.01434803743927
C           -2.47629976910741        2.18265596303223       -0.00023311356839
C           -1.81522879292288       -0.16346363157200        0.01740247397781
O           -2.96696098346685       -0.50195497041946        0.00644871351983
N           -0.77097513515513       -1.12929632033235        0.04059834460969
C           -1.24813899268738       -2.51342744294829        0.02462807083985
H            3.67576882914945        0.36264221772709        1.06044623604995
H            4.06791219225930        0.35566811372049       -0.67672282682746
H            2.13831328203759        0.71902512650748       -0.15052081240195
H            3.65437159272048       -1.96789867873659        0.00881454966557
H           -1.94766180237250        3.13656919023332        0.00234398961112
H           -3.08459492625615        2.09368236425284       -0.89806932139160
H           -3.11312200024874        2.10389727417693        0.87773668345421
H           -0.94592949983875       -3.07690621323873        0.90789281982958
H           -0.94802094349948       -3.04358401044823       -0.88035133653978
H           -2.34263433903854       -2.45597001575159        0.02654118706723
H            1.44603187357392       -2.65182360769987       -0.01197489264945
25
 energy: -55.463097696056 gnorm: 9.510520867669 xtb: 6.6.1 (8d0f1dd)
C            3.27953836290766        0.22138226046456        0.04842579918293
N            2.16575492973019        1.43455031449257       -0.25220664617759
C            2.86015647344699       -1.22339135775809       -0.01401264259310
N            1.59026502602494       -1.63924143741804       -0.00793145513530
C            0.55213912221333       -0.72413774917107       -0.00706364450773
C            0.86903788669870        0.65650216407813       -0.08051453813445
C           -0.16098852512905        1.64676393299837       -0.01951095618010
O            0.12557103570712        2.81819476233834       -0.00326218544097
N           -1.44862221269443        1.16191672852793        0.01445953220268
C           -2.47815218894867        2.18282632041436       -0.00003000762900
C           -1.81514050374638       -0.16221612424783        0.01723311051389
O           -2.96645272852596       -0.50212456560768        0.00669269937602
N           -0.76858469918812       -1.12555504339986        0.03979996108541
C           -1.24531014698323       -2.51125701715486        0.02441277373074
H            3.67706756880370        0.36896316524982        1.06032323501900
H            4.07216772160900        0.36019166677421       -0.67805000635388
H            2.13775736536605        0.70858760517083       -0.14997523758519
H            3.65200358994689       -1.96517913678272        0.00783835783717
H           -1.94979944524700        3.13699339327585        0.00257430151683
H           -3.08592237514479        2.09302520746572       -0.89801432811818
H           -3.11428537727352        2.10280412924312        0.87814246274276
H           -0.94367110938881       -3.07496000491372        0.90781582840765
H           -0.94600771043154       -3.04207499685796       -0.88044288426560
H           -2.34020884307248       -2.45583674497148        0.02649503679826
H            1.44211829741952       -2.64848893061060       -0.01202694839228
25
 energy: 19.126715676916 gnorm: 1957.108810840208 xtb: 6.6.1 (8d0f1dd)
C            3.29090573784155        0.21023184593142        0.05280611703590
N            2.14145951346970        1.08508994765081       -0.20277346385462
C            2.86246165935461       -1.22295030274967       -0.01443136714413
N            1.58811469787135       -1.63864679467581       -0.00794568802109
C            0.55307260667858       -0.72445658721156       -0.00731748570645
C            0.86661895301862        0.65682877484599       -0.08012816051325
C           -0.16038117507943        1.64940421006271       -0.01991258747225
O            0.12318937354560        2.82020310155122       -0.00294014141618
N           -1.44953532532975        1.16176437317538        0.01447567514477
C           -2.47859042440789        2.18283898404730        0.00007599009176
C           -1.81509962480614       -0.16206213593882        0.01719667564770
O           -2.96643131223411       -0.50197979114067        0.00676662995656
N           -0.76821717084775       -1.12418989790836        0.03951910639586
C           -1.24444833267279       -2.51079150334522        0.02425297026180
H            3.67706210494189        0.37147246907215        1.05999309731483
H            4.07269920545722        0.36245620792000       -0.67874136316786
H            2.15568667702351        1.05381510965383       -0.20179889416640
H            3.65071725857488       -1.96429382701195        0.00749000435244
H           -1.95062364067722        3.13719768933698        0.00267334066794
H           -3.08635948849800        2.09280502794932       -0.89796558308945
H           -3.11466175371670        2.10241161015118        0.87825961275832
H           -0.94288340297453       -3.07422212546809        0.90779765013069
H           -0.94529066249569       -3.04148363047481       -0.88050708406238
H           -2.33940405658201       -2.45579786266085        0.02644889845926
H            1.44037009664461       -2.64740635116257       -0.01212233170381
