25
 energy: -56.165546440207 gnorm: 14.921682984794 xtb: 6.6.1 (8d0f1dd)
C            3.21786164340000        1.13591514650000        0.01837059260000
N            2.27034809790000        0.05199982890000        0.00038279530000
C            2.54167221030000       -1.23971668410000       -0.00834188300000
N            1.39367826450000       -1.95088267900000       -0.00850347120000
C            0.35269634020000       -1.06748964300000        0.00059917290000
C            0.90759959010000        0.20069750900000        0.00663590170000
C            0.07590235260000        1.39864294500000       -0.00284827040000
O            0.48715076820000        2.53168346660000       -0.01725767220000
N           -1.27221500230000        1.06666939660000        0.00165480230000
C           -2.23229981500000        2.16656245330000       -0.00245172030000
C           -1.84872931540000       -0.19179276200000        0.00496135950000
O           -3.03273030250000       -0.36103538130000        0.00858583760000
N           -0.96599111670000       -1.30060631840000        0.00174701630000
C           -1.52030655580000       -2.64076660390000       -0.00239033190000
H            3.71480285180000        1.18589984860000        0.98803183970000
H            3.97079415090000        0.99383197990000       -0.75543416370000
H            2.68321036910000        2.07051068580000       -0.15067179540000
H            3.52469367910000       -1.66989040330000       -0.01523639120000
H           -1.67672429040000        3.10039111610000        0.00486339690000
H           -2.85755792270000        2.10547813320000       -0.89185337000000
H           -2.87119733260000        2.09858159720000        0.87661144540000
H           -1.20589108080000       -3.18768007210000        0.88663215920000
H           -1.21982032550000       -3.17678505510000       -0.90288069810000
H           -2.60531402170000       -2.54255916880000        0.00649952960000
H            1.32879827740000       -2.95942079410000       -0.01653446370000
25
 energy: -74.776229852730 gnorm: 22.176433617563 xtb: 6.6.1 (8d0f1dd)
C            3.21800731189858        1.13541593938275        0.01836420647773
N            2.26801686464436        0.04957008596689        0.00060796317449
C            2.22337816345586       -1.40560466270081        0.06993602692572
N            1.38799874998707       -1.95387321486097       -0.00833957640144
C            0.35214941369350       -1.06750352482583        0.00056038527983
C            0.90732886062089        0.20120641848012        0.00664936424132
C            0.07597276124100        1.39857279175918       -0.00285553799614
O            0.48715660209649        2.53175570588382       -0.01724301896883
N           -1.27227871413328        1.06668204696660        0.00165151222596
C           -2.23228104926336        2.16654798243392       -0.00245631839109
C           -1.84867242230688       -0.19180592789145        0.00496796617492
O           -3.03277791170206       -0.36103477372464        0.00856494072011
N           -0.96621264202439       -1.30044123667255        0.00146117822261
C           -1.51968802528078       -2.64004653866840       -0.00313306443662
H            3.71479007280487        1.18589405088897        0.98806723350873
H            3.97081025722717        0.99381169849185       -0.75539940928976
H            2.68323343341720        2.07048224674679       -0.15065391543960
H            3.52125987133853       -1.67017117220248       -0.01507586864915
H           -1.67672193747349        3.10039516210718        0.00486670758559
H           -2.85755884695121        2.10548129017405       -0.89186573724229
H           -2.87121083745604        2.09857589536941        0.87660380805399
H           -0.87578040251912       -3.01651222172092        0.80859336069864
H           -1.21982482445160       -3.17673384067953       -0.90295638512156
H           -2.60530931889236       -2.54276364002593        0.00682100594444
H            1.32864608412902       -2.95966201907802       -0.01656520939761
25
 energy: -99.743472921602 gnorm: 27.805587764755 xtb: 6.6.1 (8d0f1dd)
C            3.21825018838099        1.13482298492856        0.01838425795391
N            2.26548292615177        0.04653862584870        0.00090530148809
C            1.91282425977233       -1.56649885640474        0.15089277257991
N            1.36968158023403       -1.96517803190841       -0.00933201449657
C            0.35071974786085       -1.06685299084118        0.00043916782176
C            0.90680776035851        0.20168521422216        0.00661567051359
C            0.07597393323398        1.39849260586257       -0.00288263392303
O            0.48717420331257        2.53181716071585       -0.01725479848701
N           -1.27234520540180        1.06669954963616        0.00166640290589
C           -2.23227175290366        2.16654284733559       -0.00245122795171
C           -1.84856478623774       -0.19180150707378        0.00495438891335
O           -3.03284557456112       -0.36106791397707        0.00857867109115
N           -0.96691942299123       -1.29994721184666        0.00101118908826
C           -1.51863282585849       -2.63940049532208       -0.00361322163941
H            3.71479637057758        1.18589529282835        0.98805649566019
H            3.97081024643054        0.99378009326320       -0.75543174139145
H            2.68321226984709        2.07039345830482       -0.15068504673605
H            3.51742413985309       -1.67044840623672       -0.01482386347569
H           -1.67671441749963        3.10039666052901        0.00486317798567
H           -2.85756286754786        2.10547942583400       -0.89186135374055
H           -2.87120842744434        2.09858055617013        0.87660949707798
H           -0.53884528968915       -2.84180029184073        0.72885598957405
H           -1.21990201159396       -3.17668939203502       -0.90309347681949
H           -2.60520674768867       -2.54304275402568        0.00736649064192
H            1.32829321750434       -2.96015808236701       -0.01659847673474
25
 energy: -130.798280233280 gnorm: 36.028537330660 xtb: 6.6.1 (8d0f1dd)
C            3.21847427516481        1.13416475108981        0.01773890467213
N            2.26288201216176        0.04459919820661        0.00079839050076
C            1.64666809597843       -1.69073375786429        0.25803312673871
N            1.28712417999186       -2.02539567464985       -0.03209905586174
C            0.34762114146826       -1.06519797588740        0.00013127525698
C            0.90661180698850        0.20213586204432        0.00635225129673
C            0.07600545242561        1.39848981703351       -0.00313509927725
O            0.48726642352090        2.53182386408515       -0.01769570998352
N           -1.27237828240014        1.06676530553445        0.00177199541052
C           -2.23218604165472        2.16662978764240       -0.00235126150717
C           -1.84848966815672       -0.19163409609378        0.00528119255289
O           -3.03292042084789       -0.36102227389782        0.00917845610546
N           -0.96805549295109       -1.29918420468218        0.00084623813875
C           -1.51709452275417       -2.63881361154804       -0.00311595253143
H            3.71502982110897        1.18589611185316        0.98724252969090
H            3.97070961620266        0.99347876889935       -0.75628524719481
H            2.68323302197651        2.07019604420419       -0.15146724137353
H            3.51439664614077       -1.67117258641419       -0.01487839212616
H           -1.67658739253744        3.10046465221892        0.00472274025304
H           -2.85763940906691        2.10546206581481       -0.89164642059419
H           -2.87097131764030        2.09882147998215        0.87682852318794
H           -0.18119403155369       -2.65601095454854        0.64529699855055
H           -1.22028552395154       -3.17673219369985       -0.90258221450395
H           -2.60518045408560       -2.54322413432130        0.00879971190745
H            1.32739157857117       -2.96156770340158       -0.01659412140905
25
 energy: -169.992576176549 gnorm: 44.249988564672 xtb: 6.6.1 (8d0f1dd)
C            3.21856896300473        1.13347082393033        0.01565976436717
N            2.26137289954069        0.04392561704448       -0.00025354673304
C            1.41324857049988       -1.77219586451948        0.41785395246441
N            1.17988750986655       -2.12637424963999       -0.11690541267767
C            0.34430640222804       -1.06258362896142       -0.00005395008143
C            0.90709071592015        0.20254404893490        0.00569034255873
C            0.07614959099201        1.39857506186113       -0.00380345873692
O            0.48756664859551        2.53175463576237       -0.01899018374982
N           -1.27227815522357        1.06697602599733        0.00201744728915
C           -2.23190086280216        2.16692791364608       -0.00210130287705
C           -1.84846909253949       -0.19129775355498        0.00628674081063
O           -3.03298905978403       -0.36068121219174        0.01090579953062
N           -0.96931137016499       -1.29847258397795        0.00151057887109
C           -1.51620546123496       -2.63807983779713       -0.00144694376557
H            3.71569796821981        1.18583928408815        0.98486635773937
H            3.97044975561814        0.99260543593711       -0.75871183899191
H            2.68343669590338        2.06981116768669       -0.15370217490826
H            3.51257332877748       -1.67199880008916       -0.01576941381367
H           -1.67617963218295        3.10069544824306        0.00428178991740
H           -2.85782068015707        2.10545569267909       -0.89105770648497
H           -2.87025051044327        2.09957506913763        0.87742860905905
H            0.16588056653712       -2.47327918131459        0.57313870254891
H           -1.22120798980862       -3.17692980393317       -0.90066747860066
H           -2.60539721328430       -2.54309179292539        0.01171993193200
H            1.32621192602194       -2.96493297444334       -0.01672498776757
25
 energy: -218.460043001217 gnorm: 52.168577796254 xtb: 6.6.1 (8d0f1dd)
C            3.21826625180679        1.13351686037226        0.01752570733003
N            2.26030032476756        0.04376652035062        0.00079409149548
C            1.10878196716155       -1.91863266517576        0.52279842650212
N            1.15420718815995       -2.16523195662133       -0.17421044349634
C            0.34186617101735       -1.05981494404309       -0.00078662199718
C            0.90772599289592        0.20313020152576        0.00587850154344
C            0.07598119868826        1.39864957232353       -0.00333097714061
O            0.48729211067162        2.53178323086314       -0.01784234823992
N           -1.27242314522188        1.06686023594606        0.00181016913012
C           -2.23212399984845        2.16669077202758       -0.00235843792564
C           -1.84847600159443       -0.19141392003657        0.00531419293683
O           -3.03301892494998       -0.36103108636648        0.00933641129931
N           -0.96990386174278       -1.29841392441953        0.00039156305406
C           -1.51508760775414       -2.63774802212283       -0.00340759153051
H            3.71510862770696        1.18580240570232        0.98700358545084
H            3.97068660864805        0.99322164653841       -0.75652332500206
H            2.68331478927963        2.07015530585719       -0.15172121822551
H            3.51140438013350       -1.67176224275766       -0.01471404076026
H           -1.67650217840129        3.10051331995085        0.00462364464256
H           -2.85763087318675        2.10548326246164       -0.89163203200031
H           -2.87088081517097        2.09894765319147        0.87684816094134
H            0.50028998865116       -2.28747870910186        0.52623421666706
H           -1.22049342259888       -3.17672930504960       -0.90246812052874
H           -2.60506783889804       -2.54353466321640        0.00986961124277
H            1.32681458387927       -2.96849100659975       -0.01826150748889
25
 energy: -237.024214257647 gnorm: 299.640880545282 xtb: 6.6.1 (8d0f1dd)
C            3.21764435073497        1.13437025544226        0.02386986861302
N            2.25928730393485        0.04401442521644        0.00438453803411
C            0.78892331813224       -2.09479409228413        0.57918427604407
N            1.15709684571007       -2.17953325376950       -0.21969259752269
C            0.33994090197621       -1.05682741882711       -0.00302079626758
C            0.90840670948808        0.20378144612608        0.00725780038248
C            0.07542543077533        1.39869621040008       -0.00155795180382
O            0.48638768993491        2.53192363834106       -0.01396318722038
N           -1.27285723232615        1.06637142282069        0.00110323374654
C           -2.23291629585310        2.16586040867504       -0.00317427601094
C           -1.84852700407452       -0.19205423263205        0.00212623615208
O           -3.03296506958842       -0.36214417231890        0.00407959353031
N           -0.97019208826446       -1.29897969052748       -0.00299594953495
C           -1.51392505628615       -2.63778515315372       -0.00956496218847
H            3.71312248967261        1.18579127909854        0.99419179046662
H            3.97147236277212        0.99548862590493       -0.74917298407037
H            2.68281465951930        2.07127448029668       -0.14502041820493
H            3.51078987730319       -1.67061886633415       -0.01138467830596
H           -1.67763396462454        3.09987173926309        0.00585194492336
H           -2.85702094006495        2.10555734049149       -0.89349767100276
H           -2.87301721330664        2.09677890751292        0.87495397526945
H            0.82140856851715       -2.09662522995199        0.51370596419530
H           -1.21793992420338       -3.17608841765068       -0.90842692809851
H           -2.60414124517931       -2.54461253615108        0.00271938284458
H            1.32884703940060       -2.97147857438849       -0.02078458607055
25
 energy: -212.594198932343 gnorm: 55.531686563755 xtb: 6.6.1 (8d0f1dd)
C            3.21976158862942        1.12937372794882       -0.01044074810715
N            2.25938502687132        0.04045583968452       -0.01465695817708
C            0.61457163126706       -2.09073757901039        0.90965998953137
N            1.15561194622777       -2.18194285507655       -0.22226502893185
C            0.33806000804335       -1.05672845933079        0.00140749464730
C            0.90909709939470        0.20258417794397       -0.00128365826851
C            0.07782637513031        1.39875688161995       -0.01107532334300
O            0.49053484939603        2.53120578015072       -0.03453300608872
N           -1.27096407494867        1.06867371112282        0.00520343177307
C           -2.22924346454585        2.16971112959709        0.00167830710131
C           -1.84868391355254       -0.18877654928547        0.01951472608468
O           -3.03336036902970       -0.35689972977724        0.03260917702520
N           -0.97237003099905       -1.29719890739745        0.01428449480348
C           -1.51812864191400       -2.63500353411967        0.02137020256234
H            3.72355306720647        1.18649020642501        0.95535008469942
H            3.96685312541295        0.98409964031948       -0.78889157639563
H            2.68508094527315        2.06606177610854       -0.18106321280544
H            3.50790703502340       -1.67631925610884       -0.02950722020645
H           -1.67236506684957        3.10285933465913       -0.00023795586269
H           -2.86096555393226        2.10448557970703       -0.88295257257414
H           -2.86202871677328        2.10756096987338        0.88566092810803
H            0.99486063349099       -2.09624401066243        0.20726784931805
H           -1.23064450255808       -3.17993378510304       -0.87636654707818
H           -2.60811917496793       -2.54010370460717        0.04226395276502
H            1.32420169280402       -2.97419184308139       -0.01182521268043
25
 energy: -221.052376661026 gnorm: 52.559879404400 xtb: 6.6.1 (8d0f1dd)
C            3.21826703951017        1.13063948116800       -0.00592051282414
N            2.25919781273808        0.04342566968835       -0.01229568512837
C            0.65038393360015       -2.06162728760989        0.95887956074007
N            1.21514068571934       -2.20375834671146       -0.37699551735685
C            0.33614281303733       -1.05310185539099       -0.00029248403050
C            0.91240463929364        0.20342847399926       -0.00038164332081
C            0.07701934602460        1.39877892464608       -0.00960580311517
O            0.48930779141629        2.53135888971649       -0.03146371872481
N           -1.27163240664175        1.06807025347137        0.00492061712689
C           -2.23027714064202        2.16856792146216        0.00146536246842
C           -1.84884022410467       -0.18967047520998        0.01726600732369
O           -3.03342689518730       -0.35835433908003        0.02898460764421
N           -0.97539127460647       -1.29792370095663        0.01054957069267
C           -1.51682449687288       -2.63446082363024        0.01643602576091
H            3.72189406767182        1.18706080702921        0.96048246362892
H            3.96711642927110        0.98656044943549       -0.78366877483164
H            2.68426439530456        2.06756975549489       -0.17611718369295
H            3.50920273914554       -1.67443275767732       -0.02754771305006
H           -1.67388345948046        3.10201282243038        0.00110294109016
H           -2.86107852643657        2.10398362298336       -0.88389441460955
H           -2.86401944504944        2.10522797507728        0.88471344054446
H            0.90141940842954       -2.09922569071987        0.31200435934228
H           -1.22791992984785       -3.17988638166515       -0.88061604649008
H           -2.60673863876013       -2.54153145418303        0.03723184303835
H            1.32870285056739       -2.98447339216771       -0.01406568432609
25
 energy: -250.296027316378 gnorm: 12.786314371950 xtb: 6.6.1 (8d0f1dd)
C            3.21586224212991        1.13405459545347        0.02642336463135
N            2.25768153516662        0.04654302667258        0.00581546746163
C            0.70598884899609       -2.09285789122471        0.71249747465565
N            1.23825271417088       -2.20859096379107       -0.43849896738514
C            0.33573905792669       -1.05098151971250       -0.00534302843476
C            0.91488362387149        0.20506575043060        0.00743953470998
C            0.07504445127302        1.39879804015215       -0.00076122563339
O            0.48609773006594        2.53190997889282       -0.01225966716173
N           -1.27320005613019        1.06633752739529        0.00092173645813
C           -2.23309770930802        2.16553506369292       -0.00340365408533
C           -1.84892877023008       -0.19217338698800        0.00078261448279
O           -3.03330839186183       -0.36240013405220        0.00199028308258
N           -0.97688379611094       -1.29948728559989       -0.00700076275993
C           -1.51318135637112       -2.63497009697465       -0.01359731017585
H            3.71234777365498        1.18540962761000        0.99716543466229
H            3.97177149574418        0.99607225199763       -0.74611824072483
H            2.68276179542377        2.07191172320093       -0.14219000114117
H            3.50998069540680       -1.66986644513400       -0.01014635613733
H           -1.67800293236491        3.09969266058246        0.00650718776799
H           -2.85676009107765        2.10572071935548       -0.89415629008693
H           -2.87385962508157        2.09592111659633        0.87432082885595
H            0.82660727465635       -2.06119008874908        0.60286124177648
H           -1.21643866743098       -3.17618080504788       -0.91033523963834
H           -2.60344571260689       -2.54528632211185        0.00058576268181
H            1.33451938418746       -2.99074860104679       -0.02232856996186
25
 energy: -226.967850399213 gnorm: 52.045516240318 xtb: 6.6.1 (8d0f1dd)
C            3.21307493796760        1.13551583075453        0.04137166721542
N            2.25150041222929        0.04635345529024        0.01451463704015
C            0.49000068466108       -2.22377001459003        0.76096517927988
N            1.29498111633642       -2.23766906799436       -0.62293901658623
C            0.33062720446415       -1.04357980868324       -0.01189949153609
C            0.92098221205445        0.20804717269068        0.01069541803797
C            0.07334482666061        1.39889930867193        0.00364784716252
O            0.48348533011326        2.53232622974119       -0.00269008813620
N           -1.27459257717555        1.06501872784421       -0.00047385992520
C           -2.23535492402404        2.16308228735683       -0.00492366737170
C           -1.84938179531397       -0.19406178049715       -0.00685994830512
O           -3.03351643802568       -0.36553162009004       -0.01028397344518
N           -0.98321592848610       -1.30021118778606       -0.01821568134808
C           -1.50889353088900       -2.63211003558176       -0.03069788321581
H            3.70741549606980        1.18573469998641        1.01423332993265
H            3.97336465311488        1.00204684118839       -0.72865917112362
H            2.68124077601724        2.07524533197939       -0.12610579300997
H            3.50405717994240       -1.66647613864271       -0.00250506202301
H           -1.68129320841007        3.09785783106074        0.00995492129054
H           -2.85580294809633        2.10546146344077       -0.89813801893927
H           -2.87933045676603        2.09006389087955        0.87028889241553
H            1.00553227098926       -1.89261861928003        0.73744658474928
H           -1.20938626500404       -3.17510369647473       -0.92435936683702
H           -2.60050110401971       -2.54888306890269       -0.01537527552256
H            1.34209358969008       -3.00739949076206       -0.02782056189887
25
 energy: -247.185073383553 gnorm: 36.300785867086 xtb: 6.6.1 (8d0f1dd)
C            3.21382508420492        1.13296935149356        0.03338363287067
N            2.25180775148197        0.04540438865623        0.01021108839602
C            0.62172719623157       -2.11836503922204        0.77418157143864
N            1.28146387380162       -2.23069451014000       -0.58912370307751
C            0.32980071742258       -1.04390187884704       -0.01147590750342
C            0.92219230053432        0.20747386747437        0.00866138752391
C            0.07452911701624        1.39894774678058        0.00116488463828
O            0.48559004415973        2.53199237108634       -0.00789899657785
N           -1.27366629452597        1.06618973682939        0.00019977721892
C           -2.23350159089063        2.16499766089685       -0.00435495593862
C           -1.84954313337899       -0.19241418876745       -0.00298101702298
O           -3.03383328124611       -0.36291096528389       -0.00380073842914
N           -0.98516934632044       -1.29916487344191       -0.01446937171030
C           -1.51101511206623       -2.63037961326914       -0.02335575442016
H            3.71032534013294        1.18446498591869        1.00522492894465
H            3.97279696742318        0.99755134329486       -0.73781202473886
H            2.68272999691978        2.07294123661886       -0.13468456180021
H            3.50302099177259       -1.66915739145653       -0.00625339052716
H           -1.67867982075944        3.09934670914968        0.00785820447734
H           -2.85571109975653        2.10635959430353       -0.89627826173240
H           -2.87589131307117        2.09402692000208        0.87219483077255
H            0.88379672253117       -2.00625323928226        0.69768334710423
H           -1.21351653608067       -3.17565078155201       -0.91633685276754
H           -2.60244847899208       -2.54667871670899       -0.00581842128563
H            1.33980141755565       -3.00885617293375       -0.02494807795342
25
 energy: -245.329114338000 gnorm: 41.060878502623 xtb: 6.6.1 (8d0f1dd)
C            3.21136222549722        1.13841947498838        0.04209280016132
N            2.24872020651996        0.04698428388880        0.01484179766050
C            0.89637118556309       -2.07318270767090        0.68507711021342
N            1.30197399762864       -2.24356417940551       -0.65352733103707
C            0.33057140790923       -1.04320866567290       -0.01345673693234
C            0.92201379981562        0.20967210129281        0.01075204995080
C            0.07158351306830        1.39892628535240        0.00458351531079
O            0.48042114866313        2.53275604086599       -0.00099285030435
N           -1.27597202597707        1.06344035525943        0.00030274096731
C           -2.23795001093296        2.16031499848687       -0.00346092759212
C           -1.84943517620390       -0.19634263312065       -0.00694883875522
O           -3.03338535428660       -0.36915784003709       -0.01041337374363
N           -0.98374821131973       -1.30117341594828       -0.02008870916856
C           -1.50523140272756       -2.63245331236269       -0.03356050422743
H            3.70591497913147        1.18920722079605        1.01503778824712
H            3.97208121290395        1.00691675061798       -0.72796390246856
H            2.67876679001834        2.07836491181209       -0.12473084376203
H            3.50211127825771       -1.66266604042554       -0.00343230433079
H           -1.68501677618436        3.09576275718696        0.01202339487907
H           -2.85838342338799        2.10255905952009       -0.89671611941801
H           -2.88189398675362        2.08599256139436        0.87172411560265
H            0.60680002003608       -2.03246229604436        0.84271234532236
H           -1.20560020644978       -3.17617436124099       -0.92618248681756
H           -2.59752044553192       -2.55238483562379       -0.01631249512229
H            1.34587676884274       -3.00830797230951       -0.03018861673537
25
 energy: -250.485048855678 gnorm: 8.228502795047 xtb: 6.6.1 (8d0f1dd)
C            3.21428139873391        1.12892791580523        0.03583451772852
N            2.25114240062859        0.04414052082481        0.01206117631560
C            0.76008419002944       -1.97952615593975        0.72943106390847
N            1.28408969187543       -2.23402477489651       -0.60713359568075
C            0.32721522874434       -1.04295395045605       -0.01418990846068
C            0.92580558731530        0.20732088332232        0.00887676723303
C            0.07614347968252        1.39908385149300        0.00105215316328
O            0.48860028734687        2.53158935496140       -0.00762227166588
N           -1.27239413381476        1.06788227483762       -0.00091126459530
C           -2.23086234538219        2.16767191969007       -0.00631546164356
C           -1.85010221601182       -0.19007783114679       -0.00468840879682
O           -3.03449985934079       -0.35913103879927       -0.00629417332135
N           -0.98989338726737       -1.29786218317282       -0.01676339173005
C           -1.51390437453026       -2.62649434848983       -0.02585817248428
H            3.71095561139023        1.18021151099313        1.00809829265568
H            3.97458112631609        0.99295787609297       -0.73467210922498
H            2.68538718702331        2.07014667755853       -0.13263831412118
H            3.50003255358108       -1.67281245332016       -0.00352671752378
H           -1.67503626292141        3.10143466337956        0.00634130732117
H           -2.85250273749126        2.10976828086943       -0.89874889598796
H           -2.87412888321747        2.09746339806512        0.86973815550760
H            0.73893351302182       -2.14547428049135        0.76818121582900
H           -1.21588916055164       -3.17441141716358       -0.91691803230426
H           -2.60502883720319       -2.54379743406413       -0.00740668170749
H            1.33742145614324       -3.01379471835295       -0.02475563251403
25
 energy: -224.555387859650 gnorm: 52.666058513366 xtb: 6.6.1 (8d0f1dd)
C            3.21772427362471        1.11498070219279        0.04054932139927
N            2.25575283655883        0.04269664121208        0.01576374885936
C            0.69275275812738       -1.76830114802681        0.66983270542380
N            1.27479609983481       -2.22463689428375       -0.57688816862605
C            0.31927892773250       -1.03705344700700       -0.02106339727914
C            0.93391028699205        0.20485612995409        0.00888965471693
C            0.08283493168345        1.39932278239852       -0.00071563475553
O            0.50069221974939        2.52997149735775       -0.00961122397025
N           -1.26715812728292        1.07441753474316       -0.00475111729934
C           -2.22042121417716        2.17848252683200       -0.01327742358974
C           -1.85151961988091       -0.18078840219446       -0.00869229920779
O           -3.03642745194201       -0.34426451227758       -0.01198404291495
N           -1.00161300349871       -1.29296150768100       -0.01967622948414
C           -1.52738159617895       -2.61686570838121       -0.02709434190891
H            3.71486848175782        1.16444513655285        1.01365307752195
H            3.98084919812689        0.97418519118947       -0.72828722501766
H            2.69568448177411        2.05858087519926       -0.12992908866702
H            3.49873452658134       -1.68732569780305        0.00425604938994
H           -1.66038190017467        3.10977679752321       -0.00051463499074
H           -2.84073039021351        2.12256343685590       -0.90685169588647
H           -2.86581566632604        2.11215522692369        0.86164602779399
H            0.78108705176486       -2.39016281489582        0.82230583381948
H           -1.22750397498027       -3.16984032893891       -0.91528687879432
H           -2.61591293108766       -2.53121755560534       -0.00987075393509
H            1.32633131553466       -3.02477792023985       -0.02123064469756
25
 energy: -246.135365926059 gnorm: 39.382197611357 xtb: 6.6.1 (8d0f1dd)
C            3.21371446540327        1.12454210081965        0.03644641645820
N            2.25488604243973        0.04944055100573        0.01250826878260
C            0.74271920977169       -1.92454193548506        0.71282157792737
N            1.28036507831551       -2.22102121685664       -0.58146956158507
C            0.32055979715801       -1.03349866525130       -0.02493711032256
C            0.93372107665580        0.20782575829141        0.00758880137602
C            0.07815762930680        1.39919217820888        0.00030008778287
O            0.49242702483190        2.53112969742985       -0.00848727470776
N           -1.27079374633998        1.07002217006682       -0.00179157994476
C           -2.22750503046847        2.17106571395294       -0.00810794365864
C           -1.85133124697029       -0.18694371626178       -0.00565700527194
O           -3.03565015601700       -0.35415513181697       -0.00715541752179
N           -0.99869651808715       -1.29631553609677       -0.01914169234022
C           -1.51938180439159       -2.62154382099451       -0.02653517519040
H            3.71241423057133        1.17505300112348        1.00879761543896
H            3.97623330631138        0.98670995306670       -0.73364724001442
H            2.68867926203163        2.06675438797893       -0.13257866758552
H            3.50304893999103       -1.67660448732889       -0.00212819804733
H           -1.67039914500641        3.10411057076010        0.00438031072305
H           -2.84904018700926        2.11375769152572       -0.90073369459622
H           -2.87131210160664        2.10216556637438        0.86778552444708
H            0.74934229642340       -2.23388591441440        0.78032619821241
H           -1.21911405563347       -3.17355453761524       -0.91504023817318
H           -2.60813721737429       -2.53989255679569       -0.00696717542966
H            1.33552436379306       -3.02157328008733       -0.02540520885907
25
 energy: -250.437317307711 gnorm: 9.281322925077 xtb: 6.6.1 (8d0f1dd)
C            3.20781575793742        1.13864255428201        0.03600133261469
N            2.25302221183910        0.05878088245819        0.01100260449301
C            0.76340703876575       -2.17049003450990        0.75216226981642
N            1.29730549412647       -2.22191745855240       -0.61527679717524
C            0.32705624762291       -1.03722068310327       -0.02227998795201
C            0.93324260932002        0.21185542124703        0.00737232159065
C            0.07120732355069        1.39902167765931        0.00310825432456
O            0.48014626082227        2.53286564691029       -0.00385842762449
N           -1.27618544911243        1.06351125035151        0.00163262981330
C           -2.23802584338455        2.16002845574974       -0.00178407697457
C           -1.85101705105723       -0.19616154686560       -0.00416174224638
O           -3.03454497899833       -0.36886877240908       -0.00485660951768
N           -0.99385539745177       -1.30124925827092       -0.02102857868843
C           -1.50722547020611       -2.62830784200021       -0.03063044702599
H            3.70730893634995        1.18992274231569        1.00801982572772
H            3.97047739875611        1.00605014868613       -0.73497210668865
H            2.67847511159031        2.07905735468330       -0.13076788145240
H            3.50866689694637       -1.66071222254268       -0.00807605933281
H           -1.68530995959164        3.09567740353178        0.01197641774182
H           -2.86009550572862        2.10148363135279       -0.89397712178664
H           -2.88077709569021        2.08648812477145        0.87455060051791
H            0.74189411618281       -1.97175674226323        0.75808230488091
H           -1.20531348383276       -3.17823101345029       -0.91953043684633
H           -2.59659203063640       -2.55284974911778       -0.00884051149159
H            1.34934837597988       -3.01738142931384       -0.03269615881779
25
 energy: -247.453670321302 gnorm: 87.190889980326 xtb: 6.6.1 (8d0f1dd)
C            3.20662668283503        1.13612271643776        0.02951789996982
N            2.25831768387802        0.06687957295017        0.00721522431457
C            0.78044705414042       -2.13781075131366        0.74805108774578
N            1.27248215886433       -2.19325419214369       -0.52615841633375
C            0.32469474116215       -1.03540150148540       -0.03050934053802
C            0.94135109551943        0.21148622329200        0.00490539139680
C            0.07246268756194        1.39911398533437        0.00091791066346
O            0.48266302204704        2.53253238214357       -0.00811984761929
N           -1.27505699649015        1.06502238919867        0.00221427892556
C           -2.23575292111617        2.16231240386189       -0.00146679182150
C           -1.85229411652896       -0.19391107551991       -0.00135020807077
O           -3.03582233034316       -0.36532406586811        0.00053244450466
N           -1.00129093279637       -1.30006001024334       -0.02007783519496
C           -1.51143470177460       -2.62417691112709       -0.02535030389145
H            3.71000610365430        1.18747599250739        1.00060651969719
H            3.97012633495329        1.00084508774070       -0.74226670223079
H            2.68044364328806        2.07687083406201       -0.13776413393753
H            3.51437473318823       -1.66261507790525       -0.01156086626290
H           -1.68219559367890        3.09750546347977        0.01009852107563
H           -2.85936704388985        2.10311233278006       -0.89262202389933
H           -2.87736395033904        2.09066247360838        0.87597332550935
H            0.73615314431194       -2.04697686422659        0.69224464378391
H           -1.20865578462555       -3.17905563817822       -0.91174706998579
H           -2.59857285290729       -2.55021407001163       -0.00066674905884
H            1.34808965318587       -3.02290315777381       -0.03144534084181
25
 energy: -249.838426530847 gnorm: 20.354043586209 xtb: 6.6.1 (8d0f1dd)
C            3.20511097516524        1.13590730521337        0.01824886451409
N            2.26257739687409        0.07452355131055        0.00055098356640
C            0.82509821581176       -2.13250237897884        0.77324331885288
N            1.24359093435252       -2.16363727145918       -0.42732142561526
C            0.32508954094740       -1.03671765103987       -0.03424199974392
C            0.94744228041328        0.21129613357822        0.00156427124954
C            0.07262291993574        1.39914286874692       -0.00198266965271
O            0.48318688359376        2.53243805134179       -0.01433413186133
N           -1.27480031793001        1.06546771779256        0.00398718974680
C           -2.23519713588855        2.16281975028897        0.00074674499027
C           -1.85318502030147       -0.19325569985884        0.00423707776499
O           -3.03662675903029       -0.36425322235307        0.01023152672214
N           -1.00601789837662       -1.29989294575545       -0.01626294592704
C           -1.51336069207000       -2.62190852602997       -0.01616265869325
H            3.71307098717686        1.18836775633211        0.98773714948376
H            3.96801314672955        0.99820854397656       -0.75530544751605
H            2.68056056296547        2.07640575307378       -0.14936061040820
H            3.51999361199889       -1.66224868220380       -0.01856747101932
H           -1.68148052659948        3.09795891841301        0.00885958512364
H           -2.86146194781947        2.10199777620165       -0.88849869071118
H           -2.87441549953083        2.09306934065744        0.88016535414153
H            0.71213491857369       -2.08795763176061        0.58156185827675
H           -1.21111519290297       -3.18121279926122       -0.90074093709856
H           -2.59880617380751       -2.54959281812680        0.01234370048457
H            1.34840630381894       -3.02618529849927       -0.02952701877056
25
 energy: -248.044361015865 gnorm: 33.265874675704 xtb: 6.6.1 (8d0f1dd)
C            3.20516429156971        1.14003537794435        0.03970672140995
N            2.25123698683196        0.06321485111716        0.01312927137797
C            0.75652164986572       -2.20690355201683        0.75891248084849
N            1.30985191881615       -2.22285829984221       -0.65861246242130
C            0.32572472571949       -1.03794052834245       -0.03003077452944
C            0.94085313158892        0.21374060013124        0.00771077342802
C            0.07011205134925        1.39918095117447        0.00449180340897
O            0.47838240315688        2.53314081718829       -0.00081537972047
N           -1.27685266442704        1.06279128127827        0.00177927315163
C           -2.23940782765500        2.15848834929993       -0.00142810229880
C           -1.85232541727969       -0.19705205128793       -0.00607696766373
O           -3.03569222499232       -0.37035616886556       -0.00757686963416
N           -0.99957464994740       -1.30178238065651       -0.02664485536682
C           -1.50535645107996       -2.62435072023785       -0.03792538157723
H            3.70555891182389        1.19082823181305        1.01214541018306
H            3.97009249878205        1.00886124144007       -0.73048294137176
H            2.67736605630081        2.08150936762913       -0.12645096213480
H            3.50734976715034       -1.65774817758348       -0.00709768978808
H           -1.68741058440674        3.09456074187718        0.01374036968566
H           -2.86084902390596        2.10045043016017       -0.89421598725420
H           -2.88299052619524        2.08360626050661        0.87433059179131
H            0.74501660915836       -1.93320191581087        0.80419829905599
H           -1.20139849657444       -3.17897441321678       -0.92247067340517
H           -2.59460666023860       -2.55534144600549       -0.01194080030041
H            1.35366503868886       -3.02566030609395       -0.03720352897466
25
 energy: -250.498653151054 gnorm: 6.749071149695 xtb: 6.6.1 (8d0f1dd)
C            3.20565631326537        1.13665847385490        0.02922584196492
N            2.25146686464164        0.06306834381208        0.00751750272856
C            0.79271182683809       -2.14284448459737        0.80758334582107
N            1.29002281992736       -2.21100978830863       -0.60948670521240
C            0.32478254986234       -1.03976041308731       -0.03069651545066
C            0.94438368217296        0.21335339733038        0.00478968392988
C            0.07160777349988        1.39928477518949        0.00124967543284
O            0.48107601945648        2.53272838680726       -0.00756018137594
N           -1.27560790835950        1.06435678514008        0.00272711523608
C           -2.23697821720423        2.16096077453737       -0.00060391778620
C           -1.85299799849204       -0.19479594961577       -0.00100254803158
O           -3.03647017798174       -0.36676508141215        0.00098973044570
N           -1.00338624151888       -1.30067347909731       -0.02248880227917
C           -1.50827864181794       -2.62072515845018       -0.02927668732800
H            3.70932213619984        1.18907627830937        1.00028519894504
H            3.96921737591169        1.00292035663488       -0.74241418955067
H            2.67932800416662        2.07871435388705       -0.13766384776965
H            3.50568155503094       -1.66097075790343       -0.01215518727843
H           -1.68404691773505        3.09649839372027        0.01108517610229
H           -2.86079370322559        2.10159908682294       -0.89170644140584
H           -2.87853448979539        2.08872156176947        0.87691855775231
H            0.72455364270294       -2.01019185391435        0.71882642055368
H           -1.20640928418006       -3.17993653353995       -0.91162376333411
H           -2.59700570900741       -2.55267573628690        0.00094720900529
H            1.35113023974166       -3.02935319000219       -0.03429505321500
25
 energy: -205.636074328907 gnorm: 51.142783408990 xtb: 6.6.1 (8d0f1dd)
C            3.20486127938797        1.13652503435349        0.02919092638865
N            2.25166080892843        0.06495964713824        0.00753947290270
C            0.94042394392088       -2.42424880397117        0.99223884792566
N            1.28882108721411       -2.21061922030053       -0.60446321242077
C            0.32728364336097       -1.04708914026422       -0.02753318715615
C            0.94709697700346        0.21300790280424        0.00459459459326
C            0.07159493184328        1.39931571678888        0.00128174045777
O            0.48103208205929        2.53274997441212       -0.00742404735318
N           -1.27555079712462        1.06438405875417        0.00287285503109
C           -2.23694720445440        2.16096282284386       -0.00045344832453
C           -1.85359684480773       -0.19455669367096       -0.00102431379124
O           -3.03708693706516       -0.36646866344376        0.00111485204251
N           -1.00489423992454       -1.30129885705893       -0.02340654785456
C           -1.50846062454082       -2.61869387980162       -0.03070575380805
H            3.70926905162429        1.18883474064697        1.00017793250499
H            3.96902324195490        1.00274537837091       -0.74234577670334
H            2.67939239598644        2.07899293568195       -0.13762369470955
H            3.50515311986673       -1.66054827983423       -0.01242806634986
H           -1.68406720229424        3.09652580193437        0.01126338706216
H           -2.86084547918980        2.10163138047841       -0.89154963781118
H           -2.87854805413041        2.08866183690988        0.87708517620646
H            0.57379734427928       -1.71905037579596        0.52833844906328
H           -1.20582802749406       -3.18028815502197       -0.91111342021319
H           -2.59682994461558       -2.55296266916340        0.00157347150841
H            1.35367696231128       -3.03523395119063       -0.03602898129138
25
 energy: -235.794174762293 gnorm: 50.144177859332 xtb: 6.6.1 (8d0f1dd)
C            3.20466848778086        1.13649201453682        0.02918005179371
N            2.25173322072953        0.06539299265375        0.00755426073489
C            0.85451610926203       -2.25842312491266        0.88303066337248
N            1.28855334967875       -2.20987582422620       -0.60466525569114
C            0.32695306922383       -1.04630001696380       -0.02931827472276
C            0.94770994808997        0.21303878319231        0.00453336222374
C            0.07159842419596        1.39931621265673        0.00128000792762
O            0.48102024131181        2.53275234147082       -0.00741137603075
N           -1.27554386333470        1.06440431347804        0.00289078920012
C           -2.23693756141248        2.16096059382047       -0.00043967766035
C           -1.85375980136946       -0.19451540677518       -0.00101718906452
O           -3.03721520842312       -0.36639192181612        0.00113464801604
N           -1.00538182528751       -1.30131588271739       -0.02372345237798
C           -1.50853631659157       -2.61822605265183       -0.03105438224544
H            3.70925476688212        1.18878503108429        1.00015314712329
H            3.96898029460067        1.00269867563854       -0.74232755127401
H            2.67940796830164        2.07906086534873       -0.13762358154431
H            3.50501703450994       -1.66044480082860       -0.01246682224143
H           -1.68407260735885        3.09653321657589        0.01127696931879
H           -2.86085638224474        2.10163208233013       -0.89153730731929
H           -2.87855472160614        2.08865497543055        0.87710063081192
H            0.66071319289027       -1.88694867032938        0.63994839174161
H           -1.20568468495754       -3.18038234680230       -0.91096769608451
H           -2.59678976047931       -2.55303213772913        0.00173585768683
H            1.35363813970800       -3.03562737086438       -0.03609459579462
25
 energy: -249.125044494611 gnorm: 27.605104266557 xtb: 6.6.1 (8d0f1dd)
C            3.20450060911472        1.13646714622382        0.02916853269695
N            2.25178643109482        0.06577264826396        0.00755683017741
C            0.70681505978805       -1.97550386488252        0.69849964969036
N            1.28818453637849       -2.20925820230270       -0.60442341252426
C            0.32768400405252       -1.04846818856487       -0.02844573314279
C            0.94823776167017        0.21297258985801        0.00450391275208
C            0.07158534918703        1.39930871796695        0.00128269549500
O            0.48101099539127        2.53275989120048       -0.00739001126040
N           -1.27553568053339        1.06442258489955        0.00291745607696
C           -2.23693387327887        2.16095778855397       -0.00041307377213
C           -1.85387434940435       -0.19447966146302       -0.00102276923500
O           -3.03733817061912       -0.36633648588563        0.00116211574865
N           -1.00563658709208       -1.30129818844924       -0.02394594315636
C           -1.50854801009338       -2.61783950560187       -0.03132513699454
H            3.70924392171773        1.18874297155810        1.00012672297349
H            3.96894041403132        1.00266451532512       -0.74231695577984
H            2.67942071006500        2.07912099680481       -0.13762110553066
H            3.50492732853849       -1.66035676799681       -0.01252066016593
H           -1.68408027795864        3.09653662912637        0.01130563539901
H           -2.86086889973116        2.10163299051495       -0.89151008823652
H           -2.87855910061934        2.08864235197205        0.87712969892268
H            0.80801391696734       -2.16853249673008        0.82369309447313
H           -1.20556939936888       -3.18045587234067       -0.91085967497512
H           -2.59675100951656       -2.55309245843177        0.00187084253918
H            1.35377583431879       -3.03614158801885       -0.03625100427144
25
 energy: -143.664508482186 gnorm: 5170.705193100263 xtb: 6.6.1 (8d0f1dd)
C            3.20382890792024        1.13635968820422        0.02916479291882
N            2.25190787386178        0.06728929885960        0.00760692448260
C            0.75974579218110       -2.07110043276196        0.75814367799347
N            1.28751602577764       -2.20756338561571       -0.60471560836914
C            0.32538831664235       -1.04472380094888       -0.03394303966269
C            0.95050683100032        0.21380383589182        0.00390647753338
C            0.07162283025919        1.39933314197123        0.00121287809692
O            0.48099433008768        2.53279044026582       -0.00738575247582
N           -1.27548212350057        1.06444460937425        0.00293691376225
C           -2.23689753982736        2.16097671625839       -0.00046337603570
C           -1.85455400128158       -0.19420190366498       -0.00115440301324
O           -3.03791358769628       -0.36605206082552        0.00123661420107
N           -1.00834712680552       -1.30069000064186       -0.02559272595580
C           -1.50892646389316       -2.61621998863037       -0.03253637196197
H            3.70917730738233        1.18855639436933        1.00005754115442
H            3.96879443199282        1.00243795501860       -0.74220385359778
H            2.67950026432574        2.07934563851932       -0.13762790315317
H            3.50446200531602       -1.66003907128794       -0.01257670428141
H           -1.68407616723464        3.09657207840732        0.01124555740365
H           -2.86087340710076        2.10163657598890       -0.89156732975760
H           -2.87857859237925        2.08865695116678        0.87707954961318
H            0.76015410715309       -2.08154218787689        0.77385296460566
H           -1.20507210433191       -3.18079375887089       -0.91030632493855
H           -2.59662554463539       -2.55332885984945        0.00245232867444
H            1.35417914888608       -3.03770933172098       -0.03765120933710
