25
 energy: -42.135961912090 gnorm: 0.002124743112 xtb: 6.6.1 (8d0f1dd)
C            3.23165683110948        1.08113164121501       -0.03988343903910
N            2.29810875688756       -0.01111648755406       -0.02438951708710
C            2.59470178820230       -1.31560602902420        0.00270258966858
N            1.44947813494214       -2.04585171026415        0.01971759565325
C            0.39701405505059       -1.17858303932437        0.00662701361946
C            0.92417229292202        0.10979757455084       -0.02119638966464
C            0.09882051511510        1.27494301782178       -0.04413394561987
O            0.45386126271110        2.43586907731883       -0.09307319845444
N           -1.29788058819663        0.93288940625517       -0.00172728042817
C           -2.17562953944855        1.94817874993300        0.01644849467396
C           -1.83574801341880       -0.38190542138493        0.02422687160464
O           -3.02427527756333       -0.56872585929898        0.05632856362513
N           -0.92850188731496       -1.43963706119646        0.00610028864628
C           -1.43547212752569       -2.79806314911853        0.02352750133130
H            3.72437699318520        1.17553517481678        0.92966637952937
H            3.99085375298093        0.91838354768085       -0.80444071259276
H            2.68973329414645        2.00291440532083       -0.24859657446711
H            3.58363545448989       -1.72570785640070        0.01063840551495
H           -3.23813138541849        5.18317202293967        0.04618292829743
H           -1.78484460053458        2.95057656772036       -0.00467735310459
H           -3.22635981418795        1.72473092820551        0.04422490282626
H           -1.12674705832107       -3.30946309624539        0.93602072903494
H           -1.08276555537365       -3.34453307535915       -0.85160547542406
H           -2.52314116401652       -2.74713760707391       -0.00278607314839
H            1.40351539367750       -3.05355317993379        0.04526931290459
