25
 energy: -45.000724013874 gnorm: 6.640518959005 xtb: 6.6.1 (8d0f1dd)
C            3.21786164340000        1.13591514650000        0.01837059260000
N            2.27034809790000        0.05199982890000        0.00038279530000
C            2.54167221030000       -1.23971668410000       -0.00834188300000
N            1.39367826450000       -1.95088267900000       -0.00850347120000
C            0.35269634020000       -1.06748964300000        0.00059917290000
C            0.90759959010000        0.20069750900000        0.00663590170000
C            0.07590235260000        1.39864294500000       -0.00284827040000
O            0.48715076820000        2.53168346660000       -0.01725767220000
N           -1.27221500230000        1.06666939660000        0.00165480230000
C           -2.23229981500000        2.16656245330000       -0.00245172030000
C           -1.84872931540000       -0.19179276200000        0.00496135950000
O           -3.03273030250000       -0.36103538130000        0.00858583760000
N           -0.96599111670000       -1.30060631840000        0.00174701630000
C           -1.52030655580000       -2.64076660390000       -0.00239033190000
H            3.71480285180000        1.18589984860000        0.98803183970000
H            3.97079415090000        0.99383197990000       -0.75543416370000
H            2.68321036910000        2.07051068580000       -0.15067179540000
H            3.52469367910000       -1.66989040330000       -0.01523639120000
H           -1.67672429040000        3.10039111610000        0.00486339690000
H           -2.85755792270000        2.10547813320000       -0.89185337000000
H           -2.87119733260000        2.09858159720000        0.87661144540000
H           -1.20589108080000       -3.18768007210000        0.88663215920000
H           -1.21982032550000       -3.17678505510000       -0.90288069810000
H           -2.60531402170000       -2.54255916880000        0.00649952960000
H            1.32879827740000       -2.95942079410000       -0.01653446370000
25
 energy: -55.329505480927 gnorm: 14.032653524590 xtb: 6.6.1 (8d0f1dd)
C            3.22426518670891        1.13677696804384        0.01928503292723
N            2.34188486903283        0.40717745464679       -0.02766063760005
C            2.54192982724059       -1.22834446880755       -0.00843495262825
N            1.39389578183419       -1.94951446503953       -0.00850504861355
C            0.35378564999740       -1.06723596012484        0.00058763093481
C            0.90860355034160        0.20528304379579        0.00648801536825
C            0.07549092569297        1.39833864327290       -0.00280441529946
O            0.48707595853290        2.53179496171795       -0.01726343239414
N           -1.27236531608353        1.06664886872960        0.00166554380710
C           -2.23227559960266        2.16652999379828       -0.00244443187590
C           -1.84860557949218       -0.19184829689789        0.00496069770182
O           -3.03280646484497       -0.36104562148463        0.00858532288349
N           -0.96599342168581       -1.30062017662111        0.00175435049804
C           -1.52029854773156       -2.64074994118609       -0.00239690364322
H            3.71479223103683        1.18608472375636        0.98828290630941
H            3.97085167514629        0.99397927293815       -0.75569413660803
H            2.60342254211681        1.69677795752753       -0.12335342394530
H            3.52438308446826       -1.66987925798205       -0.01522323160372
H           -1.67672902379611        3.10039278630573        0.00487223378982
H           -2.85757649218142        2.10547003510734       -0.89185143055958
H           -2.87121619529989        2.09856859824737        0.87662171056884
H           -1.20587672814288       -3.18768802044594        0.88662267566527
H           -1.21980564157183       -3.17678824782675       -0.90288818588799
H           -2.60530673427463       -2.54257234158240        0.00649241265943
H            1.32890597665791       -2.95929796828884       -0.01652668455432
25
 energy: -72.613871369294 gnorm: 18.655728937933 xtb: 6.6.1 (8d0f1dd)
C            3.24148118021054        1.13836439320484        0.02166134788203
N            2.40643250690818        0.76342083700501       -0.05638680023908
C            2.54214214521563       -1.21996037509973       -0.00846141393321
N            1.39460081676083       -1.94794865323475       -0.00852534555609
C            0.35501687626469       -1.06681953996303        0.00057683508774
C            0.90995425857334        0.20970307229814        0.00634770189785
C            0.07490848325074        1.39789219308952       -0.00276393285149
O            0.48712632077494        2.53194384507548       -0.01726507419360
N           -1.27257535263754        1.06671865505637        0.00167598722972
C           -2.23227564651766        2.16648913581634       -0.00243420521207
C           -1.84845919761869       -0.19193112227286        0.00495929337669
O           -3.03290147192465       -0.36106213643723        0.00858469854764
N           -0.96606430963979       -1.30047688741355        0.00175786674804
C           -1.52025335819467       -2.64071872381594       -0.00240448031886
H            3.71528471717383        1.18647378545690        0.98883215032526
H            3.97136663224968        0.99424909569186       -0.75609009416458
H            2.51801133812970        1.32360234819709       -0.09697328712860
H            3.52411800695914       -1.66981341936000       -0.01524673660021
H           -1.67673901312749        3.10038811021728        0.00488545655327
H           -2.85760097930852        2.10546006175241       -0.89184554585442
H           -2.87124062660455        2.09855137012384        0.87663446043216
H           -1.20585627315419       -3.18770312823628        0.88661286894955
H           -1.21978479995130       -3.17679577799958       -0.90290320763640
H           -2.60529313297632       -2.54258322706013        0.00648277061465
H            1.32903239328413       -2.95920537049203       -0.01653969605597
25
 energy: -73.645736251559 gnorm: 59.797510796149 xtb: 6.6.1 (8d0f1dd)
C            3.29295612594055        1.14950096500695        0.02816123561678
N            2.44390704189952        1.11652177272273       -0.08777137815528
C            2.54192527702100       -1.21545850705543       -0.00846819084387
N            1.39573286090775       -1.94706335573754       -0.00855414011531
C            0.35613510073267       -1.06643537559828        0.00055255929335
C            0.91078884642738        0.21345954922141        0.00636318626404
C            0.07426625645068        1.39736673497813       -0.00273032115843
O            0.48709383353535        2.53214875437864       -0.01728641222273
N           -1.27281781956742        1.06667126200944        0.00169032271666
C           -2.23243146024699        2.16632504797395       -0.00241500267213
C           -1.84838873477937       -0.19209316466502        0.00497738553513
O           -3.03294092403374       -0.36126550836798        0.00861395149581
N           -0.96591732429738       -1.30034213749971        0.00176730348607
C           -1.52005019064836       -2.64080542807611       -0.00238213854310
H            3.71638137022931        1.18742763346428        0.99005106778675
H            3.97258081068073        0.99496175619725       -0.75709880920440
H            2.42442617436717        0.94980031839199       -0.07245307445270
H            3.52403628264714       -1.66981281980577       -0.01529156538254
H           -1.67694372602913        3.10026835145599        0.00489607313161
H           -2.85775916581477        2.10526648797095       -0.89182393310630
H           -2.87138260846341        2.09836114833352        0.87665925436409
H           -1.20564370785922       -3.18779184050027        0.88662982243935
H           -1.21958826298755       -3.17688857540051       -0.90288390271104
H           -2.60513262034640       -2.54275016449245        0.00651287991394
H            1.32919807833450       -2.95913436330618       -0.01654455557574
25
 energy: -63.834212021506 gnorm: 18.480870414850 xtb: 6.6.1 (8d0f1dd)
C            3.31462124139085        1.15216985099647        0.03090567703473
N            2.47061611199264        1.48481533649061       -0.12425891709806
C            2.54192268792726       -1.21280752221644       -0.00848127366419
N            1.39672562765461       -1.94639340808704       -0.00837449863191
C            0.35670495227831       -1.06619322682026        0.00067702543421
C            0.91049347254655        0.21429012242942        0.00633753312183
C            0.07367308307753        1.39723457368894       -0.00293553592002
O            0.48617544929362        2.53228938691079       -0.01767493018983
N           -1.27328540805282        1.06617341293853        0.00162074986174
C           -2.23320260240194        2.16550759236909       -0.00257605551736
C           -1.84832059721428       -0.19277700053554        0.00511939797032
O           -3.03287008927221       -0.36235275795308        0.00885648935381
N           -0.96546914181339       -1.30069093745429        0.00200383625855
C           -1.51916885727233       -2.64136537346962       -0.00191942793786
H            3.71665241260573        1.18893594842541        0.99027449741037
H            3.97290239159170        0.99624292100944       -0.75794363897079
H            2.37365899038199        0.57864873460476       -0.03994983625599
H            3.52450511165002       -1.66867382273732       -0.01528630009708
H           -1.67804127582984        3.09964838337219        0.00456679165294
H           -2.85857655644986        2.10411283149804       -0.89193987074516
H           -2.87208410686066        2.09745045441137        0.87654952546122
H           -1.20451641341066       -3.18812794786561        0.88714854652150
H           -1.21858019404131       -3.17747990406707       -0.90236432399064
H           -2.60428860949148       -2.54369040083600        0.00703263396465
H            1.33018383381998       -2.95872870550278       -0.01621647712701
25
 energy: -68.173065403486 gnorm: 19.697145324446 xtb: 6.6.1 (8d0f1dd)
C            3.40795766215669        1.13757066228513        0.04574511624138
N            2.35059528696210        1.43354069802369       -0.13590841177937
C            2.53998606221502       -1.23140530892104       -0.00830228983294
N            1.39947358417487       -1.94803067572291       -0.00812127431250
C            0.35579726893356       -1.06511401376365        0.00089669166413
C            0.90595573744694        0.20578799714506        0.00674652059539
C            0.07383278894823        1.39692316827441       -0.00334963185002
O            0.48411753416147        2.53276600755911       -0.01817157982240
N           -1.27435326216086        1.06530888385485        0.00151258713937
C           -2.23445520066331        2.16410670712619       -0.00280505482279
C           -1.84792634973795       -0.19397599121641        0.00534976236954
O           -3.03293241971405       -0.36418122664419        0.00926205042923
N           -0.96486929866159       -1.30118642681575        0.00235256871404
C           -1.51770698220219       -2.64224728646137       -0.00118328049178
H            3.72021349553668        1.19058603183316        0.99343634853695
H            3.97712326953676        0.99731743926754       -0.76092524153256
H            2.39579725481492        0.68156119402227       -0.04693432737837
H            3.52573946580628       -1.66693074321576       -0.01535081712543
H           -1.67989950964618        3.09860980539097        0.00406271835426
H           -2.85999017646417        2.10216846482616       -0.89211627077681
H           -2.87330693527846        2.09588670781930        0.87641792045409
H           -1.20259648139136       -3.18871954899995        0.88796831139337
H           -1.21685972464608       -3.17847166544358       -0.90153902673977
H           -2.60287537782297       -2.54529456889351        0.00786649320229
H            1.33161382179565       -2.95833776972971       -0.01573826472932
25
 energy: -73.487082222892 gnorm: 70.066384538507 xtb: 6.6.1 (8d0f1dd)
C            3.50818584169738        1.11675944858607        0.06278473929949
N            2.25526006048940        1.10422825209015       -0.11552577762694
C            2.53747725508325       -1.22003403955703       -0.00836273858239
N            1.40207436189811       -1.94656255580557       -0.00823956259233
C            0.35690871946744       -1.06321872266031        0.00083595028145
C            0.90458298482763        0.20909884915466        0.00686638391993
C            0.07357768009863        1.39631697707203       -0.00322629621010
O            0.48343959319518        2.53303248429882       -0.01786373800371
N           -1.27476028192605        1.06532558650179        0.00157779902679
C           -2.23414183630938        2.16433619703214       -0.00268823590306
C           -1.84754673649609       -0.19384985415952        0.00528993803827
O           -3.03320931006292       -0.36382561178767        0.00917583262054
N           -0.96484349892941       -1.30100751311463        0.00223899528309
C           -1.51800651809260       -2.64196834887446       -0.00140195928666
H            3.72465923048518        1.18964876536895        0.99853445461823
H            3.98269366513407        0.99598223510432       -0.76410477222264
H            2.38345590292533        1.01450685620538       -0.08572315414641
H            3.52503440460620       -1.66760528548341       -0.01538906599351
H           -1.67955256679421        3.09882013774230        0.00424780566894
H           -2.85977634951582        2.10254804553764       -0.89204983307762
H           -2.87313889312771        2.09614268152814        0.87653280533358
H           -1.20293663112726       -3.18864786520389        0.88771422840677
H           -1.21715762841371       -3.17827024061277       -0.90178693737221
H           -2.60316417966360       -2.54501226736325        0.00763046545996
H            1.33131624465097       -2.95850566999988       -0.01589570903946
25
 energy: -75.331746231160 gnorm: 17.243937447830 xtb: 6.6.1 (8d0f1dd)
C            3.50246028875623        1.13002435507381        0.06012368089441
N            2.09051051922111        1.12761191357270       -0.14460558497166
C            2.53795801400555       -1.22254081432520       -0.00830695427012
N            1.40587696819901       -1.94545273940938       -0.00757750392104
C            0.35821230658515       -1.06264906846762        0.00131399008683
C            0.90260713273926        0.20870930800689        0.00677208400471
C            0.07097579782099        1.39587582652827       -0.00403540169365
O            0.47931961878579        2.53356202384660       -0.01933774108911
N           -1.27666086198435        1.06331969936435        0.00132814793243
C           -2.23754396597518        2.16074607178283       -0.00327133083369
C           -1.84732896483521       -0.19687035677864        0.00587613672237
O           -3.03284013584463       -0.36860083469779        0.01018175063269
N           -0.96303204265089       -1.30254713085868        0.00317916991119
C           -1.51412206417818       -2.64442177821612        0.00043286011572
H            3.72468583665670        1.19587407998149        0.99952991638608
H            3.98315994678360        1.00132910324117       -0.76788284676101
H            2.54727016968300        0.99839157240382       -0.05885544979254
H            3.52756611960012       -1.66273326945098       -0.01547152032045
H           -1.68438418258768        3.09609398438830        0.00300038911460
H           -2.86336794105182        2.09754009223978       -0.89244341221466
H           -2.87624467930001        2.09207693388830        0.87616442453507
H           -1.19799293536649       -3.19019162190335        0.88976159902227
H           -1.21271414343550       -3.18080862363305       -0.89974187204860
H           -2.59945441074060       -2.54915105128224        0.00970598204034
H            1.33551512321403       -2.95694913369522       -0.01466889558216
25
 energy: -76.087242818031 gnorm: 15.788123488633 xtb: 6.6.1 (8d0f1dd)
C            3.53790555523039        1.11100540573256        0.06787674560925
N            2.18090863127000        1.24298406472282       -0.14275676100571
C            2.53732263433621       -1.20988818300288       -0.00839271405186
N            1.40678833939023       -1.94378554733062       -0.00795388481606
C            0.35984592549115       -1.06160228332838        0.00102234999454
C            0.90557618703624        0.21854792538507        0.00646261574691
C            0.06879917472964        1.39530924136244       -0.00346150487948
O            0.48063409571060        2.53346590849114       -0.01854506885715
N           -1.27640185960699        1.06468238017834        0.00150003988403
C           -2.23606238764598        2.16231370942134       -0.00294221772128
C           -1.84720899037456       -0.19561291950479        0.00558674148141
O           -3.03316200141625       -0.36645241945723        0.00970037844020
N           -0.96371392790712       -1.30146318791111        0.00274862090092
C           -1.51579783961709       -2.64320031711853       -0.00048378429266
H            3.72713629727458        1.19338295785303        1.00459306396642
H            3.98680023934181        0.99845413822423       -0.77066983101566
H            2.41652176332732        0.86833031517023       -0.06674787649991
H            3.52578601967513       -1.66522753433043       -0.01549086113178
H           -1.68216959610324        3.09732681022178        0.00366421877162
H           -2.86178208910162        2.09985398648345       -0.89221300815636
H           -2.87489291639646        2.09390174104983        0.87640060190812
H           -1.20022688691454       -3.18953543619494        0.88872010066507
H           -1.21470994827752       -3.17963471493965       -0.90078312817826
H           -2.60113886344365       -2.54726511597890        0.00866604100965
H            1.33367395809171       -2.95765238359877       -0.01532925987198
25
 energy: -77.871675183594 gnorm: 6.501909158736 xtb: 6.6.1 (8d0f1dd)
C            3.51841947150229        1.12517869125864        0.06459238694961
N            2.18722630902012        1.17177687427725       -0.13633671046726
C            2.53471884684988       -1.22722043011280       -0.00808309821330
N            1.40994708807601       -1.94549774537919       -0.00796651970314
C            0.36019192479915       -1.06069557133248        0.00099386593298
C            0.90354268836880        0.21924915975244        0.00695674395110
C            0.06560637078609        1.39414429922823       -0.00338283361718
O            0.48069109513587        2.53339685442029       -0.01840302067262
N           -1.27696327427243        1.06573261122234        0.00148274149292
C           -2.23569340577601        2.16269137867297       -0.00298552205240
C           -1.84713091945724       -0.19534200501083        0.00550465380803
O           -3.03331831746772       -0.36583452644461        0.00960068533199
N           -0.96380007185253       -1.30052581849850        0.00269154715062
C           -1.51615433715180       -2.64273242217386       -0.00055219393226
H            3.73210910583836        1.19384902385886        1.01493616951455
H            3.99428414117215        0.99740567889538       -0.77925115427915
H            2.42376305427310        0.94042115690006       -0.07179760243011
H            3.52548236183518       -1.66658961168894       -0.01548531672180
H           -1.68152524594495        3.09768514305606        0.00363520683768
H           -2.86141800214061        2.10046243935211       -0.89229836505163
H           -2.87459673366133        2.09449566438837        0.87634403029868
H           -1.20084301868700       -3.18930188831385        0.88864048288184
H           -1.21526375492081       -3.17937534861393       -0.90085088367145
H           -2.60163210791213       -2.54671583921709        0.00855550630142
H            1.33278824568755       -2.95841922689691       -0.01536918173910
25
 energy: -77.951200947226 gnorm: 6.472708335892 xtb: 6.6.1 (8d0f1dd)
C            3.52290333884192        1.13212736076432        0.06630597771162
N            2.19889506091592        1.14203904610625       -0.12715539834710
C            2.53144816860706       -1.23794513799182       -0.00793606189485
N            1.41476181290327       -1.94634874322913       -0.00828706087527
C            0.36234632503963       -1.05838963337283        0.00078525468700
C            0.90215340264405        0.22546236264474        0.00769460554294
C            0.06083317256126        1.39300433893083       -0.00299969555914
O            0.48042282495119        2.53288783442804       -0.01775470859366
N           -1.27828349807160        1.06699819316404        0.00164864524659
C           -2.23529544427511        2.16321050296427       -0.00269449182393
C           -1.84701746564211       -0.19501294307502        0.00532884778108
O           -3.03354843831901       -0.36506432776617        0.00934601496770
N           -0.96360428765139       -1.29916352943650        0.00238020636864
C           -1.51655751266499       -2.64204155998911       -0.00113524818182
H            3.73997209789777        1.19419816018582        1.02986476103288
H            4.00540870702744        0.99615942111174       -0.79049705040008
H            2.39497221120836        0.96348484297423       -0.08511966235034
H            3.52471541820892       -1.66857881904448       -0.01566781100464
H           -1.68069668561273        3.09813341208225        0.00412047329264
H           -2.86096688068133        2.10140654512871       -0.89209763810512
H           -2.87428028662461        2.09510638897195        0.87659504644782
H           -1.20164168219641       -3.18915997975413        0.88795131291602
H           -1.21593757873464       -3.17887937113465       -0.90151893895713
H           -2.60223956044069       -2.54600324061194        0.00790858264365
H            1.33166829420784       -2.95939258245139       -0.01589434464551
25
 energy: -78.066796639892 gnorm: 1.063913493910 xtb: 6.6.1 (8d0f1dd)
C            3.53780764260268        1.12920723930324        0.06927095053023
N            2.17721150815026        1.15277544791987       -0.12543136302223
C            2.53143497173989       -1.23351677029208       -0.00808370924316
N            1.41590038681693       -1.94561086676770       -0.00846947822691
C            0.36343632232525       -1.05754007366833        0.00069932163619
C            0.90216739882851        0.22819337472206        0.00787227923585
C            0.05977639137801        1.39305822542384       -0.00284484492344
O            0.47961972647778        2.53282234897104       -0.01749193303597
N           -1.27891601831538        1.06679084837306        0.00177070014297
C           -2.23573791673188        2.16285658568258       -0.00246667454642
C           -1.84699083597105       -0.19536690939143        0.00532979718065
O           -3.03352426620967       -0.36559291705396        0.00934431176514
N           -0.96317070465260       -1.29915312213935        0.00227270252965
C           -1.51607908823871       -2.64224002480988       -0.00135824744428
H            3.74133452816201        1.19482675892839        1.03218822000573
H            4.00710901786825        0.99679998570419       -0.79196864682661
H            2.39784080038311        0.94896902901325       -0.09040831988406
H            3.52473813741935       -1.66825730343468       -0.01584154427247
H           -1.68121332323099        3.09783496568585        0.00442538047615
H           -2.86136586410388        2.10100579135545       -0.89187994720771
H           -2.87466935844781        2.09454150004218        0.87682392831873
H           -1.20111930606790       -3.18945802782001        0.88767196297680
H           -1.21542921348457       -3.17901399047752       -0.90178893704369
H           -2.60183189846140       -2.54644138995511        0.00770241046127
H            1.33210247586381       -2.95925216371494       -0.01616670168240
25
 energy: -78.075608830214 gnorm: 0.212312056366 xtb: 6.6.1 (8d0f1dd)
C            3.54652677685855        1.12996178949561        0.07160141808997
N            2.17025579488431        1.14774908106179       -0.12943116172389
C            2.53050848984084       -1.23569539045968       -0.00799126382991
N            1.41873654903965       -1.94548336325828       -0.00842359343849
C            0.36538465180751       -1.05563583572906        0.00074225209428
C            0.90169652849570        0.23328670548017        0.00841090214442
C            0.05646623649252        1.39286226892688       -0.00283330743726
O            0.47875507674024        2.53251707105146       -0.01750283630134
N           -1.28014773187039        1.06725063059603        0.00174806812634
C           -2.23592136949663        2.16290088615002       -0.00252905307482
C           -1.84697445580059       -0.19547225164839        0.00532178898151
O           -3.03359056313202       -0.36559960398674        0.00935974406817
N           -0.96263713484411       -1.29841701108046        0.00230274158894
C           -1.51590244649911       -2.64201039043427       -0.00126664895119
H            3.74607342148753        1.19564614862876        1.04048488638059
H            4.01331783867752        0.99658937911205       -0.79842113442839
H            2.38747079512617        0.94779357863155       -0.09147445430112
H            3.52432903381190       -1.66903878541494       -0.01583752965153
H           -1.68117110386122        3.09784098544113        0.00431733984936
H           -2.86146456571402        2.10102047986703       -0.89196622232262
H           -2.87477789857015        2.09461697364125        0.87677431046671
H           -1.20111389832073       -3.18942162219039        0.88776733825132
H           -1.21542352499800       -3.17903271729608       -0.90167257926782
H           -2.60182594762480       -2.54639123506543        0.00778799222414
H            1.33186096156934       -2.95959922992001       -0.01609737963736
25
 energy: -78.084146509909 gnorm: 0.546748544460 xtb: 6.6.1 (8d0f1dd)
C            3.55841602334076        1.13196188044243        0.07573398712566
N            2.15557142136967        1.13952464232118       -0.13279333990697
C            2.52942267766747       -1.24208032418323       -0.00785459026133
N            1.42484428602978       -1.94526013215566       -0.00851222910805
C            0.37002103900149       -1.05095901226046        0.00074682688893
C            0.90076062604423        0.24488193046251        0.00976703504007
C            0.04836861385293        1.39288286545199       -0.00261373379094
O            0.47641170959566        2.53185588835809       -0.01721127765047
N           -1.28326549701460        1.06829431740207        0.00180699885631
C           -2.23655774614937        2.16301890283804       -0.00244789517686
C           -1.84700146001304       -0.19580003981921        0.00526454214333
O           -3.03372402340001       -0.36574660110365        0.00932258654539
N           -0.96113089550513       -1.29661839324500        0.00222101752130
C           -1.51534551735703       -2.64146275705663       -0.00136864445232
H            3.75680355730918        1.19756447206370        1.05943274202190
H            4.02718348740520        0.99653617651553       -0.81247356372114
H            2.37096336301650        0.94212863824001       -0.09844821323037
H            3.52341635611299       -1.67085298388234       -0.01597344579070
H           -1.68116251051338        3.09779178133501        0.00440834857804
H           -2.86176847600044        2.10108510576223       -0.89195402787406
H           -2.87512978736319        2.09461914174835        0.87687183414267
H           -1.20101855581886       -3.18946273198054        0.88760914476386
H           -1.21530449066041       -3.17899608723008       -0.90176786251351
H           -2.60170956660765       -2.54633349117611        0.00766864889109
H            1.33136687975725       -2.96033464724822       -0.01626327114183
25
 energy: -78.095357151676 gnorm: 0.781520732209 xtb: 6.6.1 (8d0f1dd)
C            3.57181414363841        1.13598636583601        0.08228763353982
N            2.13137085885404        1.12630543365194       -0.13473928227395
C            2.52919574858586       -1.25544425266172       -0.00766372022585
N            1.43515514605862       -1.94505671940843       -0.00881486643032
C            0.37881573529729       -1.04175402937753        0.00072124978130
C            0.89911394108360        0.26582699559293        0.01255442197565
C            0.03280508658034        1.39374310108544       -0.00204160293313
O            0.47151679277507        2.53081878122754       -0.01642438185056
N           -1.28954515130131        1.07019746006323        0.00199302595564
C           -2.23804820416417        2.16335173954377       -0.00213015329100
C           -1.84715004852219       -0.19651222880697        0.00512822987219
O           -3.03397357805828       -0.36615180941381        0.00919611228813
N           -0.95789089176926       -1.29311749316883        0.00194913526729
C           -1.51413139854060       -2.64032323811770       -0.00179871423212
H            3.77638581919500        1.20107203931346        1.09308826717086
H            4.05180579066846        0.99705626094198       -0.83646033849367
H            2.34755674820972        0.92955469863407       -0.11480165169440
H            3.52188767698463       -1.67446855209330       -0.01633254419689
H           -1.68120411490778        3.09765421328238        0.00483368408810
H           -2.86242029767423        2.10126538488505       -0.89178316098385
H           -2.87589266387990        2.09452996038641        0.87722090583671
H           -1.20078410412762       -3.18960657839573        0.88702118570371
H           -1.21500782816424       -3.17884069679954       -0.90221380718194
H           -2.60137581500576       -2.54622881590781        0.00720452442409
H            1.33043212228432       -2.96161947869280       -0.01682253421579
25
 energy: -78.108007641988 gnorm: 0.658573906855 xtb: 6.6.1 (8d0f1dd)
C            3.58668752590718        1.14446286234316        0.09435631200381
N            2.08906594271477        1.10195839622336       -0.12730686427485
C            2.53235128033979       -1.28358996992750       -0.00748537495751
N            1.45286747132073       -1.94522704306370       -0.00978337992499
C            0.39630483847346       -1.02262745713563        0.00057859759906
C            0.89564209417311        0.30506688177962        0.01882422130936
C            0.00154501255551        1.39712592531924       -0.00048189149267
O            0.46072820341419        2.52938218107963       -0.01421620941708
N           -1.30291082786401        1.07380503474898        0.00256345030746
C           -2.24163993485962        2.16432984133491       -0.00105319151264
C           -1.84759307828250       -0.19811605112326        0.00477117539880
O           -3.03452879358048       -0.36721931577740        0.00877357442066
N           -0.95068376430536       -1.28590338453707        0.00107202825620
C           -1.51140555850123       -2.63777218526639       -0.00331880510594
H            3.81425771423143        1.20767790378806        1.15571188021897
H            4.09790616986401        0.99931683651101       -0.87883685586909
H            2.31177503774576        0.90279672118804       -0.15758664542064
H            3.51950392312505       -1.68231494745985       -0.01730711741109
H           -1.68136078923973        3.09731775938836        0.00637161905576
H           -2.86386941845474        2.10186647190646       -0.89106572023222
H           -2.87762684886767        2.09417732269131        0.87837190528302
H           -1.20026178388411       -3.19004444582195        0.88504823630367
H           -1.21430426808663       -3.17826294511317       -0.90384495722708
H           -2.60047682384108       -2.54596235915962        0.00560881754069
H            1.32845819000217       -2.96400549231658       -0.01859318695168
25
 energy: -78.110922094033 gnorm: 0.118107201792 xtb: 6.6.1 (8d0f1dd)
C            3.57586945577926        1.14545251820072        0.09380479583736
N            2.09661862776256        1.10001573289333       -0.13247319349278
C            2.53636114580616       -1.28667880165661       -0.00739648981306
N            1.45049727471912       -1.94604282283877       -0.00962002187915
C            0.39714863267742       -1.02072779342077        0.00083126561618
C            0.89472565728687        0.30405357478693        0.02007024164975
C           -0.00024178008245        1.39915182557313       -0.00044584492489
O            0.45899025121635        2.53007256381101       -0.01435258342373
N           -1.30465890390016        1.07382488602566        0.00245845593680
C           -2.24248916507306        2.16484831458589       -0.00120806181112
C           -1.84777030352118       -0.19835067160321        0.00478553701325
O           -3.03466719781178       -0.36746720346015        0.00880561735166
N           -0.94953588125768       -1.28518340128899        0.00113105614608
C           -1.51098037077762       -2.63720577511778       -0.00314231502497
H            3.81546455157550        1.20790037651758        1.15438841890704
H            4.09768405100397        1.00025003522794       -0.87645024458713
H            2.31721816044774        0.90219255433028       -0.15496301052398
H            3.52023741315174       -1.68371723328641       -0.01723473698377
H           -1.68132365366725        3.09731318467487        0.00615507548729
H           -2.86409672970553        2.10198071494173       -0.89127842202134
H           -2.87785855327907        2.09441472947291        0.87830413700196
H           -1.20025112173325       -3.18985719049805        0.88523362067303
H           -1.21430210257495       -3.17820107615191       -0.90358581097672
H           -2.60026414170070       -2.54575626630777        0.00578781232715
H            1.32805619775798       -2.96404423381156       -0.01843368058491
25
 energy: -78.116839889885 gnorm: 0.223266089759 xtb: 6.6.1 (8d0f1dd)
C            3.55234993005974        1.15121558009520        0.09758437858636
N            2.10163562639572        1.08599429160697       -0.13738421208446
C            2.54898644730165       -1.30481814360517       -0.00721897306748
N            1.44970404411451       -1.94824594123273       -0.00976181814074
C            0.40576795892318       -1.00842019970767        0.00141536345215
C            0.89049921936259        0.31474562278848        0.02631224452909
C           -0.01610524869707        1.40629991254147        0.00050975629986
O            0.44978561083373        2.53197416162047       -0.01352438258517
N           -1.31470690273808        1.07507197407016        0.00251175702818
C           -2.24649552278292        2.16679284512199       -0.00095661207930
C           -1.84848043028592       -0.19967019836057        0.00463892892694
O           -3.03530484181443       -0.36874071835604        0.00862783713315
N           -0.94351784667606       -1.28048528054716        0.00075242466487
C           -1.50863743482720       -2.63459867786490       -0.00364000687650
H            3.83221278778343        1.21072543197816        1.17190935420693
H            4.11279788703102        1.00420883131969       -0.88306162402121
H            2.32078577538716        0.88982921892326       -0.17077657029407
H            3.52222890493494       -1.69102862617769       -0.01756419247374
H           -1.68135052457939        3.09713578043792        0.00656687217626
H           -2.86538087096002        2.10267998994952       -0.89137832024934
H           -2.87929828916506        2.09483462847336        0.87884916470307
H           -1.19999083932782       -3.18958601120893        0.88449053756562
H           -1.21396051936722       -3.17763363633441       -0.90393557208812
H           -2.59917606168146       -2.54504530277083        0.00526316655642
H            1.32608265487497       -2.96499699116056       -0.01905788396876
25
 energy: -78.127212904215 gnorm: 0.497983905342 xtb: 6.6.1 (8d0f1dd)
C            3.49900898504566        1.16476313985630        0.10992326508376
N            2.11566147755727        1.05079026279932       -0.14558740654474
C            2.58043425794905       -1.34647029785568       -0.00694816152738
N            1.44544542273312       -1.95277420084172       -0.01028049557003
C            0.42621359360730       -0.97847906275729        0.00304142219948
C            0.87869092483566        0.33771517007874        0.04356576805665
C           -0.05242612581971        1.42476164410782        0.00335171143606
O            0.42560608001399        2.53885091387127       -0.01115070763230
N           -1.34029454546434        1.07766723643702        0.00274294748967
C           -2.25761687366954        2.17220302018412       -0.00008601772129
C           -1.85045023683422       -0.20313716816326        0.00422714123799
O           -3.03712079129993       -0.37261906163263        0.00807414175516
N           -0.92811464918676       -1.26870694666474       -0.00044261248694
C           -1.50223883718270       -2.62764782717305       -0.00530466453989
H            3.87109548489606        1.21713759192264        1.20669057897952
H            4.14465554071011        1.01566610483106       -0.89042799762043
H            2.33276029124263        0.85759704457677       -0.21814238436564
H            3.53076142762226       -1.71145883149326       -0.01855814096885
H           -1.68160931172316        3.09663187057050        0.00802261956592
H           -2.86907442863719        2.10477119686458       -0.89158001020938
H           -2.88341046891882        2.09596294211158        0.88065869288505
H           -1.19921976478466       -3.18882150851198        0.88207928023575
H           -1.21295104410573       -3.17588183049988       -0.90521471431337
H           -2.59592270000917       -2.54299868601322        0.00353240588882
H            1.32054780552285       -2.96728417500501       -0.02101504341359
25
 energy: -78.134604869594 gnorm: 0.397287844951 xtb: 6.6.1 (8d0f1dd)
C            3.47310495864874        1.17122103314200        0.12072836832458
N            2.13103203855483        1.02881271027095       -0.15841549005687
C            2.59881456268818       -1.36526408840335       -0.00681335297617
N            1.43891418752481       -1.95392447504426       -0.01033647299462
C            0.43600263982351       -0.96265250234010        0.00451719770408
C            0.87020428227080        0.34457516428079        0.05605449405539
C           -0.06818843617803        1.43668068143329        0.00534175701742
O            0.40967219753708        2.54632121872825       -0.01010403840407
N           -1.35560758242382        1.07844644106632        0.00272363888341
C           -2.26583404585851        2.17631253988877        0.00022454398018
C           -1.85194398051093       -0.20533999534121        0.00404615726652
O           -3.03853672830813       -0.37596643708764        0.00779235693542
N           -0.91858362353278       -1.26184715382530       -0.00110492236402
C           -1.49769052257987       -2.62283388158115       -0.00610147026610
H            3.88820346678312        1.22002497483843        1.21070846750304
H            4.15265719810082        1.02461088970488       -0.87942091391637
H            2.34495327355934        0.83826324694004       -0.24390984495628
H            3.54158589243005       -1.72691775777621       -0.01908214604487
H           -1.68199005367220        3.09629851495029        0.00866477484282
H           -2.87200844214255        2.10636959743493       -0.89217888722450
H           -2.88656495828736        2.09711303629002        0.88192277147833
H           -1.19862308519201       -3.18791112365642        0.88077792128455
H           -1.21223562276315       -3.17455201026405       -0.90560994945268
H           -2.59321118247736       -2.54127849193855        0.00271589282665
H            1.31630508010538       -2.96832359011073       -0.02196923554584
25
 energy: -78.158780584582 gnorm: 0.328747330953 xtb: 6.6.1 (8d0f1dd)
C            3.44353435190482        1.18562052995871        0.16053318192068
N            2.15883930540722        0.96391587819684       -0.20197334253121
C            2.63968358747011       -1.40486456898544       -0.00657587543062
N            1.42437482629634       -1.95249589711527       -0.01038031545988
C            0.45979574852556       -0.92418436119218        0.00895524363461
C            0.84692095360116        0.36380146947697        0.09246526966603
C           -0.10440983100737        1.46662052713334        0.01152075875322
O            0.36505070060036        2.57087965722137       -0.00753093340060
N           -1.39545368512513        1.08033533574862        0.00263618633878
C           -2.28978192041818        2.18801566529135        0.00101250203180
C           -1.85633705139124       -0.21120519797284        0.00362124352474
O           -3.04275983722201       -0.38674714210338        0.00706336602627
N           -0.89336460667866       -1.24361432696494       -0.00292913062723
C           -1.48437165667500       -2.60922869632711       -0.00823887063610
H            3.92967134045218        1.22749346272082        1.20950559842259
H            4.16585615399610        1.05093431021446       -0.83736121965681
H            2.36374565385902        0.78114136691653       -0.31912145936755
H            3.57850833855762       -1.77344385495022       -0.02063292254541
H           -1.68358937721867        3.09531302362553        0.01042727639845
H           -2.88127565923504        2.11123844876409       -0.89434694080455
H           -2.89637409035390        2.10074177754629        0.88593575985131
H           -1.19664161893040       -3.18493372834832        0.87710540361735
H           -1.20995811522903       -3.17048459915741       -0.90650559716282
H           -2.58466561865491       -2.53596897939054        0.00054238697875
H            1.30343362156903       -2.97064155870727       -0.02455595164181
25
 energy: -76.839299173252 gnorm: 13.953270031915 xtb: 6.6.1 (8d0f1dd)
C            3.46437006237498        1.18384386601837        0.16215928076033
N            2.39147791246412        0.74539063151786       -0.33563307269043
C            2.63308490738052       -1.40589312309920       -0.00649275210906
N            1.42892791559614       -1.94980979860480       -0.01024645929803
C            0.45640472714050       -0.92835847459422        0.01011167532456
C            0.86222200008493        0.36273071388517        0.08856679227880
C           -0.09873907789661        1.46401007567509        0.01210056497698
O            0.36446781219952        2.57378339648315       -0.00815759793488
N           -1.39298255102767        1.08099927761157        0.00270471603177
C           -2.29094034017909        2.18824028851288        0.00081621080206
C           -1.85669255992043       -0.21087141668971        0.00360575939096
O           -3.04298425977105       -0.38841962170827        0.00697568973028
N           -0.89454799603401       -1.24354886783309       -0.00280393870042
C           -1.48349395259856       -2.60872428402661       -0.00818761958795
H            3.92724452654850        1.22822421513162        1.20612445240814
H            4.16350054489784        1.05274790312955       -0.83080444492024
H            2.09823709667334        1.00192818955753       -0.18741073668410
H            3.58308188238426       -1.77766967436529       -0.02060886096400
H           -1.68424288003925        3.09531023042892        0.01028838277686
H           -2.88274735978923        2.11197904006454       -0.89512393167187
H           -2.89784253095519        2.10149503995274        0.88638714037897
H           -1.19631275687941       -3.18428981368546        0.87701637439585
H           -1.20958247604525       -3.16992424432173       -0.90631612300687
H           -2.58343883394726       -2.53509481435073        0.00054867506258
H            1.30195970143833       -2.96984019308988       -0.02444855885032
25
 energy: -4.542526767926 gnorm: 1999.103569370277 xtb: 6.6.1 (8d0f1dd)
C            3.46376644186525        1.18491339900338        0.16293014810348
N            2.23788409212526        0.88113627566193       -0.25247268581140
C            2.63134558558373       -1.40564708998883       -0.00663022849769
N            1.43001221922861       -1.94911039916114       -0.01027612518345
C            0.45600779941152       -0.92969671540525        0.01001228564472
C            0.85903246907183        0.36388381788600        0.09031991124374
C           -0.09828157307804        1.46343429444317        0.01236865286091
O            0.36405213330336        2.57466505217972       -0.00812047583465
N           -1.39239248631487        1.08109323608537        0.00273539883527
C           -2.29120986073172        2.18832229870471        0.00086622767918
C           -1.85683752413549       -0.21076330627521        0.00363987436998
O           -3.04301434788947       -0.38881099938886        0.00701323719931
N           -0.89473904983093       -1.24362083582958       -0.00281764710673
C           -1.48329173854580       -2.60859478111107       -0.00819181603331
H            3.92686285432093        1.22823686978407        1.20506083459457
H            4.16264925428882        1.05326134250313       -0.82925894278731
H            2.25740423215205        0.86337282074005       -0.27373167185761
H            3.58415214890485       -1.77857236803275       -0.02072544861834
H           -1.68438385730540        3.09531809489030        0.01035485660780
H           -2.88309377915404        2.11217950105158       -0.89520334212388
H           -2.89815476438203        2.10166448350678        0.88660026682572
H           -1.19623336315284       -3.18415074917883        0.87696043995606
H           -1.20952732594980       -3.16976852573829       -0.90630461604523
H           -2.58316286470327       -2.53487956226383        0.00055766355679
H            1.30158481901751       -2.96962761246652       -0.02451517967793
