72
 energy: -99.109331720840 gnorm: 1.335479216809 xtb: 6.6.1 (8d0f1dd)
N           -1.77592705946071        3.11488188286107        2.59864774200456
C           -1.74158833580489        2.41239693747797        1.56400257544173
C           -2.90170437216103        2.32589424757761        0.58906789238555
C           -3.40517815055009        0.88144050297247        0.53080733850022
C           -4.29862142961454        0.53080202377964       -0.43760290255740
C           -4.67025936783613       -0.89593203382658       -0.71527122991285
O           -3.64808789393724       -1.32340311818703       -1.72229335749087
C           -4.08230575942649       -2.38416559560925       -2.53716932528841
C           -4.41149773847502       -1.75224616649567        0.51236953442708
O           -5.05308894063290       -2.93413504617829        0.43119346635916
C           -4.88949231828360       -3.88252740779036        1.46412437406173
C           -3.55731166447005       -1.34987755513953        1.50218753292791
C           -3.00566611848280       -0.06296420449561        1.49129515727929
C           -2.34409149401247        2.75550447037245       -0.79313608207646
C           -1.53271633005199        1.67570012089316       -1.53216810073289
C           -0.23335253945057        1.36410483690597       -0.89984353520865
N            0.24829901655541        0.14710721928332       -0.68453601369431
C            1.61338666659054       -0.02317983418225       -0.24821444560092
C            2.54564163915808       -0.39940781906171       -1.41770233570846
C            3.98189762177093       -0.25235002099234       -0.99994247400816
C            4.62999967235838        0.96271396292529       -1.14636091708269
C            5.94828202184996        1.11810991403221       -0.74681986332057
C            6.64406944493519        0.05849770769108       -0.18456050420548
O            7.92552831585188        0.09338938629832        0.23151778961617
C            8.66550944433365        1.28099258593373        0.06712058242582
C            5.98437157750380       -1.18966614823269       -0.02004212621923
O            6.73420331588405       -2.16389912613657        0.53694514506628
C            6.18097164531671       -3.44666959711262        0.70570895242046
C            4.66658074832837       -1.32180843014186       -0.42755745805412
C           -0.47197423305959       -1.04933525408191       -1.04591889899575
C           -4.03022276061787        3.19210314174733        1.05603384297703
C           -4.69082902210871        2.85736625137156        2.32782469238202
C           -4.39975349014759        4.44698168168821        0.37266032284464
H           -4.67838041625349        1.25221075368283       -1.14229207480403
H           -4.35886326035847       -3.26077061244015       -1.94345260464644
H           -3.24003846792955       -2.63482458901611       -3.17983832275930
H           -4.93564633617773       -2.09045986452045       -3.15700349981996
H           -5.22856558234972       -3.48127852446697        2.42256714512565
H           -5.50743271697686       -4.73318699371263        1.18535348167896
H           -3.84648430659338       -4.19988457630295        1.54899663965611
H           -3.31720943781394       -2.00551938390374        2.32428466495492
H           -2.32143347188862        0.21330149510043        2.27772932579413
H           -3.17783862383564        3.02347730179182       -1.43865259646023
H           -1.72539026435535        3.64517411177413       -0.65897859063289
H           -2.14191544947470        0.78299364775030       -1.66348372787779
H           -1.32254990653882        2.08031942394942       -2.53116518450765
H           -0.87563251349044        1.82343358362368        1.22575406469530
H            0.42668662278571        2.18929036040724       -0.67510302325088
H            1.65213890986044       -0.80316482884895        0.51631316604578
H            1.96860429414986        0.90891724748108        0.19629011067835
H            2.33907286073146        0.27042973520016       -2.25470309455817
H            2.34476738649345       -1.42262418364881       -1.73613792688839
H            4.11325425636996        1.80056452917794       -1.58989590778547
H            6.42813376689359        2.07310340407851       -0.88438044943836
H            8.23186640471904        2.10663031278969        0.63978504598773
H            8.73723891446112        1.56519353646959       -0.98712343037781
H            9.66009361699975        1.06048231612522        0.44974628691477
H            6.97370516205445       -4.05078750156521        1.14276945368600
H            5.32395783570117       -3.42854753628150        1.38681001746830
H            5.87954858518946       -3.88336079924939       -0.25148602989860
H            4.16009214705949       -2.26775238082016       -0.31596713348086
H           -0.46825385237228       -1.19714295650189       -2.12841743725378
H           -1.51117983552786       -0.99910337431636       -0.71862206476468
H            0.00120366402831       -1.90673900804101       -0.57444145542737
H           -5.32108368383531       -0.97937953218180       -0.98851307590469
H           -4.16769981930314        3.37922011730384        3.13760251979535
H           -4.64363396963457        1.79325023080811        2.54791512123865
H           -5.72619708920883        3.19281048966640        2.33589595570100
H           -3.51965399554269        5.04159741714828        0.12529957132322
H           -4.92281650443204        4.25171504172004       -0.56842780255804
H           -5.06103771013158        5.03896515318570        0.99917691967402
H           -0.93998372831939        3.12916644291964        3.17469341430172
72
 energy: -99.321847055424 gnorm: 0.046808006237 xtb: 6.6.1 (8d0f1dd)
N           -1.77590991782866        3.11505204164179        2.59882426984121
C           -1.74126233083859        2.41252461602775        1.56431571474653
C           -2.90105062961914        2.32784502964794        0.58976931363439
C           -3.40131652213763        0.88635309745647        0.53529090738292
C           -4.28330671086126        0.53956613015135       -0.43165653939845
C           -4.54936187276644       -0.88323853353644       -0.66873731920561
O           -3.62655566931677       -1.32527975504093       -1.72605331324306
C           -4.08222398856162       -2.38343117189415       -2.53604351588267
C           -4.39717948206488       -1.75530821392239        0.52308417070264
O           -5.05093144134238       -2.93238009993187        0.43139053073943
C           -4.88998812707948       -3.88243971374762        1.46377053163459
C           -3.55419036550158       -1.35048652262531        1.50848144827234
C           -3.00394475813172       -0.06259986905045        1.49277364197347
C           -2.34395192891163        2.75561256426315       -0.79324942135523
C           -1.53258443514376        1.67573570535258       -1.53216748809673
C           -0.23343064492362        1.36403915254558       -0.89975747536857
N            0.24826129531341        0.14703330353576       -0.68456428265301
C            1.61346546361522       -0.02315287250523       -0.24825096263411
C            2.54570770633022       -0.39942674167070       -1.41775676045913
C            3.98191468539292       -0.25233897125869       -0.99995034104701
C            4.63001112548857        0.96272126259317       -1.14640097508836
C            5.94831692577268        1.11810855846817       -0.74682183999068
C            6.64404034856435        0.05849188356053       -0.18457153076908
O            7.92554973345073        0.09339311782591        0.23152785647691
C            8.66549981434034        1.28094747332124        0.06714132687207
C            5.98439031926943       -1.18966761492027       -0.02002994796108
O            6.73422755075600       -2.16391811684586        0.53689457176632
C            6.18096303708196       -3.44666521292414        0.70570468027992
C            4.66657234269262       -1.32182809009901       -0.42756173036315
C           -0.47213956112973       -1.04927916009670       -1.04591348252547
C           -4.03020590304871        3.19242746782954        1.05619047445298
C           -4.69084457093999        2.85735028261402        2.32782140650894
C           -4.39981684316726        4.44697441583564        0.37257962799094
H           -4.67796393294160        1.25068391463656       -1.14166878822056
H           -4.35856942663983       -3.26045895873042       -1.94302891523784
H           -3.24086718027798       -2.63537593243547       -3.18040146986744
H           -4.93572079836778       -2.08952200455958       -3.15617090029145
H           -5.22858082573644       -3.48126161033474        2.42255547497795
H           -5.50774575142215       -4.73322222497492        1.18518808359702
H           -3.84670623188819       -4.19996873713752        1.54898761431601
H           -3.31631838551253       -2.00618837318944        2.32677507708163
H           -2.32109201056262        0.21348512956518        2.27830837019075
H           -3.17789970601253        3.02345828919357       -1.43865008704011
H           -1.72536066208980        3.64529242629880       -0.65907009560370
H           -2.14192011893465        0.78303410993480       -1.66343627901795
H           -1.32255986034082        2.08031112752829       -2.53116659311767
H           -0.87546000858194        1.82347763126553        1.22571905534981
H            0.42666350579534        2.18933051148439       -0.67511876528565
H            1.65219207903086       -0.80315965632829        0.51641952893143
H            1.96861191528929        0.90901106859229        0.19626430495711
H            2.33906802547892        0.27048838199033       -2.25465552818967
H            2.34477396950697       -1.42257687959932       -1.73617577248384
H            4.11327465022318        1.80056480196377       -1.58992875059424
H            6.42815501029572        2.07310118730030       -0.88437499902222
H            8.23187322478927        2.10661547337881        0.63981137347578
H            8.73725327765885        1.56518899762303       -0.98709906369143
H            9.66009849761072        1.06047422950311        0.44977266427965
H            6.97367340899637       -4.05080983185653        1.14276870928045
H            5.32392506950980       -3.42853158591985        1.38679280593058
H            5.87952531249627       -3.88337246912266       -0.25150762468398
H            4.16007858247269       -2.26773654814442       -0.31599754483403
H           -0.46814191016709       -1.19718837167947       -2.12833341710281
H           -1.51105324364034       -0.99906894423649       -0.71873527327588
H            0.00124568213605       -1.90673473620512       -0.57438083743496
H           -5.50571980797153       -1.00479337498508       -1.06653829981696
H           -4.16772632646009        3.37912130585843        3.13769392470773
H           -4.64352546072827        1.79332217520981        2.54786932273750
H           -5.72616077392376        3.19285406457768        2.33591593660996
H           -3.51972847936706        5.04161463498025        0.12529378059718
H           -4.92284629547663        4.25171362603425       -0.56844272582471
H           -5.06107053259971        5.03897908072710        0.99918499956785
H           -0.93988352939506        3.12925215167531        3.17475199940151
72
 energy: -99.324722499752 gnorm: 0.034128931400 xtb: 6.6.1 (8d0f1dd)
N           -1.77202631607426        3.11991179192788        2.60316787448892
C           -1.73710202059903        2.41850794788169        1.56786299541701
C           -2.89865141702499        2.33054527186733        0.59507817132570
C           -3.39642278262733        0.88522229637193        0.53657403058793
C           -4.28100845553655        0.52972728364792       -0.43848373464393
C           -4.57554306325277       -0.89777140576765       -0.69408900748628
O           -3.62991559767327       -1.32388569108368       -1.73199443058414
C           -4.07993396753986       -2.38622275517637       -2.53631264134867
C           -4.39010796059174       -1.75870303759640        0.51437514451219
O           -5.04394482964646       -2.93415393088410        0.42730250233614
C           -4.88885701393390       -3.87971796450839        1.46432750923235
C           -3.55014511208928       -1.34943412985611        1.51302562552695
C           -2.99677639822121       -0.06174864589774        1.49620217781358
C           -2.34337980698247        2.75642959112430       -0.79016599876108
C           -1.53259766212862        1.67658012860920       -1.53015854116071
C           -0.23327600173251        1.36441205512103       -0.89855932235917
N            0.24891430925838        0.14737941236317       -0.68381422436708
C            1.61453795697861       -0.02228991431494       -0.24812895463384
C            2.54623239196431       -0.39862627362195       -1.41820256362234
C            3.98250999410510       -0.25202141060500       -1.00066860225447
C            4.63083103787996        0.96287297193788       -1.14725379996569
C            5.94903453574703        1.11796744250716       -0.74731738185159
C            6.64438542347482        0.05819357978100       -0.18500968949049
O            7.92578058447349        0.09287124243341        0.23144829529543
C            8.66580985534601        1.28033128431025        0.06754093278459
C            5.98457805484618       -1.18991129329832       -0.02076600863910
O            6.73415908327022       -2.16445004264659        0.53588464722376
C            6.18033572912073       -3.44695250044218        0.70496111181708
C            4.66674500349465       -1.32180184189603       -0.42834880565583
C           -0.47104418113394       -1.04913931014250       -1.04523107076493
C           -4.02857351103861        3.19480826001920        1.05923275396735
C           -4.69035249515733        2.85826812119940        2.32968079808271
C           -4.40060883940979        4.44741019939318        0.37322738880308
H           -4.67125337194012        1.24079797428423       -1.14674108507078
H           -4.35640837915652       -3.25964844676092       -1.93863530011315
H           -3.24178544239796       -2.63879738163892       -3.18468168715304
H           -4.93750506405053       -2.08728531077520       -3.14869157374741
H           -5.22908069324457       -3.47599515448055        2.42150242478118
H           -5.50910970413141       -4.72916595135928        1.18621515662203
H           -3.84713657104062       -4.20113696602345        1.55249684949358
H           -3.32181925291812       -1.99688385516199        2.34480747248232
H           -2.31769588577345        0.21697449519868        2.28484472561543
H           -3.17833206839532        3.02282925130854       -1.43497057399757
H           -1.72524757828427        3.64688680274443       -0.65870096155055
H           -2.14197890309109        0.78395975829088       -1.66202262484274
H           -1.32318344610332        2.08112055891398       -2.52930613178852
H           -0.87174999053011        1.82877251753945        1.22894017672726
H            0.42691434587349        2.18979909603367       -0.67454246085580
H            1.65391118391073       -0.80187685096398        0.51723808124309
H            1.96939155542026        0.91043828321570        0.19564503406533
H            2.33919090219430        0.27190915583393       -2.25451738011353
H            2.34483436042260       -1.42155991602687       -1.73703483665538
H            4.11427255341290        1.80072968623106       -1.59097664766395
H            6.42900568848734        2.07283490744099       -0.88461107338237
H            8.23214715495564        2.10586591769628        0.64030595322763
H            8.73780760849549        1.56485051319574       -0.98656073783501
H            9.66029454264076        1.05979346615453        0.45031944445343
H            6.97269567145218       -4.05147097379815        1.14227084796300
H            5.32317494915225       -3.42822596054121        1.38595779194867
H            5.87873451209781       -3.88372390801046       -0.25223171474340
H            4.15989120142388       -2.26757095992523       -0.31698212467133
H           -0.46578896499173       -1.19798621204793       -2.12746292229928
H           -1.51006196154389       -0.99874969342646       -0.71964575551242
H            0.00216531933896       -1.90631095231058       -0.57262662234655
H           -5.54329977582653       -1.02315381213431       -1.09631040108438
H           -4.16810324227226        3.37874809587435        3.14089941795725
H           -4.64225664206839        1.79404747538453        2.54823332290753
H           -5.72576149661947        3.19341812317209        2.33713627221069
H           -3.52146398642645        5.04294887118667        0.12504319682368
H           -4.92347838353654        4.25031999862950       -0.56750361141568
H           -5.06261797032048        5.03947251791616        0.99900925471004
H           -0.93638370517555        3.13255562886519        3.17976846457228
72
 energy: -99.325696520624 gnorm: 0.023468766897 xtb: 6.6.1 (8d0f1dd)
N           -1.77231235672924        3.12133754222726        2.60584800220430
C           -1.73639513384139        2.41854277385747        1.57129339453115
C           -2.89714606669729        2.33072561134869        0.59653801584789
C           -3.39416878306261        0.88343240629197        0.53684775271155
C           -4.27661563541769        0.52581604766657       -0.44263011248018
C           -4.59347003126092       -0.90465575286744       -0.71125527530414
O           -3.63687823599910       -1.32357573589360       -1.73475249459376
C           -4.07902213616563       -2.39075480321317       -2.53684955989037
C           -4.38641885105873       -1.76061350253760        0.50835022256561
O           -5.03698733752678       -2.93699506041789        0.42648345452607
C           -4.88843233691052       -3.87934387591824        1.46715226764432
C           -3.55126694966678       -1.34870528919483        1.51283343627811
C           -2.99701177465503       -0.06137880913420        1.49882715305682
C           -2.34170211810177        2.75850864718424       -0.78870329054514
C           -1.53100965516665        1.67857988765623       -1.52862296975580
C           -0.23211723724198        1.36556022152860       -0.89680230825110
N            0.25030045241724        0.14841046649171       -0.68236139831855
C            1.61645612455113       -0.02054320224734       -0.24787684510186
C            2.54703618639455       -0.39691238185918       -1.41879683267270
C            3.98354387125879       -0.25128071006670       -1.00196968146028
C            4.63241555174800        0.96328983036084       -1.14857648569901
C            5.95054567212693        1.11782223317385       -0.74808298776882
C            6.64517018103528        0.05766616419852       -0.18559981325524
O            7.92637201613580        0.09192753794131        0.23164963708146
C            8.66652989823808        1.27937988041526        0.06869449803718
C            5.98499517979637       -1.19029579791938       -0.02194372534586
O            6.73410525834756       -2.16536123059777        0.53442241518963
C            6.17917078580518       -3.44732522708022        0.70381196482214
C            4.66714791440487       -1.32150847144948       -0.42973016256645
C           -0.46920079054822       -1.04832784419859       -1.04380385096831
C           -4.02695374720812        3.19506724644024        1.06109371673595
C           -4.68889391370670        2.85827704073930        2.33152765070916
C           -4.40140579289869        4.44647826075529        0.37400972706472
H           -4.66023429433484        1.23961629068356       -1.15006192251494
H           -4.35025987636940       -3.26272902825260       -1.93560458333502
H           -3.24546431566382       -2.64323198089831       -3.19072215663589
H           -4.94156776411436       -2.09321220235346       -3.14318621619839
H           -5.23051653478283       -3.47058552191128        2.42141428516305
H           -5.51122308257333       -4.72778932369569        1.19015430768072
H           -3.84802061154461       -4.20353211150858        1.55985613546587
H           -3.32546718548374       -1.99356071503243        2.34835270744444
H           -2.32075842457841        0.21830480015417        2.29024540942329
H           -3.17796160085229        3.02362369936063       -1.43241120900335
H           -1.72410253476776        3.64965795677152       -0.65832772313203
H           -2.14114501897329        0.78643572101126       -1.66097735571107
H           -1.32181297722280        2.08375169984327       -2.52757140051119
H           -0.86803906030869        1.83451046547440        1.22982929260727
H            0.42816594064279        2.19097711445776       -0.67303829757985
H            1.65696419394897       -0.79946202105974        0.51818339785116
H            1.97124692478930        0.91276255880596        0.19474215703347
H            2.33970353303849        0.27442035177732       -2.25437634311154
H            2.34487588357380       -1.41947707220505       -1.73818630712084
H            4.11630286304382        1.80128587505959       -1.59254810234009
H            6.43092107710996        2.07258022795580       -0.88497687120621
H            8.23264278902288        2.10472026346084        0.64166996410552
H            8.73907308165355        1.56447899492399       -0.98525526957465
H            9.66085670276237        1.05865775963347        0.45185893934098
H            6.97084724686299       -4.05239070356976        1.14152981292918
H            5.32184310096215       -3.42760409124670        1.38455916921936
H            5.87741393056163       -3.88418244213118       -0.25329053063645
H            4.15972042734215       -2.26695849088334       -0.31864949970334
H           -0.46132635015159       -1.19882257381696       -2.12580598549825
H           -1.50864958907704       -0.99717290744701       -0.72042594861955
H            0.00323306234600       -1.90487810522462       -0.56907940959280
H           -5.57781132521039       -1.03332195529923       -1.11735675888432
H           -4.16672498061751        3.37694753605800        3.14408865539700
H           -4.64125011440845        1.79376304885983        2.54846162262156
H           -5.72404762935894        3.19410610023177        2.33948081149331
H           -3.52366445983385        5.04339676835912        0.12410554096341
H           -4.92516078714523        4.24746726476530       -0.56580834475270
H           -5.06382192132235        5.03836876082203        0.99968600129493
H           -0.93464493035581        3.13997340686773        3.17968135318644
72
 energy: -99.325982203006 gnorm: 0.014329075324 xtb: 6.6.1 (8d0f1dd)
N           -1.77245230412762        3.12398768022073        2.60504239208083
C           -1.73541531260265        2.42100641516900        1.57057479636952
C           -2.89705826912474        2.33021244501699        0.59644779255036
C           -3.39466795128638        0.88262524084963        0.53603090406174
C           -4.27360018028619        0.52578897213750       -0.44561410117675
C           -4.59595743706430       -0.90519467729195       -0.71630940840525
O           -3.64317828750713       -1.32367531232751       -1.73800894438300
C           -4.08117481935187       -2.39550885035297       -2.53743156272990
C           -4.38716590063040       -1.76118221231536        0.50592205689622
O           -5.03389112224455       -2.93969560125477        0.42593968305581
C           -4.88895594510803       -3.87929625596729        1.46974486076880
C           -3.55448471338476       -1.34835873303936        1.51076715013188
C           -3.00044441269498       -0.06102059816302        1.50011133778281
C           -2.34084752546470        2.75935418606479       -0.78792482272890
C           -1.52899385367721        1.68052224855505       -1.52812042351707
C           -0.23069983537150        1.36719837757145       -0.89536573948418
N            0.25181123546439        0.14994248450288       -0.68097461446208
C            1.61843011547645       -0.01852532203778       -0.24773464492612
C            2.54786811085714       -0.39495038334370       -1.41946007528593
C            3.98463599275265       -0.25035758222030       -1.00329175644467
C            4.63420921341391        0.96383088590358       -1.14980556948728
C            5.95230770704314        1.11767234444752       -0.74886662603838
C            6.64614561475217        0.05709551909655       -0.18619152457923
O            7.92714174386589        0.09088457056084        0.23190702948583
C            8.66748979078109        1.27835542313017        0.07007931396994
C            5.98546875461913       -1.19066290970193       -0.02315452144524
O            6.73402313337066       -2.16630192849520        0.53303098809642
C            6.17790755579816       -3.44770385759988        0.70264524514604
C            4.66760367922107       -1.32106034727738       -0.43116282918732
C           -0.46740627610883       -1.04702178098279       -1.04224931549445
C           -4.02673649444287        3.19430140817243        1.06201063125420
C           -4.68765454364999        2.85753408012055        2.33300044205804
C           -4.40283953682991        4.44499753875198        0.37449878113018
H           -4.65232778725295        1.24124762727919       -1.15459865591890
H           -4.34389581978569       -3.26806948800941       -1.93331194153639
H           -3.25007521764965       -2.64471694947133       -3.19538007290985
H           -4.94835216470647       -2.10407970104116       -3.14021932603160
H           -5.23256163826965       -3.46656864697235        2.42180644375336
H           -5.51284502174162       -4.72733290832893        1.19401560129308
H           -3.84946165266930       -4.20544566072617        1.56637695202666
H           -3.32785518200610       -1.99468050087628        2.34455753488091
H           -2.32640918701749        0.21866876369846        2.29353500821161
H           -3.17719534974676        3.02449586234583       -1.43145641763506
H           -1.72400168724420        3.65081980508248       -0.65631092703443
H           -2.13913424990937        0.78850625687391       -1.66137741674967
H           -1.31916306158685        2.08645984269266       -2.52663791720379
H           -0.86704389582166        1.83581453367188        1.23107925364095
H            0.42962608754168        2.19259896720665       -0.67162178326577
H            1.66004315159264       -0.79702318522678        0.51866206024026
H            1.97341708008832        0.91507494727335        0.19405180752512
H            2.34042531108997        0.27701647514441       -2.25448029564307
H            2.34490498417061       -1.41720040500492       -1.73925869266834
H            4.11866474827419        1.80206712114124       -1.59395769832862
H            6.43318869576416        2.07227085001208       -0.88541872493384
H            8.23329890633262        2.10342955914819        0.64327616544253
H            8.74069939014367        1.56409272401808       -0.98367957029703
H            9.66159135101439        1.05737316264262        0.45372976386126
H            6.96888675260817       -4.05332775208022        1.14078079794557
H            5.32039555175697       -3.42698747434375        1.38311313823636
H            5.87603570550115       -3.88460977689539       -0.25439135513187
H            4.15960700960562       -2.26621181088482       -0.32037733647531
H           -0.45690964718499       -1.19930745931530       -2.12401238024491
H           -1.50747161345842       -0.99497183035602       -0.72112847218134
H            0.00379960143144       -1.90296151821350       -0.56510928502202
H           -5.59264691536125       -1.03539658003831       -1.12315755849038
H           -4.16456915831096        3.37501240194343        3.14574913638963
H           -4.64068383225437        1.79280290526893        2.54907003597265
H           -5.72246476920073        3.19430233877600        2.34194284595455
H           -3.52610986555082        5.04280932040020        0.12307405142668
H           -4.92758745085878        4.24458670442720       -0.56449037833685
H           -5.06508643420658        5.03674099045075        1.00054658234476
H           -0.93563505457279        3.14204654286973        3.18018694441713
72
 energy: -99.326167840718 gnorm: 0.004036148640 xtb: 6.6.1 (8d0f1dd)
N           -1.77420015003305        3.12410209858893        2.60414954889996
C           -1.73693011641780        2.41906317423085        1.57106361439630
C           -2.89779281747785        2.32919668945635        0.59553998268991
C           -3.39630851677084        0.88208297406998        0.53433445936316
C           -4.27008557928754        0.52623689030400       -0.44984753915294
C           -4.59236020308249       -0.90418925761660       -0.71831355110178
O           -3.65051871687715       -1.32406022195638       -1.74419427027692
C           -4.08599919736976       -2.40281584697717       -2.53748824136344
C           -4.38847649692092       -1.76168559545980        0.50356966948825
O           -5.03088285441495       -2.94286331905354        0.42415803245171
C           -4.89085674429222       -3.87832127026656        1.47263946929966
C           -3.55851882321233       -1.34789887043969        1.50813220424727
C           -3.00590192599355       -0.06010291588798        1.50148464204390
C           -2.34006199044403        2.76069783176218       -0.78728231445630
C           -1.52603442739608        1.68366089595311       -1.52767023828338
C           -0.22847704412390        1.37023851008324       -0.89346584697316
N            0.25417630139684        0.15289246641878       -0.67901445568799
C            1.62147537798962       -0.01510144604792       -0.24767361783658
C            2.54929127056106       -0.39158361356097       -1.42060566422337
C            3.98647380730949       -0.24868362739913       -1.00534595062909
C            4.63728327333863        0.96485252311778       -1.15164595359383
C            5.95535608912725        1.11742747993995       -0.75010973976630
C            6.64790957210581        0.05614643823525       -0.18717205942871
O            7.92854922222475        0.08905132405179        0.23225942730874
C            8.66933405114091        1.27651303312372        0.07243792265854
C            5.98624502044339       -1.19119841046449       -0.02509626449289
O            6.73375428939232       -2.16780107546901        0.53089069015642
C            6.17580448566218       -3.44836559034293        0.70073130207542
C            4.66836981749924       -1.32021709653184       -0.43348643663084
C           -0.46479454127629       -1.04441493487891       -1.03973438762648
C           -4.02750354754252        3.19264347735112        1.06254812612476
C           -4.68631598919821        2.85583133127926        2.33461645791584
C           -4.40567076998679        4.44262475700730        0.37498167819398
H           -4.64315299562142        1.24225433060117       -1.16239291577109
H           -4.33420728773220       -3.27676610055604       -1.92875721276547
H           -3.25818740337456       -2.64534382133271       -3.20197199685584
H           -4.96120363773580       -2.12238029432194       -3.13413040873088
H           -5.23649370907161       -3.46034937411196        2.42178606482670
H           -5.51572758484689       -4.72609914509508        1.19880364394105
H           -3.85256123816323       -4.20690968535374        1.57462511750865
H           -3.33124533193417       -1.99688065970558        2.33916298948091
H           -2.33514555306603        0.22013494346743        2.29730037957345
H           -3.17532429421528        3.02670197740747       -1.43183639632386
H           -1.72404787050804        3.65227571517057       -0.65289658508353
H           -2.13548992995749        0.79151659619264       -1.66307956384588
H           -1.31475209080242        2.09114650037845       -2.52524154557454
H           -0.86737198947697        1.83554047009507        1.23178029516774
H            0.43180821471113        2.19558769223236       -0.66944225666925
H            1.66462531630110       -0.79326149851917        0.51894679904564
H            1.97690727112154        0.91874641045645        0.19318874819072
H            2.34177537993486        0.28124176160810       -2.25490894031820
H            2.34503042013732       -1.41340099831397       -1.74093087120051
H            4.12269722443141        1.80360026779265       -1.59592805368008
H            6.43712528919085        2.07166277548461       -0.88619227919250
H            8.23464893314915        2.10110146539426        0.64599559229008
H            8.74377163741801        1.56332652037351       -0.98094969978776
H            9.66297364050123        1.05497191834172        0.45697066762643
H            6.96570957075857       -4.05491274858474        1.13949948075806
H            5.31797919526395       -3.42616495629656        1.38075511560091
H            5.87378618071999       -3.88525958301057       -0.25626598690757
H            4.15942837793705       -2.26491022562289       -0.32317285485398
H           -0.45053255330420       -1.19961337936686       -2.12110053522895
H           -1.50584852561743       -0.99079182969641       -0.72202890335970
H            0.00422328775771       -1.89943316769553       -0.55867411140266
H           -5.60310857847556       -1.03559671856111       -1.12383721177595
H           -4.16101536974016        3.37187173577294        3.14685812327115
H           -4.64035971954822        1.79083634139457        2.54982654666767
H           -5.72060419561540        3.19405130167496        2.34570415998277
H           -3.53009412409603        5.04126672681787        0.12151402178852
H           -4.93188567031406        4.24067036408750       -0.56287566113296
H           -5.06740088199598        5.03414945590069        1.00177798446254
H           -0.93654593318853        3.14559963536224        3.17799240707527
