72
 energy: -99.326949825948 gnorm: 0.002935180832 xtb: 6.6.1 (8d0f1dd)
N           -2.30215951140471        3.09200849015443        2.41075508585516
C           -2.11923007356785        2.27686649510130        1.48279256707741
C           -3.11411626246143        2.00137156224020        0.38769237721719
C           -3.54826655046744        0.54560346683946        0.44112628832106
C           -4.36692332714551        0.03088439324592       -0.56655137094576
C           -4.81059354670103       -1.28082676960793       -0.54147325767921
O           -5.62719353730784       -1.84494588382101       -1.45448529030733
C           -6.23051482101598       -1.03307257756219       -2.43512540644841
C           -4.39819121449541       -2.13958382596599        0.51416404857266
O           -4.85571851400496       -3.40504750220547        0.44382836355650
C           -4.54835839726448       -4.30505131526296        1.48265729357134
C           -3.58740510856960       -1.62272538672430        1.51216057041293
C           -3.17854986146882       -0.29504742933728        1.48033670479406
C           -2.36943288990230        2.28859393126030       -0.94498769947536
C           -1.38015607721165        1.19776429695473       -1.39595098789543
C           -0.15637079919232        1.12629724661934       -0.55756424260031
N            0.41408632600458        0.01670072647545       -0.10122781852869
C            1.53098087109929        0.01548700625075        0.61315563150562
C            3.70175099426527       -0.78855982663000       -2.64325253829115
C            4.76445863191162       -0.45724386908375       -1.83839119919284
C            5.38252437742346        0.82242565104870       -1.92098275972396
C            6.45538327321969        1.14983030750708       -1.13320861740140
C            6.97736250450716        0.23255951404282       -0.21599168889771
O            8.02001409161920        0.44434225044031        0.59425068824213
C            8.70615975747388        1.67458962426235        0.54901745221780
C            6.37509565687585       -1.06309086081553       -0.10575762347334
O            6.95791766931467       -1.86873011999135        0.80621648295727
C            6.48297707038103       -3.18507312930871        0.95952134343365
C            5.30052331519698       -1.38406320209259       -0.89476824048761
C           -0.21344864039591       -1.26590649455024       -0.37166676190101
C           -4.38819274383310        2.89247595600092        0.48364723413994
C           -5.17654957797469        2.59899029695825        1.75796524430013
C           -4.09185877894065        4.38644582728092        0.39163284934652
H           -4.67240155423200        0.67135491129170       -1.37724526559426
H           -6.78502697519333       -0.20565568744829       -1.98225309282643
H           -6.92334028136685       -1.68317824757347       -2.96620548558011
H           -5.49379754688805       -0.63840449951764       -3.14243893557702
H           -4.91679974584523       -3.94533539756321        2.44784613494779
H           -5.05655566671027       -5.23234304412627        1.22531488203769
H           -3.47101646238305       -4.48886681547504        1.54805331232704
H           -3.27816664279642       -2.24284961063723        2.33792603244415
H           -2.58052926579997        0.07751947210114        2.29722333760433
H           -3.11083552932085        2.41044615987186       -1.73446794019354
H           -1.83414577515990        3.23369856797632       -0.84710597433754
H           -1.89819692206364        0.24180570332727       -1.43870011925375
H           -1.08077125269025        1.45807192260167       -2.41955201710139
H           -1.18241930340761        1.71321728301442        1.34189687210113
H            0.38375440816515        2.04539451358770       -0.38794268335821
H            1.94415248382815       -0.90548885341355        0.96794812168333
H            2.03396627946101        0.93832150958823        0.82201838350519
H            3.31188116651147       -0.09159521365652       -3.36215777068172
H            3.24498765256755       -1.76081281210064       -2.59597246327020
H            4.99670178577947        1.53709846443601       -2.63062959796478
H            6.90544647254313        2.12500170324010       -1.22924063288841
H            8.05650735944708        2.50698280297873        0.83211494423584
H            9.12852055539923        1.86189999844780       -0.44070907910618
H            9.51184244421596        1.58372366789549        1.27308636956825
H            7.11756074577381       -3.63781871359609        1.71862373517439
H            5.44328681901994       -3.19873005477489        1.30126526853938
H            6.56881964141886       -3.75264267866544        0.02823194529234
H            4.84242079524027       -2.35790252597149       -0.83256884821363
H           -0.27472860362066       -1.43357202326477       -1.44660202355847
H           -1.21834094773549       -1.29407259835180        0.05361267898857
H            0.37734757313308       -2.06284174997925        0.07207478878617
H           -5.02016097739097        2.62428747794646       -0.37048984214208
H           -4.59706628164922        2.88915289020168        2.62853879419644
H           -5.42281006945469        1.54247136884019        1.83382326500695
H           -6.10281720076729        3.16731561591540        1.75427152593991
H           -3.44773242532591        4.69378581454144        1.20926340575450
H           -3.62348425310884        4.64984104367866       -0.55276452651636
H           -5.02459777442966        4.93923574454228        0.46661352527295
H           -1.55094343414342        3.23135456286311        3.07902909509147
