25
 energy: -42.948266709302 gnorm: 1.670654654380 xtb: 6.6.1 (8d0f1dd)
C            3.21786164340000        1.13591514650000        0.01837059260000
N            2.27034809790000        0.05199982890000        0.00038279530000
C            2.54167221030000       -1.23971668410000       -0.00834188300000
N            1.39367826450000       -1.95088267900000       -0.00850347120000
C            0.35269634020000       -1.06748964300000        0.00059917290000
C            0.90759959010000        0.20069750900000        0.00663590170000
C            0.07590235260000        1.39864294500000       -0.00284827040000
O            0.48715076820000        2.53168346660000       -0.01725767220000
N           -1.27221500230000        1.06666939660000        0.00165480230000
C           -2.23229981500000        2.16656245330000       -0.00245172030000
C           -1.84872931540000       -0.19179276200000        0.00496135950000
O           -3.03273030250000       -0.36103538130000        0.00858583760000
N           -0.96599111670000       -1.30060631840000        0.00174701630000
C           -1.52030655580000       -2.64076660390000       -0.00239033190000
H            3.71480285180000        1.18589984860000        0.98803183970000
H            3.97079415090000        0.99383197990000       -0.75543416370000
H            2.68321036910000        2.07051068580000       -0.15067179540000
H            3.52469367910000       -1.66989040330000       -0.01523639120000
H           -1.67672429040000        3.10039111610000        0.00486339690000
H           -2.85755792270000        2.10547813320000       -0.89185337000000
H           -2.87119733260000        2.09858159720000        0.87661144540000
H           -1.20589108080000       -3.18768007210000        0.88663215920000
H           -1.21982032550000       -3.17678505510000       -0.90288069810000
H           -2.60531402170000       -2.54255916880000        0.00649952960000
H            1.32879827740000       -2.95942079410000       -0.01653446370000
25
 energy: -45.303551958664 gnorm: 3.152401904055 xtb: 6.6.1 (8d0f1dd)
C            3.24719607017859        1.13654091003494        0.02286849805698
N            2.32992667213724        0.36402908765231       -0.02972347746093
C            2.54323520542077       -1.19182488276996       -0.00895175459021
N            1.39568088612893       -1.94323033957191       -0.00851090222619
C            0.35753159644973       -1.06490520647595        0.00054476766556
C            0.91161894513886        0.22132024612419        0.00579506242935
C            0.07427348253152        1.39753916996350       -0.00262879663184
O            0.48673567310532        2.53294540580536       -0.01731879783674
N           -1.27329638423755        1.06653382493906        0.00171076838695
C           -2.23214356017763        2.16632429804699       -0.00242753413448
C           -1.84783685338308       -0.19218647483310        0.00495761047001
O           -3.03355295833079       -0.36114181347717        0.00858820688111
N           -0.96594207507490       -1.30064068582399        0.00179827440865
C           -1.52026075337128       -2.64055002161917       -0.00240198336069
H            3.71547547026084        1.18702157447607        0.99016857868227
H            3.97203663080195        0.99463177662374       -0.75738673929370
H            2.58388561385531        1.67489818585007       -0.12417848023365
H            3.52269652724673       -1.66829319588965       -0.01514167195160
H           -1.67668823665175        3.10045240174815        0.00488716153007
H           -2.85768973109144        2.10545793443284       -0.89189007627706
H           -2.87133168942916        2.09854949099702        0.87668214668834
H           -1.20581064209883       -3.18771388336923        0.88660613408182
H           -1.21973974319143       -3.17680575241457       -0.90289754548305
H           -2.60532352584039       -2.54262793339578        0.00648206148379
H            1.32975489372244       -2.95808557545377       -0.01645989338474
25
 energy: -48.937922018842 gnorm: 2.915131828223 xtb: 6.6.1 (8d0f1dd)
C            3.30136030175545        1.13757411156421        0.03110811691054
N            2.37592212303798        0.67993414951467       -0.06123596729512
C            2.54351491049870       -1.15184886383359       -0.00939827133491
N            1.39873520565196       -1.93563115197738       -0.00859296246087
C            0.36248937877671       -1.06195131470191        0.00047645182530
C            0.91476485858697        0.24002594865749        0.00502520706925
C            0.07206293913220        1.39659307749974       -0.00243754653645
O            0.48663100853989        2.53394557691866       -0.01733839486840
N           -1.27451026739216        1.06664789416918        0.00177351626304
C           -2.23212135162475        2.16614501825486       -0.00237998614705
C           -1.84718713689187       -0.19251550205389        0.00495282450920
O           -3.03407917764070       -0.36122289623585        0.00858304367792
N           -0.96557660005361       -1.30001984333625        0.00182823989869
C           -1.52006196989314       -2.64029031614343       -0.00243831617441
H            3.71879658278245        1.18872857651823        0.99431546140757
H            3.97606139529971        0.99555906316389       -0.76043379007792
H            2.46890639102748        1.28240267898512       -0.10085479510865
H            3.52057280486306       -1.66646677487247       -0.01516570039859
H           -1.67666643834911        3.10048136509535        0.00494556064834
H           -2.85781118461662        2.10545475639414       -0.89189101897675
H           -2.87145685713945        2.09851523146081        0.87676355528812
H           -1.20573420600252       -3.18776123433631        0.88655274683183
H           -1.21966123497979       -3.17681740546683       -0.90295718815306
H           -2.60530104513501       -2.54265660674220        0.00643664956556
H            1.33078108386616       -2.95658699689623       -0.01646581846319
25
 energy: 1.319678276576 gnorm: 864.740173892850 xtb: 6.6.1 (8d0f1dd)
C            3.45043210888224        1.17659658391110        0.05181405224469
N            2.33740012235198        0.98025497025445       -0.09906556656104
C            2.53885475851999       -1.15453511869894       -0.00942661946594
N            1.40206487594932       -1.93596268414931       -0.00885798549677
C            0.36589380485039       -1.06095053016518        0.00031918777293
C            0.90679238561375        0.24914393058689        0.00552314817795
C            0.06955820703278        1.39412970650744       -0.00223855261221
O            0.48711922243617        2.53585578414243       -0.01737502418498
N           -1.27673396340450        1.06695060260092        0.00184922452338
C           -2.23261583999408        2.16543662150709       -0.00226057874457
C           -1.84614647335847       -0.19342686254780        0.00502050875256
O           -3.03490755717553       -0.36194914264134        0.00869504227296
N           -0.96549123719801       -1.29869847571113        0.00183417681081
C           -1.51918308626860       -2.64021422691500       -0.00238746275461
H            3.72961747783277        1.19382425258996        1.00543090477019
H            3.98841030513415        0.99855116898926       -0.76826963025189
H            2.34467312174419        0.93006079872025       -0.08771003956988
H            3.51979108374577       -1.66535422109055       -0.01546570256488
H           -1.67729391291678        3.10011515020265        0.00504318389498
H           -2.85848019522252        2.10482999560173       -0.89181692742804
H           -2.87206641298526        2.09787496892472        0.87695183968819
H           -1.20494132654825       -3.18809535664218        0.88656865451660
H           -1.21893041115133       -3.17713185931911       -0.90293713788393
H           -2.60473568456725       -2.54320469330719        0.00651252342391
H            1.33135014079706       -2.95586282175116       -0.01657960143042
